Set parameter TokenServer to value "license-1.hpc.nrel.gov"
Set parameter TimeLimit to value 3600
Set parameter MIPGap to value 0.001
Set parameter MIPGap to value 0.001
Set parameter TimeLimit to value 3600
Gurobi Optimizer version 9.5.1 build v9.5.1rc2 (linux64)
Thread count: 36 physical cores, 36 logical processors, using up to 32 threads
Optimize a model with 288636 rows, 1198496 columns and 2444160 nonzeros
Model fingerprint: 0x3aea4a69
Variable types: 1184560 continuous, 13936 integer (13936 binary)
Coefficient statistics:
  Matrix range     [3e-06, 7e+03]
  Objective range  [1e-01, 6e+07]
  Bounds range     [7e+03, 1e+08]
  RHS range        [1e-03, 2e+05]
Presolve removed 271484 rows and 251116 columns
Presolve time: 3.14s
Presolved: 17152 rows, 947380 columns, 1901192 nonzeros
Variable types: 947112 continuous, 268 integer (268 binary)

Deterministic concurrent LP optimizer: primal and dual simplex
Showing first log only...


Root simplex log...

Iteration    Objective       Primal Inf.    Dual Inf.      Time
       0    1.3871738e+10   8.485217e+05   6.998976e+11      7s
  239661    1.7975810e+10   0.000000e+00   1.333032e+03     10s
  240595    1.7975805e+10   0.000000e+00   0.000000e+00     11s
Concurrent spin time: 0.13s

Solved with primal simplex

Root relaxation: objective 1.797580e+10, 240595 iterations, 6.22 seconds (5.40 work units)

    Nodes    |    Current Node    |     Objective Bounds      |     Work
 Expl Unexpl |  Obj  Depth IntInf | Incumbent    BestBd   Gap | It/Node Time

     0     0 1.7976e+10    0    2          - 1.7976e+10      -     -   11s
H    0     0                    1.804265e+10 1.7976e+10  0.37%     -   11s
     0     0 1.7976e+10    0    2 1.8043e+10 1.7976e+10  0.37%     -   15s
     0     0 1.7976e+10    0    2 1.8043e+10 1.7976e+10  0.37%     -   17s
     0     0 1.7976e+10    0    2 1.8043e+10 1.7976e+10  0.37%     -   19s
     0     0 1.7976e+10    0    2 1.8043e+10 1.7976e+10  0.37%     -   22s
     0     2 1.7976e+10    0    2 1.8043e+10 1.7976e+10  0.37%     -   27s
     7    16 1.7976e+10    3    1 1.8043e+10 1.7976e+10  0.37%  56.1   30s
    63    96 1.7976e+10    6    1 1.8043e+10 1.7976e+10  0.37%  56.8   35s
    95   128 1.7976e+10    7    1 1.8043e+10 1.7976e+10  0.37%  65.8   71s
   159   192 1.7976e+10    9    1 1.8043e+10 1.7976e+10  0.37%  68.6   76s
   191   224 1.7976e+10   10    1 1.8043e+10 1.7976e+10  0.37%  72.9   80s
   269   321 1.7976e+10   12    1 1.8043e+10 1.7976e+10  0.37%  78.9   85s
   320   353 1.7976e+10   13    1 1.8043e+10 1.7976e+10  0.37%  81.4  131s
   352   409 1.7976e+10   14    2 1.8043e+10 1.7976e+10  0.37%  87.1  135s
   478   558 1.7976e+10   18    1 1.8043e+10 1.7976e+10  0.37%   103  142s
   557   631 1.7976e+10   21    1 1.8043e+10 1.7976e+10  0.37%   104  147s
   630   717 1.7976e+10   25    1 1.8043e+10 1.7976e+10  0.37%   101  150s
   716   799 1.7977e+10   27    1 1.8043e+10 1.7976e+10  0.37%  96.3  155s
   886   987 1.7977e+10   32    1 1.8043e+10 1.7976e+10  0.37%  93.3  163s
   986  1076 1.7977e+10   36    1 1.8043e+10 1.7976e+10  0.37%  92.0  167s
  1075  1186 1.7977e+10   39    1 1.8043e+10 1.7976e+10  0.37%  94.5  171s
  1185  1279 1.7977e+10   43    1 1.8043e+10 1.7976e+10  0.37%  92.2  176s
  1278  1391 1.7977e+10   46    1 1.8043e+10 1.7976e+10  0.37%  93.7  180s
  1515  1628 1.7977e+10   56    1 1.8043e+10 1.7976e+10  0.37%  93.6  189s
  1627  1797 1.7977e+10   60    2 1.8043e+10 1.7976e+10  0.37%  93.5  195s
  1796  1946 1.7977e+10   67    1 1.8043e+10 1.7976e+10  0.37%  90.5  200s
  1945  2103 1.7977e+10   72    1 1.8043e+10 1.7976e+10  0.37%  89.1  206s
  2102  2258 1.7977e+10   76    1 1.8043e+10 1.7976e+10  0.37%  87.3  212s
  2257  2450 1.7978e+10   83    1 1.8043e+10 1.7976e+10  0.37%  87.5  216s
  2449  2630 1.7978e+10   90    1 1.8043e+10 1.7976e+10  0.37%  84.4  222s
  2629  2826 1.7978e+10   97    2 1.8043e+10 1.7976e+10  0.37%  84.6  229s
  2825  3040 1.7978e+10  105    1 1.8043e+10 1.7976e+10  0.37%  85.3  235s
  3040  3247 1.7978e+10  114    1 1.8043e+10 1.7976e+10  0.37%  85.9  240s
  3247  3498 1.7979e+10  123    1 1.8043e+10 1.7976e+10  0.37%  87.7  246s
  3522  3756 1.7979e+10  134    2 1.8043e+10 1.7976e+10  0.37%  85.4  252s
  3823  4010 1.7979e+10  146    1 1.8043e+10 1.7976e+10  0.37%  82.9  259s
  4155  4231 1.7980e+10  157    1 1.8043e+10 1.7976e+10  0.37%  79.2  264s
  4426  4231 1.8037e+10   83    3 1.8043e+10 1.7976e+10  0.37%  75.8  265s
  4490  4483 1.7980e+10  166    1 1.8043e+10 1.7976e+10  0.37%  75.5  271s
  4894  4758 1.7980e+10  178    1 1.8043e+10 1.7976e+10  0.37%  71.3  278s
  5299  5072 1.7982e+10  187    1 1.8043e+10 1.7976e+10  0.37%  67.9  283s
  5750  5415 1.8019e+10  199    1 1.8043e+10 1.7976e+10  0.37%  73.1  288s
  6123  5796 1.8021e+10  208    1 1.8043e+10 1.7976e+10  0.37%  79.9  294s
  6286  5796 1.7986e+10   44    2 1.8043e+10 1.7976e+10  0.37%  84.3  295s
  6510  6097 1.8022e+10  218    2 1.8043e+10 1.7976e+10  0.37%  87.1  311s
  6829  6498     cutoff  224      1.8043e+10 1.7976e+10  0.37%  96.7  317s
  7244  6801 1.8024e+10  233    3 1.8043e+10 1.7976e+10  0.37%   104  325s
  7557  6831 1.8025e+10  242    1 1.8043e+10 1.7976e+10  0.37%   114  381s
  7590  7016 1.8025e+10  243    1 1.8043e+10 1.7976e+10  0.37%   116  390s
  7805  7208 1.8034e+10  251    3 1.8043e+10 1.7976e+10  0.37%   128  403s
  8117  7642     cutoff  260      1.8043e+10 1.7976e+10  0.37%   135  413s
  8638  8135 1.7976e+10    9    2 1.8043e+10 1.7976e+10  0.37%   137  423s
  9197  8699 1.7977e+10   26    2 1.8043e+10 1.7976e+10  0.37%   135  433s
  9852  9346 1.7977e+10   59    1 1.8043e+10 1.7976e+10  0.37%   133  442s
 10656  9989 1.7978e+10   92    1 1.8043e+10 1.7976e+10  0.37%   128  451s
 11404  9990 1.7995e+10  132    2 1.8043e+10 1.7976e+10  0.37%   123  523s
 11406  9991 1.8029e+10   83    2 1.8043e+10 1.7976e+10  0.37%   123  548s
 11407  9992 1.7982e+10   14    2 1.8043e+10 1.7976e+10  0.37%   123  551s
 11408  9993 1.7994e+10  104    2 1.8043e+10 1.7976e+10  0.37%   123  568s
 11409  9993 1.7992e+10   56    2 1.8043e+10 1.7976e+10  0.37%   123  589s
 11410  9994 1.7985e+10   78    2 1.8043e+10 1.7976e+10  0.37%   123  609s
 11411  9995 1.7977e+10   30    2 1.8043e+10 1.7976e+10  0.37%   123  627s
 11412  9995 1.7988e+10   86    2 1.8043e+10 1.7976e+10  0.37%   123  642s
 11414  9997 1.8026e+10  248    2 1.8043e+10 1.7976e+10  0.37%   123  649s
 11415 10000 1.7976e+10   14    1 1.8043e+10 1.7976e+10  0.37%   140  653s
 11429 10024 1.7976e+10   17    1 1.8043e+10 1.7976e+10  0.37%   140  656s
 11477 10072 1.7976e+10   19    1 1.8043e+10 1.7976e+10  0.37%   140  662s
 11509 10093 1.7979e+10   19    1 1.8043e+10 1.7976e+10  0.37%   140  671s
 11573 10136 1.7979e+10   20    1 1.8043e+10 1.7976e+10  0.37%   140  676s
 11654 10190 1.7976e+10   22    1 1.8043e+10 1.7976e+10  0.37%   139  867s
 11686 10211 1.7979e+10   22    1 1.8043e+10 1.7976e+10  0.37%   139 1017s
 11718 10252 1.7976e+10   23    1 1.8043e+10 1.7976e+10  0.37%   139 1021s
 11770 10287 1.7976e+10   24    1 1.8043e+10 1.7976e+10  0.37%   139 1025s
 11906 10427 1.7976e+10   27    2 1.8043e+10 1.7976e+10  0.37%   138 1033s
 12007 10498 1.7976e+10   29    1 1.8043e+10 1.7976e+10  0.37%   138 1036s
 12112 10572 1.7976e+10   31    1 1.8043e+10 1.7976e+10  0.37%   137 1040s
 12319 10696 1.7979e+10   35    1 1.8043e+10 1.7976e+10  0.37%   136 1048s
 12414 10763 1.7976e+10   38    1 1.8043e+10 1.7976e+10  0.37%   136 1052s
 12513 10762 1.7981e+10   40    1 1.8043e+10 1.7976e+10  0.37%   135 1253s
 12545 10845 1.7977e+10   41    1 1.8043e+10 1.7976e+10  0.37%   135 1257s
 12638 10944 1.7977e+10   44    1 1.8043e+10 1.7976e+10  0.37%   135 1261s
 12768 11040 1.7983e+10   47    1 1.8043e+10 1.7976e+10  0.37%   134 1266s
 12908 11133 1.7977e+10   51    2 1.8043e+10 1.7976e+10  0.37%   134 1271s
 13047 11280 1.7983e+10   54    1 1.8043e+10 1.7976e+10  0.37%   133 1276s
 13241 11434 1.7977e+10   60    1 1.8043e+10 1.7976e+10  0.37%   132 1281s
 13459 11585 1.7984e+10   65    1 1.8043e+10 1.7976e+10  0.37%   131 1288s
 13683 11718 1.7977e+10   72    2 1.8043e+10 1.7976e+10  0.37%   130 1295s
 13891 11889 1.7977e+10   78    1 1.8043e+10 1.7976e+10  0.37%   129 1301s
 14131 12038 1.7977e+10   85    1 1.8043e+10 1.7976e+10  0.37%   128 1307s
 14364 12230 1.7985e+10   91    1 1.8043e+10 1.7976e+10  0.37%   128 1313s
 14653 12379 1.7978e+10   99    1 1.8043e+10 1.7976e+10  0.37%   126 1319s
 14945 12529 1.7978e+10  107    1 1.8043e+10 1.7976e+10  0.37%   125 1325s
 15241 12717 1.7978e+10  114    1 1.8043e+10 1.7976e+10  0.37%   123 1332s
 15599 13002 1.7993e+10  123    1 1.8043e+10 1.7976e+10  0.37%   122 1339s
 16058 13309 1.7978e+10  133    1 1.8043e+10 1.7976e+10  0.37%   119 1345s
 16543 13608 1.7995e+10  144    1 1.8043e+10 1.7976e+10  0.37%   117 1352s
 17018 13861 1.7995e+10  156    1 1.8043e+10 1.7976e+10  0.37%   115 1358s
 17465 14093 1.7980e+10  167    1 1.8043e+10 1.7976e+10  0.37%   115 1364s
 17882 14341 1.7980e+10  180    1 1.8043e+10 1.7976e+10  0.37%   116 1371s
 18295 14525 1.7980e+10  191    1 1.8043e+10 1.7976e+10  0.37%   117 1378s
 18651 14637 infeasible  201      1.8043e+10 1.7976e+10  0.37%   119 1385s
 18958 14729 infeasible  210      1.8043e+10 1.7976e+10  0.37%   122 1393s
 19231 14831 infeasible  217      1.8043e+10 1.7976e+10  0.37%   125 1400s
 19530 14889 1.8021e+10  224    2 1.8043e+10 1.7976e+10  0.37%   127 1409s
 19825 14989     cutoff  231      1.8043e+10 1.7976e+10  0.37%   132 1417s
 20142 15100 1.8024e+10  239    1 1.8043e+10 1.7976e+10  0.37%   135 1425s
 20626 15502     cutoff  247      1.8043e+10 1.7976e+10  0.37%   137 1456s
 21269 15767     cutoff  255      1.8043e+10 1.7976e+10  0.37%   135 1466s
 21875 16230     cutoff  264      1.8043e+10 1.7976e+10  0.37%   135 1475s
 22704 16742 1.7976e+10   20    2 1.8043e+10 1.7976e+10  0.37%   132 1484s
 23565 17243 1.7980e+10   27    1 1.8043e+10 1.7976e+10  0.37%   129 1492s
 24439 17723 1.7981e+10   31    3 1.8043e+10 1.7976e+10  0.37%   126 1502s
 25322 17992 1.7981e+10   36    1 1.8043e+10 1.7976e+10  0.37%   124 1514s
 25941 18305 1.7982e+10   41    2 1.8043e+10 1.7976e+10  0.37%   127 1526s
 26482 18676 1.7982e+10   46    1 1.8043e+10 1.7976e+10  0.37%   130 1538s
 27050 18993 1.7983e+10   49    1 1.8043e+10 1.7976e+10  0.37%   135 1550s
 27754 19130 1.7984e+10   53    1 1.8043e+10 1.7976e+10  0.37%   137 1563s
 28256 19394 1.7985e+10   59    3 1.8043e+10 1.7976e+10  0.37%   140 1576s
 28768 19704 1.7985e+10   66    1 1.8043e+10 1.7976e+10  0.37%   141 1588s
 29312 20496 1.7986e+10   71    1 1.8043e+10 1.7976e+10  0.37%   142 1615s
 30309 20897 1.7999e+10   90    1 1.8043e+10 1.7976e+10  0.37%   141 1628s
 31148 21253 1.8010e+10  123    1 1.8043e+10 1.7976e+10  0.37%   140 1640s
 32052 21556 1.8010e+10  156    1 1.8043e+10 1.7976e+10  0.37%   139 1651s
 32957 21911 1.8013e+10  189    1 1.8043e+10 1.7976e+10  0.37%   137 1663s
 33719 22311 1.7977e+10   48    1 1.8043e+10 1.7976e+10  0.37%   136 1676s
 34434 22630 1.7978e+10   81    2 1.8043e+10 1.7976e+10  0.37%   136 1689s
 34994 23083 1.7978e+10  114    1 1.8043e+10 1.7976e+10  0.37%   137 1703s
 35737 23437 1.7979e+10  147    1 1.8043e+10 1.7976e+10  0.37%   138 1716s
 36490 23854 1.7980e+10  180    2 1.8043e+10 1.7976e+10  0.37%   138 1728s
 37338 24078 1.8014e+10  208    1 1.8043e+10 1.7976e+10  0.37%   139 1769s
 37988 24630 1.8017e+10  224    1 1.8043e+10 1.7976e+10  0.37%   140 1783s
 38876 25120 1.8020e+10  251    1 1.8043e+10 1.7976e+10  0.37%   139 1796s
 39705 25454     cutoff  270      1.8043e+10 1.7976e+10  0.37%   139 1809s
 40519 25800 1.7981e+10   32    3 1.8043e+10 1.7976e+10  0.37%   138 1824s
 41250 26234 1.7982e+10   41    1 1.8043e+10 1.7976e+10  0.37%   139 1839s
 42007 26830 1.7983e+10   48    1 1.8043e+10 1.7976e+10  0.37%   140 1853s
 42813 27471 1.7984e+10   53    2 1.8043e+10 1.7976e+10  0.37%   141 1867s
 43597 28141 1.7985e+10   60    4 1.8043e+10 1.7976e+10  0.37%   141 1880s
 44436 28778 1.7985e+10   65    2 1.8043e+10 1.7976e+10  0.37%   141 1894s
 45225 29583 1.7986e+10   71    1 1.8043e+10 1.7976e+10  0.37%   141 1909s
 46112 30265 1.7995e+10   79    3 1.8043e+10 1.7976e+10  0.37%   141 1921s
 47018 30843 1.7996e+10   84    1 1.8043e+10 1.7976e+10  0.37%   141 1935s
 47804 31559 1.8009e+10  115    1 1.8043e+10 1.7976e+10  0.37%   141 1948s
 48625 32221 1.8010e+10  148    1 1.8043e+10 1.7976e+10  0.37%   141 1961s
 49379 32836 1.8012e+10  181    1 1.8043e+10 1.7976e+10  0.37%   142 1973s
 50169 33504 1.7977e+10   41    1 1.8043e+10 1.7976e+10  0.37%   142 1987s
 50946 34196 1.7977e+10   74    1 1.8043e+10 1.7976e+10  0.37%   141 2001s
 51705 34924 1.7978e+10  107    1 1.8043e+10 1.7976e+10  0.37%   141 2016s
 52485 35639 1.7979e+10  140    1 1.8043e+10 1.7976e+10  0.37%   141 2028s
 53227 36355 1.7980e+10  173    1 1.8043e+10 1.7976e+10  0.37%   142 2046s
 54009 37150 1.7982e+10  206    1 1.8043e+10 1.7976e+10  0.37%   143 2059s
 54879 38005 1.8024e+10  239    2 1.8043e+10 1.7976e+10  0.37%   144 2070s
 55791 38848 1.8035e+10  265    3 1.8043e+10 1.7977e+10  0.37%   144 2081s
 56739 39629 1.7977e+10   37    1 1.8043e+10 1.7977e+10  0.37%   143 2091s
 57669 40464 1.7977e+10   70    1 1.8043e+10 1.7977e+10  0.37%   142 2103s
 58564 40465 1.7988e+10  106    2 1.8043e+10 1.7977e+10  0.37%   141 2206s
 58566 40466 1.8009e+10  195    2 1.8043e+10 1.7977e+10  0.37%   141 2228s
 58567 40467 1.8038e+10  157    1 1.8043e+10 1.7977e+10  0.37%   141 2231s
 58568 40468 1.8025e+10   78    1 1.8043e+10 1.7977e+10  0.37%   141 2244s
 58569 40468 1.7993e+10  131    1 1.8043e+10 1.7977e+10  0.37%   141 2261s
 58570 40469 1.7984e+10   76    1 1.8043e+10 1.7977e+10  0.37%   141 2267s
 58573 40476 1.7977e+10   28    1 1.8043e+10 1.7977e+10  0.37%   145 2270s
 58633 40544 1.7977e+10   32    1 1.8043e+10 1.7977e+10  0.37%   145 2276s
 58665 40565 1.7979e+10   32    1 1.8043e+10 1.7977e+10  0.37%   145 2284s
 58697 40587 1.7977e+10   33    1 1.8043e+10 1.7977e+10  0.37%   145 2286s
 58729 40608 1.7979e+10   33    1 1.8043e+10 1.7977e+10  0.37%   145 2609s
 58761 40641 1.7977e+10   34    1 1.8043e+10 1.7977e+10  0.37%   145 2612s
 58853 40691 1.7977e+10   36    1 1.8043e+10 1.7977e+10  0.37%   145 2759s
 58885 40732 1.7979e+10   36    1 1.8043e+10 1.7977e+10  0.37%   145 2763s
 58937 40777 1.7979e+10   37    1 1.8043e+10 1.7977e+10  0.37%   145 2766s
 59084 40920 1.7979e+10   40    1 1.8043e+10 1.7977e+10  0.37%   145 2771s
 59285 41053 1.7979e+10   44    1 1.8043e+10 1.7977e+10  0.37%   145 2777s
 59391 41133 1.7977e+10   47    1 1.8043e+10 1.7977e+10  0.37%   144 2780s
 59623 41289 1.7977e+10   53    1 1.8043e+10 1.7977e+10  0.37%   144 2786s
 59856 41436 1.7977e+10   58    1 1.8043e+10 1.7977e+10  0.37%   144 2793s
 59965 41540 1.7977e+10   61    1 1.8043e+10 1.7977e+10  0.37%   144 2809s
 60105 41652 1.7977e+10   65    1 1.8043e+10 1.7977e+10  0.37%   144 2814s
 60264 41798 1.7977e+10   70    1 1.8043e+10 1.7977e+10  0.37%   144 2818s
 60465 41936 1.7983e+10   75    1 1.8043e+10 1.7977e+10  0.37%   143 2823s
 60674 42067 1.7977e+10   81    1 1.8043e+10 1.7977e+10  0.37%   143 2828s
 60882 42232 1.7984e+10   87    1 1.8043e+10 1.7977e+10  0.37%   143 2832s
 61131 42383 1.7977e+10   95    1 1.8043e+10 1.7977e+10  0.37%   143 2837s
 61398 42474 1.7985e+10  101    1 1.8043e+10 1.7977e+10  0.37%   142 2843s
 61617 42634 1.7978e+10  107    1 1.8043e+10 1.7977e+10  0.37%   142 2848s
 61907 42831 1.7978e+10  114    1 1.8043e+10 1.7977e+10  0.37%   141 2853s
 62248 43014 1.7978e+10  123    2 1.8043e+10 1.7977e+10  0.37%   141 2858s
 62575 43259 1.7978e+10  132    1 1.8043e+10 1.7977e+10  0.37%   140 2863s
 62945 43512 1.7993e+10  140    1 1.8043e+10 1.7977e+10  0.37%   140 2869s
 63331 43796 1.7993e+10  147    1 1.8043e+10 1.7977e+10  0.37%   139 2875s
 63746 44130 1.7979e+10  156    1 1.8043e+10 1.7977e+10  0.37%   139 2881s
 64234 44386 1.7979e+10  168    2 1.8043e+10 1.7977e+10  0.37%   138 2886s
 64715 44603 1.8001e+10  179    1 1.8043e+10 1.7977e+10  0.37%   137 2891s
 65167 44794 1.8003e+10  191    1 1.8043e+10 1.7977e+10  0.37%   137 2896s
 65589 44902 1.7980e+10  202    2 1.8043e+10 1.7977e+10  0.37%   137 2903s
 65936 44930 1.7982e+10  213    1 1.8043e+10 1.7977e+10  0.37%   138 2908s
 66217 45009 infeasible  220      1.8043e+10 1.7977e+10  0.37%   139 2914s
 66499 45171 infeasible  227      1.8043e+10 1.7977e+10  0.37%   139 2921s
 66829 45209 infeasible  234      1.8043e+10 1.7977e+10  0.37%   140 2942s
 67089 45321 1.8021e+10  241    1 1.8043e+10 1.7977e+10  0.37%   141 2949s
 67398 45380     cutoff  248      1.8043e+10 1.7977e+10  0.37%   141 2956s
 67661 45565     cutoff  254      1.8043e+10 1.7977e+10  0.37%   143 2964s
 68115 45891     cutoff  263      1.8043e+10 1.7977e+10  0.37%   143 2972s
 68744 46194 1.8026e+10  273    1 1.8043e+10 1.7977e+10  0.37%   143 2979s
 69358 46594     cutoff  281      1.8043e+10 1.7977e+10  0.37%   143 2989s
 70074 47007 1.7977e+10   34    2 1.8043e+10 1.7977e+10  0.37%   142 2996s
 70886 47282 1.7980e+10   41    1 1.8043e+10 1.7977e+10  0.37%   141 3004s
 71564 47602 1.7981e+10   49    1 1.8043e+10 1.7977e+10  0.37%   141 3012s
 72230 47782 1.7982e+10   57    2 1.8043e+10 1.7977e+10  0.37%   141 3020s
 72921 48030 1.7983e+10   62    1 1.8043e+10 1.7977e+10  0.37%   141 3030s
 73714 48221 1.7984e+10   66    1 1.8043e+10 1.7977e+10  0.37%   141 3061s
 74282 48600 1.7985e+10   74    3 1.8043e+10 1.7977e+10  0.37%   141 3070s
 75028 49193 1.7985e+10   78    2 1.8043e+10 1.7977e+10  0.37%   141 3079s
 75942 49714 1.7986e+10   84    1 1.8043e+10 1.7977e+10  0.37%   140 3088s
 76882 50285 1.7995e+10   92    2 1.8043e+10 1.7977e+10  0.37%   139 3097s
 77858 50845 1.8009e+10  106    1 1.8043e+10 1.7977e+10  0.37%   138 3105s
 78842 51334 1.8010e+10  139    1 1.8043e+10 1.7977e+10  0.37%   137 3114s
 79715 51773 1.8010e+10  172    1 1.8043e+10 1.7977e+10  0.37%   138 3125s
 80500 52124 1.8013e+10  205    1 1.8043e+10 1.7977e+10  0.37%   138 3137s
 81182 52533 1.7980e+10   44    2 1.8043e+10 1.7977e+10  0.37%   140 3148s
 81917 52914 1.7995e+10   51    2 1.8043e+10 1.7977e+10  0.37%   141 3159s
 82595 52688 1.7998e+10   85    2 1.8043e+10 1.7977e+10  0.37%   142 3160s
 82649 53388 1.8013e+10   56    2 1.8043e+10 1.7977e+10  0.37%   142 3171s
 83413 53844 1.8032e+10   62    1 1.8043e+10 1.7977e+10  0.37%   142 3181s
 84258 54163 1.8042e+10   67    2 1.8043e+10 1.7977e+10  0.37%   142 3192s
 85215 54444 1.7979e+10   46    1 1.8043e+10 1.7977e+10  0.37%   141 3202s
 86130 54831 1.7987e+10   52    1 1.8043e+10 1.7977e+10  0.37%   141 3212s
 86966 55322 1.8005e+10   57    3 1.8043e+10 1.7977e+10  0.37%   140 3223s
 87813 55903 1.8014e+10   63    2 1.8043e+10 1.7977e+10  0.37%   140 3245s
 88826 56247     cutoff   79      1.8043e+10 1.7977e+10  0.37%   141 3258s
 89810 56633 1.7986e+10   66    1 1.8043e+10 1.7977e+10  0.37%   141 3270s
 90691 57023 1.8001e+10   96    1 1.8043e+10 1.7977e+10  0.37%   141 3280s
 91586 57374 1.8017e+10  116    2 1.8043e+10 1.7977e+10  0.37%   141 3292s
 92311 57847 1.8021e+10  131    2 1.8043e+10 1.7977e+10  0.37%   141 3304s
 93086 58247 1.8041e+10  164    1 1.8043e+10 1.7977e+10  0.37%   142 3317s
 93953 58597 1.7977e+10   65    1 1.8043e+10 1.7977e+10  0.37%   142 3327s
 94789 59030 1.7977e+10   98    1 1.8043e+10 1.7977e+10  0.37%   142 3338s
 95611 59459 1.7979e+10  131    2 1.8043e+10 1.7977e+10  0.37%   142 3349s
 96349 59971 1.7979e+10  164    1 1.8043e+10 1.7977e+10  0.37%   143 3360s
 97121 60337 1.7980e+10  197    1 1.8043e+10 1.7977e+10  0.37%   143 3372s
 97930 60715 1.8021e+10  229    2 1.8043e+10 1.7977e+10  0.37%   144 3384s
 98696 61056 1.8024e+10  253    1 1.8043e+10 1.7977e+10  0.37%   144 3399s
 99427 61436 1.8027e+10  277    1 1.8043e+10 1.7977e+10  0.37%   144 3413s
 100180 61800 1.7977e+10   62    1 1.8043e+10 1.7977e+10  0.37%   145 3428s
 100872 62104 1.7977e+10   95    1 1.8043e+10 1.7977e+10  0.37%   145 3442s
 101611 62428 1.7978e+10  128    2 1.8043e+10 1.7977e+10  0.37%   145 3455s
 102346 62787 1.7979e+10  161    1 1.8043e+10 1.7977e+10  0.37%   146 3468s
 103096 63138 1.7980e+10  194    1 1.8043e+10 1.7977e+10  0.37%   146 3481s
 103803 63522 1.8019e+10  226    1 1.8043e+10 1.7977e+10  0.37%   146 3493s
 104579 64042 1.8024e+10  252    2 1.8043e+10 1.7977e+10  0.37%   146 3508s
 105433 64448 1.8035e+10  279    2 1.8043e+10 1.7977e+10  0.37%   146 3522s
 106254 64830 1.7977e+10   59    1 1.8043e+10 1.7977e+10  0.37%   146 3534s
 107102 65240 1.7977e+10   92    1 1.8043e+10 1.7977e+10  0.37%   147 3548s
 107993 65554 1.7978e+10  125    2 1.8043e+10 1.7977e+10  0.37%   147 3559s
 108843 65928 1.7979e+10  158    1 1.8043e+10 1.7977e+10  0.37%   147 3572s
 109679 66224 1.7980e+10  191    1 1.8043e+10 1.7977e+10  0.37%   147 3584s
 110493 66552 1.8010e+10  219    1 1.8043e+10 1.7977e+10  0.37%   147 3596s
 111308 66576 1.8018e+10  248    1 1.8043e+10 1.7977e+10  0.37%   147 3600s

Cutting planes:
  Implied bound: 1
  MIR: 6
  Flow cover: 5

Explored 111659 nodes (16659308 simplex iterations) in 3600.41 seconds (2567.87 work units)
Thread count was 32 (of 36 available processors)

Solution count 1: 1.80426e+10 

Time limit reached
Best objective 1.804264662731e+10, best bound 1.797664080305e+10, gap 0.3658%

User-callback calls 831371, time in user-callback 0.33 sec
Set parameter TokenServer to value "license-1.hpc.nrel.gov"
Set parameter TimeLimit to value 3600
Set parameter MIPGap to value 0.001
Set parameter MIPGap to value 0.001
Set parameter TimeLimit to value 3600
Gurobi Optimizer version 9.5.1 build v9.5.1rc2 (linux64)
Thread count: 36 physical cores, 36 logical processors, using up to 32 threads
Optimize a model with 288636 rows, 1198496 columns and 2444160 nonzeros
Model fingerprint: 0x2caffab1
Coefficient statistics:
  Matrix range     [3e-06, 7e+03]
  Objective range  [1e-01, 6e+07]
  Bounds range     [1e+00, 1e+08]
  RHS range        [1e-03, 2e+05]

Concurrent LP optimizer: primal simplex, dual simplex, and barrier
Showing barrier log only...

Presolve removed 283046 rows and 912161 columns
Presolve time: 1.19s
Presolved: 5590 rows, 286335 columns, 570564 nonzeros

Ordering time: 0.05s

Barrier statistics:
 AA' NZ     : 2.842e+05
 Factor NZ  : 5.821e+05 (roughly 120 MB of memory)
 Factor Ops : 6.366e+07 (less than 1 second per iteration)
 Threads    : 30

                  Objective                Residual
Iter       Primal          Dual         Primal    Dual     Compl     Time
   0   2.03248514e+13 -1.56566579e+12  9.36e+07 1.59e+02  5.66e+08     1s
   1   5.50518873e+12 -4.80751750e+11  2.53e+07 1.36e-12  1.54e+08     1s
   2   1.25359686e+12 -1.79562193e+10  5.69e+06 7.05e-12  3.48e+07     2s
   3   2.12415150e+10  2.13928807e+09  1.28e+04 1.41e-11  1.34e+05     2s
   4   1.85585267e+10  1.36320418e+10  5.62e+02 2.73e-12  1.96e+04     2s
   5   1.84179527e+10  1.55800083e+10  9.80e+01 1.36e-12  1.02e+04     2s
   6   1.83420936e+10  1.61830494e+10  1.91e+01 1.14e-12  7.51e+03     2s
   7   1.83049293e+10  1.66054447e+10  9.20e+00 9.09e-13  5.89e+03     2s
   8   1.82456906e+10  1.66845669e+10  1.57e+00 1.02e-12  5.38e+03     2s
   9   1.82333141e+10  1.72838641e+10  1.20e+00 5.66e-12  3.28e+03     2s
  10   1.81971586e+10  1.75757172e+10  5.72e-01 6.85e-12  2.15e+03     2s
  11   1.81569937e+10  1.77994349e+10  2.60e-01 1.10e-11  1.23e+03     2s
  12   1.81200069e+10  1.78989675e+10  1.40e-01 1.39e-11  7.63e+02     2s
  13   1.80912677e+10  1.79586421e+10  6.76e-02 1.45e-11  4.57e+02     2s
  14   1.80834622e+10  1.79988643e+10  5.17e-02 1.95e-11  2.92e+02     2s
  15   1.80732888e+10  1.80102080e+10  3.61e-02 2.34e-11  2.18e+02     2s
  16   1.80619296e+10  1.80205733e+10  2.03e-02 2.09e-11  1.43e+02     2s
  17   1.80557004e+10  1.80300366e+10  1.24e-02 3.04e-11  8.84e+01     2s
  18   1.80517188e+10  1.80341957e+10  7.99e-03 2.58e-11  6.04e+01     2s
  19   1.80487459e+10  1.80369804e+10  4.91e-03 3.58e-11  4.05e+01     2s
  20   1.80470921e+10  1.80373525e+10  3.36e-03 3.19e-11  3.35e+01     2s

Barrier performed 20 iterations in 2.15 seconds (1.62 work units)
Barrier solve interrupted - model solved by another algorithm


Solved with primal simplex
Solved in 53488 iterations and 2.15 seconds (1.41 work units)
Optimal objective  1.804264663e+10

User-callback calls 284, time in user-callback 0.00 sec
[ Info:  started timer at: 2023-03-22T17:36:30.578
[ Info: Reading /projects/pvsoiling/RELOG/Recycling_40209_5/input/solver/case.json...
[ Info:          134 collection centers
[ Info:          268 candidate plant locations
[ Info: Building graph...
[ Info:               26 time periods
[ Info:              268 process nodes
[ Info:             4288 shipping nodes (plant)
[ Info:              134 shipping nodes (collection)
[ Info:            40200 arcs
[ Info: Building optimization model...
[ Info: Optimizing MILP...
[ Info: Re-optimizing with integer variables fixed...
[ Info: Extracting solution...
[ Info:       3647.758937291s: 1 hour, 47 seconds, 758 milliseconds
