Set parameter TokenServer to value "license-1.hpc.nrel.gov"
Set parameter TimeLimit to value 3600
Set parameter MIPGap to value 0.001
Set parameter MIPGap to value 0.001
Set parameter TimeLimit to value 3600
Gurobi Optimizer version 9.5.1 build v9.5.1rc2 (linux64)
Thread count: 36 physical cores, 36 logical processors, using up to 32 threads
Optimize a model with 332260 rows, 1381848 columns and 2818080 nonzeros
Model fingerprint: 0x3997c475
Variable types: 1365780 continuous, 16068 integer (16068 binary)
Coefficient statistics:
  Matrix range     [3e-06, 7e+03]
  Objective range  [2e-01, 2e+07]
  Bounds range     [7e+03, 1e+08]
  RHS range        [1e-03, 2e+05]
Presolve removed 313017 rows and 289533 columns
Presolve time: 3.77s
Presolved: 19243 rows, 1092315 columns, 2192046 nonzeros
Variable types: 1092006 continuous, 309 integer (309 binary)

Deterministic concurrent LP optimizer: primal and dual simplex
Showing first log only...


Root simplex log...

Iteration    Objective       Primal Inf.    Dual Inf.      Time
       0    3.7385130e+09   8.471060e+05   8.075789e+11      8s
  116075    3.8978179e+09   0.000000e+00   1.529866e+09     10s
  262454    3.7629023e+09   0.000000e+00   6.366675e+02     15s
  262809    3.7629017e+09   0.000000e+00   0.000000e+00     15s
Concurrent spin time: 0.64s

Solved with primal simplex

Root relaxation: objective 3.762902e+09, 262809 iterations, 10.37 seconds (9.50 work units)

    Nodes    |    Current Node    |     Objective Bounds      |     Work
 Expl Unexpl |  Obj  Depth IntInf | Incumbent    BestBd   Gap | It/Node Time

     0     0 3.7629e+09    0   18          - 3.7629e+09      -     -   16s
H    0     0                    3.918869e+09 3.7629e+09  3.98%     -   18s
     0     0 3.7631e+09    0   13 3.9189e+09 3.7631e+09  3.98%     -   25s
H    0     0                    3.908266e+09 3.7631e+09  3.71%     -   26s
H    0     0                    3.906981e+09 3.7631e+09  3.68%     -   27s
     0     0 3.7631e+09    0   14 3.9070e+09 3.7631e+09  3.68%     -   28s
     0     0 3.7631e+09    0   14 3.9070e+09 3.7631e+09  3.68%     -   29s
     0     0 3.7632e+09    0   16 3.9070e+09 3.7632e+09  3.68%     -   33s
H    0     0                    3.873873e+09 3.7632e+09  2.86%     -   33s
H    0     0                    3.775459e+09 3.7632e+09  0.33%     -   34s
     0     0 3.7632e+09    0   15 3.7755e+09 3.7632e+09  0.33%     -   36s
     0     0 3.7632e+09    0   15 3.7755e+09 3.7632e+09  0.33%     -   36s
     0     0 3.7632e+09    0   11 3.7755e+09 3.7632e+09  0.33%     -   38s
     0     0 3.7632e+09    0   10 3.7755e+09 3.7632e+09  0.33%     -   41s
     0     0 3.7632e+09    0    7 3.7755e+09 3.7632e+09  0.33%     -   42s
     0     0 3.7632e+09    0   13 3.7755e+09 3.7632e+09  0.33%     -   44s
     0     0 3.7632e+09    0    8 3.7755e+09 3.7632e+09  0.32%     -   46s
     0     0 3.7632e+09    0    8 3.7755e+09 3.7632e+09  0.32%     -   46s
     0     0 3.7632e+09    0    9 3.7755e+09 3.7632e+09  0.32%     -   48s
     0     0 3.7632e+09    0    9 3.7755e+09 3.7632e+09  0.32%     -   50s
     0     0 3.7632e+09    0    6 3.7755e+09 3.7632e+09  0.32%     -   51s
     0     0 3.7632e+09    0    6 3.7755e+09 3.7632e+09  0.32%     -   53s
     0     0 3.7632e+09    0    8 3.7755e+09 3.7632e+09  0.32%     -   55s
     0     0 3.7632e+09    0    7 3.7755e+09 3.7632e+09  0.32%     -   57s
     0     0 3.7632e+09    0    8 3.7755e+09 3.7632e+09  0.32%     -   58s
     0     0 3.7632e+09    0    6 3.7755e+09 3.7632e+09  0.32%     -   60s
     0     0 3.7632e+09    0   10 3.7755e+09 3.7632e+09  0.32%     -   61s
     0     0 3.7632e+09    0   10 3.7755e+09 3.7632e+09  0.32%     -   67s
     0     2 3.7632e+09    0   10 3.7755e+09 3.7632e+09  0.32%     -   75s
     3     8 3.7632e+09    2   12 3.7755e+09 3.7632e+09  0.32%   469   80s
     7    16 3.7633e+09    3   14 3.7755e+09 3.7632e+09  0.32%   536   85s
    15    32 3.7633e+09    4    8 3.7755e+09 3.7632e+09  0.32%   642   93s
    31    64 3.7634e+09    5    6 3.7755e+09 3.7633e+09  0.32%   717  103s
H   39    64                    3.775456e+09 3.7633e+09  0.32%   668  103s
    63    96 3.7634e+09    6    7 3.7755e+09 3.7633e+09  0.32%   784  113s
H   95   128                    3.775453e+09 3.7633e+09  0.32%   742  363s
   127   160 3.7634e+09    8    8 3.7755e+09 3.7633e+09  0.32%   688  373s
   159   192 3.7634e+09    9    7 3.7755e+09 3.7633e+09  0.32%   634  377s
   191   231 3.7634e+09   10    8 3.7755e+09 3.7633e+09  0.32%   587  389s
   230   406 3.7634e+09   12    7 3.7755e+09 3.7633e+09  0.32%   564  402s
   405   993 3.7634e+09   19    7 3.7755e+09 3.7633e+09  0.32%   445  433s
   992  1774 3.7635e+09   42    6 3.7755e+09 3.7633e+09  0.32%   291  481s
  1773  2212 3.7637e+09   71    4 3.7755e+09 3.7633e+09  0.32%   246  543s
  2211  3082 3.7637e+09   88    3 3.7755e+09 3.7633e+09  0.32%   223  591s
  3085  3934 3.7639e+09  117    2 3.7755e+09 3.7633e+09  0.32%   221  628s
  3947  4708 3.7641e+09  146    2 3.7755e+09 3.7633e+09  0.32%   208  652s
  4865  5453 3.7642e+09  175    6 3.7755e+09 3.7633e+09  0.32%   182  671s
  5793  6119 3.7645e+09  204    1 3.7755e+09 3.7633e+09  0.32%   160  691s
  6694  6790 3.7716e+09  229    3 3.7755e+09 3.7633e+09  0.32%   153  714s
  7528  7345 3.7721e+09  256    2 3.7755e+09 3.7633e+09  0.32%   154  737s
  8335  7865 3.7745e+09  276    1 3.7755e+09 3.7633e+09  0.32%   163  765s
  8958  8589 3.7635e+09   17    1 3.7755e+09 3.7633e+09  0.32%   169  791s
  9718  9363 3.7637e+09   27    3 3.7755e+09 3.7633e+09  0.32%   169  812s
 10509 10118 3.7644e+09   37    4 3.7755e+09 3.7633e+09  0.32%   169  832s
H11300 10117                    3.775440e+09 3.7633e+09  0.32%   167  854s
 11301 10118 3.7708e+09  215   10 3.7754e+09 3.7633e+09  0.32%   167  941s
 11303 10119 3.7677e+09  152   18 3.7754e+09 3.7633e+09  0.32%   167  969s
 11304 10120 3.7633e+09   12   13 3.7754e+09 3.7633e+09  0.32%   167 1005s
 11305 10121 3.7635e+09   19   18 3.7754e+09 3.7633e+09  0.32%   167 1022s
 11306 10121 3.7677e+09  153   11 3.7754e+09 3.7633e+09  0.32%   167 1027s
 11307 10122 3.7685e+09  169   13 3.7754e+09 3.7633e+09  0.32%   167 1031s
 11308 10123 3.7660e+09   65    8 3.7754e+09 3.7633e+09  0.32%   167 1048s
 11309 10123 3.7726e+09  266    9 3.7754e+09 3.7633e+09  0.32%   167 1070s
 11310 10124 3.7645e+09   49    7 3.7754e+09 3.7633e+09  0.32%   167 1075s
 11311 10125 3.7720e+09  250    8 3.7754e+09 3.7633e+09  0.32%   167 1091s
 11312 10125 3.7660e+09   59    7 3.7754e+09 3.7633e+09  0.32%   167 1108s
 11313 10126 3.7634e+09   50    7 3.7754e+09 3.7633e+09  0.32%   167 1111s
 11314 10127 3.7639e+09   58    7 3.7754e+09 3.7633e+09  0.32%   167 1130s
 11315 10127 3.7743e+09  144    8 3.7754e+09 3.7633e+09  0.32%   167 1149s
 11316 10128 3.7743e+09  144    7 3.7754e+09 3.7633e+09  0.32%   167 1151s
 11317 10129 3.7651e+09   74    7 3.7754e+09 3.7633e+09  0.32%   167 1168s
 11318 10129 3.7652e+09   80    7 3.7754e+09 3.7633e+09  0.32%   167 1197s
 11319 10130 3.7668e+09  121    7 3.7754e+09 3.7633e+09  0.32%   167 1221s
 11320 10131 3.7719e+09   53    7 3.7754e+09 3.7633e+09  0.32%   167 1245s
 11321 10131 3.7641e+09   17    7 3.7754e+09 3.7633e+09  0.32%   167 1252s
 11322 10132 3.7650e+09   40    6 3.7754e+09 3.7633e+09  0.32%   167 1270s
 11323 10133 3.7644e+09   36    7 3.7754e+09 3.7633e+09  0.32%   167 1300s
 11324 10133 3.7650e+09   61    8 3.7754e+09 3.7633e+09  0.32%   167 1306s
 11326 10135 3.7718e+09  230    8 3.7754e+09 3.7633e+09  0.32%   167 1317s
 11327 10135 3.7658e+09  115    6 3.7754e+09 3.7633e+09  0.32%   167 1345s
 11328 10136 3.7637e+09   29    7 3.7754e+09 3.7633e+09  0.32%   167 1355s
 11329 10137 3.7705e+09  205    7 3.7754e+09 3.7633e+09  0.32%   167 1371s
 11330 10137 3.7688e+09  122    8 3.7754e+09 3.7633e+09  0.32%   167 1399s
 11331 10138 3.7636e+09   24    8 3.7754e+09 3.7633e+09  0.32%   167 1422s
 11332 10139 3.7692e+09  198    8 3.7754e+09 3.7633e+09  0.32%   167 1442s
 11333 10139 3.7653e+09   96    8 3.7754e+09 3.7633e+09  0.32%   167 1453s
 11334 10140 3.7636e+09   28    8 3.7754e+09 3.7633e+09  0.32%   167 1485s
 11335 10144 3.7633e+09   16    7 3.7754e+09 3.7633e+09  0.32%   188 1499s
 11337 10147 3.7633e+09   17    6 3.7754e+09 3.7633e+09  0.32%   188 1510s
 11341 10154 3.7633e+09   18    6 3.7754e+09 3.7633e+09  0.32%   188 1527s
 11349 10167 3.7633e+09   19    6 3.7754e+09 3.7633e+09  0.32%   188 1544s
 11365 10194 3.7633e+09   20    9 3.7754e+09 3.7633e+09  0.32%   189 1560s
 11397 10215 3.7633e+09   21    8 3.7754e+09 3.7633e+09  0.32%   190 1570s
 11429 10236 3.7636e+09   21    5 3.7754e+09 3.7633e+09  0.32%   192 1585s
 11461 10258 3.7633e+09   22    8 3.7754e+09 3.7633e+09  0.32%   193 1592s
 11493 10279 3.7634e+09   22    6 3.7754e+09 3.7633e+09  0.32%   194 1965s
 11525 10326 3.7633e+09   23    7 3.7754e+09 3.7633e+09  0.32%   195 1973s
 11583 10339 3.7633e+09   24    6 3.7754e+09 3.7633e+09  0.32%   196 2236s
 11615 10387 3.7634e+09   24    3 3.7754e+09 3.7633e+09  0.32%   197 2246s
 11674 10702 3.7634e+09   25    7 3.7754e+09 3.7633e+09  0.32%   198 2279s
 12008 11260 3.7634e+09   28    4 3.7754e+09 3.7633e+09  0.32%   202 2336s
 12678 11546 3.7634e+09   35    7 3.7754e+09 3.7633e+09  0.32%   204 2421s
 13187 12273 3.7636e+09   35    3 3.7754e+09 3.7633e+09  0.32%   204 2487s
 14084 12847 3.7634e+09   50    3 3.7754e+09 3.7633e+09  0.32%   206 2543s
 14965 13389 3.7639e+09   64    1 3.7754e+09 3.7633e+09  0.32%   206 2587s
 15845 13882 3.7636e+09   78    5 3.7754e+09 3.7633e+09  0.32%   206 2618s
 16759 14328 3.7637e+09   88    5 3.7754e+09 3.7633e+09  0.32%   202 2652s
 17676 14732 3.7637e+09   99    3 3.7754e+09 3.7633e+09  0.32%   197 2740s
 18542 15165 3.7657e+09  108    3 3.7754e+09 3.7633e+09  0.32%   196 2772s
 19456 15471 3.7638e+09  120    2 3.7754e+09 3.7633e+09  0.32%   197 2812s
 20305 15893 3.7638e+09  131    1 3.7754e+09 3.7633e+09  0.32%   200 2845s
 21168 16350 3.7639e+09  141    2 3.7754e+09 3.7633e+09  0.32%   200 2880s
 21968 16888 3.7640e+09  152    3 3.7754e+09 3.7633e+09  0.32%   202 2912s
 22811 17378 3.7640e+09  163    2 3.7754e+09 3.7633e+09  0.32%   205 2942s
 23673 17781 3.7641e+09  174    3 3.7754e+09 3.7633e+09  0.32%   204 2971s
 24518 18065 3.7642e+09  184    3 3.7754e+09 3.7633e+09  0.32%   204 3012s
 25287 17837 3.7642e+09  193    6 3.7754e+09 3.7633e+09  0.32%   205 3273s
 25320 18179 3.7690e+09  193    3 3.7754e+09 3.7633e+09  0.32%   205 3301s
 25893 18520 3.7694e+09  201    3 3.7754e+09 3.7633e+09  0.32%   205 3337s
 26597 18858 3.7645e+09  216    1 3.7754e+09 3.7633e+09  0.32%   208 3377s
 27279 19201 3.7712e+09  230    3 3.7754e+09 3.7633e+09  0.32%   213 3418s
 27935 19641 3.7716e+09  245    3 3.7754e+09 3.7633e+09  0.32%   217 3455s
 28642 20083     cutoff  259      3.7754e+09 3.7633e+09  0.32%   220 3487s
 29414 20597 3.7721e+09  274    1 3.7754e+09 3.7633e+09  0.32%   221 3542s
 30335 20880     cutoff  288      3.7754e+09 3.7633e+09  0.32%   224 3576s
 31081 21250 3.7634e+09   24    9 3.7754e+09 3.7633e+09  0.32%   225 3600s

Cutting planes:
  Gomory: 2
  Lift-and-project: 12
  Implied bound: 1236
  MIR: 221
  Flow cover: 237
  Flow path: 172
  Relax-and-lift: 5

Explored 31791 nodes (7386983 simplex iterations) in 3600.51 seconds (2502.13 work units)
Thread count was 32 (of 36 available processors)

Solution count 8: 3.77544e+09 3.77545e+09 3.77546e+09 ... 3.91887e+09

Time limit reached
Best objective 3.775439910015e+09, best bound 3.763299021563e+09, gap 0.3216%

User-callback calls 879600, time in user-callback 0.41 sec
Set parameter TokenServer to value "license-1.hpc.nrel.gov"
Set parameter TimeLimit to value 3600
Set parameter MIPGap to value 0.001
Set parameter MIPGap to value 0.001
Set parameter TimeLimit to value 3600
Gurobi Optimizer version 9.5.1 build v9.5.1rc2 (linux64)
Thread count: 36 physical cores, 36 logical processors, using up to 32 threads
Optimize a model with 332260 rows, 1381848 columns and 2818080 nonzeros
Model fingerprint: 0xd42d2e54
Coefficient statistics:
  Matrix range     [3e-06, 7e+03]
  Objective range  [2e-01, 2e+07]
  Bounds range     [1e+00, 1e+08]
  RHS range        [1e-03, 2e+05]

Concurrent LP optimizer: primal simplex, dual simplex, and barrier
Showing barrier log only...

Presolve removed 326670 rows and 1095513 columns
Presolve time: 1.44s
Presolved: 5590 rows, 286335 columns, 570564 nonzeros

Ordering time: 0.05s

Barrier statistics:
 AA' NZ     : 2.842e+05
 Factor NZ  : 5.821e+05 (roughly 120 MB of memory)
 Factor Ops : 6.366e+07 (less than 1 second per iteration)
 Threads    : 30

                  Objective                Residual
Iter       Primal          Dual         Primal    Dual     Compl     Time
   0   1.90845643e+13 -7.64911898e+11  9.36e+07 1.70e+02  2.68e+08     2s
   1   4.95000569e+12 -2.37229907e+11  2.43e+07 4.55e-13  7.01e+07     2s
   2   1.09081074e+12 -1.26514112e+10  5.33e+06 4.38e-12  1.54e+07     2s
   3   6.79172631e+09 -3.39919466e+09  1.27e+04 7.67e-12  6.27e+04     2s
   4   4.37884516e+09  1.97646353e+09  1.17e+03 1.36e-12  1.05e+04     2s
   5   4.07552039e+09  3.05237237e+09  1.85e+02 6.82e-13  3.82e+03     2s
   6   3.96504993e+09  3.36463488e+09  4.42e+01 5.12e-13  2.13e+03     2s
   7   3.93880057e+09  3.51951093e+09  3.19e+01 2.84e-13  1.48e+03     2s
   8   3.85780136e+09  3.62755217e+09  4.60e+00 2.84e-13  7.98e+02     2s
   9   3.83650565e+09  3.68043663e+09  2.85e+00 5.12e-13  5.42e+02     2s
  10   3.81130319e+09  3.73178547e+09  1.27e+00 9.66e-13  2.76e+02     2s
  11   3.79841614e+09  3.74841023e+09  7.02e-01 1.11e-12  1.73e+02     2s
  12   3.78863672e+09  3.76127065e+09  3.44e-01 1.28e-12  9.47e+01     2s
  13   3.78116556e+09  3.76702493e+09  1.15e-01 1.56e-12  4.88e+01     2s
  14   3.77920760e+09  3.77115308e+09  6.71e-02 2.03e-12  2.78e+01     2s
  15   3.77731656e+09  3.77286602e+09  2.86e-02 2.22e-12  1.53e+01     2s
  16   3.77631608e+09  3.77403427e+09  1.11e-02 2.02e-12  7.86e+00     2s
  17   3.77577259e+09  3.77489537e+09  3.26e-03 3.16e-12  3.02e+00     2s

Barrier performed 17 iterations in 2.21 seconds (1.62 work units)
Barrier solve interrupted - model solved by another algorithm


Solved with primal simplex
Solved in 38032 iterations and 2.21 seconds (1.42 work units)
Optimal objective  3.775439910e+09

User-callback calls 283, time in user-callback 0.00 sec
[ Info:  started timer at: 2023-03-22T17:24:15.488
[ Info: Reading /projects/pvsoiling/RELOG/Recycling_NAICS_1/input/solver/case.json...
[ Info:          134 collection centers
[ Info:          309 candidate plant locations
[ Info: Building graph...
[ Info:               26 time periods
[ Info:              309 process nodes
[ Info:             4944 shipping nodes (plant)
[ Info:              134 shipping nodes (collection)
[ Info:            46350 arcs
[ Info: Building optimization model...
[ Info: Optimizing MILP...
[ Info: Re-optimizing with integer variables fixed...
[ Info: Extracting solution...
[ Info:       3651.399518548s: 1 hour, 51 seconds, 399 milliseconds
