Set parameter TokenServer to value "license-1.hpc.nrel.gov"
Set parameter TimeLimit to value 3600
Set parameter MIPGap to value 0.001
Set parameter MIPGap to value 0.001
Set parameter TimeLimit to value 3600
Gurobi Optimizer version 9.5.1 build v9.5.1rc2 (linux64)
Thread count: 36 physical cores, 36 logical processors, using up to 32 threads
Optimize a model with 91884 rows, 1144312 columns and 2343626 nonzeros
Model fingerprint: 0xd6fe07dc
Variable types: 1128244 continuous, 16068 integer (16068 binary)
Coefficient statistics:
  Matrix range     [1e+00, 1e+05]
  Objective range  [3e-01, 1e+09]
  Bounds range     [1e+05, 1e+08]
  RHS range        [8e-01, 8e+05]
Warning: Model contains large objective coefficients
         Consider reformulating model or setting NumericFocus parameter
         to avoid numerical issues.
Presolve removed 78516 rows and 59104 columns (presolve time = 5s) ...
Presolve removed 78516 rows and 59104 columns
Presolve time: 5.79s
Presolved: 13368 rows, 1085208 columns, 2177523 nonzeros
Variable types: 1075320 continuous, 9888 integer (9888 binary)

Deterministic concurrent LP optimizer: primal and dual simplex
Showing first log only...


Root simplex log...

Iteration    Objective       Primal Inf.    Dual Inf.      Time
       0    4.2526131e+11   7.899217e+05   2.635910e+10      9s
  113881    4.7216896e+11   2.081559e+05   4.207926e+10     10s
  364649    5.3651265e+11   3.738863e+04   1.760060e+10     15s
Concurrent spin time: 0.00s

Solved with dual simplex

Root relaxation: objective 5.773232e+11, 86804 iterations, 10.19 seconds (8.54 work units)

    Nodes    |    Current Node    |     Objective Bounds      |     Work
 Expl Unexpl |  Obj  Depth IntInf | Incumbent    BestBd   Gap | It/Node Time

     0     0 5.7732e+11    0   46          - 5.7732e+11      -     -   19s
H    0     0                    5.846142e+11 5.7732e+11  1.25%     -   20s
H    0     0                    5.829648e+11 5.7732e+11  0.97%     -   23s
H    0     0                    5.824149e+11 5.7732e+11  0.87%     -   27s
     0     0 5.7732e+11    0   24 5.8241e+11 5.7732e+11  0.87%     -   29s
H    0     0                    5.813190e+11 5.7732e+11  0.69%     -   31s
H    0     0                    5.780198e+11 5.7732e+11  0.12%     -   32s
     0     0 5.7732e+11    0   24 5.7802e+11 5.7732e+11  0.12%     -   33s
     0     0 5.7732e+11    0   17 5.7802e+11 5.7732e+11  0.12%     -   35s
     0     0 5.7732e+11    0   17 5.7802e+11 5.7732e+11  0.12%     -   38s
     0     0 5.7732e+11    0   17 5.7802e+11 5.7732e+11  0.12%     -   40s
     0     0 5.7732e+11    0   17 5.7802e+11 5.7732e+11  0.12%     -   43s
     0     0 5.7732e+11    0   23 5.7802e+11 5.7732e+11  0.12%     -   45s
     0     0 5.7732e+11    0   17 5.7802e+11 5.7732e+11  0.12%     -   47s
     0     0 5.7732e+11    0   17 5.7802e+11 5.7732e+11  0.12%     -   52s
     0     2 5.7732e+11    0   17 5.7802e+11 5.7732e+11  0.12%     -   61s
     7    16 5.7732e+11    3   18 5.7802e+11 5.7732e+11  0.12%  18.4   65s
    31    64 5.7732e+11    5   18 5.7802e+11 5.7732e+11  0.12%  17.6   70s
    95   128 5.7733e+11    6   11 5.7802e+11 5.7732e+11  0.12%  14.5  168s
   127   160 5.7733e+11    7   11 5.7802e+11 5.7732e+11  0.12%  15.7  173s
   191   224 5.7733e+11    8   11 5.7802e+11 5.7732e+11  0.12%  19.7  205s
   223   358 5.7733e+11    8   11 5.7802e+11 5.7732e+11  0.12%  20.3  211s
   357   788 5.7733e+11   11   11 5.7802e+11 5.7732e+11  0.12%   109  225s
   787  1597 5.7734e+11   27   36 5.7802e+11 5.7732e+11  0.12%  71.3  252s
  1636  2446 5.7736e+11   51   71 5.7802e+11 5.7732e+11  0.12%   105  272s
  2554  3239 5.7737e+11   76   17 5.7802e+11 5.7732e+11  0.12%   102  293s
  3406  3736 5.7739e+11  103   48 5.7802e+11 5.7732e+11  0.12%   100  323s
  3909  4622 5.7740e+11  130   43 5.7802e+11 5.7732e+11  0.12%  94.4  335s
  4837  5480 5.7743e+11  158   41 5.7802e+11 5.7732e+11  0.12%  89.6  354s
  5755  6261 5.7748e+11  187   12 5.7802e+11 5.7732e+11  0.12%  85.6  368s
  6642  6960 5.7751e+11  214   19 5.7802e+11 5.7732e+11  0.12%  80.9  385s
  7449  7757 5.7751e+11  231   42 5.7802e+11 5.7732e+11  0.12%  75.9  404s
  8334  8553 5.7753e+11  260   20 5.7802e+11 5.7732e+11  0.12%  71.2  428s
  9253  9348 5.7754e+11  289   47 5.7802e+11 5.7732e+11  0.12%  68.4  439s
 10181 10142 5.7760e+11  318   12 5.7802e+11 5.7732e+11  0.12%  65.6  447s
 11109 10935 5.7764e+11  347   30 5.7802e+11 5.7732e+11  0.12%  64.1  455s
 12037 11652 5.7768e+11  376   36 5.7802e+11 5.7732e+11  0.12%  62.6  490s
 12906 12044 5.7773e+11  396   12 5.7802e+11 5.7732e+11  0.12%  61.2  515s
 13359 12663 5.7784e+11  406   18 5.7802e+11 5.7732e+11  0.12%  60.6  538s
 14222 13414 5.7733e+11    8   11 5.7802e+11 5.7732e+11  0.12%  59.1  547s
 15148 13415 5.7747e+11   53   17 5.7802e+11 5.7732e+11  0.12%  59.1  593s
 15150 13416 5.7776e+11  336   34 5.7802e+11 5.7732e+11  0.12%  59.1  610s
 15152 13418 5.7786e+11  114   17 5.7802e+11 5.7732e+11  0.12%  59.1  615s
 15154 13419 5.7790e+11  209   13 5.7802e+11 5.7732e+11  0.12%  59.1  620s
 15157 13421 5.7747e+11  179   13 5.7802e+11 5.7732e+11  0.12%  59.1  625s
 15159 13422 5.7755e+11  229    9 5.7802e+11 5.7732e+11  0.12%  59.1  635s
 15161 13424 5.7742e+11   94    9 5.7802e+11 5.7732e+11  0.12%  59.1  644s
 15162 13424 5.7752e+11  178    9 5.7802e+11 5.7732e+11  0.12%  59.1  645s
 15163 13425 5.7747e+11  158    9 5.7802e+11 5.7732e+11  0.12%  59.1  671s
 15166 13432 5.7732e+11   16   27 5.7802e+11 5.7732e+11  0.12%  63.4  675s
 15194 13479 5.7733e+11   19   32 5.7802e+11 5.7732e+11  0.12%  63.4  713s
 15226 13500 5.7733e+11   20   32 5.7802e+11 5.7732e+11  0.12%  63.4  716s
 15258 13521 5.7733e+11   20   13 5.7802e+11 5.7732e+11  0.12%  63.4  813s
 15290 13543 5.7733e+11   21   12 5.7802e+11 5.7732e+11  0.12%  63.3  892s
 15354 13615 5.7733e+11   22   13 5.7802e+11 5.7732e+11  0.12%  63.4  896s
 15480 13743 5.7733e+11   24    9 5.7802e+11 5.7732e+11  0.12%  63.3  909s
 15586 14480 5.7734e+11   26   24 5.7802e+11 5.7732e+11  0.12%  63.3  931s
 16358 14692 5.7733e+11   42    9 5.7802e+11 5.7732e+11  0.12%  64.9  983s
 16827 15552 5.7738e+11   42   32 5.7802e+11 5.7732e+11  0.12%  65.4 1009s
 17851 16227 5.7736e+11   59    8 5.7802e+11 5.7732e+11  0.12%  67.8 1034s
 18875 16851 5.7745e+11   77   35 5.7802e+11 5.7732e+11  0.12%  71.1 1054s
 19899 17381 5.7742e+11   98    8 5.7802e+11 5.7732e+11  0.12%  71.7 1068s
 20923 17516 5.7735e+11  124    8 5.7802e+11 5.7732e+11  0.12%  73.0 1115s
 21450 18250 5.7736e+11  132    6 5.7802e+11 5.7732e+11  0.12%  72.6 1128s
 22473 18838 5.7741e+11  150    6 5.7802e+11 5.7732e+11  0.12%  73.9 1139s
 23487 19415 5.7737e+11  169    5 5.7802e+11 5.7732e+11  0.12%  74.5 1149s
 24494 19996 5.7756e+11  185    7 5.7802e+11 5.7732e+11  0.12%  74.7 1160s
 25483 20542 5.7740e+11  196    4 5.7802e+11 5.7732e+11  0.12%  74.5 1173s
 26455 21055 5.7759e+11  206    6 5.7802e+11 5.7732e+11  0.12%  74.5 1190s
 27415 21535 5.7742e+11  216    4 5.7802e+11 5.7732e+11  0.12%  74.4 1204s
 28380 22015 5.7743e+11  225    9 5.7802e+11 5.7732e+11  0.12%  74.4 1214s
 29342 22500 5.7744e+11  234   17 5.7802e+11 5.7732e+11  0.12%  74.4 1222s
 30286 23023 5.7744e+11  242   20 5.7802e+11 5.7732e+11  0.12%  74.4 1240s
 31310 23404 5.7768e+11  259    7 5.7802e+11 5.7732e+11  0.12%  75.2 1250s
 32161 23967 5.7746e+11  265    4 5.7802e+11 5.7732e+11  0.12%  75.0 1256s
 33111 24490 5.7747e+11  272   23 5.7802e+11 5.7732e+11  0.12%  74.6 1263s
 34030 24839 5.7772e+11  278    7 5.7802e+11 5.7732e+11  0.12%  74.6 1272s
 34831 25398 5.7747e+11  285   19 5.7802e+11 5.7732e+11  0.12%  74.5 1280s
 35768 25882 5.7749e+11  295   10 5.7802e+11 5.7732e+11  0.12%  74.5 1289s
 36690 26411 5.7751e+11  304    5 5.7802e+11 5.7732e+11  0.12%  74.4 1296s
 37614 26888 5.7753e+11  311   16 5.7802e+11 5.7732e+11  0.12%  74.6 1306s
 38536 27395     cutoff  330      5.7802e+11 5.7732e+11  0.12%  74.7 1313s
 39467 27415 5.7755e+11  356   25 5.7802e+11 5.7732e+11  0.12%  74.8 1338s
 39813 28147 5.7755e+11  357   22 5.7802e+11 5.7732e+11  0.12%  74.7 1346s
 40776 28688     cutoff  383      5.7802e+11 5.7732e+11  0.12%  74.8 1354s
 41762 29249     cutoff  407      5.7802e+11 5.7732e+11  0.12%  74.2 1362s
 42753 29776 5.7762e+11  437    5 5.7802e+11 5.7732e+11  0.12%  73.8 1371s
 43725 30224 5.7768e+11  469   20 5.7802e+11 5.7732e+11  0.12%  73.2 1380s
 44674 30753 5.7770e+11  499   10 5.7802e+11 5.7732e+11  0.12%  72.7 1388s
 45667 31153 5.7774e+11  529   15 5.7802e+11 5.7732e+11  0.12%  72.3 1397s
 46530 31576 5.7778e+11  560   12 5.7802e+11 5.7732e+11  0.12%  72.3 1405s
 47486 32027 5.7734e+11   35    9 5.7802e+11 5.7732e+11  0.12%  72.4 1413s
 48429 32420 5.7747e+11   67   11 5.7802e+11 5.7732e+11  0.12%  72.9 1422s
 49319 32942 5.7769e+11   89    9 5.7802e+11 5.7732e+11  0.12%  73.3 1429s
 50277 32786 5.7770e+11  119    9 5.7802e+11 5.7732e+11  0.12%  73.4 1457s
 50445 33495 5.7770e+11  124    9 5.7802e+11 5.7732e+11  0.12%  73.4 1465s
 51374 34000 5.7770e+11  147    9 5.7802e+11 5.7732e+11  0.12%  73.3 1472s
 52345 34528 5.7778e+11  179    5 5.7802e+11 5.7732e+11  0.12%  73.2 1480s
 53340 34832 5.7782e+11  209   16 5.7802e+11 5.7732e+11  0.12%  72.9 1488s
 54091 35449     cutoff  229      5.7802e+11 5.7732e+11  0.12%  72.6 1496s
 55089 35771 5.7785e+11  257   14 5.7802e+11 5.7732e+11  0.12%  72.2 1505s
 55849 36452 5.7789e+11  277    8 5.7802e+11 5.7732e+11  0.12%  72.0 1512s
 56834 37167 5.7792e+11  307   11 5.7802e+11 5.7732e+11  0.12%  71.8 1519s
 57534 37167 5.7776e+11   70    8 5.7802e+11 5.7732e+11  0.12%  71.7 1520s
 57767 38016 5.7794e+11  333    9 5.7802e+11 5.7732e+11  0.12%  72.0 1526s
 58743 38797 5.7796e+11  364   14 5.7802e+11 5.7732e+11  0.12%  71.9 1533s
 59708 38798 5.7741e+11  201   17 5.7802e+11 5.7733e+11  0.12%  71.8 1797s
 59710 38799 5.7741e+11   55   34 5.7802e+11 5.7733e+11  0.12%  71.8 1815s
 59712 38801 5.7779e+11  408    9 5.7802e+11 5.7733e+11  0.12%  71.8 1820s
 59713 38801 5.7799e+11  115    9 5.7802e+11 5.7733e+11  0.12%  71.8 1831s
 59714 38802 5.7733e+11   34    9 5.7802e+11 5.7733e+11  0.12%  71.8 1842s
 59715 38803 5.7759e+11  415    9 5.7802e+11 5.7733e+11  0.12%  71.8 1852s
 59717 38804 5.7750e+11  258    9 5.7802e+11 5.7733e+11  0.12%  71.8 1863s
 59718 38805 5.7794e+11  538    9 5.7802e+11 5.7733e+11  0.12%  71.8 1874s
 59719 38805 5.7750e+11  280    9 5.7802e+11 5.7733e+11  0.12%  71.8 1876s
 59720 38806 5.7765e+11  422    9 5.7802e+11 5.7733e+11  0.12%  71.8 1884s
 59721 38807 5.7767e+11  477    9 5.7802e+11 5.7733e+11  0.12%  71.8 1886s
 59722 38807 5.7743e+11   70    9 5.7802e+11 5.7733e+11  0.12%  71.8 1895s
 59724 38809 5.7740e+11   45    9 5.7802e+11 5.7733e+11  0.12%  71.8 1905s
 59725 38809 5.7746e+11  267    9 5.7802e+11 5.7733e+11  0.12%  71.8 1919s
 59726 38810 5.7738e+11   38    9 5.7802e+11 5.7733e+11  0.12%  71.8 1920s
 59727 38811 5.7733e+11   35    9 5.7802e+11 5.7733e+11  0.12%  71.8 1929s
 59728 38811 5.7758e+11  205    9 5.7802e+11 5.7733e+11  0.12%  71.8 1931s
 59729 38812 5.7737e+11   69    9 5.7802e+11 5.7733e+11  0.12%  71.8 1940s
 59731 38813 5.7757e+11  224    9 5.7802e+11 5.7733e+11  0.12%  71.8 1950s
 59733 38815 5.7736e+11   36    9 5.7802e+11 5.7733e+11  0.12%  71.8 1961s
 59735 38816 5.7745e+11   80    9 5.7802e+11 5.7733e+11  0.12%  71.8 1972s
 59736 38817 5.7782e+11  445    9 5.7802e+11 5.7733e+11  0.12%  71.8 1982s
 59738 38818 5.7782e+11  461    9 5.7802e+11 5.7733e+11  0.12%  71.8 1992s
 59739 38819 5.7747e+11  152    9 5.7802e+11 5.7733e+11  0.12%  71.8 1997s
 59740 38819 5.7743e+11  166    9 5.7802e+11 5.7733e+11  0.12%  71.8 2005s
 59741 38820 5.7775e+11  286    9 5.7802e+11 5.7733e+11  0.12%  71.8 2016s
 59742 38821 5.7775e+11  235    9 5.7802e+11 5.7733e+11  0.12%  71.8 2024s
 59743 38821 5.7742e+11  189    9 5.7802e+11 5.7733e+11  0.12%  71.8 2054s
 59744 38825 5.7733e+11   30   22 5.7802e+11 5.7733e+11  0.12%  72.8 2059s
 59746 38828 5.7733e+11   31   22 5.7802e+11 5.7733e+11  0.12%  72.8 2061s
 59758 38848 5.7733e+11   33   27 5.7802e+11 5.7733e+11  0.12%  72.8 2065s
 59774 38875 5.7733e+11   34   32 5.7802e+11 5.7733e+11  0.12%  72.8 2090s
 59870 38939 5.7733e+11   36   17 5.7802e+11 5.7733e+11  0.12%  72.8 2096s
 59902 38960 5.7733e+11   36   41 5.7802e+11 5.7733e+11  0.12%  72.8 2106s
 59934 38982 5.7733e+11   37   16 5.7802e+11 5.7733e+11  0.12%  72.8 2149s
 59955 38975 5.7733e+11   39   18 5.7802e+11 5.7733e+11  0.12%  72.8 2150s
 60024 39058 5.7734e+11   38   37 5.7802e+11 5.7733e+11  0.12%  72.8 2158s
 60072 39373 5.7734e+11   39   39 5.7802e+11 5.7733e+11  0.12%  72.8 2169s
 60403 40121 5.7733e+11   48   19 5.7802e+11 5.7733e+11  0.12%  72.9 2195s
 61264 40738 5.7741e+11   64   37 5.7802e+11 5.7733e+11  0.12%  73.3 2229s
 62195 41415 5.7736e+11   81   16 5.7802e+11 5.7733e+11  0.12%  74.0 2254s
 63249 42019 5.7746e+11   98   36 5.7802e+11 5.7733e+11  0.12%  74.5 2274s
 64292 42521 5.7734e+11  123   19 5.7802e+11 5.7733e+11  0.12%  74.7 2291s
 65328 42999 5.7734e+11  149   18 5.7802e+11 5.7733e+11  0.12%  74.6 2308s
 66372 42681 5.7735e+11  166   14 5.7802e+11 5.7733e+11  0.12%  74.4 2433s
 66404 43382 5.7735e+11  167    6 5.7802e+11 5.7733e+11  0.12%  74.4 2462s
 67192 44006 5.7741e+11  183    5 5.7802e+11 5.7733e+11  0.12%  74.0 2474s
 68235 44573 5.7742e+11  195   12 5.7802e+11 5.7733e+11  0.12%  74.1 2487s
 69267 45163 5.7743e+11  207    5 5.7802e+11 5.7733e+11  0.12%  74.3 2498s
 70294 45738 5.7745e+11  222   23 5.7802e+11 5.7733e+11  0.12%  74.4 2510s
 71310 46269 5.7745e+11  232   20 5.7802e+11 5.7733e+11  0.12%  74.5 2528s
 72323 46473 5.7746e+11  243   15 5.7802e+11 5.7733e+11  0.12%  74.6 2554s
 73000 47112 5.7746e+11  244   12 5.7802e+11 5.7733e+11  0.12%  74.2 2571s
 74021 47644 5.7747e+11  257   10 5.7802e+11 5.7733e+11  0.12%  74.2 2582s
 75056 48214 5.7749e+11  274   22 5.7802e+11 5.7733e+11  0.12%  74.3 2596s
 76078 48837 5.7752e+11  290   17 5.7802e+11 5.7733e+11  0.12%  74.2 2605s
 77134 49414 5.7755e+11  318   25 5.7802e+11 5.7733e+11  0.12%  73.9 2613s
 78190 49960 5.7756e+11  349   26 5.7802e+11 5.7733e+11  0.12%  73.4 2621s
 79236 50049     cutoff  375      5.7802e+11 5.7733e+11  0.12%  73.3 2646s
 79687 50810 5.7758e+11  377   10 5.7802e+11 5.7733e+11  0.12%  73.3 2654s
 80719 51343 5.7760e+11  406   33 5.7802e+11 5.7733e+11  0.12%  73.3 2662s
 81734 51930 5.7763e+11  434   10 5.7802e+11 5.7733e+11  0.12%  73.3 2673s
 82745 52372 5.7769e+11  463   22 5.7802e+11 5.7733e+11  0.12%  73.3 2686s
 83604 53002 5.7770e+11  492    5 5.7802e+11 5.7733e+11  0.12%  73.0 2695s
 84597 53623 5.7775e+11  525   12 5.7802e+11 5.7733e+11  0.12%  72.9 2703s
 85638 54077 5.7779e+11  556    4 5.7802e+11 5.7733e+11  0.12%  72.7 2712s
 86572 54706 5.7733e+11   41   15 5.7802e+11 5.7733e+11  0.12%  72.6 2720s
 87586 55201 5.7737e+11   52   37 5.7802e+11 5.7733e+11  0.12%  72.5 2729s
 88476 55029 5.7734e+11   59   11 5.7802e+11 5.7733e+11  0.12%  72.5 2760s
 88604 55719 5.7734e+11   61   15 5.7802e+11 5.7733e+11  0.12%  72.5 2791s
 89368 56417 5.7734e+11   76   18 5.7802e+11 5.7733e+11  0.12%  72.5 2800s
 90424 56954 5.7745e+11   93   42 5.7802e+11 5.7733e+11  0.12%  72.8 2809s
 91458 57560 5.7740e+11  115   12 5.7802e+11 5.7733e+11  0.12%  73.0 2817s
 92500 58172 5.7735e+11  143   16 5.7802e+11 5.7733e+11  0.12%  73.0 2824s
 93551 58808 5.7735e+11  168   14 5.7802e+11 5.7733e+11  0.12%  72.8 2832s
 94587 58968 5.7738e+11  184    5 5.7802e+11 5.7733e+11  0.12%  72.5 2859s
 95115 59756 5.7738e+11  186    5 5.7802e+11 5.7733e+11  0.12%  72.3 2867s
 96147 60370 5.7742e+11  202    5 5.7802e+11 5.7733e+11  0.12%  72.0 2874s
 97184 60928 5.7745e+11  222    5 5.7802e+11 5.7733e+11  0.12%  71.7 2881s
 98209 61533 5.7742e+11  241   18 5.7802e+11 5.7733e+11  0.12%  71.5 2889s
 99240 62145 5.7744e+11  259    5 5.7802e+11 5.7733e+11  0.12%  71.2 2896s
 100261 62731 5.7745e+11  275   18 5.7802e+11 5.7733e+11  0.12%  71.0 2903s
 101278 63263 5.7747e+11  289    6 5.7802e+11 5.7733e+11  0.12%  70.8 2910s
 102297 63803 5.7752e+11  316    9 5.7802e+11 5.7733e+11  0.12%  70.6 2916s
 103315 64338 5.7753e+11  347   23 5.7802e+11 5.7733e+11  0.12%  70.4 2922s
 104313 64847 5.7755e+11  377   10 5.7802e+11 5.7733e+11  0.12%  70.3 2929s
 105268 65296 5.7756e+11  403   17 5.7802e+11 5.7733e+11  0.12%  70.4 2936s
 106228 65837 5.7775e+11  432    5 5.7802e+11 5.7733e+11  0.12%  70.3 2942s
 107208 65684 5.7764e+11  463    6 5.7802e+11 5.7733e+11  0.12%  70.2 2970s
 107389 66482 5.7766e+11  466   18 5.7802e+11 5.7733e+11  0.12%  70.2 2977s
 108368 67076 5.7768e+11  499    7 5.7802e+11 5.7733e+11  0.12%  70.2 2984s
 109383 67646 5.7772e+11  531   10 5.7802e+11 5.7733e+11  0.12%  70.1 2991s
 110413 68222 5.7776e+11  562    4 5.7802e+11 5.7733e+11  0.12%  69.9 2998s
 111439 68805 5.7733e+11   42   16 5.7802e+11 5.7733e+11  0.12%  69.7 3005s
 112445 69354 5.7734e+11   75   16 5.7802e+11 5.7733e+11  0.12%  69.6 3012s
 113454 69932 5.7737e+11  108    7 5.7802e+11 5.7733e+11  0.12%  69.5 3019s
 114443 70449 5.7740e+11  141   23 5.7802e+11 5.7733e+11  0.12%  69.4 3025s
 115443 70987 5.7742e+11  174   16 5.7802e+11 5.7733e+11  0.12%  69.3 3031s
 116443 71539 5.7748e+11  207   10 5.7802e+11 5.7733e+11  0.12%  69.2 3037s
 117445 72118 5.7750e+11  240   14 5.7802e+11 5.7733e+11  0.12%  69.1 3048s
 118489 72641 5.7752e+11  273   12 5.7802e+11 5.7733e+11  0.12%  69.1 3054s
 119494 73217 5.7754e+11  306   39 5.7802e+11 5.7733e+11  0.12%  68.9 3060s
 120492 73768 5.7760e+11  339    6 5.7802e+11 5.7733e+11  0.12%  68.7 3065s
 121508 74367 5.7763e+11  372   15 5.7802e+11 5.7733e+11  0.12%  68.5 3070s
 122506 74911 5.7767e+11  405   21 5.7802e+11 5.7733e+11  0.12%  68.3 3076s
 123505 75470 5.7771e+11  438   19 5.7802e+11 5.7733e+11  0.12%  68.2 3081s
 124519 76018 5.7776e+11  471   10 5.7802e+11 5.7733e+11  0.12%  68.0 3086s
 125514 76608 5.7738e+11   55   48 5.7802e+11 5.7733e+11  0.12%  67.9 3092s
 126499 77080 5.7739e+11   87   10 5.7802e+11 5.7733e+11  0.12%  67.8 3099s
 127441 77659 5.7767e+11  114    8 5.7802e+11 5.7733e+11  0.12%  67.7 3104s
 128453 78156 5.7779e+11  144    8 5.7802e+11 5.7733e+11  0.12%  67.5 3110s
 129419 78017     cutoff  164      5.7802e+11 5.7733e+11  0.12%  67.5 3137s
 129616 78834 5.7794e+11  165    8 5.7802e+11 5.7733e+11  0.12%  67.4 3143s
 130635 79308 5.7736e+11   49   30 5.7802e+11 5.7733e+11  0.12%  67.2 3150s
 131617 79764 5.7738e+11   81    9 5.7802e+11 5.7733e+11  0.12%  67.2 3156s
 132565 80325 5.7742e+11  114   16 5.7802e+11 5.7733e+11  0.12%  67.1 3162s
 133570 80897 5.7744e+11  147   18 5.7802e+11 5.7733e+11  0.12%  67.0 3169s
 134569 81367 5.7747e+11  180   13 5.7802e+11 5.7733e+11  0.12%  66.8 3176s
 135536 81910 5.7751e+11  213   15 5.7802e+11 5.7733e+11  0.12%  66.7 3183s
 136526 82469 5.7755e+11  246   15 5.7802e+11 5.7733e+11  0.12%  66.6 3189s
 137510 83032 5.7755e+11  279   14 5.7802e+11 5.7733e+11  0.12%  66.5 3196s
 138482 83629 5.7758e+11  312   18 5.7802e+11 5.7733e+11  0.12%  66.4 3203s
 139472 84258 5.7760e+11  345    9 5.7802e+11 5.7733e+11  0.12%  66.3 3209s
 140494 84861 5.7763e+11  378   30 5.7802e+11 5.7733e+11  0.12%  66.2 3215s
 141524 85373 5.7765e+11  411   25 5.7802e+11 5.7733e+11  0.12%  66.1 3222s
 142487 85985 5.7769e+11  444   14 5.7802e+11 5.7733e+11  0.12%  66.1 3229s
 143520 86562 5.7772e+11  477   19 5.7802e+11 5.7733e+11  0.12%  65.9 3235s
 144523 87164 5.7777e+11  510    7 5.7802e+11 5.7733e+11  0.12%  65.8 3241s
 145540 87692 5.7733e+11   44    8 5.7802e+11 5.7733e+11  0.12%  65.7 3247s
 146517 87703 5.7783e+11   67    7 5.7802e+11 5.7733e+11  0.12%  65.6 3280s
 146876 88485     cutoff   95      5.7802e+11 5.7733e+11  0.12%  65.6 3289s
 147932 89080 5.7741e+11   71   40 5.7802e+11 5.7733e+11  0.12%  65.6 3296s
 148978 89705 5.7743e+11  104    8 5.7802e+11 5.7733e+11  0.12%  65.6 3303s
 150027 90201 5.7743e+11  134   10 5.7802e+11 5.7733e+11  0.12%  65.5 3310s
 151075 90836 5.7744e+11  159    8 5.7802e+11 5.7733e+11  0.12%  65.4 3317s
 152122 91490 5.7777e+11  182   10 5.7802e+11 5.7733e+11  0.12%  65.3 3323s
 153170 92103 5.7784e+11  211    5 5.7802e+11 5.7733e+11  0.12%  65.2 3329s
 154215 92710 5.7787e+11  230   10 5.7802e+11 5.7733e+11  0.12%  65.0 3335s
 155265 93329 5.7789e+11  253   18 5.7802e+11 5.7733e+11  0.12%  64.9 3340s
 156317 93947 5.7791e+11  282   26 5.7802e+11 5.7733e+11  0.12%  64.7 3346s
 157358 94534 5.7796e+11  313    6 5.7802e+11 5.7733e+11  0.12%  64.5 3352s
 158387 95163 5.7734e+11   60    9 5.7802e+11 5.7733e+11  0.12%  64.3 3358s
 159384 95693 5.7740e+11   67   11 5.7802e+11 5.7733e+11  0.12%  64.2 3365s
 160388 96151 5.7750e+11   75   28 5.7802e+11 5.7733e+11  0.12%  64.1 3371s
 161387 96706 5.7765e+11   82   15 5.7802e+11 5.7733e+11  0.12%  64.0 3377s
 162370 97210 5.7780e+11   87   39 5.7802e+11 5.7733e+11  0.12%  63.9 3382s
 163328 97739     cutoff  101      5.7802e+11 5.7733e+11  0.12%  63.9 3388s
 164300 98376 5.7733e+11   49   13 5.7802e+11 5.7733e+11  0.12%  63.9 3394s
 165333 98790 5.7735e+11   82   16 5.7802e+11 5.7733e+11  0.12%  63.8 3400s
 166313 99330 5.7769e+11  115   24 5.7802e+11 5.7733e+11  0.12%  63.8 3405s
 167320 99852 5.7772e+11  146   11 5.7802e+11 5.7733e+11  0.12%  63.7 3411s
 168324 100458 5.7773e+11  169   21 5.7802e+11 5.7733e+11  0.12%  63.7 3417s
 169358 101041 5.7777e+11  201   12 5.7802e+11 5.7733e+11  0.12%  63.6 3423s
 170401 101615 5.7780e+11  232   11 5.7802e+11 5.7733e+11  0.12%  63.4 3429s
 171427 101389 5.7781e+11  263   20 5.7802e+11 5.7733e+11  0.12%  63.3 3458s
 171545 102292     cutoff  264      5.7802e+11 5.7733e+11  0.12%  63.3 3465s
 172571 102883 5.7783e+11  293   13 5.7802e+11 5.7733e+11  0.12%  63.2 3471s
 173600 103523 5.7784e+11  322   25 5.7802e+11 5.7733e+11  0.12%  63.0 3477s
 174637 104135 5.7787e+11  354   17 5.7802e+11 5.7733e+11  0.12%  62.8 3483s
 175690 104707 5.7791e+11  385    7 5.7802e+11 5.7733e+11  0.12%  62.7 3492s
 176746 105391 5.7801e+11  416   10 5.7802e+11 5.7733e+11  0.12%  62.5 3498s
 177742 106346 5.7735e+11   47   41 5.7802e+11 5.7733e+11  0.12%  62.4 3505s
 178763 107280 5.7733e+11   60   22 5.7802e+11 5.7733e+11  0.12%  62.3 3511s
 179773 108172 5.7738e+11   74   13 5.7802e+11 5.7733e+11  0.12%  62.1 3517s
 180739 108987 5.7739e+11   84   13 5.7802e+11 5.7733e+11  0.12%  62.1 3523s
 181713 109853 5.7737e+11   94   28 5.7802e+11 5.7733e+11  0.12%  62.0 3528s
 182654 110738 5.7739e+11  108   12 5.7802e+11 5.7733e+11  0.12%  61.9 3534s
 183586 111590 5.7746e+11  118   13 5.7802e+11 5.7733e+11  0.12%  61.9 3540s
 184523 112441 5.7741e+11  137   14 5.7802e+11 5.7733e+11  0.12%  62.0 3546s
 185468 113326 5.7749e+11  150   13 5.7802e+11 5.7733e+11  0.12%  62.0 3552s
 186448 114119 5.7751e+11  161   13 5.7802e+11 5.7733e+11  0.12%  62.0 3558s
 187341 114957 5.7745e+11  174   22 5.7802e+11 5.7733e+11  0.12%  62.0 3564s
 188293 115783 5.7747e+11  189   16 5.7802e+11 5.7733e+11  0.12%  62.0 3570s
 189213 116676 5.7751e+11  222   13 5.7802e+11 5.7733e+11  0.12%  62.1 3575s
 190204 117387 5.7751e+11  254   22 5.7802e+11 5.7733e+11  0.12%  62.0 3581s
 191153 118253 5.7754e+11  283   14 5.7802e+11 5.7733e+11  0.12%  62.0 3587s
 192138 119144 5.7755e+11  313   29 5.7802e+11 5.7733e+11  0.12%  62.0 3593s
 193149 120030 5.7757e+11  342   18 5.7802e+11 5.7733e+11  0.12%  62.0 3599s
 194157 120059 5.7760e+11  373   16 5.7802e+11 5.7733e+11  0.12%  61.9 3600s

Cutting planes:
  Gomory: 4
  Lift-and-project: 28
  Implied bound: 24
  MIR: 24
  Flow cover: 48
  RLT: 3
  Relax-and-lift: 20

Explored 194189 nodes (12114708 simplex iterations) in 3600.44 seconds (2533.84 work units)
Thread count was 32 (of 36 available processors)

Solution count 6: 5.7802e+11 5.81319e+11 5.82213e+11 ... 5.84614e+11

Time limit reached
Best objective 5.780197767271e+11, best bound 5.773301147803e+11, gap 0.1193%

User-callback calls 1021688, time in user-callback 0.43 sec
Set parameter TokenServer to value "license-1.hpc.nrel.gov"
Set parameter TimeLimit to value 3600
Set parameter MIPGap to value 0.001
Set parameter MIPGap to value 0.001
Set parameter TimeLimit to value 3600
Gurobi Optimizer version 9.5.1 build v9.5.1rc2 (linux64)
Thread count: 36 physical cores, 36 logical processors, using up to 32 threads
Optimize a model with 91884 rows, 1144312 columns and 2343626 nonzeros
Model fingerprint: 0x3802a7c4
Coefficient statistics:
  Matrix range     [1e+00, 1e+05]
  Objective range  [3e-01, 1e+09]
  Bounds range     [1e+00, 1e+08]
  RHS range        [8e-01, 8e+05]
Warning: Model contains large objective coefficients
         Consider reformulating model or setting NumericFocus parameter
         to avoid numerical issues.

Concurrent LP optimizer: primal simplex, dual simplex, and barrier
Showing barrier log only...

Presolve removed 86884 rows and 939308 columns
Presolve time: 1.01s
Presolved: 5000 rows, 205004 columns, 408488 nonzeros

Ordering time: 0.00s

Barrier statistics:
 AA' NZ     : 2.035e+05
 Factor NZ  : 3.234e+05 (roughly 90 MB of memory)
 Factor Ops : 2.516e+07 (less than 1 second per iteration)
 Threads    : 30

                  Objective                Residual
Iter       Primal          Dual         Primal    Dual     Compl     Time
   0   1.44808991e+12  2.70018129e+11  2.98e+06 2.57e+02  4.79e+07     1s
   1   6.14050850e+11  4.19188056e+11  7.54e+04 1.82e-12  1.98e+06     1s
   2   5.90186553e+11  5.34949819e+11  2.55e+03 9.49e+00  3.02e+05     1s
   3   5.86980117e+11  5.58998212e+11  9.30e+02 5.69e+00  1.47e+05     1s
   4   5.85367591e+11  5.69817801e+11  5.69e+02 2.97e+00  8.06e+04     1s
   5   5.83132983e+11  5.73675093e+11  3.17e+02 1.79e+00  4.83e+04     1s
   6   5.81502261e+11  5.75721595e+11  1.62e+02 9.18e-01  2.91e+04     1s
   7   5.80753881e+11  5.76723174e+11  1.13e+02 5.59e-01  2.01e+04     1s
   8   5.79293872e+11  5.77161401e+11  3.36e+01 4.10e-01  1.06e+04     1s
   9   5.79047516e+11  5.77498829e+11  2.54e+01 2.64e-01  7.66e+03     1s
  10   5.78542082e+11  5.77612888e+11  9.79e+00 2.12e-01  4.61e+03     1s
  11   5.78392012e+11  5.77771109e+11  6.23e+00 1.38e-01  3.08e+03     1s
  12   5.78313889e+11  5.77867448e+11  4.58e+00 9.08e-02  2.21e+03     1s
  13   5.78162828e+11  5.77942167e+11  1.79e+00 4.87e-02  1.09e+03     1s
  14   5.78109411e+11  5.77971331e+11  1.04e+00 3.56e-02  6.85e+02     1s
  15   5.78062056e+11  5.77999709e+11  4.29e-01 1.50e-02  3.09e+02     2s
  16   5.78045434e+11  5.78009706e+11  2.44e-01 6.46e-03  1.77e+02     2s
  17   5.78030281e+11  5.78015413e+11  9.03e-02 3.62e-03  7.37e+01     2s
  18   5.78025292e+11  5.78017539e+11  4.44e-02 1.51e-03  3.84e+01     2s
  19   5.78022424e+11  5.78018869e+11  2.03e-02 6.30e-04  1.76e+01     2s
  20   5.78020555e+11  5.78019452e+11  5.32e-03 2.11e-04  5.47e+00     2s
  21   5.78019968e+11  5.78019707e+11  1.10e-03 5.20e-05  1.29e+00     2s
  22   5.78019799e+11  5.78019770e+11  1.07e-04 3.26e-06  1.40e-01     2s

Barrier performed 22 iterations in 1.64 seconds (1.09 work units)
Barrier solve interrupted - model solved by another algorithm


Solved with dual simplex
Solved in 9434 iterations and 1.76 seconds (0.85 work units)
Optimal objective  5.780197767e+11

User-callback calls 153, time in user-callback 0.00 sec
[ Info:  started timer at: 2023-03-29T20:14:05.492
[ Info: Reading /projects/pvsoiling/RELOG/Manufacturing_NAICS_1/input/solver/case.json...
[ Info:          134 collection centers
[ Info:          309 candidate plant locations
[ Info: Building graph...
[ Info:           26 time periods
[ Info:          309 process nodes
[ Info:          309 shipping nodes (plant)
[ Info:          134 shipping nodes (collection)
[ Info:        41715 arcs
[ Info: Building optimization model...
[ Info: Optimizing MILP...
[ Info: Re-optimizing with integer variables fixed...
[ Info: Extracting solution...
[ Info:       3653.803172317s: 1 hour, 53 seconds, 803 milliseconds
