Set parameter TokenServer to value "license-1.hpc.nrel.gov"
Set parameter TimeLimit to value 3600
Set parameter MIPGap to value 0.001
Set parameter MIPGap to value 0.001
Set parameter TimeLimit to value 3600
Gurobi Optimizer version 9.5.1 build v9.5.1rc2 (linux64)
Thread count: 36 physical cores, 36 logical processors, using up to 32 threads
Optimize a model with 337848 rows, 1385332 columns and 2838644 nonzeros
Model fingerprint: 0x36506a78
Variable types: 1369264 continuous, 16068 integer (16068 binary)
Coefficient statistics:
  Matrix range     [3e-06, 1e+06]
  Objective range  [2e-01, 2e+07]
  Bounds range     [1e+04, 1e+08]
  RHS range        [1e-03, 2e+05]
Presolve removed 310262 rows and 289309 columns (presolve time = 5s) ...
Presolve removed 310262 rows and 289309 columns
Presolve time: 5.61s
Presolved: 27586 rows, 1096023 columns, 2219856 nonzeros
Variable types: 1092006 continuous, 4017 integer (4017 binary)

Deterministic concurrent LP optimizer: primal simplex, dual simplex, and barrier
Showing barrier log only...

Root barrier log...

Ordering time: 0.71s
Ordering time: 2.89s

Barrier statistics:
 Dense cols : 257
 AA' NZ     : 1.170e+06
 Factor NZ  : 1.234e+07 (roughly 600 MB of memory)
 Factor Ops : 2.079e+10 (less than 1 second per iteration)
 Threads    : 29

                  Objective                Residual
Iter       Primal          Dual         Primal    Dual     Compl     Time
   0   5.61985109e+13 -1.55395807e+14  4.10e+06 2.04e+04  3.93e+09    17s
   1   2.39829984e+13 -6.36664479e+13  1.74e+06 1.86e-09  1.65e+09    17s
   2   3.27261727e+12 -2.33543421e+13  2.37e+05 1.42e+03  2.29e+08    17s
   3   3.74984349e+11 -5.65194960e+12  2.66e+04 1.54e+02  2.73e+07    18s
   4   3.00441093e+10 -8.28455257e+11  1.54e+03 1.37e+01  1.76e+06    18s
   5   1.03616245e+10 -3.74919668e+11  1.13e+02 4.03e+00  2.67e+05    19s
   6   9.86721999e+09 -2.68498008e+11  8.02e+01 2.79e+00  1.87e+05    19s
   7   9.09724973e+09 -1.50579753e+11  2.97e+01 1.49e+00  9.21e+04    19s
   8   8.72257633e+09 -1.09936040e+11  1.52e+01 1.09e+00  6.30e+04    19s
   9   7.65360919e+09 -7.61560225e+10  2.78e+00 7.81e-01  3.95e+04    20s
  10   6.17202217e+09 -2.60203049e+10  1.43e+00 2.75e-01  1.51e+04    20s
  11   5.19152590e+09 -2.51787635e+09  7.81e-01 4.91e-02  3.63e+03    20s
  12   4.72571748e+09 -5.74414427e+08  6.16e-01 3.17e-02  2.47e+03    21s
  13   4.58685534e+09  1.74006276e+08  5.30e-01 2.56e-02  2.06e+03    21s
  14   4.39109073e+09  9.54655051e+08  3.94e-01 1.98e-02  1.60e+03    21s
  15   4.22652740e+09  1.43181467e+09  2.99e-01 1.58e-02  1.29e+03    21s
  16   3.81028120e+09  1.85866231e+09  4.25e-01 1.28e-02  8.93e+02    22s
  17   3.66811499e+09  2.26475247e+09  3.45e-01 8.64e-03  6.41e+02    22s
  18   3.56635152e+09  2.45974562e+09  2.90e-01 6.72e-03  5.05e+02    23s
  19   3.50395399e+09  2.58756985e+09  2.53e-01 5.25e-03  4.18e+02    23s
  20   3.45471851e+09  2.66839494e+09  2.29e-01 4.34e-03  3.59e+02    24s
  21   3.42492527e+09  2.73651907e+09  2.12e-01 3.57e-03  3.14e+02    25s
  22   3.37212981e+09  2.76339606e+09  1.81e-01 3.28e-03  2.77e+02    25s
  23   3.36816759e+09  2.77640258e+09  1.79e-01 3.13e-03  2.70e+02    26s
  24   3.31905744e+09  2.80379472e+09  1.54e-01 2.91e-03  2.35e+02    27s
  25   3.26645332e+09  2.83012694e+09  1.23e-01 2.62e-03  1.99e+02    27s
  26   3.23042095e+09  2.86779506e+09  1.08e-01 2.14e-03  1.65e+02    28s
  27   3.21355403e+09  2.89092960e+09  9.87e-02 1.77e-03  1.47e+02    29s
  28   3.16789721e+09  2.90830811e+09  7.80e-02 1.49e-03  1.18e+02    29s
  29   3.12919901e+09  2.91406479e+09  6.04e-02 1.39e-03  9.77e+01    30s
  30   3.10278230e+09  2.92762802e+09  4.89e-02 1.15e-03  7.95e+01    31s
  31   3.09283349e+09  2.93650146e+09  4.49e-02 9.85e-04  7.10e+01    31s
  32   3.08105248e+09  2.94622339e+09  4.08e-02 7.91e-04  6.12e+01    32s
  33   3.05885919e+09  2.95212360e+09  3.20e-02 6.50e-04  4.84e+01    33s

Barrier performed 33 iterations in 32.82 seconds (25.43 work units)
Barrier solve interrupted - model solved by another algorithm

Concurrent spin time: 4.79s (can be avoided by choosing Method=3)

Solved with primal simplex

Root relaxation: objective 2.974669e+09, 300598 iterations, 25.08 seconds (17.72 work units)

    Nodes    |    Current Node    |     Objective Bounds      |     Work
 Expl Unexpl |  Obj  Depth IntInf | Incumbent    BestBd   Gap | It/Node Time

     0     0 2.9747e+09    0  166          - 2.9747e+09      -     -   34s
H    0     0                    3.209630e+09 2.9747e+09  7.32%     -   37s
H    0     0                    3.208069e+09 2.9747e+09  7.28%     -   44s
     0     0 2.9755e+09    0  184 3.2081e+09 2.9755e+09  7.25%     -   61s
H    0     0                    3.206415e+09 2.9755e+09  7.20%     -   65s
     0     0 2.9755e+09    0  190 3.2064e+09 2.9755e+09  7.20%     -   76s
     0     0 2.9755e+09    0  188 3.2064e+09 2.9755e+09  7.20%     -   77s
     0     0 2.9755e+09    0  190 3.2064e+09 2.9755e+09  7.20%     -   78s
     0     0 2.9755e+09    0  187 3.2064e+09 2.9755e+09  7.20%     -   80s
     0     0 2.9755e+09    0  188 3.2064e+09 2.9755e+09  7.20%     -   81s
     0     0 2.9755e+09    0  188 3.2064e+09 2.9755e+09  7.20%     -   82s
     0     0 2.9761e+09    0  180 3.2064e+09 2.9761e+09  7.18%     -  140s
H    0     0                    3.179876e+09 2.9761e+09  6.41%     -  141s
H    0     0                    3.179639e+09 2.9761e+09  6.40%     -  141s
     0     0 2.9761e+09    0  193 3.1796e+09 2.9761e+09  6.40%     -  187s
     0     0 2.9761e+09    0  190 3.1796e+09 2.9761e+09  6.40%     -  201s
     0     0 2.9761e+09    0  187 3.1796e+09 2.9761e+09  6.40%     -  211s
     0     0 2.9761e+09    0  184 3.1796e+09 2.9761e+09  6.40%     -  215s
     0     0 2.9761e+09    0  185 3.1796e+09 2.9761e+09  6.40%     -  217s
     0     0 2.9768e+09    0  194 3.1796e+09 2.9768e+09  6.38%     -  325s
H    0     0                    3.156125e+09 2.9768e+09  5.68%     -  326s
H    0     0                    3.155849e+09 2.9768e+09  5.67%     -  327s
     0     0 2.9769e+09    0  202 3.1558e+09 2.9769e+09  5.67%     -  373s
     0     0 2.9769e+09    0  204 3.1558e+09 2.9769e+09  5.67%     -  394s
     0     0 2.9769e+09    0  199 3.1558e+09 2.9769e+09  5.67%     -  406s
     0     0 2.9769e+09    0  197 3.1558e+09 2.9769e+09  5.67%     -  411s
     0     0 2.9769e+09    0  199 3.1558e+09 2.9769e+09  5.67%     -  414s
     0     0 2.9774e+09    0  256 3.1558e+09 2.9774e+09  5.65%     -  589s
     0     0 2.9775e+09    0  254 3.1558e+09 2.9775e+09  5.65%     -  647s
     0     0 2.9776e+09    0  255 3.1558e+09 2.9776e+09  5.65%     -  684s
     0     0 2.9776e+09    0  249 3.1558e+09 2.9776e+09  5.65%     -  707s
     0     0 2.9776e+09    0  264 3.1558e+09 2.9776e+09  5.65%     -  726s
     0     0 2.9776e+09    0  250 3.1558e+09 2.9776e+09  5.65%     -  737s
     0     0 2.9776e+09    0  261 3.1558e+09 2.9776e+09  5.65%     -  744s
     0     0 2.9776e+09    0  258 3.1558e+09 2.9776e+09  5.65%     -  750s
     0     0 2.9776e+09    0  259 3.1558e+09 2.9776e+09  5.65%     -  762s
     0     0 2.9776e+09    0  259 3.1558e+09 2.9776e+09  5.65%     -  767s
     0     0 2.9779e+09    0  245 3.1558e+09 2.9779e+09  5.64%     -  925s
H    0     0                    3.090628e+09 2.9779e+09  3.65%     -  950s
H    0     0                    3.089713e+09 2.9779e+09  3.62%     -  951s
H    0     0                    3.088291e+09 2.9779e+09  3.57%     -  951s
H    0     0                    3.014839e+09 2.9779e+09  1.22%     -  954s
     0     0 2.9780e+09    0  238 3.0148e+09 2.9780e+09  1.22%     - 1025s
     0     0 2.9780e+09    0  247 3.0148e+09 2.9780e+09  1.22%     - 1073s
     0     0 2.9780e+09    0  245 3.0148e+09 2.9780e+09  1.22%     - 1100s
     0     0 2.9780e+09    0  255 3.0148e+09 2.9780e+09  1.22%     - 1117s
     0     0 2.9780e+09    0  260 3.0148e+09 2.9780e+09  1.22%     - 1137s
     0     0 2.9780e+09    0  267 3.0148e+09 2.9780e+09  1.22%     - 1152s
     0     0 2.9780e+09    0  261 3.0148e+09 2.9780e+09  1.22%     - 1163s
     0     0 2.9782e+09    0  264 3.0148e+09 2.9782e+09  1.22%     - 1399s
H    0     0                    3.012013e+09 2.9782e+09  1.12%     - 1405s
     0     0 2.9782e+09    0  248 3.0120e+09 2.9782e+09  1.12%     - 1486s
     0     0 2.9783e+09    0  238 3.0120e+09 2.9783e+09  1.12%     - 1553s
     0     0 2.9783e+09    0  233 3.0120e+09 2.9783e+09  1.12%     - 1598s
     0     0 2.9783e+09    0  232 3.0120e+09 2.9783e+09  1.12%     - 1621s
     0     0 2.9783e+09    0  244 3.0120e+09 2.9783e+09  1.12%     - 1643s
     0     0 2.9783e+09    0  240 3.0120e+09 2.9783e+09  1.12%     - 1666s
     0     0 2.9783e+09    0  240 3.0120e+09 2.9783e+09  1.12%     - 1678s
     0     0 2.9784e+09    0  312 3.0120e+09 2.9784e+09  1.12%     - 1949s
     0     0 2.9784e+09    0  334 3.0120e+09 2.9784e+09  1.12%     - 2113s
     0     0 2.9784e+09    0  315 3.0120e+09 2.9784e+09  1.11%     - 2182s
     0     0 2.9784e+09    0  304 3.0120e+09 2.9784e+09  1.11%     - 2222s
     0     0 2.9784e+09    0  309 3.0120e+09 2.9784e+09  1.11%     - 2259s
     0     0 2.9784e+09    0  306 3.0120e+09 2.9784e+09  1.11%     - 2292s
     0     0 2.9786e+09    0  354 3.0120e+09 2.9786e+09  1.11%     - 2738s
H    0     0                    3.010526e+09 2.9786e+09  1.06%     - 2744s
     0     0 2.9786e+09    0  359 3.0105e+09 2.9786e+09  1.06%     - 2897s
     0     0 2.9786e+09    0  380 3.0105e+09 2.9786e+09  1.06%     - 3010s
     0     0 2.9786e+09    0  343 3.0105e+09 2.9786e+09  1.06%     - 3089s
     0     0 2.9786e+09    0  362 3.0105e+09 2.9786e+09  1.06%     - 3132s
     0     0 2.9786e+09    0  344 3.0105e+09 2.9786e+09  1.06%     - 3160s
     0     0 2.9786e+09    0  290 3.0105e+09 2.9786e+09  1.06%     - 3543s
     0     0          -    0      3.0105e+09 2.9786e+09  1.06%     - 3600s

Cutting planes:
  Implied bound: 9009
  MIR: 67
  Flow cover: 1270
  Flow path: 629
  Network: 3
  RLT: 82
  Relax-and-lift: 577

Explored 1 nodes (537249 simplex iterations) in 3600.08 seconds (3100.97 work units)
Thread count was 32 (of 36 available processors)

Solution count 10: 3.01053e+09 3.01201e+09 3.01484e+09 ... 3.17988e+09

Time limit reached
Best objective 3.010525521634e+09, best bound 2.978644978120e+09, gap 1.0590%

User-callback calls 24466, time in user-callback 0.02 sec
Set parameter TokenServer to value "license-1.hpc.nrel.gov"
Set parameter TimeLimit to value 3600
Set parameter MIPGap to value 0.001
Set parameter MIPGap to value 0.001
Set parameter TimeLimit to value 3600
Gurobi Optimizer version 9.5.1 build v9.5.1rc2 (linux64)
Thread count: 36 physical cores, 36 logical processors, using up to 32 threads
Optimize a model with 337848 rows, 1385332 columns and 2838644 nonzeros
Model fingerprint: 0xefadb479
Coefficient statistics:
  Matrix range     [3e-06, 1e+06]
  Objective range  [2e-01, 2e+07]
  Bounds range     [1e+00, 1e+08]
  RHS range        [1e-03, 2e+05]

Concurrent LP optimizer: primal simplex, dual simplex, and barrier
Showing barrier log only...

Presolve removed 334310 rows and 1287445 columns
Presolve time: 1.47s
Presolved: 3538 rows, 97887 columns, 195050 nonzeros

Ordering time: 0.01s

Barrier statistics:
 AA' NZ     : 9.703e+04
 Factor NZ  : 1.711e+05 (roughly 40 MB of memory)
 Factor Ops : 9.717e+06 (less than 1 second per iteration)
 Threads    : 30

                  Objective                Residual
Iter       Primal          Dual         Primal    Dual     Compl     Time
   0   6.67804052e+12 -2.81676711e+11  9.44e+07 1.71e+02  2.96e+08     2s
   1   1.95390161e+12 -8.59874362e+10  2.76e+07 3.98e-13  8.74e+07     2s
   2   3.08165817e+11 -5.45695652e+09  4.31e+06 1.53e-12  1.38e+07     2s
   3   6.28176655e+09 -2.28985356e+09  3.98e+04 2.70e-11  1.83e+05     2s
   4   3.92461678e+09  1.33811258e+09  7.33e+03 9.38e-12  4.14e+04     2s
   5   3.35153756e+09  1.99572800e+09  8.42e+02 5.85e-12  1.52e+04     2s
   6   3.24719994e+09  2.56500165e+09  2.60e+02 2.61e-12  7.23e+03     2s
   7   3.18413560e+09  2.77806128e+09  1.39e+02 1.48e-12  4.24e+03     2s
   8   3.09392107e+09  2.90427926e+09  2.38e+01 6.82e-13  1.93e+03     2s
   9   3.06351662e+09  2.95935170e+09  1.09e+01 3.13e-13  1.05e+03     2s
  10   3.03186899e+09  2.98557385e+09  3.38e+00 2.42e-13  4.67e+02     2s
  11   3.02035648e+09  2.99655385e+09  1.46e+00 2.42e-13  2.40e+02     2s
  12   3.01474067e+09  3.00237346e+09  7.10e-01 4.69e-13  1.25e+02     2s
  13   3.01120533e+09  3.00438230e+09  3.07e-01 4.69e-13  6.87e+01     2s
  14   3.01003275e+09  3.00606929e+09  1.90e-01 2.42e-13  3.99e+01     2s
  15   3.00878020e+09  3.00689123e+09  7.59e-02 1.14e-13  1.90e+01     2s
  16   3.00829189e+09  3.00726237e+09  3.74e-02 1.14e-13  1.04e+01     2s
  17   3.00790553e+09  3.00752330e+09  8.10e-03 8.91e-14  3.84e+00     2s
  18   3.00782860e+09  3.00766133e+09  3.32e-03 1.14e-13  1.68e+00     2s
  19   3.00777633e+09  3.00771301e+09  7.67e-04 1.14e-13  6.37e-01     2s
  20   3.00776586e+09  3.00774616e+09  2.67e-04 6.29e-14  1.98e-01     2s
  21   3.00776032e+09  3.00775533e+09  6.80e-05 8.92e-14  5.02e-02     2s
  22   3.00775897e+09  3.00775804e+09  2.34e-05 1.71e-13  9.40e-03     2s
  23   3.00775825e+09  3.00775824e+09  2.17e-07 1.71e-13  8.98e-05     2s
  24   3.00775824e+09  3.00775824e+09  2.42e-07 3.71e-12  2.62e-06     2s
  25   3.00775824e+09  3.00775824e+09  6.55e-10 1.99e-13  2.62e-09     2s

Barrier solved model in 25 iterations and 1.97 seconds (1.28 work units)
Optimal objective 3.00775824e+09

Crossover log...

     181 DPushes remaining with DInf 0.0000000e+00                 2s
       0 DPushes remaining with DInf 0.0000000e+00                 2s

     394 PPushes remaining with PInf 0.0000000e+00                 2s
       0 PPushes remaining with PInf 0.0000000e+00                 2s

  Push phase complete: Pinf 0.0000000e+00, Dinf 1.3983481e-11      2s

Iteration    Objective       Primal Inf.    Dual Inf.      Time
     578    3.0077582e+09   0.000000e+00   0.000000e+00      3s

Solved with primal simplex
Solved in 20010 iterations and 2.62 seconds (1.15 work units)
Optimal objective  3.007758243e+09

User-callback calls 794, time in user-callback 0.00 sec
[ Info:  started timer at: 2023-03-27T04:10:51.052
[ Info: Reading /projects/pvsoiling/RELOG/Recycling_cap_NAICS_2/input/solver/case.json...
[ Info:          134 collection centers
[ Info:          309 candidate plant locations
[ Info: Building graph...
[ Info:           26 time periods
[ Info:          309 process nodes
[ Info:         4944 shipping nodes (plant)
[ Info:          134 shipping nodes (collection)
[ Info:        46350 arcs
[ Info: Building optimization model...
[ Info: Optimizing MILP...
[ Info: Re-optimizing with integer variables fixed...
[ Info: Extracting solution...
[ Info:        3656.39592757s: 1 hour, 56 seconds, 395 milliseconds
