Set parameter TokenServer to value "license-1.hpc.nrel.gov"
Set parameter TimeLimit to value 3600
Set parameter MIPGap to value 0.001
Set parameter MIPGap to value 0.001
Set parameter TimeLimit to value 3600
Gurobi Optimizer version 9.5.1 build v9.5.1rc2 (linux64)
Thread count: 36 physical cores, 36 logical processors, using up to 32 threads
Optimize a model with 79596 rows, 989456 columns and 2026080 nonzeros
Model fingerprint: 0xd16b876e
Variable types: 975520 continuous, 13936 integer (13936 binary)
Coefficient statistics:
  Matrix range     [1e+00, 5e+04]
  Objective range  [2e-01, 8e+08]
  Bounds range     [5e+04, 1e+08]
  RHS range        [8e-01, 2e+06]
Presolve removed 69146 rows and 56012 columns
Presolve time: 3.52s
Presolved: 10450 rows, 933444 columns, 1873320 nonzeros
Variable types: 933176 continuous, 268 integer (268 binary)

Deterministic concurrent LP optimizer: primal and dual simplex
Showing first log only...


Root simplex log...

Iteration    Objective       Primal Inf.    Dual Inf.      Time
       0    5.6554173e+11   2.860221e+06   3.285774e+11      7s
Concurrent spin time: 0.02s

Solved with dual simplex

Root relaxation: infeasible, 15191 iterations, 2.30 seconds (1.41 work units)

    Nodes    |    Current Node    |     Objective Bounds      |     Work
 Expl Unexpl |  Obj  Depth IntInf | Incumbent    BestBd   Gap | It/Node Time

     0     0 infeasible    0               - infeasible      -     -    7s

Explored 1 nodes (15191 simplex iterations) in 7.27 seconds (7.37 work units)
Thread count was 32 (of 36 available processors)

Solution count 0

Model is infeasible or unbounded
Best objective -, best bound -, gap -

User-callback calls 968, time in user-callback 0.00 sec
[ Info:  started timer at: 2023-03-24T13:05:17.165
[ Info: Reading /projects/pvsoiling/RELOG/Manufacturing_cap_40209_05/input/solver/case.json...
[ Info:          134 collection centers
[ Info:          268 candidate plant locations
[ Info: Building graph...
[ Info:               26 time periods
[ Info:              268 process nodes
[ Info:              268 shipping nodes (plant)
[ Info:              134 shipping nodes (collection)
[ Info:            36180 arcs
[ Info: Building optimization model...
[ Info: Optimizing MILP...
