Set parameter TokenServer to value "license-1.hpc.nrel.gov"
Set parameter TimeLimit to value 3600
Set parameter MIPGap to value 0.001
Set parameter MIPGap to value 0.001
Set parameter TimeLimit to value 3600
Gurobi Optimizer version 9.5.1 build v9.5.1rc2 (linux64)
Thread count: 36 physical cores, 36 logical processors, using up to 32 threads
Optimize a model with 332904 rows, 1385332 columns and 2833700 nonzeros
Model fingerprint: 0xcba8f28c
Variable types: 1369264 continuous, 16068 integer (16068 binary)
Coefficient statistics:
  Matrix range     [3e-06, 1e+06]
  Objective range  [2e-01, 2e+07]
  Bounds range     [7e+04, 1e+08]
  RHS range        [1e-03, 2e+05]
Presolve removed 303464 rows and 282820 columns (presolve time = 5s) ...
Presolve removed 303464 rows and 282820 columns
Presolve time: 5.72s
Presolved: 29440 rows, 1102512 columns, 2243031 nonzeros
Variable types: 1092006 continuous, 10506 integer (10506 binary)

Deterministic concurrent LP optimizer: primal simplex, dual simplex, and barrier
Showing barrier log only...

Root barrier log...

Ordering time: 0.99s
Ordering time: 1.96s

Barrier statistics:
 AA' NZ     : 1.185e+06
 Factor NZ  : 2.109e+07 (roughly 600 MB of memory)
 Factor Ops : 5.106e+10 (less than 1 second per iteration)
 Threads    : 29

                  Objective                Residual
Iter       Primal          Dual         Primal    Dual     Compl     Time
   0   2.58500019e+14 -4.68126838e+14  7.39e+06 9.84e+03  7.49e+09    16s
   1   6.78964175e+13 -1.37886964e+14  1.94e+06 3.73e-09  1.94e+09    16s
   2   1.47681864e+13 -3.06519442e+13  4.22e+05 7.45e-09  4.24e+08    17s
   3   1.60648308e+12 -9.94110047e+12  4.57e+04 3.73e-09  4.89e+07    17s
   4   1.53416153e+11 -1.44458748e+12  4.17e+03 3.73e-09  4.55e+06    18s
   5   1.83349450e+10 -3.94273744e+11  3.14e+02 3.73e-09  4.57e+05    18s
   6   1.43328820e+10 -2.61265038e+11  2.05e+02 3.73e-09  2.91e+05    18s
   7   9.56303549e+09 -8.29493711e+10  8.00e+01 5.59e-09  9.61e+04    18s
   8   6.68124924e+09 -3.56922035e+10  8.36e+00 3.73e-09  2.40e+04    19s
   9   4.18311329e+09 -1.13669886e+10  2.21e+00 3.73e-09  7.81e+03    19s
  10   4.00347408e+09 -8.78537280e+09  1.69e+00 3.73e-09  6.31e+03    19s
  11   3.94150493e+09 -5.67683905e+09  1.51e+00 3.73e-09  4.74e+03    19s
  12   3.86908747e+09 -4.48703445e+09  1.33e+00 3.73e-09  4.09e+03    19s
  13   3.61582684e+09 -2.54682605e+09  7.86e-01 7.45e-09  2.93e+03    20s
  14   3.47914541e+09 -8.93481449e+08  6.02e-01 3.73e-09  2.07e+03    20s
  15   3.27834345e+09  4.83781307e+08  3.63e-01 3.73e-09  1.30e+03    20s
  16   3.12568629e+09  1.08672288e+09  2.45e-01 3.73e-09  9.42e+02    21s
  17   2.99644836e+09  1.54275903e+09  1.95e-01 3.73e-09  6.67e+02    21s
  18   2.90817299e+09  1.79863151e+09  1.43e-01 7.45e-09  5.07e+02    21s
  19   2.84825277e+09  1.96399096e+09  1.28e-01 3.73e-09  4.03e+02    21s
  20   2.72569304e+09  2.11194740e+09  2.70e-01 3.73e-09  2.78e+02    21s
  21   2.67756266e+09  2.22260197e+09  4.51e-01 3.73e-09  2.06e+02    22s
  22   2.65416169e+09  2.24910412e+09  5.20e-01 3.73e-09  1.83e+02    22s
  23   2.63943458e+09  2.26524165e+09  5.48e-01 3.73e-09  1.69e+02    22s
  24   2.59092648e+09  2.34756413e+09  6.22e-01 3.73e-09  1.10e+02    23s
  25   2.55495616e+09  2.40103514e+09  6.60e-01 3.73e-09  6.94e+01    23s
  26   2.51190539e+09  2.42550347e+09  2.41e-01 3.73e-09  3.89e+01    23s
  27   2.49927429e+09  2.44204553e+09  1.54e-01 3.73e-09  2.58e+01    24s
  28   2.48842055e+09  2.44715844e+09  9.32e-02 3.73e-09  1.86e+01    24s
  29   2.48315993e+09  2.45416812e+09  6.81e-02 3.73e-09  1.31e+01    25s
  30   2.47903784e+09  2.45824443e+09  4.83e-02 3.73e-09  9.36e+00    25s
  31   2.47500045e+09  2.46030018e+09  3.20e-02 3.73e-09  6.62e+00    25s
  32   2.47037074e+09  2.46177408e+09  1.64e-02 3.73e-09  3.87e+00    26s
  33   2.46772989e+09  2.46332930e+09  8.41e-03 3.73e-09  1.98e+00    26s
  34   2.46637299e+09  2.46373062e+09  4.67e-03 7.45e-09  1.19e+00    26s
  35   2.46560566e+09  2.46409389e+09  2.64e-03 3.73e-09  6.81e-01    27s
  36   2.46535144e+09  2.46422038e+09  2.01e-03 3.73e-09  5.09e-01    27s
  37   2.46509408e+09  2.46428884e+09  1.40e-03 7.45e-09  3.63e-01    27s
  38   2.46483367e+09  2.46436011e+09  7.92e-04 3.73e-09  2.13e-01    27s
  39   2.46474629e+09  2.46438773e+09  6.00e-04 3.73e-09  1.61e-01    28s
  40   2.46466041e+09  2.46440790e+09  4.18e-04 3.73e-09  1.14e-01    28s
  41   2.46457422e+09  2.46441546e+09  2.42e-04 3.73e-09  7.15e-02    28s
  42   2.46453477e+09  2.46443093e+09  1.63e-04 3.73e-09  4.68e-02    28s
  43   2.46448831e+09  2.46443633e+09  7.54e-05 3.73e-09  2.34e-02    28s
  44   2.46447058e+09  2.46444079e+09  4.12e-05 3.73e-09  1.34e-02    29s
  45   2.46445660e+09  2.46444330e+09  1.53e-05 3.73e-09  5.99e-03    29s
  46   2.46445180e+09  2.46444546e+09  6.92e-06 3.73e-09  2.85e-03    29s
  47   2.46444938e+09  2.46444649e+09  2.83e-06 3.73e-09  1.30e-03    29s
  48   2.46444901e+09  2.46444677e+09  2.24e-06 3.73e-09  1.01e-03    30s
  49   2.46444797e+09  2.46444713e+09  5.18e-07 3.73e-09  3.75e-04    30s
  50   2.46444786e+09  2.46444742e+09  3.53e-07 7.45e-09  2.00e-04    30s
  51   2.46444774e+09  2.46444761e+09  1.71e-07 7.45e-09  5.93e-05    30s
  52   2.46444764e+09  2.46444763e+09  4.72e-08 3.73e-09  4.54e-06    31s
  53   2.46444764e+09  2.46444764e+09  1.30e-09 3.73e-09  4.29e-07    31s
  54   2.46444764e+09  2.46444764e+09  4.91e-11 7.45e-09  4.70e-09    31s

Barrier solved model in 54 iterations and 31.28 seconds (29.78 work units)
Optimal objective 2.46444764e+09


Root crossover log...

   27627 DPushes remaining with DInf 8.9086866e-03                31s
       0 DPushes remaining with DInf 0.0000000e+00                32s

     338 PPushes remaining with PInf 0.0000000e+00                32s
       0 PPushes remaining with PInf 0.0000000e+00                32s

  Push phase complete: Pinf 0.0000000e+00, Dinf 3.7149176e+01     32s


Root simplex log...

Iteration    Objective       Primal Inf.    Dual Inf.      Time
   18524    2.4644476e+09   0.000000e+00   3.714918e+01     32s
   18526    2.4644476e+09   0.000000e+00   0.000000e+00     32s
   18526    2.4644476e+09   0.000000e+00   0.000000e+00     32s
Concurrent spin time: 1.67s

Solved with barrier

Root relaxation: objective 2.464448e+09, 18526 iterations, 26.07 seconds (21.80 work units)

    Nodes    |    Current Node    |     Objective Bounds      |     Work
 Expl Unexpl |  Obj  Depth IntInf | Incumbent    BestBd   Gap | It/Node Time

     0     0 2.4644e+09    0  209          - 2.4644e+09      -     -   37s
H    0     0                    2.649889e+09 2.4644e+09  7.00%     -   38s
H    0     0                    2.634035e+09 2.4644e+09  6.44%     -   39s
H    0     0                    2.628973e+09 2.4644e+09  6.26%     -   41s
H    0     0                    2.628412e+09 2.4644e+09  6.24%     -   45s
     0     0 2.4695e+09    0  265 2.6284e+09 2.4695e+09  6.04%     -   58s
H    0     0                    2.569036e+09 2.4695e+09  3.87%     -   63s
     0     0 2.4702e+09    0  250 2.5690e+09 2.4702e+09  3.85%     -   73s
     0     0 2.4702e+09    0  253 2.5690e+09 2.4702e+09  3.85%     -   76s
     0     0 2.4703e+09    0  248 2.5690e+09 2.4703e+09  3.84%     -   77s
     0     0 2.4703e+09    0  255 2.5690e+09 2.4703e+09  3.84%     -   79s
     0     0 2.4703e+09    0  260 2.5690e+09 2.4703e+09  3.84%     -   80s
     0     0 2.4703e+09    0  251 2.5690e+09 2.4703e+09  3.84%     -   82s
     0     0 2.4703e+09    0  260 2.5690e+09 2.4703e+09  3.84%     -   83s
     0     0 2.4703e+09    0  253 2.5690e+09 2.4703e+09  3.84%     -   84s
     0     0 2.4703e+09    0  253 2.5690e+09 2.4703e+09  3.84%     -   85s
     0     0 2.4725e+09    0  279 2.5690e+09 2.4725e+09  3.76%     -  134s
     0     0 2.4731e+09    0  264 2.5690e+09 2.4731e+09  3.73%     -  174s
     0     0 2.4732e+09    0  279 2.5690e+09 2.4732e+09  3.73%     -  186s
     0     0 2.4733e+09    0  270 2.5690e+09 2.4733e+09  3.73%     -  195s
     0     0 2.4733e+09    0  273 2.5690e+09 2.4733e+09  3.73%     -  200s
     0     0 2.4733e+09    0  264 2.5690e+09 2.4733e+09  3.73%     -  204s
     0     0 2.4733e+09    0  266 2.5690e+09 2.4733e+09  3.73%     -  207s
     0     0 2.4733e+09    0  266 2.5690e+09 2.4733e+09  3.73%     -  210s
     0     0 2.4733e+09    0  267 2.5690e+09 2.4733e+09  3.73%     -  213s
     0     0 2.4733e+09    0  267 2.5690e+09 2.4733e+09  3.73%     -  214s
     0     0 2.4750e+09    0  243 2.5690e+09 2.4750e+09  3.66%     -  290s
H    0     0                    2.528431e+09 2.4750e+09  2.11%     -  302s
     0     0 2.4755e+09    0  242 2.5284e+09 2.4755e+09  2.09%     -  339s
     0     0 2.4756e+09    0  234 2.5284e+09 2.4756e+09  2.09%     -  355s
     0     0 2.4756e+09    0  221 2.5284e+09 2.4756e+09  2.09%     -  365s
     0     0 2.4756e+09    0  221 2.5284e+09 2.4756e+09  2.09%     -  373s
     0     0 2.4757e+09    0  219 2.5284e+09 2.4757e+09  2.09%     -  379s
     0     0 2.4757e+09    0  221 2.5284e+09 2.4757e+09  2.09%     -  382s
     0     0 2.4757e+09    0  213 2.5284e+09 2.4757e+09  2.09%     -  384s
     0     0 2.4757e+09    0  212 2.5284e+09 2.4757e+09  2.09%     -  386s
     0     0 2.4757e+09    0  220 2.5284e+09 2.4757e+09  2.09%     -  390s
     0     0 2.4757e+09    0  212 2.5284e+09 2.4757e+09  2.09%     -  392s
     0     0 2.4769e+09    0  238 2.5284e+09 2.4769e+09  2.04%     -  494s
     0     0 2.4772e+09    0  226 2.5284e+09 2.4772e+09  2.03%     -  554s
     0     0 2.4772e+09    0  222 2.5284e+09 2.4772e+09  2.03%     -  571s
     0     0 2.4772e+09    0  231 2.5284e+09 2.4772e+09  2.02%     -  581s
     0     0 2.4772e+09    0  231 2.5284e+09 2.4772e+09  2.02%     -  586s
     0     0 2.4772e+09    0  231 2.5284e+09 2.4772e+09  2.02%     -  590s
     0     0 2.4777e+09    0  265 2.5284e+09 2.4777e+09  2.01%     -  672s
     0     0 2.4778e+09    0  256 2.5284e+09 2.4778e+09  2.00%     -  715s
     0     0 2.4778e+09    0  250 2.5284e+09 2.4778e+09  2.00%     -  736s
     0     0 2.4778e+09    0  250 2.5284e+09 2.4778e+09  2.00%     -  747s
     0     0 2.4778e+09    0  256 2.5284e+09 2.4778e+09  2.00%     -  758s
     0     0 2.4778e+09    0  260 2.5284e+09 2.4778e+09  2.00%     -  766s
     0     0 2.4780e+09    0  268 2.5284e+09 2.4780e+09  1.99%     -  891s
     0     0 2.4780e+09    0  261 2.5284e+09 2.4780e+09  1.99%     -  927s
     0     0 2.4781e+09    0  317 2.5284e+09 2.4781e+09  1.99%     -  951s
     0     0 2.4781e+09    0  280 2.5284e+09 2.4781e+09  1.99%     -  971s
     0     0 2.4781e+09    0  279 2.5284e+09 2.4781e+09  1.99%     -  982s
     0     0 2.4783e+09    0  195 2.5284e+09 2.4783e+09  1.98%     - 1138s
H    0     0                    2.527163e+09 2.4783e+09  1.94%     - 1139s
     0     0 2.4783e+09    0  290 2.5272e+09 2.4783e+09  1.93%     - 1205s
     0     0 2.4783e+09    0  209 2.5272e+09 2.4783e+09  1.93%     - 1257s
     0     0 2.4783e+09    0  201 2.5272e+09 2.4783e+09  1.93%     - 1277s
     0     0 2.4783e+09    0  115 2.5272e+09 2.4783e+09  1.93%     - 1369s
H    0     0                    2.513591e+09 2.4783e+09  1.40%     - 1371s
     0     0 2.4784e+09    0  374 2.5136e+09 2.4784e+09  1.40%     - 1432s
     0     0 2.4784e+09    0   41 2.5136e+09 2.4784e+09  1.40%     - 1483s
     0     0 2.4784e+09    0   72 2.5136e+09 2.4784e+09  1.40%     - 1512s
     0     0 2.4784e+09    0   52 2.5136e+09 2.4784e+09  1.40%     - 1560s
H    0     0                    2.494926e+09 2.4784e+09  0.66%     - 1573s
     0     0 2.4784e+09    0   35 2.4949e+09 2.4784e+09  0.66%     - 1600s
     0     0 2.4784e+09    0   24 2.4949e+09 2.4784e+09  0.66%     - 1638s
H    0     0                    2.492091e+09 2.4784e+09  0.55%     - 1639s
H    0     0                    2.491972e+09 2.4784e+09  0.54%     - 1641s
     0     0 2.4784e+09    0   27 2.4920e+09 2.4784e+09  0.54%     - 1643s
     0     0 2.4784e+09    0   55 2.4920e+09 2.4784e+09  0.54%     - 1679s
     0     0 2.4784e+09    0   55 2.4920e+09 2.4784e+09  0.54%     - 1691s
H    0     0                    2.487258e+09 2.4784e+09  0.35%     - 1700s
H    0     0                    2.485279e+09 2.4784e+09  0.28%     - 1747s
     0     0 2.4784e+09    0  218 2.4853e+09 2.4784e+09  0.28%     - 1785s
     0     0 2.4784e+09    0  263 2.4853e+09 2.4784e+09  0.28%     - 1811s
     0     0 2.4784e+09    0  289 2.4853e+09 2.4784e+09  0.28%     - 1866s
     0     0 2.4784e+09    0  256 2.4853e+09 2.4784e+09  0.28%     - 1933s
     0     0 2.4784e+09    0  303 2.4853e+09 2.4784e+09  0.28%     - 2019s
     0     0 2.4784e+09    0  282 2.4853e+09 2.4784e+09  0.28%     - 2099s
     0     0 2.4784e+09    0  368 2.4853e+09 2.4784e+09  0.28%     - 2237s
     0     0 2.4784e+09    0  351 2.4853e+09 2.4784e+09  0.28%     - 2305s
     0     0 2.4784e+09    0  300 2.4853e+09 2.4784e+09  0.28%     - 2381s
     0     0 2.4784e+09    0  232 2.4853e+09 2.4784e+09  0.28%     - 2429s
     0     0 2.4784e+09    0  340 2.4853e+09 2.4784e+09  0.28%     - 2486s
     0     0 2.4784e+09    0  255 2.4853e+09 2.4784e+09  0.28%     - 2532s
     0     0 2.4784e+09    0  131 2.4853e+09 2.4784e+09  0.28%     - 2564s
     0     0 2.4784e+09    0  133 2.4853e+09 2.4784e+09  0.28%     - 2570s
     0     0 2.4784e+09    0   27 2.4853e+09 2.4784e+09  0.28%     - 2575s
     0     0 2.4784e+09    0   27 2.4853e+09 2.4784e+09  0.28%     - 2589s
     0     0 2.4785e+09    0   27 2.4853e+09 2.4785e+09  0.27%     - 2610s
     0     0 2.4785e+09    0   27 2.4853e+09 2.4785e+09  0.27%     - 2616s
     0     0 2.4785e+09    0  215 2.4853e+09 2.4785e+09  0.27%     - 2737s
     0     0 2.4785e+09    0  264 2.4853e+09 2.4785e+09  0.27%     - 2761s
     0     0 2.4785e+09    0  283 2.4853e+09 2.4785e+09  0.27%     - 2790s
     0     0 2.4785e+09    0  250 2.4853e+09 2.4785e+09  0.27%     - 2819s
     0     0 2.4785e+09    0  268 2.4853e+09 2.4785e+09  0.27%     - 2875s
     0     0 2.4785e+09    0  281 2.4853e+09 2.4785e+09  0.27%     - 2967s
     0     0 2.4785e+09    0  316 2.4853e+09 2.4785e+09  0.27%     - 3048s
     0     0 2.4785e+09    0  340 2.4853e+09 2.4785e+09  0.27%     - 3096s
     0     0 2.4785e+09    0  359 2.4853e+09 2.4785e+09  0.27%     - 3151s
     0     0 2.4785e+09    0  346 2.4853e+09 2.4785e+09  0.27%     - 3182s
     0     0 2.4785e+09    0  346 2.4853e+09 2.4785e+09  0.27%     - 3201s
     0     0 2.4785e+09    0  359 2.4853e+09 2.4785e+09  0.27%     - 3220s
     0     0 2.4785e+09    0  335 2.4853e+09 2.4785e+09  0.27%     - 3235s
     0     0 2.4785e+09    0  314 2.4853e+09 2.4785e+09  0.27%     - 3255s
     0     0 2.4785e+09    0  260 2.4853e+09 2.4785e+09  0.27%     - 3275s
     0     0 2.4785e+09    0  250 2.4853e+09 2.4785e+09  0.27%     - 3287s
     0     0 2.4785e+09    0  182 2.4853e+09 2.4785e+09  0.27%     - 3301s
     0     0 2.4785e+09    0  182 2.4853e+09 2.4785e+09  0.27%     - 3307s
     0     0 2.4785e+09    0   37 2.4853e+09 2.4785e+09  0.27%     - 3366s
     0     0 2.4785e+09    0   27 2.4853e+09 2.4785e+09  0.27%     - 3382s
     0     0 2.4785e+09    0  292 2.4853e+09 2.4785e+09  0.27%     - 3458s
     0     0 2.4785e+09    0  283 2.4853e+09 2.4785e+09  0.27%     - 3484s
     0     0 2.4785e+09    0  283 2.4853e+09 2.4785e+09  0.27%     - 3486s
     0     2 2.4785e+09    0  283 2.4853e+09 2.4785e+09  0.27%     - 3573s
     1     4 2.4786e+09    1  314 2.4853e+09 2.4786e+09  0.27%  3579 3600s

Cutting planes:
  Implied bound: 8367
  MIR: 41
  Flow cover: 1757
  Flow path: 650
  RLT: 117
  Relax-and-lift: 914

Explored 2 nodes (906290 simplex iterations) in 3600.96 seconds (4847.75 work units)
Thread count was 32 (of 36 available processors)

Solution count 10: 2.48528e+09 2.48726e+09 2.49197e+09 ... 2.63404e+09

Time limit reached
Best objective 2.485278817443e+09, best bound 2.478637216344e+09, gap 0.2672%

User-callback calls 147492, time in user-callback 0.11 sec
Set parameter TokenServer to value "license-1.hpc.nrel.gov"
Set parameter TimeLimit to value 3600
Set parameter MIPGap to value 0.001
Set parameter MIPGap to value 0.001
Set parameter TimeLimit to value 3600
Gurobi Optimizer version 9.5.1 build v9.5.1rc2 (linux64)
Thread count: 36 physical cores, 36 logical processors, using up to 32 threads
Optimize a model with 332904 rows, 1385332 columns and 2833700 nonzeros
Model fingerprint: 0x9d75d791
Coefficient statistics:
  Matrix range     [3e-06, 1e+06]
  Objective range  [2e-01, 2e+07]
  Bounds range     [1e+00, 1e+08]
  RHS range        [1e-03, 2e+05]

Concurrent LP optimizer: primal simplex, dual simplex, and barrier
Showing barrier log only...

Presolve removed 330228 rows and 1368599 columns
Presolve time: 1.13s
Presolved: 2676 rows, 16733 columns, 33336 nonzeros

Ordering time: 0.00s

Barrier statistics:
 AA' NZ     : 1.567e+04
 Factor NZ  : 2.606e+04 (roughly 8 MB of memory)
 Factor Ops : 3.729e+05 (less than 1 second per iteration)
 Threads    : 1

                  Objective                Residual
Iter       Primal          Dual         Primal    Dual     Compl     Time
   0   1.07961642e+12 -3.47528826e+10  9.37e+07 1.26e+02  2.06e+08     1s
   1   2.73683997e+11 -1.19948278e+10  2.35e+07 3.20e-13  5.26e+07     1s
   2   4.07061427e+10 -1.90847429e+09  3.29e+06 8.53e-13  7.56e+06     1s
   3   3.21238869e+09  5.06040492e+08  3.48e+04 1.19e-12  2.04e+05     1s
   4   2.70218197e+09  2.11129390e+09  2.14e+03 2.84e-13  3.52e+04     1s
   5   2.59432003e+09  2.35311069e+09  5.24e+02 7.11e-13  1.38e+04     1s
   6   2.52130642e+09  2.42750068e+09  7.96e+01 6.39e-13  5.27e+03     1s
   7   2.50381833e+09  2.46613331e+09  2.85e+01 3.13e-13  2.11e+03     1s
   8   2.49323635e+09  2.47571678e+09  9.82e+00 2.27e-13  9.79e+02     1s
   9   2.48815937e+09  2.48144527e+09  2.72e+00 3.27e-13  3.75e+02     1s
  10   2.48707658e+09  2.48252675e+09  1.60e+00 3.27e-13  2.54e+02     1s
  11   2.48565736e+09  2.48431877e+09  2.22e-01 4.55e-13  7.47e+01     1s
  12   2.48540500e+09  2.48498764e+09  6.01e-02 6.39e-13  2.33e+01     1s
  13   2.48530836e+09  2.48520748e+09  1.22e-02 7.82e-13  5.63e+00     1s
  14   2.48528229e+09  2.48527202e+09  5.55e-04 6.39e-13  5.73e-01     1s
  15   2.48527898e+09  2.48527861e+09  1.08e-08 9.95e-14  2.10e-02     1s
  16   2.48527882e+09  2.48527878e+09  1.46e-08 9.95e-14  2.01e-03     1s
  17   2.48527882e+09  2.48527882e+09  9.04e-09 4.77e-12  1.14e-05     1s
  18   2.48527882e+09  2.48527882e+09  1.89e-10 1.14e-13  3.26e-11     1s

Barrier solved model in 18 iterations and 1.19 seconds (0.76 work units)
Optimal objective 2.48527882e+09

Crossover log...

       0 DPushes remaining with DInf 0.0000000e+00                 1s

     104 PPushes remaining with PInf 0.0000000e+00                 1s
       0 PPushes remaining with PInf 0.0000000e+00                 1s

  Push phase complete: Pinf 0.0000000e+00, Dinf 8.1286089e-12      1s

Iteration    Objective       Primal Inf.    Dual Inf.      Time
     107    2.4852788e+09   0.000000e+00   0.000000e+00      2s

Solved with dual simplex
Solved in 1356 iterations and 1.72 seconds (0.88 work units)
Optimal objective  2.485278817e+09

User-callback calls 234, time in user-callback 0.00 sec
[ Info:  started timer at: 2023-03-28T00:53:21.091
[ Info: Reading /projects/pvsoiling/RELOG/Recycling_cap_NAICS_10/input/solver/case.json...
[ Info:          134 collection centers
[ Info:          309 candidate plant locations
[ Info: Building graph...
[ Info:           26 time periods
[ Info:          309 process nodes
[ Info:         4944 shipping nodes (plant)
[ Info:          134 shipping nodes (collection)
[ Info:        46350 arcs
[ Info: Building optimization model...
[ Info: Optimizing MILP...
[ Info: Re-optimizing with integer variables fixed...
[ Info: Extracting solution...
[ Info:       3652.439693556s: 1 hour, 52 seconds, 439 milliseconds
