Set parameter TokenServer to value "license-1.hpc.nrel.gov"
Set parameter TimeLimit to value 3600
Set parameter MIPGap to value 0.001
Set parameter MIPGap to value 0.001
Set parameter TimeLimit to value 3600
Gurobi Optimizer version 9.5.1 build v9.5.1rc2 (linux64)
Thread count: 36 physical cores, 36 logical processors, using up to 32 threads
Optimize a model with 91884 rows, 1144312 columns and 2343626 nonzeros
Model fingerprint: 0x3684a88d
Variable types: 1128244 continuous, 16068 integer (16068 binary)
Coefficient statistics:
  Matrix range     [1e+00, 1e+05]
  Objective range  [3e-01, 1e+09]
  Bounds range     [1e+05, 1e+08]
  RHS range        [8e-01, 2e+06]
Warning: Model contains large objective coefficients
         Consider reformulating model or setting NumericFocus parameter
         to avoid numerical issues.
Presolve removed 78514 rows and 58486 columns (presolve time = 5s) ...
Presolve removed 78514 rows and 58486 columns
Presolve time: 6.57s
Presolved: 13370 rows, 1085826 columns, 2178759 nonzeros
Variable types: 1075938 continuous, 9888 integer (9888 binary)

Deterministic concurrent LP optimizer: primal and dual simplex
Showing first log only...


Root simplex log...

Iteration    Objective       Primal Inf.    Dual Inf.      Time
       0    4.8043999e+11   8.497666e+05   2.742789e+10     10s
  353736    5.8544909e+11   8.440414e+04   7.505655e+09     15s
Concurrent spin time: 0.00s

Solved with dual simplex

Root relaxation: objective 8.505426e+11, 83827 iterations, 8.37 seconds (6.88 work units)

    Nodes    |    Current Node    |     Objective Bounds      |     Work
 Expl Unexpl |  Obj  Depth IntInf | Incumbent    BestBd   Gap | It/Node Time

     0     0 8.5054e+11    0   21          - 8.5054e+11      -     -   17s
H    0     0                    8.539593e+11 8.5054e+11  0.40%     -   18s
H    0     0                    8.536328e+11 8.5054e+11  0.36%     -   21s
     0     0 8.5054e+11    0   14 8.5363e+11 8.5054e+11  0.36%     -   23s
H    0     0                    8.520662e+11 8.5054e+11  0.18%     -   25s
H    0     0                    8.518550e+11 8.5054e+11  0.15%     -   25s
     0     0 8.5054e+11    0    7 8.5185e+11 8.5054e+11  0.15%     -   28s
     0     0 8.5054e+11    0   14 8.5185e+11 8.5054e+11  0.15%     -   29s
     0     0 8.5054e+11    0    7 8.5185e+11 8.5054e+11  0.15%     -   31s
     0     0 8.5054e+11    0    7 8.5185e+11 8.5054e+11  0.15%     -   33s
     0     0 8.5054e+11    0    7 8.5185e+11 8.5054e+11  0.15%     -   35s
     0     0 8.5054e+11    0    7 8.5185e+11 8.5054e+11  0.15%     -   36s
     0     0 8.5054e+11    0    7 8.5185e+11 8.5054e+11  0.15%     -   41s
     0     2 8.5054e+11    0    7 8.5185e+11 8.5054e+11  0.15%     -   48s
     3     8 8.5054e+11    2    7 8.5185e+11 8.5054e+11  0.15%   6.7   51s
    31    64 8.5054e+11    5    7 8.5185e+11 8.5054e+11  0.15%  10.4   56s
   159   192 8.5054e+11    9    7 8.5185e+11 8.5054e+11  0.15%   7.7  148s
   191   224 8.5054e+11   10    7 8.5185e+11 8.5054e+11  0.15%   7.2  152s
   223   364 8.5054e+11   11    7 8.5185e+11 8.5054e+11  0.15%   6.6  156s
   363   396 8.5054e+11   14    7 8.5185e+11 8.5054e+11  0.15%   5.7  247s
   395   492 8.5054e+11   15    7 8.5185e+11 8.5054e+11  0.15%   5.7  262s
   491  1405 8.5054e+11   18    7 8.5185e+11 8.5054e+11  0.15%   5.9  285s
  1404  2333 8.5056e+11   42    7 8.5185e+11 8.5054e+11  0.15%   8.5  303s
  2332  3251 8.5070e+11   67   14 8.5185e+11 8.5054e+11  0.15%   9.2  317s
  3250  4102 8.5078e+11   94    7 8.5185e+11 8.5054e+11  0.15%   9.0  332s
  4128  4830 8.5085e+11  123   14 8.5185e+11 8.5054e+11  0.15%   8.7  345s
  4904  5223 8.5091e+11  152    7 8.5185e+11 8.5054e+11  0.15%   9.2  354s
  5391  5589 8.5094e+11  160   14 8.5185e+11 8.5054e+11  0.15%  10.3  363s
  5804  5981 8.5098e+11  166   14 8.5185e+11 8.5054e+11  0.15%  13.0  373s
  6218  6300 8.5103e+11  173    7 8.5185e+11 8.5054e+11  0.15%  16.1  382s
  6553  6677 8.5105e+11  176   14 8.5185e+11 8.5054e+11  0.15%  18.6  392s
  6975  7097 8.5115e+11  181   14 8.5185e+11 8.5054e+11  0.15%  22.8  405s
  7490  7793     cutoff  187      8.5185e+11 8.5054e+11  0.15%  27.3  416s
  8418  8603 8.5057e+11   33    7 8.5185e+11 8.5054e+11  0.15%  29.0  424s
  9347  8604 8.5064e+11   44    7 8.5185e+11 8.5054e+11  0.15%  29.7  436s
  9349  8605 8.5058e+11   36   15 8.5185e+11 8.5054e+11  0.15%  29.7  451s
  9351  8607 8.5134e+11  183   10 8.5185e+11 8.5054e+11  0.15%  29.7  455s
  9353  8608 8.5076e+11   71   10 8.5185e+11 8.5054e+11  0.15%  29.7  461s
  9356  8610 8.5061e+11   29    5 8.5185e+11 8.5054e+11  0.15%  29.7  466s
  9359  8612 8.5086e+11   94    5 8.5185e+11 8.5054e+11  0.15%  29.6  473s
  9360  8613 8.5056e+11   18    5 8.5185e+11 8.5054e+11  0.15%  29.6  475s
  9361  8613 8.5060e+11   37    5 8.5185e+11 8.5054e+11  0.15%  29.6  480s
  9364  8615 8.5080e+11  102   10 8.5185e+11 8.5054e+11  0.15%  29.6  485s
  9367  8617 8.5073e+11   62    5 8.5185e+11 8.5054e+11  0.15%  29.6  491s
  9368  8618 8.5058e+11   36    5 8.5185e+11 8.5054e+11  0.15%  29.6  497s
  9369  8622 8.5054e+11   15    5 8.5185e+11 8.5054e+11  0.15%  34.7  500s
  9399  8672 8.5054e+11   19    5 8.5185e+11 8.5054e+11  0.15%  34.6  505s
  9463  8714 8.5054e+11   20   10 8.5185e+11 8.5054e+11  0.15%  34.4  564s
  9495  8736 8.5054e+11   21    5 8.5185e+11 8.5054e+11  0.15%  34.3  566s
  9527  8757 8.5054e+11   21   10 8.5185e+11 8.5054e+11  0.15%  34.2  641s
  9622  8820 8.5054e+11   23    5 8.5185e+11 8.5054e+11  0.15%  33.9  660s
  9654  9173 8.5054e+11   23   10 8.5185e+11 8.5054e+11  0.15%  33.9  669s
 10017 10004 8.5055e+11   29   10 8.5185e+11 8.5054e+11  0.15%  32.9  690s
 10969 10182 8.5055e+11   44    5 8.5185e+11 8.5054e+11  0.15%  30.9  732s
 11465 10977 8.5055e+11   45    5 8.5185e+11 8.5054e+11  0.15%  30.1  749s
 12425 11553 8.5057e+11   60   10 8.5185e+11 8.5054e+11  0.15%  28.7  764s
 13340 11996 8.5068e+11   75   10 8.5185e+11 8.5054e+11  0.15%  27.5  774s
 14240 12248 8.5084e+11   90    5 8.5185e+11 8.5054e+11  0.15%  26.5  783s
 15137 12534 8.5089e+11  114    5 8.5185e+11 8.5054e+11  0.15%  25.6  792s
 16029 12949 8.5085e+11  139    8 8.5185e+11 8.5054e+11  0.15%  25.4  801s
 16966 13398 8.5089e+11  165    4 8.5185e+11 8.5054e+11  0.15%  26.2  810s
 17926 13932 8.5132e+11  193    5 8.5185e+11 8.5054e+11  0.15%  26.7  819s
 18886 14503 8.5054e+11   21   10 8.5185e+11 8.5054e+11  0.15%  26.1  824s
 19846 14952 8.5057e+11   51    5 8.5185e+11 8.5054e+11  0.15%  25.2  829s
 20806 15208 8.5064e+11   81   13 8.5185e+11 8.5054e+11  0.15%  24.4  834s
 21756 15312 8.5069e+11  111    4 8.5185e+11 8.5054e+11  0.15%  23.8  839s
 22716 15452 8.5078e+11  141    4 8.5185e+11 8.5054e+11  0.15%  23.1  845s
 23676 15716 8.5125e+11  170    5 8.5185e+11 8.5054e+11  0.15%  22.5  850s
 24636 16169 8.5137e+11  200    4 8.5185e+11 8.5054e+11  0.15%  22.0  857s
 25596 16746 8.5143e+11  230    4 8.5185e+11 8.5054e+11  0.15%  21.5  865s
 26549 16491 8.5054e+11   22    5 8.5185e+11 8.5054e+11  0.15%  21.1  878s
 26613 17402 8.5054e+11   24    5 8.5185e+11 8.5054e+11  0.15%  21.1  883s
 27570 17894 8.5061e+11   54    5 8.5185e+11 8.5054e+11  0.15%  20.6  889s
 28519 18193 8.5065e+11   84    5 8.5185e+11 8.5054e+11  0.15%  20.2  895s
 29468 18409 8.5070e+11  114    4 8.5185e+11 8.5054e+11  0.15%  19.8  905s
 30428 18646 8.5077e+11  144    4 8.5185e+11 8.5054e+11  0.15%  19.7  910s
 31311 18958 8.5127e+11  174   10 8.5185e+11 8.5054e+11  0.15%  19.9  916s
 32207 19467 8.5137e+11  204    4 8.5185e+11 8.5054e+11  0.15%  19.9  921s
 33143 20001 8.5143e+11  234    8 8.5185e+11 8.5054e+11  0.15%  19.8  927s
 34037 20559 8.5056e+11   28   10 8.5185e+11 8.5054e+11  0.15%  19.8  932s
 34932 21039 8.5065e+11   58    5 8.5185e+11 8.5054e+11  0.15%  19.9  938s
 35837 21759 8.5079e+11   88    5 8.5185e+11 8.5054e+11  0.15%  19.7  945s
 36781 22440 8.5082e+11  115    4 8.5185e+11 8.5054e+11  0.15%  19.5  950s
 37726 23112 8.5115e+11  141    5 8.5185e+11 8.5054e+11  0.15%  19.3  955s
 38664 23919 8.5095e+11  164    4 8.5185e+11 8.5054e+11  0.15%  19.1  960s
 39590 24704 8.5152e+11  190    4 8.5185e+11 8.5054e+11  0.15%  19.1  966s
 40473 25462 8.5055e+11   37   10 8.5185e+11 8.5054e+11  0.15%  19.3  971s
 41417 26239 8.5058e+11   52    5 8.5185e+11 8.5054e+11  0.15%  19.3  977s
 42324 26906 8.5062e+11   66    5 8.5185e+11 8.5054e+11  0.15%  19.5  982s
 43082 27567 8.5075e+11   79    5 8.5185e+11 8.5054e+11  0.15%  20.2  988s
 43955 28384 8.5089e+11   96    5 8.5185e+11 8.5054e+11  0.15%  20.4  993s
 44915 29245 8.5093e+11  122    5 8.5185e+11 8.5054e+11  0.15%  20.2  997s
 45875 30015 8.5085e+11  148    4 8.5185e+11 8.5054e+11  0.15%  20.0 1001s
 46835 30690 8.5095e+11  176    3 8.5185e+11 8.5054e+11  0.15%  19.7 1005s
 48680 31752 8.5161e+11  204    5 8.5185e+11 8.5054e+11  0.15%  19.6 1013s
 49627 32373 8.5057e+11   43    5 8.5185e+11 8.5054e+11  0.15%  19.6 1018s
 50566 33143 8.5081e+11   73   10 8.5185e+11 8.5054e+11  0.15%  19.5 1023s
 51509 33948 8.5070e+11   97    9 8.5185e+11 8.5054e+11  0.15%  19.4 1029s
 52413 34854 8.5073e+11  120    8 8.5185e+11 8.5054e+11  0.15%  19.2 1034s
 53372 35655 8.5083e+11  148    4 8.5185e+11 8.5054e+11  0.15%  19.0 1039s
 54323 36167 8.5133e+11  172    5 8.5185e+11 8.5054e+11  0.15%  18.8 1045s
 55223 36619 8.5142e+11  201    8 8.5185e+11 8.5054e+11  0.15%  18.8 1050s
 56088 37300 8.5055e+11   42    5 8.5185e+11 8.5054e+11  0.15%  19.0 1055s
 56979 38104 8.5062e+11   72    5 8.5185e+11 8.5054e+11  0.15%  19.0 1061s
 57935 38132 8.5067e+11  102    8 8.5185e+11 8.5054e+11  0.15%  18.9 1146s
 57967 38161 8.5067e+11  103    9 8.5185e+11 8.5054e+11  0.15%  18.8 1241s
 57999 38386 8.5067e+11  104    4 8.5185e+11 8.5054e+11  0.15%  18.8 1260s
 58255 39201 8.5071e+11  112    4 8.5185e+11 8.5054e+11  0.15%  18.8 1267s

Cutting planes:
  Lift-and-project: 1
  Implied bound: 5
  MIR: 3
  Flow cover: 4
  Relax-and-lift: 3

Explored 59168 nodes (1201211 simplex iterations) in 1481.39 seconds (975.29 work units)
Thread count was 32 (of 36 available processors)

Solution count 4: 8.51855e+11 8.52066e+11 8.53633e+11 8.53959e+11 

Optimal solution found (tolerance 1.00e-03)
Best objective 8.518549558883e+11, best bound 8.518549558883e+11, gap 0.0000%

User-callback calls 389941, time in user-callback 0.23 sec
Set parameter TokenServer to value "license-1.hpc.nrel.gov"
Set parameter TimeLimit to value 3600
Set parameter MIPGap to value 0.001
Set parameter MIPGap to value 0.001
Set parameter TimeLimit to value 3600
Gurobi Optimizer version 9.5.1 build v9.5.1rc2 (linux64)
Thread count: 36 physical cores, 36 logical processors, using up to 32 threads
Optimize a model with 91884 rows, 1144312 columns and 2343626 nonzeros
Model fingerprint: 0x79f621d0
Coefficient statistics:
  Matrix range     [1e+00, 1e+05]
  Objective range  [3e-01, 1e+09]
  Bounds range     [1e+00, 1e+08]
  RHS range        [8e-01, 2e+06]
Warning: Model contains large objective coefficients
         Consider reformulating model or setting NumericFocus parameter
         to avoid numerical issues.

Concurrent LP optimizer: primal simplex, dual simplex, and barrier
Showing barrier log only...

Presolve removed 84086 rows and 561984 columns
Presolve time: 1.23s
Presolved: 7798 rows, 582328 columns, 1160340 nonzeros

Ordering time: 0.02s

Barrier statistics:
 AA' NZ     : 5.780e+05
 Factor NZ  : 1.063e+06 (roughly 240 MB of memory)
 Factor Ops : 1.876e+08 (less than 1 second per iteration)
 Threads    : 30

                  Objective                Residual
Iter       Primal          Dual         Primal    Dual     Compl     Time
   0   3.94665607e+12 -2.74738548e+11  4.74e+06 2.71e+02  7.73e+07     2s
   1   9.91406070e+11  4.85380181e+11  1.44e+05 2.05e-12  2.94e+06     2s
   2   8.92093972e+11  7.22848087e+11  5.45e+03 4.55e-11  3.60e+05     2s
   3   8.84635677e+11  7.88499677e+11  2.75e+03 2.41e-11  1.95e+05     2s
   4   8.76448438e+11  8.16261038e+11  1.09e+03 1.46e-11  1.14e+05     2s
   5   8.72152085e+11  8.33746872e+11  7.04e+02 8.19e-12  7.16e+04     2s
   6   8.65529770e+11  8.40361521e+11  3.19e+02 4.55e-12  4.53e+04     2s
   7   8.62721933e+11  8.45649997e+11  2.15e+02 2.73e-12  3.04e+04     2s
   8   8.58493317e+11  8.48133142e+11  9.85e+01 2.10e-12  1.82e+04     2s
   9   8.57288965e+11  8.49143261e+11  7.52e+01 2.25e-12  1.42e+04     2s
  10   8.56076768e+11  8.50314074e+11  5.61e+01 2.22e-12  1.00e+04     2s

Barrier performed 10 iterations in 2.21 seconds (1.51 work units)
Barrier solve interrupted - model solved by another algorithm


Solved with primal simplex
Solved in 64479 iterations and 2.21 seconds (1.41 work units)
Optimal objective  8.518549559e+11

User-callback calls 145, time in user-callback 0.00 sec
[ Info:  started timer at: 2023-03-27T13:33:34.255
[ Info: Reading /projects/pvsoiling/RELOG/Manufacturing_cap_NAICS_1/input/solver/case.json...
[ Info:          134 collection centers
[ Info:          309 candidate plant locations
[ Info: Building graph...
[ Info:           26 time periods
[ Info:          309 process nodes
[ Info:          309 shipping nodes (plant)
[ Info:          134 shipping nodes (collection)
[ Info:        41715 arcs
[ Info: Building optimization model...
[ Info: Optimizing MILP...
[ Info: Re-optimizing with integer variables fixed...
[ Info: Extracting solution...
[ Info:       1531.185530772s: 25 minutes, 31 seconds, 185 milliseconds
