Set parameter TokenServer to value "license-1.hpc.nrel.gov"
Set parameter TimeLimit to value 3600
Set parameter MIPGap to value 0.001
Set parameter MIPGap to value 0.001
Set parameter TimeLimit to value 3600
Gurobi Optimizer version 9.5.1 build v9.5.1rc2 (linux64)
Thread count: 36 physical cores, 36 logical processors, using up to 32 threads
Optimize a model with 91884 rows, 1144312 columns and 2343626 nonzeros
Model fingerprint: 0xd6fe07dc
Variable types: 1128244 continuous, 16068 integer (16068 binary)
Coefficient statistics:
  Matrix range     [1e+00, 1e+05]
  Objective range  [3e-01, 1e+09]
  Bounds range     [1e+05, 1e+08]
  RHS range        [8e-01, 8e+05]
Warning: Model contains large objective coefficients
         Consider reformulating model or setting NumericFocus parameter
         to avoid numerical issues.
Presolve removed 78516 rows and 59104 columns (presolve time = 5s) ...
Presolve removed 78516 rows and 59104 columns
Presolve time: 6.60s
Presolved: 13368 rows, 1085208 columns, 2177523 nonzeros
Variable types: 1075320 continuous, 9888 integer (9888 binary)

Deterministic concurrent LP optimizer: primal and dual simplex
Showing first log only...


Root simplex log...

Iteration    Objective       Primal Inf.    Dual Inf.      Time
       0    4.2526131e+11   7.899217e+05   2.635910e+10     10s
  304603    5.2022039e+11   7.414274e+04   1.121644e+11     15s
Concurrent spin time: 0.00s

Solved with dual simplex

Root relaxation: objective 5.773232e+11, 86804 iterations, 10.87 seconds (8.54 work units)
Total elapsed time = 20.00s

    Nodes    |    Current Node    |     Objective Bounds      |     Work
 Expl Unexpl |  Obj  Depth IntInf | Incumbent    BestBd   Gap | It/Node Time

     0     0 5.7732e+11    0   46          - 5.7732e+11      -     -   20s
H    0     0                    5.846142e+11 5.7732e+11  1.25%     -   22s
H    0     0                    5.829648e+11 5.7732e+11  0.97%     -   25s
H    0     0                    5.824149e+11 5.7732e+11  0.87%     -   29s
     0     0 5.7732e+11    0   24 5.8241e+11 5.7732e+11  0.87%     -   32s
H    0     0                    5.813190e+11 5.7732e+11  0.69%     -   33s
H    0     0                    5.780198e+11 5.7732e+11  0.12%     -   35s
     0     0 5.7732e+11    0   24 5.7802e+11 5.7732e+11  0.12%     -   36s
     0     0 5.7732e+11    0   17 5.7802e+11 5.7732e+11  0.12%     -   38s
     0     0 5.7732e+11    0   17 5.7802e+11 5.7732e+11  0.12%     -   41s
     0     0 5.7732e+11    0   17 5.7802e+11 5.7732e+11  0.12%     -   44s
     0     0 5.7732e+11    0   17 5.7802e+11 5.7732e+11  0.12%     -   47s
     0     0 5.7732e+11    0   23 5.7802e+11 5.7732e+11  0.12%     -   49s
     0     0 5.7732e+11    0   17 5.7802e+11 5.7732e+11  0.12%     -   51s
     0     0 5.7732e+11    0   17 5.7802e+11 5.7732e+11  0.12%     -   56s
     0     2 5.7732e+11    0   17 5.7802e+11 5.7732e+11  0.12%     -   66s
     7    16 5.7732e+11    3   18 5.7802e+11 5.7732e+11  0.12%  18.4   70s
    31    64 5.7732e+11    5   18 5.7802e+11 5.7732e+11  0.12%  17.6   75s
    95   128 5.7733e+11    6   11 5.7802e+11 5.7732e+11  0.12%  14.5  175s
   127   160 5.7733e+11    7   11 5.7802e+11 5.7732e+11  0.12%  15.7  180s
   191   224 5.7733e+11    8   11 5.7802e+11 5.7732e+11  0.12%  19.7  214s
   192   224 5.7733e+11    8   25 5.7802e+11 5.7732e+11  0.12%  19.9  215s
   223   358 5.7733e+11    8   11 5.7802e+11 5.7732e+11  0.12%  20.3  221s
   357   788 5.7733e+11   11   11 5.7802e+11 5.7732e+11  0.12%   109  236s
   787  1597 5.7734e+11   27   36 5.7802e+11 5.7732e+11  0.12%  71.3  263s
  1636  2446 5.7736e+11   51   71 5.7802e+11 5.7732e+11  0.12%   105  283s
  2554  3239 5.7737e+11   76   17 5.7802e+11 5.7732e+11  0.12%   102  305s
  3406  3736 5.7739e+11  103   48 5.7802e+11 5.7732e+11  0.12%   100  336s
  3909  4622 5.7740e+11  130   43 5.7802e+11 5.7732e+11  0.12%  94.4  351s
  4837  5480 5.7743e+11  158   41 5.7802e+11 5.7732e+11  0.12%  89.6  372s
  5755  6261 5.7748e+11  187   12 5.7802e+11 5.7732e+11  0.12%  85.6  389s
  6642  6960 5.7751e+11  214   19 5.7802e+11 5.7732e+11  0.12%  80.9  406s
  7449  7757 5.7751e+11  231   42 5.7802e+11 5.7732e+11  0.12%  75.9  428s
  8334  8553 5.7753e+11  260   20 5.7802e+11 5.7732e+11  0.12%  71.2  455s
  9253  9348 5.7754e+11  289   47 5.7802e+11 5.7732e+11  0.12%  68.4  466s
 10181 10142 5.7760e+11  318   12 5.7802e+11 5.7732e+11  0.12%  65.6  476s
 11109 10935 5.7764e+11  347   30 5.7802e+11 5.7732e+11  0.12%  64.1  485s
 12037 11652 5.7768e+11  376   36 5.7802e+11 5.7732e+11  0.12%  62.6  525s
 12906 12044 5.7773e+11  396   12 5.7802e+11 5.7732e+11  0.12%  61.2  552s
 13359 12663 5.7784e+11  406   18 5.7802e+11 5.7732e+11  0.12%  60.6  578s
 14222 13414 5.7733e+11    8   11 5.7802e+11 5.7732e+11  0.12%  59.1  587s
 15148 13415 5.7747e+11   53   17 5.7802e+11 5.7732e+11  0.12%  59.1  636s
 15150 13416 5.7776e+11  336   34 5.7802e+11 5.7732e+11  0.12%  59.1  654s
 15151 13417 5.7763e+11  343   13 5.7802e+11 5.7732e+11  0.12%  59.1  658s
 15152 13418 5.7786e+11  114   17 5.7802e+11 5.7732e+11  0.12%  59.1  660s
 15154 13419 5.7790e+11  209   13 5.7802e+11 5.7732e+11  0.12%  59.1  665s
 15157 13421 5.7747e+11  179   13 5.7802e+11 5.7732e+11  0.12%  59.1  671s
 15159 13422 5.7755e+11  229    9 5.7802e+11 5.7732e+11  0.12%  59.1  681s
 15160 13423 5.7733e+11   15    9 5.7802e+11 5.7732e+11  0.12%  59.1  685s
 15161 13424 5.7742e+11   94    9 5.7802e+11 5.7732e+11  0.12%  59.1  691s
 15163 13425 5.7747e+11  158    9 5.7802e+11 5.7732e+11  0.12%  59.1  720s
 15170 13439 5.7732e+11   17   27 5.7802e+11 5.7732e+11  0.12%  63.4  726s
 15194 13479 5.7733e+11   19   32 5.7802e+11 5.7732e+11  0.12%  63.4  764s
 15226 13500 5.7733e+11   20   32 5.7802e+11 5.7732e+11  0.12%  63.4  767s
 15258 13521 5.7733e+11   20   13 5.7802e+11 5.7732e+11  0.12%  63.4  865s
 15290 13543 5.7733e+11   21   12 5.7802e+11 5.7732e+11  0.12%  63.3  945s
 15416 13659 5.7733e+11   23   13 5.7802e+11 5.7732e+11  0.12%  63.4  951s
 15480 13743 5.7733e+11   24    9 5.7802e+11 5.7732e+11  0.12%  63.3  963s
 15586 14480 5.7734e+11   26   24 5.7802e+11 5.7732e+11  0.12%  63.3  986s
 16358 14692 5.7733e+11   42    9 5.7802e+11 5.7732e+11  0.12%  64.9 1042s
 16827 15552 5.7738e+11   42   32 5.7802e+11 5.7732e+11  0.12%  65.4 1069s
 17851 16227 5.7736e+11   59    8 5.7802e+11 5.7732e+11  0.12%  67.8 1097s
 18875 16851 5.7745e+11   77   35 5.7802e+11 5.7732e+11  0.12%  71.1 1118s
 19899 17381 5.7742e+11   98    8 5.7802e+11 5.7732e+11  0.12%  71.7 1133s
 20923 17516 5.7735e+11  124    8 5.7802e+11 5.7732e+11  0.12%  73.0 1183s
 21450 18250 5.7736e+11  132    6 5.7802e+11 5.7732e+11  0.12%  72.6 1196s
 22473 18838 5.7741e+11  150    6 5.7802e+11 5.7732e+11  0.12%  73.9 1209s
 23487 19415 5.7737e+11  169    5 5.7802e+11 5.7732e+11  0.12%  74.5 1220s
 24494 19996 5.7756e+11  185    7 5.7802e+11 5.7732e+11  0.12%  74.7 1232s
 25483 20542 5.7740e+11  196    4 5.7802e+11 5.7732e+11  0.12%  74.5 1246s
 26455 21055 5.7759e+11  206    6 5.7802e+11 5.7732e+11  0.12%  74.5 1265s
 27415 21535 5.7742e+11  216    4 5.7802e+11 5.7732e+11  0.12%  74.4 1280s
 28380 22015 5.7743e+11  225    9 5.7802e+11 5.7732e+11  0.12%  74.4 1291s
 29342 22500 5.7744e+11  234   17 5.7802e+11 5.7732e+11  0.12%  74.4 1300s
 30286 23023 5.7744e+11  242   20 5.7802e+11 5.7732e+11  0.12%  74.4 1319s
 31310 23404 5.7768e+11  259    7 5.7802e+11 5.7732e+11  0.12%  75.2 1330s
 32161 23967 5.7746e+11  265    4 5.7802e+11 5.7732e+11  0.12%  75.0 1337s
 33111 24490 5.7747e+11  272   23 5.7802e+11 5.7732e+11  0.12%  74.6 1345s
 34030 24839 5.7772e+11  278    7 5.7802e+11 5.7732e+11  0.12%  74.6 1355s
 34831 25398 5.7747e+11  285   19 5.7802e+11 5.7732e+11  0.12%  74.5 1362s
 35768 25882 5.7749e+11  295   10 5.7802e+11 5.7732e+11  0.12%  74.5 1371s
 36690 26411 5.7751e+11  304    5 5.7802e+11 5.7732e+11  0.12%  74.4 1379s
 37614 26888 5.7753e+11  311   16 5.7802e+11 5.7732e+11  0.12%  74.6 1388s
 38536 27395     cutoff  330      5.7802e+11 5.7732e+11  0.12%  74.7 1396s
 39467 27415 5.7755e+11  356   25 5.7802e+11 5.7732e+11  0.12%  74.8 1422s
 39813 28147 5.7755e+11  357   22 5.7802e+11 5.7732e+11  0.12%  74.7 1430s
 40776 28688     cutoff  383      5.7802e+11 5.7732e+11  0.12%  74.8 1438s
 41762 29249     cutoff  407      5.7802e+11 5.7732e+11  0.12%  74.2 1446s
 42753 29776 5.7762e+11  437    5 5.7802e+11 5.7732e+11  0.12%  73.8 1456s
 43725 30224 5.7768e+11  469   20 5.7802e+11 5.7732e+11  0.12%  73.2 1466s
 44674 30753 5.7770e+11  499   10 5.7802e+11 5.7732e+11  0.12%  72.7 1474s
 45667 31153 5.7774e+11  529   15 5.7802e+11 5.7732e+11  0.12%  72.3 1483s
 46530 31576 5.7778e+11  560   12 5.7802e+11 5.7732e+11  0.12%  72.3 1491s
 47486 32027 5.7734e+11   35    9 5.7802e+11 5.7732e+11  0.12%  72.4 1499s
 48429 32420 5.7747e+11   67   11 5.7802e+11 5.7732e+11  0.12%  72.9 1508s
 49319 32942 5.7769e+11   89    9 5.7802e+11 5.7732e+11  0.12%  73.3 1515s
 50277 32786 5.7770e+11  119    9 5.7802e+11 5.7732e+11  0.12%  73.4 1543s
 50445 33495 5.7770e+11  124    9 5.7802e+11 5.7732e+11  0.12%  73.4 1552s
 51374 34000 5.7770e+11  147    9 5.7802e+11 5.7732e+11  0.12%  73.3 1559s
 52345 34528 5.7778e+11  179    5 5.7802e+11 5.7732e+11  0.12%  73.2 1567s
 53340 34832 5.7782e+11  209   16 5.7802e+11 5.7732e+11  0.12%  72.9 1576s
 54091 35449     cutoff  229      5.7802e+11 5.7732e+11  0.12%  72.6 1584s
 55089 35771 5.7785e+11  257   14 5.7802e+11 5.7732e+11  0.12%  72.2 1593s
 55849 36452 5.7789e+11  277    8 5.7802e+11 5.7732e+11  0.12%  72.0 1600s
 56834 37167 5.7792e+11  307   11 5.7802e+11 5.7732e+11  0.12%  71.8 1608s
 57767 38016 5.7794e+11  333    9 5.7802e+11 5.7732e+11  0.12%  72.0 1614s
 58743 38797 5.7796e+11  364   14 5.7802e+11 5.7732e+11  0.12%  71.9 1621s
 59708 38798 5.7741e+11  201   17 5.7802e+11 5.7733e+11  0.12%  71.8 1907s
 59710 38799 5.7741e+11   55   34 5.7802e+11 5.7733e+11  0.12%  71.8 1927s
 59711 38800 5.7763e+11  160   13 5.7802e+11 5.7733e+11  0.12%  71.8 1930s
 59713 38801 5.7799e+11  115    9 5.7802e+11 5.7733e+11  0.12%  71.8 1944s
 59714 38802 5.7733e+11   34    9 5.7802e+11 5.7733e+11  0.12%  71.8 1954s
 59715 38803 5.7759e+11  415    9 5.7802e+11 5.7733e+11  0.12%  71.8 1965s
 59717 38804 5.7750e+11  258    9 5.7802e+11 5.7733e+11  0.12%  71.8 1977s
 59718 38805 5.7794e+11  538    9 5.7802e+11 5.7733e+11  0.12%  71.8 1989s
 59719 38805 5.7750e+11  280    9 5.7802e+11 5.7733e+11  0.12%  71.8 1991s
 59720 38806 5.7765e+11  422    9 5.7802e+11 5.7733e+11  0.12%  71.8 2000s
 59722 38807 5.7743e+11   70    9 5.7802e+11 5.7733e+11  0.12%  71.8 2012s
 59724 38809 5.7740e+11   45    9 5.7802e+11 5.7733e+11  0.12%  71.8 2023s
 59725 38809 5.7746e+11  267    9 5.7802e+11 5.7733e+11  0.12%  71.8 2038s
 59726 38810 5.7738e+11   38    9 5.7802e+11 5.7733e+11  0.12%  71.8 2040s
 59727 38811 5.7733e+11   35    9 5.7802e+11 5.7733e+11  0.12%  71.8 2049s
 59728 38811 5.7758e+11  205    9 5.7802e+11 5.7733e+11  0.12%  71.8 2051s
 59729 38812 5.7737e+11   69    9 5.7802e+11 5.7733e+11  0.12%  71.8 2061s
 59731 38813 5.7757e+11  224    9 5.7802e+11 5.7733e+11  0.12%  71.8 2072s
 59732 38814 5.7791e+11  187    9 5.7802e+11 5.7733e+11  0.12%  71.8 2075s
 59733 38815 5.7736e+11   36    9 5.7802e+11 5.7733e+11  0.12%  71.8 2085s
 59735 38816 5.7745e+11   80    9 5.7802e+11 5.7733e+11  0.12%  71.8 2097s
 59736 38817 5.7782e+11  445    9 5.7802e+11 5.7733e+11  0.12%  71.8 2108s
 59738 38818 5.7782e+11  461    9 5.7802e+11 5.7733e+11  0.12%  71.8 2119s
 59739 38819 5.7747e+11  152    9 5.7802e+11 5.7733e+11  0.12%  71.8 2125s
 59740 38819 5.7743e+11  166    9 5.7802e+11 5.7733e+11  0.12%  71.8 2133s
 59741 38820 5.7775e+11  286    9 5.7802e+11 5.7733e+11  0.12%  71.8 2145s
 59742 38821 5.7775e+11  235    9 5.7802e+11 5.7733e+11  0.12%  71.8 2154s
 59743 38821 5.7742e+11  189    9 5.7802e+11 5.7733e+11  0.12%  71.8 2185s
 59744 38825 5.7733e+11   30   22 5.7802e+11 5.7733e+11  0.12%  72.8 2191s
 59758 38848 5.7733e+11   33   27 5.7802e+11 5.7733e+11  0.12%  72.8 2196s
 59774 38875 5.7733e+11   34   32 5.7802e+11 5.7733e+11  0.12%  72.8 2223s
 59806 38896 5.7733e+11   35   17 5.7802e+11 5.7733e+11  0.12%  72.8 2225s
 59870 38939 5.7733e+11   36   17 5.7802e+11 5.7733e+11  0.12%  72.8 2230s
 59902 38960 5.7733e+11   36   41 5.7802e+11 5.7733e+11  0.12%  72.8 2239s
 59934 38982 5.7733e+11   37   16 5.7802e+11 5.7733e+11  0.12%  72.8 2281s
 60024 39058 5.7734e+11   38   37 5.7802e+11 5.7733e+11  0.12%  72.8 2290s
 60072 39373 5.7734e+11   39   39 5.7802e+11 5.7733e+11  0.12%  72.8 2301s
 60403 40121 5.7733e+11   48   19 5.7802e+11 5.7733e+11  0.12%  72.9 2331s
 61264 40738 5.7741e+11   64   37 5.7802e+11 5.7733e+11  0.12%  73.3 2364s
 62195 41415 5.7736e+11   81   16 5.7802e+11 5.7733e+11  0.12%  74.0 2389s
 63249 42019 5.7746e+11   98   36 5.7802e+11 5.7733e+11  0.12%  74.5 2408s
 64292 42521 5.7734e+11  123   19 5.7802e+11 5.7733e+11  0.12%  74.7 2426s
 65328 42999 5.7734e+11  149   18 5.7802e+11 5.7733e+11  0.12%  74.6 2444s
 66372 42681 5.7735e+11  166   14 5.7802e+11 5.7733e+11  0.12%  74.4 2576s
 66404 43382 5.7735e+11  167    6 5.7802e+11 5.7733e+11  0.12%  74.4 2607s
 67192 44006 5.7741e+11  183    5 5.7802e+11 5.7733e+11  0.12%  74.0 2619s
 68235 44573 5.7742e+11  195   12 5.7802e+11 5.7733e+11  0.12%  74.1 2631s
 69267 45163 5.7743e+11  207    5 5.7802e+11 5.7733e+11  0.12%  74.3 2643s
 70294 45738 5.7745e+11  222   23 5.7802e+11 5.7733e+11  0.12%  74.4 2655s
 71310 46269 5.7745e+11  232   20 5.7802e+11 5.7733e+11  0.12%  74.5 2673s
 72323 46473 5.7746e+11  243   15 5.7802e+11 5.7733e+11  0.12%  74.6 2700s
 73000 47112 5.7746e+11  244   12 5.7802e+11 5.7733e+11  0.12%  74.2 2716s
 74021 47644 5.7747e+11  257   10 5.7802e+11 5.7733e+11  0.12%  74.2 2728s
 75056 48214 5.7749e+11  274   22 5.7802e+11 5.7733e+11  0.12%  74.3 2742s
 76078 48837 5.7752e+11  290   17 5.7802e+11 5.7733e+11  0.12%  74.2 2750s
 77134 49414 5.7755e+11  318   25 5.7802e+11 5.7733e+11  0.12%  73.9 2759s
 78190 49960 5.7756e+11  349   26 5.7802e+11 5.7733e+11  0.12%  73.4 2767s
 79236 50049     cutoff  375      5.7802e+11 5.7733e+11  0.12%  73.3 2793s
 79687 50810 5.7758e+11  377   10 5.7802e+11 5.7733e+11  0.12%  73.3 2801s
 80719 51343 5.7760e+11  406   33 5.7802e+11 5.7733e+11  0.12%  73.3 2809s
 81734 51930 5.7763e+11  434   10 5.7802e+11 5.7733e+11  0.12%  73.3 2820s
 82745 52372 5.7769e+11  463   22 5.7802e+11 5.7733e+11  0.12%  73.3 2833s
 83604 53002 5.7770e+11  492    5 5.7802e+11 5.7733e+11  0.12%  73.0 2842s
 84597 53623 5.7775e+11  525   12 5.7802e+11 5.7733e+11  0.12%  72.9 2850s
 85638 54077 5.7779e+11  556    4 5.7802e+11 5.7733e+11  0.12%  72.7 2859s
 86035 53944 5.7734e+11   78   17 5.7802e+11 5.7733e+11  0.12%  72.7 2860s
 86572 54706 5.7733e+11   41   15 5.7802e+11 5.7733e+11  0.12%  72.6 2867s
 87586 55201 5.7737e+11   52   37 5.7802e+11 5.7733e+11  0.12%  72.5 2877s
 88476 55029 5.7734e+11   59   11 5.7802e+11 5.7733e+11  0.12%  72.5 2908s
 88604 55719 5.7734e+11   61   15 5.7802e+11 5.7733e+11  0.12%  72.5 2939s
 89368 56417 5.7734e+11   76   18 5.7802e+11 5.7733e+11  0.12%  72.5 2949s
 90424 56954 5.7745e+11   93   42 5.7802e+11 5.7733e+11  0.12%  72.8 2958s
 91458 57560 5.7740e+11  115   12 5.7802e+11 5.7733e+11  0.12%  73.0 2966s
 92500 58172 5.7735e+11  143   16 5.7802e+11 5.7733e+11  0.12%  73.0 2975s
 93551 58808 5.7735e+11  168   14 5.7802e+11 5.7733e+11  0.12%  72.8 2983s
 94587 58968 5.7738e+11  184    5 5.7802e+11 5.7733e+11  0.12%  72.5 3010s
 95115 59756 5.7738e+11  186    5 5.7802e+11 5.7733e+11  0.12%  72.3 3018s
 96147 60370 5.7742e+11  202    5 5.7802e+11 5.7733e+11  0.12%  72.0 3026s
 97184 60928 5.7745e+11  222    5 5.7802e+11 5.7733e+11  0.12%  71.7 3034s
 98209 61533 5.7742e+11  241   18 5.7802e+11 5.7733e+11  0.12%  71.5 3042s
 99240 62145 5.7744e+11  259    5 5.7802e+11 5.7733e+11  0.12%  71.2 3050s
 100261 62731 5.7745e+11  275   18 5.7802e+11 5.7733e+11  0.12%  71.0 3057s
 101278 63263 5.7747e+11  289    6 5.7802e+11 5.7733e+11  0.12%  70.8 3064s
 102297 63803 5.7752e+11  316    9 5.7802e+11 5.7733e+11  0.12%  70.6 3071s
 103315 64338 5.7753e+11  347   23 5.7802e+11 5.7733e+11  0.12%  70.4 3079s
 104313 64847 5.7755e+11  377   10 5.7802e+11 5.7733e+11  0.12%  70.3 3086s
 105268 65296 5.7756e+11  403   17 5.7802e+11 5.7733e+11  0.12%  70.4 3093s
 106228 65837 5.7775e+11  432    5 5.7802e+11 5.7733e+11  0.12%  70.3 3101s
 107208 65684 5.7764e+11  463    6 5.7802e+11 5.7733e+11  0.12%  70.2 3129s
 107389 66482 5.7766e+11  466   18 5.7802e+11 5.7733e+11  0.12%  70.2 3137s
 108368 67076 5.7768e+11  499    7 5.7802e+11 5.7733e+11  0.12%  70.2 3144s
 109383 67646 5.7772e+11  531   10 5.7802e+11 5.7733e+11  0.12%  70.1 3151s
 110413 68222 5.7776e+11  562    4 5.7802e+11 5.7733e+11  0.12%  69.9 3159s
 111439 68805 5.7733e+11   42   16 5.7802e+11 5.7733e+11  0.12%  69.7 3166s
 112445 69354 5.7734e+11   75   16 5.7802e+11 5.7733e+11  0.12%  69.6 3174s
 113454 69932 5.7737e+11  108    7 5.7802e+11 5.7733e+11  0.12%  69.5 3181s
 114443 70449 5.7740e+11  141   23 5.7802e+11 5.7733e+11  0.12%  69.4 3187s
 115443 70987 5.7742e+11  174   16 5.7802e+11 5.7733e+11  0.12%  69.3 3194s
 116443 71539 5.7748e+11  207   10 5.7802e+11 5.7733e+11  0.12%  69.2 3200s
 117445 72118 5.7750e+11  240   14 5.7802e+11 5.7733e+11  0.12%  69.1 3213s
 118489 72641 5.7752e+11  273   12 5.7802e+11 5.7733e+11  0.12%  69.1 3219s
 119494 73217 5.7754e+11  306   39 5.7802e+11 5.7733e+11  0.12%  68.9 3225s
 120492 73768 5.7760e+11  339    6 5.7802e+11 5.7733e+11  0.12%  68.7 3232s
 121508 74367 5.7763e+11  372   15 5.7802e+11 5.7733e+11  0.12%  68.5 3238s
 122506 74911 5.7767e+11  405   21 5.7802e+11 5.7733e+11  0.12%  68.3 3244s
 122671 74856 5.7760e+11  140    8 5.7802e+11 5.7733e+11  0.12%  68.3 3245s
 123505 75470 5.7771e+11  438   19 5.7802e+11 5.7733e+11  0.12%  68.2 3251s
 124519 76018 5.7776e+11  471   10 5.7802e+11 5.7733e+11  0.12%  68.0 3257s
 125514 76608 5.7738e+11   55   48 5.7802e+11 5.7733e+11  0.12%  67.9 3264s
 126499 77080 5.7739e+11   87   10 5.7802e+11 5.7733e+11  0.12%  67.8 3273s
 127441 77659 5.7767e+11  114    8 5.7802e+11 5.7733e+11  0.12%  67.7 3279s
 128453 78156 5.7779e+11  144    8 5.7802e+11 5.7733e+11  0.12%  67.5 3286s
 129419 78017     cutoff  164      5.7802e+11 5.7733e+11  0.12%  67.5 3314s
 129480 77997 5.7764e+11  133    8 5.7802e+11 5.7733e+11  0.12%  67.4 3315s
 129616 78834 5.7794e+11  165    8 5.7802e+11 5.7733e+11  0.12%  67.4 3321s
 130635 79308 5.7736e+11   49   30 5.7802e+11 5.7733e+11  0.12%  67.2 3328s
 131617 79764 5.7738e+11   81    9 5.7802e+11 5.7733e+11  0.12%  67.2 3335s
 132565 80325 5.7742e+11  114   16 5.7802e+11 5.7733e+11  0.12%  67.1 3342s
 133570 80897 5.7744e+11  147   18 5.7802e+11 5.7733e+11  0.12%  67.0 3348s
 134569 81367 5.7747e+11  180   13 5.7802e+11 5.7733e+11  0.12%  66.8 3355s
 135536 81910 5.7751e+11  213   15 5.7802e+11 5.7733e+11  0.12%  66.7 3362s
 136526 82469 5.7755e+11  246   15 5.7802e+11 5.7733e+11  0.12%  66.6 3369s
 137510 83032 5.7755e+11  279   14 5.7802e+11 5.7733e+11  0.12%  66.5 3376s
 138482 83629 5.7758e+11  312   18 5.7802e+11 5.7733e+11  0.12%  66.4 3382s
 139472 84258 5.7760e+11  345    9 5.7802e+11 5.7733e+11  0.12%  66.3 3388s
 140494 84861 5.7763e+11  378   30 5.7802e+11 5.7733e+11  0.12%  66.2 3395s
 141524 85373 5.7765e+11  411   25 5.7802e+11 5.7733e+11  0.12%  66.1 3401s
 142487 85985 5.7769e+11  444   14 5.7802e+11 5.7733e+11  0.12%  66.1 3407s
 143520 86562 5.7772e+11  477   19 5.7802e+11 5.7733e+11  0.12%  65.9 3414s
 144523 87164 5.7777e+11  510    7 5.7802e+11 5.7733e+11  0.12%  65.8 3420s
 145540 87692 5.7733e+11   44    8 5.7802e+11 5.7733e+11  0.12%  65.7 3426s
 146517 87703 5.7783e+11   67    7 5.7802e+11 5.7733e+11  0.12%  65.6 3462s
 146876 88485     cutoff   95      5.7802e+11 5.7733e+11  0.12%  65.6 3471s
 147932 89080 5.7741e+11   71   40 5.7802e+11 5.7733e+11  0.12%  65.6 3478s
 148978 89705 5.7743e+11  104    8 5.7802e+11 5.7733e+11  0.12%  65.6 3485s
 150027 90201 5.7743e+11  134   10 5.7802e+11 5.7733e+11  0.12%  65.5 3493s
 151075 90836 5.7744e+11  159    8 5.7802e+11 5.7733e+11  0.12%  65.4 3500s
 152122 91490 5.7777e+11  182   10 5.7802e+11 5.7733e+11  0.12%  65.3 3507s
 153170 92103 5.7784e+11  211    5 5.7802e+11 5.7733e+11  0.12%  65.2 3513s
 154215 92710 5.7787e+11  230   10 5.7802e+11 5.7733e+11  0.12%  65.0 3520s
 155265 93329 5.7789e+11  253   18 5.7802e+11 5.7733e+11  0.12%  64.9 3526s
 156317 93947 5.7791e+11  282   26 5.7802e+11 5.7733e+11  0.12%  64.7 3533s
 157358 94534 5.7796e+11  313    6 5.7802e+11 5.7733e+11  0.12%  64.5 3539s
 158387 95163 5.7734e+11   60    9 5.7802e+11 5.7733e+11  0.12%  64.3 3546s
 159384 95693 5.7740e+11   67   11 5.7802e+11 5.7733e+11  0.12%  64.2 3552s
 160388 96151 5.7750e+11   75   28 5.7802e+11 5.7733e+11  0.12%  64.1 3559s
 161387 96706 5.7765e+11   82   15 5.7802e+11 5.7733e+11  0.12%  64.0 3565s
 162370 97210 5.7780e+11   87   39 5.7802e+11 5.7733e+11  0.12%  63.9 3571s
 163328 97739     cutoff  101      5.7802e+11 5.7733e+11  0.12%  63.9 3577s
 164300 98376 5.7733e+11   49   13 5.7802e+11 5.7733e+11  0.12%  63.9 3584s
 165333 98790 5.7735e+11   82   16 5.7802e+11 5.7733e+11  0.12%  63.8 3590s
 166313 99330 5.7769e+11  115   24 5.7802e+11 5.7733e+11  0.12%  63.8 3597s
 167320 99472 5.7772e+11  146   11 5.7802e+11 5.7733e+11  0.12%  63.7 3600s

Cutting planes:
  Gomory: 4
  Lift-and-project: 28
  Implied bound: 24
  MIR: 24
  Flow cover: 48
  RLT: 3
  Relax-and-lift: 20

Explored 167858 nodes (10773908 simplex iterations) in 3600.41 seconds (2385.92 work units)
Thread count was 32 (of 36 available processors)

Solution count 6: 5.7802e+11 5.81319e+11 5.82213e+11 ... 5.84614e+11

Time limit reached
Best objective 5.780197767271e+11, best bound 5.773296649247e+11, gap 0.1194%

User-callback calls 983742, time in user-callback 0.43 sec
Set parameter TokenServer to value "license-1.hpc.nrel.gov"
Set parameter TimeLimit to value 3600
Set parameter MIPGap to value 0.001
Set parameter MIPGap to value 0.001
Set parameter TimeLimit to value 3600
Gurobi Optimizer version 9.5.1 build v9.5.1rc2 (linux64)
Thread count: 36 physical cores, 36 logical processors, using up to 32 threads
Optimize a model with 91884 rows, 1144312 columns and 2343626 nonzeros
Model fingerprint: 0x3802a7c4
Coefficient statistics:
  Matrix range     [1e+00, 1e+05]
  Objective range  [3e-01, 1e+09]
  Bounds range     [1e+00, 1e+08]
  RHS range        [8e-01, 8e+05]
Warning: Model contains large objective coefficients
         Consider reformulating model or setting NumericFocus parameter
         to avoid numerical issues.

Concurrent LP optimizer: primal simplex, dual simplex, and barrier
Showing barrier log only...

Presolve removed 86884 rows and 939308 columns
Presolve time: 1.21s
Presolved: 5000 rows, 205004 columns, 408488 nonzeros

Ordering time: 0.00s

Barrier statistics:
 AA' NZ     : 2.035e+05
 Factor NZ  : 3.234e+05 (roughly 90 MB of memory)
 Factor Ops : 2.516e+07 (less than 1 second per iteration)
 Threads    : 30

                  Objective                Residual
Iter       Primal          Dual         Primal    Dual     Compl     Time
   0   1.44808991e+12  2.70018129e+11  2.98e+06 2.57e+02  4.79e+07     1s
   1   6.14050850e+11  4.19188056e+11  7.54e+04 1.82e-12  1.98e+06     1s
   2   5.90186553e+11  5.34949819e+11  2.55e+03 9.49e+00  3.02e+05     1s
   3   5.86980117e+11  5.58998212e+11  9.30e+02 5.69e+00  1.47e+05     1s
   4   5.85367591e+11  5.69817801e+11  5.69e+02 2.97e+00  8.06e+04     1s
   5   5.83132983e+11  5.73675093e+11  3.17e+02 1.79e+00  4.83e+04     1s
   6   5.81502261e+11  5.75721595e+11  1.62e+02 9.18e-01  2.91e+04     1s
   7   5.80753881e+11  5.76723174e+11  1.13e+02 5.59e-01  2.01e+04     1s
   8   5.79293872e+11  5.77161401e+11  3.36e+01 4.10e-01  1.06e+04     1s
   9   5.79047516e+11  5.77498829e+11  2.54e+01 2.64e-01  7.66e+03     2s
  10   5.78542082e+11  5.77612888e+11  9.79e+00 2.12e-01  4.61e+03     2s
  11   5.78392012e+11  5.77771109e+11  6.23e+00 1.38e-01  3.08e+03     2s
  12   5.78313889e+11  5.77867448e+11  4.58e+00 9.08e-02  2.21e+03     2s
  13   5.78162828e+11  5.77942167e+11  1.79e+00 4.87e-02  1.09e+03     2s
  14   5.78109411e+11  5.77971331e+11  1.04e+00 3.56e-02  6.85e+02     2s
  15   5.78062056e+11  5.77999709e+11  4.29e-01 1.50e-02  3.09e+02     2s
  16   5.78045434e+11  5.78009706e+11  2.44e-01 6.46e-03  1.77e+02     2s
  17   5.78030281e+11  5.78015413e+11  9.03e-02 3.62e-03  7.37e+01     2s
  18   5.78025292e+11  5.78017539e+11  4.44e-02 1.51e-03  3.84e+01     2s
  19   5.78022424e+11  5.78018869e+11  2.03e-02 6.30e-04  1.76e+01     2s
  20   5.78020555e+11  5.78019452e+11  5.32e-03 2.11e-04  5.47e+00     2s

Barrier performed 20 iterations in 1.74 seconds (1.05 work units)
Barrier solve interrupted - model solved by another algorithm


Solved with dual simplex
Solved in 9434 iterations and 1.81 seconds (0.85 work units)
Optimal objective  5.780197767e+11

User-callback calls 142, time in user-callback 0.00 sec
[ Info:  started timer at: 2023-03-29T17:35:38.988
[ Info: Reading /projects/pvsoiling/RELOG/Manufacturing_cap_NAICS_1/input/solver/case.json...
[ Info:          134 collection centers
[ Info:          309 candidate plant locations
[ Info: Building graph...
[ Info:           26 time periods
[ Info:          309 process nodes
[ Info:          309 shipping nodes (plant)
[ Info:          134 shipping nodes (collection)
[ Info:        41715 arcs
[ Info: Building optimization model...
[ Info: Optimizing MILP...
[ Info: Re-optimizing with integer variables fixed...
[ Info: Extracting solution...
[ Info:       3650.893558037s: 1 hour, 50 seconds, 893 milliseconds
