Set parameter TokenServer to value "license-1.hpc.nrel.gov"
Set parameter TimeLimit to value 3600
Set parameter MIPGap to value 0.001
Set parameter MIPGap to value 0.001
Set parameter TimeLimit to value 3600
Gurobi Optimizer version 9.5.1 build v9.5.1rc2 (linux64)
Thread count: 36 physical cores, 36 logical processors, using up to 32 threads
Optimize a model with 96828 rows, 1144312 columns and 2348570 nonzeros
Model fingerprint: 0x9d8b320f
Variable types: 1128244 continuous, 16068 integer (16068 binary)
Coefficient statistics:
  Matrix range     [1e+00, 1e+05]
  Objective range  [3e-01, 1e+09]
  Bounds range     [1e+05, 1e+08]
  RHS range        [8e-01, 2e+06]
Warning: Model contains large objective coefficients
         Consider reformulating model or setting NumericFocus parameter
         to avoid numerical issues.
Presolve removed 84694 rows and 64666 columns (presolve time = 5s) ...
Presolve removed 84694 rows and 64666 columns
Presolve time: 5.67s
Presolved: 12134 rows, 1079646 columns, 2166399 nonzeros
Variable types: 1075938 continuous, 3708 integer (3708 binary)

Deterministic concurrent LP optimizer: primal and dual simplex
Showing first log only...


Root simplex log...

Iteration    Objective       Primal Inf.    Dual Inf.      Time
       0    4.8466722e+11   8.465000e+05   2.700243e+10      9s
  104969    5.0894227e+11   2.807911e+05   8.243299e+10     10s
  300376    5.3675329e+11   1.939494e+05   2.080029e+11     15s
Concurrent spin time: 0.00s

Solved with dual simplex

Root relaxation: objective 8.505426e+11, 69944 iterations, 7.84 seconds (5.76 work units)

    Nodes    |    Current Node    |     Objective Bounds      |     Work
 Expl Unexpl |  Obj  Depth IntInf | Incumbent    BestBd   Gap | It/Node Time

     0     0 8.5054e+11    0    9          - 8.5054e+11      -     -   15s
H    0     0                    8.539593e+11 8.5054e+11  0.40%     -   16s
     0     0 8.5054e+11    0    6 8.5396e+11 8.5054e+11  0.40%     -   21s
H    0     0                    8.518550e+11 8.5054e+11  0.15%     -   23s
     0     0 8.5054e+11    0    3 8.5185e+11 8.5054e+11  0.15%     -   25s
     0     0 8.5054e+11    0    6 8.5185e+11 8.5054e+11  0.15%     -   26s
     0     0 8.5054e+11    0    3 8.5185e+11 8.5054e+11  0.15%     -   28s
     0     0 8.5054e+11    0    3 8.5185e+11 8.5054e+11  0.15%     -   30s
     0     0 8.5054e+11    0    3 8.5185e+11 8.5054e+11  0.15%     -   31s
     0     0 8.5054e+11    0    3 8.5185e+11 8.5054e+11  0.15%     -   33s
     0     0 8.5054e+11    0    3 8.5185e+11 8.5054e+11  0.15%     -   36s
     0     2 8.5054e+11    0    3 8.5185e+11 8.5054e+11  0.15%     -   43s
     3     8 8.5054e+11    2    3 8.5185e+11 8.5054e+11  0.15%   6.0   45s
    31    64 8.5054e+11    5    3 8.5185e+11 8.5054e+11  0.15%   8.0   50s
   159   192 8.5054e+11    9    3 8.5185e+11 8.5054e+11  0.15%   6.7  197s
   191   224 8.5054e+11   10    3 8.5185e+11 8.5054e+11  0.15%   6.2  201s
   364   833 8.5054e+11   14    3 8.5185e+11 8.5054e+11  0.15%   4.7  215s
   832  1716 8.5055e+11   27    6 8.5185e+11 8.5054e+11  0.15%   4.8  238s
  1715  2644 8.5060e+11   53    6 8.5185e+11 8.5054e+11  0.15%   5.7  252s
  2643  3556 8.5071e+11   80    3 8.5185e+11 8.5054e+11  0.15%   6.2  266s
  3561  4399 8.5075e+11  109    3 8.5185e+11 8.5054e+11  0.15%   6.2  280s
  4456  4957 8.5080e+11  138    3 8.5185e+11 8.5054e+11  0.15%   6.0  288s
  5322  5219 8.5087e+11  167    3 8.5185e+11 8.5054e+11  0.15%   6.2  296s
  6145  5612 8.5147e+11  195    3 8.5185e+11 8.5054e+11  0.15%   7.2  304s
  6946  6195 8.5055e+11   23    3 8.5185e+11 8.5054e+11  0.15%   7.8  311s
  7734  6980 8.5058e+11   52    3 8.5185e+11 8.5054e+11  0.15%   8.4  319s
  8533  7812 8.5071e+11   81    6 8.5185e+11 8.5054e+11  0.15%   9.1  327s
  9453  8660 8.5075e+11  110    3 8.5185e+11 8.5054e+11  0.15%   9.2  332s
 10381  9470 8.5080e+11  139    6 8.5185e+11 8.5054e+11  0.15%   9.0  338s
 11309 10131 8.5087e+11  168    3 8.5185e+11 8.5054e+11  0.15%   8.7  343s
 12238 10132 8.5060e+11   29    3 8.5185e+11 8.5054e+11  0.15%   8.4  369s
 12239 10133 8.5058e+11   49    3 8.5185e+11 8.5054e+11  0.15%   8.4  370s
 12240 10133 8.5080e+11  122    3 8.5185e+11 8.5054e+11  0.15%   8.4  381s
 12242 10135 8.5055e+11   22    2 8.5185e+11 8.5054e+11  0.15%   8.4  385s
 12246 10137 8.5062e+11   51    2 8.5185e+11 8.5054e+11  0.15%   8.4  390s
 12250 10140 8.5116e+11  124    1 8.5185e+11 8.5054e+11  0.15%   8.4  398s
 12252 10141 8.5135e+11  165    1 8.5185e+11 8.5054e+11  0.15%   8.4  403s
 12254 10143 8.5093e+11   81    1 8.5185e+11 8.5054e+11  0.15%   8.4  406s
 12256 10144 8.5092e+11   77    1 8.5185e+11 8.5054e+11  0.15%   8.4  411s
 12263 10158 8.5054e+11   16    1 8.5185e+11 8.5054e+11  0.15%  10.5  415s
 12383 10262 8.5054e+11   20    1 8.5185e+11 8.5054e+11  0.15%  10.5  420s
 12415 10283 8.5054e+11   20    2 8.5185e+11 8.5054e+11  0.15%  10.5  592s
 12447 10304 8.5054e+11   21    1 8.5185e+11 8.5054e+11  0.15%  10.5  595s
 12763 11211 8.5054e+11   26    1 8.5185e+11 8.5054e+11  0.15%  10.3  616s
 13491 11642 8.5055e+11   39    1 8.5185e+11 8.5054e+11  0.15%  10.2  630s
 14165 12378 8.5057e+11   51    1 8.5185e+11 8.5054e+11  0.15%  10.0  643s
 15125 13018 8.5063e+11   76    1 8.5185e+11 8.5054e+11  0.15%   9.9  656s
 16085 13561 8.5067e+11  106    1 8.5185e+11 8.5054e+11  0.15%   9.6  666s
 17013 13750 8.5078e+11  136    1 8.5185e+11 8.5054e+11  0.15%   9.5  675s
 17925 13865 8.5126e+11  162    2 8.5185e+11 8.5054e+11  0.15%   9.7  686s
 18833 14198 8.5134e+11  186    1 8.5185e+11 8.5054e+11  0.15%   9.8  692s
 19793 14671 8.5139e+11  215    2 8.5185e+11 8.5054e+11  0.15%   9.7  697s
 20753 15186 infeasible  242      8.5185e+11 8.5054e+11  0.15%   9.6  704s
 21713 15793 8.5056e+11   27    2 8.5185e+11 8.5054e+11  0.15%   9.5  710s
 22673 16335 8.5064e+11   57    1 8.5185e+11 8.5054e+11  0.15%   9.5  717s
 23630 16823 8.5070e+11   87    2 8.5185e+11 8.5054e+11  0.15%   9.6  723s
 24590 17128 8.5074e+11  117    2 8.5185e+11 8.5054e+11  0.15%   9.6  729s
 25550 17122 8.5084e+11  147    1 8.5185e+11 8.5054e+11  0.15%   9.9  746s
 26126 17452 8.5104e+11  165    2 8.5185e+11 8.5054e+11  0.15%  10.4  752s
 27086 17882 8.5182e+11  194    1 8.5185e+11 8.5054e+11  0.15%  10.6  758s
 28046 18400 8.5058e+11   47    1 8.5185e+11 8.5054e+11  0.15%  10.4  763s
 29006 18956 8.5067e+11   77    1 8.5185e+11 8.5054e+11  0.15%  10.3  773s
 29966 19460 8.5077e+11  105    1 8.5185e+11 8.5054e+11  0.15%  10.2  779s
 30925 19828 8.5082e+11  131    1 8.5185e+11 8.5054e+11  0.15%  10.1  785s
 31885 20240 8.5086e+11  159    2 8.5185e+11 8.5054e+11  0.15%   9.9  790s
 32833 20661 8.5149e+11  187    2 8.5185e+11 8.5054e+11  0.15%  10.0  795s
 33760 21101 8.5057e+11   45    1 8.5185e+11 8.5054e+11  0.15%  10.1  800s
 35680 22228 8.5069e+11  105    2 8.5185e+11 8.5054e+11  0.15%   9.9  809s
 36618 22649 8.5077e+11  135    1 8.5185e+11 8.5054e+11  0.15%  10.0  813s
 37554 23044 8.5125e+11  165    1 8.5185e+11 8.5054e+11  0.15%  10.0  818s
 38513 23260 8.5137e+11  195    1 8.5185e+11 8.5054e+11  0.15%   9.9  822s
 39473 23530 8.5142e+11  225    1 8.5185e+11 8.5054e+11  0.15%   9.8  826s
 40433 23902 8.5144e+11  255    1 8.5185e+11 8.5054e+11  0.15%   9.7  830s
 42353 24826 8.5062e+11   72    1 8.5185e+11 8.5054e+11  0.15%   9.5  839s
 43313 25568 8.5067e+11  102    1 8.5185e+11 8.5054e+11  0.15%   9.4  844s
 44273 25597 8.5077e+11  132    1 8.5185e+11 8.5054e+11  0.15%   9.4  863s
 44305 26467 8.5077e+11  133    1 8.5185e+11 8.5054e+11  0.15%   9.4  868s
 45265 27180 8.5125e+11  163    2 8.5185e+11 8.5054e+11  0.15%   9.3  873s
 46182 27771 8.5137e+11  193    2 8.5185e+11 8.5054e+11  0.15%   9.7  878s
 46879 28430 8.5142e+11  223    1 8.5185e+11 8.5054e+11  0.15%  10.0  883s
 47704 29047 8.5144e+11  253    1 8.5185e+11 8.5054e+11  0.15%  10.6  888s
 48664 29976 8.5055e+11   39    1 8.5185e+11 8.5054e+11  0.15%  10.5  893s
 49624 30819 8.5057e+11   59    2 8.5185e+11 8.5054e+11  0.15%  10.4  898s
 50584 31608 8.5065e+11   84    1 8.5185e+11 8.5054e+11  0.15%  10.4  902s
 51544 32416 8.5072e+11  114    2 8.5185e+11 8.5054e+11  0.15%  10.3  907s
 52504 33315 8.5077e+11  144    1 8.5185e+11 8.5054e+11  0.15%  10.2  911s
 53464 34217 8.5086e+11  174    2 8.5185e+11 8.5054e+11  0.15%  10.1  916s
 54424 35134 8.5137e+11  191    1 8.5185e+11 8.5054e+11  0.15%  10.0  921s
 55384 35961 8.5142e+11  221    1 8.5185e+11 8.5054e+11  0.15%   9.9  927s
 56344 36561 8.5144e+11  251    1 8.5185e+11 8.5054e+11  0.15%   9.8  932s
 57304 37295 8.5056e+11   36    2 8.5185e+11 8.5054e+11  0.15%   9.8  937s
 58263 37296 8.5089e+11  101    3 8.5185e+11 8.5054e+11  0.15%   9.8 1035s
 58265 37297 8.5055e+11   26    3 8.5185e+11 8.5054e+11  0.15%   9.8 1048s
 58266 37298 8.5104e+11  133    2 8.5185e+11 8.5054e+11  0.15%   9.8 1051s
 58269 37300 8.5073e+11   67    2 8.5185e+11 8.5054e+11  0.15%   9.8 1062s
 58271 37301 8.5175e+11  216    2 8.5185e+11 8.5054e+11  0.15%   9.8 1072s
 58273 37303 8.5109e+11  131    2 8.5185e+11 8.5054e+11  0.15%   9.8 1082s
 58275 37304 8.5134e+11  183    2 8.5185e+11 8.5054e+11  0.15%   9.8 1092s
 58277 37305 8.5084e+11   92    2 8.5185e+11 8.5054e+11  0.15%   9.8 1102s
 58279 37307 8.5059e+11   42    2 8.5185e+11 8.5054e+11  0.15%   9.8 1112s
 58281 37308 8.5085e+11   90    2 8.5185e+11 8.5054e+11  0.15%   9.8 1123s
 58282 37309 8.5055e+11   24    2 8.5185e+11 8.5054e+11  0.15%   9.8 1125s
 58283 37309 8.5079e+11   81    2 8.5185e+11 8.5054e+11  0.15%   9.8 1134s
 58284 37310 8.5097e+11  160    2 8.5185e+11 8.5054e+11  0.15%   9.8 1135s
 58285 37311 8.5059e+11   48    2 8.5185e+11 8.5054e+11  0.15%   9.8 1143s
 58286 37311 8.5128e+11  175    2 8.5185e+11 8.5054e+11  0.15%   9.8 1145s
 58287 37312 8.5079e+11   89    2 8.5185e+11 8.5054e+11  0.15%   9.8 1153s
 58288 37313 8.5137e+11  202    2 8.5185e+11 8.5054e+11  0.15%   9.8 1155s
 58289 37313 8.5075e+11   64    2 8.5185e+11 8.5054e+11  0.15%   9.8 1163s
 58290 37314 8.5114e+11  158    2 8.5185e+11 8.5054e+11  0.15%   9.8 1165s
 58291 37315 8.5174e+11  246    2 8.5185e+11 8.5054e+11  0.15%   9.8 1173s
 58292 37315 8.5115e+11  139    2 8.5185e+11 8.5054e+11  0.15%   9.8 1182s
 58293 37316 8.5056e+11   31    2 8.5185e+11 8.5054e+11  0.15%   9.8 1191s
 58294 37317 8.5057e+11   40    2 8.5185e+11 8.5054e+11  0.15%   9.8 1203s
 58295 37317 8.5085e+11   89    2 8.5185e+11 8.5054e+11  0.15%   9.8 1211s
 58296 37318 8.5147e+11  235    2 8.5185e+11 8.5054e+11  0.15%   9.8 1217s
 58297 37322 8.5054e+11   27    2 8.5185e+11 8.5054e+11  0.15%  10.2 1220s
 58327 37372 8.5054e+11   31    1 8.5185e+11 8.5054e+11  0.15%  10.2 1225s
 58391 37414 8.5054e+11   32    2 8.5185e+11 8.5054e+11  0.15%  10.2 1321s
 58455 37457 8.5054e+11   33    2 8.5185e+11 8.5054e+11  0.15%  10.2 1473s
 58487 37478 8.5054e+11   34    1 8.5185e+11 8.5054e+11  0.15%  10.2 1585s
 58583 37894 8.5054e+11   35    2 8.5185e+11 8.5054e+11  0.15%  10.2 1594s
 58967 38260 8.5055e+11   41    2 8.5185e+11 8.5054e+11  0.15%  10.2 1614s
 59461 39056 8.5054e+11   46    1 8.5185e+11 8.5054e+11  0.15%  10.1 1628s
 60421 39696 8.5057e+11   61    1 8.5185e+11 8.5054e+11  0.15%  10.1 1642s
 61381 40330 8.5062e+11   83    1 8.5185e+11 8.5054e+11  0.15%  10.1 1657s
 62338 40751 8.5067e+11  113    2 8.5185e+11 8.5054e+11  0.15%  10.0 1666s
 63239 40903 8.5071e+11  143    1 8.5185e+11 8.5054e+11  0.15%  10.0 1676s
 64128 40946 infeasible  170      8.5185e+11 8.5054e+11  0.15%  10.0 1686s
 65009 41253 infeasible  195      8.5185e+11 8.5054e+11  0.15%  10.1 1692s
 65969 41818 8.5138e+11  225    1 8.5185e+11 8.5054e+11  0.15%  10.1 1696s
 66929 42350 8.5144e+11  255    2 8.5185e+11 8.5054e+11  0.15%  10.0 1703s
 67889 42990 8.5056e+11   41    1 8.5185e+11 8.5054e+11  0.15%  10.0 1708s
 68849 43624 8.5064e+11   71    2 8.5185e+11 8.5054e+11  0.15%   9.9 1715s
 69809 44107 8.5070e+11  101    1 8.5185e+11 8.5054e+11  0.15%  10.0 1720s
 70742 44384 8.5074e+11  131    1 8.5185e+11 8.5054e+11  0.15%  10.2 1727s
 71667 44773 8.5084e+11  160    1 8.5185e+11 8.5054e+11  0.15%  10.3 1735s
 72595 45075 8.5128e+11  184    2 8.5185e+11 8.5054e+11  0.15%  10.5 1742s
 73555 45630 8.5057e+11   49    1 8.5185e+11 8.5054e+11  0.15%  10.5 1748s
 74515 46216 8.5062e+11   79    1 8.5185e+11 8.5054e+11  0.15%  10.5 1755s
 75475 46810 8.5080e+11  106    1 8.5185e+11 8.5054e+11  0.15%  10.4 1762s
 76435 47285 8.5084e+11  135    1 8.5185e+11 8.5054e+11  0.15%  10.4 1771s
 77387 47630 8.5089e+11  165    2 8.5185e+11 8.5054e+11  0.15%  10.3 1779s
 78340 47918 8.5096e+11  191    1 8.5185e+11 8.5054e+11  0.15%  10.3 1786s
 79300 48254 8.5055e+11   49    1 8.5185e+11 8.5054e+11  0.15%  10.3 1791s
 80260 48658 8.5092e+11   78    1 8.5185e+11 8.5054e+11  0.15%  10.2 1797s
 81220 49134 8.5104e+11  104    1 8.5185e+11 8.5054e+11  0.15%  10.2 1803s
 82180 49644     cutoff  133      8.5185e+11 8.5054e+11  0.15%  10.1 1808s
 83140 50149 8.5116e+11  156    2 8.5185e+11 8.5054e+11  0.15%  10.1 1814s
 84100 50721 8.5156e+11  180    1 8.5185e+11 8.5054e+11  0.15%  10.1 1822s
 85059 51271 8.5056e+11   47    1 8.5185e+11 8.5054e+11  0.15%  10.0 1829s
 86003 51739 8.5062e+11   77    1 8.5185e+11 8.5054e+11  0.15%  10.0 1834s
 86931 52068 8.5072e+11  102    1 8.5185e+11 8.5054e+11  0.15%  10.0 1840s
 87878 52359 8.5100e+11  130    1 8.5185e+11 8.5054e+11  0.15%  10.0 1851s
 88838 52746 8.5079e+11  154    1 8.5185e+11 8.5054e+11  0.15%  10.1 1857s
 89793 53201 8.5088e+11  182    1 8.5185e+11 8.5054e+11  0.15%  10.0 1862s
 90753 53655 8.5147e+11  209    1 8.5185e+11 8.5054e+11  0.15%  10.0 1867s
 91713 54135 8.5055e+11   36    1 8.5185e+11 8.5054e+11  0.15%   9.9 1875s
 92656 54540 8.5063e+11   66    1 8.5185e+11 8.5054e+11  0.15%   9.9 1880s
 94576 55408 8.5078e+11  123    1 8.5185e+11 8.5054e+11  0.15%   9.8 1891s
 95535 55818 8.5082e+11  149    1 8.5185e+11 8.5054e+11  0.15%   9.8 1897s
 96488 56264 8.5089e+11  177    1 8.5185e+11 8.5054e+11  0.15%   9.7 1902s
 97419 56657 8.5145e+11  204    1 8.5185e+11 8.5054e+11  0.15%   9.8 1907s
 98361 57013 8.5055e+11   35    1 8.5185e+11 8.5054e+11  0.15%   9.8 1913s
 99314 57402 8.5057e+11   65    1 8.5185e+11 8.5054e+11  0.15%   9.8 1919s
 100274 57126 8.5065e+11   93    1 8.5185e+11 8.5054e+11  0.15%   9.7 1935s
 100338 57767 8.5065e+11   95    1 8.5185e+11 8.5054e+11  0.15%   9.7 1940s
 102258 58512 8.5075e+11  146    1 8.5185e+11 8.5054e+11  0.15%   9.6 1949s
 103218 58915 8.5079e+11  173    1 8.5185e+11 8.5054e+11  0.15%   9.6 1954s
 104178 59320 8.5142e+11  201    1 8.5185e+11 8.5054e+11  0.15%   9.6 1959s
 105138 59681 8.5147e+11  230    1 8.5185e+11 8.5054e+11  0.15%   9.5 1963s
 106098 59385 8.5057e+11   60    1 8.5185e+11 8.5055e+11  0.15%   9.5 2013s
 106131 60065 8.5057e+11   61    1 8.5185e+11 8.5055e+11  0.15%   9.5 2018s
 107091 60489 8.5064e+11   91    3 8.5185e+11 8.5055e+11  0.15%   9.5 2024s
 108051 60905 8.5069e+11  121    1 8.5185e+11 8.5055e+11  0.15%   9.4 2029s
 109011 61312 8.5078e+11  151    1 8.5185e+11 8.5055e+11  0.15%   9.4 2034s
 109971 61706 8.5125e+11  181    1 8.5185e+11 8.5055e+11  0.15%   9.4 2038s
 110931 62141 8.5137e+11  211    1 8.5185e+11 8.5055e+11  0.15%   9.3 2043s
 111891 62536 8.5142e+11  241    1 8.5185e+11 8.5055e+11  0.15%   9.3 2048s
 112851 62860 8.5144e+11  271    1 8.5185e+11 8.5055e+11  0.15%   9.3 2052s
 113811 63227 8.5057e+11   58    1 8.5185e+11 8.5055e+11  0.15%   9.2 2058s
 114771 63607 8.5064e+11   88    3 8.5185e+11 8.5055e+11  0.15%   9.2 2063s
 115720 64103 8.5069e+11  118    1 8.5185e+11 8.5055e+11  0.15%   9.2 2069s
 116672 64616 8.5078e+11  148    1 8.5185e+11 8.5055e+11  0.15%   9.2 2075s
 117632 65137 8.5125e+11  178    1 8.5185e+11 8.5055e+11  0.15%   9.2 2084s
 118592 65636 8.5137e+11  208    1 8.5185e+11 8.5055e+11  0.15%   9.2 2090s
 119552 66169 8.5142e+11  238    1 8.5185e+11 8.5055e+11  0.15%   9.1 2096s
 120512 66617 8.5144e+11  268    1 8.5185e+11 8.5055e+11  0.15%   9.1 2101s
 121467 67107 8.5057e+11   57    1 8.5185e+11 8.5055e+11  0.15%   9.1 2107s
 122404 67607 8.5064e+11   87    3 8.5185e+11 8.5055e+11  0.15%   9.1 2113s
 123334 67982 8.5069e+11  117    1 8.5185e+11 8.5055e+11  0.15%   9.1 2118s
 124275 68461 8.5078e+11  147    1 8.5185e+11 8.5055e+11  0.15%   9.1 2124s
 125221 68827 8.5125e+11  177    1 8.5185e+11 8.5055e+11  0.15%   9.1 2129s
 125671 68677 8.5165e+11  100    2 8.5185e+11 8.5055e+11  0.15%   9.1 2130s
 126172 69247 8.5137e+11  207    2 8.5185e+11 8.5055e+11  0.15%   9.1 2135s
 127132 69770 8.5142e+11  237    2 8.5185e+11 8.5055e+11  0.15%   9.0 2140s
 128092 70233 8.5144e+11  267    1 8.5185e+11 8.5055e+11  0.15%   9.0 2146s
 129047 70549 8.5056e+11   57    1 8.5185e+11 8.5055e+11  0.15%   9.0 2151s
 129988 70886 8.5062e+11   87    1 8.5185e+11 8.5055e+11  0.15%   9.0 2157s
 130943 71400 8.5069e+11  117    1 8.5185e+11 8.5055e+11  0.15%   9.0 2162s
 131887 71996 8.5075e+11  147    2 8.5185e+11 8.5055e+11  0.15%   9.0 2168s
 132836 72506 8.5085e+11  177    1 8.5185e+11 8.5055e+11  0.15%   9.0 2173s
 133793 72922 8.5144e+11  207    2 8.5185e+11 8.5055e+11  0.15%   9.0 2179s
 134730 73100 8.5055e+11   34    1 8.5185e+11 8.5055e+11  0.15%   9.0 2186s
 135625 72821 8.5062e+11   64    1 8.5185e+11 8.5055e+11  0.15%   9.0 2253s
 135658 72900 8.5062e+11   65    1 8.5185e+11 8.5055e+11  0.15%   9.0 2270s
 135898 73315 8.5067e+11   71    1 8.5185e+11 8.5055e+11  0.15%   9.0 2276s
 136853 73743 8.5070e+11  100    1 8.5185e+11 8.5055e+11  0.15%   9.0 2282s
 137813 74297 8.5075e+11  128    1 8.5185e+11 8.5055e+11  0.15%   9.0 2287s
 138773 74918 8.5106e+11  151    1 8.5185e+11 8.5055e+11  0.15%   8.9 2291s
 139733 75518 8.5116e+11  180    2 8.5185e+11 8.5055e+11  0.15%   8.9 2296s
 140671 76023 8.5122e+11  207    3 8.5185e+11 8.5055e+11  0.15%   8.9 2301s
 141605 76172 8.5126e+11  235    2 8.5185e+11 8.5055e+11  0.15%   9.0 2306s
 142548 76347 8.5136e+11  258    1 8.5185e+11 8.5055e+11  0.15%   9.0 2311s
 143497 76712 8.5055e+11   44    1 8.5185e+11 8.5055e+11  0.15%   9.0 2316s
 144457 77160 8.5057e+11   64    1 8.5185e+11 8.5055e+11  0.15%   9.0 2321s
 145417 77722 8.5065e+11   91    1 8.5185e+11 8.5055e+11  0.15%   9.0 2325s
 146377 78331 8.5072e+11  121    2 8.5185e+11 8.5055e+11  0.15%   9.0 2330s
 147337 78891 8.5077e+11  151    2 8.5185e+11 8.5055e+11  0.15%   9.0 2339s
 148297 79474 8.5086e+11  181    1 8.5185e+11 8.5055e+11  0.15%   9.0 2344s
 149256 79982 8.5137e+11  201    1 8.5185e+11 8.5055e+11  0.15%   9.0 2349s
 150216 80373 8.5142e+11  231    1 8.5185e+11 8.5055e+11  0.15%   8.9 2354s
 151169 80689 8.5144e+11  261    1 8.5185e+11 8.5055e+11  0.15%   8.9 2358s
 152117 81028 8.5055e+11   51    1 8.5185e+11 8.5055e+11  0.15%   8.9 2363s
 153077 81501 8.5062e+11   81    1 8.5185e+11 8.5055e+11  0.15%   8.9 2367s
 154037 81995 8.5067e+11  111    2 8.5185e+11 8.5055e+11  0.15%   8.9 2372s
 154997 82479 8.5077e+11  141    1 8.5185e+11 8.5055e+11  0.15%   8.9 2376s
 155956 82883 8.5125e+11  171    1 8.5185e+11 8.5055e+11  0.15%   8.9 2381s
 156856 83292 8.5134e+11  201    1 8.5185e+11 8.5055e+11  0.15%   9.0 2385s
 157767 83765 8.5139e+11  231    1 8.5185e+11 8.5055e+11  0.15%   9.0 2391s
 158727 84297 8.5144e+11  261    1 8.5185e+11 8.5055e+11  0.15%   9.0 2395s
 159687 84864 8.5055e+11   51    1 8.5185e+11 8.5055e+11  0.15%   9.0 2400s
 160647 85306 8.5062e+11   81    1 8.5185e+11 8.5055e+11  0.15%   8.9 2405s
 162553 86224 8.5071e+11  141    1 8.5185e+11 8.5055e+11  0.15%   9.0 2415s
 163490 86613 8.5125e+11  171    1 8.5185e+11 8.5055e+11  0.15%   9.0 2421s
 164403 87066 8.5134e+11  201    1 8.5185e+11 8.5055e+11  0.15%   9.0 2427s
 165345 87566 8.5139e+11  231    1 8.5185e+11 8.5055e+11  0.15%   9.0 2433s
 166303 88055 8.5144e+11  261    1 8.5185e+11 8.5055e+11  0.15%   9.0 2438s
 167262 88564 8.5057e+11   54    1 8.5185e+11 8.5055e+11  0.15%   9.0 2442s
 168222 88991 8.5062e+11   84    1 8.5185e+11 8.5055e+11  0.15%   8.9 2447s
 169156 89363 8.5067e+11  114    1 8.5185e+11 8.5055e+11  0.15%   8.9 2452s
 170082 89764 8.5077e+11  144    2 8.5185e+11 8.5055e+11  0.15%   9.0 2457s
 171009 90423 8.5125e+11  174    2 8.5185e+11 8.5055e+11  0.15%   9.0 2463s
 171956 91217 8.5134e+11  204    1 8.5185e+11 8.5055e+11  0.15%   9.0 2468s
 172909 92083 8.5142e+11  234    1 8.5185e+11 8.5055e+11  0.15%   9.0 2473s
 173869 92965 8.5144e+11  264    1 8.5185e+11 8.5055e+11  0.15%   9.0 2478s
 174824 93855 8.5057e+11   50    1 8.5185e+11 8.5055e+11  0.15%   9.0 2484s
 175782 94619 8.5069e+11   80    1 8.5185e+11 8.5055e+11  0.15%   8.9 2489s
 176742 95307 8.5075e+11  106    1 8.5185e+11 8.5055e+11  0.15%   8.9 2497s
 177702 96065 8.5079e+11  133    1 8.5185e+11 8.5055e+11  0.15%   8.9 2502s
 178662 96885 8.5083e+11  160    1 8.5185e+11 8.5055e+11  0.15%   8.9 2507s
 179622 97736 8.5139e+11  187    1 8.5185e+11 8.5055e+11  0.15%   8.9 2511s
 180582 97765 8.5149e+11  216    2 8.5185e+11 8.5055e+11  0.15%   8.9 2559s
 180614 98624 8.5149e+11  217    2 8.5185e+11 8.5055e+11  0.15%   8.9 2563s
 181574 99545 8.5055e+11   53    1 8.5185e+11 8.5055e+11  0.15%   8.9 2567s
 182534 100324 8.5062e+11   83    1 8.5185e+11 8.5055e+11  0.15%   8.8 2572s
 183494 100988 8.5067e+11  113    1 8.5185e+11 8.5055e+11  0.15%   8.8 2576s
 184454 101623 8.5078e+11  143    1 8.5185e+11 8.5055e+11  0.15%   8.8 2582s
 185414 102199 8.5125e+11  173    1 8.5185e+11 8.5055e+11  0.15%   8.8 2587s
 186374 102935 8.5134e+11  203    1 8.5185e+11 8.5055e+11  0.15%   8.8 2592s
 187334 103805 8.5139e+11  233    1 8.5185e+11 8.5055e+11  0.15%   8.8 2598s
 188292 104702 8.5144e+11  263    1 8.5185e+11 8.5055e+11  0.15%   8.8 2603s
 189247 105616 8.5056e+11   52    1 8.5185e+11 8.5055e+11  0.15%   8.7 2609s
 190206 106330 8.5062e+11   82    1 8.5185e+11 8.5055e+11  0.15%   8.7 2614s
 191165 106844 8.5069e+11  112    1 8.5185e+11 8.5055e+11  0.15%   8.7 2619s
 192123 107529 8.5074e+11  142    1 8.5185e+11 8.5055e+11  0.15%   8.7 2625s
 193074 108219 8.5078e+11  172    1 8.5185e+11 8.5055e+11  0.15%   8.7 2630s
 194022 109006 8.5141e+11  202    1 8.5185e+11 8.5055e+11  0.15%   8.7 2635s
 194969 109855 8.5147e+11  232    1 8.5185e+11 8.5055e+11  0.15%   8.7 2641s
 195920 110693 8.5056e+11   56    1 8.5185e+11 8.5055e+11  0.15%   8.7 2648s
 196856 111554 8.5060e+11   85    1 8.5185e+11 8.5055e+11  0.15%   8.6 2653s
 197809 112300 8.5070e+11  112    2 8.5185e+11 8.5055e+11  0.15%   8.6 2659s
 198766 112952 8.5075e+11  142    2 8.5185e+11 8.5055e+11  0.15%   8.6 2664s
 199700 113645 8.5079e+11  172    1 8.5185e+11 8.5055e+11  0.15%   8.7 2671s
 200592 114432 8.5134e+11  195    1 8.5185e+11 8.5055e+11  0.15%   8.8 2679s
 201516 114721 8.5137e+11  221    1 8.5185e+11 8.5055e+11  0.15%   8.8 2696s
 201825 114752 8.5142e+11  230    1 8.5185e+11 8.5055e+11  0.15%   8.8 2751s
 201858 115693 8.5142e+11  231    1 8.5185e+11 8.5055e+11  0.15%   8.8 2757s
 202817 116507 8.5144e+11  261    1 8.5185e+11 8.5055e+11  0.15%   8.8 2763s
 203761 117215 8.5055e+11   57    1 8.5185e+11 8.5055e+11  0.15%   8.7 2769s
 204716 117795 8.5062e+11   87    1 8.5185e+11 8.5055e+11  0.15%   8.7 2775s
 205647 118429 8.5067e+11  117    1 8.5185e+11 8.5055e+11  0.15%   8.8 2784s
 206590 119145 8.5078e+11  147    1 8.5185e+11 8.5055e+11  0.15%   8.8 2789s
 207550 119877 8.5125e+11  177    1 8.5185e+11 8.5055e+11  0.15%   8.8 2794s
 208510 120628 8.5137e+11  207    2 8.5185e+11 8.5055e+11  0.15%   8.8 2800s
 209469 121373 8.5142e+11  237    2 8.5185e+11 8.5055e+11  0.15%   8.8 2806s
 210411 122000 8.5144e+11  267    1 8.5185e+11 8.5055e+11  0.15%   8.8 2812s
 211363 122685 8.5058e+11   55    1 8.5185e+11 8.5055e+11  0.15%   8.7 2817s
 212318 123537 8.5073e+11   85    1 8.5185e+11 8.5055e+11  0.15%   8.7 2822s
 213269 124369 8.5096e+11  114    1 8.5185e+11 8.5055e+11  0.15%   8.7 2827s
 214224 125200 8.5081e+11  140    1 8.5185e+11 8.5055e+11  0.15%   8.7 2831s
 215170 126031 8.5089e+11  167    1 8.5185e+11 8.5055e+11  0.15%   8.7 2837s
 216124 126711 8.5139e+11  196    1 8.5185e+11 8.5055e+11  0.15%   8.7 2841s
 217084 127285 8.5148e+11  225    1 8.5185e+11 8.5055e+11  0.15%   8.7 2847s
 218044 127969 8.5057e+11   62    1 8.5185e+11 8.5055e+11  0.15%   8.7 2852s
 218991 128755 8.5064e+11   92    3 8.5185e+11 8.5055e+11  0.15%   8.7 2857s
 219935 129554 8.5069e+11  122    1 8.5185e+11 8.5055e+11  0.15%   8.7 2862s
 220892 130288 8.5078e+11  152    1 8.5185e+11 8.5055e+11  0.15%   8.7 2867s
 221852 130897 8.5125e+11  182    1 8.5185e+11 8.5055e+11  0.15%   8.7 2872s
 222800 131479 8.5137e+11  212    2 8.5185e+11 8.5055e+11  0.15%   8.7 2876s
 223750 132125 8.5143e+11  242    1 8.5185e+11 8.5055e+11  0.15%   8.7 2880s
 224710 132911 infeasible  271      8.5185e+11 8.5055e+11  0.15%   8.7 2885s
 225670 133719 8.5060e+11   63    1 8.5185e+11 8.5055e+11  0.15%   8.6 2890s
 226630 134612 8.5087e+11   90    1 8.5185e+11 8.5055e+11  0.15%   8.6 2895s
 228550 136369 8.5082e+11  142    1 8.5185e+11 8.5055e+11  0.15%   8.6 2905s
 229510 137204 8.5089e+11  168    1 8.5185e+11 8.5055e+11  0.15%   8.6 2911s
 230470 137939 8.5145e+11  198    1 8.5185e+11 8.5055e+11  0.15%   8.6 2917s
 231430 138727 8.5055e+11   40    2 8.5185e+11 8.5055e+11  0.15%   8.6 2921s
 232390 139500 8.5062e+11   70    1 8.5185e+11 8.5055e+11  0.15%   8.6 2926s
 233350 140220 8.5064e+11  100    1 8.5185e+11 8.5055e+11  0.15%   8.6 2931s
 234310 140927 8.5071e+11  130    1 8.5185e+11 8.5055e+11  0.15%   8.6 2935s
 235270 141650 8.5078e+11  160    1 8.5185e+11 8.5055e+11  0.15%   8.5 2943s
 236230 142373 8.5129e+11  190    1 8.5185e+11 8.5055e+11  0.15%   8.5 2948s
 237190 142999 8.5137e+11  220    1 8.5185e+11 8.5055e+11  0.15%   8.5 2953s
 238150 143571 8.5144e+11  250    2 8.5185e+11 8.5055e+11  0.15%   8.5 2958s
 239110 144275 8.5055e+11   39    1 8.5185e+11 8.5055e+11  0.15%   8.5 2962s
 240070 145047 8.5063e+11   69    1 8.5185e+11 8.5055e+11  0.15%   8.5 2967s
 241030 145873 8.5072e+11   95    1 8.5185e+11 8.5055e+11  0.15%   8.5 2971s
 241990 146791 8.5077e+11  124    1 8.5185e+11 8.5055e+11  0.15%   8.5 2976s
 242950 146821 8.5087e+11  152    1 8.5185e+11 8.5055e+11  0.15%   8.5 3029s
 242982 147641 8.5087e+11  153    1 8.5185e+11 8.5055e+11  0.15%   8.5 3034s
 243942 148294 8.5135e+11  183    1 8.5185e+11 8.5055e+11  0.15%   8.4 3040s
 244902 148917 8.5147e+11  210    1 8.5185e+11 8.5055e+11  0.15%   8.4 3045s
 246822 150226 8.5058e+11   74    1 8.5185e+11 8.5055e+11  0.15%   8.4 3054s
 247782 151044 8.5071e+11  102    2 8.5185e+11 8.5055e+11  0.15%   8.4 3059s
 248742 151827 8.5073e+11  127    2 8.5185e+11 8.5055e+11  0.15%   8.4 3064s
 249702 152636 8.5078e+11  154    1 8.5185e+11 8.5055e+11  0.15%   8.4 3069s
 250662 153356 8.5087e+11  178    1 8.5185e+11 8.5055e+11  0.15%   8.4 3074s
 251622 154059 8.5146e+11  207    2 8.5185e+11 8.5055e+11  0.15%   8.4 3079s
 252582 154864 8.5055e+11   37    1 8.5185e+11 8.5055e+11  0.15%   8.4 3084s
 253542 155650 8.5058e+11   67    1 8.5185e+11 8.5055e+11  0.15%   8.3 3089s
 254502 156434 8.5064e+11   94    3 8.5185e+11 8.5055e+11  0.15%   8.3 3093s
 255458 157269 8.5067e+11  121    1 8.5185e+11 8.5055e+11  0.15%   8.3 3099s
 256405 158017 8.5071e+11  146    1 8.5185e+11 8.5055e+11  0.15%   8.3 3103s
 257347 158675 8.5126e+11  176    1 8.5185e+11 8.5055e+11  0.15%   8.3 3108s
 258304 159234 8.5137e+11  206    1 8.5185e+11 8.5055e+11  0.15%   8.3 3113s
 259264 159850 8.5142e+11  236    1 8.5185e+11 8.5055e+11  0.15%   8.3 3118s
 260224 160605 8.5144e+11  263    1 8.5185e+11 8.5055e+11  0.15%   8.3 3123s
 261184 161396 8.5057e+11   44    1 8.5185e+11 8.5055e+11  0.15%   8.3 3129s
 262140 162202 8.5067e+11   56    1 8.5185e+11 8.5055e+11  0.15%   8.3 3135s
 263100 163087 8.5080e+11   71    1 8.5185e+11 8.5055e+11  0.15%   8.3 3140s
 264057 163903 8.5106e+11   84    1 8.5185e+11 8.5055e+11  0.15%   8.3 3146s
 264991 164666 8.5151e+11   98    1 8.5185e+11 8.5055e+11  0.15%   8.3 3157s
 265947 165451 8.5185e+11  109    1 8.5185e+11 8.5055e+11  0.15%   8.3 3162s
 266907 166165 8.5057e+11   59    1 8.5185e+11 8.5055e+11  0.15%   8.3 3167s
 267867 166870 8.5064e+11   89    3 8.5185e+11 8.5055e+11  0.15%   8.3 3172s
 268824 167631 8.5069e+11  119    1 8.5185e+11 8.5055e+11  0.15%   8.3 3177s
 269771 168275 8.5078e+11  149    1 8.5185e+11 8.5055e+11  0.15%   8.3 3181s
 270725 168964 8.5125e+11  179    1 8.5185e+11 8.5055e+11  0.15%   8.3 3188s
 271684 169633 8.5137e+11  209    1 8.5185e+11 8.5055e+11  0.15%   8.3 3195s
 272643 170234 8.5142e+11  239    1 8.5185e+11 8.5055e+11  0.15%   8.2 3201s
 273601 170258 8.5144e+11  269    1 8.5185e+11 8.5055e+11  0.15%   8.2 3252s
 273633 170932 8.5144e+11  270    1 8.5185e+11 8.5055e+11  0.15%   8.2 3259s
 274589 171606 8.5057e+11   60    1 8.5185e+11 8.5055e+11  0.15%   8.2 3266s
 275544 172359 8.5064e+11   90    2 8.5185e+11 8.5055e+11  0.15%   8.2 3274s
 276499 173200 8.5069e+11  120    2 8.5185e+11 8.5055e+11  0.15%   8.2 3280s
 277459 173984 8.5078e+11  150    1 8.5185e+11 8.5055e+11  0.15%   8.2 3286s
 278416 174658 8.5125e+11  180    2 8.5185e+11 8.5055e+11  0.15%   8.2 3293s
 279359 175374 8.5137e+11  210    1 8.5185e+11 8.5055e+11  0.15%   8.2 3300s
 280301 176139 8.5142e+11  240    1 8.5185e+11 8.5055e+11  0.15%   8.2 3307s
 281255 176837 8.5145e+11  270    1 8.5185e+11 8.5055e+11  0.15%   8.2 3313s
 282206 177518 8.5057e+11   59    1 8.5185e+11 8.5055e+11  0.15%   8.2 3319s
 283145 178112 8.5064e+11   89    3 8.5185e+11 8.5055e+11  0.15%   8.2 3329s
 284025 178704 8.5069e+11  117    1 8.5185e+11 8.5055e+11  0.15%   8.2 3334s
 284975 179385 8.5078e+11  147    1 8.5185e+11 8.5055e+11  0.15%   8.2 3340s
 285924 180002 8.5125e+11  177    1 8.5185e+11 8.5055e+11  0.15%   8.2 3345s
 286884 180699 8.5137e+11  207    2 8.5185e+11 8.5055e+11  0.15%   8.2 3350s
 287844 181522 8.5142e+11  237    2 8.5185e+11 8.5055e+11  0.15%   8.2 3355s
 288804 182236 8.5144e+11  267    1 8.5185e+11 8.5055e+11  0.15%   8.2 3360s
 289764 182978 8.5059e+11   50    1 8.5185e+11 8.5055e+11  0.15%   8.2 3365s
 290724 183716 8.5065e+11   62    1 8.5185e+11 8.5055e+11  0.15%   8.2 3371s
 291683 184398 8.5086e+11   74    1 8.5185e+11 8.5055e+11  0.15%   8.2 3378s
 292632 185047 8.5128e+11   85    2 8.5185e+11 8.5055e+11  0.15%   8.2 3386s
 293561 185731 8.5183e+11  100    1 8.5185e+11 8.5055e+11  0.15%   8.2 3393s
 294506 186460 8.5055e+11   46    1 8.5185e+11 8.5055e+11  0.15%   8.2 3402s
 295442 187239 8.5062e+11   76    1 8.5185e+11 8.5055e+11  0.15%   8.2 3409s
 296362 188114 8.5066e+11  106    1 8.5185e+11 8.5055e+11  0.15%   8.2 3415s
 297322 189031 8.5071e+11  136    2 8.5185e+11 8.5055e+11  0.15%   8.2 3420s
 298282 189802 8.5081e+11  166    1 8.5185e+11 8.5055e+11  0.15%   8.2 3427s
 299241 190535 8.5129e+11  196    1 8.5185e+11 8.5055e+11  0.15%   8.2 3434s
 300201 191121 8.5137e+11  226    1 8.5185e+11 8.5055e+11  0.15%   8.2 3441s
 301147 191721 8.5144e+11  256    1 8.5185e+11 8.5055e+11  0.15%   8.2 3447s
 302097 192454 8.5055e+11   44    2 8.5185e+11 8.5055e+11  0.15%   8.2 3453s
 303050 193132 8.5062e+11   74    2 8.5185e+11 8.5055e+11  0.15%   8.2 3458s
 304010 193943 8.5067e+11  104    2 8.5185e+11 8.5055e+11  0.15%   8.2 3463s
 304970 194734 8.5071e+11  134    1 8.5185e+11 8.5055e+11  0.15%   8.2 3470s
 305930 194757 8.5124e+11  164    1 8.5185e+11 8.5055e+11  0.15%   8.2 3523s
 305964 195319 8.5124e+11  165    1 8.5185e+11 8.5055e+11  0.15%   8.2 3528s
 306924 195910 8.5128e+11  195    1 8.5185e+11 8.5055e+11  0.15%   8.2 3534s
 307884 196614 8.5137e+11  225    1 8.5185e+11 8.5055e+11  0.15%   8.1 3540s
 308844 197277 8.5144e+11  255    2 8.5185e+11 8.5055e+11  0.15%   8.1 3548s
 309797 198079 8.5055e+11   48    1 8.5185e+11 8.5055e+11  0.15%   8.1 3556s
 310751 198897 8.5065e+11   78    1 8.5185e+11 8.5055e+11  0.15%   8.1 3560s
 311699 199727 8.5089e+11  107    2 8.5185e+11 8.5055e+11  0.15%   8.1 3565s
 312652 200593 8.5075e+11  133    2 8.5185e+11 8.5055e+11  0.15%   8.1 3570s
 313612 201133 8.5086e+11  160    1 8.5185e+11 8.5055e+11  0.15%   8.1 3576s
 314391 201715 8.5135e+11  185    1 8.5185e+11 8.5055e+11  0.15%   8.1 3581s
 315336 202400 8.5145e+11  215    2 8.5185e+11 8.5055e+11  0.15%   8.1 3588s
 316260 203210 8.5055e+11   43    1 8.5185e+11 8.5055e+11  0.15%   8.1 3592s
 317204 204053 8.5061e+11   73    1 8.5185e+11 8.5055e+11  0.15%   8.1 3597s
 318158 204254 8.5076e+11  102    1 8.5185e+11 8.5055e+11  0.15%   8.1 3600s

Cutting planes:
  Implied bound: 6
  MIR: 6
  Flow cover: 5

Explored 318394 nodes (2661421 simplex iterations) in 3600.75 seconds (2138.44 work units)
Thread count was 32 (of 36 available processors)

Solution count 2: 8.51855e+11 8.53959e+11 

Time limit reached
Best objective 8.518549558883e+11, best bound 8.505463732148e+11, gap 0.1536%

User-callback calls 1239517, time in user-callback 0.55 sec
Set parameter TokenServer to value "license-1.hpc.nrel.gov"
Set parameter TimeLimit to value 3600
Set parameter MIPGap to value 0.001
Set parameter MIPGap to value 0.001
Set parameter TimeLimit to value 3600
Gurobi Optimizer version 9.5.1 build v9.5.1rc2 (linux64)
Thread count: 36 physical cores, 36 logical processors, using up to 32 threads
Optimize a model with 96828 rows, 1144312 columns and 2348570 nonzeros
Model fingerprint: 0x65d486f5
Coefficient statistics:
  Matrix range     [1e+00, 1e+05]
  Objective range  [3e-01, 1e+09]
  Bounds range     [1e+00, 1e+08]
  RHS range        [8e-01, 2e+06]
Warning: Model contains large objective coefficients
         Consider reformulating model or setting NumericFocus parameter
         to avoid numerical issues.

Concurrent LP optimizer: primal simplex, dual simplex, and barrier
Showing barrier log only...

Presolve removed 89030 rows and 561984 columns
Presolve time: 1.47s
Presolved: 7798 rows, 582328 columns, 1160340 nonzeros

Ordering time: 0.02s

Barrier statistics:
 AA' NZ     : 5.780e+05
 Factor NZ  : 1.063e+06 (roughly 240 MB of memory)
 Factor Ops : 1.876e+08 (less than 1 second per iteration)
 Threads    : 30

                  Objective                Residual
Iter       Primal          Dual         Primal    Dual     Compl     Time
   0   3.94665607e+12 -2.74738548e+11  4.74e+06 2.71e+02  7.73e+07     2s
   1   9.91406070e+11  4.85380181e+11  1.44e+05 2.05e-12  2.94e+06     2s
   2   8.92093972e+11  7.22848087e+11  5.45e+03 4.55e-11  3.60e+05     2s
   3   8.84635677e+11  7.88499677e+11  2.75e+03 2.41e-11  1.95e+05     2s
   4   8.76448438e+11  8.16261038e+11  1.09e+03 1.46e-11  1.14e+05     2s
   5   8.72152085e+11  8.33746872e+11  7.04e+02 8.19e-12  7.16e+04     2s
   6   8.65529770e+11  8.40361521e+11  3.19e+02 4.55e-12  4.53e+04     2s
   7   8.62721933e+11  8.45649997e+11  2.15e+02 2.73e-12  3.04e+04     2s
   8   8.58493317e+11  8.48133142e+11  9.85e+01 2.10e-12  1.82e+04     2s
   9   8.57288965e+11  8.49143261e+11  7.52e+01 2.25e-12  1.42e+04     2s

Barrier performed 9 iterations in 2.48 seconds (1.43 work units)
Barrier solve interrupted - model solved by another algorithm


Solved with primal simplex
Solved in 64479 iterations and 2.48 seconds (1.41 work units)
Optimal objective  8.518549559e+11

User-callback calls 146, time in user-callback 0.00 sec
[ Info:  started timer at: 2023-03-26T21:25:36.599
[ Info: Reading /projects/pvsoiling/RELOG/Manufacturing_cap_NAICS_1/input/solver/case.json...
[ Info:          134 collection centers
[ Info:          309 candidate plant locations
[ Info: Building graph...
[ Info:           26 time periods
[ Info:          309 process nodes
[ Info:          309 shipping nodes (plant)
[ Info:          134 shipping nodes (collection)
[ Info:        41715 arcs
[ Info: Building optimization model...
[ Info: Optimizing MILP...
[ Info: Re-optimizing with integer variables fixed...
[ Info: Extracting solution...
[ Info:       3653.846930483s: 1 hour, 53 seconds, 846 milliseconds
