Set parameter TokenServer to value "license-1.hpc.nrel.gov"
Set parameter TimeLimit to value 3600
Set parameter MIPGap to value 0.001
Set parameter MIPGap to value 0.001
Set parameter TimeLimit to value 3600
Gurobi Optimizer version 9.5.1 build v9.5.1rc2 (linux64)
Thread count: 36 physical cores, 36 logical processors, using up to 32 threads
Optimize a model with 96828 rows, 1144312 columns and 2348570 nonzeros
Model fingerprint: 0x9d8b320f
Variable types: 1128244 continuous, 16068 integer (16068 binary)
Coefficient statistics:
  Matrix range     [1e+00, 1e+05]
  Objective range  [3e-01, 1e+09]
  Bounds range     [1e+05, 1e+08]
  RHS range        [8e-01, 2e+06]
Warning: Model contains large objective coefficients
         Consider reformulating model or setting NumericFocus parameter
         to avoid numerical issues.
Presolve removed 84694 rows and 64666 columns (presolve time = 5s) ...
Presolve removed 84694 rows and 64666 columns
Presolve time: 5.02s
Presolved: 12134 rows, 1079646 columns, 2166399 nonzeros
Variable types: 1075938 continuous, 3708 integer (3708 binary)

Deterministic concurrent LP optimizer: primal and dual simplex
Showing first log only...


Root simplex log...

Iteration    Objective       Primal Inf.    Dual Inf.      Time
       0    4.8466722e+11   8.465000e+05   2.700243e+10      8s
  151939    5.1985460e+11   2.457010e+05   4.062219e+10     10s
Concurrent spin time: 0.00s

Solved with dual simplex

Root relaxation: objective 8.505426e+11, 69944 iterations, 7.25 seconds (5.76 work units)

    Nodes    |    Current Node    |     Objective Bounds      |     Work
 Expl Unexpl |  Obj  Depth IntInf | Incumbent    BestBd   Gap | It/Node Time

     0     0 8.5054e+11    0    9          - 8.5054e+11      -     -   14s
H    0     0                    8.539593e+11 8.5054e+11  0.40%     -   15s
     0     0 8.5054e+11    0    6 8.5396e+11 8.5054e+11  0.40%     -   19s
H    0     0                    8.518550e+11 8.5054e+11  0.15%     -   21s
     0     0 8.5054e+11    0    3 8.5185e+11 8.5054e+11  0.15%     -   22s
     0     0 8.5054e+11    0    6 8.5185e+11 8.5054e+11  0.15%     -   24s
     0     0 8.5054e+11    0    3 8.5185e+11 8.5054e+11  0.15%     -   25s
     0     0 8.5054e+11    0    3 8.5185e+11 8.5054e+11  0.15%     -   27s
     0     0 8.5054e+11    0    3 8.5185e+11 8.5054e+11  0.15%     -   29s
     0     0 8.5054e+11    0    3 8.5185e+11 8.5054e+11  0.15%     -   30s
     0     0 8.5054e+11    0    3 8.5185e+11 8.5054e+11  0.15%     -   33s
     0     2 8.5054e+11    0    3 8.5185e+11 8.5054e+11  0.15%     -   40s
    31    64 8.5054e+11    5    3 8.5185e+11 8.5054e+11  0.15%   8.0   46s
   159   192 8.5054e+11    9    3 8.5185e+11 8.5054e+11  0.15%   6.7  180s
   223   365 8.5054e+11   11    3 8.5185e+11 8.5054e+11  0.15%   5.7  187s
   364   833 8.5054e+11   14    3 8.5185e+11 8.5054e+11  0.15%   4.7  198s
   832  1716 8.5055e+11   27    6 8.5185e+11 8.5054e+11  0.15%   4.8  218s
  1715  2644 8.5060e+11   53    6 8.5185e+11 8.5054e+11  0.15%   5.7  232s
  2643  3556 8.5071e+11   80    3 8.5185e+11 8.5054e+11  0.15%   6.2  246s
  3561  4399 8.5075e+11  109    3 8.5185e+11 8.5054e+11  0.15%   6.2  258s
  4456  4957 8.5080e+11  138    3 8.5185e+11 8.5054e+11  0.15%   6.0  266s
  5322  5219 8.5087e+11  167    3 8.5185e+11 8.5054e+11  0.15%   6.2  273s
  6145  5612 8.5147e+11  195    3 8.5185e+11 8.5054e+11  0.15%   7.2  280s
  6946  6195 8.5055e+11   23    3 8.5185e+11 8.5054e+11  0.15%   7.8  286s
  7734  6980 8.5058e+11   52    3 8.5185e+11 8.5054e+11  0.15%   8.4  293s
  8533  7812 8.5071e+11   81    6 8.5185e+11 8.5054e+11  0.15%   9.1  301s
  9453  8660 8.5075e+11  110    3 8.5185e+11 8.5054e+11  0.15%   9.2  307s
 10381  9470 8.5080e+11  139    6 8.5185e+11 8.5054e+11  0.15%   9.0  313s
 11309 10131 8.5087e+11  168    3 8.5185e+11 8.5054e+11  0.15%   8.7  317s
 12238 10132 8.5060e+11   29    3 8.5185e+11 8.5054e+11  0.15%   8.4  342s
 12240 10133 8.5080e+11  122    3 8.5185e+11 8.5054e+11  0.15%   8.4  353s
 12241 10134 8.5117e+11  123    2 8.5185e+11 8.5054e+11  0.15%   8.4  355s
 12244 10136 8.5087e+11   79    2 8.5185e+11 8.5054e+11  0.15%   8.4  360s
 12249 10139 8.5054e+11    7    2 8.5185e+11 8.5054e+11  0.15%   8.4  365s
 12252 10141 8.5135e+11  165    1 8.5185e+11 8.5054e+11  0.15%   8.4  373s
 12253 10142 8.5133e+11  181    2 8.5185e+11 8.5054e+11  0.15%   8.4  375s
 12256 10144 8.5092e+11   77    1 8.5185e+11 8.5054e+11  0.15%   8.4  381s
 12271 10171 8.5054e+11   17    1 8.5185e+11 8.5054e+11  0.15%  10.5  385s
 12415 10283 8.5054e+11   20    2 8.5185e+11 8.5054e+11  0.15%  10.5  548s
 12447 10304 8.5054e+11   21    1 8.5185e+11 8.5054e+11  0.15%  10.5  551s
 12763 11211 8.5054e+11   26    1 8.5185e+11 8.5054e+11  0.15%  10.3  570s
 13491 11642 8.5055e+11   39    1 8.5185e+11 8.5054e+11  0.15%  10.2  583s
 14165 12378 8.5057e+11   51    1 8.5185e+11 8.5054e+11  0.15%  10.0  595s
 15125 13018 8.5063e+11   76    1 8.5185e+11 8.5054e+11  0.15%   9.9  608s
 16085 13561 8.5067e+11  106    1 8.5185e+11 8.5054e+11  0.15%   9.6  618s
 17013 13750 8.5078e+11  136    1 8.5185e+11 8.5054e+11  0.15%   9.5  626s
 17925 13865 8.5126e+11  162    2 8.5185e+11 8.5054e+11  0.15%   9.7  636s
 18833 14198 8.5134e+11  186    1 8.5185e+11 8.5054e+11  0.15%   9.8  641s
 19793 14671 8.5139e+11  215    2 8.5185e+11 8.5054e+11  0.15%   9.7  646s
 20753 15186 infeasible  242      8.5185e+11 8.5054e+11  0.15%   9.6  652s
 21713 15793 8.5056e+11   27    2 8.5185e+11 8.5054e+11  0.15%   9.5  658s
 22673 16335 8.5064e+11   57    1 8.5185e+11 8.5054e+11  0.15%   9.5  664s
 23630 16823 8.5070e+11   87    2 8.5185e+11 8.5054e+11  0.15%   9.6  669s
 24590 17128 8.5074e+11  117    2 8.5185e+11 8.5054e+11  0.15%   9.6  674s
 25550 17122 8.5084e+11  147    1 8.5185e+11 8.5054e+11  0.15%   9.9  692s
 26126 17452 8.5104e+11  165    2 8.5185e+11 8.5054e+11  0.15%  10.4  697s
 27086 17882 8.5182e+11  194    1 8.5185e+11 8.5054e+11  0.15%  10.6  702s
 28046 18400 8.5058e+11   47    1 8.5185e+11 8.5054e+11  0.15%  10.4  708s
 29006 18956 8.5067e+11   77    1 8.5185e+11 8.5054e+11  0.15%  10.3  717s
 29966 19460 8.5077e+11  105    1 8.5185e+11 8.5054e+11  0.15%  10.2  723s
 30925 19828 8.5082e+11  131    1 8.5185e+11 8.5054e+11  0.15%  10.1  729s
 31885 20240 8.5086e+11  159    2 8.5185e+11 8.5054e+11  0.15%   9.9  735s
 32833 20661 8.5149e+11  187    2 8.5185e+11 8.5054e+11  0.15%  10.0  740s
 33760 21101 8.5057e+11   45    1 8.5185e+11 8.5054e+11  0.15%  10.1  745s
 34720 21689 8.5064e+11   75    2 8.5185e+11 8.5054e+11  0.15%  10.0  750s
 36618 22649 8.5077e+11  135    1 8.5185e+11 8.5054e+11  0.15%  10.0  758s
 37554 23044 8.5125e+11  165    1 8.5185e+11 8.5054e+11  0.15%  10.0  763s
 38513 23260 8.5137e+11  195    1 8.5185e+11 8.5054e+11  0.15%   9.9  767s
 39473 23530 8.5142e+11  225    1 8.5185e+11 8.5054e+11  0.15%   9.8  771s
 40433 23902 8.5144e+11  255    1 8.5185e+11 8.5054e+11  0.15%   9.7  776s
 41393 24308 8.5055e+11   42    1 8.5185e+11 8.5054e+11  0.15%   9.6  780s
 42353 24826 8.5062e+11   72    1 8.5185e+11 8.5054e+11  0.15%   9.5  785s
 43313 25568 8.5067e+11  102    1 8.5185e+11 8.5054e+11  0.15%   9.4  790s
 44273 25597 8.5077e+11  132    1 8.5185e+11 8.5054e+11  0.15%   9.4  807s
 44305 26467 8.5077e+11  133    1 8.5185e+11 8.5054e+11  0.15%   9.4  812s
 45265 27180 8.5125e+11  163    2 8.5185e+11 8.5054e+11  0.15%   9.3  817s
 46182 27771 8.5137e+11  193    2 8.5185e+11 8.5054e+11  0.15%   9.7  822s
 46879 28430 8.5142e+11  223    1 8.5185e+11 8.5054e+11  0.15%  10.0  827s
 47704 29047 8.5144e+11  253    1 8.5185e+11 8.5054e+11  0.15%  10.6  832s
 48664 29976 8.5055e+11   39    1 8.5185e+11 8.5054e+11  0.15%  10.5  836s
 49624 30819 8.5057e+11   59    2 8.5185e+11 8.5054e+11  0.15%  10.4  841s
 50584 31608 8.5065e+11   84    1 8.5185e+11 8.5054e+11  0.15%  10.4  846s
 51544 32416 8.5072e+11  114    2 8.5185e+11 8.5054e+11  0.15%  10.3  850s
 53464 34217 8.5086e+11  174    2 8.5185e+11 8.5054e+11  0.15%  10.1  859s
 54424 35134 8.5137e+11  191    1 8.5185e+11 8.5054e+11  0.15%  10.0  864s
 55384 35961 8.5142e+11  221    1 8.5185e+11 8.5054e+11  0.15%   9.9  868s
 56344 36561 8.5144e+11  251    1 8.5185e+11 8.5054e+11  0.15%   9.8  873s
 57304 37295 8.5056e+11   36    2 8.5185e+11 8.5054e+11  0.15%   9.8  878s
 58263 37296 8.5089e+11  101    3 8.5185e+11 8.5054e+11  0.15%   9.8  970s
 58265 37297 8.5055e+11   26    3 8.5185e+11 8.5054e+11  0.15%   9.8  982s
 58267 37299 8.5057e+11   46    2 8.5185e+11 8.5054e+11  0.15%   9.8  986s
 58269 37300 8.5073e+11   67    2 8.5185e+11 8.5054e+11  0.15%   9.8  996s
 58271 37301 8.5175e+11  216    2 8.5185e+11 8.5054e+11  0.15%   9.8 1004s
 58272 37302 8.5085e+11   97    2 8.5185e+11 8.5054e+11  0.15%   9.8 1006s
 58273 37303 8.5109e+11  131    2 8.5185e+11 8.5054e+11  0.15%   9.8 1014s
 58274 37303 8.5101e+11  112    2 8.5185e+11 8.5054e+11  0.15%   9.8 1015s
 58275 37304 8.5134e+11  183    2 8.5185e+11 8.5054e+11  0.15%   9.8 1023s
 58276 37305 8.5144e+11  242    2 8.5185e+11 8.5054e+11  0.15%   9.8 1025s
 58277 37305 8.5084e+11   92    2 8.5185e+11 8.5054e+11  0.15%   9.8 1033s
 58279 37307 8.5059e+11   42    2 8.5185e+11 8.5054e+11  0.15%   9.8 1042s
 58281 37308 8.5085e+11   90    2 8.5185e+11 8.5054e+11  0.15%   9.8 1051s
 58283 37309 8.5079e+11   81    2 8.5185e+11 8.5054e+11  0.15%   9.8 1060s
 58285 37311 8.5059e+11   48    2 8.5185e+11 8.5054e+11  0.15%   9.8 1068s
 58286 37311 8.5128e+11  175    2 8.5185e+11 8.5054e+11  0.15%   9.8 1070s
 58287 37312 8.5079e+11   89    2 8.5185e+11 8.5054e+11  0.15%   9.8 1077s
 58289 37313 8.5075e+11   64    2 8.5185e+11 8.5054e+11  0.15%   9.8 1087s
 58291 37315 8.5174e+11  246    2 8.5185e+11 8.5054e+11  0.15%   9.8 1096s
 58292 37315 8.5115e+11  139    2 8.5185e+11 8.5054e+11  0.15%   9.8 1104s
 58293 37316 8.5056e+11   31    2 8.5185e+11 8.5054e+11  0.15%   9.8 1112s
 58294 37317 8.5057e+11   40    2 8.5185e+11 8.5054e+11  0.15%   9.8 1122s
 58295 37317 8.5085e+11   89    2 8.5185e+11 8.5054e+11  0.15%   9.8 1130s
 58296 37318 8.5147e+11  235    2 8.5185e+11 8.5054e+11  0.15%   9.8 1136s
 58303 37332 8.5054e+11   29    1 8.5185e+11 8.5054e+11  0.15%  10.2 1140s
 58391 37414 8.5054e+11   32    2 8.5185e+11 8.5054e+11  0.15%  10.2 1231s
 58455 37457 8.5054e+11   33    2 8.5185e+11 8.5054e+11  0.15%  10.2 1376s
 58487 37478 8.5054e+11   34    1 8.5185e+11 8.5054e+11  0.15%  10.2 1481s
 58583 37894 8.5054e+11   35    2 8.5185e+11 8.5054e+11  0.15%  10.2 1490s
 58967 38260 8.5055e+11   41    2 8.5185e+11 8.5054e+11  0.15%  10.2 1509s
 59461 39056 8.5054e+11   46    1 8.5185e+11 8.5054e+11  0.15%  10.1 1522s
 60421 39696 8.5057e+11   61    1 8.5185e+11 8.5054e+11  0.15%  10.1 1534s
 60811 39566 8.5067e+11  102    1 8.5185e+11 8.5054e+11  0.15%  10.1 1535s
 61381 40330 8.5062e+11   83    1 8.5185e+11 8.5054e+11  0.15%  10.1 1549s
 62338 40751 8.5067e+11  113    2 8.5185e+11 8.5054e+11  0.15%  10.0 1556s
 63239 40903 8.5071e+11  143    1 8.5185e+11 8.5054e+11  0.15%  10.0 1566s
 64128 40946 infeasible  170      8.5185e+11 8.5054e+11  0.15%  10.0 1576s
 65009 41253 infeasible  195      8.5185e+11 8.5054e+11  0.15%  10.1 1582s
 65969 41818 8.5138e+11  225    1 8.5185e+11 8.5054e+11  0.15%  10.1 1587s
 66929 42350 8.5144e+11  255    2 8.5185e+11 8.5054e+11  0.15%  10.0 1594s
 67889 42990 8.5056e+11   41    1 8.5185e+11 8.5054e+11  0.15%  10.0 1600s
 68849 43624 8.5064e+11   71    2 8.5185e+11 8.5054e+11  0.15%   9.9 1607s
 69809 44107 8.5070e+11  101    1 8.5185e+11 8.5054e+11  0.15%  10.0 1612s
 70742 44384 8.5074e+11  131    1 8.5185e+11 8.5054e+11  0.15%  10.2 1619s
 71667 44773 8.5084e+11  160    1 8.5185e+11 8.5054e+11  0.15%  10.3 1626s
 72595 45075 8.5128e+11  184    2 8.5185e+11 8.5054e+11  0.15%  10.5 1632s
 73555 45630 8.5057e+11   49    1 8.5185e+11 8.5054e+11  0.15%  10.5 1638s
 74515 46216 8.5062e+11   79    1 8.5185e+11 8.5054e+11  0.15%  10.5 1644s
 75475 46810 8.5080e+11  106    1 8.5185e+11 8.5054e+11  0.15%  10.4 1650s
 76435 47285 8.5084e+11  135    1 8.5185e+11 8.5054e+11  0.15%  10.4 1659s
 77387 47630 8.5089e+11  165    2 8.5185e+11 8.5054e+11  0.15%  10.3 1666s
 78340 47918 8.5096e+11  191    1 8.5185e+11 8.5054e+11  0.15%  10.3 1671s
 79300 48254 8.5055e+11   49    1 8.5185e+11 8.5054e+11  0.15%  10.3 1676s
 80260 48658 8.5092e+11   78    1 8.5185e+11 8.5054e+11  0.15%  10.2 1681s
 81220 49134 8.5104e+11  104    1 8.5185e+11 8.5054e+11  0.15%  10.2 1685s
 82180 49644     cutoff  133      8.5185e+11 8.5054e+11  0.15%  10.1 1690s
 83140 50149 8.5116e+11  156    2 8.5185e+11 8.5054e+11  0.15%  10.1 1695s
 84100 50721 8.5156e+11  180    1 8.5185e+11 8.5054e+11  0.15%  10.1 1701s
 85059 51271 8.5056e+11   47    1 8.5185e+11 8.5054e+11  0.15%  10.0 1707s
 86003 51739 8.5062e+11   77    1 8.5185e+11 8.5054e+11  0.15%  10.0 1712s
 86931 52068 8.5072e+11  102    1 8.5185e+11 8.5054e+11  0.15%  10.0 1717s
 87878 52359 8.5100e+11  130    1 8.5185e+11 8.5054e+11  0.15%  10.0 1727s
 88838 52746 8.5079e+11  154    1 8.5185e+11 8.5054e+11  0.15%  10.1 1733s
 89793 53201 8.5088e+11  182    1 8.5185e+11 8.5054e+11  0.15%  10.0 1737s
 90753 53655 8.5147e+11  209    1 8.5185e+11 8.5054e+11  0.15%  10.0 1741s
 91713 54135 8.5055e+11   36    1 8.5185e+11 8.5054e+11  0.15%   9.9 1748s
 92656 54540 8.5063e+11   66    1 8.5185e+11 8.5054e+11  0.15%   9.9 1753s
 93616 54996 8.5087e+11   96    1 8.5185e+11 8.5054e+11  0.15%   9.8 1757s
 94576 55408 8.5078e+11  123    1 8.5185e+11 8.5054e+11  0.15%   9.8 1763s
 95535 55818 8.5082e+11  149    1 8.5185e+11 8.5054e+11  0.15%   9.8 1769s
 96488 56264 8.5089e+11  177    1 8.5185e+11 8.5054e+11  0.15%   9.7 1773s
 97419 56657 8.5145e+11  204    1 8.5185e+11 8.5054e+11  0.15%   9.8 1778s
 98361 57013 8.5055e+11   35    1 8.5185e+11 8.5054e+11  0.15%   9.8 1783s
 99314 57402 8.5057e+11   65    1 8.5185e+11 8.5054e+11  0.15%   9.8 1789s
 100274 57126 8.5065e+11   93    1 8.5185e+11 8.5054e+11  0.15%   9.7 1804s
 100338 57767 8.5065e+11   95    1 8.5185e+11 8.5054e+11  0.15%   9.7 1808s
 101298 58111 8.5071e+11  121    1 8.5185e+11 8.5054e+11  0.15%   9.7 1813s
 102258 58512 8.5075e+11  146    1 8.5185e+11 8.5054e+11  0.15%   9.6 1817s
 103218 58915 8.5079e+11  173    1 8.5185e+11 8.5054e+11  0.15%   9.6 1821s
 104178 59320 8.5142e+11  201    1 8.5185e+11 8.5054e+11  0.15%   9.6 1826s
 105138 59681 8.5147e+11  230    1 8.5185e+11 8.5054e+11  0.15%   9.5 1830s
 106098 59385 8.5057e+11   60    1 8.5185e+11 8.5055e+11  0.15%   9.5 1876s
 106131 60065 8.5057e+11   61    1 8.5185e+11 8.5055e+11  0.15%   9.5 1880s
 107091 60489 8.5064e+11   91    3 8.5185e+11 8.5055e+11  0.15%   9.5 1886s
 108051 60905 8.5069e+11  121    1 8.5185e+11 8.5055e+11  0.15%   9.4 1891s
 109011 61312 8.5078e+11  151    1 8.5185e+11 8.5055e+11  0.15%   9.4 1896s
 109971 61706 8.5125e+11  181    1 8.5185e+11 8.5055e+11  0.15%   9.4 1900s
 111891 62536 8.5142e+11  241    1 8.5185e+11 8.5055e+11  0.15%   9.3 1908s
 112851 62860 8.5144e+11  271    1 8.5185e+11 8.5055e+11  0.15%   9.3 1912s
 113811 63227 8.5057e+11   58    1 8.5185e+11 8.5055e+11  0.15%   9.2 1917s
 114771 63607 8.5064e+11   88    3 8.5185e+11 8.5055e+11  0.15%   9.2 1923s
 115720 64103 8.5069e+11  118    1 8.5185e+11 8.5055e+11  0.15%   9.2 1928s
 116672 64616 8.5078e+11  148    1 8.5185e+11 8.5055e+11  0.15%   9.2 1934s
 117632 65137 8.5125e+11  178    1 8.5185e+11 8.5055e+11  0.15%   9.2 1943s
 118592 65636 8.5137e+11  208    1 8.5185e+11 8.5055e+11  0.15%   9.2 1948s
 119552 66169 8.5142e+11  238    1 8.5185e+11 8.5055e+11  0.15%   9.1 1954s
 120512 66617 8.5144e+11  268    1 8.5185e+11 8.5055e+11  0.15%   9.1 1959s
 121467 67107 8.5057e+11   57    1 8.5185e+11 8.5055e+11  0.15%   9.1 1965s
 122404 67607 8.5064e+11   87    3 8.5185e+11 8.5055e+11  0.15%   9.1 1971s
 123334 67982 8.5069e+11  117    1 8.5185e+11 8.5055e+11  0.15%   9.1 1976s
 124275 68461 8.5078e+11  147    1 8.5185e+11 8.5055e+11  0.15%   9.1 1982s
 125221 68827 8.5125e+11  177    1 8.5185e+11 8.5055e+11  0.15%   9.1 1987s
 126172 69247 8.5137e+11  207    2 8.5185e+11 8.5055e+11  0.15%   9.1 1992s
 127132 69770 8.5142e+11  237    2 8.5185e+11 8.5055e+11  0.15%   9.0 1997s
 128092 70233 8.5144e+11  267    1 8.5185e+11 8.5055e+11  0.15%   9.0 2002s
 129047 70549 8.5056e+11   57    1 8.5185e+11 8.5055e+11  0.15%   9.0 2007s
 129988 70886 8.5062e+11   87    1 8.5185e+11 8.5055e+11  0.15%   9.0 2013s
 130943 71400 8.5069e+11  117    1 8.5185e+11 8.5055e+11  0.15%   9.0 2018s
 131887 71996 8.5075e+11  147    2 8.5185e+11 8.5055e+11  0.15%   9.0 2024s
 132836 72506 8.5085e+11  177    1 8.5185e+11 8.5055e+11  0.15%   9.0 2030s
 133793 72922 8.5144e+11  207    2 8.5185e+11 8.5055e+11  0.15%   9.0 2035s
 134730 73100 8.5055e+11   34    1 8.5185e+11 8.5055e+11  0.15%   9.0 2042s
 135625 72821 8.5062e+11   64    1 8.5185e+11 8.5055e+11  0.15%   9.0 2100s
 135658 72900 8.5062e+11   65    1 8.5185e+11 8.5055e+11  0.15%   9.0 2117s
 135898 73315 8.5067e+11   71    1 8.5185e+11 8.5055e+11  0.15%   9.0 2123s
 136853 73743 8.5070e+11  100    1 8.5185e+11 8.5055e+11  0.15%   9.0 2128s
 137813 74297 8.5075e+11  128    1 8.5185e+11 8.5055e+11  0.15%   9.0 2133s
 138773 74918 8.5106e+11  151    1 8.5185e+11 8.5055e+11  0.15%   8.9 2137s
 139733 75518 8.5116e+11  180    2 8.5185e+11 8.5055e+11  0.15%   8.9 2141s
 140671 76023 8.5122e+11  207    3 8.5185e+11 8.5055e+11  0.15%   8.9 2146s
 141605 76172 8.5126e+11  235    2 8.5185e+11 8.5055e+11  0.15%   9.0 2151s
 142548 76347 8.5136e+11  258    1 8.5185e+11 8.5055e+11  0.15%   9.0 2156s
 143497 76712 8.5055e+11   44    1 8.5185e+11 8.5055e+11  0.15%   9.0 2160s
 145417 77722 8.5065e+11   91    1 8.5185e+11 8.5055e+11  0.15%   9.0 2168s
 146377 78331 8.5072e+11  121    2 8.5185e+11 8.5055e+11  0.15%   9.0 2172s
 147337 78891 8.5077e+11  151    2 8.5185e+11 8.5055e+11  0.15%   9.0 2180s
 148297 79474 8.5086e+11  181    1 8.5185e+11 8.5055e+11  0.15%   9.0 2185s
 150216 80373 8.5142e+11  231    1 8.5185e+11 8.5055e+11  0.15%   8.9 2193s
 151169 80689 8.5144e+11  261    1 8.5185e+11 8.5055e+11  0.15%   8.9 2198s
 152117 81028 8.5055e+11   51    1 8.5185e+11 8.5055e+11  0.15%   8.9 2202s
 153077 81501 8.5062e+11   81    1 8.5185e+11 8.5055e+11  0.15%   8.9 2206s
 154037 81995 8.5067e+11  111    2 8.5185e+11 8.5055e+11  0.15%   8.9 2210s
 155956 82883 8.5125e+11  171    1 8.5185e+11 8.5055e+11  0.15%   8.9 2218s
 156856 83292 8.5134e+11  201    1 8.5185e+11 8.5055e+11  0.15%   9.0 2223s
 157767 83765 8.5139e+11  231    1 8.5185e+11 8.5055e+11  0.15%   9.0 2227s
 158727 84297 8.5144e+11  261    1 8.5185e+11 8.5055e+11  0.15%   9.0 2231s
 159687 84864 8.5055e+11   51    1 8.5185e+11 8.5055e+11  0.15%   9.0 2235s
 161598 85788 8.5067e+11  111    2 8.5185e+11 8.5055e+11  0.15%   8.9 2243s
 162553 86224 8.5071e+11  141    1 8.5185e+11 8.5055e+11  0.15%   9.0 2248s
 163490 86613 8.5125e+11  171    1 8.5185e+11 8.5055e+11  0.15%   9.0 2253s
 164403 87066 8.5134e+11  201    1 8.5185e+11 8.5055e+11  0.15%   9.0 2258s
 165345 87566 8.5139e+11  231    1 8.5185e+11 8.5055e+11  0.15%   9.0 2263s
 166303 88055 8.5144e+11  261    1 8.5185e+11 8.5055e+11  0.15%   9.0 2268s
 167262 88564 8.5057e+11   54    1 8.5185e+11 8.5055e+11  0.15%   9.0 2272s
 168222 88991 8.5062e+11   84    1 8.5185e+11 8.5055e+11  0.15%   8.9 2276s
 169156 89363 8.5067e+11  114    1 8.5185e+11 8.5055e+11  0.15%   8.9 2281s
 170082 89764 8.5077e+11  144    2 8.5185e+11 8.5055e+11  0.15%   9.0 2285s
 171009 90423 8.5125e+11  174    2 8.5185e+11 8.5055e+11  0.15%   9.0 2290s
 171956 91217 8.5134e+11  204    1 8.5185e+11 8.5055e+11  0.15%   9.0 2295s
 172909 92083 8.5142e+11  234    1 8.5185e+11 8.5055e+11  0.15%   9.0 2300s
 173869 92965 8.5144e+11  264    1 8.5185e+11 8.5055e+11  0.15%   9.0 2306s
