Set parameter TokenServer to value "license-1.hpc.nrel.gov"
Set parameter TimeLimit to value 3600
Set parameter MIPGap to value 0.001
Set parameter MIPGap to value 0.001
Set parameter TimeLimit to value 3600
Gurobi Optimizer version 9.5.1 build v9.5.1rc2 (linux64)
Thread count: 36 physical cores, 36 logical processors, using up to 32 threads
Optimize a model with 337848 rows, 1385332 columns and 2838644 nonzeros
Model fingerprint: 0xebde7613
Variable types: 1369264 continuous, 16068 integer (16068 binary)
Coefficient statistics:
  Matrix range     [3e-06, 1e+06]
  Objective range  [2e-01, 2e+08]
  Bounds range     [7e+03, 1e+08]
  RHS range        [1e-03, 2e+05]
Presolve removed 310262 rows and 289309 columns (presolve time = 5s) ...
Presolve removed 310262 rows and 289309 columns
Presolve time: 5.62s
Presolved: 27586 rows, 1096023 columns, 2218620 nonzeros
Variable types: 1092006 continuous, 4017 integer (4017 binary)

Deterministic concurrent LP optimizer: primal simplex, dual simplex, and barrier
Showing barrier log only...

Root barrier log...

Ordering time: 0.67s
Ordering time: 2.68s

Barrier statistics:
 Dense cols : 248
 AA' NZ     : 1.177e+06
 Factor NZ  : 1.455e+07 (roughly 600 MB of memory)
 Factor Ops : 3.030e+10 (less than 1 second per iteration)
 Threads    : 29

                  Objective                Residual
Iter       Primal          Dual         Primal    Dual     Compl     Time
   0   2.88385094e+14 -6.37320216e+14  2.49e+06 7.15e+04  1.45e+10    16s
   1   1.22459941e+14 -2.90712452e+14  1.05e+06 3.38e+00  6.07e+09    17s
   2   2.03261152e+13 -1.12766014e+14  1.74e+05 2.62e+03  1.02e+09    17s
   3   7.78484639e+11 -2.25056809e+13  6.01e+03 2.30e+03  4.34e+07    18s
   4   9.57021599e+10 -2.79197721e+12  1.30e+02 9.22e+01  1.97e+06    18s
   5   9.36431876e+10 -2.20798110e+12  1.14e+02 7.14e+01  1.59e+06    18s
   6   9.07447534e+10 -1.66329373e+12  9.15e+01 5.25e+01  1.21e+06    18s
   7   7.81697794e+10 -1.28298499e+12  3.97e+00 4.02e+01  6.33e+05    19s
   8   7.17532204e+10 -7.50295135e+11  2.31e+00 2.38e+01  3.81e+05    19s
   9   6.79786211e+10 -3.02047238e+11  1.58e+00 1.01e+01  1.72e+05    19s
  10   5.11820804e+10 -7.87135825e+10  4.10e-01 2.87e+00  5.95e+04    20s
  11   4.55565638e+10 -3.94349459e+10  2.19e-01 1.84e+00  3.88e+04    20s
  12   4.29082718e+10 -3.18517632e+10  1.38e-01 1.64e+00  3.40e+04    20s
  13   4.16183734e+10 -1.18926545e+10  1.00e-01 1.16e+00  2.43e+04    20s
  14   3.92720637e+10  2.67466650e+09  4.42e-02 8.17e-01  1.66e+04    21s
  15   3.82507846e+10  9.30426624e+09  2.94e-02 6.81e-01  1.31e+04    21s
  16   3.73164980e+10  1.68559655e+10  2.18e-02 5.00e-01  9.28e+03    21s
  17   3.66868552e+10  2.34902962e+10  3.59e-02 3.05e-01  5.98e+03    22s
  18   3.60673145e+10  2.59124194e+10  2.64e-02 2.31e-01  4.60e+03    22s
  19   3.57521067e+10  2.81990816e+10  2.12e-02 1.59e-01  3.42e+03    22s
  20   3.52791219e+10  2.98088814e+10  1.52e-02 1.13e-01  2.48e+03    22s
  21   3.48917576e+10  3.10575919e+10  1.32e-02 7.44e-02  1.74e+03    23s
  22   3.42244551e+10  3.16596639e+10  7.61e-03 5.55e-02  1.16e+03    23s
  23   3.38997899e+10  3.21553056e+10  1.60e-02 3.76e-02  7.90e+02    24s
  24   3.35898510e+10  3.24744509e+10  1.02e-02 2.42e-02  5.05e+02    24s
  25   3.34148708e+10  3.26462585e+10  7.33e-03 1.61e-02  3.48e+02    25s
  26   3.32838040e+10  3.27274145e+10  5.28e-03 1.21e-02  2.52e+02    26s
  27   3.31928375e+10  3.27572868e+10  3.86e-03 1.04e-02  1.97e+02    26s
  28   3.31345694e+10  3.28241038e+10  2.99e-03 6.49e-03  1.41e+02    27s
  29   3.30661724e+10  3.28497198e+10  2.01e-03 4.45e-03  9.81e+01    27s
  30   3.30266019e+10  3.28730002e+10  1.54e-03 3.05e-03  6.96e+01    28s
  31   3.30084119e+10  3.28822155e+10  1.31e-03 2.43e-03  5.72e+01    29s
  32   3.29918252e+10  3.28908294e+10  1.13e-03 1.81e-03  4.57e+01    29s
  33   3.29708272e+10  3.28989767e+10  8.39e-04 1.11e-03  3.25e+01    30s
  34   3.29481668e+10  3.29022684e+10  5.40e-04 8.08e-04  2.08e+01    31s
  35   3.29391187e+10  3.29056888e+10  3.78e-04 5.01e-04  1.51e+01    32s
  36   3.29230818e+10  3.29080441e+10  3.04e-04 2.43e-04  6.81e+00    33s
  37   3.29192905e+10  3.29090709e+10  2.17e-04 1.28e-04  4.63e+00    34s
  38   3.29149336e+10  3.29093621e+10  1.15e-04 8.79e-05  2.52e+00    34s
  39   3.29127717e+10  3.29096776e+10  6.34e-05 4.80e-05  1.40e+00    34s
  40   3.29121561e+10  3.29098484e+10  4.88e-05 2.42e-05  1.05e+00    35s
  41   3.29119492e+10  3.29098910e+10  4.38e-05 1.96e-05  9.32e-01    35s
  42   3.29116993e+10  3.29099173e+10  3.77e-05 1.74e-05  8.07e-01    35s
  43   3.29115377e+10  3.29099425e+10  3.39e-05 1.46e-05  7.23e-01    36s
  44   3.29112718e+10  3.29099440e+10  2.77e-05 1.43e-05  6.01e-01    36s
  45   3.29107250e+10  3.29099872e+10  1.51e-05 8.30e-06  3.34e-01    36s
  46   3.29104935e+10  3.29100185e+10  9.87e-06 4.05e-06  2.15e-01    36s
  47   3.29102917e+10  3.29100334e+10  5.32e-06 2.17e-06  1.17e-01    37s
  48   3.29101821e+10  3.29100412e+10  2.87e-06 1.23e-06  6.38e-02    37s
  49   3.29101354e+10  3.29100453e+10  1.83e-06 7.44e-07  4.08e-02    37s
  50   3.29100799e+10  3.29100478e+10  6.10e-07 4.47e-07  1.45e-02    37s
  51   3.29100672e+10  3.29100496e+10  3.32e-07 2.25e-07  7.94e-03    38s
  52   3.29100634e+10  3.29100505e+10  2.51e-07 1.21e-07  5.84e-03    38s
  53   3.29100609e+10  3.29100511e+10  1.98e-07 5.40e-08  4.46e-03    38s
  54   3.29100594e+10  3.29100513e+10  1.66e-07 2.98e-08  3.69e-03    39s
  55   3.29100569e+10  3.29100515e+10  1.11e-07 2.98e-08  2.45e-03    39s
  56   3.29100535e+10  3.29100515e+10  4.22e-08 2.98e-08  9.32e-04    39s
  57   3.29100517e+10  3.29100515e+10  4.20e-09 2.98e-08  1.09e-04    40s
  58   3.29100515e+10  3.29100515e+10  4.33e-09 1.49e-08  1.02e-06    40s
  59   3.29100515e+10  3.29100515e+10  6.82e-11 5.96e-08  1.82e-09    40s

Barrier solved model in 59 iterations and 40.45 seconds (33.82 work units)
Optimal objective 3.29100515e+10


Root crossover log...

   24371 DPushes remaining with DInf 8.5321794e-04                41s
       0 DPushes remaining with DInf 0.0000000e+00                41s

     585 PPushes remaining with PInf 0.0000000e+00                41s
       0 PPushes remaining with PInf 0.0000000e+00                41s

  Push phase complete: Pinf 0.0000000e+00, Dinf 6.8818835e-09     41s


Root simplex log...

Iteration    Objective       Primal Inf.    Dual Inf.      Time
   17160    3.2910052e+10   0.000000e+00   0.000000e+00     41s
   17160    3.2910052e+10   0.000000e+00   0.000000e+00     41s
Concurrent spin time: 0.00s

Solved with barrier

Root relaxation: objective 3.291005e+10, 17160 iterations, 33.34 seconds (26.10 work units)

    Nodes    |    Current Node    |     Objective Bounds      |     Work
 Expl Unexpl |  Obj  Depth IntInf | Incumbent    BestBd   Gap | It/Node Time

     0     0 3.2910e+10    0   15          - 3.2910e+10      -     -   42s
H    0     0                    3.304524e+10 3.2910e+10  0.41%     -   44s
H    0     0                    3.302981e+10 3.2910e+10  0.36%     -   47s
     0     0 3.2910e+10    0   17 3.3030e+10 3.2910e+10  0.36%     -   55s
     0     0 3.2910e+10    0   17 3.3030e+10 3.2910e+10  0.36%     -   59s
     0     0 3.2910e+10    0   17 3.3030e+10 3.2910e+10  0.36%     -   64s
     0     0 3.2910e+10    0   18 3.3030e+10 3.2910e+10  0.36%     -   67s
     0     0 3.2910e+10    0   20 3.3030e+10 3.2910e+10  0.36%     -   69s
     0     0 3.2910e+10    0   18 3.3030e+10 3.2910e+10  0.36%     -   72s
     0     0 3.2910e+10    0   14 3.3030e+10 3.2910e+10  0.36%     -   74s
H    0     0                    3.302764e+10 3.2910e+10  0.36%     -   76s
     0     0 3.2910e+10    0   14 3.3028e+10 3.2910e+10  0.36%     -   78s
     0     0 3.2910e+10    0   13 3.3028e+10 3.2910e+10  0.36%     -   80s
     0     0 3.2910e+10    0   16 3.3028e+10 3.2910e+10  0.36%     -   84s
     0     0 3.2910e+10    0   11 3.3028e+10 3.2910e+10  0.36%     -   85s
H    0     0                    3.302373e+10 3.2910e+10  0.34%     -   86s
     0     0 3.2910e+10    0   15 3.3024e+10 3.2910e+10  0.34%     -   89s
     0     0 3.2910e+10    0   16 3.3024e+10 3.2910e+10  0.34%     -   91s
     0     0 3.2910e+10    0   11 3.3024e+10 3.2910e+10  0.34%     -   95s
     0     0 3.2910e+10    0   16 3.3024e+10 3.2910e+10  0.34%     -   96s
     0     0 3.2910e+10    0   16 3.3024e+10 3.2910e+10  0.34%     -  173s
H    0     0                    3.302373e+10 3.2910e+10  0.34%     -  179s
H    0     0                    3.302373e+10 3.2910e+10  0.34%     -  188s
     0     2 3.2910e+10    0   16 3.3024e+10 3.2910e+10  0.34%     -  191s
     7    16 3.2910e+10    3   13 3.3024e+10 3.2910e+10  0.34%  99.3  196s
    31    64 3.2910e+10    5   11 3.3024e+10 3.2910e+10  0.34%   120  204s
    63    96 3.2910e+10    6   11 3.3024e+10 3.2910e+10  0.34%   128  205s
H   95   128                    3.302373e+10 3.2910e+10  0.34%   109  363s
H   96   128                    3.302194e+10 3.2910e+10  0.34%   109  363s
H  104   128                    3.302168e+10 3.2910e+10  0.34%   103  363s
   127   160 3.2910e+10    8   11 3.3022e+10 3.2910e+10  0.34%   106  367s
   191   224 3.2911e+10   10   11 3.3022e+10 3.2910e+10  0.34%  97.7  373s
   223   353 3.2911e+10   11   11 3.3022e+10 3.2910e+10  0.34%  95.6  379s
H  352   396                    3.302165e+10 3.2910e+10  0.34%  75.2  395s
H  378   396                    3.302165e+10 3.2910e+10  0.34%  73.2  395s
   395   492 3.2911e+10   17   13 3.3022e+10 3.2910e+10  0.34%  74.8  418s
   491   729 3.2911e+10   20   15 3.3022e+10 3.2910e+10  0.34%  80.9  439s
   728  1530 3.2911e+10   32   15 3.3022e+10 3.2910e+10  0.34%  74.9  464s
  1529  1563 3.2913e+10   60   13 3.3022e+10 3.2910e+10  0.34%  78.5  551s
  1562  2380 3.2913e+10   62   13 3.3022e+10 3.2910e+10  0.34%  78.9  573s
  2379  3131 3.2914e+10   90   13 3.3022e+10 3.2910e+10  0.34%  73.3  591s
  3185  3772 3.2916e+10  118   11 3.3022e+10 3.2910e+10  0.34%  67.1  609s
  3979  4509 3.2916e+10  146   15 3.3022e+10 3.2910e+10  0.34%  61.4  620s
  4809  5223 3.2918e+10  174   13 3.3022e+10 3.2910e+10  0.34%  54.7  636s
  5626  5953 3.2921e+10  202   11 3.3022e+10 3.2910e+10  0.34%  49.5  652s
  6439  6654 3.2987e+10  227   11 3.3022e+10 3.2910e+10  0.34%  47.5  662s
  7254  7346     cutoff  250      3.3022e+10 3.2910e+10  0.34%  54.9  676s
  8068  7956 3.3007e+10  272   11 3.3022e+10 3.2910e+10  0.34%  70.8  689s
  8892  8691 3.2910e+10   12   11 3.3022e+10 3.2910e+10  0.34%  76.4  700s
  9733  9444 3.2911e+10   40   11 3.3022e+10 3.2910e+10  0.34%  74.5  709s
 10569 10195 3.2914e+10   68   15 3.3022e+10 3.2910e+10  0.34%  71.9  719s
 11368 10965 3.2914e+10   96   11 3.3022e+10 3.2910e+10  0.34%  71.5  730s
 12198 10966 3.2915e+10   20   16 3.3022e+10 3.2910e+10  0.34%  71.3  881s
 12200 10967 3.2981e+10  212   15 3.3022e+10 3.2910e+10  0.34%  71.3  927s
 12201 10968 3.2914e+10   10   17 3.3022e+10 3.2910e+10  0.34%  71.3  932s
 12203 10969 3.2917e+10   28   18 3.3022e+10 3.2910e+10  0.34%  71.2  948s
 12204 10970 3.2991e+10  248   18 3.3022e+10 3.2910e+10  0.34%  71.2  952s
 12205 10971 3.2911e+10   18   17 3.3022e+10 3.2910e+10  0.34%  71.2  968s
 12206 10971 3.2933e+10   97   17 3.3022e+10 3.2910e+10  0.34%  71.2  974s
 12207 10972 3.2917e+10   38   20 3.3022e+10 3.2910e+10  0.34%  71.2  983s
 12208 10973 3.2966e+10  189   18 3.3022e+10 3.2910e+10  0.34%  71.2  988s
 12209 10973 3.2917e+10   15   18 3.3022e+10 3.2911e+10  0.34%  71.2 1015s
 12211 10975 3.2916e+10   22   19 3.3022e+10 3.2911e+10  0.34%  71.2 1025s
 12212 10975 3.2950e+10  144   20 3.3022e+10 3.2911e+10  0.34%  71.2 1030s
 12213 10976 3.2957e+10  165   19 3.3022e+10 3.2911e+10  0.33%  71.2 1038s
 12214 10977 3.2956e+10  163   15 3.3022e+10 3.2911e+10  0.33%  71.2 1041s
 12215 10977 3.2941e+10   41   19 3.3022e+10 3.2911e+10  0.33%  71.2 1050s
 12216 10978 3.2980e+10  218   18 3.3022e+10 3.2911e+10  0.33%  71.2 1056s
 12217 10979 3.2950e+10  143   20 3.3022e+10 3.2911e+10  0.33%  71.2 1064s
 12218 10979 3.2931e+10   90   13 3.3022e+10 3.2911e+10  0.33%  71.2 1066s
 12219 10980 3.2932e+10   79   11 3.3022e+10 3.2911e+10  0.33%  71.2 1088s
 12220 10981 3.2985e+10  239   14 3.3022e+10 3.2911e+10  0.33%  71.1 1091s
 12222 10982 3.2960e+10   70   14 3.3022e+10 3.2911e+10  0.33%  71.1 1146s
 12223 10986 3.2911e+10   16   14 3.3022e+10 3.2911e+10  0.33%  72.8 1153s
 12225 10989 3.2911e+10   17   14 3.3022e+10 3.2911e+10  0.33%  72.8 1157s
 12229 10996 3.2911e+10   18   16 3.3022e+10 3.2911e+10  0.33%  72.8 1160s
 12253 11036 3.2911e+10   20   14 3.3022e+10 3.2911e+10  0.33%  72.8 1170s
 12349 11100 3.2911e+10   22   14 3.3022e+10 3.2911e+10  0.33%  72.9 1175s
 12454 11182 3.2912e+10   23   14 3.3022e+10 3.2911e+10  0.33%  73.0 1180s
 12583 11409 3.2915e+10   26   14 3.3022e+10 3.2911e+10  0.33%  73.0 1191s
 12768 11564 3.2916e+10   31   14 3.3022e+10 3.2911e+10  0.33%  73.2 1202s
 12985 11879 3.2917e+10   36   16 3.3022e+10 3.2911e+10  0.33%  73.4 1217s
 13372 12289 3.2917e+10   48   14 3.3022e+10 3.2911e+10  0.33%  73.9 1234s
 13911 12802 3.2913e+10   63   18 3.3022e+10 3.2911e+10  0.33%  73.7 1250s
 14604 13165 3.2931e+10   77   16 3.3022e+10 3.2911e+10  0.33%  72.9 1262s
 15198 13695 3.2932e+10   90   14 3.3022e+10 3.2911e+10  0.33%  71.6 1281s
 15926 14108 3.2914e+10  105   16 3.3022e+10 3.2911e+10  0.33%  70.7 1440s
 16614 14632 3.2934e+10  119   14 3.3022e+10 3.2911e+10  0.33%  70.2 1456s
 17458 14610 3.2916e+10  134   14 3.3022e+10 3.2911e+10  0.33%  69.9 1509s
 17725 15236 3.2916e+10  139   14 3.3022e+10 3.2911e+10  0.33%  69.3 1531s
 18564 15631 3.2948e+10  153   14 3.3022e+10 3.2911e+10  0.33%  69.3 1548s
 19389 16013 3.2917e+10  168   14 3.3022e+10 3.2911e+10  0.33%  72.3 1569s
 20179 16285 3.2958e+10  182   16 3.3022e+10 3.2911e+10  0.33%  79.2 1591s
 20959 16781 3.2918e+10  197   14 3.3022e+10 3.2911e+10  0.33%  81.4 1609s
 21828 17324 3.2966e+10  211   14 3.3022e+10 3.2911e+10  0.33%  83.5 1629s
 22715 17789 3.2921e+10  226   16 3.3022e+10 3.2911e+10  0.33%  84.9 1648s
 23570 18169 3.2987e+10  240   14 3.3022e+10 3.2911e+10  0.33%  89.0 1663s
 24483 18359 infeasible  254      3.3022e+10 3.2911e+10  0.33%  90.9 1678s
 25356 18568 3.2993e+10  269   14 3.3022e+10 3.2911e+10  0.33%  91.0 1692s
 26250 18876 infeasible  283      3.3022e+10 3.2911e+10  0.33%  92.2 1706s
 27149 19207 3.3013e+10  298   14 3.3022e+10 3.2911e+10  0.33%  92.9 1723s
 27981 19694 3.2911e+10   38   14 3.3022e+10 3.2911e+10  0.33%  93.6 1738s
 28872 20106 3.2936e+10   67   16 3.3022e+10 3.2911e+10  0.33%  95.1 1758s
 29769 20308 3.2972e+10   96   14 3.3022e+10 3.2911e+10  0.33%  96.5 1771s
 30598 20535 3.2999e+10  124   14 3.3022e+10 3.2911e+10  0.33%  96.6 1785s
 31309 20920 3.3003e+10  152   14 3.3022e+10 3.2911e+10  0.33%  96.6 1798s
 32042 21332 3.2918e+10   41   14 3.3022e+10 3.2911e+10  0.33%  97.8 1812s
 32786 21115 3.2928e+10   66   18 3.3022e+10 3.2911e+10  0.33%  98.8 1860s
 32818 21800 3.2928e+10   67   16 3.3022e+10 3.2911e+10  0.33%  98.8 1873s
 33602 22009 3.2944e+10   96   14 3.3022e+10 3.2911e+10  0.33%   100 1886s
 34340 22098 3.2994e+10  125   14 3.3022e+10 3.2911e+10  0.33%   100 1901s
 35039 22388     cutoff  142      3.3022e+10 3.2911e+10  0.33%   101 1915s
 35867 22645 3.3005e+10  167   17 3.3022e+10 3.2911e+10  0.33%   102 1926s
 36682 22921 3.2919e+10   46   14 3.3022e+10 3.2911e+10  0.33%   102 1937s
 37456 23343 3.2929e+10   65   14 3.3022e+10 3.2911e+10  0.33%   102 1949s
 38256 23811 3.2963e+10   92   14 3.3022e+10 3.2911e+10  0.33%   102 1960s
 39077 24178 3.2996e+10  121   16 3.3022e+10 3.2911e+10  0.33%   102 1976s
 39795 24612 3.2998e+10  150   14 3.3022e+10 3.2911e+10  0.33%   101 1986s
 40630 25108 3.2911e+10   35   14 3.3022e+10 3.2911e+10  0.33%   101 1996s
 41503 25532 3.2912e+10   64   14 3.3022e+10 3.2911e+10  0.33%   100 2006s
 42332 25951 3.2914e+10   93   18 3.3022e+10 3.2911e+10  0.33%  99.4 2016s
 43110 26363 3.2914e+10  122   14 3.3022e+10 3.2911e+10  0.33%   100 2026s
 43892 26862 3.2916e+10  151   14 3.3022e+10 3.2911e+10  0.33%   100 2037s
 44678 27301 3.2917e+10  180   14 3.3022e+10 3.2911e+10  0.33%   100 2048s
 45487 27794 3.2919e+10  209   14 3.3022e+10 3.2911e+10  0.33%  99.5 2058s
 46255 28445 3.2921e+10  238   16 3.3022e+10 3.2911e+10  0.33%  98.9 2069s
 46960 29079 3.2990e+10  266   16 3.3022e+10 3.2911e+10  0.33%  99.1 2079s
 47650 29727 3.3001e+10  288   14 3.3022e+10 3.2911e+10  0.33%  99.4 2089s
 48364 30371 3.3019e+10  310   14 3.3022e+10 3.2911e+10  0.33%   100 2100s
 49035 31068 3.2911e+10   53   18 3.3022e+10 3.2911e+10  0.33%   100 2111s
 49828 31739 3.2914e+10   82   16 3.3022e+10 3.2911e+10  0.33%   101 2123s
 50615 32378 3.2914e+10  111   18 3.3022e+10 3.2911e+10  0.33%   101 2136s
 51345 33023 3.2915e+10  139   16 3.3022e+10 3.2911e+10  0.33%   101 2146s
 52119 33677 3.2917e+10  168   18 3.3022e+10 3.2911e+10  0.33%   101 2156s
 52888 34332 3.2918e+10  197   16 3.3022e+10 3.2911e+10  0.33%   101 2166s
 53667 35013 3.2919e+10  226   14 3.3022e+10 3.2911e+10  0.33%   101 2176s
 54443 35723 3.2987e+10  254   14 3.3022e+10 3.2911e+10  0.33%   101 2185s
 55218 36515 3.2993e+10  282   18 3.3022e+10 3.2911e+10  0.33%   101 2195s
 56038 37256 3.3008e+10  301   14 3.3022e+10 3.2911e+10  0.33%   100 2204s
 56534 37256 3.2934e+10   79   14 3.3022e+10 3.2911e+10  0.33%   100 2205s
 56826 37955 3.2918e+10   44   14 3.3022e+10 3.2911e+10  0.33%   100 2213s
 57595 38631 3.2919e+10   56   14 3.3022e+10 3.2911e+10  0.33%   100 2224s
 58400 38632 3.2916e+10   31   16 3.3022e+10 3.2911e+10  0.33%   100 2750s
 58402 38633 3.2940e+10   82   15 3.3022e+10 3.2911e+10  0.33%   100 2801s
 58403 38634 3.2992e+10  127   21 3.3022e+10 3.2911e+10  0.33%   100 2805s
 58405 38635 3.2918e+10   49    8 3.3022e+10 3.2911e+10  0.33%   100 2815s
 58406 38636 3.2927e+10   69   16 3.3022e+10 3.2911e+10  0.33%   100 2821s
 58407 38637 3.2928e+10   74   14 3.3022e+10 3.2911e+10  0.33%   100 2843s
 58408 38637 3.2981e+10  232   15 3.3022e+10 3.2911e+10  0.33%   100 2848s
 58409 38638 3.3014e+10  296    9 3.3022e+10 3.2911e+10  0.33%   100 2881s
 58410 38639 3.3010e+10  306   17 3.3022e+10 3.2911e+10  0.33%   100 2885s
 58411 38639 3.2962e+10   93   16 3.3022e+10 3.2911e+10  0.33%   100 2905s
 58413 38641 3.2933e+10  154    7 3.3022e+10 3.2911e+10  0.33%   100 2928s
 58414 38641 3.2965e+10  258    7 3.3022e+10 3.2911e+10  0.33%   100 2931s
 58415 38642 3.2922e+10   90    7 3.3022e+10 3.2911e+10  0.33%   100 2967s
 58416 38643 3.2955e+10  171    7 3.3022e+10 3.2911e+10  0.33%   100 2970s
 58417 38643 3.2946e+10  161    5 3.3022e+10 3.2911e+10  0.33%   100 3004s
 58418 38644 3.2994e+10  281    4 3.3022e+10 3.2911e+10  0.33%   100 3007s
 58419 38645 3.2948e+10  150    7 3.3022e+10 3.2911e+10  0.33%   100 3021s
 58421 38646 3.2995e+10  274    7 3.3022e+10 3.2911e+10  0.33%   100 3056s
 58422 38647 3.2934e+10   99    9 3.3022e+10 3.2911e+10  0.33%   100 3060s
 58423 38647 3.2989e+10  264    7 3.3022e+10 3.2911e+10  0.33%   100 3080s
 58425 38649 3.2914e+10   35    7 3.3022e+10 3.2911e+10  0.33%   100 3098s
 58426 38649 3.2945e+10   85    7 3.3022e+10 3.2911e+10  0.33%   100 3101s
 58427 38650 3.2923e+10   49   12 3.3022e+10 3.2911e+10  0.33%   100 3122s
 58428 38651 3.2918e+10   42    8 3.3022e+10 3.2911e+10  0.33%   100 3125s
 58429 38651 3.2994e+10  273   10 3.3022e+10 3.2911e+10  0.33%   100 3142s
 58430 38652 3.2980e+10  227   17 3.3022e+10 3.2911e+10  0.33%   100 3146s
 58431 38653 3.3004e+10  299    6 3.3022e+10 3.2912e+10  0.33%   100 3167s
 58432 38653 3.2933e+10   79    6 3.3022e+10 3.2912e+10  0.33%   100 3199s
 58433 38654 3.2914e+10   40    6 3.3022e+10 3.2912e+10  0.33%   100 3226s
 58434 38655 3.2988e+10  103    7 3.3022e+10 3.2912e+10  0.33%   100 3247s
 58435 38655 3.2993e+10  282    8 3.3022e+10 3.2912e+10  0.33%   100 3264s
 58436 38656 3.2925e+10   49    8 3.3022e+10 3.2912e+10  0.33%   100 3300s
 58437 38657 3.2940e+10   46    8 3.3022e+10 3.2912e+10  0.33%   100 3326s
 58438 38657 3.2913e+10   31    8 3.3022e+10 3.2912e+10  0.33%   100 3366s
 58439 38658 3.2916e+10   51    8 3.3022e+10 3.2912e+10  0.33%   100 3379s
 58440 38659 3.2982e+10  246   11 3.3022e+10 3.2912e+10  0.33%   100 3402s
 58441 38659 3.2923e+10   66   11 3.3022e+10 3.2912e+10  0.33%   100 3418s
 58442 38660 3.2923e+10   67   11 3.3022e+10 3.2912e+10  0.33%   100 3438s
 58443 38661 3.2934e+10  106   11 3.3022e+10 3.2912e+10  0.33%   100 3453s
 58444 38661 3.2951e+10  164   11 3.3022e+10 3.2912e+10  0.33%   100 3468s
 58445 38662 3.3003e+10  194   11 3.3022e+10 3.2912e+10  0.33%   100 3482s
 58446 38663 3.3010e+10  302   11 3.3022e+10 3.2912e+10  0.33%   100 3502s
 58447 38663 3.2934e+10  105    8 3.3022e+10 3.2912e+10  0.33%   100 3518s
 58448 38664 3.2917e+10   51    9 3.3022e+10 3.2912e+10  0.33%   100 3540s
 58449 38665 3.2962e+10  107    9 3.3022e+10 3.2912e+10  0.33%   100 3558s
 58450 38665 3.2917e+10   56    9 3.3022e+10 3.2912e+10  0.33%   100 3577s
 58451 38666 3.3013e+10   87    9 3.3022e+10 3.2912e+10  0.33%   100 3591s

Cutting planes:
  Gomory: 5
  Lift-and-project: 2
  Implied bound: 448
  MIR: 37
  Flow cover: 77
  Flow path: 24
  RLT: 1
  Relax-and-lift: 165

Explored 58451 nodes (5866527 simplex iterations) in 3600.55 seconds (2542.53 work units)
Thread count was 32 (of 36 available processors)

Solution count 7: 3.30216e+10 3.30217e+10 3.30219e+10 ... 3.30452e+10

Time limit reached
Best objective 3.302164510640e+10, best bound 3.291189298703e+10, gap 0.3324%

User-callback calls 949909, time in user-callback 0.49 sec
Set parameter TokenServer to value "license-1.hpc.nrel.gov"
Set parameter TimeLimit to value 3600
Set parameter MIPGap to value 0.001
Set parameter MIPGap to value 0.001
Set parameter TimeLimit to value 3600
Gurobi Optimizer version 9.5.1 build v9.5.1rc2 (linux64)
Thread count: 36 physical cores, 36 logical processors, using up to 32 threads
Optimize a model with 337848 rows, 1385332 columns and 2838644 nonzeros
Model fingerprint: 0x6c10ad5c
Coefficient statistics:
  Matrix range     [3e-06, 1e+06]
  Objective range  [2e-01, 2e+08]
  Bounds range     [1e-06, 1e+08]
  RHS range        [1e-03, 2e+05]

Concurrent LP optimizer: primal simplex, dual simplex, and barrier
Showing barrier log only...

Presolve removed 333492 rows and 1194456 columns
Presolve time: 1.75s
Presolved: 4356 rows, 190876 columns, 380344 nonzeros

Ordering time: 0.03s

Barrier statistics:
 AA' NZ     : 1.893e+05
 Factor NZ  : 3.854e+05 (roughly 80 MB of memory)
 Factor Ops : 4.153e+07 (less than 1 second per iteration)
 Threads    : 30

                  Objective                Residual
Iter       Primal          Dual         Primal    Dual     Compl     Time
   0   1.36937458e+13 -1.83517153e+12  8.31e+07 1.49e+02  9.25e+08     2s
   1   3.65642588e+12 -4.45850612e+11  2.20e+07 1.82e-12  2.46e+08     2s
   2   4.13795738e+11 -1.60109797e+10  2.31e+06 8.69e-11  2.70e+07     2s
   3   3.95810269e+10  9.03212712e+09  3.57e+04 1.41e-11  5.43e+05     2s
   4   3.47661689e+10  1.93799186e+10  6.86e+03 5.91e-12  1.50e+05     2s
   5   3.35929749e+10  2.86237084e+10  2.72e+02 3.18e-12  2.79e+04     2s
   6   3.34879221e+10  3.12543852e+10  1.32e+02 2.27e-12  1.23e+04     2s
   7   3.33950333e+10  3.22964778e+10  7.93e+01 1.36e-12  6.04e+03     2s
   8   3.32265620e+10  3.26845959e+10  1.49e+01 1.36e-12  2.85e+03     2s
   9   3.31795262e+10  3.28308374e+10  1.00e+01 1.36e-12  1.83e+03     2s
  10   3.31321710e+10  3.29146432e+10  5.61e+00 9.09e-13  1.13e+03     2s
  11   3.31027772e+10  3.29486621e+10  3.69e+00 2.27e-12  8.02e+02     2s
  12   3.30665693e+10  3.29818829e+10  1.42e+00 4.09e-12  4.39e+02     2s
  13   3.30513414e+10  3.29983415e+10  7.71e-01 1.36e-12  2.74e+02     2s

Barrier performed 13 iterations in 2.36 seconds (1.40 work units)
Barrier solve interrupted - model solved by another algorithm


Solved with primal simplex
Solved in 49230 iterations and 2.67 seconds (1.45 work units)
Optimal objective  3.302164510e+10

User-callback calls 250, time in user-callback 0.00 sec
[ Info:  started timer at: 2023-03-26T20:23:31.509
[ Info: Reading /projects/pvsoiling/RELOG/Recycling_NAICS_10/input/solver/case.json...
[ Info:          134 collection centers
[ Info:          309 candidate plant locations
[ Info: Building graph...
[ Info:           26 time periods
[ Info:          309 process nodes
[ Info:         4944 shipping nodes (plant)
[ Info:          134 shipping nodes (collection)
[ Info:        46350 arcs
[ Info: Building optimization model...
[ Info: Optimizing MILP...
[ Info: Re-optimizing with integer variables fixed...
[ Info: Extracting solution...
[ Info:       3659.075086026s: 1 hour, 59 seconds, 75 milliseconds
