Set parameter TokenServer to value "license-1.hpc.nrel.gov"
Set parameter TimeLimit to value 3600
Set parameter MIPGap to value 0.001
Set parameter MIPGap to value 0.001
Set parameter TimeLimit to value 3600
Gurobi Optimizer version 9.5.1 build v9.5.1rc2 (linux64)
Thread count: 36 physical cores, 36 logical processors, using up to 32 threads
Optimize a model with 91884 rows, 1144312 columns and 2343626 nonzeros
Model fingerprint: 0x536488ca
Variable types: 1128244 continuous, 16068 integer (16068 binary)
Coefficient statistics:
  Matrix range     [1e+00, 2e+05]
  Objective range  [3e-01, 1e+09]
  Bounds range     [2e+05, 1e+08]
  RHS range        [8e-01, 2e+06]
Warning: Model contains large objective coefficients
         Consider reformulating model or setting NumericFocus parameter
         to avoid numerical issues.
Presolve removed 78514 rows and 58486 columns (presolve time = 5s) ...
Presolve removed 78514 rows and 58486 columns
Presolve time: 6.53s
Presolved: 13370 rows, 1085826 columns, 2178759 nonzeros
Variable types: 1075938 continuous, 9888 integer (9888 binary)

Deterministic concurrent LP optimizer: primal and dual simplex
Showing first log only...


Root simplex log...

Iteration    Objective       Primal Inf.    Dual Inf.      Time
       0    4.8281978e+11   3.762459e+05   2.071516e+10     10s
  375925    5.3064678e+11   3.689718e+04   5.348465e+09     15s
Concurrent spin time: 0.07s

Solved with dual simplex

Root relaxation: objective 6.645871e+11, 56992 iterations, 6.53 seconds (5.10 work units)

    Nodes    |    Current Node    |     Objective Bounds      |     Work
 Expl Unexpl |  Obj  Depth IntInf | Incumbent    BestBd   Gap | It/Node Time

     0     0 6.6459e+11    0    7          - 6.6459e+11      -     -   15s
H    0     0                    6.651693e+11 6.6459e+11  0.09%     -   16s

Explored 1 nodes (56992 simplex iterations) in 16.36 seconds (13.85 work units)
Thread count was 32 (of 36 available processors)

Solution count 1: 6.65169e+11 

Optimal solution found (tolerance 1.00e-03)
Best objective 6.651693312711e+11, best bound 6.645870825478e+11, gap 0.0875%

User-callback calls 4226, time in user-callback 0.01 sec
Set parameter TokenServer to value "license-1.hpc.nrel.gov"
Set parameter TimeLimit to value 3600
Set parameter MIPGap to value 0.001
Set parameter MIPGap to value 0.001
Set parameter TimeLimit to value 3600
Gurobi Optimizer version 9.5.1 build v9.5.1rc2 (linux64)
Thread count: 36 physical cores, 36 logical processors, using up to 32 threads
Optimize a model with 91884 rows, 1144312 columns and 2343626 nonzeros
Model fingerprint: 0xf4239ab0
Coefficient statistics:
  Matrix range     [1e+00, 2e+05]
  Objective range  [3e-01, 1e+09]
  Bounds range     [1e+00, 1e+08]
  RHS range        [8e-01, 2e+06]
Warning: Model contains large objective coefficients
         Consider reformulating model or setting NumericFocus parameter
         to avoid numerical issues.

Concurrent LP optimizer: primal simplex, dual simplex, and barrier
Showing barrier log only...

Presolve removed 86244 rows and 853148 columns
Presolve time: 1.26s
Presolved: 5640 rows, 291164 columns, 580170 nonzeros

Ordering time: 0.00s

Barrier statistics:
 AA' NZ     : 2.890e+05
 Factor NZ  : 4.925e+05 (roughly 120 MB of memory)
 Factor Ops : 5.362e+07 (less than 1 second per iteration)
 Threads    : 30

                  Objective                Residual
Iter       Primal          Dual         Primal    Dual     Compl     Time
   0   2.88480832e+12 -2.54331241e+11  5.37e+06 2.42e+02  9.01e+07     1s
   1   7.38012542e+11  3.78794798e+11  8.99e+04 1.82e-12  2.55e+06     1s
   2   6.95363285e+11  5.83370084e+11  2.23e+03 2.38e+01  4.20e+05     1s
   3   6.86591480e+11  6.30821692e+11  1.03e+03 1.27e+01  2.06e+05     2s
   4   6.79814249e+11  6.47156972e+11  3.93e+02 7.58e+00  1.18e+05     2s
   5   6.76012916e+11  6.54691156e+11  2.29e+02 3.71e+00  7.63e+04     2s
   6   6.72593076e+11  6.59591326e+11  1.06e+02 2.76e+00  4.61e+04     2s
   7   6.71006571e+11  6.61634733e+11  7.32e+01 1.93e+00  3.31e+04     2s
   8   6.68572617e+11  6.62712734e+11  3.22e+01 1.37e+00  2.06e+04     2s
   9   6.67388547e+11  6.63849163e+11  1.71e+01 6.98e-01  1.24e+04     2s
  10   6.66483370e+11  6.64430706e+11  8.98e+00 3.85e-01  7.17e+03     2s
  11   6.65950016e+11  6.64653406e+11  4.76e+00 3.02e-01  4.54e+03     2s
  12   6.65667968e+11  6.64878481e+11  2.79e+00 1.81e-01  2.76e+03     2s
  13   6.65453428e+11  6.65043472e+11  1.44e+00 8.33e-02  1.43e+03     2s
  14   6.65335727e+11  6.65103885e+11  7.87e-01 4.65e-02  8.09e+02     2s

Barrier performed 14 iterations in 1.93 seconds (1.10 work units)
Barrier solve interrupted - model solved by another algorithm


Solved with primal simplex
Solved in 35273 iterations and 2.03 seconds (0.96 work units)
Optimal objective  6.651693313e+11

User-callback calls 151, time in user-callback 0.00 sec
[ Info:  started timer at: 2023-03-27T13:33:34.320
[ Info: Reading /projects/pvsoiling/RELOG/Manufacturing_cap_NAICS_2/input/solver/case.json...
[ Info:          134 collection centers
[ Info:          309 candidate plant locations
[ Info: Building graph...
[ Info:           26 time periods
[ Info:          309 process nodes
[ Info:          309 shipping nodes (plant)
[ Info:          134 shipping nodes (collection)
[ Info:        41715 arcs
[ Info: Building optimization model...
[ Info: Optimizing MILP...
[ Info: Re-optimizing with integer variables fixed...
[ Info: Extracting solution...
[ Info:         66.892779394s: 1 minute, 6 seconds, 892 milliseconds
