Set parameter TokenServer to value "license-1.hpc.nrel.gov"
Set parameter TimeLimit to value 3600
Set parameter MIPGap to value 0.001
Set parameter MIPGap to value 0.001
Set parameter TimeLimit to value 3600
Gurobi Optimizer version 9.5.1 build v9.5.1rc2 (linux64)
Thread count: 36 physical cores, 36 logical processors, using up to 32 threads
Optimize a model with 80158 rows, 992940 columns and 2033584 nonzeros
Model fingerprint: 0x07327648
Variable types: 979004 continuous, 13936 integer (13936 binary)
Coefficient statistics:
  Matrix range     [1e+00, 1e+05]
  Objective range  [2e-01, 2e+09]
  Bounds range     [1e+05, 1e+08]
  RHS range        [8e-01, 8e+05]
Warning: Model contains large objective coefficients
         Consider reformulating model or setting NumericFocus parameter
         to avoid numerical issues.
Presolve removed 68102 rows and 51724 columns
Presolve time: 4.88s
Presolved: 12056 rows, 941216 columns, 1888596 nonzeros
Variable types: 932640 continuous, 8576 integer (8576 binary)

Deterministic concurrent LP optimizer: primal and dual simplex
Showing first log only...


Root simplex log...

Iteration    Objective       Primal Inf.    Dual Inf.      Time
       0    8.8703663e+11   8.013923e+05   1.937861e+10      8s
  275217    9.7880921e+11   1.418396e+05   1.083291e+10     10s
  711740   -4.5043966e+38   2.358600e+35   4.504397e+08     15s
Concurrent spin time: 0.10s

Solved with dual simplex

Root relaxation: objective 1.179399e+12, 90997 iterations, 9.12 seconds (7.38 work units)

    Nodes    |    Current Node    |     Objective Bounds      |     Work
 Expl Unexpl |  Obj  Depth IntInf | Incumbent    BestBd   Gap | It/Node Time

     0     0 1.1794e+12    0   23          - 1.1794e+12      -     -   16s
H    0     0                    1.181600e+12 1.1794e+12  0.19%     -   17s
H    0     0                    1.180794e+12 1.1794e+12  0.12%     -   19s
H    0     0                    1.180793e+12 1.1794e+12  0.12%     -   20s
     0     0 1.1794e+12    0   26 1.1808e+12 1.1794e+12  0.12%     -   22s
     0     0 1.1794e+12    0   26 1.1808e+12 1.1794e+12  0.12%     -   24s
     0     0 1.1794e+12    0   14 1.1808e+12 1.1794e+12  0.12%     -   25s
     0     0 1.1794e+12    0   14 1.1808e+12 1.1794e+12  0.12%     -   28s
     0     0 1.1794e+12    0   14 1.1808e+12 1.1794e+12  0.12%     -   30s
     0     0 1.1794e+12    0   14 1.1808e+12 1.1794e+12  0.12%     -   31s
H    0     0                    1.180793e+12 1.1794e+12  0.12%     -   32s
     0     0 1.1794e+12    0   14 1.1808e+12 1.1794e+12  0.12%     -   33s
     0     0 1.1794e+12    0   14 1.1808e+12 1.1794e+12  0.12%     -   35s
H    0     0                    1.180792e+12 1.1794e+12  0.12%     -   36s
     0     0 1.1794e+12    0   14 1.1808e+12 1.1794e+12  0.12%     -   38s
     0     0 1.1794e+12    0   14 1.1808e+12 1.1794e+12  0.12%     -   42s
H    0     0                    1.180792e+12 1.1794e+12  0.12%     -   43s
     0     2 1.1794e+12    0   14 1.1808e+12 1.1794e+12  0.12%     -   51s
     7    16 1.1794e+12    3   12 1.1808e+12 1.1794e+12  0.12%  28.7   55s
    31    64 1.1794e+12    5   12 1.1808e+12 1.1794e+12  0.12%  36.1   62s
   159   192 1.1794e+12    8   11 1.1808e+12 1.1794e+12  0.12%  43.6   65s
   396   461 1.1794e+12   15   11 1.1808e+12 1.1794e+12  0.12%  80.2   83s
   460   806 1.1794e+12   17   15 1.1808e+12 1.1794e+12  0.12%  79.0   92s
   806  1275 1.1796e+12   30   17 1.1808e+12 1.1794e+12  0.12%  84.6  125s
  1277  1305 1.1796e+12   46   26 1.1808e+12 1.1794e+12  0.12%  76.9  206s
  1311  1961 1.1796e+12   47   19 1.1808e+12 1.1794e+12  0.12%  77.3  232s
  1971  2933 1.1796e+12   67   16 1.1808e+12 1.1794e+12  0.12%  73.1  250s
  3014  3904 1.1797e+12   98   11 1.1808e+12 1.1794e+12  0.12%  71.8  266s
  4054  4615 1.1799e+12  130   19 1.1808e+12 1.1794e+12  0.12%  71.5  284s
  4827  5561 1.1799e+12  147   12 1.1808e+12 1.1794e+12  0.12%  66.9  299s
  5851  6470 1.1799e+12  174   12 1.1808e+12 1.1794e+12  0.12%  64.3  312s
  6907  7220 1.1799e+12  207   34 1.1808e+12 1.1794e+12  0.12%  60.7  331s
  7805  8027 1.1800e+12  240   13 1.1808e+12 1.1794e+12  0.12%  58.0  343s
  8861  8746 1.1801e+12  273   10 1.1808e+12 1.1794e+12  0.12%  55.5  354s
  9917  9453 1.1801e+12  306   15 1.1808e+12 1.1794e+12  0.12%  53.0  365s
 10973 10102 1.1801e+12  337   10 1.1808e+12 1.1794e+12  0.12%  53.4  380s
 12025 10813 1.1802e+12  370   23 1.1808e+12 1.1794e+12  0.12%  51.4  393s
 13081 11360 1.1802e+12  403    9 1.1808e+12 1.1794e+12  0.12%  50.5  413s
 13870 12162 1.1803e+12  435   24 1.1808e+12 1.1794e+12  0.12%  50.2  439s
 14920 12163 1.1802e+12  435   14 1.1808e+12 1.1794e+12  0.12%  49.2  477s
 14922 12164 1.1805e+12  258   19 1.1808e+12 1.1794e+12  0.12%  49.2  493s
 14923 12165 1.1798e+12  102   12 1.1808e+12 1.1794e+12  0.12%  49.2  496s
 14925 12166 1.1800e+12   84   12 1.1808e+12 1.1794e+12  0.12%  49.2  501s
 14927 12168 1.1801e+12  208   12 1.1808e+12 1.1794e+12  0.12%  49.2  505s
 14930 12170 1.1802e+12  219    9 1.1808e+12 1.1794e+12  0.12%  49.2  511s
 14932 12171 1.1797e+12   59   12 1.1808e+12 1.1794e+12  0.12%  49.2  515s
 14934 12172 1.1797e+12   93   12 1.1808e+12 1.1794e+12  0.12%  49.2  520s
 14936 12174 1.1803e+12  115    9 1.1808e+12 1.1794e+12  0.12%  49.1  526s
 14938 12175 1.1800e+12  283    9 1.1808e+12 1.1794e+12  0.12%  49.1  543s
 14939 12177 1.1803e+12  129   14 1.1808e+12 1.1794e+12  0.12%  53.2  548s
 14941 12178 1.1797e+12  108   19 1.1808e+12 1.1794e+12  0.12%  53.2  560s
 14943 12180 1.1800e+12  109   12 1.1808e+12 1.1794e+12  0.12%  53.2  567s
 14945 12181 1.1802e+12  355    9 1.1808e+12 1.1794e+12  0.12%  53.2  570s
 14947 12182 1.1797e+12  126    9 1.1808e+12 1.1794e+12  0.12%  53.2  575s
 14948 12183 1.1801e+12  381    9 1.1808e+12 1.1794e+12  0.12%  53.2  588s
 14949 12187 1.1794e+12   26    9 1.1808e+12 1.1794e+12  0.12%  57.0  590s
 14979 12237 1.1794e+12   30    9 1.1808e+12 1.1794e+12  0.12%  57.0  599s
 15043 12279 1.1794e+12   31    9 1.1808e+12 1.1794e+12  0.12%  56.9  615s
 15075 12301 1.1794e+12   32    9 1.1808e+12 1.1794e+12  0.12%  56.9  641s
 15139 12343 1.1794e+12   33    9 1.1808e+12 1.1794e+12  0.12%  56.8  705s
 15233 12418 1.1794e+12   34   13 1.1808e+12 1.1794e+12  0.12%  56.6  714s
 15277 12889 1.1794e+12   35   13 1.1808e+12 1.1794e+12  0.12%  56.6  723s
 15763 13302 1.1794e+12   44    8 1.1808e+12 1.1794e+12  0.12%  56.5  752s
 16338 14281 1.1795e+12   59   11 1.1808e+12 1.1794e+12  0.12%  57.0  776s
 17550 14995 1.1796e+12   80   11 1.1808e+12 1.1794e+12  0.12%  58.1  794s
 18764 15542 1.1794e+12  111    9 1.1808e+12 1.1794e+12  0.12%  59.2  809s
 19980 16145 1.1795e+12  142    7 1.1808e+12 1.1794e+12  0.12%  58.9  824s
 21195 16690 1.1796e+12  164    4 1.1808e+12 1.1794e+12  0.12%  58.0  836s
 22411 17239 1.1797e+12  185    5 1.1808e+12 1.1794e+12  0.12%  56.6  847s
 23627 17623 1.1798e+12  210    5 1.1808e+12 1.1794e+12  0.12%  55.3  862s
 24611 18246 1.1799e+12  238    5 1.1808e+12 1.1794e+12  0.12%  54.6  874s
 25827 18702 1.1798e+12  275   17 1.1808e+12 1.1794e+12  0.12%  53.8  886s
 27043 19221 1.1798e+12  313    5 1.1808e+12 1.1794e+12  0.12%  53.3  898s
 28259 19708 1.1799e+12  351    5 1.1808e+12 1.1794e+12  0.12%  52.1  906s
 29464 20048 1.1800e+12  389    3 1.1808e+12 1.1794e+12  0.12%  51.3  924s
 30677 20425 1.1801e+12  427   10 1.1808e+12 1.1794e+12  0.12%  51.1  935s
 31865 20457 1.1801e+12  460   13 1.1808e+12 1.1794e+12  0.12%  50.8  946s
 32465 21102 1.1802e+12  494    4 1.1808e+12 1.1794e+12  0.12%  50.5  957s
 33650 21504 1.1802e+12  530   10 1.1808e+12 1.1794e+12  0.12%  49.9  968s
 34816 21951     cutoff  561      1.1808e+12 1.1794e+12  0.12%  49.3  980s
 35985 22424     cutoff  595      1.1808e+12 1.1794e+12  0.12%  48.8  986s
 37164 22977 1.1803e+12  626   11 1.1808e+12 1.1794e+12  0.12%  48.5  996s
 38339 23384 1.1796e+12   61    9 1.1808e+12 1.1794e+12  0.12%  48.4 1008s
 39228 24213 1.1797e+12   78   24 1.1808e+12 1.1794e+12  0.12%  48.2 1014s
 40418 24933 1.1797e+12  116   11 1.1808e+12 1.1794e+12  0.12%  48.0 1021s
 41601 25660 1.1798e+12  154    6 1.1808e+12 1.1794e+12  0.12%  47.6 1027s
 42809 26313 1.1799e+12  192    6 1.1808e+12 1.1794e+12  0.12%  47.1 1032s
 44021 26838 1.1799e+12  230   15 1.1808e+12 1.1794e+12  0.12%  46.6 1038s
 45237 27229 1.1800e+12  268    7 1.1808e+12 1.1794e+12  0.12%  46.1 1043s
 46445 27128 1.1801e+12  306    6 1.1808e+12 1.1794e+12  0.12%  45.8 1060s
 46918 27727 1.1801e+12  329   12 1.1808e+12 1.1794e+12  0.12%  45.7 1068s
 48093 28118 1.1802e+12  367    9 1.1808e+12 1.1794e+12  0.12%  45.7 1076s
 49201 28701 1.1802e+12  405   15 1.1808e+12 1.1794e+12  0.12%  45.5 1082s
 50417 29287 1.1803e+12  443   15 1.1808e+12 1.1794e+12  0.12%  45.2 1087s
 51633 29922 1.1803e+12  481    6 1.1808e+12 1.1794e+12  0.12%  44.9 1092s
 52848 30801 1.1795e+12   45    9 1.1808e+12 1.1794e+12  0.12%  44.5 1098s
 54030 31162 1.1797e+12   73   16 1.1808e+12 1.1794e+12  0.12%  44.3 1109s
 54500 31985 1.1797e+12   74    9 1.1808e+12 1.1794e+12  0.12%  44.2 1115s
 55710 32861 1.1798e+12  104    8 1.1808e+12 1.1794e+12  0.12%  44.1 1120s
 56865 33671 1.1800e+12  140    9 1.1808e+12 1.1794e+12  0.12%  44.1 1127s
 57943 34487 1.1800e+12  170    7 1.1808e+12 1.1794e+12  0.12%  44.5 1133s
 59012 34488 1.1798e+12  158   14 1.1808e+12 1.1794e+12  0.12%  44.8 1360s
 59014 34489 1.1802e+12  401   19 1.1808e+12 1.1794e+12  0.12%  44.8 1373s
 59015 34490 1.1802e+12  459   19 1.1808e+12 1.1794e+12  0.12%  44.8 1375s
 59018 34492 1.1798e+12  132    9 1.1808e+12 1.1794e+12  0.12%  44.8 1386s
 59020 34493 1.1796e+12  101    9 1.1808e+12 1.1794e+12  0.12%  44.8 1395s
 59021 34494 1.1806e+12  581    9 1.1808e+12 1.1794e+12  0.12%  44.8 1403s
 59022 34495 1.1801e+12  314    9 1.1808e+12 1.1794e+12  0.12%  44.8 1405s
 59023 34495 1.1796e+12   96    9 1.1808e+12 1.1794e+12  0.12%  44.8 1412s
 59024 34496 1.1806e+12  465    9 1.1808e+12 1.1794e+12  0.12%  44.8 1423s
 59026 34497 1.1801e+12  186    9 1.1808e+12 1.1794e+12  0.12%  44.8 1433s
 59028 34499 1.1807e+12   84    9 1.1808e+12 1.1794e+12  0.12%  44.8 1442s
 59030 34500 1.1804e+12  359    9 1.1808e+12 1.1794e+12  0.12%  44.8 1451s
 59031 34501 1.1803e+12  434    9 1.1808e+12 1.1794e+12  0.12%  44.8 1461s
 59033 34502 1.1802e+12  293    9 1.1808e+12 1.1794e+12  0.12%  44.8 1471s
 59035 34503 1.1796e+12   86    9 1.1808e+12 1.1794e+12  0.12%  44.8 1480s
 59036 34504 1.1800e+12  208   12 1.1808e+12 1.1794e+12  0.12%  44.8 1490s
 59037 34505 1.1797e+12  227    9 1.1808e+12 1.1794e+12  0.12%  44.8 1497s
 59038 34505 1.1802e+12  547    9 1.1808e+12 1.1794e+12  0.12%  44.8 1500s
 59039 34506 1.1802e+12  387    9 1.1808e+12 1.1794e+12  0.12%  44.8 1508s
 59040 34507 1.1794e+12   41    9 1.1808e+12 1.1794e+12  0.12%  44.8 1531s
 59041 34507 1.1798e+12  195    9 1.1808e+12 1.1794e+12  0.12%  44.8 1538s
 59042 34508 1.1805e+12  582    9 1.1808e+12 1.1794e+12  0.12%  44.8 1561s
 59045 34515 1.1794e+12   39   12 1.1808e+12 1.1794e+12  0.12%  45.7 1565s
 59049 34522 1.1794e+12   40   14 1.1808e+12 1.1794e+12  0.12%  45.7 1572s
 59073 34562 1.1794e+12   42   10 1.1808e+12 1.1794e+12  0.12%  45.7 1592s
 59137 34604 1.1794e+12   43   10 1.1808e+12 1.1794e+12  0.12%  45.7 1595s
 59318 34795 1.1794e+12   47    9 1.1808e+12 1.1794e+12  0.12%  45.7 1601s
 59420 34812 1.1794e+12   49   12 1.1808e+12 1.1794e+12  0.12%  45.7 1605s
 59471 35219 1.1794e+12   50   12 1.1808e+12 1.1794e+12  0.12%  45.7 1614s
 59895 35969 1.1795e+12   57   10 1.1808e+12 1.1794e+12  0.12%  45.8 1631s
 60798 36553 1.1794e+12   74    9 1.1808e+12 1.1794e+12  0.12%  46.2 1660s
 61683 36297 1.1794e+12  102    8 1.1808e+12 1.1794e+12  0.12%  46.6 1714s
 61722 37444 1.1796e+12  102    9 1.1808e+12 1.1794e+12  0.12%  46.6 1733s
 62904 37555 1.1794e+12  131    9 1.1808e+12 1.1794e+12  0.12%  47.1 1763s
 63419 38495 1.1798e+12  143    7 1.1808e+12 1.1794e+12  0.12%  47.3 1782s
 64623 39179 1.1795e+12  177   11 1.1808e+12 1.1794e+12  0.12%  47.4 1798s
 65839 39840 1.1795e+12  212    9 1.1808e+12 1.1794e+12  0.12%  47.3 1810s
 67055 40484 1.1795e+12  250    9 1.1808e+12 1.1794e+12  0.12%  47.0 1822s
 68271 41137 1.1795e+12  285    9 1.1808e+12 1.1794e+12  0.12%  46.8 1831s
 69487 41764 1.1796e+12  314    5 1.1808e+12 1.1794e+12  0.12%  46.5 1841s
 70703 42269 1.1798e+12  338    6 1.1808e+12 1.1794e+12  0.12%  46.1 1848s
 71919 42839 1.1797e+12  368    8 1.1808e+12 1.1794e+12  0.12%  45.8 1856s
 73135 43370 1.1798e+12  399    6 1.1808e+12 1.1794e+12  0.12%  45.5 1865s
 74351 43571 1.1798e+12  436   12 1.1808e+12 1.1794e+12  0.12%  45.2 1876s
 75069 44218 1.1799e+12  471    6 1.1808e+12 1.1794e+12  0.12%  45.1 1882s
 76285 44617 1.1799e+12  509    6 1.1808e+12 1.1794e+12  0.12%  44.9 1889s
 77501 45118 1.1801e+12  547    6 1.1808e+12 1.1794e+12  0.12%  44.8 1895s
 78711 45661 1.1801e+12  585   11 1.1808e+12 1.1794e+12  0.12%  44.7 1903s
 79888 46243 1.1801e+12  623    4 1.1808e+12 1.1794e+12  0.12%  44.6 1910s
 81091 46805 1.1802e+12  660    6 1.1808e+12 1.1794e+12  0.12%  44.6 1916s
 82307 47331 1.1803e+12  695    2 1.1808e+12 1.1794e+12  0.12%  44.3 1923s
 83505 47271 1.1794e+12   57   11 1.1808e+12 1.1794e+12  0.12%  44.2 1943s
 83885 48064 1.1794e+12   79    9 1.1808e+12 1.1794e+12  0.12%  44.1 1949s
 85079 48684 1.1794e+12  117    7 1.1808e+12 1.1794e+12  0.12%  44.0 1955s
 86295 49288 1.1795e+12  155    7 1.1808e+12 1.1794e+12  0.12%  43.8 1962s
 87511 49867 1.1795e+12  193    9 1.1808e+12 1.1794e+12  0.12%  43.6 1969s
 88723 50477 1.1795e+12  231    9 1.1808e+12 1.1794e+12  0.12%  43.5 1978s
 89939 51053 1.1795e+12  269    9 1.1808e+12 1.1794e+12  0.12%  43.4 1984s
 91111 51556 1.1795e+12  307   10 1.1808e+12 1.1794e+12  0.12%  43.4 1989s
 92277 52007 1.1797e+12  345    9 1.1808e+12 1.1794e+12  0.12%  43.3 1994s
 93441 52378 1.1798e+12  383   13 1.1808e+12 1.1794e+12  0.12%  43.2 2000s
 94567 52805 1.1798e+12  421    4 1.1808e+12 1.1794e+12  0.12%  43.2 2005s
 95727 53229 1.1799e+12  459    5 1.1808e+12 1.1794e+12  0.12%  43.2 2010s
 96849 53662 1.1799e+12  497    7 1.1808e+12 1.1794e+12  0.12%  43.2 2015s
 97970 53375 1.1800e+12  535    3 1.1808e+12 1.1794e+12  0.12%  43.4 2028s
 98108 54216 1.1801e+12  551    5 1.1808e+12 1.1794e+12  0.12%  43.4 2035s
 99256 54726 1.1801e+12  589    8 1.1808e+12 1.1794e+12  0.12%  43.4 2056s
 100368 55271 1.1802e+12  626    6 1.1808e+12 1.1794e+12  0.12%  43.5 2062s
 101528 55814 1.1803e+12  664    9 1.1808e+12 1.1794e+12  0.12%  43.7 2068s
 102705 56329 1.1794e+12   50   13 1.1808e+12 1.1794e+12  0.12%  43.8 2074s
 103870 56812 1.1794e+12   88   12 1.1808e+12 1.1794e+12  0.12%  43.8 2080s
 105032 57172 1.1794e+12  126   12 1.1808e+12 1.1794e+12  0.12%  43.8 2086s
 106168 56821 1.1796e+12  155   10 1.1808e+12 1.1794e+12  0.12%  43.8 2108s
 106205 57576 1.1796e+12  156   10 1.1808e+12 1.1794e+12  0.12%  43.8 2114s
 107349 58043 1.1799e+12  192   12 1.1808e+12 1.1794e+12  0.12%  43.9 2120s
 108558 58527 1.1800e+12  230   19 1.1808e+12 1.1794e+12  0.12%  43.7 2126s
 109770 58998 1.1801e+12  268    7 1.1808e+12 1.1794e+12  0.12%  43.6 2132s
 110982 59510 1.1802e+12  306   12 1.1808e+12 1.1794e+12  0.12%  43.5 2138s
 112166 60039 1.1802e+12  344   10 1.1808e+12 1.1794e+12  0.12%  43.4 2144s
 113342 60579 1.1803e+12  382    6 1.1808e+12 1.1794e+12  0.12%  43.4 2150s
 114506 61109 1.1805e+12  417    8 1.1808e+12 1.1794e+12  0.12%  43.3 2156s
 115666 61641 1.1807e+12  455    5 1.1808e+12 1.1794e+12  0.12%  43.2 2162s
 116826 62225 1.1795e+12   81    8 1.1808e+12 1.1794e+12  0.12%  43.2 2168s
 117957 62779 1.1797e+12   98    8 1.1808e+12 1.1794e+12  0.12%  43.1 2178s
 119172 62459 1.1798e+12  133    6 1.1808e+12 1.1794e+12  0.12%  43.1 2199s
 119278 63311 1.1798e+12  134    6 1.1808e+12 1.1794e+12  0.12%  43.1 2205s
 120479 63793 1.1798e+12  170   14 1.1808e+12 1.1794e+12  0.12%  42.9 2211s
 121667 64385 1.1799e+12  203   16 1.1808e+12 1.1794e+12  0.12%  42.9 2216s
 122876 64910 1.1800e+12  241    7 1.1808e+12 1.1794e+12  0.12%  42.8 2221s
 124073 65430 1.1800e+12  275    8 1.1808e+12 1.1794e+12  0.12%  42.7 2226s
 125271 65993 1.1801e+12  311    7 1.1808e+12 1.1794e+12  0.12%  42.6 2232s
 126442 66549     cutoff  347      1.1808e+12 1.1794e+12  0.12%  42.6 2237s
 127630 67119 1.1802e+12  384   10 1.1808e+12 1.1794e+12  0.12%  42.5 2243s
 128825 67575 1.1803e+12  419   10 1.1808e+12 1.1794e+12  0.12%  42.4 2248s
 129996 68067 1.1803e+12  453    7 1.1808e+12 1.1794e+12  0.12%  42.3 2253s
 131157 68573 1.1806e+12  486    8 1.1808e+12 1.1794e+12  0.12%  42.3 2259s
 132311 69058 1.1798e+12   75    9 1.1808e+12 1.1794e+12  0.12%  42.3 2264s
 133450 68754 1.1801e+12  107   13 1.1808e+12 1.1794e+12  0.12%  42.3 2284s
 133571 69613 1.1801e+12  108   10 1.1808e+12 1.1794e+12  0.12%  42.3 2289s
 134730 70009 1.1802e+12  143   16 1.1808e+12 1.1794e+12  0.12%  42.3 2295s
 135880 70389 1.1803e+12  179   10 1.1808e+12 1.1794e+12  0.12%  42.3 2303s
 136976 70954 1.1803e+12  216   11 1.1808e+12 1.1794e+12  0.12%  42.3 2308s
 138172 71479 1.1804e+12  254   10 1.1808e+12 1.1794e+12  0.12%  42.2 2314s
 139383 72046 1.1806e+12  288   12 1.1808e+12 1.1794e+12  0.12%  42.2 2320s
 140579 72680 1.1807e+12  313   15 1.1808e+12 1.1794e+12  0.12%  42.1 2325s
 141788 73278 1.1794e+12   76    9 1.1808e+12 1.1794e+12  0.12%  42.0 2330s
 142965 73891 1.1794e+12  114    7 1.1808e+12 1.1794e+12  0.12%  42.0 2336s
 144151 74424 1.1795e+12  152    8 1.1808e+12 1.1794e+12  0.12%  41.9 2342s
 145311 74925 1.1795e+12  190    8 1.1808e+12 1.1794e+12  0.12%  41.9 2347s
 146430 75510 1.1795e+12  228    7 1.1808e+12 1.1794e+12  0.12%  42.0 2353s
 147562 76162 1.1795e+12  266    5 1.1808e+12 1.1794e+12  0.12%  42.0 2362s
 148725 76481 1.1795e+12  304    5 1.1808e+12 1.1794e+12  0.12%  42.1 2385s
 149531 77211 1.1795e+12  334    5 1.1808e+12 1.1794e+12  0.12%  42.1 2391s
 150741 77829 1.1796e+12  372    4 1.1808e+12 1.1794e+12  0.12%  42.1 2398s
 151948 78429 1.1797e+12  410   10 1.1808e+12 1.1794e+12  0.12%  42.1 2404s
 153154 79001 1.1798e+12  448   17 1.1808e+12 1.1794e+12  0.12%  42.1 2411s
 154344 79530 1.1799e+12  486   10 1.1808e+12 1.1794e+12  0.12%  42.2 2419s
 155493 80078 1.1799e+12  524    3 1.1808e+12 1.1794e+12  0.12%  42.2 2426s
 156622 80660 1.1800e+12  562    7 1.1808e+12 1.1794e+12  0.12%  42.3 2432s
 157786 81193 1.1800e+12  600    2 1.1808e+12 1.1794e+12  0.12%  42.3 2439s
 158919 81701 1.1801e+12  638    3 1.1808e+12 1.1794e+12  0.12%  42.3 2445s
 160041 82295 1.1802e+12  676    3 1.1808e+12 1.1794e+12  0.12%  42.4 2451s
 161194 82106 1.1802e+12  714    7 1.1808e+12 1.1794e+12  0.12%  42.4 2470s
 161441 82890 1.1803e+12  729    9 1.1808e+12 1.1794e+12  0.12%  42.4 2477s
 162602 83373 1.1804e+12  767    3 1.1808e+12 1.1794e+12  0.12%  42.5 2483s
 163796 84270 1.1796e+12   77   13 1.1808e+12 1.1794e+12  0.12%  42.5 2490s
 165001 85067 1.1798e+12  114   10 1.1808e+12 1.1794e+12  0.12%  42.5 2496s
 166140 85947 1.1801e+12  133    8 1.1808e+12 1.1794e+12  0.12%  42.6 2502s
 167325 86782 1.1805e+12  164   14 1.1808e+12 1.1794e+12  0.12%  42.6 2508s
 168504 87639 1.1806e+12  197   21 1.1808e+12 1.1794e+12  0.12%  42.7 2514s
 169656 88588     cutoff  222      1.1808e+12 1.1794e+12  0.12%  42.8 2520s
 170830 89541 1.1807e+12  238   19 1.1808e+12 1.1794e+12  0.12%  42.8 2526s
 171978 90543 1.1808e+12  251   19 1.1808e+12 1.1794e+12  0.12%  42.9 2532s
 173145 90682 1.1808e+12  276   16 1.1808e+12 1.1794e+12  0.12%  42.9 2550s
 173320 91695 1.1808e+12  277   16 1.1808e+12 1.1794e+12  0.12%  42.9 2556s
 174521 92669 1.1794e+12   69   11 1.1808e+12 1.1794e+12  0.12%  42.8 2561s
 175694 93691 1.1794e+12  107    7 1.1808e+12 1.1794e+12  0.12%  42.8 2567s
 176890 94712 1.1795e+12  145    8 1.1808e+12 1.1794e+12  0.12%  42.7 2576s
 178093 95692 1.1795e+12  183    8 1.1808e+12 1.1794e+12  0.12%  42.7 2581s
 179241 96662 1.1795e+12  220    7 1.1808e+12 1.1794e+12  0.12%  42.6 2587s
 180405 97584 1.1795e+12  258    5 1.1808e+12 1.1794e+12  0.12%  42.6 2594s
 181528 98511 1.1795e+12  296    5 1.1808e+12 1.1794e+12  0.12%  42.6 2600s
 182678 99377 1.1795e+12  334    5 1.1808e+12 1.1794e+12  0.12%  42.6 2606s
 183816 99781 1.1796e+12  355    4 1.1808e+12 1.1794e+12  0.12%  42.6 2632s
 184295 99980 1.1796e+12  356    4 1.1808e+12 1.1794e+12  0.12%  42.6 2647s
 184561 100967 1.1796e+12  358    3 1.1808e+12 1.1794e+12  0.12%  42.6 2654s
 185734 101966 1.1796e+12  361    4 1.1808e+12 1.1794e+12  0.12%  42.7 2660s
 186922 102870 1.1796e+12  360    4 1.1808e+12 1.1794e+12  0.12%  42.7 2666s
 188112 103797 1.1797e+12  389    8 1.1808e+12 1.1794e+12  0.12%  42.7 2672s
 189307 104782 1.1798e+12  427    4 1.1808e+12 1.1794e+12  0.12%  42.8 2677s
 190516 104960 1.1798e+12  465    3 1.1808e+12 1.1794e+12  0.12%  42.8 2698s
 190765 105899 1.1799e+12  487   12 1.1808e+12 1.1794e+12  0.12%  42.8 2704s
 191964 106751 1.1799e+12  525   10 1.1808e+12 1.1794e+12  0.12%  42.8 2712s
 193067 107800 1.1800e+12  563    4 1.1808e+12 1.1794e+12  0.12%  42.8 2718s
 194259 108780 1.1801e+12  600   10 1.1808e+12 1.1794e+12  0.12%  42.8 2724s
 195470 109682 1.1801e+12  638    4 1.1808e+12 1.1794e+12  0.12%  42.8 2731s
 196642 110700 1.1802e+12  676    3 1.1808e+12 1.1794e+12  0.12%  42.8 2737s
 197850 111708 1.1803e+12  714    8 1.1808e+12 1.1794e+12  0.12%  42.7 2743s
 199046 112685 1.1803e+12  752    2 1.1808e+12 1.1794e+12  0.12%  42.7 2749s
 200253 113661 1.1794e+12   73   15 1.1808e+12 1.1794e+12  0.12%  42.6 2755s
 201468 114597 1.1794e+12  111   11 1.1808e+12 1.1794e+12  0.12%  42.6 2761s
 202684 115469 1.1795e+12  149   11 1.1808e+12 1.1794e+12  0.12%  42.5 2767s
 203893 116316 1.1795e+12  187   11 1.1808e+12 1.1794e+12  0.12%  42.4 2772s
 205090 116342 1.1795e+12  225    9 1.1808e+12 1.1794e+12  0.12%  42.4 2832s
 205122 116496 1.1795e+12  226   11 1.1808e+12 1.1794e+12  0.12%  42.4 2844s
 205314 117384 1.1795e+12  241   11 1.1808e+12 1.1794e+12  0.12%  42.4 2850s
 206499 118345 1.1795e+12  279    9 1.1808e+12 1.1794e+12  0.12%  42.3 2860s
 207713 119220 1.1795e+12  317   10 1.1808e+12 1.1794e+12  0.12%  42.3 2865s
 208877 120104 1.1795e+12  355   10 1.1808e+12 1.1794e+12  0.12%  42.3 2871s
 210033 120989 1.1797e+12  393    4 1.1808e+12 1.1794e+12  0.12%  42.3 2877s
 211156 121080 1.1797e+12  431    3 1.1808e+12 1.1794e+12  0.12%  42.3 2891s
 211281 121974 1.1798e+12  446   12 1.1808e+12 1.1794e+12  0.12%  42.3 2896s
 212414 122998 1.1799e+12  484    3 1.1808e+12 1.1794e+12  0.12%  42.3 2901s
 213598 123980 1.1799e+12  522    4 1.1808e+12 1.1794e+12  0.12%  42.2 2907s
 214766 124921 1.1800e+12  560    6 1.1808e+12 1.1794e+12  0.12%  42.2 2913s
 215916 124949 1.1800e+12  598    2 1.1808e+12 1.1794e+12  0.12%  42.2 2994s
 215948 125868 1.1800e+12  599    2 1.1808e+12 1.1794e+12  0.12%  42.2 3000s
 217091 126009 1.1801e+12  637    3 1.1808e+12 1.1794e+12  0.12%  42.2 3017s
 217262 126896 1.1801e+12  654    9 1.1808e+12 1.1794e+12  0.12%  42.2 3023s
 218404 127844 1.1802e+12  692    8 1.1808e+12 1.1794e+12  0.12%  42.2 3028s
 219561 128772 1.1803e+12  730    9 1.1808e+12 1.1794e+12  0.12%  42.2 3034s
 220728 129687 1.1804e+12  768    3 1.1808e+12 1.1794e+12  0.12%  42.2 3040s
 221891 130608 1.1796e+12   79   15 1.1808e+12 1.1794e+12  0.12%  42.2 3046s
 223073 130741 1.1796e+12  114   12 1.1808e+12 1.1794e+12  0.12%  42.2 3065s
 223246 131616 1.1797e+12  121   12 1.1808e+12 1.1794e+12  0.12%  42.2 3071s
 224381 132490 1.1797e+12  156   15 1.1808e+12 1.1794e+12  0.12%  42.2 3077s
 225530 133353 1.1798e+12  194    9 1.1808e+12 1.1794e+12  0.12%  42.2 3084s
 226709 134285 1.1798e+12  226   11 1.1808e+12 1.1794e+12  0.12%  42.2 3089s
 227887 135213 1.1798e+12  250   11 1.1808e+12 1.1794e+12  0.12%  42.2 3095s
 229073 135365 1.1798e+12  287   11 1.1808e+12 1.1794e+12  0.12%  42.2 3116s
 229267 136351 1.1798e+12  295   10 1.1808e+12 1.1794e+12  0.12%  42.2 3122s
 230418 137252 1.1798e+12  332    9 1.1808e+12 1.1794e+12  0.12%  42.2 3128s
 231546 138236 1.1798e+12  365    9 1.1808e+12 1.1794e+12  0.12%  42.2 3134s
 232707 139228 1.1799e+12  401    4 1.1808e+12 1.1794e+12  0.12%  42.2 3140s
 233876 140207 1.1800e+12  437    9 1.1808e+12 1.1794e+12  0.12%  42.2 3146s
 235048 140467 1.1801e+12  475    4 1.1808e+12 1.1794e+12  0.12%  42.2 3164s
 235321 141473 1.1801e+12  489    3 1.1808e+12 1.1794e+12  0.12%  42.2 3171s
 236513 142524 1.1802e+12  527    3 1.1808e+12 1.1794e+12  0.12%  42.1 3180s
 237721 143535 1.1802e+12  564   21 1.1808e+12 1.1794e+12  0.12%  42.1 3185s
 238917 144521 1.1803e+12  600    3 1.1808e+12 1.1794e+12  0.12%  42.1 3191s
 240110 145485 1.1804e+12  636    4 1.1808e+12 1.1794e+12  0.12%  42.0 3196s
 241291 146418 1.1804e+12  669    4 1.1808e+12 1.1794e+12  0.12%  41.9 3201s
 242476 147320 1.1806e+12  701    8 1.1808e+12 1.1794e+12  0.12%  41.9 3207s
 243605 147453 1.1794e+12   57    9 1.1808e+12 1.1794e+12  0.12%  41.9 3224s
 243781 148307 1.1794e+12   70   15 1.1808e+12 1.1794e+12  0.12%  41.9 3230s
 244920 149194 1.1794e+12  107   10 1.1808e+12 1.1794e+12  0.12%  41.9 3236s
 246056 149957 1.1794e+12  143    8 1.1808e+12 1.1794e+12  0.12%  41.9 3243s
 247148 150778 1.1795e+12  159    9 1.1808e+12 1.1794e+12  0.12%  42.0 3249s
 248307 151699 1.1795e+12  185    8 1.1808e+12 1.1794e+12  0.12%  42.0 3255s
 249451 152656 1.1799e+12  210    9 1.1808e+12 1.1794e+12  0.12%  42.0 3260s
 250586 153644 1.1795e+12  243    8 1.1808e+12 1.1794e+12  0.12%  42.0 3266s
 251739 154546 1.1795e+12  280    7 1.1808e+12 1.1794e+12  0.12%  42.0 3272s
 252857 155500 1.1795e+12  310    6 1.1808e+12 1.1794e+12  0.12%  42.0 3277s
 254022 156507 1.1798e+12  344    6 1.1808e+12 1.1794e+12  0.12%  42.0 3283s
 255166 157502 1.1795e+12  378    6 1.1808e+12 1.1794e+12  0.12%  42.0 3289s
 256300 157625 1.1796e+12  415    4 1.1808e+12 1.1794e+12  0.12%  42.0 3307s
 256468 158566 1.1797e+12  425    4 1.1808e+12 1.1794e+12  0.12%  42.0 3313s
 257561 159493 1.1797e+12  461    3 1.1808e+12 1.1794e+12  0.12%  42.0 3319s
 258679 160405     cutoff  496      1.1808e+12 1.1794e+12  0.12%  42.0 3325s
 259825 161272 1.1799e+12  531    7 1.1808e+12 1.1794e+12  0.12%  41.9 3331s
 260979 162183 1.1799e+12  565    4 1.1808e+12 1.1794e+12  0.12%  41.9 3337s
 262130 163082     cutoff  599      1.1808e+12 1.1794e+12  0.12%  41.9 3343s
 263274 164052 1.1800e+12  637    2 1.1808e+12 1.1794e+12  0.12%  41.9 3349s
 264438 165058 1.1801e+12  670    6 1.1808e+12 1.1794e+12  0.12%  41.9 3356s
 265616 166045 1.1802e+12  706    4 1.1808e+12 1.1794e+12  0.12%  41.9 3366s
 266815 167053 1.1802e+12  741   13 1.1808e+12 1.1794e+12  0.12%  41.8 3372s
 267994 167879 1.1803e+12  778   10 1.1808e+12 1.1794e+12  0.12%  41.8 3391s
 269034 168910 1.1804e+12  809    3 1.1808e+12 1.1794e+12  0.12%  41.8 3398s
 270236 169836 1.1794e+12   78    9 1.1808e+12 1.1794e+12  0.12%  41.7 3407s
 271305 170898 1.1795e+12   91   12 1.1808e+12 1.1794e+12  0.12%  41.7 3414s
 272511 172026 1.1796e+12  129   18 1.1808e+12 1.1794e+12  0.12%  41.7 3420s
 273698 172939 1.1796e+12  167   17 1.1808e+12 1.1794e+12  0.12%  41.6 3428s
 274730 173982 1.1797e+12  187    8 1.1808e+12 1.1794e+12  0.12%  41.6 3435s
 275914 174994 1.1797e+12  225   16 1.1808e+12 1.1794e+12  0.12%  41.5 3441s
 277084 175992 1.1798e+12  263    8 1.1808e+12 1.1794e+12  0.12%  41.5 3448s
 278264 176151 1.1798e+12  301    8 1.1808e+12 1.1794e+12  0.12%  41.5 3468s
 278452 176999 1.1798e+12  302    8 1.1808e+12 1.1794e+12  0.12%  41.5 3474s
 279594 177844 1.1799e+12  340   10 1.1808e+12 1.1794e+12  0.12%  41.5 3480s
 280736 178719 1.1800e+12  378    6 1.1808e+12 1.1794e+12  0.12%  41.5 3486s
 281922 179698 1.1801e+12  416   13 1.1808e+12 1.1794e+12  0.12%  41.5 3492s
 283114 180655 1.1802e+12  454   13 1.1808e+12 1.1794e+12  0.12%  41.5 3502s
 284264 181727 1.1802e+12  491    8 1.1808e+12 1.1794e+12  0.12%  41.5 3507s
 285474 182772 1.1802e+12  529    8 1.1808e+12 1.1794e+12  0.12%  41.4 3515s
 286656 183540 1.1802e+12  567    8 1.1808e+12 1.1794e+12  0.12%  41.3 3521s
 287546 184598 1.1803e+12  605    6 1.1808e+12 1.1794e+12  0.12%  41.3 3528s
 288744 184792 1.1803e+12  643    7 1.1808e+12 1.1794e+12  0.12%  41.2 3548s
 288981 185660 1.1803e+12  644    7 1.1808e+12 1.1794e+12  0.12%  41.2 3570s
 289994 186619 1.1803e+12  675    7 1.1808e+12 1.1794e+12  0.12%  41.2 3576s
 291198 187548 1.1803e+12  713    5 1.1808e+12 1.1794e+12  0.12%  41.1 3583s
 292388 188484 1.1803e+12  751    5 1.1808e+12 1.1794e+12  0.12%  41.1 3589s
 293581 189431 1.1803e+12  789    5 1.1808e+12 1.1794e+12  0.12%  41.0 3596s
 294773 189459 1.1804e+12  827    3 1.1808e+12 1.1794e+12  0.12%  41.0 3600s

Cutting planes:
  Lift-and-project: 30
  Implied bound: 10
  MIR: 16
  Flow cover: 34
  Relax-and-lift: 8

Explored 294805 nodes (12189487 simplex iterations) in 3600.39 seconds (2516.27 work units)
Thread count was 32 (of 36 available processors)

Solution count 2: 1.18079e+12 1.1816e+12 

Time limit reached
Best objective 1.180792336048e+12, best bound 1.179407992502e+12, gap 0.1172%

User-callback calls 1236841, time in user-callback 0.47 sec
Set parameter TokenServer to value "license-1.hpc.nrel.gov"
Set parameter TimeLimit to value 3600
Set parameter MIPGap to value 0.001
Set parameter MIPGap to value 0.001
Set parameter TimeLimit to value 3600
Gurobi Optimizer version 9.5.1 build v9.5.1rc2 (linux64)
Thread count: 36 physical cores, 36 logical processors, using up to 32 threads
Optimize a model with 80158 rows, 992940 columns and 2033584 nonzeros
Model fingerprint: 0x8dcdd143
Coefficient statistics:
  Matrix range     [1e+00, 1e+05]
  Objective range  [2e-01, 2e+09]
  Bounds range     [1e+00, 1e+08]
  RHS range        [8e-01, 8e+05]
Warning: Model contains large objective coefficients
         Consider reformulating model or setting NumericFocus parameter
         to avoid numerical issues.

Concurrent LP optimizer: primal simplex, dual simplex, and barrier
Showing barrier log only...

Presolve removed 75158 rows and 787936 columns
Presolve time: 0.87s
Presolved: 5000 rows, 205004 columns, 408488 nonzeros

Ordering time: 0.00s

Barrier statistics:
 AA' NZ     : 2.035e+05
 Factor NZ  : 3.234e+05 (roughly 90 MB of memory)
 Factor Ops : 2.516e+07 (less than 1 second per iteration)
 Threads    : 30

                  Objective                Residual
Iter       Primal          Dual         Primal    Dual     Compl     Time
   0   2.18674359e+12  5.21841498e+11  2.98e+06 2.61e+02  9.99e+07     1s
   1   1.22034130e+12  8.31511434e+11  7.30e+04 3.64e-12  4.07e+06     1s
   2   1.19478686e+12  1.06964149e+12  1.84e+03 2.73e+01  6.68e+05     1s
   3   1.19269638e+12  1.11837301e+12  7.92e+02 7.82e+00  3.87e+05     1s
   4   1.18900106e+12  1.15520006e+12  1.81e+02 9.74e+00  1.71e+05     1s
   5   1.18747312e+12  1.16632724e+12  9.84e+01 5.63e+00  1.06e+05     1s
   6   1.18505258e+12  1.17401884e+12  2.28e+01 2.74e+00  5.49e+04     1s
   7   1.18430595e+12  1.17720885e+12  1.52e+01 1.53e+00  3.52e+04     1s
   8   1.18276886e+12  1.17894488e+12  4.24e+00 7.15e-01  1.90e+04     1s
   9   1.18217597e+12  1.17970592e+12  2.57e+00 5.65e-01  1.22e+04     1s
  10   1.18163149e+12  1.18016278e+12  1.30e+00 2.15e-01  7.27e+03     1s
  11   1.18138359e+12  1.18043638e+12  7.88e-01 1.22e-01  4.67e+03     1s
  12   1.18121570e+12  1.18058101e+12  4.99e-01 7.99e-02  3.13e+03     1s
  13   1.18101737e+12  1.18066296e+12  2.14e-01 8.09e-02  1.75e+03     1s
  14   1.18098809e+12  1.18071538e+12  1.81e-01 4.56e-02  1.35e+03     1s
  15   1.18088725e+12  1.18074810e+12  7.34e-02 3.39e-02  6.89e+02     1s
  16   1.18085983e+12  1.18076321e+12  4.95e-02 2.12e-02  4.79e+02     1s
  17   1.18083024e+12  1.18077263e+12  2.55e-02 1.47e-02  2.87e+02     1s
  18   1.18081605e+12  1.18078092e+12  1.48e-02 9.50e-03  1.75e+02     1s
  19   1.18080712e+12  1.18078600e+12  8.74e-03 5.28e-03  1.05e+02     1s
  20   1.18080329e+12  1.18078798e+12  6.28e-03 3.64e-03  7.62e+01     1s

Barrier performed 20 iterations in 1.37 seconds (0.99 work units)
Barrier solve interrupted - model solved by another algorithm


Solved with dual simplex
Solved in 10405 iterations and 1.54 seconds (0.79 work units)
Optimal objective  1.180792336e+12

User-callback calls 138, time in user-callback 0.00 sec
[ Info:  started timer at: 2023-03-29T15:50:23.309
[ Info: Reading /projects/pvsoiling/RELOG/Manufacturing_40209_2/input/solver/case.json...
[ Info:          134 collection centers
[ Info:          268 candidate plant locations
[ Info: Building graph...
[ Info:           26 time periods
[ Info:          268 process nodes
[ Info:          268 shipping nodes (plant)
[ Info:          134 shipping nodes (collection)
[ Info:        36180 arcs
[ Info: Building optimization model...
[ Info: Optimizing MILP...
[ Info: Re-optimizing with integer variables fixed...
[ Info: Extracting solution...
[ Info:       3650.112457219s: 1 hour, 50 seconds, 112 milliseconds
