Set parameter TokenServer to value "license-1.hpc.nrel.gov"
Set parameter TimeLimit to value 3600
Set parameter MIPGap to value 0.001
Set parameter MIPGap to value 0.001
Set parameter TimeLimit to value 3600
Gurobi Optimizer version 9.5.1 build v9.5.1rc2 (linux64)
Thread count: 36 physical cores, 36 logical processors, using up to 32 threads
Optimize a model with 84446 rows, 992940 columns and 2037872 nonzeros
Model fingerprint: 0xf4db5b81
Variable types: 979004 continuous, 13936 integer (13936 binary)
Coefficient statistics:
  Matrix range     [1e+00, 1e+05]
  Objective range  [2e-01, 2e+09]
  Bounds range     [1e+05, 1e+08]
  RHS range        [8e-01, 2e+06]
Warning: Model contains large objective coefficients
         Consider reformulating model or setting NumericFocus parameter
         to avoid numerical issues.
Presolve removed 73460 rows and 56548 columns
Presolve time: 4.17s
Presolved: 10986 rows, 936392 columns, 1878948 nonzeros
Variable types: 933176 continuous, 3216 integer (3216 binary)

Deterministic concurrent LP optimizer: primal and dual simplex
Showing first log only...


Root simplex log...

Iteration    Objective       Primal Inf.    Dual Inf.      Time
       0    1.0287250e+12   8.282993e+05   1.957671e+10      7s
  276172    1.0988302e+12   1.978335e+05   1.944568e+10     10s
Concurrent spin time: 0.00s

Solved with dual simplex

Root relaxation: objective 1.741023e+12, 71696 iterations, 6.57 seconds (4.95 work units)

    Nodes    |    Current Node    |     Objective Bounds      |     Work
 Expl Unexpl |  Obj  Depth IntInf | Incumbent    BestBd   Gap | It/Node Time

     0     0 1.7410e+12    0    6          - 1.7410e+12      -     -   12s
H    0     0                    1.743700e+12 1.7410e+12  0.15%     -   13s
     0     0 1.7410e+12    0    3 1.7437e+12 1.7410e+12  0.15%     -   15s
     0     0 1.7410e+12    0    3 1.7437e+12 1.7410e+12  0.15%     -   18s
     0     2 1.7410e+12    0    3 1.7437e+12 1.7410e+12  0.15%     -   23s
     3     8 1.7410e+12    2    3 1.7437e+12 1.7410e+12  0.15%   5.7   25s
    95   128 1.7410e+12    7    3 1.7437e+12 1.7410e+12  0.15%   4.1   53s
   127   160 1.7410e+12    8    3 1.7437e+12 1.7410e+12  0.15%   3.9   56s
   159   192 1.7411e+12    8    3 1.7437e+12 1.7410e+12  0.15%   4.1  105s
   223   430 1.7411e+12   10    3 1.7437e+12 1.7410e+12  0.15%   4.4  112s
   429  1058 1.7411e+12   15    3 1.7437e+12 1.7410e+12  0.15%   4.2  123s
  1057  1732 1.7412e+12   34    3 1.7437e+12 1.7410e+12  0.15%   4.9  134s
  1743  2376 1.7412e+12   54    3 1.7437e+12 1.7410e+12  0.15%   5.2  145s
  2450  3127 1.7414e+12   78    3 1.7437e+12 1.7410e+12  0.15%   5.3  154s
  2761  3127 1.7413e+12   73    3 1.7437e+12 1.7410e+12  0.15%   5.2  155s
  3236  3975 1.7414e+12  111    3 1.7437e+12 1.7410e+12  0.15%   5.2  163s
  4214  4408 1.7416e+12  144    3 1.7437e+12 1.7410e+12  0.15%   5.3  169s
  5190  4682 1.7429e+12  176    3 1.7437e+12 1.7410e+12  0.15%   5.5  174s
  5454  4682 1.7415e+12  122    3 1.7437e+12 1.7410e+12  0.15%   5.4  175s
  6126  5317 1.7410e+12   11    3 1.7437e+12 1.7410e+12  0.15%   5.9  180s
  7059  6146 1.7411e+12   44    3 1.7437e+12 1.7410e+12  0.15%   7.4  187s
  7976  7000 1.7413e+12   77    3 1.7437e+12 1.7410e+12  0.15%   8.5  195s
  8903  7679 1.7423e+12  107    3 1.7437e+12 1.7410e+12  0.15%   8.9  202s
  9863  8257 1.7423e+12  139    3 1.7437e+12 1.7410e+12  0.15%   9.7  210s
 10824  8790 1.7425e+12  172    6 1.7437e+12 1.7410e+12  0.15%  11.6  216s
 11759  8791 1.7410e+12   10    3 1.7437e+12 1.7410e+12  0.15%  15.4  243s
 11761  8792 1.7417e+12   94    2 1.7437e+12 1.7410e+12  0.15%  15.4  251s
 11762  8793 1.7423e+12  127    1 1.7437e+12 1.7410e+12  0.15%  15.4  255s
 11764  8794 1.7429e+12  228    1 1.7437e+12 1.7410e+12  0.15%  15.4  260s
 11795  8848 1.7410e+12   16    1 1.7437e+12 1.7410e+12  0.15%  19.1  265s
 11859  8891 1.7411e+12   17    1 1.7437e+12 1.7410e+12  0.15%  19.0  281s
 11923  8933 1.7411e+12   18    1 1.7437e+12 1.7410e+12  0.15%  18.9  304s
 11955  8986 1.7410e+12   19    1 1.7437e+12 1.7410e+12  0.15%  18.9  305s
 12354  9696 1.7411e+12   26    1 1.7437e+12 1.7410e+12  0.15%  18.4  315s
 12861 10209 1.7412e+12   42    1 1.7437e+12 1.7410e+12  0.15%  17.9  323s
 13544 10012 1.7412e+12   63    1 1.7437e+12 1.7410e+12  0.15%  17.2  345s
 13576 10493 1.7412e+12   64    1 1.7437e+12 1.7410e+12  0.15%  17.2  356s
 14099 11109 1.7413e+12   79    1 1.7437e+12 1.7410e+12  0.15%  16.8  368s
 14939 11528 1.7414e+12  104    1 1.7437e+12 1.7410e+12  0.15%  16.1  382s
 15971 11430 infeasible  135      1.7437e+12 1.7410e+12  0.15%  15.4  389s
 16992 11405 1.7425e+12  167    1 1.7437e+12 1.7410e+12  0.15%  15.0  395s
 17975 11490 1.7427e+12  201    1 1.7437e+12 1.7410e+12  0.15%  14.9  401s
 18946 11862 1.7410e+12   18    1 1.7437e+12 1.7410e+12  0.15%  15.6  410s
 19962 12470 1.7411e+12   51    1 1.7437e+12 1.7410e+12  0.15%  16.1  417s
 20972 13079 1.7413e+12   84    1 1.7437e+12 1.7410e+12  0.15%  15.7  422s
 22058 13401 1.7415e+12  116    3 1.7437e+12 1.7410e+12  0.15%  15.8  428s
 23134 13456 1.7424e+12  149    1 1.7437e+12 1.7410e+12  0.15%  15.9  433s
 24194 13519 1.7426e+12  181    2 1.7437e+12 1.7410e+12  0.15%  16.1  439s
 25282 13553 1.7428e+12  214    1 1.7437e+12 1.7410e+12  0.15%  15.9  443s
 26370 13938 1.7410e+12   19    1 1.7437e+12 1.7410e+12  0.15%  16.1  450s
 27431 14485 1.7411e+12   51    1 1.7437e+12 1.7410e+12  0.15%  16.3  458s
 28511 14151 1.7412e+12   80    1 1.7437e+12 1.7410e+12  0.15%  16.2  511s
 28543 15024 1.7412e+12   81    1 1.7437e+12 1.7410e+12  0.15%  16.1  518s
 29631 15211 1.7413e+12  112    1 1.7437e+12 1.7410e+12  0.15%  15.9  527s
 30719 15347 1.7424e+12  146    1 1.7437e+12 1.7410e+12  0.15%  15.7  532s
 31769 15021 1.7426e+12  180    2 1.7437e+12 1.7410e+12  0.15%  15.8  555s
 31801 15773 1.7426e+12  181    2 1.7437e+12 1.7410e+12  0.15%  15.8  562s
 32889 16154 1.7428e+12  215    1 1.7437e+12 1.7410e+12  0.15%  15.4  570s
 35065 16584 1.7411e+12   55    1 1.7437e+12 1.7410e+12  0.15%  14.9  579s
 36153 16658 1.7413e+12   89    2 1.7437e+12 1.7410e+12  0.15%  14.7  585s
 37241 16741 1.7424e+12  123    2 1.7437e+12 1.7410e+12  0.15%  14.5  590s
 38328 16760 1.7424e+12  157    1 1.7437e+12 1.7410e+12  0.15%  14.4  605s
 38966 17589 1.7426e+12  176    2 1.7437e+12 1.7410e+12  0.15%  14.5  610s
 40054 18410 1.7427e+12  210    1 1.7437e+12 1.7410e+12  0.15%  14.4  615s
 41129 19250 infeasible  239      1.7437e+12 1.7410e+12  0.15%  14.4  620s
 42212 19782 1.7411e+12   47    1 1.7437e+12 1.7410e+12  0.15%  14.2  625s
 43289 20264 1.7412e+12   77    1 1.7437e+12 1.7410e+12  0.15%  14.1  630s
 44311 20739 1.7422e+12  106    1 1.7437e+12 1.7410e+12  0.15%  14.4  635s
 45382 21187 1.7424e+12  141    1 1.7437e+12 1.7410e+12  0.15%  14.5  640s
 46445 21947 1.7426e+12  174    1 1.7437e+12 1.7410e+12  0.15%  14.7  645s
 47529 22704 1.7427e+12  207    1 1.7437e+12 1.7410e+12  0.15%  14.6  650s
 48617 23450 1.7429e+12  236    3 1.7437e+12 1.7410e+12  0.15%  14.4  655s
 50793 24401 1.7412e+12   79    1 1.7437e+12 1.7410e+12  0.15%  14.0  664s
 51866 24823 1.7414e+12  113    1 1.7437e+12 1.7410e+12  0.15%  14.0  670s
 52924 25354 1.7424e+12  147    1 1.7437e+12 1.7410e+12  0.15%  14.1  675s
 54003 26082 1.7426e+12  181    2 1.7437e+12 1.7410e+12  0.15%  14.1  681s
 55083 26900 1.7428e+12  215    1 1.7437e+12 1.7410e+12  0.15%  14.0  686s
 56167 27727 1.7411e+12   23    1 1.7437e+12 1.7410e+12  0.15%  13.9  691s
 57242 28403 1.7412e+12   57    2 1.7437e+12 1.7410e+12  0.15%  13.8  695s
 58308 28843 1.7413e+12   91    1 1.7437e+12 1.7410e+12  0.15%  13.8  700s
 59350 28844 1.7413e+12   56    3 1.7437e+12 1.7410e+12  0.15%  13.9  739s
 59351 28845 1.7433e+12  166    3 1.7437e+12 1.7410e+12  0.15%  13.9  740s
 59352 28845 1.7420e+12  109    2 1.7437e+12 1.7410e+12  0.15%  13.9  749s
 59353 28846 1.7412e+12   32    1 1.7437e+12 1.7410e+12  0.15%  13.9  753s
 59354 28847 1.7418e+12  103    1 1.7437e+12 1.7410e+12  0.15%  13.9  758s
 59355 28847 1.7413e+12   51    1 1.7437e+12 1.7410e+12  0.15%  13.9  762s
 59358 28854 1.7410e+12   24    1 1.7437e+12 1.7410e+12  0.15%  14.6  765s
 59450 28944 1.7411e+12   28    1 1.7437e+12 1.7410e+12  0.15%  14.6  792s
 59514 28986 1.7411e+12   29    1 1.7437e+12 1.7410e+12  0.15%  14.6  873s
 59609 29200 1.7411e+12   31    1 1.7437e+12 1.7410e+12  0.15%  14.5  877s
 59791 29707 1.7411e+12   34    1 1.7437e+12 1.7410e+12  0.15%  14.5  886s
 60359 30340 1.7412e+12   50    1 1.7437e+12 1.7410e+12  0.15%  14.4  896s
 61181 30851 1.7412e+12   77    1 1.7437e+12 1.7410e+12  0.15%  14.3  907s
 61986 31126 1.7413e+12  101    2 1.7437e+12 1.7410e+12  0.15%  14.2  917s
 62563 31569 1.7414e+12  118    1 1.7437e+12 1.7410e+12  0.15%  14.1  929s
 63617 31387 1.7425e+12  150    1 1.7437e+12 1.7410e+12  0.15%  13.9  940s
 64639 31323 1.7426e+12  184    1 1.7437e+12 1.7410e+12  0.15%  13.9  948s
 65629 31494 1.7427e+12  218    1 1.7437e+12 1.7410e+12  0.15%  13.8  954s
 66625 32039 1.7411e+12   40    1 1.7437e+12 1.7410e+12  0.15%  14.1  963s
 67643 32592 1.7411e+12   73    1 1.7437e+12 1.7410e+12  0.15%  14.1  969s
 68703 33032 1.7413e+12  106    1 1.7437e+12 1.7410e+12  0.15%  14.1  975s
 69748 33082 1.7424e+12  139    1 1.7437e+12 1.7410e+12  0.15%  14.2  981s
 70782 32770 1.7425e+12  172    1 1.7437e+12 1.7410e+12  0.15%  14.2  994s
 70910 33084 1.7425e+12  176    1 1.7437e+12 1.7410e+12  0.15%  14.2  999s
 71658 32834 1.7435e+12  196    1 1.7437e+12 1.7410e+12  0.15%  14.1 1000s
 73086 33368 1.7428e+12  242    1 1.7437e+12 1.7410e+12  0.15%  14.0 1009s
 74174 33940 1.7411e+12   45    2 1.7437e+12 1.7410e+12  0.15%  14.1 1014s
 75262 34404 1.7412e+12   74    1 1.7437e+12 1.7410e+12  0.15%  14.0 1019s
 76350 34795 1.7413e+12  107    1 1.7437e+12 1.7410e+12  0.15%  13.9 1024s
 77438 34785 1.7424e+12  137    1 1.7437e+12 1.7410e+12  0.15%  13.8 1028s
 78526 34793 1.7425e+12  170    1 1.7437e+12 1.7410e+12  0.15%  13.7 1033s
 79614 34840 1.7426e+12  202    1 1.7437e+12 1.7410e+12  0.15%  13.6 1038s
 80702 35058 1.7428e+12  234    1 1.7437e+12 1.7410e+12  0.15%  13.5 1044s
 81790 35589 1.7411e+12   40    1 1.7437e+12 1.7410e+12  0.15%  13.6 1051s
 82875 35252 1.7414e+12   69    1 1.7437e+12 1.7410e+12  0.15%  13.5 1096s
 82907 35268 1.7412e+12   69    1 1.7437e+12 1.7410e+12  0.15%  13.5 1139s
 82939 36172 1.7412e+12   70    1 1.7437e+12 1.7410e+12  0.15%  13.5 1145s
 84017 36712 1.7413e+12  102    1 1.7437e+12 1.7410e+12  0.15%  13.5 1151s
 85093 36853 1.7424e+12  132    1 1.7437e+12 1.7410e+12  0.15%  13.5 1156s
 86155 36943 1.7424e+12  166    1 1.7437e+12 1.7410e+12  0.15%  13.5 1161s
 87198 36986 1.7426e+12  198    2 1.7437e+12 1.7410e+12  0.15%  13.7 1166s
 88265 37241 1.7428e+12  232    2 1.7437e+12 1.7410e+12  0.15%  13.8 1174s
 89353 37759 1.7411e+12   39    1 1.7437e+12 1.7410e+12  0.15%  13.8 1178s
 90441 38153 1.7412e+12   73    1 1.7437e+12 1.7410e+12  0.15%  13.7 1183s
 91529 38571 1.7413e+12  107    1 1.7437e+12 1.7410e+12  0.15%  13.6 1187s
 92617 38601 1.7423e+12  135    1 1.7437e+12 1.7410e+12  0.15%  13.5 1191s
 93705 38606 1.7423e+12  169    1 1.7437e+12 1.7410e+12  0.15%  13.5 1196s
 94784 38759 1.7425e+12  203    1 1.7437e+12 1.7410e+12  0.15%  13.5 1200s
 95855 39136 1.7427e+12  237    1 1.7437e+12 1.7410e+12  0.15%  13.5 1205s
 96936 39602 1.7411e+12   45    2 1.7437e+12 1.7410e+12  0.15%  13.5 1210s
 99112 40184 1.7421e+12  107    1 1.7437e+12 1.7410e+12  0.15%  13.4 1221s
 100191 40208 1.7424e+12  141    1 1.7437e+12 1.7410e+12  0.15%  13.3 1226s
 101268 40303 1.7425e+12  174    1 1.7437e+12 1.7410e+12  0.15%  13.3 1231s
 102340 40533 1.7426e+12  205    1 1.7437e+12 1.7410e+12  0.15%  13.3 1236s
 103426 40970 1.7428e+12  235    2 1.7437e+12 1.7410e+12  0.15%  13.3 1242s
 104506 41479 1.7411e+12   43    1 1.7437e+12 1.7410e+12  0.15%  13.3 1246s
 105531 41815 1.7412e+12   77    1 1.7437e+12 1.7410e+12  0.15%  13.4 1253s
 106580 41483 1.7413e+12  111    1 1.7437e+12 1.7410e+12  0.15%  13.4 1284s
 106612 42114 1.7413e+12  112    1 1.7437e+12 1.7410e+12  0.15%  13.4 1289s
 107688 42154 1.7423e+12  139    1 1.7437e+12 1.7410e+12  0.15%  13.3 1293s
 108775 42249 1.7423e+12  173    1 1.7437e+12 1.7410e+12  0.15%  13.3 1298s
 109863 42470 1.7426e+12  207    1 1.7437e+12 1.7410e+12  0.15%  13.2 1303s
 110951 42863 1.7427e+12  241    1 1.7437e+12 1.7410e+12  0.15%  13.3 1310s
 112027 43360 1.7411e+12   49    1 1.7437e+12 1.7410e+12  0.15%  13.2 1317s
 113114 43686 1.7412e+12   83    1 1.7437e+12 1.7410e+12  0.15%  13.2 1321s
 114202 43739 1.7413e+12  117    1 1.7437e+12 1.7410e+12  0.15%  13.1 1327s
 115289 43822 1.7424e+12  151    1 1.7437e+12 1.7410e+12  0.15%  13.0 1332s
 116377 43901 1.7426e+12  185    1 1.7437e+12 1.7410e+12  0.15%  13.0 1339s
 117452 44214 1.7427e+12  219    1 1.7437e+12 1.7410e+12  0.15%  13.0 1348s
 118540 44689 infeasible  251      1.7437e+12 1.7410e+12  0.15%  13.0 1354s
 119628 45133 1.7413e+12   60    1 1.7437e+12 1.7410e+12  0.15%  13.0 1362s
 120703 45448 1.7412e+12   88    1 1.7437e+12 1.7410e+12  0.15%  12.9 1367s
 121762 45670 1.7413e+12  113    1 1.7437e+12 1.7410e+12  0.15%  12.9 1372s
 122783 45819 1.7424e+12  145    1 1.7437e+12 1.7410e+12  0.15%  13.0 1378s
 123836 45485 1.7425e+12  179    1 1.7437e+12 1.7410e+12  0.15%  13.1 1408s
 123868 46015 1.7425e+12  180    1 1.7437e+12 1.7410e+12  0.15%  13.1 1414s
 124929 46287 1.7427e+12  212    1 1.7437e+12 1.7410e+12  0.15%  13.1 1421s
 125992 46729 1.7429e+12  245    2 1.7437e+12 1.7410e+12  0.15%  13.1 1427s
 127069 47098 1.7411e+12   53    1 1.7437e+12 1.7410e+12  0.15%  13.1 1433s
 128156 47262 1.7412e+12   87    1 1.7437e+12 1.7410e+12  0.15%  13.0 1437s
 129244 47312 1.7413e+12  121    1 1.7437e+12 1.7410e+12  0.15%  13.0 1443s
 130329 47453 1.7424e+12  155    1 1.7437e+12 1.7410e+12  0.15%  12.9 1449s
 131417 47661 1.7426e+12  189    2 1.7437e+12 1.7410e+12  0.15%  12.9 1457s
 132480 48055 1.7427e+12  223    1 1.7437e+12 1.7410e+12  0.15%  12.9 1464s
 133558 48588 1.7410e+12   34    1 1.7437e+12 1.7410e+12  0.15%  12.9 1472s
 134635 48811 1.7411e+12   68    2 1.7437e+12 1.7410e+12  0.15%  12.9 1478s
 135438 49177 1.7412e+12   92    1 1.7437e+12 1.7410e+12  0.15%  12.9 1483s
 136526 49293 1.7414e+12  126    1 1.7437e+12 1.7410e+12  0.15%  12.8 1488s
 137614 49154 1.7424e+12  160    1 1.7437e+12 1.7410e+12  0.15%  12.8 1504s
 138162 49445 1.7425e+12  176    1 1.7437e+12 1.7410e+12  0.15%  12.7 1509s
 139239 49687 1.7427e+12  210    1 1.7437e+12 1.7410e+12  0.15%  12.8 1514s
 140240 50109 1.7428e+12  244    1 1.7437e+12 1.7410e+12  0.15%  13.0 1520s
 141244 50522 1.7411e+12   54    1 1.7437e+12 1.7410e+12  0.15%  13.0 1525s
 142327 50972 1.7412e+12   88    1 1.7437e+12 1.7410e+12  0.15%  13.0 1530s
 143415 51089 1.7413e+12  122    1 1.7437e+12 1.7410e+12  0.15%  12.9 1535s
 145577 51132 1.7426e+12  190    1 1.7437e+12 1.7410e+12  0.15%  12.9 1544s
 146653 51552 1.7427e+12  224    1 1.7437e+12 1.7410e+12  0.15%  12.9 1551s
 147741 52362 1.7410e+12   34    1 1.7437e+12 1.7410e+12  0.15%  12.9 1556s
 148825 53272 1.7412e+12   68    1 1.7437e+12 1.7411e+12  0.15%  12.9 1560s
 149863 54138 1.7413e+12  102    1 1.7437e+12 1.7411e+12  0.15%  12.9 1565s
 151002 54760 1.7415e+12  128    1 1.7437e+12 1.7411e+12  0.15%  12.9 1570s
 152738 55621 1.7426e+12  204    1 1.7437e+12 1.7411e+12  0.15%  13.3 1579s
 153732 56189 1.7428e+12  238    1 1.7437e+12 1.7411e+12  0.15%  13.4 1584s
 154812 56929 1.7411e+12   50    1 1.7437e+12 1.7411e+12  0.15%  13.4 1589s
 155900 57807 1.7412e+12   84    2 1.7437e+12 1.7411e+12  0.15%  13.3 1593s
 156988 58415 1.7413e+12  118    1 1.7437e+12 1.7411e+12  0.15%  13.3 1597s
 158076 58841 1.7424e+12  152    1 1.7437e+12 1.7411e+12  0.15%  13.2 1602s
 159164 59166 1.7426e+12  186    2 1.7437e+12 1.7411e+12  0.15%  13.2 1607s
 160252 59652 1.7427e+12  220    2 1.7437e+12 1.7411e+12  0.15%  13.1 1611s
 161340 60435 infeasible  250      1.7437e+12 1.7411e+12  0.15%  13.1 1616s
 162428 61290 1.7411e+12   60    1 1.7437e+12 1.7411e+12  0.15%  13.1 1621s
 163516 62142 1.7413e+12   94    1 1.7437e+12 1.7411e+12  0.15%  13.0 1626s
 164604 62587 1.7415e+12  128    1 1.7437e+12 1.7411e+12  0.15%  13.0 1630s
 165692 62889 1.7424e+12  161    1 1.7437e+12 1.7411e+12  0.15%  12.9 1635s
 166780 63186 1.7426e+12  195    1 1.7437e+12 1.7411e+12  0.15%  12.9 1640s
 168956 64613 1.7411e+12   36    1 1.7437e+12 1.7411e+12  0.15%  12.8 1649s
 170044 65534 1.7412e+12   69    1 1.7437e+12 1.7411e+12  0.15%  12.8 1654s
 171132 66400 1.7413e+12  103    1 1.7437e+12 1.7411e+12  0.15%  12.8 1659s
 172220 66769 1.7423e+12  130    1 1.7437e+12 1.7411e+12  0.15%  12.7 1664s
 173305 67068 1.7424e+12  162    1 1.7437e+12 1.7411e+12  0.15%  12.7 1669s
 174388 67453 1.7425e+12  196    1 1.7437e+12 1.7411e+12  0.15%  12.6 1675s
 175462 67984 1.7427e+12  230    2 1.7437e+12 1.7411e+12  0.15%  12.6 1680s
 176519 68994 1.7411e+12   41    1 1.7437e+12 1.7411e+12  0.15%  12.7 1687s
 177607 70020 1.7412e+12   75    1 1.7437e+12 1.7411e+12  0.15%  12.7 1691s
 178695 71032 1.7413e+12  109    1 1.7437e+12 1.7411e+12  0.15%  12.6 1696s
 179772 71589 1.7416e+12  143    1 1.7437e+12 1.7411e+12  0.15%  12.7 1700s
 181209 72314 1.7425e+12  182    2 1.7437e+12 1.7411e+12  0.15%  13.3 1709s
 182179 72931 1.7436e+12  210    1 1.7437e+12 1.7411e+12  0.15%  13.5 1714s
 183267 73987 1.7412e+12   50    1 1.7437e+12 1.7411e+12  0.15%  13.4 1719s
 184355 75009 1.7412e+12   79    1 1.7437e+12 1.7411e+12  0.15%  13.4 1723s
 185443 75787 1.7414e+12  109    1 1.7437e+12 1.7411e+12  0.15%  13.3 1728s
 186531 75830 1.7424e+12  138    1 1.7437e+12 1.7411e+12  0.15%  13.3 1733s
 187619 76033 1.7425e+12  170    1 1.7437e+12 1.7411e+12  0.15%  13.2 1737s
 188707 76271 1.7426e+12  203    1 1.7437e+12 1.7411e+12  0.15%  13.2 1741s
 189795 77056 1.7428e+12  235    2 1.7437e+12 1.7411e+12  0.15%  13.2 1746s
 190883 78119 1.7413e+12   46    1 1.7437e+12 1.7411e+12  0.15%  13.2 1751s
 191971 79172 1.7412e+12   80    1 1.7437e+12 1.7411e+12  0.15%  13.1 1755s
 193603 79612 1.7414e+12  107    1 1.7437e+12 1.7411e+12  0.15%  13.0 1760s
 195235 79991 1.7425e+12  181    1 1.7437e+12 1.7411e+12  0.15%  13.0 1767s
 196323 80504 1.7427e+12  215    1 1.7437e+12 1.7411e+12  0.15%  12.9 1772s
 197411 81543 1.7411e+12   37    1 1.7437e+12 1.7411e+12  0.15%  12.9 1776s
 198499 82571 1.7412e+12   69    1 1.7437e+12 1.7411e+12  0.15%  12.9 1781s
 199587 83458 1.7413e+12  100    2 1.7437e+12 1.7411e+12  0.15%  12.9 1785s
 200675 83565 1.7416e+12  131    1 1.7437e+12 1.7411e+12  0.15%  12.8 1790s
 202851 84028 1.7426e+12  198    1 1.7437e+12 1.7411e+12  0.15%  12.7 1797s
 203939 84709 infeasible  231      1.7437e+12 1.7411e+12  0.15%  12.7 1802s
 205027 85754 1.7412e+12   48    1 1.7437e+12 1.7411e+12  0.15%  12.7 1807s
 206102 86775 1.7412e+12   79    1 1.7437e+12 1.7411e+12  0.15%  12.7 1815s
 207176 87242 1.7414e+12  113    1 1.7437e+12 1.7411e+12  0.15%  12.7 1820s
 209330 87567 1.7425e+12  177    1 1.7437e+12 1.7411e+12  0.15%  12.6 1830s
 210402 87936 1.7426e+12  206    1 1.7437e+12 1.7411e+12  0.15%  12.6 1835s
 212578 89887 1.7412e+12   62    1 1.7437e+12 1.7411e+12  0.15%  12.6 1843s
 213666 90796 1.7413e+12   96    1 1.7437e+12 1.7411e+12  0.15%  12.5 1849s
 214754 91266 1.7415e+12  130    1 1.7437e+12 1.7411e+12  0.15%  12.5 1855s
 216592 92110 1.7418e+12  178    2 1.7437e+12 1.7411e+12  0.15%  12.8 1865s
 218444 93470 1.7437e+12  226    1 1.7437e+12 1.7411e+12  0.15%  13.0 1875s
 219521 94487 1.7412e+12   62    1 1.7437e+12 1.7411e+12  0.15%  12.9 1880s
 220609 95282 1.7413e+12   91    1 1.7437e+12 1.7411e+12  0.15%  12.9 1885s
 222427 96489 1.7425e+12  144    1 1.7437e+12 1.7411e+12  0.15%  13.0 1895s
 223304 96775 1.7425e+12  176    1 1.7437e+12 1.7411e+12  0.15%  13.2 1902s
 224283 97219 1.7427e+12  210    1 1.7437e+12 1.7411e+12  0.15%  13.3 1907s
 225371 98072 1.7429e+12  239    1 1.7437e+12 1.7411e+12  0.15%  13.2 1912s
 226459 99057 1.7412e+12   62    1 1.7437e+12 1.7411e+12  0.15%  13.2 1916s
 227547 99728 1.7413e+12   96    1 1.7437e+12 1.7411e+12  0.15%  13.2 1922s
 228635 99997 1.7416e+12  130    1 1.7437e+12 1.7411e+12  0.15%  13.1 1926s
 229723 100246 1.7425e+12  164    1 1.7437e+12 1.7411e+12  0.15%  13.1 1931s
 230811 100675 1.7426e+12  198    1 1.7437e+12 1.7411e+12  0.15%  13.1 1935s
 231899 101510 1.7429e+12  232    1 1.7437e+12 1.7411e+12  0.15%  13.1 1940s
 232987 102465 1.7412e+12   55    1 1.7437e+12 1.7411e+12  0.15%  13.0 1946s
 234074 103266 1.7413e+12   89    1 1.7437e+12 1.7411e+12  0.15%  13.0 1951s
 235162 103621 1.7414e+12  123    1 1.7437e+12 1.7411e+12  0.15%  13.0 1957s
 236236 103880 1.7425e+12  157    1 1.7437e+12 1.7411e+12  0.15%  12.9 1962s
 237316 104204 1.7426e+12  191    2 1.7437e+12 1.7411e+12  0.15%  12.9 1966s
 238404 104902 1.7428e+12  225    1 1.7437e+12 1.7411e+12  0.15%  12.9 1973s
 239471 105844 1.7412e+12   46    1 1.7437e+12 1.7411e+12  0.15%  12.9 1979s
 240539 106853 1.7412e+12   80    1 1.7437e+12 1.7411e+12  0.15%  12.9 1985s
 241614 107428 1.7414e+12  114    1 1.7437e+12 1.7411e+12  0.15%  12.8 1991s
 242688 107721 1.7425e+12  148    1 1.7437e+12 1.7411e+12  0.15%  12.8 1997s
 243733 107998 1.7425e+12  182    1 1.7437e+12 1.7411e+12  0.15%  12.8 2001s
 244793 108452 1.7427e+12  216    2 1.7437e+12 1.7411e+12  0.15%  12.8 2006s
 245835 109375 1.7411e+12   37    1 1.7437e+12 1.7411e+12  0.15%  12.9 2011s
 246855 110386 1.7412e+12   67    1 1.7437e+12 1.7411e+12  0.15%  12.9 2017s
 247907 111227 1.7413e+12   99    1 1.7437e+12 1.7411e+12  0.15%  12.9 2022s
 248988 111465 1.7415e+12  129    1 1.7437e+12 1.7411e+12  0.15%  12.8 2027s
 250076 111653 1.7425e+12  160    1 1.7437e+12 1.7411e+12  0.15%  12.8 2032s
 251164 111894 1.7426e+12  192    2 1.7437e+12 1.7411e+12  0.15%  12.8 2036s
 252252 112541 1.7428e+12  226    1 1.7437e+12 1.7411e+12  0.15%  12.8 2040s
 253340 113537 1.7412e+12   47    1 1.7437e+12 1.7411e+12  0.15%  12.8 2046s
 254427 114559 1.7412e+12   81    1 1.7437e+12 1.7411e+12  0.15%  12.7 2051s
 255515 115117 1.7414e+12  115    1 1.7437e+12 1.7411e+12  0.15%  12.7 2056s
 256566 115205 1.7425e+12  149    1 1.7437e+12 1.7411e+12  0.15%  12.7 2072s
 256790 115517 1.7425e+12  156    1 1.7437e+12 1.7411e+12  0.15%  12.7 2076s
 257813 115759 1.7426e+12  190    1 1.7437e+12 1.7411e+12  0.15%  12.7 2080s
 258883 116340 1.7427e+12  224    1 1.7437e+12 1.7411e+12  0.15%  12.7 2085s
 261044 118333 1.7412e+12   79    1 1.7437e+12 1.7411e+12  0.15%  12.7 2095s
 263084 119064 1.7415e+12   43    1 1.7437e+12 1.7411e+12  0.15%  12.7 2100s
 263220 119345 1.7425e+12  143    1 1.7437e+12 1.7411e+12  0.15%  12.7 2105s
 264216 119620 1.7425e+12  175    1 1.7437e+12 1.7411e+12  0.15%  12.7 2113s
 265231 119911 1.7426e+12  207    1 1.7437e+12 1.7411e+12  0.15%  12.8 2118s
 266319 120672 1.7429e+12  235    2 1.7437e+12 1.7411e+12  0.15%  12.8 2122s
 267404 121680 1.7412e+12   58    1 1.7437e+12 1.7411e+12  0.15%  12.8 2127s
 268464 122626 1.7413e+12   92    1 1.7437e+12 1.7411e+12  0.15%  12.7 2131s
 269529 123247 1.7415e+12  126    2 1.7437e+12 1.7411e+12  0.15%  12.7 2135s
 270593 123633 1.7418e+12  160    1 1.7437e+12 1.7411e+12  0.15%  12.8 2140s
 272390 124424 1.7435e+12  196    1 1.7437e+12 1.7411e+12  0.15%  13.0 2149s
 273408 125250 1.7437e+12  226    2 1.7437e+12 1.7411e+12  0.15%  13.0 2154s
 274493 126279 1.7412e+12   64    1 1.7437e+12 1.7411e+12  0.15%  13.0 2159s
 275581 127027 1.7413e+12   94    1 1.7437e+12 1.7411e+12  0.15%  13.0 2164s
 276669 127045 1.7415e+12  125    1 1.7437e+12 1.7411e+12  0.15%  12.9 2199s
 276701 127505 1.7423e+12  126    1 1.7437e+12 1.7411e+12  0.15%  12.9 2205s
 278848 128113 1.7426e+12  190    1 1.7437e+12 1.7411e+12  0.15%  12.9 2214s
 279892 128677 infeasible  221      1.7437e+12 1.7411e+12  0.15%  12.9 2219s
 280980 129540 1.7412e+12   40    1 1.7437e+12 1.7411e+12  0.15%  12.9 2224s
 282068 130435 1.7412e+12   74    1 1.7437e+12 1.7411e+12  0.15%  12.9 2229s
 283156 131109 1.7413e+12  108    1 1.7437e+12 1.7411e+12  0.15%  12.9 2234s
 284232 131594 1.7416e+12  142    1 1.7437e+12 1.7411e+12  0.15%  12.8 2239s
 285228 131897 1.7418e+12  164    2 1.7437e+12 1.7411e+12  0.15%  12.9 2243s
 286201 132359 1.7425e+12  182    4 1.7437e+12 1.7411e+12  0.15%  13.0 2248s
 287223 132996 1.7436e+12  205    1 1.7437e+12 1.7411e+12  0.15%  13.0 2253s
 288301 133944 1.7412e+12   47    1 1.7437e+12 1.7411e+12  0.15%  13.0 2258s
 289389 134922 1.7413e+12   76    1 1.7437e+12 1.7411e+12  0.15%  13.0 2264s
 290452 135709 1.7414e+12  106    1 1.7437e+12 1.7411e+12  0.15%  13.0 2269s
 291371 136226 1.7416e+12  137    2 1.7437e+12 1.7411e+12  0.15%  13.1 2274s
 292294 136568 1.7418e+12  162    2 1.7437e+12 1.7411e+12  0.15%  13.2 2280s
 293264 137200 1.7419e+12  178    2 1.7437e+12 1.7411e+12  0.15%  13.2 2288s
 294342 137879 1.7424e+12  207    1 1.7437e+12 1.7411e+12  0.15%  13.2 2294s
 295428 138478 1.7425e+12  240    1 1.7437e+12 1.7411e+12  0.15%  13.3 2300s
 296230 139205 1.7412e+12   45    1 1.7437e+12 1.7411e+12  0.15%  13.2 2307s
 297315 139742 1.7412e+12   79    1 1.7437e+12 1.7411e+12  0.15%  13.2 2313s
 298365 140211 1.7414e+12  113    1 1.7437e+12 1.7411e+12  0.15%  13.2 2319s
 299442 140745 1.7423e+12  139    1 1.7437e+12 1.7411e+12  0.15%  13.2 2324s
 300525 141531 1.7424e+12  173    1 1.7437e+12 1.7411e+12  0.15%  13.2 2331s
 301605 142178 1.7426e+12  207    1 1.7437e+12 1.7411e+12  0.15%  13.2 2337s
 302624 142603 1.7428e+12  241    1 1.7437e+12 1.7411e+12  0.15%  13.2 2343s
 303650 143283 1.7412e+12   51    1 1.7437e+12 1.7411e+12  0.15%  13.2 2348s
 304738 144132 1.7412e+12   85    2 1.7437e+12 1.7411e+12  0.15%  13.2 2352s
 305826 144840 1.7414e+12  119    1 1.7437e+12 1.7411e+12  0.15%  13.2 2356s
 306914 145355 1.7425e+12  152    1 1.7437e+12 1.7411e+12  0.15%  13.1 2361s
 308002 145749 1.7426e+12  186    1 1.7437e+12 1.7411e+12  0.15%  13.1 2365s
 310178 146707 1.7412e+12   44    1 1.7437e+12 1.7411e+12  0.15%  13.1 2374s
 311266 147484 1.7412e+12   73    1 1.7437e+12 1.7411e+12  0.15%  13.1 2379s
 312354 148378 1.7413e+12  104    2 1.7437e+12 1.7411e+12  0.15%  13.0 2383s
 313442 149066 1.7416e+12  135    2 1.7437e+12 1.7411e+12  0.15%  13.0 2388s
 314519 149649 1.7418e+12  160    1 1.7437e+12 1.7411e+12  0.15%  13.0 2392s
 315556 150137 1.7418e+12  177    1 1.7437e+12 1.7411e+12  0.15%  13.0 2397s
 316507 150658 1.7424e+12  208    1 1.7437e+12 1.7411e+12  0.15%  13.1 2401s
 317467 151255 1.7425e+12  242    2 1.7437e+12 1.7411e+12  0.15%  13.2 2407s
