Set parameter TokenServer to value "license-1.hpc.nrel.gov"
Set parameter TimeLimit to value 3600
Set parameter MIPGap to value 0.001
Set parameter MIPGap to value 0.001
Set parameter TimeLimit to value 3600
Gurobi Optimizer version 9.5.1 build v9.5.1rc2 (linux64)
Thread count: 36 physical cores, 36 logical processors, using up to 32 threads
Optimize a model with 288636 rows, 1198496 columns and 2444160 nonzeros
Model fingerprint: 0x12bddddd
Variable types: 1184560 continuous, 13936 integer (13936 binary)
Coefficient statistics:
  Matrix range     [3e-06, 7e+03]
  Objective range  [1e-01, 3e+07]
  Bounds range     [7e+03, 1e+08]
  RHS range        [1e-03, 2e+05]
Presolve removed 271484 rows and 251116 columns
Presolve time: 3.09s
Presolved: 17152 rows, 947380 columns, 1901192 nonzeros
Variable types: 947112 continuous, 268 integer (268 binary)

Deterministic concurrent LP optimizer: primal and dual simplex
Showing first log only...


Root simplex log...

Iteration    Objective       Primal Inf.    Dual Inf.      Time
       0    6.0064923e+09   8.467717e+05   6.999084e+11      7s
  209660    7.4705745e+09   0.000000e+00   0.000000e+00     10s
Concurrent spin time: 0.02s

Solved with primal simplex

Root relaxation: objective 7.470575e+09, 209660 iterations, 5.48 seconds (4.79 work units)

    Nodes    |    Current Node    |     Objective Bounds      |     Work
 Expl Unexpl |  Obj  Depth IntInf | Incumbent    BestBd   Gap | It/Node Time

     0     0 7.4706e+09    0    3          - 7.4706e+09      -     -   10s
H    0     0                    7.528864e+09 7.4706e+09  0.77%     -   10s
     0     0 7.4706e+09    0    2 7.5289e+09 7.4706e+09  0.77%     -   14s
H    0     0                    7.497311e+09 7.4706e+09  0.36%     -   15s
     0     0 7.4706e+09    0    2 7.4973e+09 7.4706e+09  0.36%     -   17s
     0     0 7.4706e+09    0    2 7.4973e+09 7.4706e+09  0.36%     -   19s
     0     0 7.4706e+09    0    2 7.4973e+09 7.4706e+09  0.36%     -   22s
     0     2 7.4706e+09    0    2 7.4973e+09 7.4706e+09  0.36%     -   27s
     7    16 7.4706e+09    3    1 7.4973e+09 7.4706e+09  0.36%  56.9   30s
H   95   128                    7.497311e+09 7.4706e+09  0.36%  35.6   47s
   127   160 7.4707e+09    8    1 7.4973e+09 7.4706e+09  0.36%  46.2   50s
   191   224 7.4707e+09   10    1 7.4973e+09 7.4706e+09  0.36%  66.0   58s
   223   318 7.4707e+09   11    1 7.4973e+09 7.4706e+09  0.36%  75.3   62s
   317   536 7.4707e+09   13    1 7.4973e+09 7.4706e+09  0.36%  92.6   69s
   535   568 7.4707e+09   18    2 7.4973e+09 7.4706e+09  0.36%  93.6  110s
   567   966 7.4707e+09   19    1 7.4973e+09 7.4706e+09  0.36%  93.9  125s
   965  1402 7.4707e+09   33    1 7.4973e+09 7.4706e+09  0.36%  80.5  158s
  1401  2264 7.4710e+09   48    2 7.4973e+09 7.4706e+09  0.36%  80.5  181s
  2263  3171 7.4712e+09   81    1 7.4973e+09 7.4706e+09  0.36%  71.0  201s
  3170  4076 7.4716e+09  114    1 7.4973e+09 7.4706e+09  0.36%  66.2  221s
  4082  4105 7.4717e+09  147    1 7.4973e+09 7.4706e+09  0.36%  66.1  271s
  4114  4919 7.4718e+09  148    2 7.4973e+09 7.4706e+09  0.36%  66.3  289s
  5024  5704 7.4724e+09  181    2 7.4973e+09 7.4706e+09  0.36%  63.1  304s
  5935  6471 7.4881e+09  207    2 7.4973e+09 7.4706e+09  0.36%  73.8  321s
  6763  6847 7.4910e+09  239    1 7.4973e+09 7.4706e+09  0.36%   105  340s
  7321  7354     cutoff  250      7.4973e+09 7.4706e+09  0.36%   134  358s
  8151  8201 7.4708e+09   16    1 7.4973e+09 7.4706e+09  0.36%   146  377s
  9072  8909 7.4763e+09   49    1 7.4973e+09 7.4706e+09  0.36%   147  398s
  9906  9415 7.4777e+09   69    3 7.4973e+09 7.4706e+09  0.36%   151  419s
 10726 10023 7.4844e+09   82    1 7.4973e+09 7.4706e+09  0.36%   157  438s
 11717 10024 7.4771e+09   46    2 7.4973e+09 7.4706e+09  0.36%   155  512s
 11719 10025 7.4748e+09   84    3 7.4973e+09 7.4706e+09  0.36%   155  536s
 11721 10027 7.4709e+09   13    2 7.4973e+09 7.4706e+09  0.36%   155  553s
 11722 10027 7.4736e+09   71    2 7.4973e+09 7.4706e+09  0.36%   155  555s
 11723 10028 7.4736e+09   70    2 7.4973e+09 7.4706e+09  0.36%   155  571s
 11725 10029 7.4804e+09  164    2 7.4973e+09 7.4707e+09  0.36%   155  586s
 11727 10031 7.4733e+09   52    2 7.4973e+09 7.4707e+09  0.36%   155  593s
 11728 10034 7.4707e+09   14    1 7.4973e+09 7.4707e+09  0.36%   173  596s
 11758 10084 7.4707e+09   18    1 7.4973e+09 7.4707e+09  0.36%   172  602s
 11822 10127 7.4713e+09   19    2 7.4973e+09 7.4707e+09  0.36%   172  608s
 11854 10148 7.4707e+09   20    1 7.4973e+09 7.4707e+09  0.36%   172  610s
 11918 10191 7.4707e+09   21    1 7.4973e+09 7.4707e+09  0.36%   171  750s
 11950 10212 7.4714e+09   21    2 7.4973e+09 7.4707e+09  0.36%   171  894s
H11977  9701                    7.497311e+09 7.4707e+09  0.36%   171  895s
 12029  9949 7.4715e+09   22    2 7.4973e+09 7.4707e+09  0.36%   172  911s
 12247 10103 7.4715e+09   24    2 7.4973e+09 7.4707e+09  0.36%   171  928s
 12474 10482 7.4707e+09   27    1 7.4973e+09 7.4707e+09  0.36%   171  954s
 12928 10893 7.4707e+09   35    3 7.4973e+09 7.4707e+09  0.36%   170  985s
 13491 10738 7.4717e+09   43    2 7.4973e+09 7.4707e+09  0.36%   170 1120s
 13523 11357 7.4707e+09   44    1 7.4973e+09 7.4707e+09  0.36%   170 1154s
 14160 11682 7.4710e+09   52    1 7.4973e+09 7.4707e+09  0.36%   169 1181s
 14874 12211 7.4710e+09   63    2 7.4973e+09 7.4707e+09  0.36%   168 1202s
 15785 12727 7.4710e+09   75    1 7.4973e+09 7.4707e+09  0.36%   163 1223s
 16717 12531 7.4711e+09   87    1 7.4973e+09 7.4707e+09  0.36%   158 1268s
 16845 13324 7.4711e+09   89    1 7.4973e+09 7.4707e+09  0.36%   158 1289s
 17755 13884 7.4756e+09  103    2 7.4973e+09 7.4707e+09  0.36%   157 1307s
 18697 14330 7.4768e+09  118    2 7.4973e+09 7.4707e+09  0.36%   161 1328s
 19571 14771 7.4716e+09  133    1 7.4973e+09 7.4707e+09  0.36%   169 1345s
 20611 15348 7.4778e+09  149    2 7.4973e+09 7.4707e+09  0.36%   168 1361s
 21662 15945 7.4720e+09  166    1 7.4973e+09 7.4707e+09  0.36%   165 1378s
 22708 16499 7.4816e+09  182    2 7.4973e+09 7.4707e+09  0.36%   164 1394s
 23746 17047 7.4729e+09  199    1 7.4973e+09 7.4707e+09  0.36%   162 1410s
 24704 17563 7.4877e+09  215    3 7.4973e+09 7.4707e+09  0.36%   160 1427s
 25660 17273 infeasible  231      7.4973e+09 7.4707e+09  0.36%   159 1576s
 25695 17991 infeasible  232      7.4973e+09 7.4707e+09  0.36%   160 1594s
 26597 18385 7.4904e+09  249    2 7.4973e+09 7.4707e+09  0.36%   163 1614s
 27502 18654     cutoff  265      7.4973e+09 7.4707e+09  0.36%   169 1631s
 28488 19010 7.4721e+09   29    3 7.4973e+09 7.4707e+09  0.36%   171 1647s
 29425 19620 7.4734e+09   46    2 7.4973e+09 7.4707e+09  0.36%   170 1680s
 30420 20100 7.4755e+09   66    1 7.4973e+09 7.4707e+09  0.36%   169 1694s
 31333 19825 7.4765e+09   72    1 7.4973e+09 7.4707e+09  0.36%   166 1783s
 31365 20633 7.4769e+09   73    1 7.4973e+09 7.4707e+09  0.36%   166 1796s
 32234 21160 7.4776e+09   78    1 7.4973e+09 7.4707e+09  0.36%   163 1808s
 33115 21755 7.4792e+09   88    2 7.4973e+09 7.4707e+09  0.36%   161 1820s
 34035 22198 7.4850e+09  118    1 7.4973e+09 7.4707e+09  0.36%   160 1831s
 34849 22526 7.4854e+09  151    1 7.4973e+09 7.4707e+09  0.36%   161 1844s
 35543 22895 7.4860e+09  184    1 7.4973e+09 7.4707e+09  0.36%   163 1858s
 36311 23357 7.4708e+09   41    1 7.4973e+09 7.4707e+09  0.36%   165 1869s
 37133 23835 7.4711e+09   74    2 7.4973e+09 7.4707e+09  0.36%   165 1880s
 37944 24355 7.4713e+09  107    1 7.4973e+09 7.4707e+09  0.36%   163 1891s
 38754 24873 7.4717e+09  140    1 7.4973e+09 7.4707e+09  0.36%   162 1903s
 39554 25413 7.4721e+09  173    1 7.4973e+09 7.4707e+09  0.36%   160 1913s
 40404 25882 7.4730e+09  206    1 7.4973e+09 7.4707e+09  0.36%   158 1926s
 41216 26460 7.4896e+09  238    2 7.4973e+09 7.4707e+09  0.36%   158 1938s
 41891 26962 7.4914e+09  255    1 7.4973e+09 7.4707e+09  0.36%   160 1951s
 42453 27436 7.4944e+09  273    1 7.4973e+09 7.4707e+09  0.36%   164 1964s
 43140 28009 7.4720e+09   28    2 7.4973e+09 7.4707e+09  0.36%   165 1978s
 43857 28531 7.4730e+09   44    1 7.4973e+09 7.4707e+09  0.36%   165 1992s
 44480 29028 7.4739e+09   53    3 7.4973e+09 7.4707e+09  0.36%   165 2007s
 45045 29539 7.4743e+09   58    2 7.4973e+09 7.4707e+09  0.36%   166 2022s
 45615 30077 7.4749e+09   64    2 7.4973e+09 7.4707e+09  0.36%   166 2037s
 46176 30614 7.4757e+09   69    1 7.4973e+09 7.4707e+09  0.36%   167 2051s
 46747 30641 7.4770e+09   74    1 7.4973e+09 7.4707e+09  0.36%   168 2152s
 46784 31204 7.4771e+09   75    2 7.4973e+09 7.4707e+09  0.36%   169 2168s
 47386 31770 7.4781e+09   81    2 7.4973e+09 7.4707e+09  0.36%   170 2185s
 48062 32298 7.4897e+09   92    1 7.4973e+09 7.4707e+09  0.36%   171 2201s
 48772 32845 7.4949e+09  124    2 7.4973e+09 7.4707e+09  0.36%   171 2217s
 49490 33343 7.4953e+09  157    1 7.4973e+09 7.4707e+09  0.36%   172 2233s
 50221 33825 7.4962e+09  190    1 7.4973e+09 7.4707e+09  0.36%   172 2252s
 50851 34364 7.4729e+09   40    2 7.4973e+09 7.4707e+09  0.36%   173 2270s
 51536 34883 7.4739e+09   53    2 7.4973e+09 7.4707e+09  0.36%   174 2289s
 52192 35448 7.4744e+09   59    2 7.4973e+09 7.4707e+09  0.36%   175 2308s
 52830 36063 7.4750e+09   65    2 7.4973e+09 7.4707e+09  0.36%   176 2328s
 53521 36678 7.4759e+09   71    1 7.4973e+09 7.4707e+09  0.36%   176 2345s
 54189 37272 7.4771e+09   75    1 7.4973e+09 7.4707e+09  0.36%   176 2362s
 54901 37887 7.4782e+09   82    2 7.4973e+09 7.4707e+09  0.36%   177 2381s
 55687 38430 7.4946e+09   95    1 7.4973e+09 7.4707e+09  0.36%   177 2398s
 56554 38903 7.4948e+09  117    1 7.4973e+09 7.4707e+09  0.36%   178 2414s
 57432 39344 7.4952e+09  147    1 7.4973e+09 7.4707e+09  0.36%   178 2431s
 58153 39971 7.4957e+09  173    1 7.4973e+09 7.4707e+09  0.36%   179 2448s
 59019 39972 7.4924e+09  260    2 7.4973e+09 7.4707e+09  0.36%   179 2577s
 59021 39973 7.4860e+09   83    3 7.4973e+09 7.4707e+09  0.36%   179 2592s
 59023 39975 7.4895e+09  241    1 7.4973e+09 7.4707e+09  0.36%   179 2597s
 59024 39975 7.4802e+09  177    1 7.4973e+09 7.4707e+09  0.36%   179 2607s
 59025 39976 7.4883e+09  223    1 7.4973e+09 7.4707e+09  0.36%   179 2613s
 59026 39980 7.4707e+09   27    1 7.4973e+09 7.4707e+09  0.36%   182 2615s
 59056 40030 7.4707e+09   31    1 7.4973e+09 7.4707e+09  0.36%   182 2620s
 59120 40072 7.4713e+09   32    2 7.4973e+09 7.4707e+09  0.36%   182 2631s
 59184 40115 7.4714e+09   33    2 7.4973e+09 7.4707e+09  0.36%   182 2699s
 59216 40139 7.4707e+09   34    1 7.4973e+09 7.4707e+09  0.36%   181 2702s
 59251 40160 7.4714e+09   34    2 7.4973e+09 7.4707e+09  0.36%   181 2770s
 59325 40353 7.4707e+09   36    1 7.4973e+09 7.4707e+09  0.36%   181 2779s
 59372 40337 7.4708e+09   39    1 7.4973e+09 7.4707e+09  0.36%   181 2780s
 59501 40326 7.4715e+09   39    2 7.4973e+09 7.4707e+09  0.36%   181 2836s
 59533 40811 7.4707e+09   40    1 7.4973e+09 7.4707e+09  0.36%   181 2855s
 60028 40678 7.4716e+09   47    2 7.4973e+09 7.4707e+09  0.36%   181 2921s
 60060 40958 7.4707e+09   48    3 7.4973e+09 7.4707e+09  0.36%   181 2938s
 60351 41567 7.4707e+09   55    2 7.4973e+09 7.4707e+09  0.36%   180 2962s
 61057 42055 7.4733e+09   71    2 7.4973e+09 7.4707e+09  0.36%   180 2981s
 61780 42497 7.4710e+09   88    1 7.4973e+09 7.4707e+09  0.36%   179 3002s
 62508 42986 7.4742e+09  104    2 7.4973e+09 7.4707e+09  0.36%   178 3020s
 63344 43461 7.4714e+09  121    1 7.4973e+09 7.4707e+09  0.36%   176 3037s
 64221 43846 7.4716e+09  137    2 7.4973e+09 7.4707e+09  0.36%   175 3052s
 65065 44080 7.4777e+09  153    2 7.4973e+09 7.4707e+09  0.36%   175 3067s
 65752 44297 7.4717e+09  170    1 7.4973e+09 7.4707e+09  0.36%   175 3083s
 66343 44548 7.4803e+09  186    2 7.4973e+09 7.4707e+09  0.36%   176 3100s
 66922 44883 7.4723e+09  203    1 7.4973e+09 7.4707e+09  0.36%   177 3118s
 67664 45330 infeasible  219      7.4973e+09 7.4707e+09  0.36%   178 3135s
 68458 45096 7.4882e+09  236    2 7.4973e+09 7.4707e+09  0.36%   178 3223s
 68490 45712 infeasible  236      7.4973e+09 7.4707e+09  0.36%   178 3241s
 69280 46031 7.4896e+09  253    2 7.4973e+09 7.4707e+09  0.36%   178 3258s
 70120 46404     cutoff  269      7.4973e+09 7.4707e+09  0.36%   178 3276s
 70943 46893 7.4948e+09  286    3 7.4973e+09 7.4707e+09  0.36%   178 3294s
 71802 47399 7.4708e+09   53    1 7.4973e+09 7.4707e+09  0.36%   178 3309s
 72786 47821 7.4711e+09   86    1 7.4973e+09 7.4707e+09  0.36%   178 3326s
 73795 48100 7.4713e+09  119    1 7.4973e+09 7.4707e+09  0.36%   178 3341s
 74797 48508 7.4717e+09  152    1 7.4973e+09 7.4707e+09  0.36%   177 3355s
 75771 48983 7.4720e+09  185    1 7.4973e+09 7.4707e+09  0.36%   176 3371s
 76680 48822 7.4729e+09  218    1 7.4973e+09 7.4707e+09  0.36%   176 3416s
 76854 48795 7.4829e+09  217    1 7.4973e+09 7.4707e+09  0.36%   176 3494s
 76887 49603 7.4833e+09  218    2 7.4973e+09 7.4707e+09  0.36%   176 3512s
 77772 50170 7.4863e+09  250    2 7.4973e+09 7.4707e+09  0.36%   176 3528s
 78680 50478 7.4927e+09  271    1 7.4973e+09 7.4707e+09  0.36%   176 3544s
 79437 50862 7.4707e+09   38    1 7.4973e+09 7.4707e+09  0.36%   176 3562s
 80265 51201 7.4708e+09   46    2 7.4973e+09 7.4707e+09  0.36%   176 3580s
 81101 51460 7.4708e+09   55    2 7.4973e+09 7.4707e+09  0.36%   178 3596s
 81970 51404 7.4708e+09   66    1 7.4973e+09 7.4707e+09  0.36%   178 3600s

Cutting planes:
  Gomory: 1
  Implied bound: 3
  MIR: 3
  Flow cover: 3

Explored 82311 nodes (14845955 simplex iterations) in 3600.38 seconds (2490.90 work units)
Thread count was 32 (of 36 available processors)

Solution count 3: 7.49731e+09 7.49731e+09 7.52886e+09 

Time limit reached
Best objective 7.497310616886e+09, best bound 7.470668292737e+09, gap 0.3554%

User-callback calls 800534, time in user-callback 0.33 sec
Set parameter TokenServer to value "license-1.hpc.nrel.gov"
Set parameter TimeLimit to value 3600
Set parameter MIPGap to value 0.001
Set parameter MIPGap to value 0.001
Set parameter TimeLimit to value 3600
Gurobi Optimizer version 9.5.1 build v9.5.1rc2 (linux64)
Thread count: 36 physical cores, 36 logical processors, using up to 32 threads
Optimize a model with 288636 rows, 1198496 columns and 2444160 nonzeros
Model fingerprint: 0x01a1f933
Coefficient statistics:
  Matrix range     [3e-06, 7e+03]
  Objective range  [1e-01, 3e+07]
  Bounds range     [1e+00, 1e+08]
  RHS range        [1e-03, 2e+05]

Concurrent LP optimizer: primal simplex, dual simplex, and barrier
Showing barrier log only...

Presolve removed 283046 rows and 912161 columns
Presolve time: 1.25s
Presolved: 5590 rows, 286335 columns, 570564 nonzeros

Ordering time: 0.05s

Barrier statistics:
 AA' NZ     : 2.842e+05
 Factor NZ  : 5.821e+05 (roughly 120 MB of memory)
 Factor Ops : 6.366e+07 (less than 1 second per iteration)
 Threads    : 30

                  Objective                Residual
Iter       Primal          Dual         Primal    Dual     Compl     Time
   0   1.87323677e+13 -1.01797974e+12  9.36e+07 1.54e+02  3.64e+08     2s
   1   4.87290686e+12 -3.14794438e+11  2.43e+07 6.82e-13  9.52e+07     2s
   2   1.08783287e+12 -1.48367507e+10  5.40e+06 6.37e-12  2.12e+07     2s
   3   1.03673033e+10 -2.44634299e+09  1.26e+04 7.96e-12  8.47e+04     2s
   4   8.00713177e+09  5.08942823e+09  9.83e+02 1.48e-12  1.28e+04     2s
   5   7.79234776e+09  6.23484318e+09  1.66e+02 1.02e-12  5.76e+03     2s
   6   7.71265811e+09  6.67465026e+09  4.22e+01 6.82e-13  3.67e+03     2s
   7   7.69818114e+09  6.91133419e+09  3.38e+01 4.55e-13  2.78e+03     2s
   8   7.65766715e+09  7.13912139e+09  1.64e+01 3.84e-13  1.82e+03     2s
   9   7.63386638e+09  7.26121197e+09  1.12e+01 6.11e-13  1.31e+03     2s
  10   7.58790445e+09  7.36820960e+09  4.34e+00 7.53e-13  7.67e+02     2s
  11   7.56524121e+09  7.42228511e+09  2.86e+00 9.09e-13  5.00e+02     2s
  12   7.54843845e+09  7.44975648e+09  1.83e+00 1.13e-12  3.44e+02     2s
  13   7.52448860e+09  7.47099990e+09  7.83e-01 1.12e-12  1.86e+02     2s
  14   7.51664940e+09  7.48268745e+09  5.14e-01 1.55e-12  1.18e+02     2s
  15   7.50813812e+09  7.48852017e+09  2.42e-01 2.22e-12  6.79e+01     2s
  16   7.50497948e+09  7.49220275e+09  1.57e-01 1.96e-12  4.42e+01     2s

Barrier performed 16 iterations in 2.03 seconds (1.48 work units)
Barrier solve interrupted - model solved by another algorithm


Solved with primal simplex
Solved in 44224 iterations and 2.04 seconds (1.35 work units)
Optimal objective  7.497310617e+09

User-callback calls 231, time in user-callback 0.00 sec
[ Info:  started timer at: 2023-03-22T17:36:30.554
[ Info: Reading /projects/pvsoiling/RELOG/Recycling_40209_2/input/solver/case.json...
[ Info:          134 collection centers
[ Info:          268 candidate plant locations
[ Info: Building graph...
[ Info:               26 time periods
[ Info:              268 process nodes
[ Info:             4288 shipping nodes (plant)
[ Info:              134 shipping nodes (collection)
[ Info:            40200 arcs
[ Info: Building optimization model...
[ Info: Optimizing MILP...
[ Info: Re-optimizing with integer variables fixed...
[ Info: Extracting solution...
[ Info:       3646.629895101s: 1 hour, 46 seconds, 629 milliseconds
