Set parameter TokenServer to value "license-1.hpc.nrel.gov"
Set parameter TimeLimit to value 3600
Set parameter MIPGap to value 0.001
Set parameter MIPGap to value 0.001
Set parameter TimeLimit to value 3600
Gurobi Optimizer version 9.5.1 build v9.5.1rc2 (linux64)
Thread count: 36 physical cores, 36 logical processors, using up to 32 threads
Optimize a model with 293486 rows, 1201980 columns and 2462920 nonzeros
Model fingerprint: 0x452cb452
Variable types: 1188044 continuous, 13936 integer (13936 binary)
Coefficient statistics:
  Matrix range     [3e-06, 1e+06]
  Objective range  [1e-01, 6e+07]
  Bounds range     [7e+03, 1e+08]
  RHS range        [1e-03, 2e+05]
Presolve removed 269098 rows and 251384 columns
Presolve time: 4.15s
Presolved: 24388 rows, 950596 columns, 1924240 nonzeros
Variable types: 947112 continuous, 3484 integer (3484 binary)

Deterministic concurrent LP optimizer: primal and dual simplex
Showing first log only...


Root simplex log...

Iteration    Objective       Primal Inf.    Dual Inf.      Time
       0    2.0016905e+06   8.634372e+05   7.466909e+11      8s
   84345    1.8194706e+10   0.000000e+00   1.217073e+10     10s
  199905    1.7189307e+10   0.000000e+00   2.844285e+08     15s
  354371    1.7145987e+10   0.000000e+00   5.006679e+06     20s
  386227    1.7145880e+10   0.000000e+00   0.000000e+00     22s
Concurrent spin time: 0.00s

Solved with primal simplex

Root relaxation: objective 1.714588e+10, 386227 iterations, 15.96 seconds (16.75 work units)

    Nodes    |    Current Node    |     Objective Bounds      |     Work
 Expl Unexpl |  Obj  Depth IntInf | Incumbent    BestBd   Gap | It/Node Time

     0     0 1.7146e+10    0  109          - 1.7146e+10      -     -   22s
H    0     0                    1.728171e+10 1.7146e+10  0.79%     -   24s
H    0     0                    1.724167e+10 1.7146e+10  0.56%     -   28s
     0     0 1.7146e+10    0  116 1.7242e+10 1.7146e+10  0.55%     -   39s
     0     0 1.7146e+10    0  118 1.7242e+10 1.7146e+10  0.55%     -   48s
     0     0 1.7146e+10    0  117 1.7242e+10 1.7146e+10  0.55%     -   49s
     0     0 1.7147e+10    0  157 1.7242e+10 1.7147e+10  0.55%     -   70s
     0     0 1.7147e+10    0  150 1.7242e+10 1.7147e+10  0.55%     -   82s
     0     0 1.7147e+10    0  145 1.7242e+10 1.7147e+10  0.55%     -   88s
     0     0 1.7147e+10    0  145 1.7242e+10 1.7147e+10  0.55%     -   90s
     0     0 1.7147e+10    0  147 1.7242e+10 1.7147e+10  0.55%     -   92s
     0     0 1.7147e+10    0  139 1.7242e+10 1.7147e+10  0.55%     -  117s
     0     0 1.7147e+10    0  143 1.7242e+10 1.7147e+10  0.55%     -  129s
     0     0 1.7147e+10    0  141 1.7242e+10 1.7147e+10  0.55%     -  134s
     0     0 1.7147e+10    0  143 1.7242e+10 1.7147e+10  0.55%     -  137s
     0     0 1.7147e+10    0  142 1.7242e+10 1.7147e+10  0.55%     -  139s
     0     0 1.7147e+10    0  146 1.7242e+10 1.7147e+10  0.55%     -  168s
     0     0 1.7147e+10    0  146 1.7242e+10 1.7147e+10  0.55%     -  183s
     0     0 1.7147e+10    0  145 1.7242e+10 1.7147e+10  0.55%     -  194s
     0     0 1.7147e+10    0  146 1.7242e+10 1.7147e+10  0.55%     -  202s
     0     0 1.7147e+10    0  142 1.7242e+10 1.7147e+10  0.55%     -  205s
     0     0 1.7147e+10    0  146 1.7242e+10 1.7147e+10  0.55%     -  247s
     0     0 1.7148e+10    0  147 1.7242e+10 1.7148e+10  0.55%     -  263s
     0     0 1.7148e+10    0  137 1.7242e+10 1.7148e+10  0.55%     -  271s
     0     0 1.7148e+10    0  140 1.7242e+10 1.7148e+10  0.55%     -  280s
     0     0 1.7148e+10    0  138 1.7242e+10 1.7148e+10  0.55%     -  285s
     0     0 1.7148e+10    0  139 1.7242e+10 1.7148e+10  0.55%     -  290s
     0     0 1.7148e+10    0  136 1.7242e+10 1.7148e+10  0.55%     -  294s
     0     0 1.7148e+10    0  132 1.7242e+10 1.7148e+10  0.55%     -  297s
     0     0 1.7148e+10    0  131 1.7242e+10 1.7148e+10  0.55%     -  300s
     0     0 1.7148e+10    0  141 1.7242e+10 1.7148e+10  0.54%     -  335s
H    0     0                    1.723934e+10 1.7148e+10  0.53%     -  338s
     0     0 1.7148e+10    0  144 1.7239e+10 1.7148e+10  0.53%     -  359s
     0     0 1.7148e+10    0  150 1.7239e+10 1.7148e+10  0.53%     -  373s
     0     0 1.7148e+10    0  152 1.7239e+10 1.7148e+10  0.53%     -  381s
     0     0 1.7148e+10    0  148 1.7239e+10 1.7148e+10  0.53%     -  385s
     0     0 1.7148e+10    0  146 1.7239e+10 1.7148e+10  0.53%     -  389s
     0     0 1.7148e+10    0  146 1.7239e+10 1.7148e+10  0.53%     -  392s
     0     0 1.7148e+10    0  140 1.7239e+10 1.7148e+10  0.53%     -  438s
     0     0 1.7148e+10    0  147 1.7239e+10 1.7148e+10  0.53%     -  455s
     0     0 1.7148e+10    0  141 1.7239e+10 1.7148e+10  0.53%     -  465s
     0     0 1.7148e+10    0  150 1.7239e+10 1.7148e+10  0.53%     -  470s
     0     0 1.7148e+10    0  141 1.7239e+10 1.7148e+10  0.53%     -  478s
     0     0 1.7148e+10    0  143 1.7239e+10 1.7148e+10  0.53%     -  481s
     0     0 1.7149e+10    0  146 1.7239e+10 1.7149e+10  0.53%     -  531s
H    0     0                    1.723934e+10 1.7149e+10  0.53%     -  534s
     0     0 1.7149e+10    0  156 1.7239e+10 1.7149e+10  0.53%     -  551s
     0     0 1.7149e+10    0  161 1.7239e+10 1.7149e+10  0.53%     -  562s
     0     0 1.7149e+10    0  165 1.7239e+10 1.7149e+10  0.53%     -  571s
     0     0 1.7149e+10    0  165 1.7239e+10 1.7149e+10  0.53%     -  580s
     0     0 1.7149e+10    0  159 1.7239e+10 1.7149e+10  0.53%     -  583s
     0     0 1.7149e+10    0  154 1.7239e+10 1.7149e+10  0.52%     -  613s
     0     0 1.7149e+10    0  160 1.7239e+10 1.7149e+10  0.52%     -  626s
     0     0 1.7149e+10    0  146 1.7239e+10 1.7149e+10  0.52%     -  637s
     0     0 1.7149e+10    0  157 1.7239e+10 1.7149e+10  0.52%     -  642s
     0     0 1.7149e+10    0  147 1.7239e+10 1.7149e+10  0.52%     -  683s
H    0     0                    1.723620e+10 1.7149e+10  0.51%     -  688s
     0     0 1.7149e+10    0  144 1.7236e+10 1.7149e+10  0.51%     -  705s
     0     0 1.7149e+10    0  151 1.7236e+10 1.7149e+10  0.51%     -  717s
     0     0 1.7149e+10    0  153 1.7236e+10 1.7149e+10  0.51%     -  725s
     0     0 1.7149e+10    0  165 1.7236e+10 1.7149e+10  0.51%     -  764s
H    0     0                    1.722528e+10 1.7149e+10  0.44%     -  774s
     0     0 1.7149e+10    0  169 1.7225e+10 1.7149e+10  0.44%     -  791s
     0     0 1.7149e+10    0  159 1.7225e+10 1.7149e+10  0.44%     -  800s
     0     0 1.7149e+10    0  153 1.7225e+10 1.7149e+10  0.44%     -  831s
H    0     0                    1.722415e+10 1.7149e+10  0.44%     -  836s
     0     0 1.7149e+10    0  151 1.7224e+10 1.7149e+10  0.44%     -  851s
     0     0 1.7149e+10    0  156 1.7224e+10 1.7149e+10  0.44%     -  858s
     0     0 1.7149e+10    0  153 1.7224e+10 1.7149e+10  0.44%     -  896s
     0     0 1.7149e+10    0  153 1.7224e+10 1.7149e+10  0.44%     -  930s
H    0     0                    1.720929e+10 1.7149e+10  0.35%     -  953s
H    0     0                    1.720696e+10 1.7149e+10  0.34%     - 1010s
     0     2 1.7149e+10    0  153 1.7207e+10 1.7149e+10  0.34%     - 1013s
     1     4 1.7149e+10    1  153 1.7207e+10 1.7149e+10  0.34%   451 1039s
     3     8 1.7149e+10    2  156 1.7207e+10 1.7149e+10  0.34%  3088 1056s
     7    16 1.7149e+10    3  145 1.7207e+10 1.7149e+10  0.34%  2441 1076s
    15    32 1.7149e+10    4  149 1.7207e+10 1.7149e+10  0.34%  1968 1097s
    31    64 1.7149e+10    5  160 1.7207e+10 1.7149e+10  0.33%  1731 1139s
    63    96 1.7149e+10    6  146 1.7207e+10 1.7149e+10  0.33%  1598 1191s
    95   128 1.7149e+10    7  146 1.7207e+10 1.7149e+10  0.33%  1341 1404s
   127   160 1.7149e+10    7  148 1.7207e+10 1.7149e+10  0.33%  1023 1409s
   159   192 1.7149e+10    8  146 1.7207e+10 1.7149e+10  0.33%   846 1433s
H  160   192                    1.720694e+10 1.7149e+10  0.33%   841 1433s
   191   233 1.7149e+10    9  148 1.7207e+10 1.7149e+10  0.33%   742 1460s
   232   291 1.7149e+10   10  150 1.7207e+10 1.7149e+10  0.33%   635 1468s
   290   499 1.7149e+10   12  150 1.7207e+10 1.7149e+10  0.33%   538 1489s
H  498   643                    1.720694e+10 1.7149e+10  0.33%   382 1539s
   642  1110 1.7150e+10   18  151 1.7207e+10 1.7149e+10  0.33%   317 1567s
  1109  1382 1.7150e+10   23  115 1.7207e+10 1.7149e+10  0.33%   233 1624s
  1381  2135 1.7150e+10   24  142 1.7207e+10 1.7149e+10  0.33%   195 1656s
  2134  2778 1.7150e+10   27  149 1.7207e+10 1.7149e+10  0.33%   148 1680s
  2777  3497 1.7150e+10   28  153 1.7207e+10 1.7149e+10  0.33%   127 1704s
  3510  4145 1.7150e+10   30  147 1.7207e+10 1.7149e+10  0.33%   113 1725s
  4214  4268 1.7150e+10   31  145 1.7207e+10 1.7149e+10  0.33%   104 1774s
  4363  4770 1.7150e+10   32  159 1.7207e+10 1.7149e+10  0.33%   108 1797s
  4931  5221 1.7150e+10   33  149 1.7207e+10 1.7149e+10  0.33%   114 1818s
  5483  5570 1.7150e+10   34  154 1.7207e+10 1.7149e+10  0.33%   132 1847s
  5972  5859 1.7150e+10   35  151 1.7207e+10 1.7149e+10  0.33%   149 1906s
  6377  6172 1.7150e+10   36  153 1.7207e+10 1.7149e+10  0.33%   162 1967s
  6743  6603 1.7150e+10   37  138 1.7207e+10 1.7149e+10  0.33%   171 2008s
  7201  7110 1.7150e+10   39  136 1.7207e+10 1.7149e+10  0.33%   176 2042s
  7718  7485 1.7150e+10   43  122 1.7207e+10 1.7149e+10  0.33%   178 2118s
  8107  8099 1.7150e+10   44  118 1.7207e+10 1.7149e+10  0.33%   178 2151s
  8744  8612 1.7150e+10   45  114 1.7207e+10 1.7149e+10  0.33%   176 2207s
  9300  9047 1.7150e+10   49  102 1.7207e+10 1.7149e+10  0.33%   178 2301s
  9816  9334 1.7150e+10   51  114 1.7207e+10 1.7149e+10  0.33%   183 2481s

Cutting planes:
  Implied bound: 7961
  MIR: 110
  Flow cover: 1781
  Flow path: 477
  RLT: 73
  Relax-and-lift: 587

Explored 10184 nodes (2458876 simplex iterations) in 3600.30 seconds (4694.01 work units)
Thread count was 32 (of 36 available processors)

Solution count 10: 1.72069e+10 1.72069e+10 1.7207e+10 ... 1.72817e+10

Time limit reached
Best objective 1.720693681998e+10, best bound 1.714934721685e+10, gap 0.3347%

User-callback calls 544262, time in user-callback 0.18 sec
Set parameter TokenServer to value "license-1.hpc.nrel.gov"
Set parameter TimeLimit to value 3600
Set parameter MIPGap to value 0.001
Set parameter MIPGap to value 0.001
Set parameter TimeLimit to value 3600
Gurobi Optimizer version 9.5.1 build v9.5.1rc2 (linux64)
Thread count: 36 physical cores, 36 logical processors, using up to 32 threads
Optimize a model with 293486 rows, 1201980 columns and 2462920 nonzeros
Model fingerprint: 0x1f3e3da6
Coefficient statistics:
  Matrix range     [3e-06, 1e+06]
  Objective range  [1e-01, 6e+07]
  Bounds range     [1e+00, 1e+08]
  RHS range        [1e-03, 2e+05]

Concurrent LP optimizer: primal simplex, dual simplex, and barrier
Showing barrier log only...

Presolve removed 289283 rows and 1012755 columns
Presolve time: 1.27s
Presolved: 4203 rows, 189225 columns, 377061 nonzeros

Ordering time: 0.03s

Barrier statistics:
 AA' NZ     : 1.878e+05
 Factor NZ  : 3.833e+05 (roughly 80 MB of memory)
 Factor Ops : 4.150e+07 (less than 1 second per iteration)
 Threads    : 30

                  Objective                Residual
Iter       Primal          Dual         Primal    Dual     Compl     Time
   0   1.23910590e+13 -9.83005314e+11  3.44e+08 1.59e+02  5.22e+08     1s
   1   3.79712986e+12 -2.51360174e+11  1.05e+08 1.36e-12  1.61e+08     1s
   2   2.99636248e+11 -9.40692302e+09  7.85e+06 6.82e-12  1.22e+07     1s
   3   3.17413467e+10  6.64793065e+09  3.94e+05 1.36e-11  6.57e+05     2s
   4   2.27443465e+10  9.60581830e+09  1.44e+05 5.23e-12  2.56e+05     2s
   5   1.97399201e+10  1.15128639e+10  6.07e+04 3.87e-12  1.19e+05     2s
   6   1.86971727e+10  1.50171377e+10  3.24e+04 1.59e-12  5.56e+04     2s
   7   1.78368365e+10  1.59691666e+10  9.63e+03 9.09e-13  1.95e+04     2s
   8   1.74568833e+10  1.65701997e+10  1.32e+03 4.55e-13  5.75e+03     2s
   9   1.73964257e+10  1.68118920e+10  7.09e+02 4.55e-13  3.53e+03     2s
  10   1.73272349e+10  1.69964546e+10  2.36e+02 4.55e-13  1.84e+03     2s
  11   1.73042717e+10  1.70717427e+10  1.65e+02 4.55e-13  1.28e+03     2s
  12   1.72794491e+10  1.71268888e+10  1.04e+02 4.18e-13  8.25e+02     2s
  13   1.72577185e+10  1.71616606e+10  5.69e+01 3.60e-13  5.12e+02     2s
  14   1.72455134e+10  1.71825770e+10  3.72e+01 4.55e-13  3.33e+02     2s
  15   1.72329900e+10  1.71936189e+10  2.12e+01 4.55e-13  2.07e+02     2s
  16   1.72278186e+10  1.71958759e+10  1.58e+01 4.55e-13  1.67e+02     2s
  17   1.72217624e+10  1.72003527e+10  1.01e+01 4.55e-13  1.12e+02     2s
  18   1.72185671e+10  1.72021802e+10  7.53e+00 4.55e-13  8.54e+01     2s
  19   1.72155690e+10  1.72037905e+10  5.31e+00 4.55e-13  6.13e+01     2s
  20   1.72121288e+10  1.72050559e+10  2.92e+00 4.55e-13  3.68e+01     2s
  21   1.72101282e+10  1.72059626e+10  1.68e+00 4.55e-13  2.16e+01     2s
  22   1.72088805e+10  1.72063007e+10  9.65e-01 4.55e-13  1.34e+01     2s
  23   1.72082527e+10  1.72065888e+10  6.27e-01 4.55e-13  8.62e+00     2s
  24   1.72077097e+10  1.72067210e+10  3.53e-01 4.55e-13  5.12e+00     2s
  25   1.72073988e+10  1.72068258e+10  2.02e-01 3.16e-13  2.97e+00     2s
  26   1.72071811e+10  1.72068701e+10  1.01e-01 3.72e-13  1.61e+00     2s
  27   1.72070356e+10  1.72069073e+10  3.84e-02 2.93e-13  6.65e-01     2s
  28   1.72069956e+10  1.72069228e+10  2.22e-02 2.99e-13  3.77e-01     2s
  29   1.72069547e+10  1.72069317e+10  6.44e-03 2.60e-13  1.20e-01     2s
  30   1.72069464e+10  1.72069345e+10  3.32e-03 4.55e-13  6.16e-02     2s
  31   1.72069401e+10  1.72069357e+10  1.11e-03 2.97e-13  2.30e-02     2s
  32   1.72069378e+10  1.72069365e+10  2.93e-04 4.55e-13  6.70e-03     2s
  33   1.72069370e+10  1.72069367e+10  3.97e-05 2.41e-13  1.15e-03     2s

Barrier performed 33 iterations in 2.14 seconds (1.64 work units)
Barrier solve interrupted - model solved by another algorithm


Solved with primal simplex
Solved in 52326 iterations and 2.53 seconds (1.37 work units)
Optimal objective  1.720693682e+10

User-callback calls 327, time in user-callback 0.00 sec
[ Info:  started timer at: 2023-03-25T11:35:43.175
[ Info: Reading /projects/pvsoiling/RELOG/Recycling_40209_5/input/solver/case.json...
[ Info:          134 collection centers
[ Info:          268 candidate plant locations
[ Info: Building graph...
[ Info:           26 time periods
[ Info:          268 process nodes
[ Info:         4288 shipping nodes (plant)
[ Info:          134 shipping nodes (collection)
[ Info:        40200 arcs
[ Info: Building optimization model...
[ Info: Optimizing MILP...
[ Info: Re-optimizing with integer variables fixed...
[ Info: Extracting solution...
[ Info:       3653.189003402s: 1 hour, 53 seconds, 189 milliseconds
