Set parameter TokenServer to value "license-1.hpc.nrel.gov"
Set parameter TimeLimit to value 3600
Set parameter MIPGap to value 0.001
Set parameter MIPGap to value 0.001
Set parameter TimeLimit to value 3600
Gurobi Optimizer version 9.5.1 build v9.5.1rc2 (linux64)
Thread count: 36 physical cores, 36 logical processors, using up to 32 threads
Optimize a model with 288636 rows, 1198496 columns and 2444160 nonzeros
Model fingerprint: 0xf8307a48
Variable types: 1184560 continuous, 13936 integer (13936 binary)
Coefficient statistics:
  Matrix range     [3e-06, 4e+03]
  Objective range  [1e-01, 1e+07]
  Bounds range     [4e+03, 1e+08]
  RHS range        [1e-03, 2e+05]
Presolve removed 271484 rows and 251116 columns
Presolve time: 3.12s
Presolved: 17152 rows, 947380 columns, 1901192 nonzeros
Variable types: 947112 continuous, 268 integer (268 binary)

Deterministic concurrent LP optimizer: primal and dual simplex
Showing first log only...


Root simplex log...

Iteration    Objective       Primal Inf.    Dual Inf.      Time
       0    3.3918379e+09   9.401532e+05   7.284603e+11      7s
  216299    5.4005325e+09   0.000000e+00   0.000000e+00     10s
Concurrent spin time: 0.15s

Solved with primal simplex

Root relaxation: objective 5.400532e+09, 216299 iterations, 5.88 seconds (5.10 work units)

    Nodes    |    Current Node    |     Objective Bounds      |     Work
 Expl Unexpl |  Obj  Depth IntInf | Incumbent    BestBd   Gap | It/Node Time

     0     0 5.4005e+09    0    2          - 5.4005e+09      -     -   10s
H    0     0                    5.412456e+09 5.4005e+09  0.22%     -   11s
     0     0 5.4005e+09    0    1 5.4125e+09 5.4005e+09  0.22%     -   14s
     0     0 5.4005e+09    0    1 5.4125e+09 5.4005e+09  0.22%     -   18s
     0     0 5.4005e+09    0    1 5.4125e+09 5.4005e+09  0.22%     -   20s
     0     0 5.4005e+09    0    1 5.4125e+09 5.4005e+09  0.22%     -   23s
     0     2 5.4005e+09    0    1 5.4125e+09 5.4005e+09  0.22%     -   26s
    15    32 5.4005e+09    4    1 5.4125e+09 5.4005e+09  0.22%  70.5   31s
    95   128 5.4005e+09    7    1 5.4125e+09 5.4005e+09  0.22%  86.2   56s
   159   192 5.4006e+09    8    1 5.4125e+09 5.4005e+09  0.22%  82.9   68s
   191   224 5.4006e+09    9    1 5.4125e+09 5.4005e+09  0.22%  82.7   71s
   223   364 5.4006e+09   10    1 5.4125e+09 5.4005e+09  0.22%  88.3   76s
   363   696 5.4006e+09   15    2 5.4125e+09 5.4005e+09  0.22%   100   87s
   695  1356 5.4007e+09   21    1 5.4125e+09 5.4005e+09  0.22%   101  109s
  1355  2200 5.4009e+09   39    1 5.4125e+09 5.4005e+09  0.22%  93.6  137s
  2199  3103 5.4013e+09   59    2 5.4125e+09 5.4005e+09  0.22%  93.3  164s
  3164  3884 5.4020e+09   80    1 5.4125e+09 5.4005e+09  0.22%  96.4  187s
  4081  3913 5.4026e+09   88    2 5.4125e+09 5.4005e+09  0.22%  93.9  549s
  4113  4759 5.4026e+09   89    2 5.4125e+09 5.4005e+09  0.22%  93.9  585s
  5024  4791 5.4029e+09  101    3 5.4125e+09 5.4005e+09  0.22%  94.2  629s
  5056  5601 5.4029e+09  102    3 5.4125e+09 5.4005e+09  0.22%  94.4  656s
  5956  6318 5.4030e+09  112    2 5.4125e+09 5.4005e+09  0.22%   105  686s
  6797  6977 5.4044e+09  123    1 5.4125e+09 5.4005e+09  0.22%   116  714s
  7537  7603 5.4039e+09  137    2 5.4125e+09 5.4005e+09  0.22%   128  741s
  8200  8400 5.4047e+09  151    1 5.4125e+09 5.4005e+09  0.22%   137  764s
  9161  9394 5.4095e+09  181    1 5.4125e+09 5.4005e+09  0.22%   141  784s
 10213 10289 5.4101e+09  214    1 5.4125e+09 5.4006e+09  0.22%   140  807s
 11138 10962 5.4008e+09   31    1 5.4125e+09 5.4006e+09  0.22%   145  830s
 11991 10963 5.4015e+09   48    1 5.4125e+09 5.4006e+09  0.22%   148  882s
 11993 10964 5.4118e+09  155    2 5.4125e+09 5.4006e+09  0.22%   148  921s
 11995 10966 5.4022e+09   61    1 5.4125e+09 5.4006e+09  0.22%   148  957s
 11996 10966 5.4017e+09   32    1 5.4125e+09 5.4006e+09  0.22%   148  991s
 11998 10968 5.4006e+09    6    1 5.4125e+09 5.4006e+09  0.22%   148  998s
 11999 10971 5.4006e+09   14    1 5.4125e+09 5.4006e+09  0.22%   168 1000s
 12013 10995 5.4006e+09   17    1 5.4125e+09 5.4006e+09  0.22%   168 1005s
 12061 11043 5.4006e+09   19    2 5.4125e+09 5.4006e+09  0.22%   167 1010s
 12093 11064 5.4006e+09   19    1 5.4125e+09 5.4006e+09  0.22%   167 1051s
 12157 11107 5.4006e+09   20    1 5.4125e+09 5.4006e+09  0.22%   167 1056s
 12189 11143 5.4006e+09   21    1 5.4125e+09 5.4006e+09  0.22%   167 1060s
 12236 11159 5.4006e+09   21    2 5.4125e+09 5.4006e+09  0.22%   166 1253s
 12268 11309 5.4006e+09   22    1 5.4125e+09 5.4006e+09  0.22%   166 1261s
 12428 11538 5.4007e+09   25    1 5.4125e+09 5.4006e+09  0.22%   166 1278s
 12711 11476 5.4008e+09   34    1 5.4125e+09 5.4006e+09  0.22%   164 1482s
 12743 12419 5.4007e+09   35    2 5.4125e+09 5.4006e+09  0.22%   164 1526s
 13697 12261 5.4010e+09   51    1 5.4125e+09 5.4006e+09  0.22%   159 1726s
 13857 13220 5.4010e+09   54    1 5.4125e+09 5.4006e+09  0.22%   158 1783s
 14875 13798 5.4017e+09   70    1 5.4125e+09 5.4006e+09  0.22%   155 1822s
 15839 14325 5.4020e+09   87    1 5.4125e+09 5.4006e+09  0.22%   152 1853s
 16792 14883 5.4036e+09  103    1 5.4125e+09 5.4006e+09  0.22%   150 1883s
 17736 15407 5.4030e+09  120    2 5.4125e+09 5.4006e+09  0.22%   149 1916s
 18662 15753 5.4032e+09  134    1 5.4125e+09 5.4006e+09  0.22%   152 1980s
 19336 16227 5.4048e+09  146    1 5.4125e+09 5.4006e+09  0.22%   155 2017s
 20104 16779 5.4060e+09  158    1 5.4125e+09 5.4006e+09  0.22%   160 2047s
 21146 17256 5.4077e+09  174    1 5.4125e+09 5.4006e+09  0.22%   161 2069s
 22198 17770 5.4094e+09  191    1 5.4125e+09 5.4006e+09  0.22%   159 2092s
 23241 18201 5.4096e+09  208    2 5.4125e+09 5.4006e+09  0.22%   158 2115s
 24272 18598     cutoff  224      5.4125e+09 5.4006e+09  0.22%   156 2138s
 25260 19178 5.4007e+09   27    1 5.4125e+09 5.4006e+09  0.22%   155 2162s
 26213 19746 5.4022e+09   60    1 5.4125e+09 5.4006e+09  0.22%   155 2185s
 27131 20361 5.4060e+09   93    1 5.4125e+09 5.4006e+09  0.22%   155 2208s
 28110 20750 5.4104e+09  126    1 5.4125e+09 5.4006e+09  0.22%   155 2228s
 29095 21332 5.4008e+09   34    2 5.4125e+09 5.4006e+09  0.22%   153 2254s
 30151 21947 5.4013e+09   67    1 5.4125e+09 5.4006e+09  0.22%   152 2269s
 31152 22424 5.4031e+09  100    1 5.4125e+09 5.4006e+09  0.22%   150 2285s
 32013 22803 5.4123e+09  133    1 5.4125e+09 5.4006e+09  0.22%   149 2300s
 32857 23149 5.4010e+09   30    1 5.4125e+09 5.4006e+09  0.22%   148 2316s
 33606 23646 5.4020e+09   37    1 5.4125e+09 5.4006e+09  0.22%   148 2332s
 34413 24145 5.4025e+09   47    1 5.4125e+09 5.4006e+09  0.22%   148 2349s
 35238 24548 5.4044e+09   55    2 5.4125e+09 5.4006e+09  0.22%   148 2367s
 35990 24842 5.4066e+09   62    1 5.4125e+09 5.4006e+09  0.22%   148 2384s
 36715 25094 5.4090e+09   69    2 5.4125e+09 5.4006e+09  0.22%   149 2400s
 37478 25478 5.4097e+09   76    2 5.4125e+09 5.4006e+09  0.22%   149 2416s
 38332 25946     cutoff   93      5.4125e+09 5.4006e+09  0.22%   148 2433s
 39151 26401 5.4122e+09  116    1 5.4125e+09 5.4006e+09  0.22%   148 2451s
 39884 26816 5.4010e+09   52    1 5.4125e+09 5.4006e+09  0.22%   148 2468s
 40582 27144 5.4011e+09   85    1 5.4125e+09 5.4006e+09  0.22%   149 2485s
 41299 27605 5.4016e+09  118    1 5.4125e+09 5.4006e+09  0.22%   149 2502s
 42060 28115 5.4062e+09  151    1 5.4125e+09 5.4006e+09  0.22%   149 2519s
 42886 28619 5.4072e+09  184    1 5.4125e+09 5.4006e+09  0.22%   149 2535s
 43708 29149 5.4080e+09  209    2 5.4125e+09 5.4006e+09  0.22%   149 2551s
 44558 29706 5.4085e+09  236    2 5.4125e+09 5.4006e+09  0.22%   148 2568s
 45418 30383 5.4096e+09  257    1 5.4125e+09 5.4006e+09  0.22%   148 2585s
 46264 31082 5.4007e+09   26    1 5.4125e+09 5.4006e+09  0.22%   148 2604s
 47000 31751 5.4013e+09   59    2 5.4125e+09 5.4006e+09  0.22%   149 2622s
 47696 32431 5.4020e+09   84    2 5.4125e+09 5.4006e+09  0.22%   150 2641s
 48509 32493 5.4027e+09  101    2 5.4125e+09 5.4006e+09  0.22%   151 2733s
 48571 33249 5.4027e+09  102    2 5.4125e+09 5.4006e+09  0.22%   151 2753s
 49412 34017 5.4030e+09  116    1 5.4125e+09 5.4006e+09  0.22%   151 2772s
 50292 34806 5.4033e+09  135    2 5.4125e+09 5.4006e+09  0.22%   151 2792s
 51204 35642 5.4041e+09  150    1 5.4125e+09 5.4006e+09  0.22%   151 2813s
 52082 36380 5.4047e+09  159    2 5.4125e+09 5.4006e+09  0.22%   150 2885s
 52843 37095 5.4065e+09  174    1 5.4125e+09 5.4006e+09  0.22%   150 2905s
 53761 37819     cutoff  203      5.4125e+09 5.4006e+09  0.22%   150 2926s
 54661 38646 5.4013e+09   53    1 5.4125e+09 5.4006e+09  0.22%   150 2946s
 55622 39516 5.4020e+09   86    2 5.4125e+09 5.4006e+09  0.22%   150 2965s
 56576 39637 5.4027e+09   99    2 5.4125e+09 5.4006e+09  0.22%   149 3060s
 56698 40455 5.4027e+09  100    1 5.4125e+09 5.4006e+09  0.22%   149 3079s
 57611 41288 5.4030e+09  117    2 5.4125e+09 5.4006e+09  0.22%   149 3098s
 58497 41289 5.4038e+09  143    1 5.4125e+09 5.4006e+09  0.22%   148 3201s
 58499 41290 5.4008e+09   29    2 5.4125e+09 5.4006e+09  0.22%   148 3238s
 58500 41291 5.4085e+09  172    1 5.4125e+09 5.4006e+09  0.22%   148 3241s
 58501 41292 5.4022e+09   69    1 5.4125e+09 5.4006e+09  0.22%   148 3267s
 58502 41292 5.4077e+09  222    1 5.4125e+09 5.4006e+09  0.22%   148 3308s
 58503 41293 5.4035e+09   69    1 5.4125e+09 5.4006e+09  0.22%   148 3324s
 58504 41294 5.4076e+09   97    1 5.4125e+09 5.4006e+09  0.22%   148 3330s
 58511 41307 5.4006e+09   29    2 5.4125e+09 5.4006e+09  0.22%   152 3335s
 58535 41347 5.4006e+09   31    1 5.4125e+09 5.4006e+09  0.22%   152 3340s
 58599 41390 5.4006e+09   32    1 5.4125e+09 5.4006e+09  0.22%   152 3394s
 58631 41411 5.4006e+09   33    1 5.4125e+09 5.4006e+09  0.22%   152 3398s
 58663 41433 5.4006e+09   33    1 5.4125e+09 5.4006e+09  0.22%   152 3600s

Cutting planes:
  Implied bound: 2
  MIR: 6
  Flow cover: 2

Explored 58695 nodes (9132456 simplex iterations) in 3600.93 seconds (2646.89 work units)
Thread count was 32 (of 36 available processors)

Solution count 1: 5.41246e+09 

Time limit reached
Best objective 5.412455806913e+09, best bound 5.400596397470e+09, gap 0.2191%

User-callback calls 798800, time in user-callback 0.34 sec
Set parameter TokenServer to value "license-1.hpc.nrel.gov"
Set parameter TimeLimit to value 3600
Set parameter MIPGap to value 0.001
Set parameter MIPGap to value 0.001
Set parameter TimeLimit to value 3600
Gurobi Optimizer version 9.5.1 build v9.5.1rc2 (linux64)
Thread count: 36 physical cores, 36 logical processors, using up to 32 threads
Optimize a model with 288636 rows, 1198496 columns and 2444160 nonzeros
Model fingerprint: 0x2131d0fc
Coefficient statistics:
  Matrix range     [3e-06, 4e+03]
  Objective range  [1e-01, 1e+07]
  Bounds range     [1e+00, 1e+08]
  RHS range        [1e-03, 2e+05]

Concurrent LP optimizer: primal simplex, dual simplex, and barrier
Showing barrier log only...

Presolve removed 280966 rows and 629361 columns
Presolve time: 1.56s
Presolved: 7670 rows, 569135 columns, 1134084 nonzeros

Ordering time: 0.04s

Barrier statistics:
 AA' NZ     : 5.649e+05
 Factor NZ  : 1.718e+06 (roughly 250 MB of memory)
 Factor Ops : 4.479e+08 (less than 1 second per iteration)
 Threads    : 30

                  Objective                Residual
Iter       Primal          Dual         Primal    Dual     Compl     Time
   0   3.46452591e+13 -1.95973050e+12  1.12e+08 2.25e+02  3.50e+08     2s
   1   8.78598598e+12 -6.04690027e+11  2.85e+07 5.12e-13  8.96e+07     2s
   2   2.00402478e+12 -2.75229123e+10  6.48e+06 7.84e-12  2.05e+07     2s
   3   8.12864595e+09 -5.70455115e+09  7.62e+03 8.81e-12  4.38e+04     2s
   4   6.04735379e+09  2.19446881e+09  9.54e+02 1.93e-12  8.90e+03     2s
   5   5.78835247e+09  3.93077850e+09  2.37e+02 9.66e-13  3.70e+03     2s
   6   5.68043087e+09  4.29175173e+09  6.69e+01 7.96e-13  2.53e+03     3s
   7   5.65118134e+09  4.57569058e+09  4.52e+01 6.25e-13  1.94e+03     3s
   8   5.58301494e+09  4.83005611e+09  1.07e+01 4.55e-13  1.32e+03     3s

Barrier performed 8 iterations in 2.69 seconds (1.72 work units)
Barrier solve interrupted - model solved by another algorithm


Solved with primal simplex
Solved in 67861 iterations and 2.70 seconds (1.94 work units)
Optimal objective  5.412455807e+09

User-callback calls 280, time in user-callback 0.00 sec
[ Info:  started timer at: 2023-03-24T13:05:16.749
[ Info: Reading /projects/pvsoiling/RELOG/Recycling_cap_40209_05/input/solver/case.json...
[ Info:          134 collection centers
[ Info:          268 candidate plant locations
[ Info: Building graph...
[ Info:               26 time periods
[ Info:              268 process nodes
[ Info:             4288 shipping nodes (plant)
[ Info:              134 shipping nodes (collection)
[ Info:            40200 arcs
[ Info: Building optimization model...
[ Info: Optimizing MILP...
[ Info: Re-optimizing with integer variables fixed...
[ Info: Extracting solution...
[ Info:       3647.752829651s: 1 hour, 47 seconds, 752 milliseconds
