Set parameter TokenServer to value "license-1.hpc.nrel.gov"
Set parameter TimeLimit to value 3600
Set parameter MIPGap to value 0.001
Set parameter MIPGap to value 0.001
Set parameter TimeLimit to value 3600
Gurobi Optimizer version 9.5.1 build v9.5.1rc2 (linux64)
Thread count: 36 physical cores, 36 logical processors, using up to 32 threads
Optimize a model with 96828 rows, 1144312 columns and 2348570 nonzeros
Model fingerprint: 0x9d8b320f
Variable types: 1128244 continuous, 16068 integer (16068 binary)
Coefficient statistics:
  Matrix range     [1e+00, 1e+05]
  Objective range  [3e-01, 1e+09]
  Bounds range     [1e+05, 1e+08]
  RHS range        [8e-01, 2e+06]
Warning: Model contains large objective coefficients
         Consider reformulating model or setting NumericFocus parameter
         to avoid numerical issues.
Presolve removed 84694 rows and 64666 columns (presolve time = 5s) ...
Presolve removed 84694 rows and 64666 columns
Presolve time: 5.01s
Presolved: 12134 rows, 1079646 columns, 2166399 nonzeros
Variable types: 1075938 continuous, 3708 integer (3708 binary)

Deterministic concurrent LP optimizer: primal and dual simplex
Showing first log only...


Root simplex log...

Iteration    Objective       Primal Inf.    Dual Inf.      Time
       0    4.8466722e+11   8.465000e+05   2.700243e+10      8s
  151939    5.1985460e+11   2.457010e+05   4.062219e+10     10s
Concurrent spin time: 0.00s

Solved with dual simplex

Root relaxation: objective 8.505426e+11, 69944 iterations, 7.18 seconds (5.76 work units)

    Nodes    |    Current Node    |     Objective Bounds      |     Work
 Expl Unexpl |  Obj  Depth IntInf | Incumbent    BestBd   Gap | It/Node Time

     0     0 8.5054e+11    0    9          - 8.5054e+11      -     -   14s
H    0     0                    8.539593e+11 8.5054e+11  0.40%     -   15s
     0     0 8.5054e+11    0    6 8.5396e+11 8.5054e+11  0.40%     -   19s
H    0     0                    8.518550e+11 8.5054e+11  0.15%     -   21s
     0     0 8.5054e+11    0    3 8.5185e+11 8.5054e+11  0.15%     -   22s
     0     0 8.5054e+11    0    6 8.5185e+11 8.5054e+11  0.15%     -   24s
     0     0 8.5054e+11    0    3 8.5185e+11 8.5054e+11  0.15%     -   25s
     0     0 8.5054e+11    0    3 8.5185e+11 8.5054e+11  0.15%     -   27s
     0     0 8.5054e+11    0    3 8.5185e+11 8.5054e+11  0.15%     -   29s
     0     0 8.5054e+11    0    3 8.5185e+11 8.5054e+11  0.15%     -   30s
     0     0 8.5054e+11    0    3 8.5185e+11 8.5054e+11  0.15%     -   33s
     0     2 8.5054e+11    0    3 8.5185e+11 8.5054e+11  0.15%     -   39s
     1     4 8.5054e+11    1    3 8.5185e+11 8.5054e+11  0.15%   9.0   40s
    31    64 8.5054e+11    5    3 8.5185e+11 8.5054e+11  0.15%   8.0   46s
   159   192 8.5054e+11    9    3 8.5185e+11 8.5054e+11  0.15%   6.7  180s
   223   365 8.5054e+11   11    3 8.5185e+11 8.5054e+11  0.15%   5.7  186s
   364   833 8.5054e+11   14    3 8.5185e+11 8.5054e+11  0.15%   4.7  198s
   832  1716 8.5055e+11   27    6 8.5185e+11 8.5054e+11  0.15%   4.8  219s
  1715  2644 8.5060e+11   53    6 8.5185e+11 8.5054e+11  0.15%   5.7  233s
  2643  3556 8.5071e+11   80    3 8.5185e+11 8.5054e+11  0.15%   6.2  247s
  3561  4399 8.5075e+11  109    3 8.5185e+11 8.5054e+11  0.15%   6.2  260s
  4456  4957 8.5080e+11  138    3 8.5185e+11 8.5054e+11  0.15%   6.0  268s
  5322  5219 8.5087e+11  167    3 8.5185e+11 8.5054e+11  0.15%   6.2  275s
  6145  5612 8.5147e+11  195    3 8.5185e+11 8.5054e+11  0.15%   7.2  283s
  6946  6195 8.5055e+11   23    3 8.5185e+11 8.5054e+11  0.15%   7.8  290s
  7734  6980 8.5058e+11   52    3 8.5185e+11 8.5054e+11  0.15%   8.4  298s
  8533  7812 8.5071e+11   81    6 8.5185e+11 8.5054e+11  0.15%   9.1  306s
  9453  8660 8.5075e+11  110    3 8.5185e+11 8.5054e+11  0.15%   9.2  311s
 10381  9470 8.5080e+11  139    6 8.5185e+11 8.5054e+11  0.15%   9.0  317s
 11309 10131 8.5087e+11  168    3 8.5185e+11 8.5054e+11  0.15%   8.7  322s
 12238 10132 8.5060e+11   29    3 8.5185e+11 8.5054e+11  0.15%   8.4  348s
 12240 10133 8.5080e+11  122    3 8.5185e+11 8.5054e+11  0.15%   8.4  358s
 12241 10134 8.5117e+11  123    2 8.5185e+11 8.5054e+11  0.15%   8.4  361s
 12244 10136 8.5087e+11   79    2 8.5185e+11 8.5054e+11  0.15%   8.4  365s
 12248 10139 8.5091e+11  146    2 8.5185e+11 8.5054e+11  0.15%   8.4  370s
 12251 10141 8.5084e+11   78    1 8.5185e+11 8.5054e+11  0.15%   8.4  375s
 12253 10142 8.5133e+11  181    2 8.5185e+11 8.5054e+11  0.15%   8.4  380s
 12256 10144 8.5092e+11   77    1 8.5185e+11 8.5054e+11  0.15%   8.4  386s
 12263 10158 8.5054e+11   16    1 8.5185e+11 8.5054e+11  0.15%  10.5  390s
 12383 10262 8.5054e+11   20    1 8.5185e+11 8.5054e+11  0.15%  10.5  395s
 12415 10283 8.5054e+11   20    2 8.5185e+11 8.5054e+11  0.15%  10.5  556s
 12479 10356 8.5054e+11   21    2 8.5185e+11 8.5054e+11  0.15%  10.4  560s
 12763 11211 8.5054e+11   26    1 8.5185e+11 8.5054e+11  0.15%  10.3  580s
 13491 11642 8.5055e+11   39    1 8.5185e+11 8.5054e+11  0.15%  10.2  594s
 14165 12378 8.5057e+11   51    1 8.5185e+11 8.5054e+11  0.15%  10.0  608s
 15125 13018 8.5063e+11   76    1 8.5185e+11 8.5054e+11  0.15%   9.9  620s
 16085 13561 8.5067e+11  106    1 8.5185e+11 8.5054e+11  0.15%   9.6  630s
 17013 13750 8.5078e+11  136    1 8.5185e+11 8.5054e+11  0.15%   9.5  637s
 17925 13865 8.5126e+11  162    2 8.5185e+11 8.5054e+11  0.15%   9.7  647s
 18833 14198 8.5134e+11  186    1 8.5185e+11 8.5054e+11  0.15%   9.8  652s
 19793 14671 8.5139e+11  215    2 8.5185e+11 8.5054e+11  0.15%   9.7  657s
 20753 15186 infeasible  242      8.5185e+11 8.5054e+11  0.15%   9.6  663s
 21713 15793 8.5056e+11   27    2 8.5185e+11 8.5054e+11  0.15%   9.5  668s
 22673 16335 8.5064e+11   57    1 8.5185e+11 8.5054e+11  0.15%   9.5  673s
 23630 16823 8.5070e+11   87    2 8.5185e+11 8.5054e+11  0.15%   9.6  679s
 24590 17128 8.5074e+11  117    2 8.5185e+11 8.5054e+11  0.15%   9.6  684s
 25550 17122 8.5084e+11  147    1 8.5185e+11 8.5054e+11  0.15%   9.9  701s
 26126 17452 8.5104e+11  165    2 8.5185e+11 8.5054e+11  0.15%  10.4  706s
 27086 17882 8.5182e+11  194    1 8.5185e+11 8.5054e+11  0.15%  10.6  712s
 28046 18400 8.5058e+11   47    1 8.5185e+11 8.5054e+11  0.15%  10.4  717s
 29006 18956 8.5067e+11   77    1 8.5185e+11 8.5054e+11  0.15%  10.3  727s
 29966 19460 8.5077e+11  105    1 8.5185e+11 8.5054e+11  0.15%  10.2  733s
 30925 19828 8.5082e+11  131    1 8.5185e+11 8.5054e+11  0.15%  10.1  739s
 31885 20240 8.5086e+11  159    2 8.5185e+11 8.5054e+11  0.15%   9.9  745s
 32833 20661 8.5149e+11  187    2 8.5185e+11 8.5054e+11  0.15%  10.0  750s
 33760 21101 8.5057e+11   45    1 8.5185e+11 8.5054e+11  0.15%  10.1  755s
 35680 22228 8.5069e+11  105    2 8.5185e+11 8.5054e+11  0.15%   9.9  764s
 36618 22649 8.5077e+11  135    1 8.5185e+11 8.5054e+11  0.15%  10.0  768s
 37554 23044 8.5125e+11  165    1 8.5185e+11 8.5054e+11  0.15%  10.0  773s
 38513 23260 8.5137e+11  195    1 8.5185e+11 8.5054e+11  0.15%   9.9  778s
 39473 23530 8.5142e+11  225    1 8.5185e+11 8.5054e+11  0.15%   9.8  782s
 40433 23902 8.5144e+11  255    1 8.5185e+11 8.5054e+11  0.15%   9.7  786s
 41393 24308 8.5055e+11   42    1 8.5185e+11 8.5054e+11  0.15%   9.6  790s
 42353 24826 8.5062e+11   72    1 8.5185e+11 8.5054e+11  0.15%   9.5  796s
 43313 25568 8.5067e+11  102    1 8.5185e+11 8.5054e+11  0.15%   9.4  800s
 44273 25597 8.5077e+11  132    1 8.5185e+11 8.5054e+11  0.15%   9.4  819s
 44305 26467 8.5077e+11  133    1 8.5185e+11 8.5054e+11  0.15%   9.4  824s
 45265 27180 8.5125e+11  163    2 8.5185e+11 8.5054e+11  0.15%   9.3  829s
 46182 27771 8.5137e+11  193    2 8.5185e+11 8.5054e+11  0.15%   9.7  835s
 46879 28430 8.5142e+11  223    1 8.5185e+11 8.5054e+11  0.15%  10.0  840s
 47704 29047 8.5144e+11  253    1 8.5185e+11 8.5054e+11  0.15%  10.6  846s
 48664 29976 8.5055e+11   39    1 8.5185e+11 8.5054e+11  0.15%  10.5  851s
 49624 30819 8.5057e+11   59    2 8.5185e+11 8.5054e+11  0.15%  10.4  855s
 50584 31608 8.5065e+11   84    1 8.5185e+11 8.5054e+11  0.15%  10.4  860s
 51544 32416 8.5072e+11  114    2 8.5185e+11 8.5054e+11  0.15%  10.3  865s
 52504 33315 8.5077e+11  144    1 8.5185e+11 8.5054e+11  0.15%  10.2  870s
 53464 34217 8.5086e+11  174    2 8.5185e+11 8.5054e+11  0.15%  10.1  875s
 54424 35134 8.5137e+11  191    1 8.5185e+11 8.5054e+11  0.15%  10.0  880s
 55384 35961 8.5142e+11  221    1 8.5185e+11 8.5054e+11  0.15%   9.9  886s
 56344 36561 8.5144e+11  251    1 8.5185e+11 8.5054e+11  0.15%   9.8  891s
 57304 37295 8.5056e+11   36    2 8.5185e+11 8.5054e+11  0.15%   9.8  896s
 58263 37296 8.5089e+11  101    3 8.5185e+11 8.5054e+11  0.15%   9.8  986s
 58265 37297 8.5055e+11   26    3 8.5185e+11 8.5054e+11  0.15%   9.8  999s
 58266 37298 8.5104e+11  133    2 8.5185e+11 8.5054e+11  0.15%   9.8 1001s
 58269 37300 8.5073e+11   67    2 8.5185e+11 8.5054e+11  0.15%   9.8 1012s
 58271 37301 8.5175e+11  216    2 8.5185e+11 8.5054e+11  0.15%   9.8 1021s
 58273 37303 8.5109e+11  131    2 8.5185e+11 8.5054e+11  0.15%   9.8 1029s
 58274 37303 8.5101e+11  112    2 8.5185e+11 8.5054e+11  0.15%   9.8 1031s
 58275 37304 8.5134e+11  183    2 8.5185e+11 8.5054e+11  0.15%   9.8 1039s
 58276 37305 8.5144e+11  242    2 8.5185e+11 8.5054e+11  0.15%   9.8 1040s
 58277 37305 8.5084e+11   92    2 8.5185e+11 8.5054e+11  0.15%   9.8 1048s
 58279 37307 8.5059e+11   42    2 8.5185e+11 8.5054e+11  0.15%   9.8 1057s
 58281 37308 8.5085e+11   90    2 8.5185e+11 8.5054e+11  0.15%   9.8 1068s
 58283 37309 8.5079e+11   81    2 8.5185e+11 8.5054e+11  0.15%   9.8 1077s
 58285 37311 8.5059e+11   48    2 8.5185e+11 8.5054e+11  0.15%   9.8 1085s
 58287 37312 8.5079e+11   89    2 8.5185e+11 8.5054e+11  0.15%   9.8 1094s
 58288 37313 8.5137e+11  202    2 8.5185e+11 8.5054e+11  0.15%   9.8 1096s
 58289 37313 8.5075e+11   64    2 8.5185e+11 8.5054e+11  0.15%   9.8 1104s
 58290 37314 8.5114e+11  158    2 8.5185e+11 8.5054e+11  0.15%   9.8 1105s
 58291 37315 8.5174e+11  246    2 8.5185e+11 8.5054e+11  0.15%   9.8 1113s
 58292 37315 8.5115e+11  139    2 8.5185e+11 8.5054e+11  0.15%   9.8 1121s
 58293 37316 8.5056e+11   31    2 8.5185e+11 8.5054e+11  0.15%   9.8 1128s
 58294 37317 8.5057e+11   40    2 8.5185e+11 8.5054e+11  0.15%   9.8 1139s
 58295 37317 8.5085e+11   89    2 8.5185e+11 8.5054e+11  0.15%   9.8 1146s
 58296 37318 8.5147e+11  235    2 8.5185e+11 8.5054e+11  0.15%   9.8 1151s
 58299 37325 8.5054e+11   28    1 8.5185e+11 8.5054e+11  0.15%  10.2 1155s
 58391 37414 8.5054e+11   32    2 8.5185e+11 8.5054e+11  0.15%  10.2 1252s
 58455 37457 8.5054e+11   33    2 8.5185e+11 8.5054e+11  0.15%  10.2 1392s
 58487 37478 8.5054e+11   34    1 8.5185e+11 8.5054e+11  0.15%  10.2 1507s
 58583 37894 8.5054e+11   35    2 8.5185e+11 8.5054e+11  0.15%  10.2 1516s
 58967 38260 8.5055e+11   41    2 8.5185e+11 8.5054e+11  0.15%  10.2 1535s
 59461 39056 8.5054e+11   46    1 8.5185e+11 8.5054e+11  0.15%  10.1 1548s
 60421 39696 8.5057e+11   61    1 8.5185e+11 8.5054e+11  0.15%  10.1 1561s
 61381 40330 8.5062e+11   83    1 8.5185e+11 8.5054e+11  0.15%  10.1 1574s
 62338 40751 8.5067e+11  113    2 8.5185e+11 8.5054e+11  0.15%  10.0 1582s
 63239 40903 8.5071e+11  143    1 8.5185e+11 8.5054e+11  0.15%  10.0 1590s
 64128 40946 infeasible  170      8.5185e+11 8.5054e+11  0.15%  10.0 1600s
 65009 41253 infeasible  195      8.5185e+11 8.5054e+11  0.15%  10.1 1606s
 65969 41818 8.5138e+11  225    1 8.5185e+11 8.5054e+11  0.15%  10.1 1611s
 66929 42350 8.5144e+11  255    2 8.5185e+11 8.5054e+11  0.15%  10.0 1618s
 67889 42990 8.5056e+11   41    1 8.5185e+11 8.5054e+11  0.15%  10.0 1625s
 68849 43624 8.5064e+11   71    2 8.5185e+11 8.5054e+11  0.15%   9.9 1631s
 69809 44107 8.5070e+11  101    1 8.5185e+11 8.5054e+11  0.15%  10.0 1637s
 70742 44384 8.5074e+11  131    1 8.5185e+11 8.5054e+11  0.15%  10.2 1643s
 71667 44773 8.5084e+11  160    1 8.5185e+11 8.5054e+11  0.15%  10.3 1651s
 72595 45075 8.5128e+11  184    2 8.5185e+11 8.5054e+11  0.15%  10.5 1658s
 73555 45630 8.5057e+11   49    1 8.5185e+11 8.5054e+11  0.15%  10.5 1664s
 74515 46216 8.5062e+11   79    1 8.5185e+11 8.5054e+11  0.15%  10.5 1670s
 75475 46810 8.5080e+11  106    1 8.5185e+11 8.5054e+11  0.15%  10.4 1677s
 76435 47285 8.5084e+11  135    1 8.5185e+11 8.5054e+11  0.15%  10.4 1686s
 77387 47630 8.5089e+11  165    2 8.5185e+11 8.5054e+11  0.15%  10.3 1694s
 78340 47918 8.5096e+11  191    1 8.5185e+11 8.5054e+11  0.15%  10.3 1700s
 79300 48254 8.5055e+11   49    1 8.5185e+11 8.5054e+11  0.15%  10.3 1705s
 80260 48658 8.5092e+11   78    1 8.5185e+11 8.5054e+11  0.15%  10.2 1711s
 81220 49134 8.5104e+11  104    1 8.5185e+11 8.5054e+11  0.15%  10.2 1716s
 82180 49644     cutoff  133      8.5185e+11 8.5054e+11  0.15%  10.1 1722s
 83140 50149 8.5116e+11  156    2 8.5185e+11 8.5054e+11  0.15%  10.1 1728s
 84100 50721 8.5156e+11  180    1 8.5185e+11 8.5054e+11  0.15%  10.1 1735s
 85059 51271 8.5056e+11   47    1 8.5185e+11 8.5054e+11  0.15%  10.0 1742s
 86003 51739 8.5062e+11   77    1 8.5185e+11 8.5054e+11  0.15%  10.0 1747s
 86931 52068 8.5072e+11  102    1 8.5185e+11 8.5054e+11  0.15%  10.0 1752s
 87878 52359 8.5100e+11  130    1 8.5185e+11 8.5054e+11  0.15%  10.0 1762s
 88838 52746 8.5079e+11  154    1 8.5185e+11 8.5054e+11  0.15%  10.1 1769s
 89793 53201 8.5088e+11  182    1 8.5185e+11 8.5054e+11  0.15%  10.0 1773s
 90753 53655 8.5147e+11  209    1 8.5185e+11 8.5054e+11  0.15%  10.0 1778s
 91713 54135 8.5055e+11   36    1 8.5185e+11 8.5054e+11  0.15%   9.9 1786s
 92656 54540 8.5063e+11   66    1 8.5185e+11 8.5054e+11  0.15%   9.9 1791s
 93616 54996 8.5087e+11   96    1 8.5185e+11 8.5054e+11  0.15%   9.8 1796s
 94576 55408 8.5078e+11  123    1 8.5185e+11 8.5054e+11  0.15%   9.8 1802s
 95535 55818 8.5082e+11  149    1 8.5185e+11 8.5054e+11  0.15%   9.8 1809s
 96488 56264 8.5089e+11  177    1 8.5185e+11 8.5054e+11  0.15%   9.7 1814s
 97419 56657 8.5145e+11  204    1 8.5185e+11 8.5054e+11  0.15%   9.8 1818s
 98361 57013 8.5055e+11   35    1 8.5185e+11 8.5054e+11  0.15%   9.8 1824s
 99314 57402 8.5057e+11   65    1 8.5185e+11 8.5054e+11  0.15%   9.8 1830s
 100274 57126 8.5065e+11   93    1 8.5185e+11 8.5054e+11  0.15%   9.7 1847s
 100338 57767 8.5065e+11   95    1 8.5185e+11 8.5054e+11  0.15%   9.7 1851s
 101298 58111 8.5071e+11  121    1 8.5185e+11 8.5054e+11  0.15%   9.7 1855s
 102888 58302 8.5128e+11  145    1 8.5185e+11 8.5054e+11  0.15%   9.6 1860s
 104178 59320 8.5142e+11  201    1 8.5185e+11 8.5054e+11  0.15%   9.6 1868s
 105138 59681 8.5147e+11  230    1 8.5185e+11 8.5054e+11  0.15%   9.5 1872s
 106098 59385 8.5057e+11   60    1 8.5185e+11 8.5055e+11  0.15%   9.5 1918s
 106131 60065 8.5057e+11   61    1 8.5185e+11 8.5055e+11  0.15%   9.5 1923s
 107091 60489 8.5064e+11   91    3 8.5185e+11 8.5055e+11  0.15%   9.5 1929s
 108051 60905 8.5069e+11  121    1 8.5185e+11 8.5055e+11  0.15%   9.4 1934s
 109011 61312 8.5078e+11  151    1 8.5185e+11 8.5055e+11  0.15%   9.4 1940s
 110931 62141 8.5137e+11  211    1 8.5185e+11 8.5055e+11  0.15%   9.3 1948s
 111891 62536 8.5142e+11  241    1 8.5185e+11 8.5055e+11  0.15%   9.3 1953s
 112851 62860 8.5144e+11  271    1 8.5185e+11 8.5055e+11  0.15%   9.3 1958s
 113811 63227 8.5057e+11   58    1 8.5185e+11 8.5055e+11  0.15%   9.2 1963s
 114771 63607 8.5064e+11   88    3 8.5185e+11 8.5055e+11  0.15%   9.2 1968s
 115720 64103 8.5069e+11  118    1 8.5185e+11 8.5055e+11  0.15%   9.2 1973s
 116672 64616 8.5078e+11  148    1 8.5185e+11 8.5055e+11  0.15%   9.2 1979s
 117632 65137 8.5125e+11  178    1 8.5185e+11 8.5055e+11  0.15%   9.2 1988s
 118592 65636 8.5137e+11  208    1 8.5185e+11 8.5055e+11  0.15%   9.2 1994s
 119552 66169 8.5142e+11  238    1 8.5185e+11 8.5055e+11  0.15%   9.1 1999s
 120512 66617 8.5144e+11  268    1 8.5185e+11 8.5055e+11  0.15%   9.1 2005s
 121467 67107 8.5057e+11   57    1 8.5185e+11 8.5055e+11  0.15%   9.1 2011s
 122404 67607 8.5064e+11   87    3 8.5185e+11 8.5055e+11  0.15%   9.1 2016s
 123334 67982 8.5069e+11  117    1 8.5185e+11 8.5055e+11  0.15%   9.1 2022s
 124275 68461 8.5078e+11  147    1 8.5185e+11 8.5055e+11  0.15%   9.1 2028s
 125221 68827 8.5125e+11  177    1 8.5185e+11 8.5055e+11  0.15%   9.1 2033s
 126172 69247 8.5137e+11  207    2 8.5185e+11 8.5055e+11  0.15%   9.1 2039s
 126712 69067 8.5164e+11  100    1 8.5185e+11 8.5055e+11  0.15%   9.0 2040s
 127132 69770 8.5142e+11  237    2 8.5185e+11 8.5055e+11  0.15%   9.0 2045s
 128092 70233 8.5144e+11  267    1 8.5185e+11 8.5055e+11  0.15%   9.0 2051s
 129047 70549 8.5056e+11   57    1 8.5185e+11 8.5055e+11  0.15%   9.0 2056s
 129988 70886 8.5062e+11   87    1 8.5185e+11 8.5055e+11  0.15%   9.0 2062s
 130943 71400 8.5069e+11  117    1 8.5185e+11 8.5055e+11  0.15%   9.0 2067s
 131887 71996 8.5075e+11  147    2 8.5185e+11 8.5055e+11  0.15%   9.0 2073s
 132836 72506 8.5085e+11  177    1 8.5185e+11 8.5055e+11  0.15%   9.0 2079s
 133793 72922 8.5144e+11  207    2 8.5185e+11 8.5055e+11  0.15%   9.0 2084s
 134730 73100 8.5055e+11   34    1 8.5185e+11 8.5055e+11  0.15%   9.0 2092s
 135625 72821 8.5062e+11   64    1 8.5185e+11 8.5055e+11  0.15%   9.0 2153s
 135658 72900 8.5062e+11   65    1 8.5185e+11 8.5055e+11  0.15%   9.0 2172s
 135898 73315 8.5067e+11   71    1 8.5185e+11 8.5055e+11  0.15%   9.0 2177s
 136853 73743 8.5070e+11  100    1 8.5185e+11 8.5055e+11  0.15%   9.0 2183s
 137813 74297 8.5075e+11  128    1 8.5185e+11 8.5055e+11  0.15%   9.0 2188s
 138773 74918 8.5106e+11  151    1 8.5185e+11 8.5055e+11  0.15%   8.9 2193s
 139733 75518 8.5116e+11  180    2 8.5185e+11 8.5055e+11  0.15%   8.9 2198s
 140671 76023 8.5122e+11  207    3 8.5185e+11 8.5055e+11  0.15%   8.9 2203s
 141605 76172 8.5126e+11  235    2 8.5185e+11 8.5055e+11  0.15%   9.0 2208s
 142548 76347 8.5136e+11  258    1 8.5185e+11 8.5055e+11  0.15%   9.0 2213s
 143497 76712 8.5055e+11   44    1 8.5185e+11 8.5055e+11  0.15%   9.0 2218s
 144457 77160 8.5057e+11   64    1 8.5185e+11 8.5055e+11  0.15%   9.0 2223s
 145417 77722 8.5065e+11   91    1 8.5185e+11 8.5055e+11  0.15%   9.0 2228s
 146377 78331 8.5072e+11  121    2 8.5185e+11 8.5055e+11  0.15%   9.0 2232s
 147337 78891 8.5077e+11  151    2 8.5185e+11 8.5055e+11  0.15%   9.0 2241s
 148297 79474 8.5086e+11  181    1 8.5185e+11 8.5055e+11  0.15%   9.0 2247s
 149256 79982 8.5137e+11  201    1 8.5185e+11 8.5055e+11  0.15%   9.0 2252s
 150216 80373 8.5142e+11  231    1 8.5185e+11 8.5055e+11  0.15%   8.9 2256s
 151169 80689 8.5144e+11  261    1 8.5185e+11 8.5055e+11  0.15%   8.9 2261s
 152117 81028 8.5055e+11   51    1 8.5185e+11 8.5055e+11  0.15%   8.9 2266s
 153077 81501 8.5062e+11   81    1 8.5185e+11 8.5055e+11  0.15%   8.9 2271s
 154037 81995 8.5067e+11  111    2 8.5185e+11 8.5055e+11  0.15%   8.9 2276s
 154997 82479 8.5077e+11  141    1 8.5185e+11 8.5055e+11  0.15%   8.9 2281s
 155956 82883 8.5125e+11  171    1 8.5185e+11 8.5055e+11  0.15%   8.9 2285s
 156856 83292 8.5134e+11  201    1 8.5185e+11 8.5055e+11  0.15%   9.0 2290s
 157767 83765 8.5139e+11  231    1 8.5185e+11 8.5055e+11  0.15%   9.0 2296s
 158727 84297 8.5144e+11  261    1 8.5185e+11 8.5055e+11  0.15%   9.0 2301s
 159687 84864 8.5055e+11   51    1 8.5185e+11 8.5055e+11  0.15%   9.0 2306s
 160647 85306 8.5062e+11   81    1 8.5185e+11 8.5055e+11  0.15%   8.9 2311s
 161598 85788 8.5067e+11  111    2 8.5185e+11 8.5055e+11  0.15%   8.9 2316s
 162553 86224 8.5071e+11  141    1 8.5185e+11 8.5055e+11  0.15%   9.0 2321s
 163490 86613 8.5125e+11  171    1 8.5185e+11 8.5055e+11  0.15%   9.0 2328s
 164403 87066 8.5134e+11  201    1 8.5185e+11 8.5055e+11  0.15%   9.0 2333s
 165345 87566 8.5139e+11  231    1 8.5185e+11 8.5055e+11  0.15%   9.0 2339s
 166303 88055 8.5144e+11  261    1 8.5185e+11 8.5055e+11  0.15%   9.0 2344s
 167262 88564 8.5057e+11   54    1 8.5185e+11 8.5055e+11  0.15%   9.0 2349s
 168222 88991 8.5062e+11   84    1 8.5185e+11 8.5055e+11  0.15%   8.9 2353s
 169156 89363 8.5067e+11  114    1 8.5185e+11 8.5055e+11  0.15%   8.9 2359s
 170082 89764 8.5077e+11  144    2 8.5185e+11 8.5055e+11  0.15%   9.0 2364s
 171009 90423 8.5125e+11  174    2 8.5185e+11 8.5055e+11  0.15%   9.0 2369s
 171956 91217 8.5134e+11  204    1 8.5185e+11 8.5055e+11  0.15%   9.0 2374s
 172909 92083 8.5142e+11  234    1 8.5185e+11 8.5055e+11  0.15%   9.0 2380s
 173869 92965 8.5144e+11  264    1 8.5185e+11 8.5055e+11  0.15%   9.0 2385s
 174824 93855 8.5057e+11   50    1 8.5185e+11 8.5055e+11  0.15%   9.0 2390s
 175782 94619 8.5069e+11   80    1 8.5185e+11 8.5055e+11  0.15%   8.9 2395s
 176742 95307 8.5075e+11  106    1 8.5185e+11 8.5055e+11  0.15%   8.9 2403s
 177702 96065 8.5079e+11  133    1 8.5185e+11 8.5055e+11  0.15%   8.9 2407s
 178662 96885 8.5083e+11  160    1 8.5185e+11 8.5055e+11  0.15%   8.9 2411s
 179622 97736 8.5139e+11  187    1 8.5185e+11 8.5055e+11  0.15%   8.9 2416s
 180582 97765 8.5149e+11  216    2 8.5185e+11 8.5055e+11  0.15%   8.9 2459s
 180614 98624 8.5149e+11  217    2 8.5185e+11 8.5055e+11  0.15%   8.9 2463s
 181574 99545 8.5055e+11   53    1 8.5185e+11 8.5055e+11  0.15%   8.9 2467s
 182534 100324 8.5062e+11   83    1 8.5185e+11 8.5055e+11  0.15%   8.8 2472s
 183494 100988 8.5067e+11  113    1 8.5185e+11 8.5055e+11  0.15%   8.8 2476s
 184454 101623 8.5078e+11  143    1 8.5185e+11 8.5055e+11  0.15%   8.8 2481s
 185414 102199 8.5125e+11  173    1 8.5185e+11 8.5055e+11  0.15%   8.8 2486s
 186374 102935 8.5134e+11  203    1 8.5185e+11 8.5055e+11  0.15%   8.8 2492s
 187334 103805 8.5139e+11  233    1 8.5185e+11 8.5055e+11  0.15%   8.8 2498s
 188292 104702 8.5144e+11  263    1 8.5185e+11 8.5055e+11  0.15%   8.8 2503s
 189247 105616 8.5056e+11   52    1 8.5185e+11 8.5055e+11  0.15%   8.7 2509s
 190206 106330 8.5062e+11   82    1 8.5185e+11 8.5055e+11  0.15%   8.7 2514s
 191165 106844 8.5069e+11  112    1 8.5185e+11 8.5055e+11  0.15%   8.7 2520s
 192123 107529 8.5074e+11  142    1 8.5185e+11 8.5055e+11  0.15%   8.7 2525s
 193074 108219 8.5078e+11  172    1 8.5185e+11 8.5055e+11  0.15%   8.7 2531s
 194022 109006 8.5141e+11  202    1 8.5185e+11 8.5055e+11  0.15%   8.7 2536s
 194969 109855 8.5147e+11  232    1 8.5185e+11 8.5055e+11  0.15%   8.7 2541s
