Set parameter TokenServer to value "license-1.hpc.nrel.gov"
Set parameter TimeLimit to value 3600
Set parameter MIPGap to value 0.001
Set parameter MIPGap to value 0.001
Set parameter TimeLimit to value 3600
Gurobi Optimizer version 9.5.1 build v9.5.1rc2 (linux64)
Thread count: 36 physical cores, 36 logical processors, using up to 32 threads
Optimize a model with 293486 rows, 1201980 columns and 2462920 nonzeros
Model fingerprint: 0x091c0bb8
Variable types: 1188044 continuous, 13936 integer (13936 binary)
Coefficient statistics:
  Matrix range     [3e-06, 1e+06]
  Objective range  [1e-01, 1e+08]
  Bounds range     [7e+03, 1e+08]
  RHS range        [1e-03, 2e+05]
Presolve removed 269098 rows and 251384 columns
Presolve time: 4.12s
Presolved: 24388 rows, 950596 columns, 1924240 nonzeros
Variable types: 947112 continuous, 3484 integer (3484 binary)

Deterministic concurrent LP optimizer: primal and dual simplex
Showing first log only...


Root simplex log...

Iteration    Objective       Primal Inf.    Dual Inf.      Time
       0    2.8557078e+10   1.249128e+06   1.020402e+12      7s
  101176    3.2070310e+10   1.838142e+05   2.264841e+11     10s
  158751    3.8046453e+10   6.957207e+03   1.143694e+11     15s
  210633    3.7409279e+10   4.139070e-01   1.332801e+11     20s
  259525    3.6993507e+10   3.913972e-01   5.817643e+09     25s
  322003    3.6722334e+10   0.000000e+00   2.119643e+10     30s
  370198    3.6514068e+10   0.000000e+00   1.887050e+10     35s
  420583    3.6317313e+10   0.000000e+00   4.356611e+09     40s
  463306    3.6116723e+10   0.000000e+00   3.252517e+10     45s
  507779    3.6003880e+10   0.000000e+00   6.104168e+09     50s
Concurrent spin time: 0.00s

Solved with dual simplex

Root relaxation: objective 3.378259e+10, 191123 iterations, 44.52 seconds (48.10 work units)

    Nodes    |    Current Node    |     Objective Bounds      |     Work
 Expl Unexpl |  Obj  Depth IntInf | Incumbent    BestBd   Gap | It/Node Time

     0     0 3.3783e+10    0  114          - 3.3783e+10      -     -   51s
H    0     0                    3.405534e+10 3.3783e+10  0.80%     -   53s
H    0     0                    3.395161e+10 3.3783e+10  0.50%     -   56s
     0     0 3.3784e+10    0  128 3.3952e+10 3.3784e+10  0.49%     -   68s
     0     0 3.3784e+10    0  128 3.3952e+10 3.3784e+10  0.49%     -   73s
     0     0 3.3784e+10    0  129 3.3952e+10 3.3784e+10  0.49%     -   75s
     0     0 3.3784e+10    0  115 3.3952e+10 3.3784e+10  0.49%     -   90s
     0     0 3.3784e+10    0  127 3.3952e+10 3.3784e+10  0.49%     -  100s
     0     0 3.3784e+10    0  127 3.3952e+10 3.3784e+10  0.49%     -  105s
     0     0 3.3784e+10    0  125 3.3952e+10 3.3784e+10  0.49%     -  108s
     0     0 3.3785e+10    0  130 3.3952e+10 3.3785e+10  0.49%     -  132s
     0     0 3.3785e+10    0  125 3.3952e+10 3.3785e+10  0.49%     -  144s
     0     0 3.3785e+10    0  134 3.3952e+10 3.3785e+10  0.49%     -  153s
     0     0 3.3785e+10    0  130 3.3952e+10 3.3785e+10  0.49%     -  158s
     0     0 3.3785e+10    0  137 3.3952e+10 3.3785e+10  0.49%     -  161s
     0     0 3.3785e+10    0  135 3.3952e+10 3.3785e+10  0.49%     -  188s
     0     0 3.3785e+10    0  126 3.3952e+10 3.3785e+10  0.49%     -  204s
     0     0 3.3785e+10    0  127 3.3952e+10 3.3785e+10  0.49%     -  212s
     0     0 3.3785e+10    0  144 3.3952e+10 3.3785e+10  0.49%     -  217s
     0     0 3.3785e+10    0  142 3.3952e+10 3.3785e+10  0.49%     -  221s
     0     0 3.3785e+10    0  119 3.3952e+10 3.3785e+10  0.49%     -  251s
     0     0 3.3786e+10    0  126 3.3952e+10 3.3786e+10  0.49%     -  271s
     0     0 3.3786e+10    0  123 3.3952e+10 3.3786e+10  0.49%     -  279s
     0     0 3.3786e+10    0  125 3.3952e+10 3.3786e+10  0.49%     -  283s
     0     0 3.3786e+10    0  124 3.3952e+10 3.3786e+10  0.49%     -  285s
     0     0 3.3786e+10    0  121 3.3952e+10 3.3786e+10  0.49%     -  286s
     0     0 3.3786e+10    0  119 3.3952e+10 3.3786e+10  0.49%     -  330s
H    0     0                    3.394702e+10 3.3786e+10  0.47%     -  334s
     0     0 3.3787e+10    0  111 3.3947e+10 3.3787e+10  0.47%     -  346s
     0     0 3.3787e+10    0  112 3.3947e+10 3.3787e+10  0.47%     -  354s
     0     0 3.3787e+10    0  113 3.3947e+10 3.3787e+10  0.47%     -  361s
     0     0 3.3787e+10    0  111 3.3947e+10 3.3787e+10  0.47%     -  370s
     0     0 3.3787e+10    0  110 3.3947e+10 3.3787e+10  0.47%     -  375s
     0     0 3.3787e+10    0  109 3.3947e+10 3.3787e+10  0.47%     -  378s
     0     0 3.3787e+10    0   99 3.3947e+10 3.3787e+10  0.47%     -  412s
     0     0 3.3787e+10    0  104 3.3947e+10 3.3787e+10  0.47%     -  432s
     0     0 3.3787e+10    0  101 3.3947e+10 3.3787e+10  0.47%     -  442s
     0     0 3.3787e+10    0  108 3.3947e+10 3.3787e+10  0.47%     -  451s
     0     0 3.3787e+10    0  113 3.3947e+10 3.3787e+10  0.47%     -  461s
     0     0 3.3787e+10    0  115 3.3947e+10 3.3787e+10  0.47%     -  466s
     0     0 3.3787e+10    0  113 3.3947e+10 3.3787e+10  0.47%     -  471s
     0     0 3.3788e+10    0  124 3.3947e+10 3.3788e+10  0.47%     -  496s
H    0     0                    3.394247e+10 3.3788e+10  0.46%     -  500s
     0     0 3.3788e+10    0  118 3.3942e+10 3.3788e+10  0.46%     -  513s
     0     0 3.3788e+10    0  124 3.3942e+10 3.3788e+10  0.46%     -  520s
     0     0 3.3788e+10    0  119 3.3942e+10 3.3788e+10  0.46%     -  525s
     0     0 3.3788e+10    0  129 3.3942e+10 3.3788e+10  0.46%     -  568s
     0     0 3.3788e+10    0  134 3.3942e+10 3.3788e+10  0.46%     -  581s
     0     0 3.3788e+10    0  127 3.3942e+10 3.3788e+10  0.46%     -  591s
     0     0 3.3788e+10    0  124 3.3942e+10 3.3788e+10  0.46%     -  597s
     0     0 3.3788e+10    0  127 3.3942e+10 3.3788e+10  0.46%     -  603s
     0     0 3.3788e+10    0  125 3.3942e+10 3.3788e+10  0.45%     -  619s
     0     0 3.3788e+10    0  127 3.3942e+10 3.3788e+10  0.45%     -  635s
     0     0 3.3788e+10    0  122 3.3942e+10 3.3788e+10  0.45%     -  648s
     0     0 3.3788e+10    0  130 3.3942e+10 3.3788e+10  0.45%     -  656s
     0     0 3.3788e+10    0  144 3.3942e+10 3.3788e+10  0.45%     -  669s
     0     0 3.3788e+10    0  144 3.3942e+10 3.3788e+10  0.45%     -  699s
H    0     0                    3.390771e+10 3.3788e+10  0.35%     -  746s
H    0     0                    3.390594e+10 3.3788e+10  0.35%     -  851s
     0     2 3.3788e+10    0  144 3.3906e+10 3.3788e+10  0.35%     -  856s
     1     4 3.3788e+10    1  139 3.3906e+10 3.3788e+10  0.35%   472  866s
     3     8 3.3788e+10    2  130 3.3906e+10 3.3788e+10  0.35%  1293  881s
     7    16 3.3788e+10    3  124 3.3906e+10 3.3788e+10  0.35%  2016  917s
    15    32 3.3789e+10    4  118 3.3906e+10 3.3789e+10  0.35%  3322  970s
    31    64 3.3789e+10    5   95 3.3906e+10 3.3789e+10  0.35%  4152 1032s
    63    96 3.3789e+10    6  107 3.3906e+10 3.3789e+10  0.35%  4327 1308s
H   95   128                    3.390525e+10 3.3789e+10  0.34% 10577 2393s
H   96   128                    3.390502e+10 3.3789e+10  0.34% 10483 2393s
H   97   128                    3.390488e+10 3.3789e+10  0.34% 10384 2393s
H  102   128                    3.390483e+10 3.3789e+10  0.34%  9944 2393s
H  109   128                    3.390480e+10 3.3789e+10  0.34%  9361 2393s
   127   160 3.3789e+10    8   99 3.3905e+10 3.3789e+10  0.34%  8085 2412s
   159   192 3.3789e+10    9   99 3.3905e+10 3.3789e+10  0.34%  6544 2428s
   191   245 3.3790e+10   10   99 3.3905e+10 3.3789e+10  0.34%  5482 2466s
   244   302 3.3790e+10   12   95 3.3905e+10 3.3789e+10  0.34%  4383 2490s
   301   493 3.3790e+10   14   97 3.3905e+10 3.3789e+10  0.34%  3647 2541s
   492   588 3.3790e+10   21   95 3.3905e+10 3.3789e+10  0.34%  2361 2719s
   587  1154 3.3791e+10   23   95 3.3905e+10 3.3789e+10  0.34%  2081 2815s
H 1153  1624                    3.390475e+10 3.3789e+10  0.34%  1215 2921s
H 1154  1624                    3.390474e+10 3.3789e+10  0.34%  1216 2921s
H 1154  1624                    3.390473e+10 3.3789e+10  0.34%  1216 2922s
H 1251  1624                    3.390472e+10 3.3789e+10  0.34%  1132 2922s
H 1251  1624                    3.390470e+10 3.3789e+10  0.34%  1132 2922s
  1623  2329 3.3791e+10   31   86 3.3905e+10 3.3789e+10  0.34%   900 3121s
  2355  3132 3.3791e+10   34   49 3.3905e+10 3.3789e+10  0.34%   674 3188s
  3307  3654 3.3792e+10   67   30 3.3905e+10 3.3789e+10  0.34%   510 3253s
  3896  4344 3.3793e+10  100   31 3.3905e+10 3.3789e+10  0.34%   441 3309s
  4708  5021 3.3794e+10  133   26 3.3905e+10 3.3789e+10  0.34%   383 3368s
  5485  5565 3.3796e+10  166   24 3.3905e+10 3.3789e+10  0.34%   347 3472s
  6084  6224 3.3798e+10  199   24 3.3905e+10 3.3789e+10  0.34%   327 3544s
  6828  6798 3.3801e+10  232   27 3.3905e+10 3.3789e+10  0.34%   318 3600s

Cutting planes:
  Implied bound: 6656
  MIR: 128
  Flow cover: 1670
  Flow path: 317
  RLT: 50
  Relax-and-lift: 588

Explored 7484 nodes (2632585 simplex iterations) in 3600.18 seconds (3965.32 work units)
Thread count was 32 (of 36 available processors)

Solution count 10: 3.39047e+10 3.39047e+10 3.39047e+10 ... 3.39059e+10

Time limit reached
Best objective 3.390470394348e+10, best bound 3.378886333797e+10, gap 0.3417%

User-callback calls 1142637, time in user-callback 0.42 sec
Set parameter TokenServer to value "license-1.hpc.nrel.gov"
Set parameter TimeLimit to value 3600
Set parameter MIPGap to value 0.001
Set parameter MIPGap to value 0.001
Set parameter TimeLimit to value 3600
Gurobi Optimizer version 9.5.1 build v9.5.1rc2 (linux64)
Thread count: 36 physical cores, 36 logical processors, using up to 32 threads
Optimize a model with 293486 rows, 1201980 columns and 2462920 nonzeros
Model fingerprint: 0xce6b7f17
Coefficient statistics:
  Matrix range     [3e-06, 1e+06]
  Objective range  [1e-01, 1e+08]
  Bounds range     [1e+00, 1e+08]
  RHS range        [1e-03, 2e+05]

Concurrent LP optimizer: primal simplex, dual simplex, and barrier
Showing barrier log only...

Presolve removed 289555 rows and 1013567 columns
Presolve time: 1.18s
Presolved: 3931 rows, 188413 columns, 375441 nonzeros

Ordering time: 0.03s

Barrier statistics:
 AA' NZ     : 1.868e+05
 Factor NZ  : 3.812e+05 (roughly 80 MB of memory)
 Factor Ops : 4.147e+07 (less than 1 second per iteration)
 Threads    : 30

                  Objective                Residual
Iter       Primal          Dual         Primal    Dual     Compl     Time
   0   1.41029492e+13 -1.94514163e+12  8.77e+07 1.59e+02  1.06e+09     1s
   1   4.39050641e+12 -5.06791817e+11  2.72e+07 2.27e-12  3.29e+08     1s
   2   4.45100649e+11 -1.60243217e+10  2.56e+06 9.55e-12  3.14e+07     1s
   3   5.15098465e+10  9.78349940e+09  1.06e+05 4.55e-11  1.41e+06     1s
   4   4.09746645e+10  1.52428275e+10  4.06e+04 6.00e-11  5.85e+05     1s
   5   3.68660872e+10  1.98644578e+10  1.52e+04 3.96e-11  2.52e+05     1s
   6   3.53301076e+10  2.91109444e+10  5.97e+03 1.05e-11  8.96e+04     2s
   7   3.45262579e+10  3.12233535e+10  1.37e+03 5.00e-12  2.89e+04     2s
   8   3.42113197e+10  3.25391663e+10  1.18e+02 2.27e-12  9.56e+03     2s
   9   3.41763932e+10  3.31128612e+10  8.38e+01 1.36e-12  6.02e+03     2s
  10   3.41024972e+10  3.35174996e+10  3.64e+01 9.09e-13  3.21e+03     2s
  11   3.40868607e+10  3.36616201e+10  3.21e+01 1.11e-12  2.33e+03     2s
  12   3.40476985e+10  3.37569945e+10  2.27e+01 6.56e-13  1.58e+03     2s
  13   3.40178515e+10  3.38249234e+10  1.57e+01 9.09e-13  1.04e+03     2s
  14   3.39869306e+10  3.38544051e+10  9.98e+00 9.09e-13  7.08e+02     2s
  15   3.39584406e+10  3.38767804e+10  5.42e+00 9.09e-13  4.33e+02     2s
  16   3.39481883e+10  3.38874465e+10  4.21e+00 9.09e-13  3.21e+02     2s
  17   3.39324528e+10  3.38927945e+10  2.41e+00 9.09e-13  2.09e+02     2s
  18   3.39269410e+10  3.38971996e+10  1.88e+00 7.16e-13  1.56e+02     2s
  19   3.39200480e+10  3.39001316e+10  1.24e+00 9.09e-13  1.04e+02     2s
  20   3.39142772e+10  3.39020507e+10  7.28e-01 7.52e-13  6.40e+01     2s
  21   3.39101108e+10  3.39027866e+10  3.81e-01 7.18e-13  3.83e+01     2s
  22   3.39086941e+10  3.39034634e+10  2.70e-01 9.09e-13  2.73e+01     2s
  23   3.39076231e+10  3.39037741e+10  1.91e-01 9.09e-13  2.01e+01     2s
  24   3.39070215e+10  3.39040819e+10  1.49e-01 9.09e-13  1.53e+01     2s
  25   3.39062405e+10  3.39043506e+10  9.56e-02 6.25e-13  9.85e+00     2s
  26   3.39052175e+10  3.39045920e+10  2.90e-02 5.82e-13  3.26e+00     2s
  27   3.39048880e+10  3.39046435e+10  9.46e-03 5.73e-13  1.27e+00     2s
  28   3.39047734e+10  3.39046755e+10  3.24e-03 9.09e-13  5.10e-01     2s
  29   3.39047272e+10  3.39046899e+10  9.80e-04 6.82e-13  1.95e-01     2s
  30   3.39047114e+10  3.39046983e+10  2.73e-04 5.89e-13  6.83e-02     2s
  31   3.39047063e+10  3.39047016e+10  7.73e-05 9.09e-13  2.44e-02     2s

Barrier performed 31 iterations in 2.21 seconds (1.88 work units)
Barrier solve interrupted - model solved by another algorithm


Solved with primal simplex
Solved in 55447 iterations and 2.25 seconds (1.42 work units)
Optimal objective  3.390470394e+10

User-callback calls 345, time in user-callback 0.00 sec
[ Info:  started timer at: 2023-03-25T11:35:43.084
[ Info: Reading /projects/pvsoiling/RELOG/Recycling_40209_10/input/solver/case.json...
[ Info:          134 collection centers
[ Info:          268 candidate plant locations
[ Info: Building graph...
[ Info:           26 time periods
[ Info:          268 process nodes
[ Info:         4288 shipping nodes (plant)
[ Info:          134 shipping nodes (collection)
[ Info:        40200 arcs
[ Info: Building optimization model...
[ Info: Optimizing MILP...
[ Info: Re-optimizing with integer variables fixed...
[ Info: Extracting solution...
[ Info:       3653.562640226s: 1 hour, 53 seconds, 562 milliseconds
