Set parameter TokenServer to value "license-1.hpc.nrel.gov"
Set parameter TimeLimit to value 3600
Set parameter MIPGap to value 0.001
Set parameter MIPGap to value 0.001
Set parameter TimeLimit to value 3600
Gurobi Optimizer version 9.5.1 build v9.5.1rc2 (linux64)
Thread count: 36 physical cores, 36 logical processors, using up to 32 threads
Optimize a model with 289198 rows, 1201980 columns and 2458632 nonzeros
Model fingerprint: 0xc3d69161
Variable types: 1188044 continuous, 13936 integer (13936 binary)
Coefficient statistics:
  Matrix range     [3e-06, 1e+06]
  Objective range  [1e-01, 1e+08]
  Bounds range     [7e+03, 1e+08]
  RHS range        [1e-03, 2e+05]
Presolve removed 263202 rows and 245756 columns
Presolve time: 4.96s
Presolved: 25996 rows, 956224 columns, 1937640 nonzeros
Variable types: 947112 continuous, 9112 integer (9112 binary)

Deterministic concurrent LP optimizer: primal and dual simplex
Showing first log only...


Root simplex log...

Iteration    Objective       Primal Inf.    Dual Inf.      Time
       0    2.6912339e+10   1.095026e+06   9.336888e+11      8s
  172319    3.4642691e+10   1.759993e+04   9.975493e+10     10s
  363122    3.3920799e+10   1.083839e+02   6.095987e+09     15s
  533448    3.3009095e+10   3.848650e+01   1.136816e+11     20s
  657503    3.2806809e+10   0.000000e+00   1.861714e+10     25s
  899513    3.2731167e+10   0.000000e+00   3.504454e+03     30s
  904129    3.2730839e+10   0.000000e+00   0.000000e+00     31s
Concurrent spin time: 0.00s

Solved with primal simplex

Root relaxation: objective 3.273084e+10, 904129 iterations, 24.10 seconds (23.65 work units)

    Nodes    |    Current Node    |     Objective Bounds      |     Work
 Expl Unexpl |  Obj  Depth IntInf | Incumbent    BestBd   Gap | It/Node Time

     0     0 3.2731e+10    0  102          - 3.2731e+10      -     -   32s
H    0     0                    3.296422e+10 3.2731e+10  0.71%     -   33s
H    0     0                    3.286473e+10 3.2731e+10  0.41%     -   37s
H    0     0                    3.285480e+10 3.2731e+10  0.38%     -   49s
     0     0 3.2731e+10    0  111 3.2855e+10 3.2731e+10  0.38%     -   53s
     0     0 3.2731e+10    0  110 3.2855e+10 3.2731e+10  0.38%     -   57s
     0     0 3.2731e+10    0  118 3.2855e+10 3.2731e+10  0.38%     -   63s
     0     0 3.2731e+10    0  111 3.2855e+10 3.2731e+10  0.38%     -   67s
     0     0 3.2731e+10    0  114 3.2855e+10 3.2731e+10  0.38%     -   68s
     0     0 3.2731e+10    0  114 3.2855e+10 3.2731e+10  0.38%     -   68s
     0     0 3.2731e+10    0  120 3.2855e+10 3.2731e+10  0.38%     -   73s
     0     0 3.2731e+10    0  119 3.2855e+10 3.2731e+10  0.38%     -   77s
     0     0 3.2731e+10    0  124 3.2855e+10 3.2731e+10  0.38%     -   82s
     0     0 3.2731e+10    0  122 3.2855e+10 3.2731e+10  0.38%     -   86s
     0     0 3.2731e+10    0  105 3.2855e+10 3.2731e+10  0.38%     -   92s
     0     0 3.2731e+10    0  106 3.2855e+10 3.2731e+10  0.38%     -   96s
     0     0 3.2731e+10    0  122 3.2855e+10 3.2731e+10  0.38%     -  105s
     0     0 3.2731e+10    0  116 3.2855e+10 3.2731e+10  0.38%     -  111s
     0     0 3.2731e+10    0  124 3.2855e+10 3.2731e+10  0.38%     -  126s
     0     0 3.2731e+10    0  124 3.2855e+10 3.2731e+10  0.38%     -  146s
H    0     0                    3.281999e+10 3.2731e+10  0.27%     -  160s
H    0     0                    3.281327e+10 3.2731e+10  0.25%     -  179s
     0     2 3.2731e+10    0  124 3.2813e+10 3.2731e+10  0.25%     -  182s
     3     8 3.2731e+10    2  120 3.2813e+10 3.2731e+10  0.25%   370  193s
     7    16 3.2731e+10    3  108 3.2813e+10 3.2731e+10  0.25%   840  210s
    15    32 3.2731e+10    4  112 3.2813e+10 3.2731e+10  0.25%  1364  244s
    31    64 3.2732e+10    5   98 3.2813e+10 3.2731e+10  0.25%  2094  288s
    63    96 3.2732e+10    6   85 3.2813e+10 3.2731e+10  0.25%  2362  345s
H   95   128                    3.281325e+10 3.2731e+10  0.25%  2840  755s
H  105   128                    3.281298e+10 3.2732e+10  0.25%  2847  755s
   127   160 3.2732e+10    7   88 3.2813e+10 3.2732e+10  0.25%  2520  771s
   159   192 3.2732e+10    8   85 3.2813e+10 3.2732e+10  0.25%  2092 1098s
H  165   192                    3.281297e+10 3.2732e+10  0.25%  2019 1098s
   191   254 3.2732e+10    8   80 3.2813e+10 3.2732e+10  0.25%  1762 1119s
   253   638 3.2732e+10   10   81 3.2813e+10 3.2732e+10  0.25%  1367 1162s
   637  1644 3.2732e+10   20   79 3.2813e+10 3.2732e+10  0.25%   601 1265s
  1643  1676 3.2732e+10   44   85 3.2813e+10 3.2732e+10  0.25%   296 1676s
H 1668  1676                    3.281295e+10 3.2732e+10  0.25%   305 1676s
  1675  2543 3.2733e+10   44   83 3.2813e+10 3.2732e+10  0.25%   305 1771s
  2542  3349 3.2733e+10   74   83 3.2813e+10 3.2732e+10  0.25%   303 1869s
  3359  4081 3.2733e+10  105   85 3.2813e+10 3.2732e+10  0.25%   340 1955s
  4150  4808 3.2734e+10  137   78 3.2813e+10 3.2732e+10  0.25%   343 2048s
H 4924  4839                    3.281295e+10 3.2732e+10  0.25%   345 2169s
  4956  5729 3.2735e+10  170   78 3.2813e+10 3.2732e+10  0.25%   354 2227s
  5943  6610 3.2735e+10  202   78 3.2813e+10 3.2732e+10  0.25%   314 2283s
  6941  7372 3.2735e+10  234   76 3.2813e+10 3.2732e+10  0.25%   282 2360s
  7780  8148 3.2736e+10  266   77 3.2813e+10 3.2732e+10  0.25%   269 2433s
  8593  8875 3.2737e+10  298   77 3.2813e+10 3.2732e+10  0.25%   260 2496s
  9359  9778 3.2737e+10  330   77 3.2813e+10 3.2732e+10  0.25%   253 2558s
 10266 10728 3.2737e+10  362   71 3.2813e+10 3.2732e+10  0.25%   243 2602s
 11226 11661 3.2738e+10  394   71 3.2813e+10 3.2732e+10  0.25%   232 2645s
 12192 12596 3.2738e+10  426   71 3.2813e+10 3.2732e+10  0.25%   222 2690s
 13187 13437 3.2739e+10  458   74 3.2813e+10 3.2732e+10  0.25%   213 2757s
 14094 14291 3.2740e+10  490   69 3.2813e+10 3.2732e+10  0.25%   208 2837s
 15005 14292 3.2732e+10   47  124 3.2813e+10 3.2732e+10  0.25%   203 3589s

Explored 15006 nodes (4014422 simplex iterations) in 3600.22 seconds (3508.79 work units)
Thread count was 32 (of 36 available processors)

Solution count 8: 3.28129e+10 3.2813e+10 3.28132e+10 ... 3.29642e+10

Time limit reached
Best objective 3.281294611741e+10, best bound 3.273150087843e+10, gap 0.2482%

User-callback calls 1133641, time in user-callback 0.48 sec
Set parameter TokenServer to value "license-1.hpc.nrel.gov"
Set parameter TimeLimit to value 3600
Set parameter MIPGap to value 0.001
Set parameter MIPGap to value 0.001
Set parameter TimeLimit to value 3600
Gurobi Optimizer version 9.5.1 build v9.5.1rc2 (linux64)
Thread count: 36 physical cores, 36 logical processors, using up to 32 threads
Optimize a model with 289198 rows, 1201980 columns and 2458632 nonzeros
Model fingerprint: 0x8fb397cc
Coefficient statistics:
  Matrix range     [3e-06, 1e+06]
  Objective range  [1e-01, 1e+08]
  Bounds range     [1e+00, 1e+08]
  RHS range        [1e-03, 2e+05]

Concurrent LP optimizer: primal simplex, dual simplex, and barrier
Showing barrier log only...

Presolve removed 285288 rows and 1071363 columns
Presolve time: 1.12s
Presolved: 3910 rows, 130617 columns, 260272 nonzeros

Ordering time: 0.02s

Barrier statistics:
 AA' NZ     : 1.295e+05
 Factor NZ  : 2.538e+05 (roughly 60 MB of memory)
 Factor Ops : 2.213e+07 (less than 1 second per iteration)
 Threads    : 30

                  Objective                Residual
Iter       Primal          Dual         Primal    Dual     Compl     Time
   0   1.15636023e+13 -1.25664602e+12  1.06e+08 1.63e+02  1.26e+09     1s
   1   3.43973440e+12 -4.16811184e+11  3.14e+07 2.27e-12  3.74e+08     1s
   2   7.06557439e+11 -9.33848448e+09  6.20e+06 4.55e-12  7.45e+07     1s
   3   8.63704167e+10  1.19904158e+10  4.90e+05 1.73e-11  6.00e+06     1s
   4   5.30052818e+10  1.77623992e+10  1.83e+05 3.41e-11  2.30e+06     1s
   5   4.30049630e+10  2.17420847e+10  9.14e+04 2.77e-11  1.16e+06     1s
   6   3.56268036e+10  2.65957324e+10  2.37e+04 2.46e-11  3.16e+05     1s
   7   3.39602123e+10  2.87435202e+10  8.55e+03 2.41e-11  1.22e+05     1s
   8   3.31466058e+10  3.13188516e+10  1.39e+03 1.46e-11  2.47e+04     1s
   9   3.30045604e+10  3.20293966e+10  4.06e+02 6.82e-12  9.83e+03     1s
  10   3.29138667e+10  3.24366770e+10  3.05e+01 4.09e-12  3.73e+03     1s
  11   3.28849133e+10  3.26479986e+10  9.70e+00 1.82e-12  1.81e+03     2s
  12   3.28618603e+10  3.27538467e+10  3.52e+00 1.32e-12  8.19e+02     2s
  13   3.28516537e+10  3.27832797e+10  2.28e+00 1.14e-12  5.17e+02     2s
  14   3.28455504e+10  3.27926732e+10  1.82e+00 1.34e-12  4.00e+02     2s
  15   3.28317832e+10  3.27994929e+10  7.60e-01 1.49e-12  2.44e+02     2s
  16   3.28279789e+10  3.28031762e+10  5.65e-01 1.11e-12  1.87e+02     2s
  17   3.28242968e+10  3.28070669e+10  3.81e-01 1.11e-12  1.30e+02     2s
  18   3.28203226e+10  3.28095729e+10  2.12e-01 9.66e-13  8.10e+01     2s
  19   3.28181115e+10  3.28108606e+10  1.37e-01 9.52e-13  5.46e+01     2s
  20   3.28174388e+10  3.28114822e+10  1.16e-01 1.08e-12  4.49e+01     2s
  21   3.28162943e+10  3.28115215e+10  8.12e-02 1.31e-12  3.60e+01     2s
  22   3.28152715e+10  3.28119653e+10  5.21e-02 1.34e-12  2.49e+01     2s
  23   3.28142643e+10  3.28125584e+10  2.67e-02 9.09e-13  1.29e+01     2s
  24   3.28135492e+10  3.28128011e+10  1.12e-02 9.09e-13  5.64e+00     2s

Barrier performed 24 iterations in 1.78 seconds (1.38 work units)
Barrier solve interrupted - model solved by another algorithm


Solved with primal simplex
Solved in 44976 iterations and 1.78 seconds (1.24 work units)
Optimal objective  3.281294612e+10

User-callback calls 295, time in user-callback 0.00 sec
[ Info:  started timer at: 2023-03-27T13:56:26.212
[ Info: Reading /projects/pvsoiling/RELOG/Recycling_40209_10/input/solver/case.json...
[ Info:          134 collection centers
[ Info:          268 candidate plant locations
[ Info: Building graph...
[ Info:           26 time periods
[ Info:          268 process nodes
[ Info:         4288 shipping nodes (plant)
[ Info:          134 shipping nodes (collection)
[ Info:        40200 arcs
[ Info: Building optimization model...
[ Info: Optimizing MILP...
[ Info: Re-optimizing with integer variables fixed...
[ Info: Extracting solution...
[ Info:       3652.644181585s: 1 hour, 52 seconds, 644 milliseconds
