Set parameter TokenServer to value "license-1.hpc.nrel.gov"
Set parameter TimeLimit to value 3600
Set parameter MIPGap to value 0.001
Set parameter MIPGap to value 0.001
Set parameter TimeLimit to value 3600
Gurobi Optimizer version 9.5.1 build v9.5.1rc2 (linux64)
Thread count: 36 physical cores, 36 logical processors, using up to 32 threads
Optimize a model with 79596 rows, 989456 columns and 2026080 nonzeros
Model fingerprint: 0xb423a11a
Variable types: 975520 continuous, 13936 integer (13936 binary)
Coefficient statistics:
  Matrix range     [1e+00, 1e+05]
  Objective range  [2e-01, 4e+08]
  Bounds range     [1e+05, 1e+08]
  RHS range        [8e-01, 2e+06]
Presolve removed 69146 rows and 56012 columns
Presolve time: 3.50s
Presolved: 10450 rows, 933444 columns, 1873320 nonzeros
Variable types: 933176 continuous, 268 integer (268 binary)

Deterministic concurrent LP optimizer: primal and dual simplex
Showing first log only...


Root simplex log...

Iteration    Objective       Primal Inf.    Dual Inf.      Time
       0    2.7695760e+11   2.892134e+06   1.654951e+11      7s
Concurrent spin time: 0.01s

Solved with dual simplex

Root relaxation: objective 4.401318e+11, 18377 iterations, 2.33 seconds (1.57 work units)

    Nodes    |    Current Node    |     Objective Bounds      |     Work
 Expl Unexpl |  Obj  Depth IntInf | Incumbent    BestBd   Gap | It/Node Time

     0     0 4.4013e+11    0    2          - 4.4013e+11      -     -    7s
H    0     0                    4.408010e+11 4.4013e+11  0.15%     -    7s
     0     0 4.4013e+11    0    1 4.4080e+11 4.4013e+11  0.15%     -   12s
     0     0 4.4013e+11    0    1 4.4080e+11 4.4013e+11  0.15%     -   16s
     0     2 4.4013e+11    0    1 4.4080e+11 4.4013e+11  0.15%     -   17s
    15    32 4.4014e+11    4    1 4.4080e+11 4.4013e+11  0.15%   5.9   20s
    95   128 4.4014e+11    7    1 4.4080e+11 4.4013e+11  0.15%   4.0   37s
   159   192 4.4015e+11    9    1 4.4080e+11 4.4013e+11  0.15%   4.0   75s
   223   387 4.4015e+11   11    1 4.4080e+11 4.4013e+11  0.15%   4.2   80s
   386   771 4.4015e+11   14    1 4.4080e+11 4.4013e+11  0.15%   3.9   94s
   770  1803 4.4016e+11   26    1 4.4080e+11 4.4013e+11  0.15%   4.2  106s
  1802  2586 4.4017e+11   55    1 4.4080e+11 4.4013e+11  0.15%   4.6  115s
  2621  3132 4.4019e+11   76    1 4.4080e+11 4.4013e+11  0.15%   4.6  124s
  3355  3787 4.4023e+11   95    1 4.4080e+11 4.4013e+11  0.15%   4.6  131s
  4395  4403 4.4048e+11  128    1 4.4080e+11 4.4013e+11  0.15%   5.0  136s
  5417  5021 4.4052e+11  162    1 4.4080e+11 4.4013e+11  0.15%   5.7  142s
  6432  5661 4.4055e+11  196    1 4.4080e+11 4.4013e+11  0.15%   6.7  148s
  7448  6454 4.4013e+11    9    1 4.4080e+11 4.4013e+11  0.15%  11.0  153s
  8456  7316 4.4016e+11   43    1 4.4080e+11 4.4013e+11  0.15%  12.1  158s
  9544  7337 4.4020e+11   77    1 4.4080e+11 4.4013e+11  0.15%  12.1  202s
  9584  7338 4.4029e+11  112    1 4.4080e+11 4.4013e+11  0.15%  12.2  207s
  9586  7339 4.4024e+11   79    2 4.4080e+11 4.4013e+11  0.15%  12.1  217s
  9587  7340 4.4055e+11  192    1 4.4080e+11 4.4013e+11  0.15%  12.1  220s
  9604  7368 4.4014e+11   15    1 4.4080e+11 4.4013e+11  0.15%  14.0  225s
  9684  7438 4.4015e+11   17    1 4.4080e+11 4.4013e+11  0.15%  13.9  239s
  9748  7480 4.4015e+11   18    1 4.4080e+11 4.4013e+11  0.15%  13.9  263s
  9903  7768 4.4015e+11   20    1 4.4080e+11 4.4013e+11  0.15%  13.7  267s
 10119  8213 4.4015e+11   24    1 4.4080e+11 4.4013e+11  0.15%  13.5  274s
 10636  8602 4.4020e+11   33    1 4.4080e+11 4.4013e+11  0.15%  13.1  281s
 11198  8839 4.4016e+11   45    1 4.4080e+11 4.4013e+11  0.15%  12.7  288s
 11629  9314 4.4016e+11   52    1 4.4080e+11 4.4013e+11  0.15%  12.5  296s
 12269  9676 4.4022e+11   67    1 4.4080e+11 4.4013e+11  0.15%  12.1  304s
 12944 10018 4.4019e+11   86    1 4.4080e+11 4.4013e+11  0.15%  11.8  313s
 13581  9826 4.4033e+11  106    1 4.4080e+11 4.4013e+11  0.15%  11.5  336s
 13613 10325 4.4023e+11  107    1 4.4080e+11 4.4013e+11  0.15%  11.5  343s
 14647 10435 infeasible  137      4.4080e+11 4.4013e+11  0.15%  11.2  350s
 15652 10494 infeasible  166      4.4080e+11 4.4013e+11  0.15%  11.0  356s
 16659 10633 4.4052e+11  191    1 4.4080e+11 4.4013e+11  0.15%  11.1  362s
 17667 11003 4.4057e+11  219    1 4.4080e+11 4.4013e+11  0.15%  12.3  369s
 18689 10690 4.4014e+11   23    1 4.4080e+11 4.4013e+11  0.15%  12.9  392s
 18721 11557 4.4014e+11   24    1 4.4080e+11 4.4013e+11  0.15%  12.9  399s
 19791 12127 4.4024e+11   58    2 4.4080e+11 4.4013e+11  0.15%  13.2  406s
 20879 12446 4.4054e+11   92    1 4.4080e+11 4.4013e+11  0.15%  13.2  412s
 21944 12660 4.4060e+11  123    2 4.4080e+11 4.4013e+11  0.15%  13.8  418s
 23024 13122 4.4063e+11  154    1 4.4080e+11 4.4013e+11  0.15%  13.8  423s
 24112 13803 4.4015e+11   39    1 4.4080e+11 4.4013e+11  0.15%  13.7  427s
 25200 13500 4.4019e+11   73    2 4.4080e+11 4.4013e+11  0.15%  13.3  476s
 25263 14294 4.4020e+11   79    2 4.4080e+11 4.4013e+11  0.15%  13.3  481s
 26351 14678 4.4023e+11  113    1 4.4080e+11 4.4013e+11  0.15%  13.1  486s
 27429 14943 4.4029e+11  147    2 4.4080e+11 4.4013e+11  0.15%  13.1  492s
 28488 15112 4.4047e+11  171    2 4.4080e+11 4.4013e+11  0.15%  13.3  507s
 29411 15291 4.4019e+11   34    1 4.4080e+11 4.4013e+11  0.15%  13.3  515s
 31587 16362 4.4025e+11  102    1 4.4080e+11 4.4013e+11  0.15%  13.1  523s
 32675 17146 4.4030e+11  136    1 4.4080e+11 4.4013e+11  0.15%  12.9  528s
 33733 17848 4.4034e+11  163    4 4.4080e+11 4.4013e+11  0.15%  12.8  532s
 34794 18620 4.4052e+11  185    2 4.4080e+11 4.4013e+11  0.15%  12.7  536s
 35866 19593 4.4078e+11  210    1 4.4080e+11 4.4013e+11  0.15%  12.7  540s
 36954 20481 4.4016e+11   50    1 4.4080e+11 4.4014e+11  0.15%  12.4  545s
 38042 21070 4.4020e+11   84    1 4.4080e+11 4.4014e+11  0.15%  12.2  551s
 39129 21477 4.4025e+11  117    2 4.4080e+11 4.4014e+11  0.15%  12.0  555s
 41280 22523 4.4032e+11  163    1 4.4080e+11 4.4014e+11  0.15%  12.2  564s
 42291 23318     cutoff  177      4.4080e+11 4.4014e+11  0.15%  13.1  568s
 43348 24345 4.4015e+11   27    1 4.4080e+11 4.4014e+11  0.15%  13.2  573s
 44434 25288 4.4017e+11   61    1 4.4080e+11 4.4014e+11  0.15%  13.0  577s
 45522 25876 4.4020e+11   95    1 4.4080e+11 4.4014e+11  0.15%  12.8  582s
 46610 26142 4.4045e+11  122    1 4.4080e+11 4.4014e+11  0.15%  12.6  586s
 47698 26515 4.4046e+11  156    1 4.4080e+11 4.4014e+11  0.15%  12.5  590s
 48786 27199 4.4050e+11  190    1 4.4080e+11 4.4014e+11  0.15%  12.5  595s
 49872 27800 4.4055e+11  224    1 4.4080e+11 4.4014e+11  0.15%  12.9  600s
 50587 28624 4.4055e+11  225    1 4.4080e+11 4.4014e+11  0.15%  13.1  605s
 52748 30003 4.4016e+11   47    1 4.4080e+11 4.4014e+11  0.15%  13.4  612s
 53836 30552 4.4019e+11   81    2 4.4080e+11 4.4014e+11  0.15%  13.2  617s
 54924 31041 4.4026e+11  115    1 4.4080e+11 4.4014e+11  0.15%  13.2  621s
 56005 31849 4.4049e+11  149    1 4.4080e+11 4.4014e+11  0.15%  13.3  625s
 58146 33636 4.4057e+11  217    1 4.4080e+11 4.4014e+11  0.15%  13.1  634s
 59235 33637 4.4057e+11  223    1 4.4080e+11 4.4014e+11  0.15%  13.0  666s
 59237 33638 4.4063e+11  120    2 4.4080e+11 4.4014e+11  0.15%  13.0  677s
 59238 33639 4.4052e+11  182    1 4.4080e+11 4.4014e+11  0.15%  13.0  680s
 59239 33640 4.4022e+11   69    1 4.4080e+11 4.4014e+11  0.15%  13.0  685s
 59255 33667 4.4014e+11   26    1 4.4080e+11 4.4014e+11  0.15%  13.3  690s
 59367 33758 4.4014e+11   29    1 4.4080e+11 4.4014e+11  0.15%  13.3  717s
 59431 33801 4.4014e+11   30    1 4.4080e+11 4.4014e+11  0.15%  13.3  758s
 59463 33822 4.4015e+11   30    1 4.4080e+11 4.4014e+11  0.15%  13.3  800s
 59559 34111 4.4015e+11   32    1 4.4080e+11 4.4014e+11  0.15%  13.3  807s
 59816 34835 4.4015e+11   36    1 4.4080e+11 4.4014e+11  0.15%  13.2  823s
 60626 35396 4.4016e+11   50    1 4.4080e+11 4.4014e+11  0.15%  13.1  834s
 61457 35587 4.4016e+11   67    1 4.4080e+11 4.4014e+11  0.15%  13.1  842s
 62045 36014 4.4022e+11   78    1 4.4080e+11 4.4014e+11  0.15%  13.0  851s
 62836 36533 4.4030e+11  101    1 4.4080e+11 4.4014e+11  0.15%  12.9  861s
 63880 36508 4.4047e+11  132    1 4.4080e+11 4.4014e+11  0.15%  12.8  877s
 64653 36595 4.4048e+11  154    1 4.4080e+11 4.4014e+11  0.15%  12.7  887s
 65667 36668 4.4052e+11  184    2 4.4080e+11 4.4014e+11  0.15%  12.7  894s
 66683 37022 infeasible  217      4.4080e+11 4.4014e+11  0.15%  12.9  901s
 67709 37524 4.4022e+11   51    1 4.4080e+11 4.4014e+11  0.15%  13.1  907s
 68797 38060 4.4034e+11   85    1 4.4080e+11 4.4014e+11  0.15%  13.1  913s
 69885 38347 4.4061e+11  119    1 4.4080e+11 4.4014e+11  0.15%  13.3  918s
 70958 38694 4.4014e+11   36    1 4.4080e+11 4.4014e+11  0.15%  13.6  925s
 72032 39074 4.4024e+11   70    2 4.4080e+11 4.4014e+11  0.15%  13.7  931s
 73120 39473 4.4064e+11  104    1 4.4080e+11 4.4014e+11  0.15%  13.6  937s
 74208 40026 4.4014e+11   32    1 4.4080e+11 4.4014e+11  0.15%  13.5  942s
 75296 40532 4.4043e+11   66    2 4.4080e+11 4.4014e+11  0.15%  13.5  947s
 76384 40889 4.4061e+11  100    1 4.4080e+11 4.4014e+11  0.15%  13.3  953s
 77472 41298 4.4019e+11   81    1 4.4080e+11 4.4014e+11  0.15%  13.2  959s
 78560 41557 4.4027e+11   98    1 4.4080e+11 4.4014e+11  0.15%  13.1  966s
 79648 41815 4.4029e+11  115    1 4.4080e+11 4.4014e+11  0.15%  13.0  972s
 80736 42189 4.4031e+11  132    1 4.4080e+11 4.4014e+11  0.15%  13.0  977s
 81824 42520 4.4025e+11  154    1 4.4080e+11 4.4014e+11  0.15%  13.0  982s
 82912 42821 4.4057e+11  186    2 4.4080e+11 4.4014e+11  0.15%  13.0  986s
 84000 43043 4.4060e+11  219    1 4.4080e+11 4.4014e+11  0.15%  12.9  990s
 85088 43177 4.4016e+11   57    1 4.4080e+11 4.4014e+11  0.15%  12.8  995s
 87264 43592 4.4023e+11  125    1 4.4080e+11 4.4014e+11  0.15%  12.7 1003s
 88352 44027 4.4049e+11  159    1 4.4080e+11 4.4014e+11  0.15%  12.7 1010s
 89440 44335 4.4052e+11  193    1 4.4080e+11 4.4014e+11  0.15%  12.7 1015s
 90528 44622 4.4058e+11  227    1 4.4080e+11 4.4014e+11  0.15%  12.6 1021s
 91616 44761 4.4016e+11   38    1 4.4080e+11 4.4014e+11  0.15%  12.6 1027s
 92701 45103 4.4017e+11   72    1 4.4080e+11 4.4014e+11  0.15%  12.5 1033s
 93786 45635 4.4020e+11  106    1 4.4080e+11 4.4014e+11  0.15%  12.6 1038s
 94874 46093 4.4048e+11  140    1 4.4080e+11 4.4014e+11  0.15%  12.5 1043s
 95962 46396 4.4050e+11  174    1 4.4080e+11 4.4014e+11  0.15%  12.5 1047s
 97043 46767 4.4055e+11  208    1 4.4080e+11 4.4014e+11  0.15%  12.4 1053s
 98126 47110 4.4059e+11  242    2 4.4080e+11 4.4014e+11  0.15%  12.3 1059s
 99210 47471 4.4017e+11   54    2 4.4080e+11 4.4014e+11  0.15%  12.3 1064s
 100269 47634 4.4018e+11   88    1 4.4080e+11 4.4014e+11  0.15%  12.3 1070s
 101313 47792 4.4021e+11  122    1 4.4080e+11 4.4014e+11  0.15%  12.2 1076s
 102355 48205 4.4049e+11  156    1 4.4080e+11 4.4014e+11  0.15%  12.2 1081s
 103435 48702 4.4053e+11  190    1 4.4080e+11 4.4014e+11  0.15%  12.2 1087s
 104511 48364 4.4057e+11  224    1 4.4080e+11 4.4014e+11  0.15%  12.2 1129s
 104543 49014 4.4058e+11  225    2 4.4080e+11 4.4014e+11  0.15%  12.2 1136s
 105617 49415 4.4016e+11   39    1 4.4080e+11 4.4014e+11  0.15%  12.2 1141s
 106698 49864 4.4017e+11   73    1 4.4080e+11 4.4014e+11  0.15%  12.1 1146s
 107786 50269 4.4020e+11  107    1 4.4080e+11 4.4014e+11  0.15%  12.0 1151s
 108874 50266 4.4045e+11  133    1 4.4080e+11 4.4014e+11  0.15%  11.9 1155s
 111050 50580 4.4050e+11  201    1 4.4080e+11 4.4014e+11  0.15%  11.9 1165s
 112135 50928 4.4056e+11  235    1 4.4080e+11 4.4014e+11  0.15%  11.9 1171s
 113174 51337 4.4061e+11  265    1 4.4080e+11 4.4014e+11  0.15%  12.2 1179s
 114241 51823 4.4017e+11   59    1 4.4080e+11 4.4014e+11  0.15%  12.2 1185s
 115320 52303 4.4019e+11   93    1 4.4080e+11 4.4014e+11  0.15%  12.1 1191s
 116394 52540 4.4025e+11  127    3 4.4080e+11 4.4014e+11  0.15%  12.1 1198s
 117468 52837 4.4050e+11  161    1 4.4080e+11 4.4014e+11  0.15%  12.2 1205s
 119644 53102 4.4058e+11  229    3 4.4080e+11 4.4014e+11  0.15%  12.1 1214s
 120729 53480 4.4017e+11   43    1 4.4080e+11 4.4014e+11  0.15%  12.1 1218s
 121816 54040 4.4038e+11   77    1 4.4080e+11 4.4014e+11  0.15%  12.1 1224s
 122874 54015 4.4056e+11  111    1 4.4080e+11 4.4014e+11  0.15%  12.0 1238s
 123226 54718 4.4070e+11  122    1 4.4080e+11 4.4014e+11  0.15%  12.0 1244s
 124305 55188 4.4017e+11   34    1 4.4080e+11 4.4014e+11  0.15%  12.0 1249s
 125371 55607 4.4043e+11   68    1 4.4080e+11 4.4014e+11  0.15%  11.9 1255s
 126459 55908 4.4056e+11  102    1 4.4080e+11 4.4014e+11  0.15%  11.9 1261s
 127547 56512 4.4079e+11  136    1 4.4080e+11 4.4014e+11  0.15%  11.8 1267s
 128634 57035 4.4030e+11   60    1 4.4080e+11 4.4014e+11  0.15%  11.9 1272s
 129722 57478 4.4031e+11   94    1 4.4080e+11 4.4014e+11  0.15%  12.0 1276s
 130810 57830 4.4061e+11  128    1 4.4080e+11 4.4014e+11  0.15%  11.9 1281s
 131897 58154 4.4071e+11  162    1 4.4080e+11 4.4014e+11  0.15%  11.8 1286s
 132985 58459 4.4016e+11   52    1 4.4080e+11 4.4014e+11  0.15%  11.8 1290s
 134066 58737 4.4017e+11   86    1 4.4080e+11 4.4014e+11  0.15%  11.8 1296s
 135144 59100 4.4021e+11  120    2 4.4080e+11 4.4014e+11  0.15%  11.8 1301s
 136223 59315 4.4045e+11  146    1 4.4080e+11 4.4014e+11  0.15%  11.9 1307s
 137266 59572 4.4048e+11  180    1 4.4080e+11 4.4014e+11  0.15%  12.0 1312s
 138333 60101 4.4052e+11  214    2 4.4080e+11 4.4014e+11  0.15%  12.0 1316s
 139421 60502 4.4058e+11  248    2 4.4080e+11 4.4014e+11  0.15%  12.1 1321s
 140507 61084 4.4016e+11   47    1 4.4080e+11 4.4015e+11  0.15%  12.1 1325s
 142652 61845 4.4021e+11  115    1 4.4080e+11 4.4015e+11  0.15%  12.1 1334s
 143648 61532 4.4049e+11  149    1 4.4080e+11 4.4015e+11  0.15%  12.2 1352s
 143680 61991 4.4049e+11  150    1 4.4080e+11 4.4015e+11  0.15%  12.2 1356s
 144696 62300 4.4053e+11  184    2 4.4080e+11 4.4015e+11  0.15%  12.3 1360s
 146007 62577 4.4018e+11   75    1 4.4080e+11 4.4015e+11  0.15%  12.5 1365s
 146730 63159 4.4018e+11   38    1 4.4080e+11 4.4015e+11  0.15%  12.6 1372s
 147817 63789 4.4036e+11   72    1 4.4080e+11 4.4015e+11  0.15%  12.6 1377s
 148876 64373 4.4049e+11  106    1 4.4080e+11 4.4015e+11  0.15%  12.6 1382s
 149887 64711 4.4053e+11  137    1 4.4080e+11 4.4015e+11  0.15%  12.8 1387s
 150896 64957 4.4017e+11   55    1 4.4080e+11 4.4015e+11  0.15%  12.8 1392s
 151975 65617 4.4018e+11   89    1 4.4080e+11 4.4015e+11  0.15%  12.8 1397s
 153063 66294 4.4021e+11  123    1 4.4080e+11 4.4015e+11  0.15%  12.7 1401s
 154147 66863 4.4049e+11  157    2 4.4080e+11 4.4015e+11  0.15%  12.7 1405s
 155171 67153 4.4053e+11  191    2 4.4080e+11 4.4015e+11  0.15%  12.9 1410s
 157067 67989 4.4015e+11   39    1 4.4080e+11 4.4015e+11  0.15%  13.5 1419s
 158100 68193 4.4016e+11   73    1 4.4080e+11 4.4015e+11  0.15%  13.5 1423s
 159185 68846 4.4020e+11  107    1 4.4080e+11 4.4015e+11  0.15%  13.5 1427s
 160265 69537 4.4026e+11  141    1 4.4080e+11 4.4015e+11  0.15%  13.5 1431s
 161289 70352 4.4029e+11  166    3 4.4080e+11 4.4015e+11  0.15%  13.6 1436s
 162310 70856 4.4052e+11  186    1 4.4080e+11 4.4015e+11  0.15%  13.8 1440s
 164238 72217 4.4018e+11   67    1 4.4080e+11 4.4015e+11  0.15%  14.0 1449s
 165317 73185 4.4021e+11  101    2 4.4080e+11 4.4015e+11  0.15%  14.0 1453s
 166404 74054 4.4050e+11  135    1 4.4080e+11 4.4015e+11  0.15%  14.0 1457s
 167441 74595 4.4051e+11  169    1 4.4080e+11 4.4015e+11  0.15%  14.1 1461s
 168466 75197 4.4054e+11  203    1 4.4080e+11 4.4015e+11  0.15%  14.1 1466s
 169549 76166 4.4060e+11  237    1 4.4080e+11 4.4015e+11  0.15%  14.1 1470s
 171725 77071 4.4021e+11   96    1 4.4080e+11 4.4015e+11  0.15%  14.0 1525s
 171757 77588 4.4021e+11   97    2 4.4080e+11 4.4015e+11  0.15%  14.0 1530s
 172567 78194 4.4021e+11  102    1 4.4080e+11 4.4015e+11  0.15%  14.0 1536s
 173653 78873 4.4050e+11  136    1 4.4080e+11 4.4015e+11  0.15%  13.9 1542s
 174715 79593 4.4051e+11  170    1 4.4080e+11 4.4015e+11  0.15%  13.9 1548s
 175801 80478 4.4054e+11  204    1 4.4080e+11 4.4015e+11  0.15%  13.8 1556s
 176884 81130 4.4060e+11  238    1 4.4080e+11 4.4015e+11  0.15%  13.8 1562s
 177892 81696 infeasible  237      4.4080e+11 4.4015e+11  0.15%  13.8 1567s
 178956 82464 4.4018e+11   62    1 4.4080e+11 4.4015e+11  0.15%  13.8 1571s
 180029 83424 4.4022e+11   96    1 4.4080e+11 4.4015e+11  0.15%  13.8 1576s
 181113 84309 4.4028e+11  130    1 4.4080e+11 4.4015e+11  0.15%  13.7 1581s
 182189 85008 4.4051e+11  164    1 4.4080e+11 4.4015e+11  0.15%  13.7 1585s
 183229 85694 4.4054e+11  198    1 4.4080e+11 4.4015e+11  0.15%  13.7 1592s
 184257 86465 4.4060e+11  232    1 4.4080e+11 4.4015e+11  0.15%  13.7 1597s
 185330 87379 4.4020e+11   57    1 4.4080e+11 4.4015e+11  0.15%  13.7 1602s
 186411 88245 4.4039e+11   91    1 4.4080e+11 4.4015e+11  0.15%  13.7 1610s
 187422 88951 4.4054e+11  125    1 4.4080e+11 4.4015e+11  0.15%  13.8 1617s
 188425 89594 4.4065e+11  159    1 4.4080e+11 4.4015e+11  0.15%  13.8 1625s
 189431 90585 4.4016e+11   55    1 4.4080e+11 4.4015e+11  0.15%  13.9 1630s
 191607 92143 4.4025e+11  123    3 4.4080e+11 4.4015e+11  0.15%  13.8 1638s
 192677 92171 4.4048e+11  157    2 4.4080e+11 4.4015e+11  0.15%  13.9 1651s
 192709 92854 4.4048e+11  158    1 4.4080e+11 4.4015e+11  0.15%  13.9 1655s
 193638 93356 4.4052e+11  192    2 4.4080e+11 4.4015e+11  0.15%  14.1 1660s
 194559 93895 4.4058e+11  226    1 4.4080e+11 4.4015e+11  0.15%  14.3 1666s
 195634 94815 4.4017e+11   40    1 4.4080e+11 4.4015e+11  0.15%  14.3 1670s
 197806 96600 4.4022e+11  108    1 4.4080e+11 4.4015e+11  0.15%  14.2 1678s
 198893 97277 4.4050e+11  142    1 4.4080e+11 4.4015e+11  0.15%  14.2 1682s
 199934 97804 4.4051e+11  176    2 4.4080e+11 4.4015e+11  0.15%  14.2 1686s
 200882 98255 4.4057e+11  210    1 4.4080e+11 4.4015e+11  0.15%  14.4 1690s
 201858 98891 4.4015e+11   33    1 4.4080e+11 4.4015e+11  0.15%  14.6 1695s
 202888 99805 4.4019e+11   67    1 4.4080e+11 4.4015e+11  0.15%  14.6 1701s
 203962 100669 4.4022e+11  101    2 4.4080e+11 4.4015e+11  0.15%  14.6 1706s
 205008 101296 4.4050e+11  135    1 4.4080e+11 4.4015e+11  0.15%  14.6 1714s
 206018 101919 4.4051e+11  169    1 4.4080e+11 4.4015e+11  0.15%  14.6 1719s
 207042 102621 4.4054e+11  203    1 4.4080e+11 4.4015e+11  0.15%  14.7 1723s
 208116 103457 4.4060e+11  237    1 4.4080e+11 4.4015e+11  0.15%  14.7 1727s
 209194 104251 4.4018e+11   60    1 4.4080e+11 4.4015e+11  0.15%  14.7 1731s
 210239 104989 4.4022e+11   94    1 4.4080e+11 4.4015e+11  0.15%  14.7 1736s
 211261 105708 4.4027e+11  128    2 4.4080e+11 4.4015e+11  0.15%  14.8 1740s
 213349 107301 4.4054e+11  196    1 4.4080e+11 4.4015e+11  0.15%  14.8 1748s
 214330 107993 4.4060e+11  230    2 4.4080e+11 4.4015e+11  0.15%  15.0 1752s
 215311 108830 4.4016e+11   55    2 4.4080e+11 4.4015e+11  0.15%  15.1 1758s
 216379 109727 4.4020e+11   89    1 4.4080e+11 4.4015e+11  0.15%  15.1 1763s
 217403 110375 4.4023e+11  123    1 4.4080e+11 4.4015e+11  0.15%  15.2 1769s
 218403 110860 4.4029e+11  156    2 4.4080e+11 4.4015e+11  0.15%  15.3 1774s
 219453 111609 4.4046e+11  178    2 4.4080e+11 4.4015e+11  0.15%  15.3 1778s
 220517 112475 4.4080e+11  201    1 4.4080e+11 4.4015e+11  0.15%  15.3 1782s
 221571 113174 4.4018e+11   61    1 4.4080e+11 4.4015e+11  0.15%  15.3 1786s
 222659 114041 4.4022e+11   95    1 4.4080e+11 4.4015e+11  0.15%  15.2 1790s
 224019 114930 4.4040e+11   98    1 4.4080e+11 4.4015e+11  0.15%  15.2 1795s
 225894 116384 4.4054e+11  197    1 4.4080e+11 4.4015e+11  0.15%  15.2 1804s
 226955 117117 4.4060e+11  231    1 4.4080e+11 4.4015e+11  0.15%  15.2 1809s
 227952 117938 4.4016e+11   56    1 4.4080e+11 4.4015e+11  0.15%  15.3 1814s
 228952 118566 4.4020e+11   90    2 4.4080e+11 4.4015e+11  0.15%  15.4 1819s
 229939 119325 4.4024e+11  124    1 4.4080e+11 4.4015e+11  0.15%  15.4 1823s
 230983 120013 4.4029e+11  157    2 4.4080e+11 4.4015e+11  0.15%  15.4 1828s
 232026 120746 4.4046e+11  178    2 4.4080e+11 4.4015e+11  0.15%  15.4 1832s
 233086 121479 4.4080e+11  201    1 4.4080e+11 4.4015e+11  0.15%  15.4 1836s
 234154 122309 4.4022e+11   59    2 4.4080e+11 4.4015e+11  0.15%  15.4 1842s
 235210 122865 4.4040e+11   93    1 4.4080e+11 4.4015e+11  0.15%  15.4 1846s
 236258 123390 4.4078e+11  122    1 4.4080e+11 4.4015e+11  0.15%  15.4 1850s
 238380 125054 4.4021e+11  106    1 4.4080e+11 4.4015e+11  0.15%  15.4 1858s
 239455 125770 4.4048e+11  140    1 4.4080e+11 4.4015e+11  0.15%  15.4 1862s
 240502 126321 4.4049e+11  174    1 4.4080e+11 4.4015e+11  0.15%  15.4 1866s
 241519 126868 4.4055e+11  208    1 4.4080e+11 4.4015e+11  0.15%  15.5 1870s
 242842 127570 4.4074e+11  103    2 4.4080e+11 4.4015e+11  0.15%  15.5 1875s
 244699 129628 4.4029e+11   91    1 4.4080e+11 4.4015e+11  0.15%  15.4 1882s
 245771 130191 4.4047e+11  122    1 4.4080e+11 4.4015e+11  0.15%  15.4 1887s
 246764 130867 4.4018e+11   44    1 4.4080e+11 4.4015e+11  0.15%  15.5 1891s
 247757 131683 4.4035e+11   78    1 4.4080e+11 4.4015e+11  0.15%  15.6 1895s
 249794 132590 4.4075e+11  213    1 4.4080e+11 4.4015e+11  0.15%  15.6 1900s
 250921 133946 4.4018e+11   63    2 4.4080e+11 4.4015e+11  0.15%  15.6 1908s
 251991 134666 4.4021e+11   97    2 4.4080e+11 4.4015e+11  0.15%  15.5 1912s
