ERROR: SystemError: opening file "/lustre/eaglefs/projects/pvsoiling/RELOG/Manufacturing_40209_0.5/using": No such file or directory
Stacktrace:
  [1] systemerror(p::String, errno::Int32; extrainfo::Nothing)
    @ Base ./error.jl:174
  [2] #systemerror#68
    @ ./error.jl:173 [inlined]
  [3] systemerror
    @ ./error.jl:173 [inlined]
  [4] open(fname::String; lock::Bool, read::Nothing, write::Nothing, create::Nothing, truncate::Nothing, append::Nothing)
    @ Base ./iostream.jl:293
  [5] open
    @ ./iostream.jl:282 [inlined]
  [6] open(f::Base.var"#364#365"{String}, args::String; kwargs::Base.Pairs{Symbol, Union{}, Tuple{}, NamedTuple{(), Tuple{}}})
    @ Base ./io.jl:328
  [7] open
    @ ./io.jl:328 [inlined]
  [8] read
    @ ./io.jl:436 [inlined]
  [9] _include(mapexpr::Function, mod::Module, _path::String)
    @ Base ./loading.jl:1249
 [10] include(mod::Module, _path::String)
    @ Base ./Base.jl:418
 [11] exec_options(opts::Base.JLOptions)
    @ Base ./client.jl:292
 [12] _start()
    @ Base ./client.jl:495
/var/spool/slurmd/job11880160/slurm_script: line 18: syntax error near unexpected token `('
/var/spool/slurmd/job11880160/slurm_script: line 18: `julia Pkg.update()'
