Set parameter TokenServer to value "license-1.hpc.nrel.gov"
Set parameter TimeLimit to value 3600
Set parameter MIPGap to value 0.001
Set parameter MIPGap to value 0.001
Set parameter TimeLimit to value 3600
Gurobi Optimizer version 9.5.1 build v9.5.1rc2 (linux64)
Thread count: 36 physical cores, 36 logical processors, using up to 32 threads
Optimize a model with 332260 rows, 1381848 columns and 2818080 nonzeros
Model fingerprint: 0x3d5c46d8
Variable types: 1365780 continuous, 16068 integer (16068 binary)
Coefficient statistics:
  Matrix range     [3e-06, 4e+03]
  Objective range  [2e-01, 2e+07]
  Bounds range     [4e+03, 1e+08]
  RHS range        [1e-03, 2e+05]
Presolve removed 313017 rows and 289533 columns
Presolve time: 3.71s
Presolved: 19243 rows, 1092315 columns, 2192046 nonzeros
Variable types: 1092006 continuous, 309 integer (309 binary)

Deterministic concurrent LP optimizer: primal and dual simplex
Showing first log only...


Root simplex log...

Iteration    Objective       Primal Inf.    Dual Inf.      Time
       0    3.7486183e+09   9.379720e+05   8.404950e+11      8s
  141336    5.1914500e+09   0.000000e+00   1.759244e+08     10s
  213485    5.1599132e+09   0.000000e+00   0.000000e+00     12s
Concurrent spin time: 0.48s

Solved with primal simplex

Root relaxation: objective 5.159913e+09, 213485 iterations, 7.39 seconds (6.44 work units)

    Nodes    |    Current Node    |     Objective Bounds      |     Work
 Expl Unexpl |  Obj  Depth IntInf | Incumbent    BestBd   Gap | It/Node Time

     0     0 5.1599e+09    0    5          - 5.1599e+09      -     -   13s
H    0     0                    5.222161e+09 5.1599e+09  1.19%     -   14s
     0     0 5.1599e+09    0    6 5.2222e+09 5.1599e+09  1.19%     -   18s
     0     0 5.1599e+09    0    6 5.2222e+09 5.1599e+09  1.19%     -   22s
     0     0 5.1599e+09    0    4 5.2222e+09 5.1599e+09  1.19%     -   24s
H    0     0                    5.205401e+09 5.1599e+09  0.87%     -   26s
     0     0 5.1599e+09    0    4 5.2054e+09 5.1599e+09  0.87%     -   27s
     0     0 5.1599e+09    0    4 5.2054e+09 5.1599e+09  0.87%     -   27s
     0     0 5.1599e+09    0    3 5.2054e+09 5.1599e+09  0.87%     -   29s
H    0     0                    5.188507e+09 5.1599e+09  0.55%     -   31s
     0     0 5.1599e+09    0    3 5.1885e+09 5.1599e+09  0.55%     -   31s
     0     0 5.1599e+09    0    3 5.1885e+09 5.1599e+09  0.55%     -   33s
     0     0 5.1599e+09    0    3 5.1885e+09 5.1599e+09  0.55%     -   34s
     0     0 5.1599e+09    0    3 5.1885e+09 5.1599e+09  0.55%     -   35s
     0     0 5.1599e+09    0    3 5.1885e+09 5.1599e+09  0.55%     -   37s
     0     0 5.1599e+09    0    3 5.1885e+09 5.1599e+09  0.55%     -   38s
     0     0 5.1599e+09    0    2 5.1885e+09 5.1599e+09  0.55%     -   39s
     0     0 5.1599e+09    0    2 5.1885e+09 5.1599e+09  0.55%     -   40s
     0     0 5.1599e+09    0    2 5.1885e+09 5.1599e+09  0.55%     -   44s
     0     2 5.1599e+09    0    2 5.1885e+09 5.1599e+09  0.55%     -   47s
H    1     4                    5.171990e+09 5.1599e+09  0.23%   0.0   49s
     3     8 5.1599e+09    2    2 5.1720e+09 5.1599e+09  0.23%  99.0   51s
H   10    16                    5.171813e+09 5.1600e+09  0.23%   130   53s
    15    32 5.1600e+09    4    2 5.1718e+09 5.1600e+09  0.23%   115   55s
H   28    32                    5.171758e+09 5.1600e+09  0.23%   147   55s
H   45    64                    5.171697e+09 5.1600e+09  0.23%   136   59s
H   52    64                    5.171662e+09 5.1600e+09  0.23%   166   59s
H   57    64                    5.171655e+09 5.1600e+09  0.23%   170   59s
H   58    64                    5.171645e+09 5.1600e+09  0.23%   173   59s
    59    64 5.1600e+09    5    2 5.1716e+09 5.1600e+09  0.23%   178   60s
H   62    64                    5.171622e+09 5.1600e+09  0.23%   176   60s
    95   128 5.1600e+09    7    1 5.1716e+09 5.1600e+09  0.23%   157  113s
   127   160 5.1600e+09    8    1 5.1716e+09 5.1600e+09  0.23%   146  116s
   191   224 5.1600e+09    9    1 5.1716e+09 5.1600e+09  0.23%   130  121s
   223   328 5.1600e+09   10    1 5.1716e+09 5.1600e+09  0.23%   126  126s
   327   607 5.1600e+09   12    1 5.1716e+09 5.1600e+09  0.23%   118  138s
   606  1178 5.1601e+09   21    3 5.1716e+09 5.1600e+09  0.23%   105  162s
  1177  1210 5.1604e+09   43    1 5.1716e+09 5.1600e+09  0.23%  87.0  249s
  1209  1242 5.1604e+09   44    1 5.1716e+09 5.1600e+09  0.23%  86.8  330s
  1241  2100 5.1604e+09   45    1 5.1716e+09 5.1600e+09  0.23%  87.3  369s
  2099  2921 5.1607e+09   74    1 5.1716e+09 5.1600e+09  0.23%  82.6  401s
  2968  3707 5.1609e+09  103    1 5.1716e+09 5.1600e+09  0.23%  79.7  435s
  3843  3872 5.1614e+09  132    1 5.1716e+09 5.1600e+09  0.23%  74.0  518s
  4038  4579 5.1665e+09  137    1 5.1716e+09 5.1600e+09  0.23%  73.5  546s
  4907  5077 5.1654e+09  162    1 5.1716e+09 5.1600e+09  0.23%  81.3  602s
  5459  5849 5.1659e+09  178    2 5.1716e+09 5.1600e+09  0.23%  87.7  632s
  6321  6447     cutoff  202      5.1716e+09 5.1600e+09  0.23%  91.2  659s
  7155  7101 5.1667e+09  221    2 5.1716e+09 5.1600e+09  0.23%   100  688s
  7989  7740 5.1671e+09  243    1 5.1716e+09 5.1600e+09  0.23%   106  712s
  8917  8362     cutoff  265      5.1716e+09 5.1600e+09  0.23%   112  734s
  9845  9090 5.1704e+09  286    1 5.1716e+09 5.1600e+09  0.23%   116  755s
 10771  9930 5.1601e+09   28    1 5.1716e+09 5.1600e+09  0.23%   116  777s
 11678  9931 5.1654e+09  156    2 5.1716e+09 5.1600e+09  0.23%   115  844s
 11680  9932 5.1617e+09   61    5 5.1716e+09 5.1600e+09  0.23%   115  895s
 11681  9933 5.1612e+09   52    6 5.1716e+09 5.1600e+09  0.23%   115  933s
 11684  9935 5.1601e+09   17    2 5.1716e+09 5.1600e+09  0.23%   115  973s
 11685  9936 5.1643e+09  160    2 5.1716e+09 5.1600e+09  0.22%   115 1027s
 11686  9936 5.1663e+09  194    2 5.1716e+09 5.1600e+09  0.22%   115 1076s
 11687  9937 5.1600e+09   14    2 5.1716e+09 5.1600e+09  0.22%   115 1124s
 11688  9938 5.1655e+09  165    2 5.1716e+09 5.1600e+09  0.22%   115 1177s
 11689  9938 5.1601e+09   26    2 5.1716e+09 5.1600e+09  0.22%   115 1288s
 11690  9939 5.1673e+09  258    2 5.1716e+09 5.1600e+09  0.22%   115 1341s
 11691  9940 5.1647e+09  130    2 5.1716e+09 5.1600e+09  0.22%   115 1398s
 11692  9940 5.1649e+09  139    2 5.1716e+09 5.1600e+09  0.22%   115 1510s
 11693  9941 5.1638e+09   65    2 5.1716e+09 5.1600e+09  0.22%   115 1539s
 11694  9942 5.1672e+09  257    2 5.1716e+09 5.1600e+09  0.22%   115 1548s
 11695  9945 5.1600e+09   10    3 5.1716e+09 5.1600e+09  0.22%   134 1554s
 11697  9949 5.1600e+09   11    2 5.1716e+09 5.1600e+09  0.22%   134 1557s
 11709  9969 5.1600e+09   13    1 5.1716e+09 5.1600e+09  0.22%   134 1563s
 11725  9995 5.1600e+09   14    2 5.1716e+09 5.1600e+09  0.22%   134 1569s
 11757 10017 5.1600e+09   15    1 5.1716e+09 5.1600e+09  0.22%   134 1574s
 11789 10038 5.1600e+09   15    1 5.1716e+09 5.1600e+09  0.22%   134 1625s
 11853 10081 5.1600e+09   16    1 5.1716e+09 5.1600e+09  0.22%   134 1632s
 11885 10116 5.1600e+09   17    1 5.1716e+09 5.1600e+09  0.22%   134 1636s
 11931 10133 5.1600e+09   18    1 5.1716e+09 5.1600e+09  0.22%   134 1845s
 11963 10277 5.1600e+09   18    1 5.1716e+09 5.1600e+09  0.22%   134 1858s
 12118 10673 5.1600e+09   21    1 5.1716e+09 5.1600e+09  0.22%   134 2049s
 12566 11424 5.1603e+09   29    1 5.1716e+09 5.1600e+09  0.22%   134 2111s
 13466 11656 5.1607e+09   44    1 5.1716e+09 5.1600e+09  0.22%   133 2196s
 13998 11511 5.1602e+09   45    1 5.1716e+09 5.1600e+09  0.22%   131 2721s
 14030 12362 5.1607e+09   45    1 5.1716e+09 5.1600e+09  0.22%   131 2771s
 14921 12948 5.1616e+09   60    3 5.1716e+09 5.1600e+09  0.22%   128 2815s
 15866 13459 5.1622e+09   75    2 5.1716e+09 5.1600e+09  0.22%   127 2848s
 16791 14021 5.1628e+09   90    2 5.1716e+09 5.1600e+09  0.22%   125 2877s
 17704 14605 5.1630e+09  105    2 5.1716e+09 5.1600e+09  0.22%   125 2904s
 18605 15179 5.1633e+09  120    2 5.1716e+09 5.1600e+09  0.22%   126 2934s
 19503 15619 5.1647e+09  135    1 5.1716e+09 5.1600e+09  0.22%   128 2961s
 20453 15964 5.1666e+09  150    1 5.1716e+09 5.1600e+09  0.22%   132 2987s
 21402 16340 5.1668e+09  165    1 5.1716e+09 5.1600e+09  0.22%   134 3009s
 22362 16767 5.1676e+09  180    1 5.1716e+09 5.1600e+09  0.22%   133 3032s
 23313 17178 5.1682e+09  195    1 5.1716e+09 5.1600e+09  0.22%   132 3056s
 24233 17564 5.1685e+09  210    1 5.1716e+09 5.1600e+09  0.22%   132 3082s
 25117 17988 5.1688e+09  225    1 5.1716e+09 5.1600e+09  0.22%   133 3109s
 25998 18394 5.1694e+09  240    1 5.1716e+09 5.1600e+09  0.22%   135 3133s
 26887 18791 5.1696e+09  255    1 5.1716e+09 5.1600e+09  0.22%   136 3155s
 27792 19113 5.1700e+09  270    1 5.1716e+09 5.1600e+09  0.22%   137 3178s
 28671 19520 5.1709e+09  285    1 5.1716e+09 5.1600e+09  0.22%   138 3201s
 29588 19973     cutoff  300      5.1716e+09 5.1600e+09  0.22%   139 3234s
 30548 20328 5.1602e+09   44    1 5.1716e+09 5.1600e+09  0.22%   139 3252s
 31416 20622 5.1606e+09   74    2 5.1716e+09 5.1600e+09  0.22%   137 3268s
 32243 20928 5.1609e+09  104    3 5.1716e+09 5.1600e+09  0.22%   136 3283s
 33025 21309 5.1614e+09  134    1 5.1716e+09 5.1600e+09  0.22%   134 3298s
 33763 21701 5.1652e+09  164    1 5.1716e+09 5.1600e+09  0.22%   134 3314s
 34495 22141 5.1660e+09  194    1 5.1716e+09 5.1600e+09  0.22%   134 3329s
 34743 22059 5.1620e+09  108    2 5.1716e+09 5.1600e+09  0.22%   134 3330s
 35271 22497 5.1666e+09  224    1 5.1716e+09 5.1600e+09  0.22%   134 3346s
 36019 22875 5.1671e+09  250    2 5.1716e+09 5.1600e+09  0.22%   134 3362s
 36790 23104 5.1674e+09  272    3 5.1716e+09 5.1600e+09  0.22%   134 3379s
 37466 23355 5.1697e+09  291    1 5.1716e+09 5.1600e+09  0.22%   135 3395s
 38183 23769 5.1601e+09   26    3 5.1716e+09 5.1600e+09  0.22%   136 3411s
 38905 24207 5.1606e+09   44    1 5.1716e+09 5.1600e+09  0.22%   136 3427s
 39668 23981 5.1611e+09   61    2 5.1716e+09 5.1600e+09  0.22%   135 3506s
 39700 24664 5.1611e+09   62    1 5.1716e+09 5.1600e+09  0.22%   135 3521s
 40520 25026 5.1614e+09   84    2 5.1716e+09 5.1600e+09  0.22%   134 3537s
 41250 25440 5.1617e+09   99    2 5.1716e+09 5.1600e+09  0.22%   134 3555s
 41968 26002 5.1621e+09  115    2 5.1716e+09 5.1600e+09  0.22%   134 3572s
 42660 26644 5.1623e+09  130    2 5.1716e+09 5.1600e+09  0.22%   134 3590s
 43350 27024 5.1625e+09  146    3 5.1716e+09 5.1600e+09  0.22%   135 3600s

Cutting planes:
  Implied bound: 206
  MIR: 104
  Flow cover: 65
  Flow path: 57

Explored 43774 nodes (6109450 simplex iterations) in 3600.72 seconds (2603.45 work units)
Thread count was 32 (of 36 available processors)

Solution count 9: 5.17162e+09 5.17165e+09 5.17165e+09 ... 5.22216e+09

Time limit reached
Best objective 5.171621748721e+09, best bound 5.160034848262e+09, gap 0.2240%

User-callback calls 1083481, time in user-callback 0.34 sec
Set parameter TokenServer to value "license-1.hpc.nrel.gov"
Set parameter TimeLimit to value 3600
Set parameter MIPGap to value 0.001
Set parameter MIPGap to value 0.001
Set parameter TimeLimit to value 3600
Gurobi Optimizer version 9.5.1 build v9.5.1rc2 (linux64)
Thread count: 36 physical cores, 36 logical processors, using up to 32 threads
Optimize a model with 332260 rows, 1381848 columns and 2818080 nonzeros
Model fingerprint: 0xf16e1a56
Coefficient statistics:
  Matrix range     [3e-06, 4e+03]
  Objective range  [2e-01, 2e+07]
  Bounds range     [1e+00, 1e+08]
  RHS range        [1e-03, 2e+05]

Concurrent LP optimizer: primal simplex, dual simplex, and barrier
Showing barrier log only...

Presolve removed 324590 rows and 812713 columns
Presolve time: 1.75s
Presolved: 7670 rows, 569135 columns, 1134084 nonzeros

Ordering time: 0.04s

Barrier statistics:
 AA' NZ     : 5.649e+05
 Factor NZ  : 1.718e+06 (roughly 250 MB of memory)
 Factor Ops : 4.479e+08 (less than 1 second per iteration)
 Threads    : 30

                  Objective                Residual
Iter       Primal          Dual         Primal    Dual     Compl     Time
   0   3.65783059e+13 -1.51616315e+12  1.12e+08 1.68e+02  2.67e+08     2s
   1   9.54021585e+12 -4.66633880e+11  2.93e+07 5.12e-13  7.04e+07     2s
   2   2.12986574e+12 -2.04913493e+10  6.53e+06 5.23e-12  1.57e+07     2s
   3   8.21050418e+09 -3.34093882e+09  7.97e+03 9.66e-12  3.47e+04     2s
   4   5.86405242e+09  2.88554218e+09  8.87e+02 2.16e-12  6.61e+03     2s
   5   5.56789745e+09  4.17795678e+09  1.93e+02 9.09e-13  2.68e+03     2s
   6   5.42138408e+09  4.50442068e+09  4.49e+01 6.82e-13  1.65e+03     3s
   7   5.38738610e+09  4.67402276e+09  3.17e+01 5.12e-13  1.27e+03     3s
   8   5.29715845e+09  4.81340909e+09  6.10e+00 3.41e-13  8.45e+02     3s
   9   5.27116232e+09  4.95765765e+09  3.89e+00 5.12e-13  5.49e+02     3s
  10   5.22428083e+09  5.04685478e+09  6.66e-01 7.96e-13  3.08e+02     3s
  11   5.20649972e+09  5.10573735e+09  3.25e-01 2.00e-12  1.75e+02     3s

Barrier performed 11 iterations in 2.93 seconds (2.02 work units)
Barrier solve interrupted - model solved by another algorithm


Solved with primal simplex
Solved in 62014 iterations and 2.94 seconds (2.00 work units)
Optimal objective  5.171621749e+09

User-callback calls 309, time in user-callback 0.00 sec
[ Info:  started timer at: 2023-03-24T13:05:16.841
[ Info: Reading /projects/pvsoiling/RELOG/Recycling_cap_NAICS_05/input/solver/case.json...
[ Info:          134 collection centers
[ Info:          309 candidate plant locations
[ Info: Building graph...
[ Info:               26 time periods
[ Info:              309 process nodes
[ Info:             4944 shipping nodes (plant)
[ Info:              134 shipping nodes (collection)
[ Info:            46350 arcs
[ Info: Building optimization model...
[ Info: Optimizing MILP...
[ Info: Re-optimizing with integer variables fixed...
[ Info: Extracting solution...
[ Info:       3652.308262799s: 1 hour, 52 seconds, 308 milliseconds
