Set parameter TokenServer to value "license-1.hpc.nrel.gov"
Set parameter TimeLimit to value 3600
Set parameter MIPGap to value 0.001
Set parameter MIPGap to value 0.001
Set parameter TimeLimit to value 3600
Gurobi Optimizer version 9.5.1 build v9.5.1rc2 (linux64)
Thread count: 36 physical cores, 36 logical processors, using up to 32 threads
Optimize a model with 337848 rows, 1385332 columns and 2838644 nonzeros
Model fingerprint: 0xa787bcb5
Variable types: 1369264 continuous, 16068 integer (16068 binary)
Coefficient statistics:
  Matrix range     [3e-06, 1e+06]
  Objective range  [2e-01, 2e+07]
  Bounds range     [4e+04, 1e+08]
  RHS range        [1e-03, 2e+05]
Presolve removed 310262 rows and 289309 columns
Presolve time: 4.98s
Presolved: 27586 rows, 1096023 columns, 2222637 nonzeros
Variable types: 1092006 continuous, 4017 integer (4017 binary)

Deterministic concurrent LP optimizer: primal simplex, dual simplex, and barrier
Showing barrier log only...

Root barrier log...

Ordering time: 0.61s
Ordering time: 1.24s

Barrier statistics:
 AA' NZ     : 1.299e+06
 Factor NZ  : 1.984e+07 (roughly 600 MB of memory)
 Factor Ops : 4.606e+10 (less than 1 second per iteration)
 Threads    : 29

                  Objective                Residual
Iter       Primal          Dual         Primal    Dual     Compl     Time
   0   1.79757152e+13 -2.85067899e+13  5.61e+06 2.91e+04  5.69e+08    14s
   1   6.98065201e+12 -9.89722466e+12  2.16e+06 2.07e-10  2.16e+08    14s
   2   1.20013134e+12 -2.90326901e+12  3.68e+05 1.81e-07  3.73e+07    15s
   3   1.43799447e+11 -6.64004934e+11  4.18e+04 2.66e-08  4.39e+06    15s
   4   1.93741929e+10 -9.69601892e+10  3.30e+03 7.45e-09  3.61e+05    15s
   5   8.96072125e+09 -6.92985515e+10  9.66e+01 4.64e-09  4.43e+04    15s
   6   8.43934820e+09 -3.47447908e+10  1.94e+01 2.47e-09  2.11e+04    15s
   7   7.48822221e+09 -2.01585994e+10  3.55e+00 1.56e-09  1.28e+04    16s
   8   6.22866793e+09 -1.12241690e+10  2.21e+00 9.77e-10  8.04e+03    16s
   9   4.71139630e+09  5.53735012e+06  8.93e-01 1.91e-10  2.16e+03    16s
  10   4.15579399e+09  1.00349492e+09  5.64e-01 1.36e-10  1.44e+03    16s
  11   3.92621284e+09  1.35073087e+09  7.85e-01 1.13e-10  1.18e+03    17s
  12   3.77991747e+09  1.81388340e+09  8.39e-01 8.19e-11  8.97e+02    17s
  13   3.61456297e+09  1.95712653e+09  1.49e+00 7.24e-11  7.55e+02    17s
  14   3.18208151e+09  2.09321491e+09  2.03e+00 7.52e-11  4.95e+02    17s
  15   3.04973046e+09  2.29184205e+09  2.44e+00 7.26e-11  3.44e+02    17s
  16   2.88249165e+09  2.38862071e+09  2.10e+00 7.93e-11  2.24e+02    18s
  17   2.80754347e+09  2.45969171e+09  2.76e+00 9.99e-11  1.58e+02    18s
  18   2.75316706e+09  2.49203908e+09  4.20e+00 7.29e-11  1.18e+02    18s
  19   2.71215974e+09  2.51650930e+09  3.50e+00 7.33e-11  8.87e+01    19s
  20   2.67614232e+09  2.53129999e+09  2.00e+00 1.02e-10  6.57e+01    19s
  21   2.64117257e+09  2.54129239e+09  1.17e+00 1.02e-10  4.53e+01    19s
  22   2.62036371e+09  2.55315551e+09  1.16e+00 1.40e-10  3.05e+01    20s
  23   2.60550036e+09  2.56005968e+09  7.00e-01 1.32e-10  2.06e+01    20s
  24   2.59529299e+09  2.56448830e+09  3.97e-01 1.38e-10  1.40e+01    21s
  25   2.58776365e+09  2.57047432e+09  1.92e-01 1.06e-10  7.83e+00    21s
  26   2.58523018e+09  2.57284882e+09  1.29e-01 7.68e-11  5.61e+00    22s
  27   2.58340704e+09  2.57397627e+09  8.40e-02 6.58e-11  4.27e+00    22s
  28   2.58284765e+09  2.57515084e+09  7.07e-02 6.64e-11  3.49e+00    23s
  29   2.58247130e+09  2.57567238e+09  6.17e-02 6.64e-11  3.08e+00    23s
  30   2.58158780e+09  2.57653724e+09  4.14e-02 5.19e-11  2.29e+00    23s
  31   2.58103500e+09  2.57723189e+09  2.94e-02 5.82e-11  1.72e+00    23s
  32   2.58096768e+09  2.57769109e+09  2.80e-02 5.82e-11  1.48e+00    24s
  33   2.58086091e+09  2.57795753e+09  2.59e-02 5.82e-11  1.32e+00    24s
  34   2.58052589e+09  2.57836369e+09  1.92e-02 2.91e-11  9.79e-01    24s
  35   2.58041940e+09  2.57847562e+09  1.73e-02 2.91e-11  8.81e-01    24s
  36   2.58019957e+09  2.57877754e+09  1.32e-02 2.91e-11  6.44e-01    24s
  37   2.58005607e+09  2.57886933e+09  1.06e-02 2.91e-11  5.38e-01    25s
  38   2.57992337e+09  2.57897567e+09  8.30e-03 2.91e-11  4.29e-01    25s
  39   2.57973367e+09  2.57906082e+09  5.06e-03 5.82e-11  3.05e-01    25s
  40   2.57957510e+09  2.57916037e+09  2.47e-03 2.91e-11  1.88e-01    25s
  41   2.57950590e+09  2.57927121e+09  1.35e-03 5.82e-11  1.06e-01    26s
  42   2.57947308e+09  2.57933595e+09  8.40e-04 5.82e-11  6.21e-02    26s
  43   2.57944526e+09  2.57936020e+09  4.39e-04 4.37e-11  3.85e-02    26s
  44   2.57943534e+09  2.57937129e+09  2.99e-04 2.91e-11  2.90e-02    26s
  45   2.57942783e+09  2.57938710e+09  1.90e-04 2.91e-11  1.85e-02    27s
  46   2.57942260e+09  2.57939980e+09  1.19e-04 5.82e-11  1.03e-02    27s
  47   2.57942095e+09  2.57940196e+09  9.76e-05 5.82e-11  8.60e-03    27s
  48   2.57941802e+09  2.57940474e+09  5.78e-05 2.91e-11  6.02e-03    27s
  49   2.57941659e+09  2.57940807e+09  3.97e-05 5.82e-11  3.86e-03    27s
  50   2.57941488e+09  2.57940974e+09  1.82e-05 5.82e-11  2.33e-03    28s
  51   2.57941441e+09  2.57941024e+09  1.24e-05 5.82e-11  1.89e-03    28s
  52   2.57941389e+09  2.57941185e+09  5.94e-06 2.91e-11  9.23e-04    28s
  53   2.57941372e+09  2.57941256e+09  3.89e-06 2.91e-11  5.23e-04    28s
  54   2.57941351e+09  2.57941315e+09  1.47e-06 4.37e-11  1.64e-04    29s
  55   2.57941343e+09  2.57941326e+09  4.97e-07 2.91e-11  7.61e-05    29s
  56   2.57941340e+09  2.57941337e+09  8.77e-08 2.91e-11  1.26e-05    29s
  57   2.57941340e+09  2.57941339e+09  2.87e-08 5.82e-11  1.62e-06    29s
  58   2.57941339e+09  2.57941339e+09  1.93e-07 2.91e-11  1.25e-07    29s
  59   2.57941339e+09  2.57941339e+09  7.20e-07 4.37e-11  7.86e-10    30s

Barrier solved model in 59 iterations and 29.63 seconds (29.26 work units)
Optimal objective 2.57941339e+09


Root crossover log...

   26109 DPushes remaining with DInf 1.2664707e-03                30s
      95 DPushes remaining with DInf 0.0000000e+00                30s
       0 DPushes remaining with DInf 0.0000000e+00                30s

     275 PPushes remaining with PInf 0.0000000e+00                30s
       0 PPushes remaining with PInf 0.0000000e+00                30s

  Push phase complete: Pinf 0.0000000e+00, Dinf 1.1044444e-09     30s


Root simplex log...

Iteration    Objective       Primal Inf.    Dual Inf.      Time
   17141    2.5794134e+09   0.000000e+00   0.000000e+00     30s
   17141    2.5794134e+09   0.000000e+00   0.000000e+00     30s
Concurrent spin time: 5.27s (can be avoided by choosing Method=3)

Solved with barrier

Root relaxation: objective 2.579413e+09, 17141 iterations, 28.66 seconds (21.60 work units)

    Nodes    |    Current Node    |     Objective Bounds      |     Work
 Expl Unexpl |  Obj  Depth IntInf | Incumbent    BestBd   Gap | It/Node Time

     0     0 2.5794e+09    0   96          - 2.5794e+09      -     -   37s
H    0     0                    2.698796e+09 2.5794e+09  4.42%     -   38s
H    0     0                    2.655797e+09 2.5794e+09  2.88%     -   39s
H    0     0                    2.638205e+09 2.5794e+09  2.23%     -   41s
     0     0 2.5814e+09    0  124 2.6382e+09 2.5814e+09  2.15%     -   50s
H    0     0                    2.630444e+09 2.5814e+09  1.86%     -   55s
     0     0 2.5815e+09    0  126 2.6304e+09 2.5815e+09  1.86%     -   56s
     0     0 2.5815e+09    0  125 2.6304e+09 2.5815e+09  1.86%     -   57s
     0     0 2.5815e+09    0  124 2.6304e+09 2.5815e+09  1.86%     -   58s
     0     0 2.5815e+09    0  124 2.6304e+09 2.5815e+09  1.86%     -   59s
     0     0 2.5827e+09    0  116 2.6304e+09 2.5827e+09  1.81%     -   73s
H    0     0                    2.622465e+09 2.5827e+09  1.51%     -   78s
     0     0 2.5829e+09    0  110 2.6225e+09 2.5829e+09  1.51%     -   82s
     0     0 2.5829e+09    0  105 2.6225e+09 2.5829e+09  1.51%     -   86s
     0     0 2.5829e+09    0  105 2.6225e+09 2.5829e+09  1.51%     -   87s
     0     0 2.5829e+09    0  105 2.6225e+09 2.5829e+09  1.51%     -   88s
     0     0 2.5829e+09    0  105 2.6225e+09 2.5829e+09  1.51%     -   89s
     0     0 2.5838e+09    0  121 2.6225e+09 2.5838e+09  1.48%     -  105s
H    0     0                    2.615765e+09 2.5838e+09  1.22%     -  110s
     0     0 2.5838e+09    0  116 2.6158e+09 2.5838e+09  1.22%     -  113s
     0     0 2.5839e+09    0  111 2.6158e+09 2.5839e+09  1.22%     -  116s
     0     0 2.5839e+09    0  112 2.6158e+09 2.5839e+09  1.22%     -  117s
     0     0 2.5839e+09    0  112 2.6158e+09 2.5839e+09  1.22%     -  119s
     0     0 2.5839e+09    0  111 2.6158e+09 2.5839e+09  1.22%     -  120s
     0     0 2.5844e+09    0  134 2.6158e+09 2.5844e+09  1.20%     -  173s
H    0     0                    2.600434e+09 2.5844e+09  0.62%     -  178s
     0     0 2.5846e+09    0  124 2.6004e+09 2.5846e+09  0.61%     -  189s
     0     0 2.5847e+09    0  133 2.6004e+09 2.5847e+09  0.61%     -  197s
     0     0 2.5847e+09    0  126 2.6004e+09 2.5847e+09  0.61%     -  203s
     0     0 2.5847e+09    0  129 2.6004e+09 2.5847e+09  0.61%     -  207s
     0     0 2.5847e+09    0  130 2.6004e+09 2.5847e+09  0.61%     -  209s
     0     0 2.5847e+09    0  129 2.6004e+09 2.5847e+09  0.61%     -  212s
     0     0 2.5847e+09    0  129 2.6004e+09 2.5847e+09  0.61%     -  214s
     0     0 2.5849e+09    0  123 2.6004e+09 2.5849e+09  0.60%     -  283s
H    0     0                    2.599465e+09 2.5849e+09  0.56%     -  288s
     0     0 2.5850e+09    0  151 2.5995e+09 2.5850e+09  0.56%     -  317s
     0     0 2.5850e+09    0  166 2.5995e+09 2.5850e+09  0.56%     -  338s
     0     0 2.5850e+09    0  168 2.5995e+09 2.5850e+09  0.56%     -  350s
     0     0 2.5850e+09    0  165 2.5995e+09 2.5850e+09  0.56%     -  357s
     0     0 2.5850e+09    0  167 2.5995e+09 2.5850e+09  0.56%     -  365s
     0     0 2.5850e+09    0  167 2.5995e+09 2.5850e+09  0.56%     -  369s
     0     0 2.5852e+09    0  153 2.5995e+09 2.5852e+09  0.55%     -  433s
H    0     0                    2.596116e+09 2.5852e+09  0.42%     -  438s
     0     0 2.5852e+09    0  142 2.5961e+09 2.5852e+09  0.42%     -  458s
     0     0 2.5852e+09    0  142 2.5961e+09 2.5852e+09  0.42%     -  477s
     0     0 2.5853e+09    0  159 2.5961e+09 2.5853e+09  0.42%     -  491s
     0     0 2.5853e+09    0  155 2.5961e+09 2.5853e+09  0.42%     -  497s
     0     0 2.5853e+09    0  157 2.5961e+09 2.5853e+09  0.42%     -  502s
     0     0 2.5853e+09    0  154 2.5961e+09 2.5853e+09  0.42%     -  507s
     0     0 2.5853e+09    0  148 2.5961e+09 2.5853e+09  0.42%     -  509s
     0     0 2.5853e+09    0  148 2.5961e+09 2.5853e+09  0.42%     -  512s
     0     0 2.5854e+09    0  209 2.5961e+09 2.5854e+09  0.41%     -  594s
     0     0 2.5855e+09    0  205 2.5961e+09 2.5855e+09  0.41%     -  630s
     0     0 2.5855e+09    0  209 2.5961e+09 2.5855e+09  0.41%     -  645s
     0     0 2.5855e+09    0  215 2.5961e+09 2.5855e+09  0.41%     -  658s
     0     0 2.5855e+09    0  216 2.5961e+09 2.5855e+09  0.41%     -  668s
     0     0 2.5856e+09    0  225 2.5961e+09 2.5856e+09  0.41%     -  822s
H    0     0                    2.596049e+09 2.5856e+09  0.40%     -  827s
H    0     0                    2.593980e+09 2.5856e+09  0.32%     -  830s
     0     0 2.5856e+09    0  230 2.5940e+09 2.5856e+09  0.32%     -  861s
     0     0 2.5856e+09    0  223 2.5940e+09 2.5856e+09  0.32%     -  887s
     0     0 2.5856e+09    0  234 2.5940e+09 2.5856e+09  0.32%     -  906s
     0     0 2.5856e+09    0  217 2.5940e+09 2.5856e+09  0.32%     -  931s
     0     0 2.5856e+09    0  222 2.5940e+09 2.5856e+09  0.32%     -  950s
     0     0 2.5856e+09    0  219 2.5940e+09 2.5856e+09  0.32%     -  964s
     0     0 2.5857e+09    0  207 2.5940e+09 2.5857e+09  0.32%     -  976s
     0     0 2.5857e+09    0  226 2.5940e+09 2.5857e+09  0.32%     -  988s
     0     0 2.5857e+09    0  224 2.5940e+09 2.5857e+09  0.32%     - 1007s
     0     0 2.5857e+09    0  232 2.5940e+09 2.5857e+09  0.32%     - 1018s
     0     0 2.5858e+09    0  248 2.5940e+09 2.5858e+09  0.32%     - 1172s
H    0     0                    2.593573e+09 2.5858e+09  0.30%     - 1178s
     0     0 2.5858e+09    0  244 2.5936e+09 2.5858e+09  0.30%     - 1212s
     0     0 2.5858e+09    0   22 2.5936e+09 2.5858e+09  0.30%     - 1250s
     0     0 2.5858e+09    0    6 2.5936e+09 2.5858e+09  0.30%     - 1296s
     0     0 2.5858e+09    0    6 2.5936e+09 2.5858e+09  0.30%     - 1342s
     0     0 2.5858e+09    0   91 2.5936e+09 2.5858e+09  0.30%     - 1447s
     0     0 2.5858e+09    0  118 2.5936e+09 2.5858e+09  0.30%     - 1485s
     0     0 2.5858e+09    0  171 2.5936e+09 2.5858e+09  0.30%     - 1543s
     0     0 2.5858e+09    0  192 2.5936e+09 2.5858e+09  0.30%     - 1595s
     0     0 2.5858e+09    0  220 2.5936e+09 2.5858e+09  0.30%     - 1642s
     0     0 2.5858e+09    0  266 2.5936e+09 2.5858e+09  0.30%     - 1677s
     0     0 2.5858e+09    0  256 2.5936e+09 2.5858e+09  0.30%     - 1707s
     0     0 2.5858e+09    0  248 2.5936e+09 2.5858e+09  0.30%     - 1751s
     0     0 2.5858e+09    0  248 2.5936e+09 2.5858e+09  0.30%     - 1778s
     0     0 2.5858e+09    0  249 2.5936e+09 2.5858e+09  0.30%     - 1799s
     0     0 2.5858e+09    0  244 2.5936e+09 2.5858e+09  0.30%     - 1810s
     0     0 2.5858e+09    0  233 2.5936e+09 2.5858e+09  0.30%     - 1822s
     0     0 2.5858e+09    0  254 2.5936e+09 2.5858e+09  0.30%     - 1837s
     0     0 2.5858e+09    0  233 2.5936e+09 2.5858e+09  0.30%     - 1846s
     0     0 2.5858e+09    0  257 2.5936e+09 2.5858e+09  0.30%     - 1868s
     0     0 2.5858e+09    0  239 2.5936e+09 2.5858e+09  0.30%     - 1890s
     0     0 2.5858e+09    0  236 2.5936e+09 2.5858e+09  0.30%     - 1898s
     0     0 2.5858e+09    0  190 2.5936e+09 2.5858e+09  0.30%     - 1903s
     0     0 2.5858e+09    0   22 2.5936e+09 2.5858e+09  0.30%     - 1909s
     0     0 2.5858e+09    0    6 2.5936e+09 2.5858e+09  0.30%     - 1913s
     0     0 2.5858e+09    0   91 2.5936e+09 2.5858e+09  0.30%     - 1928s
     0     0 2.5858e+09    0  115 2.5936e+09 2.5858e+09  0.30%     - 1938s
     0     0 2.5858e+09    0  156 2.5936e+09 2.5858e+09  0.30%     - 1970s
     0     0 2.5858e+09    0  171 2.5936e+09 2.5858e+09  0.30%     - 2000s
     0     0 2.5858e+09    0  227 2.5936e+09 2.5858e+09  0.30%     - 2030s
     0     0 2.5858e+09    0  219 2.5936e+09 2.5858e+09  0.30%     - 2048s
     0     0 2.5858e+09    0  263 2.5936e+09 2.5858e+09  0.30%     - 2073s
     0     0 2.5858e+09    0  258 2.5936e+09 2.5858e+09  0.30%     - 2096s
     0     0 2.5858e+09    0  236 2.5936e+09 2.5858e+09  0.30%     - 2130s
     0     0 2.5858e+09    0  240 2.5936e+09 2.5858e+09  0.30%     - 2142s
     0     0 2.5858e+09    0  244 2.5936e+09 2.5858e+09  0.30%     - 2152s
     0     0 2.5858e+09    0  250 2.5936e+09 2.5858e+09  0.30%     - 2160s
     0     0 2.5858e+09    0  254 2.5936e+09 2.5858e+09  0.30%     - 2177s
     0     0 2.5858e+09    0  251 2.5936e+09 2.5858e+09  0.30%     - 2191s
     0     0 2.5858e+09    0  253 2.5936e+09 2.5858e+09  0.30%     - 2203s
     0     0 2.5858e+09    0  249 2.5936e+09 2.5858e+09  0.30%     - 2213s
     0     0 2.5858e+09    0  230 2.5936e+09 2.5858e+09  0.30%     - 2218s
     0     0 2.5858e+09    0  206 2.5936e+09 2.5858e+09  0.30%     - 2221s
     0     0 2.5858e+09    0    6 2.5936e+09 2.5858e+09  0.30%     - 2238s
     0     0 2.5858e+09    0    6 2.5936e+09 2.5858e+09  0.30%     - 2241s
     0     0 2.5858e+09    0    6 2.5936e+09 2.5858e+09  0.30%     - 2242s
     0     0 2.5858e+09    0    6 2.5936e+09 2.5858e+09  0.30%     - 2251s
     0     2 2.5858e+09    0    6 2.5936e+09 2.5858e+09  0.30%     - 2280s
     1     5 2.5873e+09    1   51 2.5936e+09 2.5858e+09  0.30% 12723 2348s
     3     8 2.5875e+09    2   47 2.5936e+09 2.5859e+09  0.30%  5547 2400s
     7    13 2.5907e+09    3   30 2.5936e+09 2.5861e+09  0.29%  8340 2532s
    15    23 2.5907e+09    4   28 2.5936e+09 2.5861e+09  0.29%  7552 2665s
    28    38 2.5909e+09    5   27 2.5936e+09 2.5862e+09  0.29%  7372 2756s
    51    51 2.5909e+09    6   16 2.5936e+09 2.5862e+09  0.29%  7074 3175s
    83    76 2.5910e+09    7   12 2.5936e+09 2.5862e+09  0.29% 12144 3339s
   115   105 2.5911e+09    8   10 2.5936e+09 2.5862e+09  0.29% 10606 3463s
   147   128 2.5911e+09    9    8 2.5936e+09 2.5862e+09  0.29%  9560 3601s

Cutting planes:
  Implied bound: 8970
  MIR: 69
  Flow cover: 1253
  Flow path: 455
  Network: 1
  RLT: 58
  Relax-and-lift: 446

Explored 172 nodes (1949240 simplex iterations) in 3601.35 seconds (3919.21 work units)
Thread count was 32 (of 36 available processors)

Solution count 10: 2.59357e+09 2.59398e+09 2.59605e+09 ... 2.63821e+09

Time limit reached
Best objective 2.593572802926e+09, best bound 2.586179021264e+09, gap 0.2851%

User-callback calls 733950, time in user-callback 0.21 sec
Set parameter TokenServer to value "license-1.hpc.nrel.gov"
[ Info:  started timer at: 2023-03-25T11:35:43.049
[ Info: Reading /projects/pvsoiling/RELOG/Recycling_cap_NAICS_5/input/solver/case.json...
[ Info:          134 collection centers
[ Info:          309 candidate plant locations
[ Info: Building graph...
[ Info:           26 time periods
[ Info:          309 process nodes
[ Info:         4944 shipping nodes (plant)
[ Info:          134 shipping nodes (collection)
[ Info:        46350 arcs
[ Info: Building optimization model...
[ Info: Optimizing MILP...
[ Info: Re-optimizing with integer variables fixed...
