Set parameter TokenServer to value "license-1.hpc.nrel.gov"
Set parameter TimeLimit to value 3600
Set parameter MIPGap to value 0.001
Set parameter MIPGap to value 0.001
Set parameter TimeLimit to value 3600
Gurobi Optimizer version 9.5.1 build v9.5.1rc2 (linux64)
Thread count: 36 physical cores, 36 logical processors, using up to 32 threads
Optimize a model with 289198 rows, 1201980 columns and 2458632 nonzeros
Model fingerprint: 0x6b39755b
Variable types: 1188044 continuous, 13936 integer (13936 binary)
Coefficient statistics:
  Matrix range     [3e-06, 1e+06]
  Objective range  [1e-01, 1e+07]
  Bounds range     [4e+04, 1e+08]
  RHS range        [1e-03, 2e+05]
Presolve removed 263202 rows and 245756 columns
Presolve time: 4.76s
Presolved: 25996 rows, 956224 columns, 1941928 nonzeros
Variable types: 947112 continuous, 9112 integer (9112 binary)

Deterministic concurrent LP optimizer: primal and dual simplex
Showing first log only...


Root simplex log...

Iteration    Objective       Primal Inf.    Dual Inf.      Time
       0    2.4333081e+06   7.377396e+05   6.447249e+11      9s
   67335    2.3351720e+06   3.690082e+03   2.934306e+10     10s
  100478    5.8306113e+09   0.000000e+00   3.358007e+09     13s
  130114    3.0267230e+09   0.000000e+00   1.217183e+09     15s
  243961    2.7332186e+09   0.000000e+00   4.208284e+08     20s
  377579    2.6894039e+09   2.078877e-03   0.000000e+00     25s
  377595    2.6894039e+09   0.000000e+00   0.000000e+00     25s
Concurrent spin time: 3.44s

Solved with primal simplex

Root relaxation: objective 2.689404e+09, 377595 iterations, 22.36 seconds (20.71 work units)
Total elapsed time = 30.05s

    Nodes    |    Current Node    |     Objective Bounds      |     Work
 Expl Unexpl |  Obj  Depth IntInf | Incumbent    BestBd   Gap | It/Node Time

     0     0 2.6894e+09    0  245          - 2.6894e+09      -     -   32s
H    0     0                    2.919042e+09 2.6894e+09  7.87%     -   33s
H    0     0                    2.898872e+09 2.6894e+09  7.23%     -   35s
     0     0 2.6935e+09    0  383 2.8989e+09 2.6935e+09  7.09%     -   59s
H    0     0                    2.887003e+09 2.6935e+09  6.70%     -   61s
H    0     0                    2.748900e+09 2.6935e+09  2.02%     -   66s
     0     0 2.6940e+09    0  359 2.7489e+09 2.6940e+09  2.00%     -   80s
     0     0 2.6941e+09    0  359 2.7489e+09 2.6941e+09  1.99%     -   84s
     0     0 2.6941e+09    0  350 2.7489e+09 2.6941e+09  1.99%     -   87s
     0     0 2.6941e+09    0  350 2.7489e+09 2.6941e+09  1.99%     -   88s
     0     0 2.6941e+09    0  350 2.7489e+09 2.6941e+09  1.99%     -   89s
     0     0 2.6941e+09    0  350 2.7489e+09 2.6941e+09  1.99%     -   89s
     0     0 2.6941e+09    0  350 2.7489e+09 2.6941e+09  1.99%     -   90s
     0     0 2.6941e+09    0  350 2.7489e+09 2.6941e+09  1.99%     -   91s
     0     0 2.6957e+09    0  446 2.7489e+09 2.6957e+09  1.94%     -  201s
     0     0 2.6960e+09    0  405 2.7489e+09 2.6960e+09  1.93%     -  256s
     0     0 2.6960e+09    0  456 2.7489e+09 2.6960e+09  1.92%     -  277s
     0     0 2.6960e+09    0  412 2.7489e+09 2.6960e+09  1.92%     -  285s
     0     0 2.6961e+09    0  405 2.7489e+09 2.6961e+09  1.92%     -  287s
     0     0 2.6961e+09    0  406 2.7489e+09 2.6961e+09  1.92%     -  289s
     0     0 2.6961e+09    0  404 2.7489e+09 2.6961e+09  1.92%     -  291s
     0     0 2.6961e+09    0  404 2.7489e+09 2.6961e+09  1.92%     -  293s
     0     0 2.6961e+09    0  405 2.7489e+09 2.6961e+09  1.92%     -  294s
     0     0 2.6967e+09    0  441 2.7489e+09 2.6967e+09  1.90%     -  410s
H    0     0                    2.713323e+09 2.6967e+09  0.61%     -  426s
     0     0 2.6968e+09    0  429 2.7133e+09 2.6968e+09  0.61%     -  466s
     0     0 2.6968e+09    0  428 2.7133e+09 2.6968e+09  0.61%     -  495s
     0     0 2.6968e+09    0  430 2.7133e+09 2.6968e+09  0.61%     -  503s
     0     0 2.6968e+09    0  427 2.7133e+09 2.6968e+09  0.61%     -  511s
     0     0 2.6968e+09    0  431 2.7133e+09 2.6968e+09  0.61%     -  524s
     0     0 2.6968e+09    0  435 2.7133e+09 2.6968e+09  0.61%     -  531s
     0     0 2.6968e+09    0  436 2.7133e+09 2.6968e+09  0.61%     -  535s
     0     0 2.6968e+09    0  437 2.7133e+09 2.6968e+09  0.61%     -  538s
     0     0 2.6971e+09    0  484 2.7133e+09 2.6971e+09  0.60%     -  689s
H    0     0                    2.712870e+09 2.6971e+09  0.58%     -  692s
     0     0 2.6972e+09    0  453 2.7129e+09 2.6972e+09  0.58%     -  784s
     0     0 2.6972e+09    0  425 2.7129e+09 2.6972e+09  0.58%     -  840s
     0     0 2.6972e+09    0  425 2.7129e+09 2.6972e+09  0.58%     -  877s
     0     0 2.6972e+09    0  412 2.7129e+09 2.6972e+09  0.58%     -  890s
     0     0 2.6972e+09    0  413 2.7129e+09 2.6972e+09  0.58%     -  898s
     0     0 2.6976e+09    0  453 2.7129e+09 2.6976e+09  0.56%     - 1117s
H    0     0                    2.712131e+09 2.6976e+09  0.54%     - 1120s
H    0     0                    2.712087e+09 2.6976e+09  0.54%     - 1132s
     0     0 2.6976e+09    0  407 2.7121e+09 2.6976e+09  0.53%     - 1188s
     0     0 2.6976e+09    0  438 2.7121e+09 2.6976e+09  0.53%     - 1237s
     0     0 2.6976e+09    0  442 2.7121e+09 2.6976e+09  0.53%     - 1256s
     0     0 2.6976e+09    0  445 2.7121e+09 2.6976e+09  0.53%     - 1268s
     0     0 2.6979e+09    0  460 2.7121e+09 2.6979e+09  0.52%     - 1486s
H    0     0                    2.709963e+09 2.6979e+09  0.45%     - 1489s
H    0     0                    2.708672e+09 2.6979e+09  0.40%     - 1498s
     0     0 2.6979e+09    0  431 2.7087e+09 2.6979e+09  0.40%     - 1580s
     0     0 2.6980e+09    0  413 2.7087e+09 2.6980e+09  0.40%     - 1642s
     0     0 2.6980e+09    0  416 2.7087e+09 2.6980e+09  0.40%     - 1676s
     0     0 2.6980e+09    0  419 2.7087e+09 2.6980e+09  0.40%     - 1699s
     0     0 2.6980e+09    0  415 2.7087e+09 2.6980e+09  0.39%     - 1716s
     0     0 2.6980e+09    0  415 2.7087e+09 2.6980e+09  0.39%     - 1729s
     0     0 2.6982e+09    0  396 2.7087e+09 2.6982e+09  0.39%     - 2056s
     0     0 2.6983e+09    0  391 2.7087e+09 2.6983e+09  0.38%     - 2224s
     0     0 2.6983e+09    0  413 2.7087e+09 2.6983e+09  0.38%     - 2268s
     0     0 2.6983e+09    0  425 2.7087e+09 2.6983e+09  0.38%     - 2304s
     0     0 2.6985e+09    0  448 2.7087e+09 2.6985e+09  0.38%     - 2661s
H    0     0                    2.707800e+09 2.6985e+09  0.35%     - 2669s
H    0     0                    2.706574e+09 2.6985e+09  0.30%     - 2679s
     0     0 2.6985e+09    0  431 2.7066e+09 2.6985e+09  0.30%     - 2819s
     0     0 2.6985e+09    0  402 2.7066e+09 2.6985e+09  0.30%     - 2896s
     0     0 2.6986e+09    0  423 2.7066e+09 2.6986e+09  0.30%     - 3003s
     0     0 2.6986e+09    0  438 2.7066e+09 2.6986e+09  0.29%     - 3063s
     0     0 2.6986e+09    0  459 2.7066e+09 2.6986e+09  0.29%     - 3101s
     0     0 2.6986e+09    0  409 2.7066e+09 2.6986e+09  0.29%     - 3122s
     0     0 2.6987e+09    0  448 2.7066e+09 2.6987e+09  0.29%     - 3416s
H    0     0                    2.706028e+09 2.6987e+09  0.27%     - 3425s
H    0     0                    2.705379e+09 2.6987e+09  0.25%     - 3435s
     0     0 2.6987e+09    0  429 2.7054e+09 2.6987e+09  0.25%     - 3541s
     0     0 2.6987e+09    0  452 2.7054e+09 2.6987e+09  0.25%     - 3590s

Cutting planes:
  Implied bound: 8693
  MIR: 87
  Flow cover: 1677
  Flow path: 968
  Network: 1
  RLT: 289
  Relax-and-lift: 955

Explored 1 nodes (719478 simplex iterations) in 3612.89 seconds (4984.31 work units)
Thread count was 32 (of 36 available processors)

Solution count 10: 2.70538e+09 2.70603e+09 2.70657e+09 ... 2.71332e+09

Time limit reached
Best objective 2.705379457673e+09, best bound 2.698738429447e+09, gap 0.2455%

User-callback calls 58816, time in user-callback 0.05 sec
Set parameter TokenServer to value "license-1.hpc.nrel.gov"
Set parameter TimeLimit to value 3600
Set parameter MIPGap to value 0.001
Set parameter MIPGap to value 0.001
Set parameter TimeLimit to value 3600
Gurobi Optimizer version 9.5.1 build v9.5.1rc2 (linux64)
Thread count: 36 physical cores, 36 logical processors, using up to 32 threads
Optimize a model with 289198 rows, 1201980 columns and 2458632 nonzeros
Model fingerprint: 0x9392e688
Coefficient statistics:
  Matrix range     [3e-06, 1e+06]
  Objective range  [1e-01, 1e+07]
  Bounds range     [5e-16, 1e+08]
  RHS range        [1e-03, 2e+05]

Concurrent LP optimizer: primal simplex, dual simplex, and barrier
Showing barrier log only...

Presolve removed 286302 rows and 1173428 columns
Presolve time: 1.02s
Presolved: 2896 rows, 28552 columns, 56890 nonzeros

Ordering time: 0.00s

Barrier statistics:
 AA' NZ     : 2.754e+04
 Factor NZ  : 4.060e+04 (roughly 13 MB of memory)
 Factor Ops : 7.580e+05 (less than 1 second per iteration)
 Threads    : 1

                  Objective                Residual
Iter       Primal          Dual         Primal    Dual     Compl     Time
   0   1.84564039e+12 -5.80348571e+10  9.37e+07 1.28e+02  2.16e+08     1s
   1   4.57283967e+11 -1.88063953e+10  2.31e+07 2.84e-13  5.41e+07     1s
   2   8.25440532e+10 -2.23875595e+09  4.03e+06 1.88e-12  9.61e+06     1s
   3   1.65929747e+10  2.82695843e+07  6.86e+05 1.42e-12  1.69e+06     1s
   4   4.84557260e+09  6.17558133e+08  9.15e+04 2.44e-12  2.90e+05     1s
   5   3.12465451e+09  1.92858599e+09  8.51e+03 1.25e-12  5.18e+04     1s
   6   2.90174706e+09  2.29964259e+09  1.60e+03 6.82e-13  2.19e+04     1s
   7   2.82501503e+09  2.51956584e+09  3.78e+02 3.41e-13  1.05e+04     1s
   8   2.77336822e+09  2.56809690e+09  9.35e+01 2.84e-13  6.96e+03     1s
   9   2.73852042e+09  2.66618308e+09  2.49e+01 2.56e-13  2.44e+03     1s
  10   2.72456551e+09  2.69071965e+09  1.10e+01 2.84e-13  1.14e+03     1s
  11   2.71694110e+09  2.69673350e+09  6.12e+00 3.69e-13  6.80e+02     1s
  12   2.71144438e+09  2.69823021e+09  2.85e+00 3.69e-13  4.44e+02     1s
  13   2.70713893e+09  2.70240391e+09  5.63e-01 5.12e-13  1.59e+02     1s
  14   2.70610679e+09  2.70447108e+09  1.93e-01 5.40e-13  5.50e+01     1s
  15   2.70551103e+09  2.70498457e+09  2.33e-02 7.67e-13  1.77e+01     1s
  16   2.70541984e+09  2.70523848e+09  5.65e-03 4.26e-13  6.09e+00     1s
  17   2.70538790e+09  2.70536055e+09  5.32e-04 2.56e-13  9.19e-01     1s
  18   2.70538203e+09  2.70537807e+09  8.22e-05 1.99e-13  1.33e-01     1s
  19   2.70537958e+09  2.70537941e+09  2.59e-06 5.70e-14  5.46e-03     1s
  20   2.70537947e+09  2.70537945e+09  2.20e-07 1.08e-11  5.34e-04     1s
  21   2.70537946e+09  2.70537946e+09  5.05e-08 2.30e-11  4.34e-05     1s
  22   2.70537946e+09  2.70537946e+09  3.96e-08 1.76e-11  3.69e-07     1s
  23   2.70537946e+09  2.70537946e+09  4.73e-10 1.74e-11  2.76e-12     1s

Barrier solved model in 23 iterations and 1.15 seconds (0.74 work units)
Optimal objective 2.70537946e+09

Crossover log...

       2 DPushes remaining with DInf 0.0000000e+00                 1s
       0 DPushes remaining with DInf 0.0000000e+00                 1s

     120 PPushes remaining with PInf 0.0000000e+00                 1s
       0 PPushes remaining with PInf 0.0000000e+00                 1s

  Push phase complete: Pinf 0.0000000e+00, Dinf 5.5706550e-12      1s

Iteration    Objective       Primal Inf.    Dual Inf.      Time
     125    2.7053795e+09   0.000000e+00   0.000000e+00      2s

Solved with dual simplex
Solved in 2277 iterations and 1.62 seconds (0.79 work units)
Optimal objective  2.705379458e+09

User-callback calls 288, time in user-callback 0.00 sec
[ Info:  started timer at: 2023-03-28T13:58:00.544
[ Info: Reading /projects/pvsoiling/RELOG/Recycling_cap_40209_5/input/solver/case.json...
[ Info:          134 collection centers
[ Info:          268 candidate plant locations
[ Info: Building graph...
[ Info:           26 time periods
[ Info:          268 process nodes
[ Info:         4288 shipping nodes (plant)
[ Info:          134 shipping nodes (collection)
[ Info:        40200 arcs
[ Info: Building optimization model...
[ Info: Optimizing MILP...
[ Info: Re-optimizing with integer variables fixed...
[ Info: Extracting solution...
[ Info:        3662.34312433s: 1 hour, 1 minute, 2 seconds, 343 milliseconds
