Set parameter TokenServer to value "license-1.hpc.nrel.gov"
Set parameter TimeLimit to value 3600
Set parameter MIPGap to value 0.001
Set parameter MIPGap to value 0.001
Set parameter TimeLimit to value 3600
Gurobi Optimizer version 9.5.1 build v9.5.1rc2 (linux64)
Thread count: 36 physical cores, 36 logical processors, using up to 32 threads
Optimize a model with 91884 rows, 1144312 columns and 2343626 nonzeros
Model fingerprint: 0xf2693d36
Variable types: 1128244 continuous, 16068 integer (16068 binary)
Coefficient statistics:
  Matrix range     [1e+00, 1e+05]
  Objective range  [3e-01, 7e+08]
  Bounds range     [1e+05, 1e+08]
  RHS range        [8e-01, 2e+06]
Presolve removed 78514 rows and 58486 columns (presolve time = 5s) ...
Presolve removed 78514 rows and 58486 columns
Presolve time: 5.93s
Presolved: 13370 rows, 1085826 columns, 2178759 nonzeros
Variable types: 1075938 continuous, 9888 integer (9888 binary)

Deterministic concurrent LP optimizer: primal and dual simplex
Showing first log only...


Root simplex log...

Iteration    Objective       Primal Inf.    Dual Inf.      Time
       0    2.4645124e+11   8.497666e+05   2.396932e+10     10s
   81125    2.7302760e+11   2.707023e+05   6.621310e+10     10s
  387130    3.3283167e+11   6.911860e+03   5.892219e+09     15s
Concurrent spin time: 0.00s

Solved with dual simplex

Root relaxation: objective 4.282381e+11, 76722 iterations, 7.73 seconds (6.28 work units)

    Nodes    |    Current Node    |     Objective Bounds      |     Work
 Expl Unexpl |  Obj  Depth IntInf | Incumbent    BestBd   Gap | It/Node Time

     0     0 4.2824e+11    0   21          - 4.2824e+11      -     -   16s
H    0     0                    4.298321e+11 4.2824e+11  0.37%     -   17s
H    0     0                    4.288941e+11 4.2824e+11  0.15%     -   19s
     0     0 4.2824e+11    0   14 4.2889e+11 4.2824e+11  0.15%     -   22s
     0     0 4.2824e+11    0   14 4.2889e+11 4.2824e+11  0.15%     -   25s
     0     0 4.2824e+11    0    7 4.2889e+11 4.2824e+11  0.15%     -   27s
     0     0 4.2824e+11    0   14 4.2889e+11 4.2824e+11  0.15%     -   28s
     0     0 4.2824e+11    0    7 4.2889e+11 4.2824e+11  0.15%     -   30s
     0     0 4.2824e+11    0    7 4.2889e+11 4.2824e+11  0.15%     -   32s
     0     0 4.2824e+11    0    7 4.2889e+11 4.2824e+11  0.15%     -   34s
     0     0 4.2824e+11    0    7 4.2889e+11 4.2824e+11  0.15%     -   35s
     0     0 4.2824e+11    0    7 4.2889e+11 4.2824e+11  0.15%     -   41s
     0     2 4.2824e+11    0    7 4.2889e+11 4.2824e+11  0.15%     -   48s
     3     8 4.2824e+11    2    7 4.2889e+11 4.2824e+11  0.15%   6.3   50s
    31    64 4.2824e+11    5    7 4.2889e+11 4.2824e+11  0.15%  11.5   56s
   159   192 4.2824e+11    9    7 4.2889e+11 4.2824e+11  0.15%   8.5  150s
H  167   192                    4.288940e+11 4.2824e+11  0.15%   8.1  150s
   191   224 4.2824e+11   10    7 4.2889e+11 4.2824e+11  0.15%   7.8  155s
   362   395 4.2824e+11   13    7 4.2889e+11 4.2824e+11  0.15%   6.6  269s
   394   523 4.2824e+11   14    7 4.2889e+11 4.2824e+11  0.15%   6.8  282s
   522  1448 4.2824e+11   18   14 4.2889e+11 4.2824e+11  0.15%   7.7  306s
  1447  2068 4.2825e+11   43   14 4.2889e+11 4.2824e+11  0.15%  10.2  368s
  2067  2996 4.2829e+11   70    7 4.2889e+11 4.2824e+11  0.15%  10.5  387s
  2995  3897 4.2833e+11   98   21 4.2889e+11 4.2824e+11  0.15%  10.4  406s
  3912  4578 4.2835e+11  127    7 4.2889e+11 4.2824e+11  0.15%  10.2  416s
  4805  5102 4.2839e+11  156    7 4.2889e+11 4.2824e+11  0.15%   9.8  424s
  5661  5568 4.2868e+11  184    7 4.2889e+11 4.2824e+11  0.15%   9.7  432s
  6514  6228 4.2871e+11  213   14 4.2889e+11 4.2824e+11  0.15%   9.6  438s
  7364  6968 4.2826e+11   32    7 4.2889e+11 4.2824e+11  0.15%   9.8  447s
  8217  7798 4.2830e+11   61    7 4.2889e+11 4.2824e+11  0.15%  10.4  453s
  9073  8595 4.2851e+11   90    7 4.2889e+11 4.2824e+11  0.15%  10.7  461s
  9926  9261 4.2863e+11  116    7 4.2889e+11 4.2824e+11  0.15%  11.1  471s
 10765  9809 4.2866e+11  143    7 4.2889e+11 4.2824e+11  0.15%  11.9  477s
 11683  9810 4.2886e+11  107    7 4.2889e+11 4.2824e+11  0.15%  12.4  509s
 11684  9811 4.2824e+11    9    7 4.2889e+11 4.2824e+11  0.15%  12.4  510s
 11685  9811 4.2865e+11  192   15 4.2889e+11 4.2824e+11  0.15%  12.4  525s
 11688  9813 4.2868e+11  217    5 4.2889e+11 4.2824e+11  0.15%  12.4  531s
 11690  9815 4.2836e+11   58    5 4.2889e+11 4.2824e+11  0.15%  12.4  535s
 11693  9817 4.2842e+11   86    5 4.2889e+11 4.2824e+11  0.15%  12.4  545s
 11695  9818 4.2844e+11   96    5 4.2889e+11 4.2824e+11  0.15%  12.4  551s
 11698  9825 4.2824e+11   16    5 4.2889e+11 4.2824e+11  0.15%  15.3  555s
 11726  9872 4.2824e+11   19    5 4.2889e+11 4.2824e+11  0.15%  15.3  560s
 11790  9914 4.2824e+11   20   10 4.2889e+11 4.2824e+11  0.15%  15.2  599s
 11822  9936 4.2824e+11   21    5 4.2889e+11 4.2824e+11  0.15%  15.2  600s
 11854  9957 4.2824e+11   21   10 4.2889e+11 4.2824e+11  0.15%  15.2  659s
 11886 10003 4.2824e+11   22    5 4.2889e+11 4.2824e+11  0.15%  15.2  660s
 11943 10024 4.2824e+11   23    5 4.2889e+11 4.2824e+11  0.15%  15.1  676s
 11983 10344 4.2824e+11   23   10 4.2889e+11 4.2824e+11  0.15%  15.1  684s
 12316 11176 4.2824e+11   29    5 4.2889e+11 4.2824e+11  0.15%  14.9  705s
 13259 10894 4.2824e+11   44    5 4.2889e+11 4.2824e+11  0.15%  14.7  764s
 13291 10915 4.2825e+11   44    5 4.2889e+11 4.2824e+11  0.15%  14.7  820s
 13323 11864 4.2824e+11   45   10 4.2889e+11 4.2824e+11  0.15%  14.6  842s
 14283 12503 4.2825e+11   60    5 4.2889e+11 4.2824e+11  0.15%  14.5  860s
 15243 13041 4.2831e+11   75    5 4.2889e+11 4.2824e+11  0.15%  14.2  875s
 16157 13336 4.2834e+11   90    4 4.2889e+11 4.2824e+11  0.15%  14.0  884s
 17056 13532 4.2836e+11  105    4 4.2889e+11 4.2824e+11  0.15%  14.0  894s
 17943 13862 4.2837e+11  120    4 4.2889e+11 4.2824e+11  0.15%  14.2  907s
 18774 14265 4.2839e+11  135    8 4.2889e+11 4.2824e+11  0.15%  14.8  915s
 19727 14805 4.2846e+11  150    5 4.2889e+11 4.2824e+11  0.15%  15.5  922s
 20687 15322 4.2850e+11  165    5 4.2889e+11 4.2824e+11  0.15%  15.4  929s
 21636 15848 4.2846e+11  182   12 4.2889e+11 4.2824e+11  0.15%  16.0  938s
 22535 16262 4.2868e+11  198    5 4.2889e+11 4.2824e+11  0.15%  16.9  945s
 23495 16581 4.2824e+11   25    5 4.2889e+11 4.2824e+11  0.15%  17.4  951s
 24383 16899 4.2826e+11   55    5 4.2889e+11 4.2824e+11  0.15%  18.4  959s
 25343 17406 4.2831e+11   85    4 4.2889e+11 4.2824e+11  0.15%  18.2  966s
 26303 17887 4.2834e+11  115    8 4.2889e+11 4.2824e+11  0.15%  17.9  973s
 27263 18412 4.2839e+11  145    6 4.2889e+11 4.2824e+11  0.15%  18.0  981s
 28160 18892 4.2847e+11  166    4 4.2889e+11 4.2824e+11  0.15%  18.5  988s
 29096 19266     cutoff  186      4.2889e+11 4.2824e+11  0.15%  18.6 1001s
 30056 19408 4.2825e+11   52    5 4.2889e+11 4.2824e+11  0.15%  18.2 1009s
 30978 19711 4.2829e+11   82   13 4.2889e+11 4.2824e+11  0.15%  18.0 1014s
 31938 20146 4.2831e+11  112    4 4.2889e+11 4.2824e+11  0.15%  17.7 1020s
 32898 20565 4.2835e+11  142    8 4.2889e+11 4.2824e+11  0.15%  17.5 1028s
 33737 20314 4.2859e+11  171    5 4.2889e+11 4.2824e+11  0.15%  17.3 1036s
 33769 21126 4.2860e+11  172    5 4.2889e+11 4.2824e+11  0.15%  17.3 1042s
 34711 21563 4.2865e+11  202    4 4.2889e+11 4.2824e+11  0.15%  17.2 1050s
 35662 21833 4.2868e+11  232   12 4.2889e+11 4.2824e+11  0.15%  16.9 1055s
 36622 21958 4.2825e+11   42    5 4.2889e+11 4.2824e+11  0.15%  16.6 1060s
 37582 22105 4.2828e+11   72    4 4.2889e+11 4.2824e+11  0.15%  16.4 1065s
 38542 22442 4.2831e+11  102    4 4.2889e+11 4.2824e+11  0.15%  16.2 1071s
 39501 22823 4.2833e+11  132    5 4.2889e+11 4.2824e+11  0.15%  16.0 1076s
 40461 23309 4.2860e+11  161   10 4.2889e+11 4.2824e+11  0.15%  15.8 1082s
 41419 23900 4.2864e+11  191    4 4.2889e+11 4.2824e+11  0.15%  15.7 1090s
 42364 24673 4.2868e+11  221    4 4.2889e+11 4.2824e+11  0.15%  15.5 1097s
 43312 25245 4.2869e+11  251    4 4.2889e+11 4.2824e+11  0.15%  15.4 1103s
 44206 25266 4.2825e+11   42    5 4.2889e+11 4.2824e+11  0.15%  15.2 1152s
 44238 25406 4.2825e+11   43   10 4.2889e+11 4.2824e+11  0.15%  15.2 1168s
 44462 25975 4.2825e+11   50    5 4.2889e+11 4.2824e+11  0.15%  15.2 1174s
 45396 25995 4.2855e+11   80    5 4.2889e+11 4.2824e+11  0.15%  15.1 1236s
 45428 26594 4.2855e+11   81    5 4.2889e+11 4.2824e+11  0.15%  15.1 1242s
 46379 27398 4.2875e+11  111   13 4.2889e+11 4.2824e+11  0.15%  15.1 1249s
 47325 28242 4.2877e+11  139    4 4.2889e+11 4.2824e+11  0.15%  15.0 1257s
 48256 29114 4.2882e+11  169    4 4.2889e+11 4.2824e+11  0.15%  14.9 1263s
 49208 29902 4.2825e+11   37    5 4.2889e+11 4.2824e+11  0.15%  14.7 1269s
 50146 30356 4.2835e+11   67    5 4.2889e+11 4.2824e+11  0.15%  14.8 1276s
 51004 30720 4.2846e+11   96    5 4.2889e+11 4.2824e+11  0.15%  15.0 1283s
 51826 31401 4.2848e+11  125    4 4.2889e+11 4.2824e+11  0.15%  15.4 1293s
 52725 32213 4.2850e+11  146    4 4.2889e+11 4.2824e+11  0.15%  15.3 1299s
 53595 32213 4.2825e+11   49    5 4.2889e+11 4.2824e+11  0.15%  15.3 1300s
 53685 33078 4.2854e+11  172    4 4.2889e+11 4.2824e+11  0.15%  15.3 1306s
 54642 33852 4.2824e+11   42    5 4.2889e+11 4.2824e+11  0.15%  15.2 1313s
 55574 34537 4.2828e+11   72    5 4.2889e+11 4.2824e+11  0.15%  15.1 1322s
 56479 35186 4.2830e+11  102    9 4.2889e+11 4.2824e+11  0.15%  15.0 1329s
 57382 35914 4.2835e+11  132    4 4.2889e+11 4.2824e+11  0.15%  15.0 1336s

Cutting planes:
  Lift-and-project: 1
  Implied bound: 4
  MIR: 4
  Flow cover: 2
  Relax-and-lift: 3

Explored 58319 nodes (947786 simplex iterations) in 1459.61 seconds (875.99 work units)
Thread count was 32 (of 36 available processors)

Solution count 4: 4.28894e+11 4.28894e+11 4.29832e+11 4.29946e+11 

Optimal solution found (tolerance 1.00e-03)
Best objective 4.288940182880e+11, best bound 4.288940182880e+11, gap 0.0000%

User-callback calls 395207, time in user-callback 0.21 sec
Set parameter TokenServer to value "license-1.hpc.nrel.gov"
Set parameter TimeLimit to value 3600
Set parameter MIPGap to value 0.001
Set parameter MIPGap to value 0.001
Set parameter TimeLimit to value 3600
Gurobi Optimizer version 9.5.1 build v9.5.1rc2 (linux64)
Thread count: 36 physical cores, 36 logical processors, using up to 32 threads
Optimize a model with 91884 rows, 1144312 columns and 2343626 nonzeros
Model fingerprint: 0x67d6e4ca
Coefficient statistics:
  Matrix range     [1e+00, 1e+05]
  Objective range  [3e-01, 7e+08]
  Bounds range     [1e+00, 1e+08]
  RHS range        [8e-01, 2e+06]

Concurrent LP optimizer: primal simplex, dual simplex, and barrier
Showing barrier log only...

Presolve removed 84086 rows and 561984 columns
Presolve time: 1.26s
Presolved: 7798 rows, 582328 columns, 1160340 nonzeros

Ordering time: 0.02s

Barrier statistics:
 AA' NZ     : 5.780e+05
 Factor NZ  : 1.063e+06 (roughly 240 MB of memory)
 Factor Ops : 1.876e+08 (less than 1 second per iteration)
 Threads    : 30

                  Objective                Residual
Iter       Primal          Dual         Primal    Dual     Compl     Time
   0   3.18542027e+12 -1.34218347e+11  4.74e+06 2.73e+02  3.88e+07     2s
   1   5.40116029e+11  2.48729204e+11  1.44e+05 9.09e-13  1.47e+06     2s
   2   4.55035815e+11  3.67361826e+11  6.35e+03 3.59e-11  1.89e+05     2s
   3   4.49931905e+11  3.95736743e+11  3.18e+03 2.18e-11  1.10e+05     2s
   4   4.44116014e+11  4.10984194e+11  1.20e+03 1.87e-01  6.23e+04     2s
   5   4.41166907e+11  4.19303003e+11  7.30e+02 7.28e-12  4.03e+04     2s
   6   4.36462771e+11  4.23545957e+11  2.58e+02 4.09e-12  2.29e+04     2s
   7   4.34998198e+11  4.25732978e+11  1.81e+02 2.73e-12  1.63e+04     2s
   8   4.32730777e+11  4.26963452e+11  9.26e+01 1.47e-02  1.01e+04     2s
   9   4.31826341e+11  4.27628740e+11  6.48e+01 1.59e-12  7.29e+03     2s
  10   4.31060766e+11  4.28145603e+11  4.54e+01 1.36e-12  5.05e+03     2s

Barrier performed 10 iterations in 2.26 seconds (1.51 work units)
Barrier solve interrupted - model solved by another algorithm


Solved with primal simplex
Solved in 56692 iterations and 2.26 seconds (1.37 work units)
Optimal objective  4.288940183e+11

User-callback calls 142, time in user-callback 0.00 sec
[ Info:  started timer at: 2023-03-27T13:33:34.230
[ Info: Reading /projects/pvsoiling/RELOG/Manufacturing_NAICS_05/input/solver/case.json...
[ Info:          134 collection centers
[ Info:          309 candidate plant locations
[ Info: Building graph...
[ Info:           26 time periods
[ Info:          309 process nodes
[ Info:          309 shipping nodes (plant)
[ Info:          134 shipping nodes (collection)
[ Info:        41715 arcs
[ Info: Building optimization model...
[ Info: Optimizing MILP...
[ Info: Re-optimizing with integer variables fixed...
[ Info: Extracting solution...
[ Info:       1512.089061592s: 25 minutes, 12 seconds, 89 milliseconds
