Set parameter TokenServer to value "license-1.hpc.nrel.gov"
Set parameter TimeLimit to value 3600
Set parameter MIPGap to value 0.001
Set parameter MIPGap to value 0.001
Set parameter TimeLimit to value 3600
Gurobi Optimizer version 9.5.1 build v9.5.1rc2 (linux64)
Thread count: 36 physical cores, 36 logical processors, using up to 32 threads
Optimize a model with 96828 rows, 1144312 columns and 2348570 nonzeros
Model fingerprint: 0xf2dcecaf
Variable types: 1128244 continuous, 16068 integer (16068 binary)
Coefficient statistics:
  Matrix range     [1e+00, 1e+05]
  Objective range  [3e-01, 7e+08]
  Bounds range     [1e+05, 1e+08]
  RHS range        [8e-01, 2e+06]
Presolve removed 84694 rows and 64666 columns (presolve time = 5s) ...
Presolve removed 84694 rows and 64666 columns
Presolve time: 5.68s
Presolved: 12134 rows, 1079646 columns, 2166399 nonzeros
Variable types: 1075938 continuous, 3708 integer (3708 binary)

Deterministic concurrent LP optimizer: primal and dual simplex
Showing first log only...


Root simplex log...

Iteration    Objective       Primal Inf.    Dual Inf.      Time
       0    2.4856486e+11   8.465000e+05   2.376324e+10      9s
   85104    2.7117012e+11   2.627823e+05   5.290605e+10     10s
  206409    3.0191048e+11   1.464590e+05   1.355574e+11     15s
Concurrent spin time: 0.00s

Solved with dual simplex

Root relaxation: objective 4.282381e+11, 66080 iterations, 7.40 seconds (5.28 work units)

    Nodes    |    Current Node    |     Objective Bounds      |     Work
 Expl Unexpl |  Obj  Depth IntInf | Incumbent    BestBd   Gap | It/Node Time

     0     0 4.2824e+11    0    9          - 4.2824e+11      -     -   15s
H    0     0                    4.289040e+11 4.2824e+11  0.16%     -   16s
H    0     0                    4.288941e+11 4.2824e+11  0.15%     -   18s
     0     0 4.2824e+11    0    6 4.2889e+11 4.2824e+11  0.15%     -   20s
     0     0 4.2824e+11    0    6 4.2889e+11 4.2824e+11  0.15%     -   22s
     0     0 4.2824e+11    0    3 4.2889e+11 4.2824e+11  0.15%     -   24s
     0     0 4.2824e+11    0    6 4.2889e+11 4.2824e+11  0.15%     -   25s
     0     0 4.2824e+11    0    6 4.2889e+11 4.2824e+11  0.15%     -   27s
     0     0 4.2824e+11    0    6 4.2889e+11 4.2824e+11  0.15%     -   28s
     0     0 4.2824e+11    0    9 4.2889e+11 4.2824e+11  0.15%     -   30s
     0     0 4.2824e+11    0    9 4.2889e+11 4.2824e+11  0.15%     -   31s
     0     0 4.2824e+11    0    6 4.2889e+11 4.2824e+11  0.15%     -   32s
     0     0 4.2824e+11    0    6 4.2889e+11 4.2824e+11  0.15%     -   39s
     0     2 4.2824e+11    0    6 4.2889e+11 4.2824e+11  0.15%     -   47s
     7    16 4.2824e+11    3    3 4.2889e+11 4.2824e+11  0.15%   5.9   50s
    95   128 4.2824e+11    7    3 4.2889e+11 4.2824e+11  0.15%   8.7   56s
   159   192 4.2824e+11    9    3 4.2889e+11 4.2824e+11  0.15%   7.0  212s
   191   224 4.2824e+11   10    3 4.2889e+11 4.2824e+11  0.15%   6.6  217s
   223   365 4.2824e+11   11    3 4.2889e+11 4.2824e+11  0.15%   6.1  221s
   364   731 4.2824e+11   14    3 4.2889e+11 4.2824e+11  0.15%   5.2  229s
   692   731 4.2824e+11   17    3 4.2889e+11 4.2824e+11  0.15%   6.8  230s
   730  1643 4.2824e+11   25    3 4.2889e+11 4.2824e+11  0.15%   6.8  253s
  1642  2571 4.2825e+11   51    3 4.2889e+11 4.2824e+11  0.15%   7.8  269s
  2570  3423 4.2831e+11   77    6 4.2889e+11 4.2824e+11  0.15%   7.6  282s
  3479  4173 4.2833e+11  106    3 4.2889e+11 4.2824e+11  0.15%   7.4  296s
  4346  4898 4.2836e+11  135    6 4.2889e+11 4.2824e+11  0.15%   7.2  304s
  5193  5609 4.2839e+11  164    3 4.2889e+11 4.2824e+11  0.15%   7.2  310s
  6029  6334 4.2868e+11  192    3 4.2889e+11 4.2824e+11  0.15%   7.8  316s
  6857  7136 4.2824e+11    8    3 4.2889e+11 4.2824e+11  0.15%   7.9  324s
  7693  7948 4.2826e+11   18    3 4.2889e+11 4.2824e+11  0.15%   8.6  331s
  8529  8734 4.2830e+11   30    3 4.2889e+11 4.2824e+11  0.15%  10.0  340s
  9341  9490 4.2835e+11   42    3 4.2889e+11 4.2824e+11  0.15%  11.2  348s
 10269 10323 4.2843e+11   52    3 4.2889e+11 4.2824e+11  0.15%  11.2  358s
 11198 10324 4.2872e+11   94    6 4.2889e+11 4.2824e+11  0.15%  11.1  390s
 11200 10325 4.2825e+11   27    3 4.2889e+11 4.2824e+11  0.15%  11.1  400s
 11202 10327 4.2838e+11   42    3 4.2889e+11 4.2824e+11  0.15%  11.1  405s
 11205 10329 4.2832e+11   85    2 4.2889e+11 4.2824e+11  0.15%  11.1  411s
 11208 10334 4.2824e+11   15    1 4.2889e+11 4.2824e+11  0.15%  12.6  416s
 11238 10384 4.2824e+11   19    1 4.2889e+11 4.2824e+11  0.15%  12.6  420s
 11462 10600 4.2824e+11   23    1 4.2889e+11 4.2824e+11  0.15%  12.4  425s
 11561 10599 4.2824e+11   24    2 4.2889e+11 4.2824e+11  0.15%  12.4  480s
 11717 11239 4.2824e+11   27    1 4.2889e+11 4.2824e+11  0.15%  12.3  492s
 12285 12010 4.2824e+11   36    2 4.2889e+11 4.2824e+11  0.15%  12.1  505s
 13245 12639 4.2826e+11   51    1 4.2889e+11 4.2824e+11  0.15%  11.9  516s
 14194 12354 4.2826e+11   66    1 4.2889e+11 4.2824e+11  0.15%  11.6  545s
 14226 13187 4.2826e+11   67    2 4.2889e+11 4.2824e+11  0.15%  11.6  557s
 15140 13656 4.2829e+11   82    1 4.2889e+11 4.2824e+11  0.15%  11.3  566s
 16036 13971 4.2831e+11  103    2 4.2889e+11 4.2824e+11  0.15%  11.3  574s
 16912 14293 4.2834e+11  126    1 4.2889e+11 4.2824e+11  0.15%  11.4  581s
 17792 14787 4.2836e+11  148    1 4.2889e+11 4.2824e+11  0.15%  11.5  587s
 18699 15241 4.2839e+11  178    1 4.2889e+11 4.2824e+11  0.15%  11.7  596s
 19659 15137 4.2868e+11  202    2 4.2889e+11 4.2824e+11  0.15%  11.6  614s
 20011 15698 4.2869e+11  211    1 4.2889e+11 4.2824e+11  0.15%  11.6  620s
 20971 16215 4.2824e+11   23    2 4.2889e+11 4.2824e+11  0.15%  11.4  626s
 21931 16654 4.2827e+11   53    1 4.2889e+11 4.2824e+11  0.15%  11.2  633s
 22891 17010 4.2829e+11   83    1 4.2889e+11 4.2824e+11  0.15%  11.0  638s
 23851 16710 4.2832e+11  113    2 4.2889e+11 4.2824e+11  0.15%  10.9  684s
H23854 16192                    4.288940e+11 4.2824e+11  0.15%  10.9  684s
 23887 16840 4.2832e+11  115    1 4.2889e+11 4.2824e+11  0.15%  10.9  689s
 24839 17166 4.2835e+11  145    1 4.2889e+11 4.2824e+11  0.15%  10.9  695s
 25790 16872 4.2860e+11  175    1 4.2889e+11 4.2824e+11  0.15%  10.9  722s
 25822 17505 4.2860e+11  176    1 4.2889e+11 4.2824e+11  0.15%  10.9  728s
 26782 17954 4.2865e+11  206    1 4.2889e+11 4.2824e+11  0.15%  10.9  734s
 27736 18397 4.2868e+11  236    2 4.2889e+11 4.2824e+11  0.15%  11.0  739s
 28677 18876 4.2824e+11   22    2 4.2889e+11 4.2824e+11  0.15%  11.1  744s
 29637 19379 4.2828e+11   52    1 4.2889e+11 4.2824e+11  0.15%  11.0  754s
 30597 19540 4.2837e+11   82    1 4.2889e+11 4.2824e+11  0.15%  10.9  759s
 31347 20172 4.2839e+11   98    1 4.2889e+11 4.2824e+11  0.15%  10.8  765s
 32307 19877 4.2841e+11  125    1 4.2889e+11 4.2824e+11  0.15%  10.7  820s
 32339 20657 4.2842e+11  126    2 4.2889e+11 4.2824e+11  0.15%  10.7  825s
 33293 21144 4.2844e+11  156    1 4.2889e+11 4.2824e+11  0.15%  10.7  831s
 34230 21620 4.2871e+11  180    1 4.2889e+11 4.2824e+11  0.15%  10.7  837s
 35187 21963 4.2873e+11  206    1 4.2889e+11 4.2824e+11  0.15%  10.7  843s
 36137 22149 4.2825e+11   43    1 4.2889e+11 4.2824e+11  0.15%  10.6  849s
 37091 22391 4.2832e+11   73    2 4.2889e+11 4.2824e+11  0.15%  10.5  854s
 38051 22723 4.2841e+11  103    1 4.2889e+11 4.2824e+11  0.15%  10.4  859s
 39011 23220 4.2867e+11  132    2 4.2889e+11 4.2824e+11  0.15%  10.3  865s
 39971 23707 4.2868e+11  159    1 4.2889e+11 4.2824e+11  0.15%  10.2  871s
 40931 24360 4.2874e+11  189    1 4.2889e+11 4.2824e+11  0.15%  10.1  877s
 41887 25147 4.2825e+11   46    1 4.2889e+11 4.2824e+11  0.15%  10.1  883s
 42818 25790 4.2829e+11   76    3 4.2889e+11 4.2824e+11  0.15%  10.1  889s
 43722 26444 4.2831e+11  106    1 4.2889e+11 4.2824e+11  0.15%  10.3  895s
 44661 27137 4.2835e+11  136    1 4.2889e+11 4.2824e+11  0.15%  10.4  900s
 45620 27908 4.2859e+11  166    1 4.2889e+11 4.2824e+11  0.15%  10.4  905s
 46571 28728 4.2864e+11  196    1 4.2889e+11 4.2824e+11  0.15%  10.4  910s
 47490 29528 4.2867e+11  226    1 4.2889e+11 4.2824e+11  0.15%  10.5  915s
 48427 30265 4.2869e+11  256    1 4.2889e+11 4.2824e+11  0.15%  10.5  920s
 49357 30831 4.2825e+11   44    2 4.2889e+11 4.2824e+11  0.15%  10.6  926s
 50261 31307 4.2837e+11   74    1 4.2889e+11 4.2824e+11  0.15%  10.7  930s
 51199 31900 4.2854e+11  104    1 4.2889e+11 4.2824e+11  0.15%  10.8  935s
 52159 32549 4.2876e+11  134    1 4.2889e+11 4.2824e+11  0.15%  10.7  940s
 53119 32574 4.2824e+11   41    2 4.2889e+11 4.2824e+11  0.15%  10.6  966s
 53151 33365 4.2824e+11   42    2 4.2889e+11 4.2824e+11  0.15%  10.6  971s
 54111 34264 4.2828e+11   72    1 4.2889e+11 4.2824e+11  0.15%  10.6  975s
 55071 35083 4.2830e+11  102    2 4.2889e+11 4.2824e+11  0.15%  10.5  981s
 56031 35862 4.2835e+11  132    1 4.2889e+11 4.2824e+11  0.15%  10.4  986s
 56989 36413 4.2859e+11  162    2 4.2889e+11 4.2824e+11  0.15%  10.4  991s
 57945 36990 4.2863e+11  192    1 4.2889e+11 4.2824e+11  0.15%  10.3  996s
 58906 36991 4.2841e+11  104    6 4.2889e+11 4.2824e+11  0.15%  10.2 1192s
 58908 36992 4.2868e+11  239    3 4.2889e+11 4.2824e+11  0.15%  10.2 1203s
 58909 36993 4.2876e+11   76    2 4.2889e+11 4.2824e+11  0.15%  10.2 1207s
 58911 36994 4.2838e+11   88    2 4.2889e+11 4.2824e+11  0.15%  10.2 1211s
 58912 36995 4.2826e+11   36    2 4.2889e+11 4.2824e+11  0.15%  10.2 1219s
 58913 36996 4.2843e+11  112    2 4.2889e+11 4.2824e+11  0.15%  10.2 1220s
 58914 36996 4.2833e+11   50    2 4.2889e+11 4.2824e+11  0.15%  10.2 1228s
 58915 36997 4.2856e+11  151    2 4.2889e+11 4.2824e+11  0.15%  10.2 1230s
 58916 36998 4.2845e+11  118    2 4.2889e+11 4.2824e+11  0.15%  10.2 1238s
 58918 36999 4.2867e+11  223    2 4.2889e+11 4.2824e+11  0.15%  10.2 1248s
 58919 37000 4.2855e+11  150    2 4.2889e+11 4.2824e+11  0.15%  10.2 1257s
 58920 37000 4.2824e+11   39    2 4.2889e+11 4.2824e+11  0.15%  10.2 1266s
 58921 37001 4.2854e+11  143    2 4.2889e+11 4.2824e+11  0.15%  10.2 1271s
 58924 37008 4.2824e+11   30    1 4.2889e+11 4.2824e+11  0.15%  10.5 1275s
 58984 37076 4.2824e+11   34    1 4.2889e+11 4.2824e+11  0.15%  10.5 1280s
 59016 37097 4.2824e+11   34    2 4.2889e+11 4.2824e+11  0.15%  10.5 1345s
 59080 37140 4.2824e+11   35    2 4.2889e+11 4.2824e+11  0.15%  10.5 1526s
 59176 37370 4.2824e+11   37    1 4.2889e+11 4.2824e+11  0.15%  10.5 1532s
 59374 37908 4.2824e+11   40    1 4.2889e+11 4.2824e+11  0.15%  10.5 1542s
 59978 38094 4.2824e+11   49    2 4.2889e+11 4.2824e+11  0.15%  10.5 1590s
 60365 38925 4.2824e+11   50    1 4.2889e+11 4.2824e+11  0.15%  10.4 1602s
 61325 39565 4.2825e+11   65    1 4.2889e+11 4.2824e+11  0.15%  10.4 1614s
 62285 40088 4.2826e+11   80    1 4.2889e+11 4.2824e+11  0.15%  10.4 1625s
 63214 40453 4.2829e+11   95    1 4.2889e+11 4.2824e+11  0.15%  10.4 1633s
 64112 40749 4.2831e+11  116    1 4.2889e+11 4.2824e+11  0.15%  10.4 1644s
 65014 41141 4.2833e+11  138    1 4.2889e+11 4.2824e+11  0.15%  10.4 1650s
 65974 41684 4.2835e+11  160    1 4.2889e+11 4.2824e+11  0.15%  10.4 1655s
 66934 42149 4.2839e+11  190    1 4.2889e+11 4.2824e+11  0.15%  10.4 1662s
 67894 42626 4.2868e+11  215    1 4.2889e+11 4.2824e+11  0.15%  10.4 1670s
 68854 43121 infeasible  237      4.2889e+11 4.2824e+11  0.15%  10.4 1678s
 69814 43610 4.2824e+11   55    1 4.2889e+11 4.2824e+11  0.15%  10.3 1684s
 70774 43622 4.2828e+11   85    1 4.2889e+11 4.2824e+11  0.15%  10.2 1700s
 71158 44203 4.2829e+11   97    1 4.2889e+11 4.2824e+11  0.15%  10.2 1706s
 72118 44543 4.2832e+11  127    2 4.2889e+11 4.2824e+11  0.15%  10.2 1713s
 73078 45044 4.2835e+11  157    1 4.2889e+11 4.2824e+11  0.15%  10.2 1720s
 74038 45484 4.2860e+11  187    1 4.2889e+11 4.2824e+11  0.15%  10.2 1726s
 74998 45995 4.2864e+11  217    1 4.2889e+11 4.2824e+11  0.15%  10.2 1733s
 75958 46499 4.2868e+11  247    3 4.2889e+11 4.2824e+11  0.15%  10.1 1740s
 76918 47091 4.2870e+11  277    1 4.2889e+11 4.2824e+11  0.15%  10.1 1747s
 77878 47646 4.2825e+11   63    1 4.2889e+11 4.2824e+11  0.15%  10.1 1754s
 78838 48119 4.2828e+11   93    1 4.2889e+11 4.2824e+11  0.15%  10.1 1761s
 79798 48436 4.2831e+11  123    1 4.2889e+11 4.2824e+11  0.15%  10.0 1765s
 80758 48507 4.2836e+11  153    2 4.2889e+11 4.2824e+11  0.15%  10.0 1772s
 81718 48642 4.2859e+11  183    2 4.2889e+11 4.2824e+11  0.15%   9.9 1776s
 82678 49014 4.2865e+11  213    1 4.2889e+11 4.2824e+11  0.15%   9.9 1781s
 83638 49473 4.2867e+11  243    1 4.2889e+11 4.2824e+11  0.15%   9.9 1787s
 84598 50048 4.2869e+11  273    1 4.2889e+11 4.2824e+11  0.15%   9.8 1792s
 85558 50589 4.2827e+11   59    1 4.2889e+11 4.2824e+11  0.15%   9.8 1798s
 86518 50868 4.2840e+11   89    1 4.2889e+11 4.2824e+11  0.15%   9.8 1805s
 87452 51203 4.2851e+11  119    1 4.2889e+11 4.2824e+11  0.15%   9.8 1811s
 88396 51647 4.2854e+11  144    2 4.2889e+11 4.2824e+11  0.15%   9.8 1820s
 89356 52107 4.2871e+11  172    1 4.2889e+11 4.2824e+11  0.15%   9.7 1825s
 90316 52692 4.2825e+11   59    1 4.2889e+11 4.2824e+11  0.15%   9.7 1830s
 91274 53211 4.2838e+11   89    2 4.2889e+11 4.2824e+11  0.15%   9.7 1837s
 92207 53801 4.2856e+11  118    1 4.2889e+11 4.2824e+11  0.15%   9.7 1842s
 93166 54251 4.2859e+11  146    2 4.2889e+11 4.2824e+11  0.15%   9.7 1849s
 94120 54682 4.2861e+11  173    1 4.2889e+11 4.2824e+11  0.15%   9.7 1854s
 95080 55206 4.2824e+11   40    1 4.2889e+11 4.2824e+11  0.15%   9.6 1859s
 96040 55706 4.2825e+11   61    1 4.2889e+11 4.2824e+11  0.15%   9.6 1864s
 97000 56183 4.2827e+11   89    1 4.2889e+11 4.2824e+11  0.15%   9.5 1871s
 97944 56667 4.2832e+11  116    1 4.2889e+11 4.2824e+11  0.15%   9.5 1876s
 98904 57124 4.2834e+11  146    1 4.2889e+11 4.2824e+11  0.15%   9.5 1881s
 99833 57590 4.2836e+11  176    1 4.2889e+11 4.2824e+11  0.15%   9.5 1886s
 100761 57999 4.2864e+11  196    1 4.2889e+11 4.2824e+11  0.15%   9.5 1893s
 101689 58494 4.2866e+11  226    2 4.2889e+11 4.2824e+11  0.15%   9.5 1901s
 102639 59028 4.2868e+11  256    2 4.2889e+11 4.2824e+11  0.15%   9.5 1906s
 103599 59640 4.2824e+11   40    1 4.2889e+11 4.2824e+11  0.15%   9.5 1913s
 104557 60174 4.2828e+11   70    1 4.2889e+11 4.2824e+11  0.15%   9.5 1919s
 105509 60663 4.2830e+11  100    1 4.2889e+11 4.2824e+11  0.15%   9.5 1924s
 106469 61072 4.2832e+11  130    1 4.2889e+11 4.2824e+11  0.15%   9.4 1929s
 107279 60802 4.2870e+11  271    2 4.2889e+11 4.2824e+11  0.15%   9.4 1930s
 107429 61423 4.2835e+11  160    1 4.2889e+11 4.2824e+11  0.15%   9.4 1935s
 108389 61787 4.2860e+11  190    1 4.2889e+11 4.2824e+11  0.15%   9.4 1941s
 109349 62245 4.2865e+11  220    1 4.2889e+11 4.2824e+11  0.15%   9.4 1946s
 110307 62663 4.2868e+11  250    2 4.2889e+11 4.2824e+11  0.15%   9.4 1952s
 111264 63253 4.2824e+11   37    1 4.2889e+11 4.2824e+11  0.15%   9.4 1959s
 112216 63769 4.2826e+11   67    1 4.2889e+11 4.2824e+11  0.15%   9.4 1967s
 113136 64147 4.2850e+11   97    1 4.2889e+11 4.2824e+11  0.15%   9.4 1972s
 114091 64548 4.2879e+11  127    2 4.2889e+11 4.2824e+11  0.15%   9.3 1977s
 115051 64907 4.2824e+11   41    1 4.2889e+11 4.2824e+11  0.15%   9.3 1983s
 116011 65405 4.2830e+11   71    1 4.2889e+11 4.2824e+11  0.15%   9.3 1990s
 116970 65546 4.2845e+11  101    2 4.2889e+11 4.2824e+11  0.15%   9.3 2007s
 117514 66117 4.2856e+11  118    1 4.2889e+11 4.2824e+11  0.15%   9.3 2015s
 119432 67199 4.2871e+11  176    2 4.2889e+11 4.2824e+11  0.15%   9.2 2024s
 120392 67729 4.2824e+11   43    1 4.2889e+11 4.2824e+11  0.15%   9.2 2029s
 121352 68204 4.2828e+11   73    1 4.2889e+11 4.2824e+11  0.15%   9.2 2034s
 122312 68714 4.2830e+11  103    1 4.2889e+11 4.2824e+11  0.15%   9.1 2039s
 123272 68423 4.2832e+11  133    2 4.2889e+11 4.2824e+11  0.15%   9.1 2093s
 123304 69097 4.2832e+11  134    2 4.2889e+11 4.2824e+11  0.15%   9.1 2098s
 124260 69541 4.2837e+11  164    1 4.2889e+11 4.2824e+11  0.15%   9.1 2103s
 125220 70075 4.2860e+11  194    1 4.2889e+11 4.2824e+11  0.15%   9.1 2107s
 126180 70662 4.2865e+11  224    1 4.2889e+11 4.2824e+11  0.15%   9.1 2112s
 127140 71176 4.2868e+11  254    2 4.2889e+11 4.2824e+11  0.15%   9.1 2117s
 128099 71723 4.2824e+11   44    1 4.2889e+11 4.2824e+11  0.15%   9.1 2121s
 129012 72224 4.2828e+11   74    1 4.2889e+11 4.2824e+11  0.15%   9.1 2127s
 129910 72741 4.2830e+11  104    2 4.2889e+11 4.2824e+11  0.15%   9.2 2132s
 130847 73302 4.2832e+11  134    1 4.2889e+11 4.2824e+11  0.15%   9.2 2136s
 131803 73560 4.2858e+11  164    2 4.2889e+11 4.2824e+11  0.15%   9.2 2142s
 132736 73963 4.2860e+11  194    1 4.2889e+11 4.2824e+11  0.15%   9.3 2147s
 133675 74495 4.2865e+11  224    1 4.2889e+11 4.2824e+11  0.15%   9.3 2151s
 134635 74971 4.2868e+11  254    2 4.2889e+11 4.2824e+11  0.15%   9.3 2157s
 135593 75434 4.2824e+11   46    1 4.2889e+11 4.2824e+11  0.15%   9.3 2162s
 136553 75918 4.2828e+11   76    1 4.2889e+11 4.2824e+11  0.15%   9.2 2167s
 137513 76437 4.2830e+11  106    1 4.2889e+11 4.2824e+11  0.15%   9.2 2172s
 138473 76918 4.2832e+11  136    1 4.2889e+11 4.2824e+11  0.15%   9.2 2178s
 139379 77329 4.2837e+11  166    1 4.2889e+11 4.2824e+11  0.15%   9.3 2185s
 140215 77787 4.2860e+11  196    1 4.2889e+11 4.2824e+11  0.15%   9.3 2190s
 141123 78181 4.2865e+11  226    1 4.2889e+11 4.2824e+11  0.15%   9.4 2196s
 142073 78491 4.2868e+11  256    1 4.2889e+11 4.2824e+11  0.15%   9.4 2203s
 143025 78820 4.2824e+11   44    1 4.2889e+11 4.2824e+11  0.15%   9.4 2209s
 143972 79157 4.2831e+11   74    1 4.2889e+11 4.2824e+11  0.15%   9.4 2215s
 144922 79535 4.2849e+11  104    2 4.2889e+11 4.2824e+11  0.15%   9.3 2221s
 145878 80038 4.2856e+11  134    2 4.2889e+11 4.2824e+11  0.15%   9.3 2227s
 146838 80577 4.2858e+11  159    1 4.2889e+11 4.2824e+11  0.15%   9.3 2236s
 147798 81096 4.2862e+11  185    1 4.2889e+11 4.2824e+11  0.15%   9.3 2242s
 148737 81306 4.2824e+11   52    1 4.2889e+11 4.2824e+11  0.15%   9.3 2249s
 149654 81460 4.2828e+11   82    1 4.2889e+11 4.2824e+11  0.15%   9.3 2256s
 150601 81822 4.2830e+11  112    1 4.2889e+11 4.2824e+11  0.15%   9.3 2262s
 151544 82257 4.2832e+11  142    1 4.2889e+11 4.2824e+11  0.15%   9.3 2268s
 152494 82833 4.2859e+11  172    1 4.2889e+11 4.2824e+11  0.15%   9.3 2274s
 153454 83377 4.2864e+11  202    2 4.2889e+11 4.2824e+11  0.15%   9.3 2280s
 154384 83916 4.2866e+11  232    1 4.2889e+11 4.2824e+11  0.15%   9.3 2286s
 155290 84297 4.2868e+11  262    1 4.2889e+11 4.2824e+11  0.15%   9.4 2292s
 156238 84593 4.2825e+11   42    1 4.2889e+11 4.2824e+11  0.15%   9.4 2298s
 157198 84292 4.2828e+11   57    2 4.2889e+11 4.2824e+11  0.15%   9.4 2348s
 157230 84835 4.2828e+11   58    1 4.2889e+11 4.2824e+11  0.15%   9.4 2353s
 158190 85255 4.2840e+11   75    1 4.2889e+11 4.2824e+11  0.15%   9.4 2359s
 159150 85697 4.2866e+11   90    1 4.2889e+11 4.2824e+11  0.15%   9.3 2366s
 160080 86153 4.2883e+11  102    1 4.2889e+11 4.2824e+11  0.15%   9.3 2373s
 161008 86541 4.2888e+11  109    1 4.2889e+11 4.2824e+11  0.15%   9.4 2381s
 161890 86273 4.2887e+11  131    2 4.2889e+11 4.2824e+11  0.15%   9.4 2450s
 161926 86858     cutoff  132      4.2889e+11 4.2824e+11  0.15%   9.4 2456s
 162853 87338 4.2826e+11   58    1 4.2889e+11 4.2824e+11  0.15%   9.4 2463s
 163784 87877 4.2836e+11   88    1 4.2889e+11 4.2824e+11  0.15%   9.4 2469s
 164735 88496 4.2847e+11  118    1 4.2889e+11 4.2824e+11  0.15%   9.4 2475s
 165695 89091 4.2849e+11  142    2 4.2889e+11 4.2824e+11  0.15%   9.4 2480s
 166655 89473 4.2851e+11  171    1 4.2889e+11 4.2824e+11  0.15%   9.4 2486s
 167615 89710 4.2855e+11  197    1 4.2889e+11 4.2824e+11  0.15%   9.4 2494s
 168564 90057 4.2825e+11   62    1 4.2889e+11 4.2824e+11  0.15%   9.4 2502s
 169499 90499 4.2829e+11   92    2 4.2889e+11 4.2824e+11  0.15%   9.4 2508s
 170429 91104 4.2831e+11  122    1 4.2889e+11 4.2824e+11  0.15%   9.4 2515s
 171388 91907 4.2836e+11  152    1 4.2889e+11 4.2824e+11  0.15%   9.4 2523s
 172348 92605 4.2859e+11  182    2 4.2889e+11 4.2824e+11  0.15%   9.4 2531s
 173304 93266 4.2865e+11  212    1 4.2889e+11 4.2824e+11  0.15%   9.3 2538s
 174262 94012 4.2867e+11  242    2 4.2889e+11 4.2824e+11  0.15%   9.3 2545s
 175208 94757 4.2869e+11  272    1 4.2889e+11 4.2824e+11  0.15%   9.4 2551s
 176160 95650 4.2826e+11   62    1 4.2889e+11 4.2824e+11  0.15%   9.4 2561s
 177120 95680 4.2843e+11   92    2 4.2889e+11 4.2824e+11  0.15%   9.4 2622s
 177152 96559 4.2843e+11   93    1 4.2889e+11 4.2824e+11  0.15%   9.4 2629s
 178107 97381 4.2846e+11  123    1 4.2889e+11 4.2824e+11  0.15%   9.4 2635s
 179020 98140 4.2848e+11  149    1 4.2889e+11 4.2824e+11  0.15%   9.5 2643s
 179972 98989 4.2851e+11  175    1 4.2889e+11 4.2824e+11  0.15%   9.5 2650s
 180922 99748 4.2826e+11   54    1 4.2889e+11 4.2824e+11  0.15%   9.5 2656s
 181871 100469 4.2835e+11   84    1 4.2889e+11 4.2824e+11  0.15%   9.5 2665s
 182815 101163 4.2866e+11  114    1 4.2889e+11 4.2824e+11  0.15%   9.5 2672s
 183767 101884 4.2875e+11  144    1 4.2889e+11 4.2824e+11  0.15%   9.4 2678s
 184722 102693 4.2824e+11   44    1 4.2889e+11 4.2824e+11  0.15%   9.4 2684s
 185682 103391 4.2829e+11   74    2 4.2889e+11 4.2824e+11  0.15%   9.4 2689s
 186642 103882 4.2862e+11  104    2 4.2889e+11 4.2824e+11  0.15%   9.4 2694s
 187601 104439 4.2889e+11  134    1 4.2889e+11 4.2824e+11  0.15%   9.4 2701s
 188561 105090 4.2825e+11   62    1 4.2889e+11 4.2824e+11  0.15%   9.4 2708s
 189516 105876 4.2829e+11   92    3 4.2889e+11 4.2824e+11  0.15%   9.4 2714s
 190463 106763 4.2831e+11  122    1 4.2889e+11 4.2824e+11  0.15%   9.4 2720s
 191418 107595 4.2836e+11  152    1 4.2889e+11 4.2824e+11  0.15%   9.4 2729s
 192314 108291 4.2859e+11  182    2 4.2889e+11 4.2824e+11  0.15%   9.4 2735s
 193235 108960 4.2865e+11  212    1 4.2889e+11 4.2824e+11  0.15%   9.4 2741s
 194190 109782 4.2867e+11  242    2 4.2889e+11 4.2824e+11  0.15%   9.4 2749s
 195146 110646 4.2869e+11  272    1 4.2889e+11 4.2824e+11  0.15%   9.4 2756s
 196094 111521 4.2825e+11   62    1 4.2889e+11 4.2824e+11  0.15%   9.4 2762s
 197034 112303 4.2829e+11   92    3 4.2889e+11 4.2824e+11  0.15%   9.4 2768s
 197965 112893 4.2831e+11  122    1 4.2889e+11 4.2824e+11  0.15%   9.4 2776s
 198919 113538 4.2836e+11  152    1 4.2889e+11 4.2824e+11  0.15%   9.4 2781s
 199879 114288 4.2859e+11  182    2 4.2889e+11 4.2824e+11  0.15%   9.4 2786s
 200839 115051 4.2865e+11  212    1 4.2889e+11 4.2824e+11  0.15%   9.4 2792s
 201799 115936 4.2867e+11  242    2 4.2889e+11 4.2824e+11  0.15%   9.3 2799s
 202747 116692 4.2869e+11  272    1 4.2889e+11 4.2824e+11  0.15%   9.4 2805s
 203655 117557 4.2825e+11   64    1 4.2889e+11 4.2824e+11  0.15%   9.4 2812s
 204586 118394 4.2829e+11   94    3 4.2889e+11 4.2824e+11  0.15%   9.4 2818s
 205545 119287 4.2831e+11  124    1 4.2889e+11 4.2824e+11  0.15%   9.4 2829s
 206505 120171 4.2836e+11  154    1 4.2889e+11 4.2824e+11  0.15%   9.4 2836s
 207462 120777 4.2859e+11  184    1 4.2889e+11 4.2824e+11  0.15%   9.4 2842s
 208421 121271 4.2865e+11  214    2 4.2889e+11 4.2824e+11  0.15%   9.4 2847s
 209381 121391 4.2868e+11  244    1 4.2889e+11 4.2824e+11  0.15%   9.4 2862s
 209703 121877 4.2868e+11  252    2 4.2889e+11 4.2824e+11  0.15%   9.4 2866s
 210663 122488 4.2824e+11   49    2 4.2889e+11 4.2824e+11  0.15%   9.4 2872s
 211623 123281 4.2825e+11   71    1 4.2889e+11 4.2824e+11  0.15%   9.3 2877s
 212583 124114 4.2829e+11   98    1 4.2889e+11 4.2824e+11  0.15%   9.3 2882s
 213543 124984 4.2833e+11  128    2 4.2889e+11 4.2824e+11  0.15%   9.3 2887s
 214503 125759 4.2835e+11  158    1 4.2889e+11 4.2824e+11  0.15%   9.3 2893s
 215455 126365 4.2840e+11  188    1 4.2889e+11 4.2824e+11  0.15%   9.3 2899s
 216407 127033 4.2865e+11  208    1 4.2889e+11 4.2824e+11  0.15%   9.3 2904s
 217367 127809 4.2867e+11  238    1 4.2889e+11 4.2824e+11  0.15%   9.3 2909s
 218326 128575 4.2869e+11  268    1 4.2889e+11 4.2824e+11  0.15%   9.3 2915s
 219285 129505 4.2825e+11   60    1 4.2889e+11 4.2824e+11  0.15%   9.3 2920s
 220245 130376 4.2829e+11   90    1 4.2889e+11 4.2824e+11  0.15%   9.3 2926s
 221198 131128 4.2831e+11  120    2 4.2889e+11 4.2824e+11  0.15%   9.3 2931s
 222156 131774 4.2836e+11  150    1 4.2889e+11 4.2824e+11  0.15%   9.3 2936s
 223116 132245 4.2859e+11  180    1 4.2889e+11 4.2824e+11  0.15%   9.3 2942s
 224076 132815 4.2865e+11  210    2 4.2889e+11 4.2824e+11  0.15%   9.2 2947s
 225033 133556 4.2867e+11  240    1 4.2889e+11 4.2824e+11  0.15%   9.2 2952s
 225988 134263 4.2869e+11  270    1 4.2889e+11 4.2824e+11  0.15%   9.2 2958s
 226948 135021 4.2825e+11   62    1 4.2889e+11 4.2824e+11  0.15%   9.2 2963s
 227908 135745 4.2829e+11   92    2 4.2889e+11 4.2824e+11  0.15%   9.2 2967s
 228868 136535 4.2831e+11  122    2 4.2889e+11 4.2824e+11  0.15%   9.2 2973s
 229827 137232 4.2836e+11  152    1 4.2889e+11 4.2824e+11  0.15%   9.2 2978s
 230781 137712 4.2859e+11  182    2 4.2889e+11 4.2824e+11  0.15%   9.2 2983s
 231741 138298 4.2865e+11  212    1 4.2889e+11 4.2824e+11  0.15%   9.2 2986s
 232701 139039 4.2867e+11  242    2 4.2889e+11 4.2824e+11  0.15%   9.1 2993s
 233637 139737 4.2869e+11  272    1 4.2889e+11 4.2824e+11  0.15%   9.1 2998s
 234577 140530 4.2826e+11   64    1 4.2889e+11 4.2824e+11  0.15%   9.1 3006s
 235520 140555 4.2845e+11   94    1 4.2889e+11 4.2824e+11  0.15%   9.1 3069s
 235552 141348 4.2845e+11   95    1 4.2889e+11 4.2824e+11  0.15%   9.1 3074s
 236512 142168 4.2852e+11  125    3 4.2889e+11 4.2824e+11  0.15%   9.1 3080s
 237472 142901 4.2879e+11  154    1 4.2889e+11 4.2824e+11  0.15%   9.1 3086s
 238432 143562 4.2827e+11   65    2 4.2889e+11 4.2824e+11  0.15%   9.1 3092s
 239386 144426 4.2829e+11   95    1 4.2889e+11 4.2824e+11  0.15%   9.1 3099s
 240344 145353 4.2831e+11  125    1 4.2889e+11 4.2824e+11  0.15%   9.1 3105s
 241288 146132 4.2835e+11  155    1 4.2889e+11 4.2824e+11  0.15%   9.1 3111s
 242209 146694 4.2859e+11  185    1 4.2889e+11 4.2824e+11  0.15%   9.1 3117s
 243150 147318 4.2865e+11  215    1 4.2889e+11 4.2824e+11  0.15%   9.1 3122s
 244110 147968 4.2868e+11  245    1 4.2889e+11 4.2824e+11  0.15%   9.1 3127s
 245069 148690 4.2870e+11  275    1 4.2889e+11 4.2824e+11  0.15%   9.1 3133s
 246029 149476 4.2831e+11   73    1 4.2889e+11 4.2824e+11  0.15%   9.1 3139s
 246982 150204 4.2859e+11  103    2 4.2889e+11 4.2824e+11  0.15%   9.1 3146s
 247933 151061 4.2877e+11  133    2 4.2889e+11 4.2824e+11  0.15%   9.1 3153s
 248877 151937 4.2889e+11  160    1 4.2889e+11 4.2824e+11  0.15%   9.1 3161s
 249837 152809 4.2825e+11   62    1 4.2889e+11 4.2824e+11  0.15%   9.1 3167s
 250797 153636 4.2829e+11   92    2 4.2889e+11 4.2824e+11  0.15%   9.1 3172s
 251755 154516 4.2831e+11  122    2 4.2889e+11 4.2824e+11  0.15%   9.1 3178s
 252715 155350 4.2836e+11  152    1 4.2889e+11 4.2824e+11  0.15%   9.1 3184s
 253675 156122 4.2859e+11  182    2 4.2889e+11 4.2824e+11  0.15%   9.0 3189s
 254635 156868 4.2865e+11  212    1 4.2889e+11 4.2824e+11  0.15%   9.0 3194s
 255590 157637 4.2867e+11  242    2 4.2889e+11 4.2824e+11  0.15%   9.0 3202s
 256543 158520 4.2869e+11  272    1 4.2889e+11 4.2824e+11  0.15%   9.1 3222s
 257503 159438 4.2825e+11   66    1 4.2889e+11 4.2824e+11  0.15%   9.0 3227s
 258463 160203 4.2829e+11   96    3 4.2889e+11 4.2824e+11  0.15%   9.0 3233s
 259422 160861 4.2831e+11  126    1 4.2889e+11 4.2824e+11  0.15%   9.0 3238s
 260382 161588 4.2836e+11  156    1 4.2889e+11 4.2824e+11  0.15%   9.0 3243s
 261342 162356 4.2859e+11  186    1 4.2889e+11 4.2824e+11  0.15%   9.0 3248s
 262302 163123 4.2865e+11  216    2 4.2889e+11 4.2824e+11  0.15%   9.0 3253s
 263262 163975 4.2868e+11  246    3 4.2889e+11 4.2824e+11  0.15%   9.0 3258s
 264222 164735 infeasible  272      4.2889e+11 4.2824e+11  0.15%   9.0 3267s
 265182 165568 4.2828e+11   71    1 4.2889e+11 4.2824e+11  0.15%   9.0 3273s
 266142 166524 4.2830e+11  101    2 4.2889e+11 4.2824e+11  0.15%   9.0 3278s
 267102 167408 4.2832e+11  131    1 4.2889e+11 4.2824e+11  0.15%   9.0 3284s
 268058 168306 4.2836e+11  161    1 4.2889e+11 4.2824e+11  0.15%   9.0 3289s
 269017 169002 4.2860e+11  191    1 4.2889e+11 4.2824e+11  0.15%   9.0 3295s
 269958 169628 4.2865e+11  221    1 4.2889e+11 4.2824e+11  0.15%   9.0 3301s
 270877 170265 4.2868e+11  251    1 4.2889e+11 4.2824e+11  0.15%   9.0 3307s
 271816 170965 4.2825e+11   47    1 4.2889e+11 4.2824e+11  0.15%   9.0 3313s
 272776 171710 4.2829e+11   77    1 4.2889e+11 4.2824e+11  0.15%   9.0 3319s
 273736 172490 4.2841e+11  107    2 4.2889e+11 4.2824e+11  0.15%   9.0 3324s
 274696 173235 4.2843e+11  136    1 4.2889e+11 4.2824e+11  0.15%   9.0 3330s
 275656 174014 4.2847e+11  162    1 4.2889e+11 4.2824e+11  0.15%   9.0 3336s
 276616 174662 4.2871e+11  190    1 4.2889e+11 4.2824e+11  0.15%   9.0 3341s
 277569 175504 4.2826e+11   61    1 4.2889e+11 4.2824e+11  0.15%   9.0 3346s
 278529 176330 4.2840e+11   91    1 4.2889e+11 4.2824e+11  0.15%   9.0 3351s
 279489 177085 4.2865e+11  121    1 4.2889e+11 4.2824e+11  0.15%   9.0 3357s
 280444 177716 4.2867e+11  149    1 4.2889e+11 4.2824e+11  0.15%   8.9 3362s
 281403 178400 4.2825e+11   46    1 4.2889e+11 4.2824e+11  0.15%   8.9 3367s
 282363 179137 4.2829e+11   76    1 4.2889e+11 4.2824e+11  0.15%   8.9 3372s
 283322 179963 4.2832e+11  106    2 4.2889e+11 4.2824e+11  0.15%   8.9 3377s
 284282 180751 4.2834e+11  136    2 4.2889e+11 4.2824e+11  0.15%   8.9 3382s
 285230 181421 4.2839e+11  164    2 4.2889e+11 4.2824e+11  0.15%   8.9 3387s
 286162 181975 4.2844e+11  181    1 4.2889e+11 4.2824e+11  0.15%   8.9 3393s
 287103 182617 4.2824e+11   38    2 4.2889e+11 4.2824e+11  0.15%   8.9 3398s
 288063 183451 4.2825e+11   60    1 4.2889e+11 4.2824e+11  0.15%   8.9 3404s
 289023 184315 4.2826e+11   72    2 4.2889e+11 4.2824e+11  0.15%   8.9 3409s
 289983 185211 4.2829e+11   94    1 4.2889e+11 4.2824e+11  0.15%   8.9 3413s
 290943 186102 4.2833e+11  124    3 4.2889e+11 4.2824e+11  0.15%   8.9 3418s
 291903 186979 4.2835e+11  154    1 4.2889e+11 4.2824e+11  0.15%   8.9 3423s
 292862 187763 4.2840e+11  184    1 4.2889e+11 4.2824e+11  0.15%   8.9 3429s
 293808 188593 4.2864e+11  197    2 4.2889e+11 4.2824e+11  0.15%   8.9 3438s
 294762 189435 4.2865e+11  218    1 4.2889e+11 4.2824e+11  0.15%   8.9 3444s
 295708 190224 4.2868e+11  248    2 4.2889e+11 4.2824e+11  0.15%   8.9 3450s
 296658 191144 4.2889e+11  271    1 4.2889e+11 4.2824e+11  0.15%   8.9 3456s
 297618 192028 4.2829e+11   69    1 4.2889e+11 4.2824e+11  0.15%   8.9 3461s
 298578 192060 4.2857e+11   99    2 4.2889e+11 4.2824e+11  0.15%   8.9 3513s
 298610 192995 4.2861e+11  100    1 4.2889e+11 4.2824e+11  0.15%   8.9 3519s
 299570 193720 4.2878e+11  130    1 4.2889e+11 4.2824e+11  0.15%   8.9 3525s
 300495 194342 4.2824e+11   46    1 4.2889e+11 4.2824e+11  0.15%   8.9 3532s
 301353 194938 4.2828e+11   76    1 4.2889e+11 4.2824e+11  0.15%   9.0 3538s
 302184 195571 4.2830e+11  106    2 4.2889e+11 4.2824e+11  0.15%   9.0 3544s
 302977 196417 4.2832e+11  129    1 4.2889e+11 4.2824e+11  0.15%   9.0 3550s
 303937 197316 4.2836e+11  159    1 4.2889e+11 4.2824e+11  0.15%   9.0 3557s
 304895 198142 4.2860e+11  189    1 4.2889e+11 4.2824e+11  0.15%   9.0 3564s
 305855 198891 4.2865e+11  219    1 4.2889e+11 4.2824e+11  0.15%   9.0 3571s
 306815 199510 4.2868e+11  249    2 4.2889e+11 4.2824e+11  0.15%   9.0 3579s
 307773 200134 4.2824e+11   43    2 4.2889e+11 4.2824e+11  0.15%   9.0 3585s
 308733 200954 4.2826e+11   73    1 4.2889e+11 4.2824e+11  0.15%   9.0 3593s
 309693 201730 4.2831e+11  103    1 4.2889e+11 4.2824e+11  0.15%   9.0 3600s

Cutting planes:
  Implied bound: 3
  MIR: 4
  Flow cover: 5
  Relax-and-lift: 2

Explored 310637 nodes (2854877 simplex iterations) in 3600.41 seconds (2168.79 work units)
Thread count was 32 (of 36 available processors)

Solution count 3: 4.28894e+11 4.28894e+11 4.28904e+11 

Time limit reached
Best objective 4.288940182880e+11, best bound 4.282418706717e+11, gap 0.1521%

User-callback calls 1043555, time in user-callback 0.44 sec
Set parameter TokenServer to value "license-1.hpc.nrel.gov"
Set parameter TimeLimit to value 3600
Set parameter MIPGap to value 0.001
Set parameter MIPGap to value 0.001
Set parameter TimeLimit to value 3600
Gurobi Optimizer version 9.5.1 build v9.5.1rc2 (linux64)
Thread count: 36 physical cores, 36 logical processors, using up to 32 threads
Optimize a model with 96828 rows, 1144312 columns and 2348570 nonzeros
Model fingerprint: 0x5788901e
Coefficient statistics:
  Matrix range     [1e+00, 1e+05]
  Objective range  [3e-01, 7e+08]
  Bounds range     [1e+00, 1e+08]
  RHS range        [8e-01, 2e+06]

Concurrent LP optimizer: primal simplex, dual simplex, and barrier
Showing barrier log only...

Presolve removed 89030 rows and 561984 columns
Presolve time: 1.47s
Presolved: 7798 rows, 582328 columns, 1160340 nonzeros

Ordering time: 0.02s

Barrier statistics:
 AA' NZ     : 5.780e+05
 Factor NZ  : 1.063e+06 (roughly 240 MB of memory)
 Factor Ops : 1.876e+08 (less than 1 second per iteration)
 Threads    : 30

                  Objective                Residual
Iter       Primal          Dual         Primal    Dual     Compl     Time
   0   3.18542027e+12 -1.34218347e+11  4.74e+06 2.73e+02  3.88e+07     2s
   1   5.40116029e+11  2.48729204e+11  1.44e+05 9.09e-13  1.47e+06     2s
   2   4.55035815e+11  3.67361826e+11  6.35e+03 3.59e-11  1.89e+05     2s
   3   4.49931905e+11  3.95736743e+11  3.18e+03 2.18e-11  1.10e+05     2s
   4   4.44116014e+11  4.10984194e+11  1.20e+03 1.87e-01  6.23e+04     2s
   5   4.41166907e+11  4.19303003e+11  7.30e+02 7.28e-12  4.03e+04     2s
   6   4.36462771e+11  4.23545957e+11  2.58e+02 4.09e-12  2.29e+04     2s
   7   4.34998198e+11  4.25732978e+11  1.81e+02 2.73e-12  1.63e+04     2s

Barrier performed 7 iterations in 2.47 seconds (1.30 work units)
Barrier solve interrupted - model solved by another algorithm


Solved with primal simplex
Solved in 56692 iterations and 2.48 seconds (1.37 work units)
Optimal objective  4.288940183e+11

User-callback calls 121, time in user-callback 0.00 sec
[ Info:  started timer at: 2023-03-26T19:17:53.304
[ Info: Reading /projects/pvsoiling/RELOG/Manufacturing_NAICS_05/input/solver/case.json...
[ Info:          134 collection centers
[ Info:          309 candidate plant locations
[ Info: Building graph...
[ Info:           26 time periods
[ Info:          309 process nodes
[ Info:          309 shipping nodes (plant)
[ Info:          134 shipping nodes (collection)
[ Info:        41715 arcs
[ Info: Building optimization model...
[ Info: Optimizing MILP...
[ Info: Re-optimizing with integer variables fixed...
[ Info: Extracting solution...
[ Info:       3653.657603793s: 1 hour, 53 seconds, 657 milliseconds
