Set parameter TokenServer to value "license-1.hpc.nrel.gov"
Set parameter TimeLimit to value 3600
Set parameter MIPGap to value 0.001
Set parameter MIPGap to value 0.001
Set parameter TimeLimit to value 3600
Gurobi Optimizer version 9.5.1 build v9.5.1rc2 (linux64)
Thread count: 36 physical cores, 36 logical processors, using up to 32 threads
Optimize a model with 91884 rows, 1144312 columns and 2343626 nonzeros
Model fingerprint: 0xce77ce4c
Variable types: 1128244 continuous, 16068 integer (16068 binary)
Coefficient statistics:
  Matrix range     [1e+00, 1e+05]
  Objective range  [3e-01, 7e+08]
  Bounds range     [1e+05, 1e+08]
  RHS range        [8e-01, 8e+05]
Presolve removed 78516 rows and 59104 columns (presolve time = 5s) ...
Presolve removed 78516 rows and 59104 columns
Presolve time: 5.82s
Presolved: 13368 rows, 1085208 columns, 2177523 nonzeros
Variable types: 1075320 continuous, 9888 integer (9888 binary)

Deterministic concurrent LP optimizer: primal and dual simplex
Showing first log only...


Root simplex log...

Iteration    Objective       Primal Inf.    Dual Inf.      Time
       0    2.1808015e+11   7.899217e+05   2.288790e+10      9s
  116295    2.5296220e+11   1.908872e+05   3.442100e+10     10s
  326553    2.8670478e+11   6.715599e+02   1.001898e+10     15s
Concurrent spin time: 0.02s

Solved with dual simplex

Root relaxation: objective 2.913802e+11, 73586 iterations, 9.12 seconds (7.70 work units)

    Nodes    |    Current Node    |     Objective Bounds      |     Work
 Expl Unexpl |  Obj  Depth IntInf | Incumbent    BestBd   Gap | It/Node Time

     0     0 2.9138e+11    0   62          - 2.9138e+11      -     -   18s
H    0     0                    2.971082e+11 2.9138e+11  1.93%     -   19s
H    0     0                    2.968065e+11 2.9138e+11  1.83%     -   20s
H    0     0                    2.956795e+11 2.9138e+11  1.45%     -   22s
H    0     0                    2.953526e+11 2.9138e+11  1.34%     -   24s
     0     0 2.9138e+11    0   42 2.9535e+11 2.9138e+11  1.34%     -   26s
H    0     0                    2.945996e+11 2.9138e+11  1.09%     -   27s
H    0     0                    2.940752e+11 2.9138e+11  0.92%     -   29s
     0     0 2.9138e+11    0   49 2.9408e+11 2.9138e+11  0.92%     -   29s
     0     0 2.9138e+11    0   45 2.9408e+11 2.9138e+11  0.92%     -   31s
H    0     0                    2.937125e+11 2.9138e+11  0.79%     -   33s
H    0     0                    2.917288e+11 2.9138e+11  0.12%     -   34s
     0     0 2.9138e+11    0   52 2.9173e+11 2.9138e+11  0.12%     -   35s
     0     0 2.9138e+11    0   44 2.9173e+11 2.9138e+11  0.12%     -   35s
     0     0 2.9138e+11    0   42 2.9173e+11 2.9138e+11  0.12%     -   38s
     0     0 2.9138e+11    0   28 2.9173e+11 2.9138e+11  0.12%     -   39s
     0     0 2.9138e+11    0   41 2.9173e+11 2.9138e+11  0.12%     -   40s
     0     0 2.9138e+11    0   34 2.9173e+11 2.9138e+11  0.12%     -   41s
     0     0 2.9138e+11    0   20 2.9173e+11 2.9138e+11  0.12%     -   42s
     0     0 2.9138e+11    0   20 2.9173e+11 2.9138e+11  0.12%     -   45s
     0     0 2.9138e+11    0   20 2.9173e+11 2.9138e+11  0.12%     -   47s
     0     0 2.9138e+11    0   26 2.9173e+11 2.9138e+11  0.12%     -   48s
     0     0 2.9138e+11    0   26 2.9173e+11 2.9138e+11  0.12%     -   53s
     0     2 2.9138e+11    0   26 2.9173e+11 2.9138e+11  0.12%     -   60s
     3     8 2.9138e+11    2   55 2.9173e+11 2.9138e+11  0.12%   144   66s
    31    64 2.9138e+11    5   38 2.9173e+11 2.9138e+11  0.12%  63.4   72s
    95   128 2.9138e+11    7   46 2.9173e+11 2.9138e+11  0.12%  47.0  182s
   127   160 2.9139e+11    7   21 2.9173e+11 2.9138e+11  0.12%  42.5  185s
   191   224 2.9138e+11    9   36 2.9173e+11 2.9138e+11  0.12%  36.7  193s
   223   360 2.9138e+11   10   59 2.9173e+11 2.9138e+11  0.12%  35.6  198s
   359   392 2.9138e+11   11   62 2.9173e+11 2.9138e+11  0.12%  32.2  234s
   391   608 2.9139e+11   12   33 2.9173e+11 2.9138e+11  0.12%  32.8  262s
   607  1367 2.9139e+11   17   21 2.9173e+11 2.9138e+11  0.12%  38.5  295s
  1384  2240 2.9139e+11   42   32 2.9173e+11 2.9138e+11  0.12%  73.6  320s
  2312  3087 2.9144e+11   64   26 2.9173e+11 2.9138e+11  0.12%  94.1  339s
  3208  3762 2.9146e+11   90   33 2.9173e+11 2.9138e+11  0.12%   102  366s
  3920  4583 2.9146e+11  101   39 2.9173e+11 2.9138e+11  0.12%  95.9  384s
  4818  5410 2.9147e+11  130   14 2.9173e+11 2.9138e+11  0.12%  91.5  401s
  5731  6185 2.9149e+11  159   15 2.9173e+11 2.9138e+11  0.12%  87.0  419s
  5905  6185 2.9146e+11  178   16 2.9173e+11 2.9138e+11  0.12%  86.0  420s
  6636  7020 2.9151e+11  186   53 2.9173e+11 2.9138e+11  0.12%  84.3  437s
  7554  7812 2.9152e+11  215   52 2.9173e+11 2.9138e+11  0.12%  81.2  455s
  8480  8639 2.9152e+11  244   15 2.9173e+11 2.9138e+11  0.12%  78.4  469s
  9400  9044 2.9153e+11  273   36 2.9173e+11 2.9138e+11  0.12%  75.5  495s
  9876  9760     cutoff  292      2.9173e+11 2.9138e+11  0.12%  73.7  505s
 10795 10532 2.9157e+11  319   14 2.9173e+11 2.9138e+11  0.12%  72.6  526s
 11694 11278 2.9159e+11  348   22 2.9173e+11 2.9138e+11  0.12%  70.1  547s
 12611 12015 2.9160e+11  377   54 2.9173e+11 2.9138e+11  0.12%  67.7  584s
 13511 12749 2.9162e+11  406   28 2.9173e+11 2.9138e+11  0.12%  66.8  603s
 14387 13405 2.9163e+11  435   14 2.9173e+11 2.9138e+11  0.12%  66.0  624s
 15260 13406 2.9171e+11  279   26 2.9173e+11 2.9138e+11  0.12%  65.5  661s
 15262 13407 2.9138e+11   12   46 2.9173e+11 2.9138e+11  0.12%  65.5  680s
 15263 13408 2.9160e+11  146   32 2.9173e+11 2.9138e+11  0.12%  65.5  689s
 15264 13409 2.9153e+11  253   35 2.9173e+11 2.9138e+11  0.12%  65.5  690s
 15265 13409 2.9147e+11  121   21 2.9173e+11 2.9138e+11  0.12%  65.5  695s
 15266 13410 2.9146e+11  144   20 2.9173e+11 2.9138e+11  0.12%  65.5  702s
 15267 13411 2.9139e+11   17   20 2.9173e+11 2.9138e+11  0.12%  65.5  706s
 15268 13411 2.9166e+11  198   12 2.9173e+11 2.9138e+11  0.12%  65.5  717s
 15269 13412 2.9141e+11   72   25 2.9173e+11 2.9138e+11  0.12%  65.5  721s
 15271 13413 2.9164e+11  304   20 2.9173e+11 2.9138e+11  0.12%  65.5  728s
 15272 13414 2.9151e+11  220   12 2.9173e+11 2.9138e+11  0.12%  65.5  730s
 15273 13415 2.9152e+11  247   25 2.9173e+11 2.9138e+11  0.12%  65.5  735s
 15275 13416 2.9150e+11  176   20 2.9173e+11 2.9138e+11  0.12%  65.4  743s
 15276 13417 2.9160e+11  425   20 2.9173e+11 2.9138e+11  0.12%  65.4  747s
 15277 13417 2.9149e+11  258   20 2.9173e+11 2.9138e+11  0.12%  65.4  750s
 15278 13418 2.9162e+11  238   20 2.9173e+11 2.9138e+11  0.12%  65.4  756s
 15279 13419 2.9144e+11   73   20 2.9173e+11 2.9138e+11  0.12%  65.4  761s
 15281 13420 2.9163e+11  228   20 2.9173e+11 2.9138e+11  0.12%  65.4  794s
 15282 13424 2.9138e+11   10   32 2.9173e+11 2.9138e+11  0.12%  68.8  802s
 15284 13427 2.9138e+11   11   32 2.9173e+11 2.9138e+11  0.12%  68.8  805s
 15312 13474 2.9138e+11   14   24 2.9173e+11 2.9138e+11  0.12%  68.8  850s
 15376 13516 2.9139e+11   15   17 2.9173e+11 2.9138e+11  0.12%  68.8  918s
 15408 13538 2.9138e+11   16   27 2.9173e+11 2.9138e+11  0.12%  68.7 1007s
 15472 13608 2.9138e+11   17   19 2.9173e+11 2.9138e+11  0.12%  68.5 1011s
 15532 13799 2.9138e+11   18   19 2.9173e+11 2.9138e+11  0.12%  68.4 1018s
 15743 13909 2.9138e+11   21   27 2.9173e+11 2.9138e+11  0.12%  68.0 1035s
 15923 14677 2.9139e+11   26   49 2.9173e+11 2.9138e+11  0.12%  67.9 1068s
 16755 15357 2.9142e+11   42   37 2.9173e+11 2.9138e+11  0.12%  70.1 1099s
 17779 15936 2.9139e+11   58   11 2.9173e+11 2.9138e+11  0.12%  73.2 1124s
 18803 16544 2.9141e+11   74   11 2.9173e+11 2.9138e+11  0.12%  73.7 1149s
 19825 17148 2.9142e+11   90    7 2.9173e+11 2.9138e+11  0.12%  73.4 1171s
 20824 17503 2.9143e+11  106   11 2.9173e+11 2.9138e+11  0.12%  73.7 1218s
 21522 18241 2.9145e+11  122   15 2.9173e+11 2.9138e+11  0.12%  73.2 1235s
 22546 18841 2.9145e+11  138   11 2.9173e+11 2.9138e+11  0.12%  72.5 1249s
 23570 19394 2.9147e+11  154   15 2.9173e+11 2.9138e+11  0.12%  71.6 1293s
 24593 19906 2.9148e+11  170    7 2.9173e+11 2.9138e+11  0.12%  70.7 1308s
 25617 20544 2.9151e+11  186    7 2.9173e+11 2.9138e+11  0.12%  70.2 1318s
 26641 21107 2.9154e+11  202   15 2.9173e+11 2.9138e+11  0.12%  69.5 1338s
 27603 21728 2.9154e+11  218   15 2.9173e+11 2.9138e+11  0.12%  69.1 1348s
 28627 22312 2.9154e+11  234   11 2.9173e+11 2.9138e+11  0.12%  68.7 1358s
 29651 22933 2.9147e+11  251   20 2.9173e+11 2.9138e+11  0.12%  68.0 1369s
 30675 23530 2.9148e+11  267   20 2.9173e+11 2.9138e+11  0.12%  67.9 1383s
 31699 24090 2.9148e+11  283   22 2.9173e+11 2.9138e+11  0.12%  67.5 1390s
 32674 23891 2.9149e+11  292   33 2.9173e+11 2.9138e+11  0.12%  66.9 1401s
 32842 24749 2.9157e+11  292   15 2.9173e+11 2.9138e+11  0.12%  66.8 1409s
 33823 25287 2.9149e+11  303   15 2.9173e+11 2.9138e+11  0.12%  66.5 1416s
 34792 25817 2.9150e+11  315   11 2.9173e+11 2.9138e+11  0.12%  66.1 1423s
 35784 26328 2.9152e+11  340   11 2.9173e+11 2.9138e+11  0.12%  65.6 1431s
 36747 26820 2.9154e+11  363   11 2.9173e+11 2.9138e+11  0.12%  65.2 1437s
 37708 27336     cutoff  386      2.9173e+11 2.9138e+11  0.12%  64.8 1444s
 38676 27865     cutoff  407      2.9173e+11 2.9138e+11  0.12%  64.3 1451s
 39602 28405 2.9158e+11  427    9 2.9173e+11 2.9138e+11  0.12%  64.1 1457s
 40514 28220 2.9160e+11  452    9 2.9173e+11 2.9138e+11  0.12%  64.2 1481s
 40651 29044 2.9160e+11  462    6 2.9173e+11 2.9138e+11  0.12%  64.1 1488s
 41626 29587 2.9139e+11   36   15 2.9173e+11 2.9138e+11  0.12%  63.8 1495s
 42579 30091 2.9144e+11   65    9 2.9173e+11 2.9138e+11  0.12%  63.6 1501s
 43464 30556 2.9160e+11   90    8 2.9173e+11 2.9138e+11  0.12%  63.7 1508s
 44317 31084 2.9162e+11  108   21 2.9173e+11 2.9138e+11  0.12%  64.2 1515s
 45237 31602 2.9163e+11  138   27 2.9173e+11 2.9138e+11  0.12%  64.2 1522s
 46127 32153 2.9165e+11  168   26 2.9173e+11 2.9138e+11  0.12%  64.5 1529s
 47022 32579 2.9167e+11  199   18 2.9173e+11 2.9138e+11  0.12%  64.8 1536s
 47890 33157 2.9168e+11  226   24 2.9173e+11 2.9138e+11  0.12%  65.2 1543s
 48849 33580 2.9170e+11  255   13 2.9173e+11 2.9138e+11  0.12%  65.1 1551s
 49696 34087     cutoff  280      2.9173e+11 2.9138e+11  0.12%  65.7 1558s
 50634 34504 2.9139e+11   47   21 2.9173e+11 2.9138e+11  0.12%  65.9 1565s
 51568 35030 2.9141e+11   79    9 2.9173e+11 2.9138e+11  0.12%  66.0 1573s
 52481 34912 2.9142e+11  111   18 2.9173e+11 2.9138e+11  0.12%  66.1 1596s
 52672 35716 2.9143e+11  126   31 2.9173e+11 2.9138e+11  0.12%  66.1 1603s
 53612 36321 2.9146e+11  158   18 2.9173e+11 2.9138e+11  0.12%  66.1 1611s
 54562 36889 2.9146e+11  190   19 2.9173e+11 2.9138e+11  0.12%  66.1 1618s
 55527 37453 2.9147e+11  222   22 2.9173e+11 2.9138e+11  0.12%  66.0 1626s
 56501 38390 2.9148e+11  254   16 2.9173e+11 2.9138e+11  0.12%  65.7 1634s
 57474 39243 2.9150e+11  286   17 2.9173e+11 2.9138e+11  0.12%  65.4 1641s
 58415 40140 2.9153e+11  318   28 2.9173e+11 2.9138e+11  0.12%  65.2 1648s
 59397 41070 2.9155e+11  350   26 2.9173e+11 2.9138e+11  0.12%  64.9 1656s
 60384 41071 2.9144e+11  167   26 2.9173e+11 2.9138e+11  0.12%  64.5 1943s
 60386 41072 2.9161e+11  360   46 2.9173e+11 2.9138e+11  0.12%  64.5 1961s
 60387 41073 2.9150e+11  157   40 2.9173e+11 2.9138e+11  0.12%  64.5 1970s
 60390 41075 2.9150e+11  231   20 2.9173e+11 2.9138e+11  0.12%  64.5 1995s
 60391 41076 2.9141e+11   32   20 2.9173e+11 2.9138e+11  0.12%  64.5 2006s
 60392 41076 2.9141e+11   63   20 2.9173e+11 2.9138e+11  0.12%  64.5 2017s
 60393 41077 2.9164e+11  427   20 2.9173e+11 2.9138e+11  0.12%  64.5 2027s
 60394 41078 2.9158e+11  265   20 2.9173e+11 2.9138e+11  0.12%  64.5 2047s
 60395 41078 2.9141e+11   43   20 2.9173e+11 2.9138e+11  0.12%  64.5 2057s
 60396 41079 2.9150e+11  288   20 2.9173e+11 2.9138e+11  0.12%  64.5 2067s
 60397 41080 2.9149e+11  268   20 2.9173e+11 2.9138e+11  0.12%  64.5 2078s
 60398 41080 2.9166e+11  163   20 2.9173e+11 2.9138e+11  0.12%  64.5 2087s
 60399 41081 2.9139e+11   44   20 2.9173e+11 2.9138e+11  0.12%  64.5 2098s
 60400 41082 2.9170e+11   79   20 2.9173e+11 2.9138e+11  0.12%  64.5 2107s
 60401 41082 2.9156e+11  206   20 2.9173e+11 2.9138e+11  0.12%  64.5 2119s
 60402 41083 2.9139e+11   21   20 2.9173e+11 2.9138e+11  0.12%  64.5 2128s
 60403 41084 2.9147e+11  197   20 2.9173e+11 2.9138e+11  0.12%  64.5 2147s
 60404 41084 2.9139e+11   42   20 2.9173e+11 2.9138e+11  0.12%  64.5 2160s
 60405 41085 2.9140e+11   68   20 2.9173e+11 2.9138e+11  0.12%  64.5 2168s
 60406 41086 2.9139e+11   53   20 2.9173e+11 2.9138e+11  0.12%  64.4 2179s
 60407 41086 2.9140e+11   71   20 2.9173e+11 2.9138e+11  0.12%  64.4 2188s
 60408 41087 2.9141e+11   45   20 2.9173e+11 2.9138e+11  0.12%  64.4 2199s
 60409 41088 2.9139e+11   25   20 2.9173e+11 2.9138e+11  0.12%  64.4 2209s
 60410 41088 2.9162e+11  211   20 2.9173e+11 2.9138e+11  0.12%  64.4 2220s
 60411 41089 2.9153e+11  171   20 2.9173e+11 2.9138e+11  0.12%  64.4 2228s
 60412 41090 2.9157e+11   97   20 2.9173e+11 2.9138e+11  0.12%  64.4 2240s
 60413 41090 2.9153e+11   76   20 2.9173e+11 2.9138e+11  0.12%  64.4 2249s
 60414 41091 2.9140e+11   57   20 2.9173e+11 2.9138e+11  0.12%  64.4 2267s
 60415 41092 2.9164e+11  410   20 2.9173e+11 2.9138e+11  0.12%  64.4 2278s
 60416 41092 2.9140e+11   51   20 2.9173e+11 2.9138e+11  0.12%  64.4 2287s
 60417 41093 2.9162e+11  173   24 2.9173e+11 2.9138e+11  0.12%  64.4 2298s
 60418 41094 2.9151e+11  186   12 2.9173e+11 2.9138e+11  0.12%  64.4 2307s
 60419 41094 2.9154e+11  332   12 2.9173e+11 2.9138e+11  0.12%  64.4 2329s
 60420 41095 2.9153e+11  185   12 2.9173e+11 2.9138e+11  0.12%  64.4 2338s
 60421 41096 2.9154e+11  341   12 2.9173e+11 2.9138e+11  0.12%  64.4 2369s
 60422 41099 2.9138e+11   21   22 2.9173e+11 2.9138e+11  0.12%  65.4 2386s
 60428 41109 2.9138e+11   23   19 2.9173e+11 2.9138e+11  0.12%  65.4 2400s
 60452 41149 2.9138e+11   25   14 2.9173e+11 2.9138e+11  0.12%  65.4 2429s
 60484 41171 2.9138e+11   26   26 2.9173e+11 2.9138e+11  0.12%  65.4 2432s
 60516 41192 2.9139e+11   26   17 2.9173e+11 2.9138e+11  0.12%  65.4 2564s
 60548 41213 2.9138e+11   27   29 2.9173e+11 2.9138e+11  0.12%  65.4 2567s
 60612 41256 2.9138e+11   28   24 2.9173e+11 2.9138e+11  0.12%  65.3 2583s
 60644 41304 2.9138e+11   28   36 2.9173e+11 2.9138e+11  0.12%  65.3 2586s
 60703 41377 2.9138e+11   29   28 2.9173e+11 2.9138e+11  0.12%  65.3 2593s
 60795 41767 2.9138e+11   30   17 2.9173e+11 2.9138e+11  0.12%  65.3 2617s
 61216 42155 2.9139e+11   36   14 2.9173e+11 2.9138e+11  0.12%  65.3 2666s
 61754 42940 2.9139e+11   50   41 2.9173e+11 2.9138e+11  0.12%  65.7 2711s
 62809 43533 2.9140e+11   66   13 2.9173e+11 2.9138e+11  0.12%  66.6 2748s
 63863 44164 2.9140e+11   83    8 2.9173e+11 2.9138e+11  0.12%  67.1 2769s
 64919 44821 2.9144e+11   99   13 2.9173e+11 2.9138e+11  0.12%  67.1 2790s
 65975 45324 2.9142e+11  116   11 2.9173e+11 2.9138e+11  0.12%  67.0 2818s
 66862 46053 2.9147e+11  132   19 2.9173e+11 2.9138e+11  0.12%  66.9 2833s
 67918 46755 2.9143e+11  149   19 2.9173e+11 2.9138e+11  0.12%  66.6 2846s
 68974 47202 2.9151e+11  165    9 2.9173e+11 2.9138e+11  0.12%  66.2 2866s
 70030 47736 2.9146e+11  182   34 2.9173e+11 2.9138e+11  0.12%  66.0 2878s
 71086 48348 2.9154e+11  198   17 2.9173e+11 2.9138e+11  0.12%  65.8 2892s
 72140 48685 2.9147e+11  215   25 2.9173e+11 2.9138e+11  0.12%  65.7 2920s
 72910 49385 2.9147e+11  232   23 2.9173e+11 2.9138e+11  0.12%  65.6 2930s
 73966 49939 2.9148e+11  249   20 2.9173e+11 2.9138e+11  0.12%  65.8 2939s
 75022 50464 2.9148e+11  268   29 2.9173e+11 2.9138e+11  0.12%  65.8 2949s
 76078 51032 2.9157e+11  285   17 2.9173e+11 2.9138e+11  0.12%  65.8 2960s
 77131 51650 2.9161e+11  309   17 2.9173e+11 2.9138e+11  0.12%  66.0 2970s
 78187 52266 2.9151e+11  335   22 2.9173e+11 2.9138e+11  0.12%  66.0 2980s
 79243 52842 2.9152e+11  364   13 2.9173e+11 2.9138e+11  0.12%  65.8 2991s
 80285 53043 2.9154e+11  391   10 2.9173e+11 2.9138e+11  0.12%  65.6 3018s
 80860 53824 2.9155e+11  421   14 2.9173e+11 2.9138e+11  0.12%  65.4 3025s
 81916 54473 2.9157e+11  450   14 2.9173e+11 2.9138e+11  0.12%  65.0 3032s
 82972 55132 2.9159e+11  480   12 2.9173e+11 2.9138e+11  0.12%  64.6 3039s
 84028 55423 2.9140e+11   42   13 2.9173e+11 2.9138e+11  0.12%  64.3 3051s
 84696 56197 2.9140e+11   43   14 2.9173e+11 2.9138e+11  0.12%  64.0 3060s
 85748 56672 2.9143e+11   76   10 2.9173e+11 2.9138e+11  0.12%  63.6 3071s
 86695 57265 2.9143e+11   81    7 2.9173e+11 2.9138e+11  0.12%  63.4 3082s
 87679 57826 2.9152e+11  110   10 2.9173e+11 2.9138e+11  0.12%  63.3 3092s
 88634 58386 2.9161e+11  130   19 2.9173e+11 2.9138e+11  0.12%  63.1 3102s
 89667 58904 2.9162e+11  162    7 2.9173e+11 2.9138e+11  0.12%  62.9 3114s
 90723 59402 2.9164e+11  192    8 2.9173e+11 2.9138e+11  0.12%  63.0 3124s
 91640 59259 2.9167e+11  224    7 2.9173e+11 2.9138e+11  0.12%  62.8 3153s
 91829 60111 2.9167e+11  225   10 2.9173e+11 2.9138e+11  0.12%  62.8 3161s
 92868 60688     cutoff  255      2.9173e+11 2.9138e+11  0.12%  62.8 3169s
 93870 61301     cutoff  277      2.9173e+11 2.9138e+11  0.12%  62.8 3179s
 94872 61902 2.9142e+11   59    9 2.9173e+11 2.9138e+11  0.12%  62.7 3186s
 95877 62503 2.9147e+11   84   11 2.9173e+11 2.9138e+11  0.12%  62.5 3193s
 96875 63077 2.9156e+11   93   23 2.9173e+11 2.9138e+11  0.12%  62.5 3202s
 97840 63669     cutoff  109      2.9173e+11 2.9138e+11  0.12%  62.5 3209s
 98843 64069 2.9139e+11   47   27 2.9173e+11 2.9138e+11  0.12%  62.3 3216s
 99655 64726 2.9140e+11   55   20 2.9173e+11 2.9138e+11  0.12%  62.2 3223s
 100648 65261 2.9151e+11   74   15 2.9173e+11 2.9138e+11  0.12%  62.1 3231s
 101592 65748 2.9171e+11   88   11 2.9173e+11 2.9138e+11  0.12%  62.1 3238s
 102559 66229 2.9139e+11   45   14 2.9173e+11 2.9138e+11  0.12%  62.2 3246s
 103522 66754 2.9139e+11   61   30 2.9173e+11 2.9138e+11  0.12%  62.1 3253s
 104518 67286 2.9141e+11   93    9 2.9173e+11 2.9138e+11  0.12%  62.0 3260s
 105491 67856 2.9142e+11  126   12 2.9173e+11 2.9138e+11  0.12%  62.0 3268s
 106451 67677 2.9145e+11  159   21 2.9173e+11 2.9138e+11  0.12%  62.1 3293s
 106594 68237 2.9145e+11  160   21 2.9173e+11 2.9138e+11  0.12%  62.1 3302s
 107241 68970 2.9146e+11  183   33 2.9173e+11 2.9138e+11  0.12%  62.1 3310s
 108257 69540 2.9147e+11  216   20 2.9173e+11 2.9138e+11  0.12%  62.0 3318s
 109226 70083 2.9148e+11  249   21 2.9173e+11 2.9138e+11  0.12%  61.9 3326s
 110119 70748 2.9149e+11  282   26 2.9173e+11 2.9138e+11  0.12%  61.8 3333s
 111128 71378 2.9152e+11  315   12 2.9173e+11 2.9138e+11  0.12%  61.6 3341s
 112141 72011 2.9154e+11  348   11 2.9173e+11 2.9138e+11  0.12%  61.5 3347s
 113150 72633 2.9156e+11  381   21 2.9173e+11 2.9138e+11  0.12%  61.3 3355s
 114152 73124 2.9158e+11  414    9 2.9173e+11 2.9138e+11  0.12%  61.1 3364s
 115062 73726     cutoff  446      2.9173e+11 2.9138e+11  0.12%  61.0 3371s
 116045 74314 2.9141e+11   62    8 2.9173e+11 2.9138e+11  0.12%  60.8 3378s
 117018 74904 2.9145e+11   95    7 2.9173e+11 2.9138e+11  0.12%  60.8 3386s
 118019 75447 2.9155e+11  128   13 2.9173e+11 2.9138e+11  0.12%  60.7 3393s
 119025 76002 2.9165e+11  158   25 2.9173e+11 2.9138e+11  0.12%  60.7 3406s
 120074 75762 2.9167e+11  188   17 2.9173e+11 2.9138e+11  0.12%  60.7 3433s
 120198 76625     cutoff  189      2.9173e+11 2.9138e+11  0.12%  60.7 3443s
 121248 77037 2.9170e+11  218   17 2.9173e+11 2.9138e+11  0.12%  60.6 3452s
 122155 77619 2.9173e+11  247   17 2.9173e+11 2.9138e+11  0.12%  60.5 3461s
 123168 78184 2.9140e+11   53   26 2.9173e+11 2.9138e+11  0.12%  60.5 3469s
 124131 78767 2.9145e+11   75   36 2.9173e+11 2.9138e+11  0.12%  60.5 3477s
 125110 79381 2.9147e+11  101   12 2.9173e+11 2.9138e+11  0.12%  60.4 3485s
 126126 79979 2.9153e+11  134   12 2.9173e+11 2.9138e+11  0.12%  60.3 3493s
 127122 80521 2.9156e+11  167   20 2.9173e+11 2.9138e+11  0.12%  60.3 3500s
 128088 81115 2.9160e+11  200   13 2.9173e+11 2.9138e+11  0.12%  60.3 3507s
 129073 81726 2.9161e+11  233   28 2.9173e+11 2.9138e+11  0.12%  60.2 3514s
 130078 81998 2.9162e+11  266   29 2.9173e+11 2.9138e+11  0.12%  60.1 3521s
 130777 82678 2.9163e+11  287   20 2.9173e+11 2.9138e+11  0.12%  60.0 3529s
 131765 83174 2.9163e+11  320   16 2.9173e+11 2.9138e+11  0.12%  59.9 3536s
 132748 83733 2.9169e+11  353    7 2.9173e+11 2.9138e+11  0.12%  59.8 3544s
 133707 84276     cutoff  383      2.9173e+11 2.9139e+11  0.12%  59.8 3551s
 134612 84816 2.9139e+11   49   25 2.9173e+11 2.9139e+11  0.12%  59.9 3558s
 135579 85351 2.9140e+11   74   20 2.9173e+11 2.9139e+11  0.12%  59.9 3566s
 136536 85904 2.9142e+11  107   23 2.9173e+11 2.9139e+11  0.12%  60.0 3574s
 137467 85669 2.9143e+11  140   29 2.9173e+11 2.9139e+11  0.12%  60.0 3600s

Cutting planes:
  Gomory: 2
  Lift-and-project: 38
  Implied bound: 151
  MIR: 202
  Flow cover: 352
  RLT: 10
  Relax-and-lift: 56

Explored 137542 nodes (8327162 simplex iterations) in 3600.44 seconds (2544.84 work units)
Thread count was 32 (of 36 available processors)

Solution count 8: 2.91729e+11 2.93712e+11 2.94075e+11 ... 2.97108e+11

Time limit reached
Best objective 2.917287702604e+11, best bound 2.913850033534e+11, gap 0.1178%

User-callback calls 955841, time in user-callback 0.46 sec
Set parameter TokenServer to value "license-1.hpc.nrel.gov"
Set parameter TimeLimit to value 3600
Set parameter MIPGap to value 0.001
Set parameter MIPGap to value 0.001
Set parameter TimeLimit to value 3600
Gurobi Optimizer version 9.5.1 build v9.5.1rc2 (linux64)
Thread count: 36 physical cores, 36 logical processors, using up to 32 threads
Optimize a model with 91884 rows, 1144312 columns and 2343626 nonzeros
Model fingerprint: 0xdafb9964
Coefficient statistics:
  Matrix range     [1e+00, 1e+05]
  Objective range  [3e-01, 7e+08]
  Bounds range     [1e+00, 1e+08]
  RHS range        [8e-01, 8e+05]

Concurrent LP optimizer: primal simplex, dual simplex, and barrier
Showing barrier log only...

Presolve removed 86884 rows and 939308 columns
Presolve time: 1.11s
Presolved: 5000 rows, 205004 columns, 408488 nonzeros

Ordering time: 0.00s

Barrier statistics:
 AA' NZ     : 2.035e+05
 Factor NZ  : 3.234e+05 (roughly 90 MB of memory)
 Factor Ops : 2.516e+07 (less than 1 second per iteration)
 Threads    : 30

                  Objective                Residual
Iter       Primal          Dual         Primal    Dual     Compl     Time
   0   1.07736268e+12  1.14732196e+11  2.98e+06 2.57e+02  2.79e+07     1s
   1   3.20627005e+11  2.03621173e+11  6.95e+04 1.36e-12  1.08e+06     1s
   2   3.01132660e+11  2.69168673e+11  2.35e+03 2.81e+00  1.71e+05     1s
   3   2.98889088e+11  2.80228324e+11  9.40e+02 9.09e-13  9.60e+04     1s
   4   2.96755247e+11  2.87211180e+11  3.88e+02 1.23e+00  4.80e+04     1s
   5   2.95374839e+11  2.89326732e+11  2.08e+02 4.55e-13  3.01e+04     1s
   6   2.93516446e+11  2.90521407e+11  5.28e+01 3.34e-01  1.48e+04     1s
   7   2.93182871e+11  2.90924322e+11  4.00e+01 1.55e-01  1.11e+04     1s
   8   2.92651280e+11  2.91257060e+11  2.26e+01 1.37e-01  6.85e+03     1s
   9   2.92418129e+11  2.91467093e+11  1.59e+01 9.99e-02  4.66e+03     1s
  10   2.92076531e+11  2.91583483e+11  6.80e+00 3.76e-02  2.42e+03     1s
  11   2.91953813e+11  2.91644899e+11  4.10e+00 1.73e-02  1.51e+03     1s
  12   2.91886366e+11  2.91678719e+11  2.75e+00 1.10e-02  1.02e+03     1s
  13   2.91816565e+11  2.91694238e+11  1.45e+00 1.51e-02  5.99e+02     2s
  14   2.91769078e+11  2.91704665e+11  5.98e-01 1.03e-02  3.17e+02     2s
  15   2.91750829e+11  2.91717740e+11  3.01e-01 4.17e-03  1.63e+02     2s
  16   2.91739186e+11  2.91722695e+11  1.29e-01 2.87e-03  8.13e+01     2s

Barrier performed 16 iterations in 1.58 seconds (0.95 work units)
Barrier solve interrupted - model solved by another algorithm


Solved with dual simplex
Solved in 8980 iterations and 1.67 seconds (0.83 work units)
Optimal objective  2.917287703e+11

User-callback calls 132, time in user-callback 0.00 sec
[ Info:  started timer at: 2023-03-29T20:14:05.389
[ Info: Reading /projects/pvsoiling/RELOG/Manufacturing_NAICS_05/input/solver/case.json...
[ Info:          134 collection centers
[ Info:          309 candidate plant locations
[ Info: Building graph...
[ Info:           26 time periods
[ Info:          309 process nodes
[ Info:          309 shipping nodes (plant)
[ Info:          134 shipping nodes (collection)
[ Info:        41715 arcs
[ Info: Building optimization model...
[ Info: Optimizing MILP...
[ Info: Re-optimizing with integer variables fixed...
[ Info: Extracting solution...
[ Info:       3653.513832933s: 1 hour, 53 seconds, 513 milliseconds
