Set parameter TokenServer to value "license-1.hpc.nrel.gov"
Set parameter TimeLimit to value 3600
Set parameter MIPGap to value 0.001
Set parameter MIPGap to value 0.001
Set parameter TimeLimit to value 3600
Gurobi Optimizer version 9.5.1 build v9.5.1rc2 (linux64)
Thread count: 36 physical cores, 36 logical processors, using up to 32 threads
Optimize a model with 332904 rows, 1385332 columns and 2833700 nonzeros
Model fingerprint: 0x7093c946
Variable types: 1369264 continuous, 16068 integer (16068 binary)
Coefficient statistics:
  Matrix range     [3e-06, 1e+06]
  Objective range  [2e-01, 1e+08]
  Bounds range     [7e+03, 1e+08]
  RHS range        [1e-03, 2e+05]
Presolve removed 303464 rows and 282820 columns (presolve time = 5s) ...
Presolve removed 303464 rows and 282820 columns
Presolve time: 5.62s
Presolved: 29440 rows, 1102512 columns, 2234070 nonzeros
Variable types: 1092006 continuous, 10506 integer (10506 binary)

Deterministic concurrent LP optimizer: primal simplex, dual simplex, and barrier
Showing barrier log only...

Root barrier log...

Ordering time: 2.11s
Ordering time: 4.18s

Barrier statistics:
 AA' NZ     : 1.179e+06
 Factor NZ  : 1.638e+07 (roughly 600 MB of memory)
 Factor Ops : 3.054e+10 (less than 1 second per iteration)
 Threads    : 29

                  Objective                Residual
Iter       Primal          Dual         Primal    Dual     Compl     Time
   0   8.05665955e+14 -9.75910019e+14  2.49e+06 4.59e+03  2.23e+10    18s
   1   1.14604932e+14 -4.51303955e+14  3.53e+05 1.49e-08  3.26e+09    18s
   2   2.58036693e+13 -1.37117030e+14  7.94e+04 8.83e-06  7.38e+08    19s
   3   1.48196276e+12 -2.57219880e+13  4.45e+03 5.10e-07  4.82e+07    20s
   4   1.34740482e+11 -2.68810700e+12  2.93e+02 2.98e-08  3.40e+06    20s
   5   8.27943878e+10 -1.72597285e+12  1.36e+02 2.24e-08  1.73e+06    20s
   6   5.68500264e+10 -1.34901981e+12  5.95e+01 2.98e-08  1.01e+06    21s
   7   4.97750784e+10 -1.01634646e+12  3.96e+01 1.49e-08  7.13e+05    21s
   8   4.52640879e+10 -8.01152837e+11  2.82e+01 1.49e-08  5.36e+05    21s
   9   4.07587789e+10 -6.48503145e+11  1.61e+01 2.98e-08  3.93e+05    21s
  10   3.75480310e+10 -4.13896322e+11  8.84e+00 2.24e-08  2.43e+05    21s
  11   2.94798210e+10 -1.88265084e+11  4.62e+00 1.49e-08  1.14e+05    22s
  12   2.58901815e+10 -7.83010047e+10  2.91e+00 1.49e-08  5.38e+04    22s
  13   2.45534767e+10 -5.55105390e+10  2.29e+00 2.98e-08  4.07e+04    22s
  14   2.36660676e+10 -4.41197625e+10  1.87e+00 1.49e-08  3.40e+04    23s
  15   2.28381867e+10 -3.04002224e+10  1.49e+00 1.49e-08  2.63e+04    23s
  16   2.15715225e+10 -2.22688847e+10  9.42e-01 2.98e-08  2.10e+04    23s
  17   2.05209768e+10 -9.58066587e+09  5.86e-01 1.49e-08  1.42e+04    23s
  18   1.97260781e+10 -1.78232150e+09  3.60e-01 1.49e-08  1.00e+04    24s
  19   1.93236570e+10  2.95373788e+09  2.97e-01 1.49e-08  7.57e+03    24s
  20   1.91888423e+10  3.96264607e+09  2.54e-01 1.49e-08  7.03e+03    25s
  21   1.88870343e+10  7.49821914e+09  2.23e-01 1.49e-08  5.24e+03    25s
  22   1.86051225e+10  9.32662624e+09  1.69e-01 1.49e-08  4.26e+03    25s
  23   1.82179593e+10  1.11522047e+10  1.28e-01 2.98e-08  3.23e+03    26s
  24   1.79684472e+10  1.24534539e+10  1.43e-01 2.98e-08  2.51e+03    26s
  25   1.77020546e+10  1.37220805e+10  1.32e-01 1.49e-08  1.81e+03    27s
  26   1.74874728e+10  1.41352370e+10  2.06e-01 2.98e-08  1.52e+03    27s
  27   1.72971282e+10  1.46769031e+10  3.05e-01 1.49e-08  1.19e+03    28s
  28   1.71176080e+10  1.49036222e+10  3.72e-01 1.49e-08  1.00e+03    28s
  29   1.69722833e+10  1.51873037e+10  3.54e-01 1.49e-08  8.07e+02    28s
  30   1.68699755e+10  1.53674084e+10  3.92e-01 1.49e-08  6.79e+02    29s
  31   1.67522169e+10  1.55506760e+10  3.94e-01 1.49e-08  5.42e+02    29s
  32   1.66579332e+10  1.56322654e+10  4.13e-01 1.49e-08  4.63e+02    30s
  33   1.66005296e+10  1.57218718e+10  3.10e-01 1.49e-08  3.96e+02    30s
  34   1.65465361e+10  1.58359880e+10  2.71e-01 1.49e-08  3.20e+02    31s
  35   1.65252884e+10  1.58979080e+10  2.88e-01 1.49e-08  2.82e+02    31s
  36   1.64396293e+10  1.59540195e+10  2.14e-01 1.49e-08  2.18e+02    32s
  37   1.63944829e+10  1.59820327e+10  1.79e-01 1.49e-08  1.85e+02    33s
  38   1.63629186e+10  1.60202389e+10  1.54e-01 1.49e-08  1.54e+02    33s
  39   1.63459976e+10  1.60422053e+10  1.40e-01 1.49e-08  1.36e+02    34s
  40   1.63163472e+10  1.60599260e+10  1.21e-01 2.98e-08  1.15e+02    34s
  41   1.62946337e+10  1.60857840e+10  1.07e-01 2.98e-08  9.37e+01    35s
  42   1.62723385e+10  1.60970154e+10  9.12e-02 1.49e-08  7.86e+01    36s
  43   1.62502204e+10  1.61051580e+10  7.48e-02 2.98e-08  6.50e+01    36s
  44   1.62283670e+10  1.61115710e+10  5.99e-02 1.49e-08  5.24e+01    37s
  45   1.62135539e+10  1.61195163e+10  4.98e-02 2.98e-08  4.21e+01    37s
  46   1.62014402e+10  1.61231861e+10  4.16e-02 1.49e-08  3.51e+01    38s
  47   1.61919311e+10  1.61261784e+10  3.51e-02 1.49e-08  2.94e+01    38s
  48   1.61804095e+10  1.61282000e+10  2.72e-02 1.49e-08  2.34e+01    39s

Barrier performed 48 iterations in 38.65 seconds (34.11 work units)
Barrier solve interrupted - model solved by another algorithm

Concurrent spin time: 0.28s

Solved with primal simplex

Root relaxation: objective 1.613824e+10, 944339 iterations, 31.07 seconds (24.80 work units)

    Nodes    |    Current Node    |     Objective Bounds      |     Work
 Expl Unexpl |  Obj  Depth IntInf | Incumbent    BestBd   Gap | It/Node Time

     0     0 1.6138e+10    0   63          - 1.6138e+10      -     -   39s
H    0     0                    1.622714e+10 1.6138e+10  0.55%     -   41s
H    0     0                    1.620148e+10 1.6138e+10  0.39%     -   44s
H    0     0                    1.619424e+10 1.6138e+10  0.35%     -   61s
     0     0 1.6138e+10    0   74 1.6194e+10 1.6138e+10  0.35%     -   65s
     0     0 1.6138e+10    0   74 1.6194e+10 1.6138e+10  0.35%     -   72s
     0     0 1.6138e+10    0   63 1.6194e+10 1.6138e+10  0.34%     -   78s
     0     0 1.6138e+10    0   62 1.6194e+10 1.6138e+10  0.34%     -   81s
     0     0 1.6138e+10    0   60 1.6194e+10 1.6138e+10  0.34%     -   82s
     0     0 1.6138e+10    0   55 1.6194e+10 1.6138e+10  0.34%     -   85s
     0     0 1.6138e+10    0   62 1.6194e+10 1.6138e+10  0.34%     -   89s
     0     0 1.6138e+10    0   60 1.6194e+10 1.6138e+10  0.34%     -   89s
     0     0 1.6138e+10    0   61 1.6194e+10 1.6138e+10  0.34%     -   91s
     0     0 1.6138e+10    0   62 1.6194e+10 1.6138e+10  0.34%     -   94s
     0     0 1.6138e+10    0   44 1.6194e+10 1.6138e+10  0.34%     -   95s
     0     0 1.6138e+10    0   45 1.6194e+10 1.6138e+10  0.34%     -   98s
     0     0 1.6138e+10    0   42 1.6194e+10 1.6138e+10  0.34%     -  100s
     0     0 1.6138e+10    0   43 1.6194e+10 1.6138e+10  0.34%     -  102s
     0     0 1.6138e+10    0   43 1.6194e+10 1.6138e+10  0.34%     -  104s
     0     0 1.6138e+10    0   44 1.6194e+10 1.6138e+10  0.34%     -  106s
     0     0 1.6138e+10    0   43 1.6194e+10 1.6138e+10  0.34%     -  108s
     0     0 1.6138e+10    0   43 1.6194e+10 1.6138e+10  0.34%     -  110s
     0     0 1.6138e+10    0   47 1.6194e+10 1.6138e+10  0.34%     -  112s
     0     0 1.6138e+10    0   47 1.6194e+10 1.6138e+10  0.34%     -  135s
H    0     0                    1.619091e+10 1.6138e+10  0.32%     -  145s
H    0     0                    1.617851e+10 1.6138e+10  0.25%     -  150s
     0     2 1.6138e+10    0   47 1.6179e+10 1.6138e+10  0.25%     -  152s
     3     8 1.6138e+10    2   50 1.6179e+10 1.6138e+10  0.25%  88.7  161s
     7    16 1.6138e+10    3   51 1.6179e+10 1.6138e+10  0.25%   277  167s
    15    32 1.6138e+10    4   53 1.6179e+10 1.6138e+10  0.25%   401  171s
    31    64 1.6138e+10    5   44 1.6179e+10 1.6138e+10  0.25%   444  182s
H   63    96                    1.617848e+10 1.6138e+10  0.25%   509  194s
    95   128 1.6138e+10    7   55 1.6178e+10 1.6138e+10  0.25%   406  202s
   127   160 1.6138e+10    7   59 1.6178e+10 1.6138e+10  0.25%   356  208s
   159   192 1.6138e+10    8   61 1.6178e+10 1.6138e+10  0.25%   319  212s
   191   245 1.6138e+10    9   59 1.6178e+10 1.6138e+10  0.25%   288  216s
   244   464 1.6138e+10   11   51 1.6178e+10 1.6138e+10  0.25%   246  227s
   463   850 1.6138e+10   18   56 1.6178e+10 1.6138e+10  0.25%   176  254s
   849   882 1.6138e+10   26   51 1.6178e+10 1.6138e+10  0.25%   136  530s
H  854   882                    1.617847e+10 1.6138e+10  0.25%   135  530s
H  856   882                    1.617830e+10 1.6138e+10  0.25%   135  530s
   881   946 1.6138e+10   27   52 1.6178e+10 1.6138e+10  0.25%   134  572s
H  882   946                    1.617823e+10 1.6138e+10  0.25%   134  572s
   945  1832 1.6138e+10   29   50 1.6178e+10 1.6138e+10  0.25%   129  623s
  1831  2114 1.6139e+10   54   40 1.6178e+10 1.6138e+10  0.25%   101  667s
H 1836  2114                    1.617789e+10 1.6138e+10  0.24%   101  667s
H 1925  2114                    1.617786e+10 1.6138e+10  0.24%   101  667s
H 1954  2114                    1.617779e+10 1.6138e+10  0.24%   101  667s
  2113  2924 1.6139e+10   59   40 1.6178e+10 1.6138e+10  0.24%   102  735s
  2923  3627 1.6139e+10   82   25 1.6178e+10 1.6138e+10  0.24%   114  798s
H 3513  3627                    1.617777e+10 1.6138e+10  0.24%   131  798s
H 3626  4116                    1.617775e+10 1.6138e+10  0.24%   130  845s
H 3653  4116                    1.617773e+10 1.6138e+10  0.24%   130  845s
H 3763  4116                    1.617772e+10 1.6138e+10  0.24%   129  845s
H 3863  4116                    1.617771e+10 1.6138e+10  0.24%   130  845s
H 3916  4116                    1.617771e+10 1.6138e+10  0.24%   129  845s
  4115  4869 1.6139e+10  137   28 1.6178e+10 1.6138e+10  0.24%   127  907s
  4870  5584 1.6140e+10  164   29 1.6178e+10 1.6138e+10  0.24%   135  953s
  5608  5732 1.6140e+10  192   29 1.6178e+10 1.6138e+10  0.24%   142 1058s
H 5639  5732                    1.617770e+10 1.6138e+10  0.24%   142 1058s
H 5664  5732                    1.617769e+10 1.6138e+10  0.24%   142 1059s
H 5687  5732                    1.617769e+10 1.6138e+10  0.24%   142 1059s
H 5721  5732                    1.617767e+10 1.6138e+10  0.24%   147 1059s
  5763  6410 1.6140e+10  193   29 1.6178e+10 1.6138e+10  0.24%   154 1111s
  6521  7144 1.6140e+10  221   25 1.6178e+10 1.6138e+10  0.24%   160 1148s
  7369  7900 1.6140e+10  249   27 1.6178e+10 1.6138e+10  0.24%   157 1184s
  8240  8451 1.6141e+10  277   28 1.6178e+10 1.6138e+10  0.24%   154 1222s
H 8241  8450                    1.617766e+10 1.6138e+10  0.24%   154 1222s
  8852  9252 1.6141e+10  278   27 1.6178e+10 1.6138e+10  0.24%   148 1247s
  9745 10062 1.6141e+10  306   27 1.6178e+10 1.6138e+10  0.24%   140 1271s
 10628 10557 1.6141e+10  334   27 1.6178e+10 1.6138e+10  0.24%   133 1330s
H10630 10557                    1.617766e+10 1.6138e+10  0.24%   133 1330s
 11156 11359 1.6141e+10  335   27 1.6178e+10 1.6138e+10  0.24%   129 1354s
 12014 12195 1.6142e+10  363   27 1.6178e+10 1.6138e+10  0.24%   124 1381s
 12907 13052 1.6142e+10  391   32 1.6178e+10 1.6138e+10  0.24%   118 1403s
 13794 13917 1.6142e+10  419   31 1.6178e+10 1.6138e+10  0.24%   114 1430s
 14691 13918 1.6140e+10   74   47 1.6178e+10 1.6138e+10  0.24%   109 1694s
 14692 13919 1.6159e+10  384   47 1.6178e+10 1.6138e+10  0.24%   109 1695s
 14693 13919 1.6139e+10   26   64 1.6178e+10 1.6138e+10  0.24%   109 1801s
 14694 13920 1.6140e+10  202   64 1.6178e+10 1.6138e+10  0.24%   109 1880s
 14695 13921 1.6139e+10   33   47 1.6178e+10 1.6138e+10  0.24%   109 1912s
 14696 13921 1.6141e+10  178   65 1.6178e+10 1.6138e+10  0.24%   109 1917s
 14698 13923 1.6140e+10   76   59 1.6178e+10 1.6138e+10  0.24%   109 1920s
 14699 13923 1.6140e+10  153   46 1.6178e+10 1.6138e+10  0.24%   109 1934s
 14700 13924 1.6156e+10  398   52 1.6178e+10 1.6138e+10  0.24%   109 1974s
 14701 13925 1.6140e+10   71   36 1.6178e+10 1.6138e+10  0.24%   109 1996s
 14702 13925 1.6140e+10  251   41 1.6178e+10 1.6138e+10  0.24%   109 2030s
 14703 13926 1.6141e+10  301   41 1.6178e+10 1.6138e+10  0.24%   109 2062s
 14704 13927 1.6139e+10   32   58 1.6178e+10 1.6138e+10  0.24%   109 2108s
 14705 13927 1.6139e+10   18   48 1.6178e+10 1.6138e+10  0.24%   109 2139s
 14706 13928 1.6139e+10   66   45 1.6178e+10 1.6138e+10  0.24%   109 2172s
 14707 13929 1.6139e+10   73   41 1.6178e+10 1.6138e+10  0.24%   109 2212s
 14708 13929 1.6139e+10   51   44 1.6178e+10 1.6138e+10  0.24%   109 2250s
 14709 13930 1.6139e+10   60   45 1.6178e+10 1.6138e+10  0.24%   109 2287s
 14710 13931 1.6141e+10  124   43 1.6178e+10 1.6138e+10  0.24%   109 2326s
 14711 13931 1.6141e+10  111   43 1.6178e+10 1.6138e+10  0.24%   109 2361s
H14711 13234                    1.617765e+10 1.6138e+10  0.24%   109 2383s
 14712 13235 1.6140e+10  179   49 1.6178e+10 1.6138e+10  0.24%   109 2396s
 14713 13236 1.6153e+10  372   49 1.6178e+10 1.6138e+10  0.24%   109 2430s
H14713 12573                    1.617763e+10 1.6138e+10  0.24%   109 2450s
 14714 12573 1.6172e+10  521   46 1.6178e+10 1.6138e+10  0.24%   109 2464s
 14715 12574 1.6159e+10  450   46 1.6178e+10 1.6138e+10  0.24%   109 2495s
 14716 12575 1.6142e+10  174   45 1.6178e+10 1.6138e+10  0.24%   109 2557s
 14717 12575 1.6157e+10  384   45 1.6178e+10 1.6138e+10  0.24%   109 2585s
 14718 12576 1.6139e+10   83   45 1.6178e+10 1.6138e+10  0.24%   109 2669s
 14719 12580 1.6138e+10   13   49 1.6178e+10 1.6138e+10  0.24%   151 2692s
 14721 12583 1.6138e+10   14   49 1.6178e+10 1.6138e+10  0.24%   151 2706s
 14725 12590 1.6139e+10   15   49 1.6178e+10 1.6139e+10  0.24%   151 2722s
 14733 12603 1.6139e+10   16   47 1.6178e+10 1.6139e+10  0.24%   151 2732s
 14749 12630 1.6139e+10   17   47 1.6178e+10 1.6139e+10  0.24%   151 2773s
 14781 12651 1.6139e+10   18   52 1.6178e+10 1.6139e+10  0.24%   151 2779s
 14813 12672 1.6139e+10   18   47 1.6178e+10 1.6139e+10  0.24%   151 2794s
 14845 12694 1.6139e+10   19   50 1.6178e+10 1.6139e+10  0.24%   152 2803s
 14877 12715 1.6139e+10   19   48 1.6178e+10 1.6139e+10  0.24%   152 2818s
 14909 12758 1.6139e+10   20   53 1.6178e+10 1.6139e+10  0.24%   152 2835s
 14963 12772 1.6139e+10   20   48 1.6178e+10 1.6139e+10  0.24%   152 2926s
 14995 12795 1.6139e+10   21   50 1.6178e+10 1.6139e+10  0.24%   151 2951s
 15028 13047 1.6139e+10   21   50 1.6178e+10 1.6139e+10  0.24%   151 2983s
 15291 13790 1.6139e+10   24   49 1.6178e+10 1.6139e+10  0.24%   151 3038s
 16122 14406 1.6139e+10   40   48 1.6178e+10 1.6139e+10  0.24%   149 3094s
 17015 14936 1.6139e+10   56   51 1.6178e+10 1.6139e+10  0.24%   148 3150s
 17843 15409 1.6139e+10   72   49 1.6178e+10 1.6139e+10  0.24%   148 3205s
 18603 15187 1.6139e+10   88   49 1.6178e+10 1.6139e+10  0.24%   151 3555s
 18635 15813 1.6143e+10   88   49 1.6178e+10 1.6139e+10  0.24%   151 3600s

Cutting planes:
  Lift-and-project: 16
  Implied bound: 445
  Projected implied bound: 7
  MIR: 63
  Flow cover: 127
  Flow path: 40
  RLT: 25
  Relax-and-lift: 258

Explored 19286 nodes (3858695 simplex iterations) in 3600.40 seconds (3036.31 work units)
Thread count was 32 (of 36 available processors)

Solution count 10: 1.61776e+10 1.61777e+10 1.61777e+10 ... 1.61777e+10

Time limit reached
Best objective 1.617762924822e+10, best bound 1.613873494422e+10, gap 0.2404%

User-callback calls 1203145, time in user-callback 0.65 sec
Set parameter TokenServer to value "license-1.hpc.nrel.gov"
Set parameter TimeLimit to value 3600
Set parameter MIPGap to value 0.001
Set parameter MIPGap to value 0.001
Set parameter TimeLimit to value 3600
Gurobi Optimizer version 9.5.1 build v9.5.1rc2 (linux64)
Thread count: 36 physical cores, 36 logical processors, using up to 32 threads
Optimize a model with 332904 rows, 1385332 columns and 2833700 nonzeros
Model fingerprint: 0x79f16369
Coefficient statistics:
  Matrix range     [3e-06, 1e+06]
  Objective range  [2e-01, 1e+08]
  Bounds range     [1e+00, 1e+08]
  RHS range        [1e-03, 2e+05]

Concurrent LP optimizer: primal simplex, dual simplex, and barrier
Showing barrier log only...

Presolve removed 328994 rows and 1254715 columns
Presolve time: 1.39s
Presolved: 3910 rows, 130617 columns, 260272 nonzeros

Ordering time: 0.02s

Barrier statistics:
 AA' NZ     : 1.295e+05
 Factor NZ  : 2.502e+05 (roughly 60 MB of memory)
 Factor Ops : 2.139e+07 (less than 1 second per iteration)
 Threads    : 30

                  Objective                Residual
Iter       Primal          Dual         Primal    Dual     Compl     Time
   0   1.05805661e+13 -6.02994250e+11  1.06e+08 1.49e+02  5.99e+08     1s
   1   2.99086204e+12 -1.99007198e+11  2.99e+07 9.09e-13  1.70e+08     2s
   2   5.48372223e+11 -2.53393488e+09  5.35e+06 2.27e-12  3.06e+07     2s
   3   7.08080617e+10  6.88874647e+09  5.45e+05 4.77e-12  3.17e+06     2s
   4   3.84620175e+10  8.77614980e+09  2.20e+05 2.57e-11  1.31e+06     2s
   5   2.52425161e+10  1.15807260e+10  8.79e+04 2.93e-11  5.22e+05     2s
   6   2.03196869e+10  1.21812783e+10  3.88e+04 2.30e-11  2.43e+05     2s
   7   1.91714107e+10  1.36953868e+10  2.73e+04 2.16e-11  1.62e+05     2s
   8   1.79545498e+10  1.46347387e+10  1.53e+04 1.82e-11  8.93e+04     2s
   9   1.67792330e+10  1.52551453e+10  3.98e+03 9.55e-12  2.64e+04     2s
  10   1.63727730e+10  1.57155958e+10  4.87e+02 4.09e-12  6.45e+03     2s
  11   1.63247202e+10  1.59571895e+10  2.67e+02 2.05e-12  3.34e+03     2s
  12   1.62492759e+10  1.60616252e+10  3.65e+01 2.05e-12  1.47e+03     2s
  13   1.62300221e+10  1.61051797e+10  1.79e+01 1.14e-12  9.61e+02     2s
  14   1.62129464e+10  1.61410325e+10  7.89e+00 1.36e-12  5.47e+02     2s
  15   1.62012879e+10  1.61625316e+10  3.85e+00 1.36e-12  2.93e+02     2s
  16   1.61944396e+10  1.61703045e+10  2.27e+00 9.09e-13  1.82e+02     2s
  17   1.61886825e+10  1.61733769e+10  1.34e+00 5.76e-13  1.15e+02     2s
  18   1.61864049e+10  1.61751463e+10  1.02e+00 4.55e-13  8.48e+01     2s
  19   1.61843226e+10  1.61764079e+10  7.45e-01 4.55e-13  5.96e+01     2s
  20   1.61823010e+10  1.61769329e+10  5.00e-01 4.55e-13  4.04e+01     2s
  21   1.61806143e+10  1.61772541e+10  3.07e-01 4.55e-13  2.53e+01     2s
  22   1.61795951e+10  1.61773910e+10  1.97e-01 4.55e-13  1.66e+01     2s
  23   1.61789198e+10  1.61774868e+10  1.25e-01 4.55e-13  1.08e+01     2s
  24   1.61785785e+10  1.61775335e+10  9.12e-02 3.52e-13  7.85e+00     2s
  25   1.61784228e+10  1.61775500e+10  7.59e-02 4.75e-13  6.56e+00     2s
  26   1.61779540e+10  1.61775920e+10  3.00e-02 3.17e-13  2.72e+00     2s
  27   1.61778347e+10  1.61775989e+10  1.85e-02 4.55e-13  1.77e+00     2s

Barrier performed 27 iterations in 2.04 seconds (1.50 work units)
Barrier solve interrupted - model solved by another algorithm


Solved with primal simplex
Solved in 41526 iterations and 2.28 seconds (1.37 work units)
Optimal objective  1.617762925e+10

User-callback calls 299, time in user-callback 0.00 sec
[ Info:  started timer at: 2023-03-28T02:29:41.598
[ Info: Reading /projects/pvsoiling/RELOG/Recycling_NAICS_5/input/solver/case.json...
[ Info:          134 collection centers
[ Info:          309 candidate plant locations
[ Info: Building graph...
[ Info:           26 time periods
[ Info:          309 process nodes
[ Info:         4944 shipping nodes (plant)
[ Info:          134 shipping nodes (collection)
[ Info:        46350 arcs
[ Info: Building optimization model...
[ Info: Optimizing MILP...
[ Info: Re-optimizing with integer variables fixed...
[ Info: Extracting solution...
[ Info:        3655.89007096s: 1 hour, 55 seconds, 890 milliseconds
