Set parameter TokenServer to value "license-1.hpc.nrel.gov"
Set parameter TimeLimit to value 3600
Set parameter MIPGap to value 0.001
Set parameter MIPGap to value 0.001
Set parameter TimeLimit to value 3600
Gurobi Optimizer version 9.5.1 build v9.5.1rc2 (linux64)
Thread count: 36 physical cores, 36 logical processors, using up to 32 threads
Optimize a model with 289198 rows, 1201980 columns and 2458632 nonzeros
Model fingerprint: 0x83f05299
Variable types: 1188044 continuous, 13936 integer (13936 binary)
Coefficient statistics:
  Matrix range     [3e-06, 1e+06]
  Objective range  [1e-01, 6e+07]
  Bounds range     [7e+03, 1e+08]
  RHS range        [1e-03, 2e+05]
Presolve removed 263202 rows and 245756 columns
Presolve time: 4.78s
Presolved: 25996 rows, 956224 columns, 1937640 nonzeros
Variable types: 947112 continuous, 9112 integer (9112 binary)

Deterministic concurrent LP optimizer: primal and dual simplex
Showing first log only...


Root simplex log...

Iteration    Objective       Primal Inf.    Dual Inf.      Time
       0    2.0016905e+06   1.082123e+06   9.232019e+11      9s
   66783    2.3597853e+06   1.346970e+05   1.773605e+11     10s
  164199    2.9065632e+10   0.000000e+00   9.885204e+09     15s
  241141    1.7801232e+10   0.000000e+00   7.832271e+09     20s
  310925    1.6982200e+10   0.000000e+00   1.678806e+09     25s
  434242    1.6685116e+10   0.000000e+00   1.953466e+08     30s
  669427    1.6620692e+10   9.510881e-01   0.000000e+00     35s
  669428    1.6620692e+10   0.000000e+00   0.000000e+00     35s
Concurrent spin time: 2.02s

Solved with primal simplex

Root relaxation: objective 1.662069e+10, 669428 iterations, 30.81 seconds (31.81 work units)

    Nodes    |    Current Node    |     Objective Bounds      |     Work
 Expl Unexpl |  Obj  Depth IntInf | Incumbent    BestBd   Gap | It/Node Time

     0     0 1.6621e+10    0   96          - 1.6621e+10      -     -   38s
H    0     0                    1.672833e+10 1.6621e+10  0.64%     -   40s
H    0     0                    1.668546e+10 1.6621e+10  0.39%     -   43s
H    0     0                    1.668038e+10 1.6621e+10  0.36%     -   57s
     0     0 1.6621e+10    0  103 1.6680e+10 1.6621e+10  0.36%     -   61s
     0     0 1.6621e+10    0  101 1.6680e+10 1.6621e+10  0.36%     -   65s
     0     0 1.6621e+10    0  100 1.6680e+10 1.6621e+10  0.36%     -   65s
     0     0 1.6621e+10    0  127 1.6680e+10 1.6621e+10  0.36%     -   71s
     0     0 1.6621e+10    0  125 1.6680e+10 1.6621e+10  0.36%     -   75s
     0     0 1.6621e+10    0  121 1.6680e+10 1.6621e+10  0.36%     -   76s
     0     0 1.6621e+10    0  113 1.6680e+10 1.6621e+10  0.35%     -   79s
     0     0 1.6621e+10    0  111 1.6680e+10 1.6621e+10  0.35%     -   83s
     0     0 1.6621e+10    0  113 1.6680e+10 1.6621e+10  0.35%     -   84s
     0     0 1.6621e+10    0  106 1.6680e+10 1.6621e+10  0.35%     -   87s
     0     0 1.6621e+10    0  108 1.6680e+10 1.6621e+10  0.35%     -   91s
     0     0 1.6621e+10    0  108 1.6680e+10 1.6621e+10  0.35%     -   92s
     0     0 1.6621e+10    0   91 1.6680e+10 1.6621e+10  0.35%     -   96s
     0     0 1.6621e+10    0   93 1.6680e+10 1.6621e+10  0.35%     -  102s
     0     0 1.6621e+10    0  100 1.6680e+10 1.6621e+10  0.35%     -  107s
     0     0 1.6621e+10    0  100 1.6680e+10 1.6621e+10  0.35%     -  111s
     0     0 1.6621e+10    0   97 1.6680e+10 1.6621e+10  0.35%     -  112s
     0     0 1.6621e+10    0   86 1.6680e+10 1.6621e+10  0.35%     -  117s
     0     0 1.6621e+10    0   90 1.6680e+10 1.6621e+10  0.35%     -  122s
     0     0 1.6621e+10    0   94 1.6680e+10 1.6621e+10  0.35%     -  123s
     0     0 1.6621e+10    0   97 1.6680e+10 1.6621e+10  0.35%     -  137s
     0     0 1.6621e+10    0  100 1.6680e+10 1.6621e+10  0.35%     -  143s
     0     0 1.6621e+10    0   99 1.6680e+10 1.6621e+10  0.35%     -  147s
     0     0 1.6621e+10    0  101 1.6680e+10 1.6621e+10  0.35%     -  149s
     0     0 1.6621e+10    0  103 1.6680e+10 1.6621e+10  0.35%     -  159s
     0     0 1.6621e+10    0  103 1.6680e+10 1.6621e+10  0.35%     -  175s
H    0     0                    1.667392e+10 1.6621e+10  0.32%     -  196s
H    0     0                    1.666252e+10 1.6621e+10  0.25%     -  213s
     0     2 1.6621e+10    0  103 1.6663e+10 1.6621e+10  0.25%     -  215s
     1     4 1.6621e+10    1  102 1.6663e+10 1.6621e+10  0.25%   795  221s
     3     8 1.6621e+10    2   95 1.6663e+10 1.6621e+10  0.25%   863  228s
     7    16 1.6622e+10    3   90 1.6663e+10 1.6621e+10  0.25%  1015  245s
    15    32 1.6622e+10    4   87 1.6663e+10 1.6621e+10  0.25%  1460  259s
H   31    64                    1.666235e+10 1.6621e+10  0.25%  1682  281s
    63    96 1.6622e+10    6   90 1.6662e+10 1.6621e+10  0.25%  1956  309s
    95   128 1.6622e+10    6   97 1.6662e+10 1.6621e+10  0.25%  2099  685s
H   97   128                    1.666205e+10 1.6621e+10  0.24%  2081  685s
   127   160 1.6622e+10    7   90 1.6662e+10 1.6622e+10  0.24%  1829  705s
   159   192 1.6622e+10    8   91 1.6662e+10 1.6622e+10  0.24%  1565  728s
   191   230 1.6622e+10    9   86 1.6662e+10 1.6622e+10  0.24%  1404  743s
   229   429 1.6622e+10   10   85 1.6662e+10 1.6622e+10  0.24%  1207  777s
   428  1081 1.6622e+10   14   71 1.6662e+10 1.6622e+10  0.24%   789  862s
H  469  1081                    1.666205e+10 1.6622e+10  0.24%   736  862s
H  921  1081                    1.666203e+10 1.6622e+10  0.24%   460  863s
H 1016  1081                    1.666202e+10 1.6622e+10  0.24%   425  863s
  1080  1958 1.6622e+10   34   36 1.6662e+10 1.6622e+10  0.24%   412  953s
H 1112  1958                    1.666202e+10 1.6622e+10  0.24%   400  953s
H 1266  1958                    1.666200e+10 1.6622e+10  0.24%   378  953s
H 1379  1958                    1.666199e+10 1.6622e+10  0.24%   384  953s
H 1439  1958                    1.666195e+10 1.6622e+10  0.24%   384  953s
  1957  2613 1.6622e+10   66   36 1.6662e+10 1.6622e+10  0.24%   343 1078s
  2613  3509 1.6623e+10   88   40 1.6662e+10 1.6622e+10  0.24%   317 1195s
H 3571  4227                    1.666195e+10 1.6622e+10  0.24%   296 1289s
H 3763  4227                    1.666194e+10 1.6622e+10  0.24%   290 1289s
  4433  5075 1.6623e+10  152   38 1.6662e+10 1.6622e+10  0.24%   280 1344s
  5457  5931 1.6624e+10  184   35 1.6662e+10 1.6622e+10  0.24%   255 1390s
  6466  6811 1.6624e+10  216   31 1.6662e+10 1.6622e+10  0.24%   236 1428s
  7488  7725 1.6624e+10  248   30 1.6662e+10 1.6622e+10  0.24%   218 1461s
  8512  8635 1.6624e+10  280   30 1.6662e+10 1.6622e+10  0.24%   203 1494s
  9521  9372 1.6625e+10  312   30 1.6662e+10 1.6622e+10  0.24%   192 1562s
 10300 10232 1.6625e+10  344   34 1.6662e+10 1.6622e+10  0.24%   183 1605s
 11281 11078 1.6626e+10  376   32 1.6662e+10 1.6622e+10  0.24%   179 1631s
 12277 11814 1.6630e+10  408   30 1.6662e+10 1.6622e+10  0.24%   170 1655s
 13220 12599 1.6634e+10  440   30 1.6662e+10 1.6622e+10  0.24%   164 1681s
 14119 13401 1.6622e+10   11   73 1.6662e+10 1.6622e+10  0.24%   158 1706s
 14997 13402 1.6624e+10  182  103 1.6662e+10 1.6622e+10  0.24%   154 2001s
 14999 13403 1.6624e+10  118   96 1.6662e+10 1.6622e+10  0.24%   154 2078s
 15000 13404 1.6632e+10  188  134 1.6662e+10 1.6622e+10  0.24%   154 2148s
 15001 13405 1.6634e+10  220  117 1.6662e+10 1.6622e+10  0.24%   154 2164s
 15002 13405 1.6661e+10  232  121 1.6662e+10 1.6622e+10  0.24%   154 2174s
 15003 13406 1.6655e+10  396  115 1.6662e+10 1.6622e+10  0.24%   154 2181s
 15004 13407 1.6661e+10  105   99 1.6662e+10 1.6622e+10  0.24%   154 2191s
 15005 13407 1.6659e+10  155  100 1.6662e+10 1.6622e+10  0.24%   154 2197s
 15006 13408 1.6662e+10  266   92 1.6662e+10 1.6622e+10  0.24%   154 2204s
 15007 13409 1.6623e+10  197   99 1.6662e+10 1.6622e+10  0.24%   153 2210s
 15008 13409 1.6645e+10  374  105 1.6662e+10 1.6622e+10  0.24%   153 2216s
 15009 13410 1.6639e+10  269   99 1.6662e+10 1.6622e+10  0.24%   153 2223s
 15010 13411 1.6622e+10   15  101 1.6662e+10 1.6622e+10  0.24%   153 2229s
 15011 13411 1.6627e+10  130  102 1.6662e+10 1.6622e+10  0.24%   153 2233s
 15012 13412 1.6661e+10   89   93 1.6662e+10 1.6622e+10  0.24%   153 2238s
 15013 13413 1.6661e+10  188   99 1.6662e+10 1.6622e+10  0.24%   153 2240s
 15015 13414 1.6631e+10  250   96 1.6662e+10 1.6622e+10  0.24%   153 2245s
 15017 13415 1.6627e+10   74  100 1.6662e+10 1.6622e+10  0.24%   153 2250s
 15019 13417 1.6623e+10  142  100 1.6662e+10 1.6622e+10  0.24%   153 2256s
 15021 13418 1.6625e+10  362   95 1.6662e+10 1.6622e+10  0.24%   153 2260s
 15024 13420 1.6623e+10  152   94 1.6662e+10 1.6622e+10  0.24%   153 2267s
 15025 13421 1.6629e+10   72  104 1.6662e+10 1.6622e+10  0.24%   153 2286s
 15026 13421 1.6622e+10   13  110 1.6662e+10 1.6622e+10  0.24%   153 2316s
 15028 13423 1.6627e+10   75   71 1.6662e+10 1.6622e+10  0.24%   153 2320s
 15029 13423 1.6624e+10   50   86 1.6662e+10 1.6622e+10  0.24%   153 2334s
 15030 13424 1.6622e+10   57   91 1.6662e+10 1.6622e+10  0.24%   153 2377s
 15031 13425 1.6662e+10  267   69 1.6662e+10 1.6622e+10  0.24%   153 2407s
 15032 13425 1.6624e+10   34   79 1.6662e+10 1.6622e+10  0.24%   153 2445s
 15033 13426 1.6642e+10  486   62 1.6662e+10 1.6622e+10  0.24%   153 2468s
 15034 13427 1.6642e+10  323   69 1.6662e+10 1.6622e+10  0.24%   153 2507s
 15035 13427 1.6622e+10   24   44 1.6662e+10 1.6622e+10  0.24%   153 2560s
 15036 13428 1.6641e+10  380   69 1.6662e+10 1.6622e+10  0.24%   153 2615s
 15037 13429 1.6622e+10   22   79 1.6662e+10 1.6622e+10  0.24%   153 2637s
 15038 13429 1.6649e+10  491   38 1.6662e+10 1.6622e+10  0.24%   153 2678s
 15039 13430 1.6635e+10  331   39 1.6662e+10 1.6622e+10  0.24%   153 2701s
 15040 13431 1.6634e+10   77   54 1.6662e+10 1.6622e+10  0.24%   153 2746s
 15041 13431 1.6645e+10  415   67 1.6662e+10 1.6622e+10  0.24%   153 2764s
 15042 13432 1.6623e+10   59   42 1.6662e+10 1.6622e+10  0.24%   153 2800s
 15043 13433 1.6622e+10   33   72 1.6662e+10 1.6622e+10  0.24%   153 2823s
 15044 13433 1.6649e+10   63   59 1.6662e+10 1.6622e+10  0.24%   153 2894s
 15045 13434 1.6624e+10   33   59 1.6662e+10 1.6622e+10  0.24%   153 2936s
 15046 13435 1.6622e+10   71   59 1.6662e+10 1.6622e+10  0.24%   153 2999s
 15047 13438 1.6622e+10   10   48 1.6662e+10 1.6622e+10  0.24%   198 3020s
 15049 13442 1.6622e+10   11   45 1.6662e+10 1.6622e+10  0.24%   198 3034s
 15053 13448 1.6622e+10   12   43 1.6662e+10 1.6622e+10  0.24%   198 3050s
 15061 13462 1.6622e+10   13   58 1.6662e+10 1.6622e+10  0.24%   198 3082s
 15077 13488 1.6622e+10   14   58 1.6662e+10 1.6622e+10  0.24%   199 3115s
 15109 13510 1.6622e+10   15   56 1.6662e+10 1.6622e+10  0.24%   199 3128s
 15141 13531 1.6623e+10   15   56 1.6662e+10 1.6622e+10  0.24%   199 3135s
 15173 13552 1.6622e+10   16   56 1.6662e+10 1.6622e+10  0.24%   199 3160s
 15205 13574 1.6623e+10   16   56 1.6662e+10 1.6622e+10  0.24%   199 3167s
 15237 13608 1.6622e+10   17   56 1.6662e+10 1.6622e+10  0.24%   199 3175s
 15282 13625 1.6622e+10   18   56 1.6662e+10 1.6622e+10  0.24%   200 3223s
 15314 13756 1.6623e+10   18   56 1.6662e+10 1.6622e+10  0.24%   200 3246s
 15456 14132 1.6622e+10   22   56 1.6662e+10 1.6622e+10  0.24%   200 3284s
 15879 14830 1.6624e+10   33   56 1.6662e+10 1.6622e+10  0.24%   200 3329s
 16718 14582 1.6622e+10   51   56 1.6662e+10 1.6622e+10  0.24%   195 3600s

Cutting planes:
  Gomory: 1
  Lift-and-project: 2
  Implied bound: 1818
  Projected implied bound: 5
  MIR: 71
  Flow cover: 302
  Flow path: 103
  RLT: 36
  Relax-and-lift: 139

Explored 16750 nodes (3958483 simplex iterations) in 3600.50 seconds (3389.63 work units)
Thread count was 32 (of 36 available processors)

Solution count 10: 1.66619e+10 1.66619e+10 1.6662e+10 ... 1.66739e+10

Time limit reached
Best objective 1.666194413255e+10, best bound 1.662160180989e+10, gap 0.2421%

User-callback calls 1154434, time in user-callback 0.45 sec
Set parameter TokenServer to value "license-1.hpc.nrel.gov"
Set parameter TimeLimit to value 3600
Set parameter MIPGap to value 0.001
Set parameter MIPGap to value 0.001
Set parameter TimeLimit to value 3600
Gurobi Optimizer version 9.5.1 build v9.5.1rc2 (linux64)
Thread count: 36 physical cores, 36 logical processors, using up to 32 threads
Optimize a model with 289198 rows, 1201980 columns and 2458632 nonzeros
Model fingerprint: 0x2be44a63
Coefficient statistics:
  Matrix range     [3e-06, 1e+06]
  Objective range  [1e-01, 6e+07]
  Bounds range     [1e+00, 1e+08]
  RHS range        [1e-03, 2e+05]

Concurrent LP optimizer: primal simplex, dual simplex, and barrier
Showing barrier log only...

Presolve removed 285288 rows and 1071363 columns
Presolve time: 1.22s
Presolved: 3910 rows, 130617 columns, 260272 nonzeros

Ordering time: 0.02s

Barrier statistics:
 AA' NZ     : 1.295e+05
 Factor NZ  : 2.481e+05 (roughly 60 MB of memory)
 Factor Ops : 2.091e+07 (less than 1 second per iteration)
 Threads    : 30

                  Objective                Residual
Iter       Primal          Dual         Primal    Dual     Compl     Time
   0   1.02772465e+13 -6.33824757e+11  1.06e+08 1.59e+02  6.31e+08     1s
   1   3.09047140e+12 -2.10528002e+11  3.19e+07 9.09e-13  1.91e+08     1s
   2   6.58983738e+11 -4.74945184e+09  6.65e+06 2.27e-12  4.01e+07     1s
   3   6.18907159e+10  6.14693795e+09  4.65e+05 5.23e-12  2.87e+06     1s
   4   3.32703798e+10  9.54922589e+09  1.69e+05 1.41e-11  1.06e+06     1s
   5   2.16856301e+10  1.12266702e+10  4.96e+04 1.30e-11  3.34e+05     1s
   6   1.87373360e+10  1.37206726e+10  1.92e+04 9.78e-12  1.30e+05     1s
   7   1.74544990e+10  1.48671748e+10  6.13e+03 7.05e-12  4.61e+04     1s
   8   1.71493696e+10  1.55378820e+10  3.16e+03 5.23e-12  2.43e+04     2s
   9   1.70469346e+10  1.56803198e+10  2.24e+03 4.09e-12  1.85e+04     2s
  10   1.68211753e+10  1.62183230e+10  3.86e+02 2.27e-12  5.65e+03     2s
  11   1.67643780e+10  1.64388933e+10  1.19e+02 2.27e-12  2.69e+03     2s
  12   1.67195918e+10  1.65729376e+10  2.10e+01 6.82e-13  1.13e+03     2s
  13   1.67102886e+10  1.65997954e+10  1.48e+01 6.82e-13  8.46e+02     2s
  14   1.66904406e+10  1.66308210e+10  4.56e+00 5.54e-13  4.52e+02     2s
  15   1.66807135e+10  1.66462097e+10  2.59e+00 4.97e-13  2.61e+02     2s
  16   1.66761507e+10  1.66509143e+10  1.76e+00 7.18e-13  1.90e+02     2s
  17   1.66708847e+10  1.66552111e+10  9.12e-01 5.40e-13  1.18e+02     2s
  18   1.66687481e+10  1.66585795e+10  6.16e-01 6.04e-13  7.66e+01     2s
  19   1.66664273e+10  1.66599759e+10  3.67e-01 4.41e-13  4.86e+01     2s
  20   1.66651862e+10  1.66603954e+10  2.47e-01 5.54e-13  3.61e+01     2s
  21   1.66635341e+10  1.66610139e+10  1.00e-01 5.12e-13  1.90e+01     2s
  22   1.66626805e+10  1.66615005e+10  3.72e-02 4.55e-13  8.89e+00     2s
  23   1.66624318e+10  1.66617265e+10  2.26e-02 3.84e-13  5.31e+00     2s

Barrier performed 23 iterations in 1.80 seconds (1.31 work units)
Barrier solve interrupted - model solved by another algorithm


Solved with primal simplex
Solved in 42999 iterations and 1.80 seconds (1.23 work units)
Optimal objective  1.666194413e+10

User-callback calls 274, time in user-callback 0.00 sec
[ Info:  started timer at: 2023-03-27T13:56:26.213
[ Info: Reading /projects/pvsoiling/RELOG/Recycling_40209_5/input/solver/case.json...
[ Info:          134 collection centers
[ Info:          268 candidate plant locations
[ Info: Building graph...
[ Info:           26 time periods
[ Info:          268 process nodes
[ Info:         4288 shipping nodes (plant)
[ Info:          134 shipping nodes (collection)
[ Info:        40200 arcs
[ Info: Building optimization model...
[ Info: Optimizing MILP...
[ Info: Re-optimizing with integer variables fixed...
[ Info: Extracting solution...
[ Info:       3652.356671773s: 1 hour, 52 seconds, 356 milliseconds
