Set parameter TokenServer to value "license-1.hpc.nrel.gov"
Set parameter TimeLimit to value 3600
Set parameter MIPGap to value 0.001
Set parameter MIPGap to value 0.001
Set parameter TimeLimit to value 3600
Gurobi Optimizer version 9.5.1 build v9.5.1rc2 (linux64)
Thread count: 36 physical cores, 36 logical processors, using up to 32 threads
Optimize a model with 337848 rows, 1385332 columns and 2838644 nonzeros
Model fingerprint: 0xae2a306e
Variable types: 1369264 continuous, 16068 integer (16068 binary)
Coefficient statistics:
  Matrix range     [3e-06, 1e+06]
  Objective range  [2e-01, 2e+07]
  Bounds range     [4e+04, 1e+08]
  RHS range        [1e-03, 2e+05]
Presolve removed 310262 rows and 289309 columns (presolve time = 5s) ...
Presolve removed 310262 rows and 289309 columns
Presolve time: 5.88s
Presolved: 27586 rows, 1096023 columns, 2222637 nonzeros
Variable types: 1092006 continuous, 4017 integer (4017 binary)

Deterministic concurrent LP optimizer: primal simplex, dual simplex, and barrier
Showing barrier log only...

Root barrier log...

Ordering time: 0.65s
Ordering time: 1.32s

Barrier statistics:
 AA' NZ     : 1.299e+06
 Factor NZ  : 1.984e+07 (roughly 600 MB of memory)
 Factor Ops : 4.606e+10 (less than 1 second per iteration)
 Threads    : 29

                  Objective                Residual
Iter       Primal          Dual         Primal    Dual     Compl     Time
   0   1.79757152e+13 -2.85067899e+13  5.61e+06 2.91e+04  5.69e+08    16s
   1   6.98065201e+12 -9.89722466e+12  2.16e+06 2.07e-10  2.16e+08    16s
   2   1.20013134e+12 -2.90326901e+12  3.68e+05 1.81e-07  3.73e+07    16s
   3   1.43799447e+11 -6.64004934e+11  4.18e+04 2.66e-08  4.39e+06    17s
   4   1.93741929e+10 -9.69601892e+10  3.30e+03 7.45e-09  3.61e+05    17s
   5   8.96072125e+09 -6.92985515e+10  9.66e+01 4.64e-09  4.43e+04    17s
   6   8.43934820e+09 -3.47447908e+10  1.94e+01 2.47e-09  2.11e+04    17s
   7   7.48822221e+09 -2.01585994e+10  3.55e+00 1.56e-09  1.28e+04    18s
   8   6.22866793e+09 -1.12241690e+10  2.21e+00 9.77e-10  8.04e+03    18s
   9   4.71139630e+09  5.53735012e+06  8.93e-01 1.91e-10  2.16e+03    18s
  10   4.15579399e+09  1.00349492e+09  5.64e-01 1.36e-10  1.44e+03    18s
  11   3.92621284e+09  1.35073087e+09  7.85e-01 1.13e-10  1.18e+03    19s
  12   3.77991747e+09  1.81388340e+09  8.39e-01 8.19e-11  8.97e+02    19s
  13   3.61456297e+09  1.95712653e+09  1.49e+00 7.24e-11  7.55e+02    19s
  14   3.18208151e+09  2.09321491e+09  2.03e+00 7.52e-11  4.95e+02    19s
  15   3.04973046e+09  2.29184205e+09  2.44e+00 7.26e-11  3.44e+02    20s
  16   2.88249165e+09  2.38862071e+09  2.10e+00 7.93e-11  2.24e+02    20s
  17   2.80754347e+09  2.45969171e+09  2.76e+00 9.99e-11  1.58e+02    21s
  18   2.75316706e+09  2.49203908e+09  4.20e+00 7.29e-11  1.18e+02    21s
  19   2.71215974e+09  2.51650930e+09  3.50e+00 7.33e-11  8.87e+01    21s
  20   2.67614232e+09  2.53129999e+09  2.00e+00 1.02e-10  6.57e+01    22s
  21   2.64117257e+09  2.54129239e+09  1.17e+00 1.02e-10  4.53e+01    22s
  22   2.62036371e+09  2.55315551e+09  1.16e+00 1.40e-10  3.05e+01    22s
  23   2.60550036e+09  2.56005968e+09  7.00e-01 1.32e-10  2.06e+01    23s
  24   2.59529299e+09  2.56448830e+09  3.97e-01 1.38e-10  1.40e+01    24s
  25   2.58776365e+09  2.57047432e+09  1.92e-01 1.06e-10  7.83e+00    25s
  26   2.58523018e+09  2.57284882e+09  1.29e-01 7.68e-11  5.61e+00    25s
  27   2.58340704e+09  2.57397627e+09  8.40e-02 6.58e-11  4.27e+00    26s
  28   2.58284765e+09  2.57515084e+09  7.07e-02 6.64e-11  3.49e+00    26s
  29   2.58247130e+09  2.57567238e+09  6.17e-02 6.64e-11  3.08e+00    27s
  30   2.58158780e+09  2.57653724e+09  4.14e-02 5.19e-11  2.29e+00    27s
  31   2.58103500e+09  2.57723189e+09  2.94e-02 5.82e-11  1.72e+00    27s
  32   2.58096768e+09  2.57769109e+09  2.80e-02 5.82e-11  1.48e+00    28s
  33   2.58086091e+09  2.57795753e+09  2.59e-02 5.82e-11  1.32e+00    28s
  34   2.58052589e+09  2.57836369e+09  1.92e-02 2.91e-11  9.79e-01    28s
  35   2.58041940e+09  2.57847562e+09  1.73e-02 2.91e-11  8.81e-01    28s
  36   2.58019957e+09  2.57877754e+09  1.32e-02 2.91e-11  6.44e-01    29s
  37   2.58005607e+09  2.57886933e+09  1.06e-02 2.91e-11  5.38e-01    29s
  38   2.57992337e+09  2.57897567e+09  8.30e-03 2.91e-11  4.29e-01    29s
  39   2.57973367e+09  2.57906082e+09  5.06e-03 5.82e-11  3.05e-01    29s
  40   2.57957510e+09  2.57916037e+09  2.47e-03 2.91e-11  1.88e-01    30s
  41   2.57950590e+09  2.57927121e+09  1.35e-03 5.82e-11  1.06e-01    30s
  42   2.57947308e+09  2.57933595e+09  8.40e-04 5.82e-11  6.21e-02    30s
  43   2.57944526e+09  2.57936020e+09  4.39e-04 4.37e-11  3.85e-02    31s
  44   2.57943534e+09  2.57937129e+09  2.99e-04 2.91e-11  2.90e-02    31s
  45   2.57942783e+09  2.57938710e+09  1.90e-04 2.91e-11  1.85e-02    31s
  46   2.57942260e+09  2.57939980e+09  1.19e-04 5.82e-11  1.03e-02    31s
  47   2.57942095e+09  2.57940196e+09  9.76e-05 5.82e-11  8.60e-03    32s
  48   2.57941802e+09  2.57940474e+09  5.78e-05 2.91e-11  6.02e-03    32s
  49   2.57941659e+09  2.57940807e+09  3.97e-05 5.82e-11  3.86e-03    32s
  50   2.57941488e+09  2.57940974e+09  1.82e-05 5.82e-11  2.33e-03    32s
  51   2.57941441e+09  2.57941024e+09  1.24e-05 5.82e-11  1.89e-03    33s
  52   2.57941389e+09  2.57941185e+09  5.94e-06 2.91e-11  9.23e-04    33s
  53   2.57941372e+09  2.57941256e+09  3.89e-06 2.91e-11  5.23e-04    33s
  54   2.57941351e+09  2.57941315e+09  1.47e-06 4.37e-11  1.64e-04    33s
  55   2.57941343e+09  2.57941326e+09  4.97e-07 2.91e-11  7.61e-05    34s
  56   2.57941340e+09  2.57941337e+09  8.77e-08 2.91e-11  1.26e-05    34s
  57   2.57941340e+09  2.57941339e+09  2.87e-08 5.82e-11  1.62e-06    34s
  58   2.57941339e+09  2.57941339e+09  1.93e-07 2.91e-11  1.25e-07    34s
  59   2.57941339e+09  2.57941339e+09  7.20e-07 4.37e-11  7.86e-10    35s

Barrier solved model in 59 iterations and 34.67 seconds (29.26 work units)
Optimal objective 2.57941339e+09


Root crossover log...

   26109 DPushes remaining with DInf 1.2664707e-03                35s
    2061 DPushes remaining with DInf 0.0000000e+00                35s
       0 DPushes remaining with DInf 0.0000000e+00                35s

     275 PPushes remaining with PInf 0.0000000e+00                35s
       0 PPushes remaining with PInf 0.0000000e+00                35s

  Push phase complete: Pinf 0.0000000e+00, Dinf 1.1044444e-09     35s


Root simplex log...

Iteration    Objective       Primal Inf.    Dual Inf.      Time
   17141    2.5794134e+09   0.000000e+00   0.000000e+00     35s
   17141    2.5794134e+09   0.000000e+00   0.000000e+00     36s
Concurrent spin time: 3.58s (can be avoided by choosing Method=3)

Solved with barrier

Root relaxation: objective 2.579413e+09, 17141 iterations, 30.99 seconds (21.60 work units)

    Nodes    |    Current Node    |     Objective Bounds      |     Work
 Expl Unexpl |  Obj  Depth IntInf | Incumbent    BestBd   Gap | It/Node Time

     0     0 2.5794e+09    0   96          - 2.5794e+09      -     -   40s
H    0     0                    2.698796e+09 2.5794e+09  4.42%     -   41s
H    0     0                    2.655797e+09 2.5794e+09  2.88%     -   43s
H    0     0                    2.638205e+09 2.5794e+09  2.23%     -   46s
     0     0 2.5814e+09    0  124 2.6382e+09 2.5814e+09  2.15%     -   57s
H    0     0                    2.630444e+09 2.5814e+09  1.86%     -   63s
     0     0 2.5815e+09    0  126 2.6304e+09 2.5815e+09  1.86%     -   65s
     0     0 2.5815e+09    0  125 2.6304e+09 2.5815e+09  1.86%     -   66s
     0     0 2.5815e+09    0  124 2.6304e+09 2.5815e+09  1.86%     -   67s
     0     0 2.5815e+09    0  124 2.6304e+09 2.5815e+09  1.86%     -   68s
     0     0 2.5827e+09    0  116 2.6304e+09 2.5827e+09  1.81%     -   85s
H    0     0                    2.622465e+09 2.5827e+09  1.51%     -   91s
     0     0 2.5829e+09    0  110 2.6225e+09 2.5829e+09  1.51%     -   96s
     0     0 2.5829e+09    0  105 2.6225e+09 2.5829e+09  1.51%     -  100s
     0     0 2.5829e+09    0  105 2.6225e+09 2.5829e+09  1.51%     -  102s
     0     0 2.5829e+09    0  105 2.6225e+09 2.5829e+09  1.51%     -  104s
     0     0 2.5829e+09    0  105 2.6225e+09 2.5829e+09  1.51%     -  105s
     0     0 2.5838e+09    0  121 2.6225e+09 2.5838e+09  1.48%     -  123s
H    0     0                    2.615765e+09 2.5838e+09  1.22%     -  129s
     0     0 2.5838e+09    0  116 2.6158e+09 2.5838e+09  1.22%     -  133s
     0     0 2.5839e+09    0  111 2.6158e+09 2.5839e+09  1.22%     -  136s
     0     0 2.5839e+09    0  112 2.6158e+09 2.5839e+09  1.22%     -  138s
     0     0 2.5839e+09    0  112 2.6158e+09 2.5839e+09  1.22%     -  140s
     0     0 2.5839e+09    0  111 2.6158e+09 2.5839e+09  1.22%     -  141s
     0     0 2.5844e+09    0  134 2.6158e+09 2.5844e+09  1.20%     -  204s
H    0     0                    2.600434e+09 2.5844e+09  0.62%     -  211s
     0     0 2.5846e+09    0  124 2.6004e+09 2.5846e+09  0.61%     -  224s
     0     0 2.5847e+09    0  133 2.6004e+09 2.5847e+09  0.61%     -  233s
     0     0 2.5847e+09    0  126 2.6004e+09 2.5847e+09  0.61%     -  240s
     0     0 2.5847e+09    0  129 2.6004e+09 2.5847e+09  0.61%     -  245s
     0     0 2.5847e+09    0  130 2.6004e+09 2.5847e+09  0.61%     -  248s
     0     0 2.5847e+09    0  129 2.6004e+09 2.5847e+09  0.61%     -  251s
     0     0 2.5847e+09    0  129 2.6004e+09 2.5847e+09  0.61%     -  253s
     0     0 2.5849e+09    0  123 2.6004e+09 2.5849e+09  0.60%     -  335s
H    0     0                    2.599465e+09 2.5849e+09  0.56%     -  341s
     0     0 2.5850e+09    0  151 2.5995e+09 2.5850e+09  0.56%     -  371s
     0     0 2.5850e+09    0  166 2.5995e+09 2.5850e+09  0.56%     -  390s
     0     0 2.5850e+09    0  168 2.5995e+09 2.5850e+09  0.56%     -  401s
     0     0 2.5850e+09    0  165 2.5995e+09 2.5850e+09  0.56%     -  409s
     0     0 2.5850e+09    0  167 2.5995e+09 2.5850e+09  0.56%     -  416s
     0     0 2.5850e+09    0  167 2.5995e+09 2.5850e+09  0.56%     -  419s
     0     0 2.5852e+09    0  153 2.5995e+09 2.5852e+09  0.55%     -  480s
H    0     0                    2.596116e+09 2.5852e+09  0.42%     -  485s
     0     0 2.5852e+09    0  142 2.5961e+09 2.5852e+09  0.42%     -  505s
     0     0 2.5852e+09    0  142 2.5961e+09 2.5852e+09  0.42%     -  523s
     0     0 2.5853e+09    0  159 2.5961e+09 2.5853e+09  0.42%     -  535s
     0     0 2.5853e+09    0  155 2.5961e+09 2.5853e+09  0.42%     -  541s
     0     0 2.5853e+09    0  157 2.5961e+09 2.5853e+09  0.42%     -  546s
     0     0 2.5853e+09    0  154 2.5961e+09 2.5853e+09  0.42%     -  551s
     0     0 2.5853e+09    0  148 2.5961e+09 2.5853e+09  0.42%     -  553s
     0     0 2.5853e+09    0  148 2.5961e+09 2.5853e+09  0.42%     -  556s
     0     0 2.5854e+09    0  209 2.5961e+09 2.5854e+09  0.41%     -  638s
     0     0 2.5855e+09    0  205 2.5961e+09 2.5855e+09  0.41%     -  672s
     0     0 2.5855e+09    0  209 2.5961e+09 2.5855e+09  0.41%     -  688s
     0     0 2.5855e+09    0  215 2.5961e+09 2.5855e+09  0.41%     -  700s
     0     0 2.5855e+09    0  216 2.5961e+09 2.5855e+09  0.41%     -  710s
     0     0 2.5856e+09    0  225 2.5961e+09 2.5856e+09  0.41%     -  862s
H    0     0                    2.596049e+09 2.5856e+09  0.40%     -  868s
H    0     0                    2.593980e+09 2.5856e+09  0.32%     -  870s
     0     0 2.5856e+09    0  230 2.5940e+09 2.5856e+09  0.32%     -  899s
     0     0 2.5856e+09    0  223 2.5940e+09 2.5856e+09  0.32%     -  922s
     0     0 2.5856e+09    0  234 2.5940e+09 2.5856e+09  0.32%     -  939s
     0     0 2.5856e+09    0  217 2.5940e+09 2.5856e+09  0.32%     -  961s
     0     0 2.5856e+09    0  222 2.5940e+09 2.5856e+09  0.32%     -  978s
     0     0 2.5856e+09    0  219 2.5940e+09 2.5856e+09  0.32%     -  991s
     0     0 2.5857e+09    0  207 2.5940e+09 2.5857e+09  0.32%     - 1001s
     0     0 2.5857e+09    0  226 2.5940e+09 2.5857e+09  0.32%     - 1012s
     0     0 2.5857e+09    0  224 2.5940e+09 2.5857e+09  0.32%     - 1030s
     0     0 2.5857e+09    0  232 2.5940e+09 2.5857e+09  0.32%     - 1039s
     0     0 2.5858e+09    0  248 2.5940e+09 2.5858e+09  0.32%     - 1188s
H    0     0                    2.593573e+09 2.5858e+09  0.30%     - 1195s
     0     0 2.5858e+09    0  244 2.5936e+09 2.5858e+09  0.30%     - 1228s
     0     0 2.5858e+09    0   22 2.5936e+09 2.5858e+09  0.30%     - 1265s
     0     0 2.5858e+09    0    6 2.5936e+09 2.5858e+09  0.30%     - 1312s
     0     0 2.5858e+09    0    6 2.5936e+09 2.5858e+09  0.30%     - 1361s
     0     0 2.5858e+09    0   91 2.5936e+09 2.5858e+09  0.30%     - 1474s
     0     0 2.5858e+09    0  118 2.5936e+09 2.5858e+09  0.30%     - 1515s
     0     0 2.5858e+09    0  171 2.5936e+09 2.5858e+09  0.30%     - 1585s
     0     0 2.5858e+09    0  192 2.5936e+09 2.5858e+09  0.30%     - 1648s
     0     0 2.5858e+09    0  220 2.5936e+09 2.5858e+09  0.30%     - 1699s
     0     0 2.5858e+09    0  266 2.5936e+09 2.5858e+09  0.30%     - 1736s
     0     0 2.5858e+09    0  256 2.5936e+09 2.5858e+09  0.30%     - 1769s
     0     0 2.5858e+09    0  248 2.5936e+09 2.5858e+09  0.30%     - 1815s
     0     0 2.5858e+09    0  248 2.5936e+09 2.5858e+09  0.30%     - 1842s
     0     0 2.5858e+09    0  249 2.5936e+09 2.5858e+09  0.30%     - 1865s
     0     0 2.5858e+09    0  244 2.5936e+09 2.5858e+09  0.30%     - 1877s
     0     0 2.5858e+09    0  233 2.5936e+09 2.5858e+09  0.30%     - 1890s
     0     0 2.5858e+09    0  254 2.5936e+09 2.5858e+09  0.30%     - 1905s
     0     0 2.5858e+09    0  233 2.5936e+09 2.5858e+09  0.30%     - 1915s
     0     0 2.5858e+09    0  257 2.5936e+09 2.5858e+09  0.30%     - 1937s
     0     0 2.5858e+09    0  239 2.5936e+09 2.5858e+09  0.30%     - 1963s
     0     0 2.5858e+09    0  236 2.5936e+09 2.5858e+09  0.30%     - 1971s
     0     0 2.5858e+09    0  190 2.5936e+09 2.5858e+09  0.30%     - 1976s
     0     0 2.5858e+09    0   22 2.5936e+09 2.5858e+09  0.30%     - 1982s
     0     0 2.5858e+09    0    6 2.5936e+09 2.5858e+09  0.30%     - 1986s
     0     0 2.5858e+09    0   91 2.5936e+09 2.5858e+09  0.30%     - 2002s
     0     0 2.5858e+09    0  115 2.5936e+09 2.5858e+09  0.30%     - 2013s
     0     0 2.5858e+09    0  156 2.5936e+09 2.5858e+09  0.30%     - 2046s
     0     0 2.5858e+09    0  171 2.5936e+09 2.5858e+09  0.30%     - 2077s
     0     0 2.5858e+09    0  227 2.5936e+09 2.5858e+09  0.30%     - 2107s
     0     0 2.5858e+09    0  219 2.5936e+09 2.5858e+09  0.30%     - 2125s
     0     0 2.5858e+09    0  263 2.5936e+09 2.5858e+09  0.30%     - 2150s
     0     0 2.5858e+09    0  258 2.5936e+09 2.5858e+09  0.30%     - 2173s
     0     0 2.5858e+09    0  236 2.5936e+09 2.5858e+09  0.30%     - 2207s
     0     0 2.5858e+09    0  240 2.5936e+09 2.5858e+09  0.30%     - 2219s
     0     0 2.5858e+09    0  244 2.5936e+09 2.5858e+09  0.30%     - 2230s
     0     0 2.5858e+09    0  250 2.5936e+09 2.5858e+09  0.30%     - 2237s
     0     0 2.5858e+09    0  254 2.5936e+09 2.5858e+09  0.30%     - 2253s
     0     0 2.5858e+09    0  251 2.5936e+09 2.5858e+09  0.30%     - 2269s
     0     0 2.5858e+09    0  253 2.5936e+09 2.5858e+09  0.30%     - 2282s
     0     0 2.5858e+09    0  249 2.5936e+09 2.5858e+09  0.30%     - 2293s
     0     0 2.5858e+09    0  230 2.5936e+09 2.5858e+09  0.30%     - 2297s
     0     0 2.5858e+09    0  206 2.5936e+09 2.5858e+09  0.30%     - 2301s
     0     0 2.5858e+09    0    6 2.5936e+09 2.5858e+09  0.30%     - 2319s
     0     0 2.5858e+09    0    6 2.5936e+09 2.5858e+09  0.30%     - 2321s
     0     0 2.5858e+09    0    6 2.5936e+09 2.5858e+09  0.30%     - 2323s
     0     0 2.5858e+09    0    6 2.5936e+09 2.5858e+09  0.30%     - 2332s
     0     2 2.5858e+09    0    6 2.5936e+09 2.5858e+09  0.30%     - 2362s
     1     5 2.5873e+09    1   51 2.5936e+09 2.5858e+09  0.30% 12723 2430s
     3     8 2.5875e+09    2   47 2.5936e+09 2.5859e+09  0.30%  5547 2489s
     7    13 2.5907e+09    3   30 2.5936e+09 2.5861e+09  0.29%  8340 2626s
    15    23 2.5907e+09    4   28 2.5936e+09 2.5861e+09  0.29%  7552 2771s
    28    38 2.5909e+09    5   27 2.5936e+09 2.5862e+09  0.29%  7372 2886s
    51    51 2.5909e+09    6   16 2.5936e+09 2.5862e+09  0.29%  7074 3324s
    83    76 2.5910e+09    7   12 2.5936e+09 2.5862e+09  0.29% 12144 3512s
   115   101 2.5911e+09    8   10 2.5936e+09 2.5862e+09  0.29% 10606 3600s

Cutting planes:
  Implied bound: 8970
  MIR: 69
  Flow cover: 1253
  Flow path: 455
  Network: 1
  RLT: 58
  Relax-and-lift: 446

Explored 143 nodes (1815248 simplex iterations) in 3600.17 seconds (3673.35 work units)
Thread count was 32 (of 36 available processors)

Solution count 10: 2.59357e+09 2.59398e+09 2.59605e+09 ... 2.63821e+09

Time limit reached
Best objective 2.593572802926e+09, best bound 2.586167801579e+09, gap 0.2855%

User-callback calls 747066, time in user-callback 0.18 sec
Set parameter TokenServer to value "license-1.hpc.nrel.gov"
Set parameter TimeLimit to value 3600
Set parameter MIPGap to value 0.001
Set parameter MIPGap to value 0.001
Set parameter TimeLimit to value 3600
Gurobi Optimizer version 9.5.1 build v9.5.1rc2 (linux64)
Thread count: 36 physical cores, 36 logical processors, using up to 32 threads
Optimize a model with 337848 rows, 1385332 columns and 2838644 nonzeros
Model fingerprint: 0x8ae2ecda
Coefficient statistics:
  Matrix range     [3e-06, 1e+06]
  Objective range  [2e-01, 2e+07]
  Bounds range     [1e+00, 1e+08]
  RHS range        [1e-03, 2e+05]

Concurrent LP optimizer: primal simplex, dual simplex, and barrier
Showing barrier log only...

Presolve removed 334993 rows and 1344263 columns
Presolve time: 1.39s
Presolved: 2855 rows, 41069 columns, 81829 nonzeros

Ordering time: 0.00s

Barrier statistics:
 AA' NZ     : 3.983e+04
 Factor NZ  : 5.495e+04 (roughly 18 MB of memory)
 Factor Ops : 1.235e+06 (less than 1 second per iteration)
 Threads    : 30

                  Objective                Residual
Iter       Primal          Dual         Primal    Dual     Compl     Time
   0   2.61807179e+12 -8.70251577e+10  9.36e+07 1.29e+02  2.09e+08     1s
   1   6.59467556e+11 -2.74322605e+10  2.35e+07 3.98e-13  5.33e+07     1s
   2   1.60730173e+11 -3.40548696e+09  5.65e+06 3.01e-12  1.29e+07     1s
   3   5.88210660e+09 -5.06441338e+08  1.06e+05 3.24e-12  3.15e+05     1s
   4   3.36192748e+09  1.30932578e+09  1.83e+04 1.08e-12  7.38e+04     1s
   5   2.81429021e+09  2.22044280e+09  1.55e+03 3.13e-13  1.56e+04     1s
   6   2.68270620e+09  2.46664552e+09  1.41e+02 2.02e-12  5.16e+03     1s
   7   2.65565338e+09  2.54494100e+09  8.15e+01 1.17e-12  2.63e+03     1s
   8   2.62922914e+09  2.57101858e+09  4.13e+01 6.54e-13  1.38e+03     1s
   9   2.61329120e+09  2.58312749e+09  1.91e+01 5.26e-13  7.10e+02     2s
  10   2.59825803e+09  2.58832168e+09  2.14e+00 4.12e-13  2.33e+02     2s
  11   2.59636059e+09  2.59080680e+09  1.12e+00 3.84e-13  1.30e+02     2s
  12   2.59473153e+09  2.59244026e+09  3.83e-01 5.54e-13  5.37e+01     2s
  13   2.59411992e+09  2.59314700e+09  1.58e-01 3.27e-13  2.28e+01     2s
  14   2.59364347e+09  2.59344636e+09  1.19e-02 5.54e-13  4.62e+00     2s
  15   2.59360074e+09  2.59351884e+09  3.83e-03 3.27e-13  1.92e+00     2s
  16   2.59357797e+09  2.59355489e+09  5.40e-04 3.27e-13  5.41e-01     2s
  17   2.59357446e+09  2.59356226e+09  1.15e-04 1.56e-13  2.86e-01     2s
  18   2.59357357e+09  2.59357021e+09  4.05e-05 8.53e-14  7.88e-02     2s
  19   2.59357288e+09  2.59357255e+09  1.09e-07 1.14e-13  7.74e-03     2s
  20   2.59357281e+09  2.59357278e+09  2.52e-08 1.14e-13  6.47e-04     2s
  21   2.59357280e+09  2.59357280e+09  6.19e-09 1.14e-13  1.57e-06     2s
  22   2.59357280e+09  2.59357280e+09  8.00e-11 9.95e-14  5.70e-12     2s

Barrier solved model in 22 iterations and 1.61 seconds (0.89 work units)
Optimal objective 2.59357280e+09

Crossover log...

      21 DPushes remaining with DInf 0.0000000e+00                 2s
       0 DPushes remaining with DInf 0.0000000e+00                 2s

     220 PPushes remaining with PInf 0.0000000e+00                 2s
       0 PPushes remaining with PInf 0.0000000e+00                 2s

  Push phase complete: Pinf 0.0000000e+00, Dinf 6.1959327e-12      2s

Iteration    Objective       Primal Inf.    Dual Inf.      Time
     244    2.5935728e+09   0.000000e+00   0.000000e+00      2s

Solved with primal simplex
Solved in 9777 iterations and 2.26 seconds (0.94 work units)
Optimal objective  2.593572803e+09

User-callback calls 446, time in user-callback 0.00 sec
[ Info:  started timer at: 2023-03-27T04:10:51.051
[ Info: Reading /projects/pvsoiling/RELOG/Recycling_cap_NAICS_5/input/solver/case.json...
[ Info:          134 collection centers
[ Info:          309 candidate plant locations
[ Info: Building graph...
[ Info:           26 time periods
[ Info:          309 process nodes
[ Info:         4944 shipping nodes (plant)
[ Info:          134 shipping nodes (collection)
[ Info:        46350 arcs
[ Info: Building optimization model...
[ Info: Optimizing MILP...
[ Info: Re-optimizing with integer variables fixed...
[ Info: Extracting solution...
[ Info:       3654.028376104s: 1 hour, 54 seconds, 28 milliseconds
