Set parameter TokenServer to value "license-1.hpc.nrel.gov"
Set parameter TimeLimit to value 3600
Set parameter MIPGap to value 0.001
Set parameter MIPGap to value 0.001
Set parameter TimeLimit to value 3600
Gurobi Optimizer version 9.5.1 build v9.5.1rc2 (linux64)
Thread count: 36 physical cores, 36 logical processors, using up to 32 threads
Optimize a model with 332904 rows, 1385332 columns and 2833700 nonzeros
Model fingerprint: 0xa3bf4f66
Variable types: 1369264 continuous, 16068 integer (16068 binary)
Coefficient statistics:
  Matrix range     [3e-06, 1e+06]
  Objective range  [2e-01, 2e+07]
  Bounds range     [4e+04, 1e+08]
  RHS range        [1e-03, 2e+05]
Presolve removed 303464 rows and 282820 columns (presolve time = 5s) ...
Presolve removed 303464 rows and 282820 columns
Presolve time: 5.70s
Presolved: 29440 rows, 1102512 columns, 2239014 nonzeros
Variable types: 1092006 continuous, 10506 integer (10506 binary)

Deterministic concurrent LP optimizer: primal simplex, dual simplex, and barrier
Showing barrier log only...

Root barrier log...

Ordering time: 1.20s
Ordering time: 2.39s

Barrier statistics:
 AA' NZ     : 1.181e+06
 Factor NZ  : 1.683e+07 (roughly 600 MB of memory)
 Factor Ops : 3.030e+10 (less than 1 second per iteration)
 Threads    : 29

                  Objective                Residual
Iter       Primal          Dual         Primal    Dual     Compl     Time
   0   3.14056000e+14 -3.76388525e+14  5.61e+06 1.78e+03  7.60e+09    16s
   1   7.08194423e+13 -1.22525832e+14  1.26e+06 3.73e-09  1.71e+09    16s
   2   1.69611108e+13 -3.32443464e+13  3.03e+05 3.73e-09  4.09e+08    17s
   3   7.26016481e+11 -9.56144668e+12  1.28e+04 5.00e-09  2.11e+07    17s
   4   2.46737281e+10 -1.75116516e+12  3.05e+02 3.73e-09  1.17e+06    18s
   5   2.33964811e+10 -8.94746331e+11  2.79e+02 2.05e-08  7.37e+05    18s
   6   1.44588671e+10 -4.89770630e+11  1.17e+02 2.05e-08  3.57e+05    18s
   7   9.18776011e+09 -1.60970159e+11  1.84e+01 1.86e-08  9.34e+04    18s
   8   7.76731534e+09 -3.91547308e+10  2.89e-02 1.68e-08  2.11e+04    18s
   9   6.84697009e+09 -1.09719495e+10  2.10e-02 4.19e-08  8.02e+03    19s
  10   4.81986144e+09 -3.38660979e+09  1.62e-02 3.68e-08  3.70e+03    19s
  11   4.51739752e+09 -1.81736695e+09  2.74e-02 2.94e-08  2.85e+03    19s
  12   4.35843287e+09 -8.03039596e+08  2.88e-02 2.19e-08  2.32e+03    19s
  13   4.22116302e+09 -1.73895906e+08  1.92e-02 1.54e-08  1.98e+03    19s
  14   3.88137790e+09  5.93772678e+08  6.58e-02 1.54e-08  1.48e+03    20s
  15   3.59987111e+09  1.01119531e+09  2.32e-01 1.54e-08  1.17e+03    20s
  16   3.18051486e+09  1.61437331e+09  3.86e-01 1.72e-08  7.05e+02    20s
  17   2.93128717e+09  1.91401483e+09  5.22e-01 1.45e-08  4.58e+02    20s
  18   2.83110481e+09  2.17857394e+09  5.80e-01 1.17e-08  2.94e+02    21s
  19   2.74746993e+09  2.28114132e+09  1.26e+00 8.66e-09  2.10e+02    21s
  20   2.71618731e+09  2.38228508e+09  1.61e+00 8.69e-09  1.50e+02    21s
  21   2.68124646e+09  2.40711413e+09  2.80e+00 6.83e-09  1.23e+02    21s
  22   2.66148824e+09  2.44817698e+09  3.10e+00 5.50e-09  9.60e+01    21s
  23   2.62423808e+09  2.48631047e+09  2.80e+00 4.04e-09  6.21e+01    22s
  24   2.60293403e+09  2.51296853e+09  2.60e+00 3.73e-09  4.05e+01    22s
  25   2.58723029e+09  2.52765956e+09  1.94e+00 3.73e-09  2.68e+01    22s
  26   2.57755334e+09  2.54217911e+09  1.08e+00 3.73e-09  1.59e+01    23s
  27   2.57201018e+09  2.54881633e+09  7.47e-01 3.73e-09  1.04e+01    23s
  28   2.56961682e+09  2.55385129e+09  5.69e-01 3.73e-09  7.10e+00    23s
  29   2.56643868e+09  2.55588034e+09  2.97e-01 3.73e-09  4.75e+00    23s
  30   2.56490983e+09  2.55834751e+09  2.11e-01 3.73e-09  2.95e+00    23s
  31   2.56350915e+09  2.55952724e+09  1.13e-01 3.73e-09  1.79e+00    23s
  32   2.56294464e+09  2.56017109e+09  8.47e-02 3.73e-09  1.25e+00    24s
  33   2.56220777e+09  2.56061952e+09  3.62e-02 3.73e-09  7.15e-01    24s
  34   2.56187632e+09  2.56103704e+09  1.73e-02 3.73e-09  3.78e-01    24s
  35   2.56176958e+09  2.56120279e+09  1.18e-02 3.73e-09  2.55e-01    24s
  36   2.56160405e+09  2.56133649e+09  3.97e-03 3.73e-09  1.20e-01    25s
  37   2.56156855e+09  2.56139591e+09  2.53e-03 7.45e-09  7.77e-02    25s
  38   2.56153028e+09  2.56144035e+09  1.02e-03 3.73e-09  4.05e-02    25s
  39   2.56152098e+09  2.56146597e+09  7.14e-04 3.73e-09  2.48e-02    26s
  40   2.56151327e+09  2.56147919e+09  4.79e-04 3.73e-09  1.53e-02    26s
  41   2.56150455e+09  2.56148659e+09  2.22e-04 3.73e-09  8.09e-03    26s
  42   2.56149999e+09  2.56149090e+09  9.38e-05 3.73e-09  4.09e-03    26s
  43   2.56149885e+09  2.56149327e+09  6.34e-05 3.73e-09  2.51e-03    27s
  44   2.56149691e+09  2.56149473e+09  1.28e-05 3.73e-09  9.82e-04    27s
  45   2.56149671e+09  2.56149543e+09  8.31e-06 3.73e-09  5.78e-04    27s
  46   2.56149644e+09  2.56149585e+09  2.40e-06 3.73e-09  2.68e-04    27s
  47   2.56149636e+09  2.56149628e+09  6.70e-07 7.45e-09  3.60e-05    28s
  48   2.56149633e+09  2.56149631e+09  1.91e-07 7.45e-09  8.16e-06    28s
  49   2.56149632e+09  2.56149632e+09  1.28e-08 7.45e-09  6.98e-07    28s
  50   2.56149632e+09  2.56149632e+09  5.35e-10 7.45e-09  2.32e-08    28s
  51   2.56149632e+09  2.56149632e+09  5.71e-11 7.45e-09  3.82e-11    29s

Barrier solved model in 51 iterations and 28.69 seconds (24.84 work units)
Optimal objective 2.56149632e+09


Root crossover log...

   27948 DPushes remaining with DInf 4.9025988e-05                29s
       0 DPushes remaining with DInf 0.0000000e+00                29s

     326 PPushes remaining with PInf 0.0000000e+00                29s
       0 PPushes remaining with PInf 0.0000000e+00                29s

  Push phase complete: Pinf 0.0000000e+00, Dinf 7.3027540e+01     29s


Root simplex log...

Iteration    Objective       Primal Inf.    Dual Inf.      Time
   20910    2.5614963e+09   0.000000e+00   7.302754e+01     29s
   20914    2.5614963e+09   0.000000e+00   0.000000e+00     29s
   20914    2.5614963e+09   0.000000e+00   0.000000e+00     30s
Concurrent spin time: 1.04s

Solved with barrier

Root relaxation: objective 2.561496e+09, 20914 iterations, 23.00 seconds (16.93 work units)

    Nodes    |    Current Node    |     Objective Bounds      |     Work
 Expl Unexpl |  Obj  Depth IntInf | Incumbent    BestBd   Gap | It/Node Time

     0     0 2.5615e+09    0  198          - 2.5615e+09      -     -   33s
H    0     0                    2.688935e+09 2.5615e+09  4.74%     -   35s
H    0     0                    2.660956e+09 2.5615e+09  3.74%     -   36s
     0     0 2.5639e+09    0  262 2.6610e+09 2.5639e+09  3.65%     -   54s
H    0     0                    2.629418e+09 2.5639e+09  2.49%     -   62s
     0     0 2.5642e+09    0  237 2.6294e+09 2.5642e+09  2.48%     -   71s
     0     0 2.5642e+09    0  238 2.6294e+09 2.5642e+09  2.48%     -   74s
     0     0 2.5642e+09    0  242 2.6294e+09 2.5642e+09  2.48%     -   75s
     0     0 2.5642e+09    0  242 2.6294e+09 2.5642e+09  2.48%     -   76s
     0     0 2.5642e+09    0  243 2.6294e+09 2.5642e+09  2.48%     -   77s
     0     0 2.5642e+09    0  243 2.6294e+09 2.5642e+09  2.48%     -   78s
     0     0 2.5642e+09    0  243 2.6294e+09 2.5642e+09  2.48%     -   78s
     0     0 2.5642e+09    0  242 2.6294e+09 2.5642e+09  2.48%     -   79s
     0     0 2.5642e+09    0  243 2.6294e+09 2.5642e+09  2.48%     -   80s
     0     0 2.5642e+09    0  243 2.6294e+09 2.5642e+09  2.48%     -   81s
     0     0 2.5656e+09    0  237 2.6294e+09 2.5656e+09  2.43%     -  135s
H    0     0                    2.625144e+09 2.5656e+09  2.27%     -  153s
     0     0 2.5661e+09    0  247 2.6251e+09 2.5661e+09  2.25%     -  184s
     0     0 2.5663e+09    0  241 2.6251e+09 2.5663e+09  2.24%     -  199s
     0     0 2.5663e+09    0  248 2.6251e+09 2.5663e+09  2.24%     -  207s
     0     0 2.5663e+09    0  236 2.6251e+09 2.5663e+09  2.24%     -  212s
     0     0 2.5663e+09    0  235 2.6251e+09 2.5663e+09  2.24%     -  218s
     0     0 2.5663e+09    0  239 2.6251e+09 2.5663e+09  2.24%     -  223s
     0     0 2.5663e+09    0  251 2.6251e+09 2.5663e+09  2.24%     -  229s
     0     0 2.5663e+09    0  239 2.6251e+09 2.5663e+09  2.24%     -  235s
     0     0 2.5663e+09    0  249 2.6251e+09 2.5663e+09  2.24%     -  240s
     0     0 2.5663e+09    0  249 2.6251e+09 2.5663e+09  2.24%     -  242s
     0     0 2.5663e+09    0  251 2.6251e+09 2.5663e+09  2.24%     -  244s
     0     0 2.5663e+09    0  248 2.6251e+09 2.5663e+09  2.24%     -  246s
     0     0 2.5675e+09    0  248 2.6251e+09 2.5675e+09  2.20%     -  356s
H    0     0                    2.607147e+09 2.5675e+09  1.52%     -  373s
     0     0 2.5676e+09    0  248 2.6071e+09 2.5676e+09  1.52%     -  407s
     0     0 2.5676e+09    0  229 2.6071e+09 2.5676e+09  1.52%     -  426s
     0     0 2.5676e+09    0  236 2.6071e+09 2.5676e+09  1.52%     -  435s
     0     0 2.5677e+09    0  235 2.6071e+09 2.5677e+09  1.51%     -  442s
     0     0 2.5677e+09    0  237 2.6071e+09 2.5677e+09  1.51%     -  447s
     0     0 2.5677e+09    0  236 2.6071e+09 2.5677e+09  1.51%     -  454s
     0     0 2.5677e+09    0  220 2.6071e+09 2.5677e+09  1.51%     -  462s
     0     0 2.5677e+09    0  227 2.6071e+09 2.5677e+09  1.51%     -  466s
     0     0 2.5683e+09    0  258 2.6071e+09 2.5683e+09  1.49%     -  575s
H    0     0                    2.590751e+09 2.5683e+09  0.86%     -  584s
     0     0 2.5684e+09    0  238 2.5908e+09 2.5684e+09  0.86%     -  637s
     0     0 2.5685e+09    0  224 2.5908e+09 2.5685e+09  0.86%     -  669s
     0     0 2.5685e+09    0  232 2.5908e+09 2.5685e+09  0.86%     -  687s
     0     0 2.5685e+09    0  243 2.5908e+09 2.5685e+09  0.86%     -  699s
     0     0 2.5685e+09    0  243 2.5908e+09 2.5685e+09  0.86%     -  706s
     0     0 2.5689e+09    0  253 2.5908e+09 2.5689e+09  0.84%     -  899s
H    0     0                    2.587295e+09 2.5689e+09  0.71%     -  913s
     0     0 2.5690e+09    0  264 2.5873e+09 2.5690e+09  0.71%     -  994s
     0     0 2.5690e+09    0  255 2.5873e+09 2.5690e+09  0.71%     - 1032s
     0     0 2.5690e+09    0  297 2.5873e+09 2.5690e+09  0.71%     - 1062s
     0     0 2.5690e+09    0  298 2.5873e+09 2.5690e+09  0.71%     - 1079s
     0     0 2.5690e+09    0  299 2.5873e+09 2.5690e+09  0.71%     - 1088s
     0     0 2.5692e+09    0  357 2.5873e+09 2.5692e+09  0.70%     - 1297s
     0     0 2.5693e+09    0  311 2.5873e+09 2.5693e+09  0.70%     - 1381s
     0     0 2.5693e+09    0  343 2.5873e+09 2.5693e+09  0.70%     - 1409s
     0     0 2.5693e+09    0  337 2.5873e+09 2.5693e+09  0.70%     - 1433s
     0     0 2.5693e+09    0  337 2.5873e+09 2.5693e+09  0.70%     - 1450s
     0     0 2.5693e+09    0  350 2.5873e+09 2.5693e+09  0.70%     - 1463s
     0     0 2.5694e+09    0  255 2.5873e+09 2.5694e+09  0.69%     - 1792s
     0     0 2.5694e+09    0  281 2.5873e+09 2.5694e+09  0.69%     - 1883s
     0     0 2.5694e+09    0  259 2.5873e+09 2.5694e+09  0.69%     - 1912s
     0     0 2.5694e+09    0  214 2.5873e+09 2.5694e+09  0.69%     - 1937s
     0     0 2.5694e+09    0  191 2.5873e+09 2.5694e+09  0.69%     - 2104s
     0     0 2.5695e+09    0  186 2.5873e+09 2.5695e+09  0.69%     - 2250s
     0     0 2.5695e+09    0   50 2.5873e+09 2.5695e+09  0.69%     - 2265s
     0     0 2.5695e+09    0   40 2.5873e+09 2.5695e+09  0.69%     - 2300s
H    0     0                    2.579101e+09 2.5695e+09  0.37%     - 2301s
     0     0 2.5695e+09    0   41 2.5791e+09 2.5695e+09  0.37%     - 2308s
     0     0 2.5695e+09    0  165 2.5791e+09 2.5695e+09  0.37%     - 2360s
     0     0 2.5695e+09    0  165 2.5791e+09 2.5695e+09  0.37%     - 2388s
H    0     0                    2.575722e+09 2.5695e+09  0.24%     - 2533s
     0     2 2.5695e+09    0  165 2.5757e+09 2.5695e+09  0.24%     - 2633s
     1     4 2.5696e+09    1  164 2.5757e+09 2.5695e+09  0.24%  1718 2660s
     3     7 2.5704e+09    2  339 2.5757e+09 2.5696e+09  0.24%  4059 2988s
     7    13 2.5711e+09    3  178 2.5757e+09 2.5696e+09  0.24%  6203 3154s
    14    26 2.5711e+09    4  185 2.5757e+09 2.5696e+09  0.24%  5074 3385s
    27    39 2.5697e+09    5   59 2.5757e+09 2.5697e+09  0.23%  6642 3600s

Cutting planes:
  Implied bound: 9968
  MIR: 98
  Flow cover: 993
  Flow path: 783
  Network: 1
  RLT: 177
  Relax-and-lift: 1066

Explored 40 nodes (443349 simplex iterations) in 3600.46 seconds (4965.51 work units)
Thread count was 32 (of 36 available processors)

Solution count 9: 2.57572e+09 2.5791e+09 2.5873e+09 ... 2.68893e+09

Time limit reached
Best objective 2.575722042431e+09, best bound 2.569686169925e+09, gap 0.2343%

User-callback calls 289344, time in user-callback 0.09 sec
Set parameter TokenServer to value "license-1.hpc.nrel.gov"
Set parameter TimeLimit to value 3600
Set parameter MIPGap to value 0.001
Set parameter MIPGap to value 0.001
Set parameter TimeLimit to value 3600
Gurobi Optimizer version 9.5.1 build v9.5.1rc2 (linux64)
Thread count: 36 physical cores, 36 logical processors, using up to 32 threads
Optimize a model with 332904 rows, 1385332 columns and 2833700 nonzeros
Model fingerprint: 0x6199a159
Coefficient statistics:
  Matrix range     [3e-06, 1e+06]
  Objective range  [2e-01, 2e+07]
  Bounds range     [1e-14, 1e+08]
  RHS range        [1e-03, 2e+05]

Concurrent LP optimizer: primal simplex, dual simplex, and barrier
Showing barrier log only...

Presolve removed 329165 rows and 1350676 columns
Presolve time: 1.12s
Presolved: 3739 rows, 34656 columns, 69060 nonzeros

Ordering time: 0.00s

Barrier statistics:
 AA' NZ     : 3.440e+04
 Factor NZ  : 5.100e+04 (roughly 16 MB of memory)
 Factor Ops : 9.493e+05 (less than 1 second per iteration)
 Threads    : 1

                  Objective                Residual
Iter       Primal          Dual         Primal    Dual     Compl     Time
   0   1.66820390e+12 -6.58676004e+10  6.36e+07 1.49e+02  1.67e+08     1s
   1   4.91570307e+11 -1.41889108e+10  1.89e+07 2.84e-13  5.00e+07     1s
   2   8.46472352e+10 -2.11408149e+09  3.16e+06 1.68e-11  8.46e+06     1s
   3   9.67418377e+09  1.58633329e+08  2.60e+05 6.54e-12  7.58e+05     1s
   4   3.55747315e+09  1.33036500e+09  2.68e+04 2.56e-12  1.09e+05     1s
   5   3.38301648e+09  1.98176410e+09  2.08e+04 1.48e-12  7.11e+04     1s
   6   2.91945455e+09  2.31956236e+09  6.46e+03 1.14e-12  2.56e+04     1s
   7   2.72834489e+09  2.43395105e+09  1.80e+03 8.53e-13  1.04e+04     1s
   8   2.64808252e+09  2.49902966e+09  5.81e+02 9.66e-13  4.78e+03     1s
   9   2.62665740e+09  2.54789283e+09  3.61e+02 5.68e-13  2.48e+03     1s
  10   2.59149332e+09  2.56537921e+09  6.18e+01 7.39e-13  7.74e+02     1s
  11   2.58170345e+09  2.57051393e+09  2.02e+01 9.09e-13  3.27e+02     1s
  12   2.57825371e+09  2.57443202e+09  7.70e+00 8.53e-13  1.11e+02     1s
  13   2.57689235e+09  2.57506280e+09  3.45e+00 8.53e-13  5.32e+01     1s
  14   2.57599941e+09  2.57547483e+09  9.18e-01 8.53e-13  1.53e+01     1s
  15   2.57569935e+09  2.57555907e+09  1.42e-01 7.96e-13  4.05e+00     1s
  16   2.57566336e+09  2.57561383e+09  6.27e-02 1.59e-12  1.44e+00     1s
  17   2.57563366e+09  2.57562888e+09  1.65e-03 1.14e-12  1.37e-01     1s
  18   2.57563197e+09  2.57563137e+09  1.62e-04 2.10e-12  1.73e-02     1s
  19   2.57563174e+09  2.57563174e+09  2.34e-06 2.05e-12  1.51e-04     1s
  20   2.57563174e+09  2.57563174e+09  4.09e-07 1.91e-11  2.75e-05     1s
  21   2.57563174e+09  2.57563174e+09  1.50e-08 4.24e-11  1.80e-06     1s
  22   2.57563174e+09  2.57563174e+09  3.27e-09 1.76e-11  4.38e-07     1s
  23   2.57563174e+09  2.57563174e+09  1.25e-09 2.28e-11  2.09e-07     1s
  24   2.57563174e+09  2.57563174e+09  5.17e-10 1.30e-11  7.69e-08     1s
  25   2.57563174e+09  2.57563174e+09  2.26e-10 1.11e-11  3.98e-08     1s

Barrier solved model in 25 iterations and 1.25 seconds (0.82 work units)
Optimal objective 2.57563174e+09

Crossover log...

     118 DPushes remaining with DInf 9.5330865e-03                 1s
       0 DPushes remaining with DInf 0.0000000e+00                 1s

     157 PPushes remaining with PInf 4.4019573e-05                 1s
       0 PPushes remaining with PInf 4.4019573e-05                 1s

  Push phase complete: Pinf 4.4019573e-05, Dinf 7.4464879e-12      1s

Iteration    Objective       Primal Inf.    Dual Inf.      Time
     278    2.5756317e+09   4.401957e-05   0.000000e+00      1s
     296    2.5756317e+09   0.000000e+00   0.000000e+00      2s

Solved with dual simplex
Solved in 3072 iterations and 1.75 seconds (0.91 work units)
Optimal objective  2.575631736e+09

User-callback calls 470, time in user-callback 0.00 sec
[ Info:  started timer at: 2023-03-28T00:53:21.137
[ Info: Reading /projects/pvsoiling/RELOG/Recycling_cap_NAICS_5/input/solver/case.json...
[ Info:          134 collection centers
[ Info:          309 candidate plant locations
[ Info: Building graph...
[ Info:           26 time periods
[ Info:          309 process nodes
[ Info:         4944 shipping nodes (plant)
[ Info:          134 shipping nodes (collection)
[ Info:        46350 arcs
[ Info: Building optimization model...
[ Info: Optimizing MILP...
[ Info: Re-optimizing with integer variables fixed...
[ Info: Extracting solution...
[ Info:       3652.090341615s: 1 hour, 52 seconds, 90 milliseconds
