Set parameter TokenServer to value "license-1.hpc.nrel.gov"
Set parameter TimeLimit to value 3600
Set parameter MIPGap to value 0.001
Set parameter MIPGap to value 0.001
Set parameter TimeLimit to value 3600
Gurobi Optimizer version 9.5.1 build v9.5.1rc2 (linux64)
Thread count: 36 physical cores, 36 logical processors, using up to 32 threads
Optimize a model with 289198 rows, 1201980 columns and 2458632 nonzeros
Model fingerprint: 0xd755b62d
Variable types: 1188044 continuous, 13936 integer (13936 binary)
Coefficient statistics:
  Matrix range     [3e-06, 1e+06]
  Objective range  [1e-01, 3e+07]
  Bounds range     [7e+03, 1e+08]
  RHS range        [1e-03, 2e+05]
Presolve removed 263202 rows and 245756 columns (presolve time = 5s) ...
Presolve removed 263202 rows and 245756 columns
Presolve time: 5.27s
Presolved: 25996 rows, 956224 columns, 1937640 nonzeros
Variable types: 947112 continuous, 9112 integer (9112 binary)

Deterministic concurrent LP optimizer: primal and dual simplex
Showing first log only...


Root simplex log...

Iteration    Objective       Primal Inf.    Dual Inf.      Time
       0    2.1668407e+06   1.080373e+06   9.232009e+11     10s
   53388    2.4051909e+06   2.107030e+05   1.328861e+11     10s
  180987    3.0016937e+06   1.199118e+03   6.416062e+10     15s
  194089    1.1959774e+10   0.000000e+00   4.228530e+09     16s
  236079    7.8435005e+09   0.000000e+00   4.990086e+10     20s
  292040    7.3075943e+09   0.000000e+00   3.072921e+10     25s
  357784    7.0905046e+09   0.000000e+00   1.920698e+09     30s
  464848    6.9768037e+09   0.000000e+00   2.075072e+08     35s
  656365    6.9296471e+09   0.000000e+00   9.387816e+05     40s
  678360    6.9289547e+09   0.000000e+00   0.000000e+00     41s
Concurrent spin time: 4.68s

Solved with primal simplex

Root relaxation: objective 6.928955e+09, 678360 iterations, 38.84 seconds (36.24 work units)

    Nodes    |    Current Node    |     Objective Bounds      |     Work
 Expl Unexpl |  Obj  Depth IntInf | Incumbent    BestBd   Gap | It/Node Time

     0     0 6.9290e+09    0  142          - 6.9290e+09      -     -   47s
H    0     0                    6.984383e+09 6.9290e+09  0.79%     -   49s
H    0     0                    6.963606e+09 6.9290e+09  0.50%     -   53s
H    0     0                    6.959212e+09 6.9290e+09  0.43%     -   58s
     0     0 6.9292e+09    0  156 6.9592e+09 6.9292e+09  0.43%     -   65s
     0     0 6.9292e+09    0  158 6.9592e+09 6.9292e+09  0.43%     -   71s
     0     0 6.9292e+09    0  156 6.9592e+09 6.9292e+09  0.43%     -   72s
     0     0 6.9292e+09    0  156 6.9592e+09 6.9292e+09  0.43%     -   72s
     0     0 6.9295e+09    0  171 6.9592e+09 6.9295e+09  0.43%     -   81s
     0     0 6.9295e+09    0  168 6.9592e+09 6.9295e+09  0.43%     -   86s
     0     0 6.9295e+09    0  164 6.9592e+09 6.9295e+09  0.43%     -   87s
     0     0 6.9295e+09    0  165 6.9592e+09 6.9295e+09  0.43%     -   88s
     0     0 6.9297e+09    0  146 6.9592e+09 6.9297e+09  0.42%     -   97s
     0     0 6.9297e+09    0  145 6.9592e+09 6.9297e+09  0.42%     -  102s
     0     0 6.9297e+09    0  153 6.9592e+09 6.9297e+09  0.42%     -  104s
     0     0 6.9297e+09    0  155 6.9592e+09 6.9297e+09  0.42%     -  105s
     0     0 6.9297e+09    0  118 6.9592e+09 6.9297e+09  0.42%     -  115s
H    0     0                    6.955000e+09 6.9297e+09  0.36%     -  126s
     0     0 6.9298e+09    0  112 6.9550e+09 6.9298e+09  0.36%     -  129s
     0     0 6.9298e+09    0  111 6.9550e+09 6.9298e+09  0.36%     -  130s
     0     0 6.9298e+09    0  111 6.9550e+09 6.9298e+09  0.36%     -  130s
     0     0 6.9298e+09    0  118 6.9550e+09 6.9298e+09  0.36%     -  134s
     0     0 6.9298e+09    0  131 6.9550e+09 6.9298e+09  0.36%     -  138s
     0     0 6.9298e+09    0  110 6.9550e+09 6.9298e+09  0.36%     -  140s
     0     0 6.9298e+09    0  115 6.9550e+09 6.9298e+09  0.36%     -  144s
     0     0 6.9298e+09    0  127 6.9550e+09 6.9298e+09  0.36%     -  148s
     0     0 6.9298e+09    0  139 6.9550e+09 6.9298e+09  0.36%     -  150s
     0     0 6.9298e+09    0  136 6.9550e+09 6.9298e+09  0.36%     -  151s
     0     0 6.9298e+09    0  113 6.9550e+09 6.9298e+09  0.36%     -  171s
     0     0 6.9298e+09    0  109 6.9550e+09 6.9298e+09  0.36%     -  189s
     0     0 6.9298e+09    0  110 6.9550e+09 6.9298e+09  0.36%     -  191s
     0     0 6.9298e+09    0  119 6.9550e+09 6.9298e+09  0.36%     -  197s
     0     0 6.9298e+09    0  119 6.9550e+09 6.9298e+09  0.36%     -  211s
H    0     0                    6.947868e+09 6.9298e+09  0.26%     -  230s
H    0     0                    6.946533e+09 6.9298e+09  0.24%     -  272s
     0     2 6.9298e+09    0  117 6.9465e+09 6.9298e+09  0.24%     -  294s
     1     4 6.9298e+09    1  117 6.9465e+09 6.9298e+09  0.24%   126  298s
     3     8 6.9298e+09    2  114 6.9465e+09 6.9298e+09  0.24%   681  327s
     7    16 6.9299e+09    3  102 6.9465e+09 6.9298e+09  0.24%   940  348s
    15    32 6.9299e+09    4   92 6.9465e+09 6.9299e+09  0.24%  1207  368s
    31    64 6.9299e+09    5  101 6.9465e+09 6.9299e+09  0.24%  1537  415s
    63    96 6.9299e+09    6   94 6.9465e+09 6.9299e+09  0.24%  1581  437s
H   95   128                    6.946492e+09 6.9299e+09  0.24%  1515  915s
H   99   128                    6.946345e+09 6.9299e+09  0.24%  1481  915s
   127   160 6.9300e+09    8   95 6.9463e+09 6.9299e+09  0.24%  1232  923s
   159   192 6.9300e+09    9   93 6.9463e+09 6.9299e+09  0.24%  1017  984s
H  163   192                    6.946274e+09 6.9299e+09  0.24%   995  984s
H  173   192                    6.946221e+09 6.9299e+09  0.24%   943  984s
   191   237 6.9300e+09   10   92 6.9462e+09 6.9299e+09  0.24%   883 1002s
   236   614 6.9300e+09   11   84 6.9462e+09 6.9299e+09  0.24%   777 1060s
   613  1587 6.9300e+09   21   77 6.9462e+09 6.9299e+09  0.24%   428 1178s
  1586  2522 6.9301e+09   52   69 6.9462e+09 6.9299e+09  0.24%   276 1290s
H 1828  2522                    6.946201e+09 6.9299e+09  0.23%   250 1291s
H 1975  2522                    6.946196e+09 6.9299e+09  0.23%   247 1291s
  2521  3445 6.9301e+09   83   77 6.9462e+09 6.9299e+09  0.23%   229 1374s
  3450  4291 6.9303e+09  115   77 6.9462e+09 6.9299e+09  0.23%   217 1441s
  4355  4996 6.9304e+09  147   82 6.9462e+09 6.9299e+09  0.23%   199 1503s
H 4586  4996                    6.946176e+09 6.9299e+09  0.23%   192 1503s
  5104  5849 6.9306e+09  179   80 6.9462e+09 6.9299e+09  0.23%   181 1540s
  6112  6644 6.9307e+09  211   79 6.9462e+09 6.9299e+09  0.23%   160 1600s
  7095  7420 6.9308e+09  243   73 6.9462e+09 6.9299e+09  0.23%   146 1654s
  7884  8272 6.9308e+09  275   73 6.9462e+09 6.9299e+09  0.23%   137 1689s
  8844  8658 6.9309e+09  307   78 6.9462e+09 6.9299e+09  0.23%   130 1776s
  9294  9434 6.9309e+09  320   77 6.9462e+09 6.9299e+09  0.23%   128 1833s
 10123 10322 6.9310e+09  352   76 6.9462e+09 6.9299e+09  0.23%   121 1865s
 11102 11166 6.9312e+09  384   72 6.9462e+09 6.9299e+09  0.23%   118 1898s
 12061 11836 6.9313e+09  416   70 6.9462e+09 6.9299e+09  0.23%   114 1933s
 12949 12578 6.9314e+09  448   74 6.9462e+09 6.9299e+09  0.23%   112 1966s
 13856 13284 6.9317e+09  480   71 6.9462e+09 6.9299e+09  0.23%   109 1996s
 14694 13285 6.9302e+09   40  119 6.9462e+09 6.9299e+09  0.23%   108 2159s
 14696 13286 6.9327e+09  145  137 6.9462e+09 6.9299e+09  0.23%   108 2259s
 14697 13287 6.9302e+09   38  162 6.9462e+09 6.9299e+09  0.23%   108 2341s
 14698 13288 6.9307e+09   68  155 6.9462e+09 6.9299e+09  0.23%   108 2370s
 14699 13288 6.9340e+09   75  137 6.9462e+09 6.9299e+09  0.23%   108 2380s
 14700 13289 6.9304e+09  114  125 6.9462e+09 6.9299e+09  0.23%   108 2389s
 14701 13290 6.9368e+09  322  149 6.9462e+09 6.9299e+09  0.23%   108 2403s
 14702 13290 6.9454e+09  319  139 6.9462e+09 6.9299e+09  0.23%   108 2413s
 14703 13291 6.9319e+09  134  125 6.9462e+09 6.9299e+09  0.23%   108 2425s
 14704 13292 6.9400e+09  403  139 6.9462e+09 6.9299e+09  0.23%   108 2434s
 14705 13292 6.9312e+09  140  136 6.9462e+09 6.9299e+09  0.23%   108 2441s
 14706 13293 6.9301e+09   11  127 6.9462e+09 6.9299e+09  0.23%   108 2445s
 14708 13294 6.9367e+09   62  149 6.9462e+09 6.9299e+09  0.23%   108 2454s
 14709 13295 6.9307e+09  173  142 6.9462e+09 6.9299e+09  0.23%   108 2459s
 14710 13296 6.9301e+09   32   97 6.9462e+09 6.9299e+09  0.23%   108 2464s
 14711 13296 6.9374e+09  457  110 6.9462e+09 6.9299e+09  0.23%   108 2467s
 14712 13297 6.9366e+09   93   91 6.9462e+09 6.9299e+09  0.23%   108 2500s
 14713 13298 6.9316e+09   73  101 6.9462e+09 6.9299e+09  0.23%   108 2546s
 14715 13299 6.9357e+09  296   89 6.9462e+09 6.9299e+09  0.23%   108 2588s
 14716 13300 6.9345e+09  200   99 6.9462e+09 6.9299e+09  0.23%   108 2647s
 14717 13300 6.9400e+09  445   94 6.9462e+09 6.9299e+09  0.23%   108 2696s
 14718 13301 6.9319e+09  128   93 6.9462e+09 6.9299e+09  0.23%   108 2761s
 14719 13302 6.9304e+09   53   97 6.9462e+09 6.9299e+09  0.23%   108 2816s
 14720 13302 6.9301e+09   24   97 6.9462e+09 6.9299e+09  0.23%   108 2886s
 14721 13303 6.9329e+09  179   89 6.9462e+09 6.9299e+09  0.23%   108 2968s
 14722 13304 6.9453e+09  218  103 6.9462e+09 6.9299e+09  0.23%   108 3045s
 14723 13304 6.9434e+09  335  100 6.9462e+09 6.9299e+09  0.23%   108 3089s
 14724 13305 6.9309e+09   52  104 6.9462e+09 6.9299e+09  0.23%   108 3153s
 14725 13306 6.9373e+09  397   97 6.9462e+09 6.9299e+09  0.23%   108 3220s
 14726 13306 6.9327e+09  140   97 6.9462e+09 6.9299e+09  0.23%   108 3330s
 14727 13307 6.9364e+09  324   97 6.9462e+09 6.9299e+09  0.23%   108 3374s
 14728 13308 6.9312e+09   77   97 6.9462e+09 6.9299e+09  0.23%   108 3494s
 14729 13311 6.9299e+09   11   97 6.9462e+09 6.9299e+09  0.23%   151 3566s
 14731 13315 6.9299e+09   12   95 6.9462e+09 6.9299e+09  0.23%   151 3601s

Cutting planes:
  Gomory: 2
  Lift-and-project: 6
  Implied bound: 1820
  Projected implied bound: 2
  MIR: 74
  Flow cover: 161
  Flow path: 94
  Network: 3
  RLT: 50
  Relax-and-lift: 241

Explored 14735 nodes (2926587 simplex iterations) in 3602.08 seconds (3017.09 work units)
Thread count was 32 (of 36 available processors)

Solution count 10: 6.94618e+09 6.9462e+09 6.9462e+09 ... 6.955e+09

Time limit reached
Best objective 6.946176031897e+09, best bound 6.929895235909e+09, gap 0.2344%

User-callback calls 1216397, time in user-callback 0.41 sec
Set parameter TokenServer to value "license-1.hpc.nrel.gov"
Set parameter TimeLimit to value 3600
Set parameter MIPGap to value 0.001
Set parameter MIPGap to value 0.001
Set parameter TimeLimit to value 3600
Gurobi Optimizer version 9.5.1 build v9.5.1rc2 (linux64)
Thread count: 36 physical cores, 36 logical processors, using up to 32 threads
Optimize a model with 289198 rows, 1201980 columns and 2458632 nonzeros
Model fingerprint: 0x0ccd198c
Coefficient statistics:
  Matrix range     [3e-06, 1e+06]
  Objective range  [1e-01, 3e+07]
  Bounds range     [1e+00, 1e+08]
  RHS range        [1e-03, 2e+05]

Concurrent LP optimizer: primal simplex, dual simplex, and barrier
Showing barrier log only...

Presolve removed 285288 rows and 1071363 columns
Presolve time: 1.38s
Presolved: 3910 rows, 130617 columns, 260272 nonzeros

Ordering time: 0.02s

Barrier statistics:
 AA' NZ     : 1.295e+05
 Factor NZ  : 2.486e+05 (roughly 60 MB of memory)
 Factor Ops : 2.097e+07 (less than 1 second per iteration)
 Threads    : 30

                  Objective                Residual
Iter       Primal          Dual         Primal    Dual     Compl     Time
   0   9.49211042e+12 -4.14850212e+11  1.06e+08 1.54e+02  4.05e+08     1s
   1   2.80997380e+12 -1.40535806e+11  3.14e+07 5.68e-13  1.21e+08     2s
   2   5.09529833e+11 -5.64855677e+09  5.63e+06 1.71e-12  2.18e+07     2s
   3   5.71470746e+10  6.05763843e+08  5.59e+05 2.50e-12  2.20e+06     2s
   4   2.82614011e+10  2.01059382e+09  2.36e+05 1.51e-11  9.43e+05     2s
   5   1.51145395e+10  3.72334998e+09  8.86e+04 1.46e-11  3.59e+05     2s
   6   8.61320903e+09  4.77977922e+09  1.62e+04 1.43e-11  7.66e+04     2s
   7   7.63552956e+09  5.89456917e+09  5.52e+03 1.60e-11  2.74e+04     2s
   8   7.17088486e+09  6.46770776e+09  9.81e+02 5.68e-12  7.34e+03     2s
   9   7.06638877e+09  6.71377403e+09  2.71e+02 2.61e-12  3.07e+03     2s
  10   6.99769116e+09  6.84991127e+09  2.89e+01 1.36e-12  1.14e+03     2s
  11   6.97734357e+09  6.90646578e+09  9.90e+00 6.82e-13  5.39e+02     2s
  12   6.96324987e+09  6.92462738e+09  2.24e+00 4.55e-13  2.92e+02     2s
  13   6.95909639e+09  6.93541737e+09  1.31e+00 4.55e-13  1.79e+02     2s
  14   6.95544067e+09  6.94015092e+09  7.62e-01 3.41e-13  1.15e+02     2s
  15   6.95218965e+09  6.94268088e+09  4.06e-01 2.89e-13  7.17e+01     2s
  16   6.95130969e+09  6.94351736e+09  3.32e-01 2.27e-13  5.87e+01     2s

Barrier performed 16 iterations in 1.88 seconds (1.16 work units)
Barrier solve interrupted - model solved by another algorithm


Solved with primal simplex
Solved in 38331 iterations and 2.05 seconds (1.21 work units)
Optimal objective  6.946176032e+09

User-callback calls 265, time in user-callback 0.00 sec
[ Info:  started timer at: 2023-03-27T13:33:34.337
[ Info: Reading /projects/pvsoiling/RELOG/Recycling_40209_2/input/solver/case.json...
[ Info:          134 collection centers
[ Info:          268 candidate plant locations
[ Info: Building graph...
[ Info:           26 time periods
[ Info:          268 process nodes
[ Info:         4288 shipping nodes (plant)
[ Info:          134 shipping nodes (collection)
[ Info:        40200 arcs
[ Info: Building optimization model...
[ Info: Optimizing MILP...
[ Info: Re-optimizing with integer variables fixed...
[ Info: Extracting solution...
[ Info:       3656.004109808s: 1 hour, 56 seconds, 4 milliseconds
