Set parameter TokenServer to value "license-1.hpc.nrel.gov"
Set parameter TimeLimit to value 3600
Set parameter MIPGap to value 0.001
Set parameter MIPGap to value 0.001
Set parameter TimeLimit to value 3600
Gurobi Optimizer version 9.5.1 build v9.5.1rc2 (linux64)
Thread count: 36 physical cores, 36 logical processors, using up to 32 threads
Optimize a model with 337848 rows, 1385332 columns and 2838644 nonzeros
Model fingerprint: 0x33e9d304
Variable types: 1369264 continuous, 16068 integer (16068 binary)
Coefficient statistics:
  Matrix range     [3e-06, 1e+06]
  Objective range  [2e-01, 2e+07]
  Bounds range     [7e+03, 1e+08]
  RHS range        [1e-03, 2e+05]
Presolve removed 310262 rows and 289309 columns
Presolve time: 4.98s
Presolved: 27586 rows, 1096023 columns, 2218620 nonzeros
Variable types: 1092006 continuous, 4017 integer (4017 binary)

Deterministic concurrent LP optimizer: primal simplex, dual simplex, and barrier
Showing barrier log only...

Root barrier log...

Ordering time: 0.62s
Ordering time: 2.51s

Barrier statistics:
 Dense cols : 248
 AA' NZ     : 1.177e+06
 Factor NZ  : 1.455e+07 (roughly 600 MB of memory)
 Factor Ops : 3.030e+10 (less than 1 second per iteration)
 Threads    : 29

                  Objective                Residual
Iter       Primal          Dual         Primal    Dual     Compl     Time
   0   3.41092722e+13 -7.83203714e+13  2.49e+06 1.08e+04  1.79e+09    15s
   1   1.44845066e+13 -3.57274219e+13  1.05e+06 2.87e-01  7.47e+08    16s
   2   2.40172246e+12 -1.38620965e+13  1.74e+05 1.13e+03  1.25e+08    16s
   3   9.13214455e+10 -2.76674698e+12  6.01e+03 1.90e+02  5.33e+06    16s
   4   1.05883208e+10 -3.21873538e+11  1.30e+02 8.53e+00  2.31e+05    17s
   5   1.03090875e+10 -2.54387953e+11  1.11e+02 6.59e+00  1.85e+05    17s
   6   9.96161682e+09 -1.94468623e+11  8.79e+01 4.92e+00  1.41e+05    17s
   7   8.63806894e+09 -1.49958261e+11  7.01e+00 3.76e+00  7.54e+04    17s
   8   8.01305944e+09 -8.74434821e+10  4.01e+00 2.25e+00  4.50e+04    18s
   9   7.60904904e+09 -3.29895609e+10  2.68e+00 8.98e-01  1.92e+04    18s
  10   5.87727539e+09 -9.39911224e+09  7.36e-01 2.85e-01  7.06e+03    18s
  11   5.35213021e+09 -5.42595213e+09  4.34e-01 2.02e-01  4.95e+03    18s
  12   5.07937446e+09 -4.83325868e+09  2.98e-01 1.89e-01  4.53e+03    19s
  13   4.86928128e+09 -3.08258336e+09  1.96e-01 1.51e-01  3.63e+03    19s
  14   4.65630497e+09 -1.21557644e+09  1.12e-01 1.10e-01  2.67e+03    19s
  15   4.47406812e+09  8.44140220e+08  5.80e-02 7.10e-02  1.65e+03    20s
  16   4.32264034e+09  1.19036215e+09  2.88e-02 6.43e-02  1.42e+03    20s
  17   4.23408256e+09  1.90632774e+09  3.31e-02 4.77e-02  1.06e+03    21s
  18   4.15367605e+09  2.35549942e+09  2.43e-02 3.65e-02  8.15e+02    21s
  19   4.10558875e+09  2.72502682e+09  2.02e-02 2.55e-02  6.26e+02    21s
  20   4.00722875e+09  3.06203399e+09  1.24e-02 1.68e-02  4.28e+02    21s
  21   3.94077695e+09  3.29029458e+09  9.64e-03 1.11e-02  2.95e+02    22s
  22   3.86127862e+09  3.41422962e+09  6.41e-03 7.55e-03  2.03e+02    23s
  23   3.80779075e+09  3.48402365e+09  4.93e-03 5.41e-03  1.47e+02    23s
  24   3.77669576e+09  3.52332082e+09  4.14e-03 3.94e-03  1.15e+02    24s
  25   3.73061147e+09  3.54068293e+09  2.93e-03 3.21e-03  8.61e+01    24s
  26   3.70045049e+09  3.55711889e+09  2.20e-03 2.49e-03  6.49e+01    25s
  27   3.68444150e+09  3.56719686e+09  1.83e-03 1.96e-03  5.31e+01    26s
  28   3.66863206e+09  3.57629058e+09  1.46e-03 1.51e-03  4.18e+01    26s
  29   3.65408845e+09  3.58229287e+09  1.15e-03 1.20e-03  3.25e+01    27s
  30   3.64409119e+09  3.58733300e+09  9.25e-04 9.21e-04  2.57e+01    27s
  31   3.62830830e+09  3.59097846e+09  5.81e-04 7.14e-04  1.69e+01    28s
  32   3.61950122e+09  3.59430544e+09  5.98e-04 4.82e-04  1.14e+01    28s
  33   3.61410890e+09  3.59626540e+09  9.18e-04 3.50e-04  8.08e+00    29s
  34   3.60971238e+09  3.59750512e+09  5.74e-04 2.57e-04  5.53e+00    29s
  35   3.60747741e+09  3.59861424e+09  4.25e-04 1.83e-04  4.01e+00    30s
  36   3.60525714e+09  3.59905020e+09  2.80e-04 1.54e-04  2.81e+00    31s
  37   3.60351893e+09  3.59953211e+09  1.58e-04 1.17e-04  1.81e+00    31s

Barrier performed 37 iterations in 31.13 seconds (27.90 work units)
Barrier solve interrupted - model solved by another algorithm

Concurrent spin time: 2.27s

Solved with primal simplex

Root relaxation: objective 3.600908e+09, 330754 iterations, 24.18 seconds (20.14 work units)

    Nodes    |    Current Node    |     Objective Bounds      |     Work
 Expl Unexpl |  Obj  Depth IntInf | Incumbent    BestBd   Gap | It/Node Time

     0     0 3.6009e+09    0  206          - 3.6009e+09      -     -   34s
H    0     0                    3.773146e+09 3.6009e+09  4.56%     -   35s
H    0     0                    3.750249e+09 3.6009e+09  3.98%     -   39s
H    0     0                    3.749880e+09 3.6009e+09  3.97%     -   43s
     0     0 3.6014e+09    0  206 3.7499e+09 3.6014e+09  3.96%     -   68s
H    0     0                    3.747984e+09 3.6014e+09  3.91%     -   71s
     0     0 3.6014e+09    0  218 3.7480e+09 3.6014e+09  3.91%     -   80s
     0     0 3.6014e+09    0  218 3.7480e+09 3.6014e+09  3.91%     -   84s
     0     0 3.6014e+09    0  217 3.7480e+09 3.6014e+09  3.91%     -   85s
     0     0 3.6017e+09    0  221 3.7480e+09 3.6017e+09  3.90%     -  132s
H    0     0                    3.621261e+09 3.6017e+09  0.54%     -  135s
     0     0 3.6018e+09    0  238 3.6213e+09 3.6018e+09  0.54%     -  156s
     0     0 3.6018e+09    0  238 3.6213e+09 3.6018e+09  0.54%     -  168s
     0     0 3.6018e+09    0  240 3.6213e+09 3.6018e+09  0.54%     -  173s
     0     0 3.6018e+09    0  235 3.6213e+09 3.6018e+09  0.54%     -  175s
     0     0 3.6020e+09    0  237 3.6213e+09 3.6020e+09  0.53%     -  249s
     0     0 3.6020e+09    0  233 3.6213e+09 3.6020e+09  0.53%     -  276s
     0     0 3.6021e+09    0  238 3.6213e+09 3.6021e+09  0.53%     -  290s
     0     0 3.6021e+09    0  237 3.6213e+09 3.6021e+09  0.53%     -  298s
     0     0 3.6021e+09    0  245 3.6213e+09 3.6021e+09  0.53%     -  311s
     0     0 3.6021e+09    0  244 3.6213e+09 3.6021e+09  0.53%     -  319s
     0     0 3.6021e+09    0  250 3.6213e+09 3.6021e+09  0.53%     -  325s
     0     0 3.6021e+09    0  248 3.6213e+09 3.6021e+09  0.53%     -  329s
     0     0 3.6021e+09    0  247 3.6213e+09 3.6021e+09  0.53%     -  330s
     0     0 3.6023e+09    0  283 3.6213e+09 3.6023e+09  0.52%     -  437s
H    0     0                    3.620252e+09 3.6023e+09  0.50%     -  443s
     0     0 3.6023e+09    0  270 3.6203e+09 3.6023e+09  0.49%     -  473s
     0     0 3.6024e+09    0  264 3.6203e+09 3.6024e+09  0.49%     -  496s
     0     0 3.6024e+09    0  259 3.6203e+09 3.6024e+09  0.49%     -  509s
     0     0 3.6024e+09    0  264 3.6203e+09 3.6024e+09  0.49%     -  520s
     0     0 3.6024e+09    0  269 3.6203e+09 3.6024e+09  0.49%     -  528s
     0     0 3.6024e+09    0  268 3.6203e+09 3.6024e+09  0.49%     -  533s
     0     0 3.6024e+09    0  269 3.6203e+09 3.6024e+09  0.49%     -  538s
     0     0 3.6024e+09    0  261 3.6203e+09 3.6024e+09  0.49%     -  541s
     0     0 3.6026e+09    0  267 3.6203e+09 3.6026e+09  0.49%     -  707s
H    0     0                    3.619606e+09 3.6026e+09  0.47%     -  711s
     0     0 3.6026e+09    0  263 3.6196e+09 3.6026e+09  0.47%     -  743s
     0     0 3.6026e+09    0  252 3.6196e+09 3.6026e+09  0.47%     -  762s
     0     0 3.6026e+09    0  259 3.6196e+09 3.6026e+09  0.47%     -  773s
     0     0 3.6026e+09    0  261 3.6196e+09 3.6026e+09  0.47%     -  780s
     0     0 3.6028e+09    0  253 3.6196e+09 3.6028e+09  0.47%     -  981s
H    0     0                    3.616950e+09 3.6028e+09  0.39%     -  988s
     0     0 3.6028e+09    0  249 3.6170e+09 3.6028e+09  0.39%     - 1035s
     0     0 3.6028e+09    0  236 3.6170e+09 3.6028e+09  0.39%     - 1060s
     0     0 3.6028e+09    0  243 3.6170e+09 3.6028e+09  0.39%     - 1080s
     0     0 3.6028e+09    0  244 3.6170e+09 3.6028e+09  0.39%     - 1097s
     0     0 3.6028e+09    0  254 3.6170e+09 3.6028e+09  0.39%     - 1105s
     0     0 3.6029e+09    0  293 3.6170e+09 3.6029e+09  0.39%     - 1277s
     0     0 3.6029e+09    0  266 3.6170e+09 3.6029e+09  0.39%     - 1325s
     0     0 3.6030e+09    0  279 3.6170e+09 3.6030e+09  0.39%     - 1357s
     0     0 3.6030e+09    0  276 3.6170e+09 3.6030e+09  0.39%     - 1378s
     0     0 3.6030e+09    0  281 3.6170e+09 3.6030e+09  0.39%     - 1394s
     0     0 3.6030e+09    0  274 3.6170e+09 3.6030e+09  0.39%     - 1412s
     0     0 3.6030e+09    0  279 3.6170e+09 3.6030e+09  0.39%     - 1433s
     0     0 3.6030e+09    0  278 3.6170e+09 3.6030e+09  0.39%     - 1443s
     0     0 3.6030e+09    0  280 3.6170e+09 3.6030e+09  0.39%     - 1452s
     0     0 3.6030e+09    0  329 3.6170e+09 3.6030e+09  0.38%     - 1598s
H    0     0                    3.614967e+09 3.6030e+09  0.33%     - 1605s
     0     0 3.6031e+09    0  317 3.6150e+09 3.6031e+09  0.33%     - 1696s
     0     0 3.6031e+09    0  344 3.6150e+09 3.6031e+09  0.33%     - 1755s
     0     0 3.6031e+09    0  338 3.6150e+09 3.6031e+09  0.33%     - 1771s
     0     0 3.6031e+09    0  297 3.6150e+09 3.6031e+09  0.33%     - 2123s
     0     0 3.6031e+09    0  317 3.6150e+09 3.6031e+09  0.33%     - 2176s
     0     0 3.6031e+09    0  323 3.6150e+09 3.6031e+09  0.33%     - 2211s
     0     0 3.6031e+09    0  315 3.6150e+09 3.6031e+09  0.33%     - 2232s
     0     0 3.6031e+09    0  194 3.6150e+09 3.6031e+09  0.33%     - 2492s
H    0     0                    3.614442e+09 3.6031e+09  0.31%     - 2496s
     0     0 3.6031e+09    0  181 3.6144e+09 3.6031e+09  0.31%     - 2555s
     0     0 3.6031e+09    0  120 3.6144e+09 3.6031e+09  0.31%     - 2696s
     0     0 3.6031e+09    0  148 3.6144e+09 3.6031e+09  0.31%     - 2762s
     0     0 3.6031e+09    0   93 3.6144e+09 3.6031e+09  0.31%     - 2803s
     0     0 3.6031e+09    0  237 3.6144e+09 3.6031e+09  0.31%     - 2954s
     0     0 3.6031e+09    0  237 3.6144e+09 3.6031e+09  0.31%     - 3064s
H    0     0                    3.613637e+09 3.6031e+09  0.29%     - 3103s
H    0     0                    3.613570e+09 3.6031e+09  0.29%     - 3282s

Cutting planes:
  Implied bound: 7500
  MIR: 58
  Flow cover: 1058
  Flow path: 588
  Network: 2
  RLT: 83
  Relax-and-lift: 400

Explored 1 nodes (587281 simplex iterations) in 3600.07 seconds (4335.90 work units)
Thread count was 32 (of 36 available processors)

Solution count 10: 3.61357e+09 3.61364e+09 3.61444e+09 ... 3.74988e+09

Time limit reached
Best objective 3.613570422331e+09, best bound 3.603144059860e+09, gap 0.2885%

User-callback calls 54545, time in user-callback 0.05 sec
Set parameter TokenServer to value "license-1.hpc.nrel.gov"
Set parameter TimeLimit to value 3600
Set parameter MIPGap to value 0.001
Set parameter MIPGap to value 0.001
Set parameter TimeLimit to value 3600
Gurobi Optimizer version 9.5.1 build v9.5.1rc2 (linux64)
Thread count: 36 physical cores, 36 logical processors, using up to 32 threads
Optimize a model with 337848 rows, 1385332 columns and 2838644 nonzeros
Model fingerprint: 0x37b6a43c
Coefficient statistics:
  Matrix range     [3e-06, 1e+06]
  Objective range  [2e-01, 2e+07]
  Bounds range     [3e-13, 1e+08]
  RHS range        [1e-03, 2e+05]

Concurrent LP optimizer: primal simplex, dual simplex, and barrier
Showing barrier log only...

Presolve removed 332906 rows and 1180831 columns
Presolve time: 1.54s
Presolved: 4942 rows, 204501 columns, 407544 nonzeros

Ordering time: 0.03s

Barrier statistics:
 AA' NZ     : 2.030e+05
 Factor NZ  : 4.170e+05 (roughly 90 MB of memory)
 Factor Ops : 4.663e+07 (less than 1 second per iteration)
 Threads    : 30

                  Objective                Residual
Iter       Primal          Dual         Primal    Dual     Compl     Time
   0   4.62770690e+12 -4.87611636e+11  5.42e+08 1.67e+02  9.22e+07     2s
   1   1.27114246e+12 -9.21605631e+10  1.48e+08 3.41e-13  2.51e+07     2s
   2   2.12305816e+11 -6.76718034e+09  2.44e+07 3.98e-13  4.16e+06     2s
   3   1.73374693e+10 -7.51284383e+08  1.56e+06 1.14e-12  2.83e+05     2s
   4   6.31457730e+09  7.31771458e+08  2.72e+05 1.42e-12  6.01e+04     2s
   5   4.42093818e+09  1.89967954e+09  5.60e+04 7.39e-13  1.85e+04     2s
   6   3.99389582e+09  3.12987879e+09  1.35e+04 7.39e-13  5.38e+03     2s
   7   3.87790996e+09  3.30181089e+09  6.33e+03 8.53e-13  3.27e+03     2s
   8   3.75928568e+09  3.43160888e+09  1.40e+03 6.82e-13  1.67e+03     2s
   9   3.72752634e+09  3.50805691e+09  1.01e+03 5.68e-13  1.11e+03     2s
  10   3.67862194e+09  3.55711076e+09  4.29e+02 9.66e-13  6.06e+02     2s
  11   3.66332430e+09  3.58223784e+09  2.98e+02 7.39e-13  4.03e+02     2s
  12   3.64835043e+09  3.59363680e+09  1.80e+02 5.12e-13  2.70e+02     2s
  13   3.63160595e+09  3.60246927e+09  7.40e+01 1.14e-12  1.43e+02     2s
  14   3.62615317e+09  3.60653833e+09  4.81e+01 1.14e-12  9.60e+01     2s
  15   3.61873810e+09  3.60900320e+09  1.50e+01 1.14e-12  4.74e+01     2s
  16   3.61680506e+09  3.61060793e+09  8.52e+00 9.66e-13  3.01e+01     2s
  17   3.61486645e+09  3.61181856e+09  2.80e+00 1.36e-12  1.48e+01     2s
  18   3.61411105e+09  3.61258306e+09  9.77e-01 1.82e-12  7.40e+00     2s
  19   3.61369469e+09  3.61317010e+09  1.74e-01 2.27e-12  2.54e+00     2s
  20   3.61361054e+09  3.61337489e+09  6.40e-02 2.79e-12  1.14e+00     2s
  21   3.61355414e+09  3.61348367e+09  1.01e-02 2.79e-12  3.41e-01     2s
  22   3.61354500e+09  3.61351967e+09  3.62e-03 5.51e-12  1.23e-01     2s

Barrier performed 22 iterations in 2.27 seconds (1.64 work units)
Barrier solve interrupted - model solved by another algorithm


Solved with primal simplex
Solved in 36672 iterations and 2.27 seconds (1.50 work units)
Optimal objective  3.613538732e+09

User-callback calls 326, time in user-callback 0.00 sec
[ Info:  started timer at: 2023-03-25T11:35:43.120
[ Info: Reading /projects/pvsoiling/RELOG/Recycling_cap_NAICS_1/input/solver/case.json...
[ Info:          134 collection centers
[ Info:          309 candidate plant locations
[ Info: Building graph...
[ Info:           26 time periods
[ Info:          309 process nodes
[ Info:         4944 shipping nodes (plant)
[ Info:          134 shipping nodes (collection)
[ Info:        46350 arcs
[ Info: Building optimization model...
[ Info: Optimizing MILP...
[ Info: Re-optimizing with integer variables fixed...
[ Info: Extracting solution...
[ Info:       3653.621668451s: 1 hour, 53 seconds, 621 milliseconds
