Set parameter TokenServer to value "license-1.hpc.nrel.gov"
Set parameter TimeLimit to value 3600
Set parameter MIPGap to value 0.001
Set parameter MIPGap to value 0.001
Set parameter TimeLimit to value 3600
Gurobi Optimizer version 9.5.1 build v9.5.1rc2 (linux64)
Thread count: 36 physical cores, 36 logical processors, using up to 32 threads
Optimize a model with 79596 rows, 989456 columns and 2026080 nonzeros
Model fingerprint: 0x706377a5
Variable types: 975520 continuous, 13936 integer (13936 binary)
Coefficient statistics:
  Matrix range     [1e+00, 2e+05]
  Objective range  [2e-01, 8e+08]
  Bounds range     [2e+05, 1e+08]
  RHS range        [8e-01, 2e+06]
Presolve removed 69146 rows and 56012 columns
Presolve time: 3.56s
Presolved: 10450 rows, 933444 columns, 1873320 nonzeros
Variable types: 933176 continuous, 268 integer (268 binary)

Deterministic concurrent LP optimizer: primal and dual simplex
Showing first log only...


Root simplex log...

Iteration    Objective       Primal Inf.    Dual Inf.      Time
       0    5.2949772e+11   5.102527e+06   2.737859e+11      7s
Concurrent spin time: 0.01s

Solved with dual simplex

Root relaxation: objective 6.893627e+11, 17046 iterations, 2.25 seconds (1.60 work units)

    Nodes    |    Current Node    |     Objective Bounds      |     Work
 Expl Unexpl |  Obj  Depth IntInf | Incumbent    BestBd   Gap | It/Node Time

     0     0 6.8936e+11    0    1          - 6.8936e+11      -     -    7s
H    0     0                    6.899795e+11 6.8936e+11  0.09%     -    8s

Explored 1 nodes (17046 simplex iterations) in 8.07 seconds (7.81 work units)
Thread count was 32 (of 36 available processors)

Solution count 1: 6.89979e+11 

Optimal solution found (tolerance 1.00e-03)
Best objective 6.899794623266e+11, best bound 6.893627040965e+11, gap 0.0894%

User-callback calls 989, time in user-callback 0.01 sec
Set parameter TokenServer to value "license-1.hpc.nrel.gov"
Set parameter TimeLimit to value 3600
Set parameter MIPGap to value 0.001
Set parameter MIPGap to value 0.001
Set parameter TimeLimit to value 3600
Gurobi Optimizer version 9.5.1 build v9.5.1rc2 (linux64)
Thread count: 36 physical cores, 36 logical processors, using up to 32 threads
Optimize a model with 79596 rows, 989456 columns and 2026080 nonzeros
Model fingerprint: 0x542255b8
Coefficient statistics:
  Matrix range     [1e+00, 2e+05]
  Objective range  [2e-01, 8e+08]
  Bounds range     [1e+00, 1e+08]
  RHS range        [8e-01, 2e+06]

Concurrent LP optimizer: primal simplex, dual simplex, and barrier
Showing barrier log only...

Presolve removed 73956 rows and 698292 columns
Presolve time: 1.16s
Presolved: 5640 rows, 291164 columns, 580170 nonzeros

Ordering time: 0.00s

Barrier statistics:
 AA' NZ     : 2.890e+05
 Factor NZ  : 4.925e+05 (roughly 120 MB of memory)
 Factor Ops : 5.362e+07 (less than 1 second per iteration)
 Threads    : 30

                  Objective                Residual
Iter       Primal          Dual         Primal    Dual     Compl     Time
   0   2.86187257e+12 -3.17599373e+11  5.37e+06 2.60e+02  9.74e+07     1s
   1   7.52629144e+11  3.64920768e+11  8.80e+04 1.82e-12  2.74e+06     1s
   2   7.15470826e+11  5.83307528e+11  2.60e+03 2.97e+01  5.00e+05     1s
   3   7.12302249e+11  6.31932233e+11  1.42e+03 2.24e+01  3.00e+05     1s
   4   7.06618379e+11  6.63083851e+11  3.98e+02 1.17e+01  1.57e+05     1s
   5   7.01251425e+11  6.74484578e+11  2.03e+02 6.32e+00  9.58e+04     1s
   6   6.97692816e+11  6.82585249e+11  1.20e+02 3.36e+00  5.37e+04     1s
   7   6.96139126e+11  6.85704937e+11  8.62e+01 2.13e+00  3.69e+04     2s
   8   6.94259627e+11  6.87064300e+11  5.38e+01 1.60e+00  2.54e+04     2s
   9   6.93375731e+11  6.87743498e+11  4.00e+01 1.25e+00  1.99e+04     2s
  10   6.92393178e+11  6.88440782e+11  2.71e+01 9.13e-01  1.39e+04     2s
  11   6.91268390e+11  6.88977634e+11  1.22e+01 6.65e-01  8.10e+03     2s

Barrier performed 11 iterations in 1.65 seconds (0.97 work units)
Barrier solve interrupted - model solved by another algorithm


Solved with primal simplex
Solved in 32983 iterations and 1.72 seconds (0.86 work units)
Optimal objective  6.899794623e+11

User-callback calls 131, time in user-callback 0.00 sec
[ Info:  started timer at: 2023-03-24T13:05:17.009
[ Info: Reading /projects/pvsoiling/RELOG/Manufacturing_cap_40209_2/input/solver/case.json...
[ Info:          134 collection centers
[ Info:          268 candidate plant locations
[ Info: Building graph...
[ Info:               26 time periods
[ Info:              268 process nodes
[ Info:              268 shipping nodes (plant)
[ Info:              134 shipping nodes (collection)
[ Info:            36180 arcs
[ Info: Building optimization model...
[ Info: Optimizing MILP...
[ Info: Re-optimizing with integer variables fixed...
[ Info: Extracting solution...
[ Info:         50.450601175s: 50 seconds, 450 milliseconds
