Set parameter TokenServer to value "license-1.hpc.nrel.gov"
Set parameter TimeLimit to value 3600
Set parameter MIPGap to value 0.001
Set parameter MIPGap to value 0.001
Set parameter TimeLimit to value 3600
Gurobi Optimizer version 9.5.1 build v9.5.1rc2 (linux64)
Thread count: 36 physical cores, 36 logical processors, using up to 32 threads
Optimize a model with 91884 rows, 1144312 columns and 2343626 nonzeros
Model fingerprint: 0x58ca53b7
Variable types: 1128244 continuous, 16068 integer (16068 binary)
Coefficient statistics:
  Matrix range     [1e+00, 1e+05]
  Objective range  [3e-01, 3e+09]
  Bounds range     [1e+05, 1e+08]
  RHS range        [8e-01, 8e+05]
Warning: Model contains large objective coefficients
         Consider reformulating model or setting NumericFocus parameter
         to avoid numerical issues.
Presolve removed 78516 rows and 59104 columns (presolve time = 5s) ...
Presolve removed 78516 rows and 59104 columns
Presolve time: 5.79s
Presolved: 13368 rows, 1085208 columns, 2177523 nonzeros
Variable types: 1075320 continuous, 9888 integer (9888 binary)

Deterministic concurrent LP optimizer: primal and dual simplex
Showing first log only...


Root simplex log...

Iteration    Objective       Primal Inf.    Dual Inf.      Time
       0    8.3962019e+11   7.899217e+05   3.372977e+10      9s
  118190    8.8104470e+11   2.571568e+05   2.204650e+10     10s
  512040    9.8368599e+11   7.865074e+04   5.057717e+09     15s
Concurrent spin time: 0.25s

Solved with dual simplex

Root relaxation: objective 1.149019e+12, 88217 iterations, 10.21 seconds (8.45 work units)

    Nodes    |    Current Node    |     Objective Bounds      |     Work
 Expl Unexpl |  Obj  Depth IntInf | Incumbent    BestBd   Gap | It/Node Time

     0     0 1.1490e+12    0   19          - 1.1490e+12      -     -   18s
H    0     0                    1.153707e+12 1.1490e+12  0.41%     -   20s
H    0     0                    1.153007e+12 1.1490e+12  0.35%     -   26s
     0     0 1.1490e+12    0   17 1.1530e+12 1.1490e+12  0.35%     -   28s
H    0     0                    1.150818e+12 1.1490e+12  0.16%     -   30s
H    0     0                    1.150412e+12 1.1490e+12  0.12%     -   30s
     0     0 1.1490e+12    0   17 1.1504e+12 1.1490e+12  0.12%     -   31s
     0     0 1.1490e+12    0   17 1.1504e+12 1.1490e+12  0.12%     -   33s
     0     0 1.1490e+12    0   17 1.1504e+12 1.1490e+12  0.12%     -   36s
     0     0 1.1490e+12    0   17 1.1504e+12 1.1490e+12  0.12%     -   38s
     0     0 1.1490e+12    0   17 1.1504e+12 1.1490e+12  0.12%     -   39s
     0     0 1.1490e+12    0   17 1.1504e+12 1.1490e+12  0.12%     -   40s
     0     0 1.1490e+12    0   17 1.1504e+12 1.1490e+12  0.12%     -   41s
     0     0 1.1490e+12    0   23 1.1504e+12 1.1490e+12  0.12%     -   44s
     0     0 1.1490e+12    0   23 1.1504e+12 1.1490e+12  0.12%     -   49s
     0     2 1.1490e+12    0   23 1.1504e+12 1.1490e+12  0.12%     -   59s
     1     4 1.1490e+12    1   29 1.1504e+12 1.1490e+12  0.12%  44.0   60s
    31    64 1.1490e+12    5   29 1.1504e+12 1.1490e+12  0.12%  12.9   67s
    95   128 1.1490e+12    7   29 1.1504e+12 1.1490e+12  0.12%   9.5  164s
   127   160 1.1490e+12    8   23 1.1504e+12 1.1490e+12  0.12%  11.0  168s
   191   224 1.1490e+12   10   29 1.1504e+12 1.1490e+12  0.12%  15.3  175s
   223   316 1.1490e+12   11   23 1.1504e+12 1.1490e+12  0.12%  16.3  180s
   315   355 1.1490e+12   13   30 1.1504e+12 1.1490e+12  0.12%  58.2  199s
   354   796 1.1490e+12   15   15 1.1504e+12 1.1490e+12  0.12%  55.1  214s
   795  1671 1.1490e+12   26   27 1.1504e+12 1.1490e+12  0.12%  56.4  235s
  1691  2375 1.1491e+12   51   13 1.1504e+12 1.1490e+12  0.12%  76.8  258s
  2433  3187 1.1491e+12   78   18 1.1504e+12 1.1490e+12  0.12%  76.4  279s
  3292  4065 1.1492e+12  106   28 1.1504e+12 1.1490e+12  0.12%  75.0  297s
  4199  4606 1.1492e+12  134   38 1.1504e+12 1.1490e+12  0.12%  73.6  321s
  4745  5499 1.1492e+12  163   13 1.1504e+12 1.1490e+12  0.12%  70.6  337s
  5663  6409 1.1492e+12  192   34 1.1504e+12 1.1490e+12  0.12%  76.2  349s
  6591  7290 1.1493e+12  221   26 1.1504e+12 1.1490e+12  0.12%  75.2  362s
  7513  8148 1.1493e+12  250   26 1.1504e+12 1.1490e+12  0.12%  73.6  374s
  8437  8996 1.1494e+12  278    7 1.1504e+12 1.1490e+12  0.12%  73.1  386s
  9346  9776 1.1494e+12  307   14 1.1504e+12 1.1490e+12  0.12%  70.1  402s
 10188 10560 1.1494e+12  332   31 1.1504e+12 1.1490e+12  0.12%  68.0  414s
 11078 11363 1.1495e+12  359   15 1.1504e+12 1.1490e+12  0.12%  68.6  428s
 11999 11859 1.1495e+12  388   29 1.1504e+12 1.1490e+12  0.12%  66.6  448s
 12520 12699 1.1496e+12  417   19 1.1504e+12 1.1490e+12  0.12%  65.2  463s
 13448 13510 1.1497e+12  446   15 1.1504e+12 1.1490e+12  0.12%  63.5  481s
 14335 14361 1.1498e+12  475   36 1.1504e+12 1.1490e+12  0.12%  62.8  511s
 15244 14362 1.1494e+12  246   23 1.1504e+12 1.1490e+12  0.12%  61.3  564s
 15245 14363 1.1492e+12   39   23 1.1504e+12 1.1490e+12  0.12%  61.3  565s
 15246 14363 1.1495e+12  393   15 1.1504e+12 1.1490e+12  0.12%  61.3  583s
 15247 14364 1.1495e+12  226   13 1.1504e+12 1.1490e+12  0.12%  61.3  586s
 15249 14365 1.1500e+12  415   17 1.1504e+12 1.1490e+12  0.12%  61.3  592s
 15250 14366 1.1498e+12  459   13 1.1504e+12 1.1490e+12  0.12%  61.3  595s
 15253 14368 1.1490e+12   18   13 1.1504e+12 1.1490e+12  0.12%  61.3  606s
 15255 14369 1.1495e+12  231   13 1.1504e+12 1.1490e+12  0.12%  61.3  621s
 15256 14371 1.1495e+12  391   23 1.1504e+12 1.1490e+12  0.12%  65.6  626s
 15258 14372 1.1492e+12   60   15 1.1504e+12 1.1490e+12  0.12%  65.6  642s
 15259 14373 1.1492e+12   91   13 1.1504e+12 1.1490e+12  0.12%  65.6  645s
 15261 14374 1.1494e+12  209    9 1.1504e+12 1.1490e+12  0.12%  65.6  650s
 15263 14376 1.1493e+12   59   17 1.1504e+12 1.1490e+12  0.12%  65.6  655s
 15264 14376 1.1495e+12  229   17 1.1504e+12 1.1490e+12  0.12%  65.6  660s
 15266 14378 1.1492e+12  137   17 1.1504e+12 1.1490e+12  0.12%  65.5  673s
 15267 14381 1.1490e+12   28   17 1.1504e+12 1.1490e+12  0.12%  69.9  678s
 15269 14385 1.1490e+12   29   17 1.1504e+12 1.1490e+12  0.12%  69.9  680s
 15297 14431 1.1490e+12   32   28 1.1504e+12 1.1490e+12  0.12%  69.8  686s
 15361 14474 1.1490e+12   33   17 1.1504e+12 1.1490e+12  0.12%  69.7  814s
 15393 14495 1.1490e+12   34   25 1.1504e+12 1.1490e+12  0.12%  69.6  817s
 15457 14543 1.1490e+12   35   19 1.1504e+12 1.1490e+12  0.12%  69.5  820s
 15494 14566 1.1490e+12   35   17 1.1504e+12 1.1490e+12  0.12%  69.5  826s
 15529 14707 1.1490e+12   36   13 1.1504e+12 1.1490e+12  0.12%  69.4  831s
 15682 15203 1.1490e+12   37   17 1.1504e+12 1.1490e+12  0.12%  69.3  844s
 16229 16102 1.1490e+12   47   43 1.1504e+12 1.1490e+12  0.12%  69.4  864s
 17341 16264 1.1491e+12   64   39 1.1504e+12 1.1490e+12  0.12%  69.2  904s
 17915 17116 1.1491e+12   65   28 1.1504e+12 1.1490e+12  0.12%  69.4  924s
 19035 17834 1.1491e+12   82   12 1.1504e+12 1.1490e+12  0.12%  70.3  937s
 20155 18499 1.1491e+12  100   10 1.1504e+12 1.1490e+12  0.12%  69.4  953s
 21256 18271 1.1491e+12  125    7 1.1504e+12 1.1490e+12  0.12%  69.4  986s
 21398 19263 1.1491e+12  127    7 1.1504e+12 1.1490e+12  0.12%  69.3 1000s
 22492 19922 1.1491e+12  161    6 1.1504e+12 1.1490e+12  0.12%  69.0 1015s
 23573 20413 1.1491e+12  178   13 1.1504e+12 1.1490e+12  0.12%  68.6 1046s
 24465 21154 1.1492e+12  193    7 1.1504e+12 1.1490e+12  0.12%  68.5 1058s
 25571 21820 1.1493e+12  210    5 1.1504e+12 1.1490e+12  0.12%  68.1 1070s
 26681 22044 1.1494e+12  228    5 1.1504e+12 1.1490e+12  0.12%  67.6 1091s
 27323 22813 1.1493e+12  229    8 1.1504e+12 1.1490e+12  0.12%  67.1 1103s
 28432 23372 1.1493e+12  255   17 1.1504e+12 1.1490e+12  0.12%  66.6 1114s
 29546 23949 1.1494e+12  276    8 1.1504e+12 1.1490e+12  0.12%  66.0 1125s
 30666 24423 1.1495e+12  300   25 1.1504e+12 1.1490e+12  0.12%  65.3 1138s
 31786 24889 1.1495e+12  330   17 1.1504e+12 1.1490e+12  0.12%  64.4 1147s
 32853 25396 1.1495e+12  362    9 1.1504e+12 1.1490e+12  0.12%  63.5 1153s
 33913 25939 1.1495e+12  396   19 1.1504e+12 1.1490e+12  0.12%  62.8 1159s
 34981 26500 1.1497e+12  431    6 1.1504e+12 1.1490e+12  0.12%  62.1 1165s
 36010 27111 1.1497e+12  465    4 1.1504e+12 1.1490e+12  0.12%  61.6 1170s
 37059 27707 1.1498e+12  497   11 1.1504e+12 1.1490e+12  0.12%  60.9 1176s
 38102 28338     cutoff  530      1.1504e+12 1.1490e+12  0.12%  60.4 1182s
 39197 29025 1.1490e+12   43   22 1.1504e+12 1.1490e+12  0.12%  59.6 1187s
 40303 28922 1.1490e+12   72    8 1.1504e+12 1.1490e+12  0.12%  58.9 1205s
 40570 29864 1.1491e+12   78    7 1.1504e+12 1.1490e+12  0.12%  58.7 1210s
 41667 30532 1.1491e+12  110   12 1.1504e+12 1.1490e+12  0.12%  58.0 1217s
 42773 31187 1.1492e+12  145    8 1.1504e+12 1.1490e+12  0.12%  57.4 1222s
 43881 31806 1.1493e+12  180   20 1.1504e+12 1.1490e+12  0.12%  56.9 1227s
 44997 32388 1.1494e+12  215   12 1.1504e+12 1.1490e+12  0.12%  56.2 1231s
 46108 32927 1.1494e+12  250   17 1.1504e+12 1.1490e+12  0.12%  55.6 1237s
 47169 33500 1.1494e+12  285   20 1.1504e+12 1.1490e+12  0.12%  55.3 1241s
 48203 34032 1.1495e+12  320    8 1.1504e+12 1.1490e+12  0.12%  55.0 1246s
 49289 34612 1.1496e+12  355    9 1.1504e+12 1.1490e+12  0.12%  54.6 1251s
 50390 34442 1.1497e+12  390   16 1.1504e+12 1.1490e+12  0.12%  54.2 1269s
 50615 35293 1.1497e+12  404   13 1.1504e+12 1.1490e+12  0.12%  54.1 1274s
 51659 35859 1.1498e+12  439    8 1.1504e+12 1.1490e+12  0.12%  54.0 1279s
 52720 36401     cutoff  470      1.1504e+12 1.1490e+12  0.12%  53.9 1284s
 53468 36152 1.1493e+12  237    7 1.1504e+12 1.1490e+12  0.12%  53.8 1285s
 53717 37020 1.1490e+12   67   16 1.1504e+12 1.1490e+12  0.12%  54.0 1290s
 54784 37639 1.1491e+12  102   14 1.1504e+12 1.1490e+12  0.12%  54.0 1295s
 55846 38308 1.1492e+12  137   17 1.1504e+12 1.1490e+12  0.12%  53.8 1300s
 56913 38897 1.1492e+12  172   12 1.1504e+12 1.1490e+12  0.12%  53.6 1306s
 57909 39391 1.1494e+12  207   28 1.1504e+12 1.1490e+12  0.12%  53.7 1311s
 58883 40034 1.1494e+12  242   20 1.1504e+12 1.1490e+12  0.12%  53.8 1316s
 59865 40035 1.1493e+12  244   23 1.1504e+12 1.1490e+12  0.12%  53.9 1545s
 59867 40036 1.1491e+12  211   15 1.1504e+12 1.1490e+12  0.12%  53.9 1563s
 59868 40037 1.1492e+12  203   13 1.1504e+12 1.1490e+12  0.12%  53.9 1566s
 59870 40038 1.1494e+12  200    9 1.1504e+12 1.1490e+12  0.12%  53.9 1578s
 59871 40039 1.1492e+12  249    9 1.1504e+12 1.1490e+12  0.12%  53.9 1587s
 59872 40040 1.1491e+12   49    9 1.1504e+12 1.1490e+12  0.12%  53.9 1596s
 59874 40041 1.1491e+12  245    9 1.1504e+12 1.1490e+12  0.12%  53.9 1606s
 59875 40042 1.1497e+12  275    9 1.1504e+12 1.1490e+12  0.12%  53.9 1617s
 59876 40042 1.1500e+12  569    9 1.1504e+12 1.1490e+12  0.12%  53.9 1626s
 59878 40044 1.1492e+12  191    9 1.1504e+12 1.1490e+12  0.12%  53.9 1636s
 59879 40044 1.1490e+12   52    9 1.1504e+12 1.1490e+12  0.12%  53.9 1645s
 59881 40046 1.1495e+12  412    9 1.1504e+12 1.1490e+12  0.12%  53.9 1656s
 59883 40047 1.1495e+12  211    9 1.1504e+12 1.1490e+12  0.12%  53.9 1666s
 59884 40048 1.1491e+12  209    9 1.1504e+12 1.1490e+12  0.12%  53.9 1677s
 59886 40049 1.1495e+12  352    9 1.1504e+12 1.1490e+12  0.12%  53.9 1685s
 59888 40050 1.1494e+12  173    9 1.1504e+12 1.1490e+12  0.12%  53.9 1696s
 59889 40051 1.1496e+12  192    9 1.1504e+12 1.1490e+12  0.12%  53.9 1706s
 59890 40052 1.1496e+12  353    9 1.1504e+12 1.1490e+12  0.12%  53.9 1712s
 59891 40052 1.1494e+12  259    9 1.1504e+12 1.1490e+12  0.12%  53.9 1733s
 59892 40056 1.1490e+12   37    9 1.1504e+12 1.1490e+12  0.12%  54.9 1738s
 59894 40059 1.1490e+12   38    9 1.1504e+12 1.1490e+12  0.12%  54.9 1741s
 59922 40106 1.1490e+12   41   20 1.1504e+12 1.1490e+12  0.12%  54.9 1752s
 59986 40149 1.1490e+12   42    9 1.1504e+12 1.1490e+12  0.12%  54.9 1849s
 60018 40170 1.1490e+12   43   17 1.1504e+12 1.1490e+12  0.12%  54.9 1856s
 60050 40191 1.1490e+12   43    9 1.1504e+12 1.1490e+12  0.12%  54.9 1875s
 60082 40213 1.1490e+12   44   16 1.1504e+12 1.1490e+12  0.12%  54.9 1882s
 60114 40264 1.1490e+12   44    9 1.1504e+12 1.1490e+12  0.12%  54.8 1885s
 60176 40275 1.1490e+12   45    9 1.1504e+12 1.1490e+12  0.12%  54.8 1936s
 60208 40780 1.1490e+12   46   15 1.1504e+12 1.1490e+12  0.12%  54.8 1953s
 60723 41703 1.1490e+12   54   13 1.1504e+12 1.1490e+12  0.12%  55.0 1981s
 61837 42411 1.1490e+12   72   15 1.1504e+12 1.1490e+12  0.12%  55.4 2008s
 62950 43109 1.1490e+12  104   12 1.1504e+12 1.1490e+12  0.12%  55.5 2031s
 64069 43768 1.1491e+12  137   12 1.1504e+12 1.1490e+12  0.12%  55.7 2049s
 65189 44407 1.1491e+12  168   12 1.1504e+12 1.1490e+12  0.12%  55.6 2067s
 66309 45034 1.1491e+12  192    6 1.1504e+12 1.1490e+12  0.12%  55.5 2076s
 67429 45736 1.1501e+12  209    7 1.1504e+12 1.1490e+12  0.12%  55.8 2088s
 68526 46430 1.1501e+12  215    7 1.1504e+12 1.1490e+12  0.12%  55.6 2099s
 69631 47071 1.1492e+12  226    5 1.1504e+12 1.1490e+12  0.12%  55.6 2113s
 70702 47680 1.1492e+12  233    6 1.1504e+12 1.1490e+12  0.12%  55.7 2125s
 71781 48283 1.1492e+12  241   17 1.1504e+12 1.1490e+12  0.12%  55.7 2140s
 72854 48858 1.1492e+12  246   11 1.1504e+12 1.1490e+12  0.12%  55.6 2151s
 73931 49425 1.1492e+12  253    8 1.1504e+12 1.1490e+12  0.12%  55.5 2160s
 75010 49990 1.1492e+12  262    6 1.1504e+12 1.1490e+12  0.12%  55.4 2167s
 76090 50461 1.1496e+12  281    7 1.1504e+12 1.1490e+12  0.12%  55.3 2176s
 77159 51042 1.1493e+12  293   18 1.1504e+12 1.1490e+12  0.12%  55.3 2187s
 78233 51709 1.1494e+12  307   17 1.1504e+12 1.1490e+12  0.12%  55.2 2194s
 79316 52389 1.1494e+12  337   12 1.1504e+12 1.1490e+12  0.12%  55.2 2203s
 80370 53079 1.1494e+12  372   17 1.1504e+12 1.1490e+12  0.12%  55.7 2210s
 81464 53746 1.1495e+12  407   10 1.1504e+12 1.1490e+12  0.12%  55.9 2216s
 82544 54409 1.1496e+12  442    6 1.1504e+12 1.1490e+12  0.12%  56.1 2223s
 83644 55004 1.1497e+12  477   12 1.1504e+12 1.1490e+12  0.12%  56.0 2230s
 84702 55646 1.1498e+12  512   14 1.1504e+12 1.1490e+12  0.12%  56.1 2238s
 85742 55890 1.1498e+12  546    7 1.1504e+12 1.1490e+12  0.12%  56.4 2250s
 86394 56599 1.1499e+12  577    4 1.1504e+12 1.1490e+12  0.12%  56.6 2258s
 87391 57192 1.1491e+12   67   21 1.1504e+12 1.1490e+12  0.12%  56.8 2265s
 88403 57807 1.1491e+12  102   14 1.1504e+12 1.1490e+12  0.12%  57.0 2272s
 89454 58335 1.1491e+12  137   16 1.1504e+12 1.1490e+12  0.12%  57.0 2284s
 90561 58899 1.1491e+12  172   13 1.1504e+12 1.1490e+12  0.12%  57.1 2290s
 91645 59393 1.1491e+12  207    8 1.1504e+12 1.1490e+12  0.12%  56.9 2296s
 92670 59914 1.1492e+12  242    8 1.1504e+12 1.1490e+12  0.12%  56.8 2301s
 93731 59728 1.1493e+12  277   14 1.1504e+12 1.1490e+12  0.12%  56.6 2321s
 93949 60644 1.1493e+12  278   14 1.1504e+12 1.1490e+12  0.12%  56.5 2326s
 95048 61308 1.1494e+12  313   11 1.1504e+12 1.1490e+12  0.12%  56.4 2332s
 96145 61986 1.1495e+12  348   18 1.1504e+12 1.1490e+12  0.12%  56.4 2338s
 97260 62625 1.1495e+12  383   10 1.1504e+12 1.1490e+12  0.12%  56.3 2344s
 98347 62881 1.1495e+12  418   18 1.1504e+12 1.1490e+12  0.12%  56.2 2352s
 99033 63628 1.1496e+12  441    6 1.1504e+12 1.1490e+12  0.12%  56.1 2359s
 100077 64308 1.1497e+12  476    9 1.1504e+12 1.1490e+12  0.12%  56.1 2366s
 101152 65013 1.1498e+12  511   13 1.1504e+12 1.1490e+12  0.12%  56.1 2372s
 102252 65659 1.1499e+12  546   17 1.1504e+12 1.1490e+12  0.12%  56.0 2377s
 103366 66272 1.1500e+12  581    5 1.1504e+12 1.1490e+12  0.12%  55.7 2383s
 104475 66898 1.1490e+12   77   17 1.1504e+12 1.1490e+12  0.12%  55.6 2389s
 105420 66583 1.1496e+12  337   10 1.1504e+12 1.1490e+12  0.12%  55.3 2390s
 105595 66686 1.1491e+12  112   14 1.1504e+12 1.1490e+12  0.12%  55.3 2409s
 105771 67554 1.1491e+12  120   16 1.1504e+12 1.1490e+12  0.12%  55.3 2416s
 106873 68127 1.1491e+12  155   17 1.1504e+12 1.1490e+12  0.12%  55.1 2422s
 107977 68713 1.1491e+12  190    9 1.1504e+12 1.1490e+12  0.12%  54.9 2428s
 109085 69180 1.1492e+12  225    6 1.1504e+12 1.1490e+12  0.12%  54.6 2435s
 110159 69733 1.1492e+12  260   11 1.1504e+12 1.1490e+12  0.12%  54.5 2442s
 111265 70338 1.1493e+12  295   10 1.1504e+12 1.1490e+12  0.12%  54.3 2448s
 112334 70880 1.1494e+12  330   22 1.1504e+12 1.1490e+12  0.12%  54.2 2453s
 113343 71519 1.1494e+12  365   17 1.1504e+12 1.1490e+12  0.12%  54.2 2459s
 114424 72199 1.1495e+12  400   10 1.1504e+12 1.1490e+12  0.12%  54.1 2464s
 115518 72391 1.1495e+12  435    6 1.1504e+12 1.1490e+12  0.12%  54.0 2471s
 116085 73262 1.1496e+12  452    6 1.1504e+12 1.1490e+12  0.12%  53.9 2477s
 117173 73906 1.1497e+12  487    8 1.1504e+12 1.1490e+12  0.12%  53.7 2482s
 118231 74489 1.1498e+12  522   13 1.1504e+12 1.1490e+12  0.12%  53.6 2488s
 119259 75146 1.1499e+12  557    4 1.1504e+12 1.1490e+12  0.12%  53.6 2498s
 120343 75721 1.1490e+12   52   11 1.1504e+12 1.1490e+12  0.12%  53.6 2504s
 121349 76297 1.1491e+12   86   20 1.1504e+12 1.1490e+12  0.12%  53.7 2510s
 122350 76207 1.1491e+12  108   21 1.1504e+12 1.1490e+12  0.12%  53.8 2527s
 122611 77129 1.1491e+12  109   20 1.1504e+12 1.1490e+12  0.12%  53.7 2533s
 123696 77748 1.1494e+12  140   16 1.1504e+12 1.1490e+12  0.12%  53.7 2539s
 124744 78342 1.1492e+12  169   23 1.1504e+12 1.1490e+12  0.12%  53.7 2544s
 125798 78865 1.1492e+12  189    8 1.1504e+12 1.1490e+12  0.12%  53.7 2551s
 126757 79451     cutoff  192      1.1504e+12 1.1490e+12  0.12%  53.7 2557s
 127769 80063 1.1492e+12  202   22 1.1504e+12 1.1490e+12  0.12%  53.8 2564s
 128868 80681 1.1492e+12  229    6 1.1504e+12 1.1490e+12  0.12%  53.7 2570s
 129956 81280 1.1493e+12  256    6 1.1504e+12 1.1490e+12  0.12%  53.6 2576s
 131010 81900 1.1493e+12  277   18 1.1504e+12 1.1490e+12  0.12%  53.7 2581s
 132074 81836 1.1494e+12  309    5 1.1504e+12 1.1490e+12  0.12%  53.7 2601s
 132371 82674 1.1494e+12  310    5 1.1504e+12 1.1490e+12  0.12%  53.8 2608s
 133399 83362 1.1495e+12  335    6 1.1504e+12 1.1490e+12  0.12%  54.0 2614s
 134479 83695 1.1495e+12  368   11 1.1504e+12 1.1490e+12  0.12%  54.2 2623s
 135311 84091 1.1495e+12  377   18 1.1504e+12 1.1490e+12  0.12%  54.3 2631s
 136052 84634 1.1496e+12  395   13 1.1504e+12 1.1490e+12  0.12%  54.3 2637s
 137056 85260 1.1496e+12  426   18 1.1504e+12 1.1490e+12  0.12%  54.6 2643s
 138148 85805 1.1497e+12  459    4 1.1504e+12 1.1490e+12  0.12%  54.5 2651s
 139157 86379 1.1498e+12  491    8 1.1504e+12 1.1490e+12  0.12%  54.7 2658s
 140139 86925     cutoff  526      1.1504e+12 1.1490e+12  0.12%  54.8 2665s
 141152 87534 1.1499e+12  556    4 1.1504e+12 1.1490e+12  0.12%  54.9 2672s
 142211 88122 1.1490e+12   56   11 1.1504e+12 1.1490e+12  0.12%  54.9 2679s
 143268 88153 1.1490e+12   91   10 1.1504e+12 1.1490e+12  0.12%  54.8 2704s
 143731 88925 1.1490e+12  101   13 1.1504e+12 1.1490e+12  0.12%  54.8 2712s
 144816 89611 1.1491e+12  136    7 1.1504e+12 1.1490e+12  0.12%  54.7 2719s
 145911 90185 1.1491e+12  171    6 1.1504e+12 1.1490e+12  0.12%  54.6 2726s
 146989 90817 1.1491e+12  206    7 1.1504e+12 1.1490e+12  0.12%  54.6 2733s
 148038 91489 1.1492e+12  241   22 1.1504e+12 1.1490e+12  0.12%  54.6 2740s
 149122 92155 1.1492e+12  276    6 1.1504e+12 1.1490e+12  0.12%  54.6 2752s
 150230 92770 1.1493e+12  311   10 1.1504e+12 1.1490e+12  0.12%  54.5 2758s
 151285 93357 1.1493e+12  346   29 1.1504e+12 1.1490e+12  0.12%  54.5 2765s
 152344 93966 1.1494e+12  381   17 1.1504e+12 1.1490e+12  0.12%  54.4 2771s
 153407 94538 1.1494e+12  416   21 1.1504e+12 1.1490e+12  0.12%  54.3 2777s
 154470 95162 1.1495e+12  451   10 1.1504e+12 1.1490e+12  0.12%  54.2 2783s
 155552 95733 1.1495e+12  486   14 1.1504e+12 1.1490e+12  0.12%  54.1 2789s
 156613 95677 1.1496e+12  521    4 1.1504e+12 1.1490e+12  0.12%  54.1 2807s
 156966 96523 1.1497e+12  538    8 1.1504e+12 1.1490e+12  0.12%  54.0 2813s
 158051 97198 1.1498e+12  573   17 1.1504e+12 1.1490e+12  0.12%  54.0 2818s
 159145 97790 1.1498e+12  608   11 1.1504e+12 1.1490e+12  0.12%  53.9 2824s
 160225 97849 1.1490e+12   48    8 1.1504e+12 1.1490e+12  0.12%  53.8 2850s
 160673 98724 1.1490e+12   62   19 1.1504e+12 1.1490e+12  0.12%  53.7 2855s
 161763 99416 1.1492e+12   97   18 1.1504e+12 1.1490e+12  0.12%  53.7 2860s
 162872 99442 1.1492e+12  131   14 1.1504e+12 1.1490e+12  0.12%  53.6 2881s
 163280 100271 1.1492e+12  139   12 1.1504e+12 1.1490e+12  0.12%  53.6 2887s
 164303 100955 1.1492e+12  159   17 1.1504e+12 1.1490e+12  0.12%  53.7 2893s
 165380 101507 1.1492e+12  186   15 1.1504e+12 1.1490e+12  0.12%  53.7 2899s
 166387 102130 1.1492e+12  206   12 1.1504e+12 1.1490e+12  0.12%  53.9 2904s
 167453 102751 1.1492e+12  230   13 1.1504e+12 1.1490e+12  0.12%  53.9 2910s
 168501 103346 1.1492e+12  254   10 1.1504e+12 1.1490e+12  0.12%  54.0 2917s
 169570 103319 1.1493e+12  286   10 1.1504e+12 1.1490e+12  0.12%  54.0 2935s
 169956 104202 1.1493e+12  292   11 1.1504e+12 1.1490e+12  0.12%  54.0 2942s
 171029 104784 1.1498e+12  317   34 1.1504e+12 1.1490e+12  0.12%  54.1 2949s
 172037 105432 1.1493e+12  337   10 1.1504e+12 1.1490e+12  0.12%  54.3 2955s
 173125 106097 1.1493e+12  367   10 1.1504e+12 1.1490e+12  0.12%  54.3 2961s
 174204 106751 1.1493e+12  400    4 1.1504e+12 1.1490e+12  0.12%  54.4 2968s
 175284 107407 1.1494e+12  430    3 1.1504e+12 1.1490e+12  0.12%  54.4 2974s
 176370 107963 1.1494e+12  461   22 1.1504e+12 1.1490e+12  0.12%  54.4 2980s
 177417 108571 1.1495e+12  489   14 1.1504e+12 1.1490e+12  0.12%  54.5 2986s
 178518 109110 1.1495e+12  520   16 1.1504e+12 1.1490e+12  0.12%  54.4 2995s
 179607 109717 1.1495e+12  549   20 1.1504e+12 1.1490e+12  0.12%  54.6 3001s
 180716 109804 1.1496e+12  583   15 1.1504e+12 1.1490e+12  0.12%  54.5 3018s
 180982 110678 1.1496e+12  590    6 1.1504e+12 1.1490e+12  0.12%  54.5 3024s
 182050 111637 1.1497e+12  620   18 1.1504e+12 1.1490e+12  0.12%  54.6 3031s
 183148 112584 1.1497e+12  653   13 1.1504e+12 1.1490e+12  0.12%  54.5 3037s
 184216 113462 1.1497e+12  686   12 1.1504e+12 1.1490e+12  0.12%  54.5 3043s
 185244 114364 1.1498e+12  717    6 1.1504e+12 1.1490e+12  0.12%  54.5 3049s
 186262 115241 1.1499e+12  750   14 1.1504e+12 1.1490e+12  0.12%  54.6 3055s
 187271 116225 1.1500e+12  780   11 1.1504e+12 1.1490e+12  0.12%  54.6 3062s
 188344 117137 1.1501e+12  815    7 1.1504e+12 1.1490e+12  0.12%  54.6 3068s
 189386 118120 1.1490e+12   69    8 1.1504e+12 1.1490e+12  0.12%  54.6 3075s
 190473 119091 1.1490e+12  104   10 1.1504e+12 1.1490e+12  0.12%  54.5 3082s
 191550 119439 1.1491e+12  139   10 1.1504e+12 1.1490e+12  0.12%  54.4 3099s
 191919 120433 1.1491e+12  151   12 1.1504e+12 1.1490e+12  0.12%  54.4 3105s
 193022 121444 1.1491e+12  176    6 1.1504e+12 1.1490e+12  0.12%  54.3 3110s
 194129 122453 1.1491e+12  209   11 1.1504e+12 1.1490e+12  0.12%  54.2 3117s
 195242 123444 1.1491e+12  244    5 1.1504e+12 1.1490e+12  0.12%  54.1 3124s
 196353 124415 1.1491e+12  279    7 1.1504e+12 1.1490e+12  0.12%  54.0 3129s
 197473 125432 1.1491e+12  314    6 1.1504e+12 1.1490e+12  0.12%  53.8 3134s
 198591 126478 1.1491e+12  349    5 1.1504e+12 1.1490e+12  0.12%  53.7 3140s
 199705 127494 1.1492e+12  380    4 1.1504e+12 1.1490e+12  0.12%  53.5 3146s
 200817 128507 1.1492e+12  398    4 1.1504e+12 1.1490e+12  0.12%  53.4 3152s
 201929 128817 1.1492e+12  408    3 1.1504e+12 1.1490e+12  0.12%  53.2 3169s
 202251 129852 1.1492e+12  426   10 1.1504e+12 1.1490e+12  0.12%  53.2 3174s
 203369 130873 1.1493e+12  461   22 1.1504e+12 1.1490e+12  0.12%  53.0 3180s
 204463 131841 1.1493e+12  496   21 1.1504e+12 1.1490e+12  0.12%  52.9 3185s
 205556 132806 1.1494e+12  531   13 1.1504e+12 1.1490e+12  0.12%  52.8 3191s
 206639 133791 1.1495e+12  565    3 1.1504e+12 1.1490e+12  0.12%  52.7 3196s
 207717 134817 1.1495e+12  600   10 1.1504e+12 1.1490e+12  0.12%  52.5 3205s
 208815 135823 1.1496e+12  635   16 1.1504e+12 1.1490e+12  0.12%  52.5 3211s
 209890 136846 1.1496e+12  670   24 1.1504e+12 1.1490e+12  0.12%  52.4 3216s
 210971 137833 1.1497e+12  705    4 1.1504e+12 1.1490e+12  0.12%  52.3 3221s
 212048 138844 1.1498e+12  740    6 1.1504e+12 1.1490e+12  0.12%  52.2 3225s
 213127 139096 1.1499e+12  775   12 1.1504e+12 1.1490e+12  0.12%  52.0 3243s
 213381 140107 1.1499e+12  776   14 1.1504e+12 1.1490e+12  0.12%  52.0 3248s
 214458 141100 1.1499e+12  811    3 1.1504e+12 1.1490e+12  0.12%  51.9 3253s
 215554 142065 1.1490e+12   58   11 1.1504e+12 1.1490e+12  0.12%  51.8 3258s
 216642 142995 1.1490e+12   93   10 1.1504e+12 1.1490e+12  0.12%  51.7 3263s
 217710 143887 1.1491e+12  128   10 1.1504e+12 1.1490e+12  0.12%  51.7 3268s
 218778 144874 1.1491e+12  163   12 1.1504e+12 1.1490e+12  0.12%  51.6 3273s
 219850 145872 1.1491e+12  191    8 1.1504e+12 1.1490e+12  0.12%  51.6 3277s
 220919 146906 1.1491e+12  226   10 1.1504e+12 1.1490e+12  0.12%  51.5 3282s
 222010 147879 1.1491e+12  261    5 1.1504e+12 1.1490e+12  0.12%  51.5 3287s
 223059 148892 1.1491e+12  296    5 1.1504e+12 1.1490e+12  0.12%  51.4 3292s
 224097 149072 1.1491e+12  331    5 1.1504e+12 1.1490e+12  0.12%  51.4 3310s
 224292 150065 1.1492e+12  353    6 1.1504e+12 1.1490e+12  0.12%  51.4 3315s
 225351 150987 1.1492e+12  388   12 1.1504e+12 1.1490e+12  0.12%  51.4 3322s
 226317 151949 1.1492e+12  400    3 1.1504e+12 1.1490e+12  0.12%  51.5 3328s
 227354 152996 1.1493e+12  435    4 1.1504e+12 1.1490e+12  0.12%  51.5 3333s
 228461 153961 1.1493e+12  470    9 1.1504e+12 1.1490e+12  0.12%  51.4 3339s
 229482 154952 1.1494e+12  505   20 1.1504e+12 1.1490e+12  0.12%  51.4 3344s
 230569 155928 1.1494e+12  540   10 1.1504e+12 1.1490e+12  0.12%  51.4 3351s
 231659 156971 1.1495e+12  573   10 1.1504e+12 1.1490e+12  0.12%  51.4 3356s
 232771 157975 1.1495e+12  608   15 1.1504e+12 1.1490e+12  0.12%  51.3 3362s
 233882 158247 1.1496e+12  643    7 1.1504e+12 1.1490e+12  0.12%  51.3 3379s
 234177 159236 1.1496e+12  656   20 1.1504e+12 1.1490e+12  0.12%  51.2 3385s
 235237 160216 1.1497e+12  691    4 1.1504e+12 1.1490e+12  0.12%  51.2 3392s
 236319 161204 1.1498e+12  726    7 1.1504e+12 1.1490e+12  0.12%  51.2 3398s
 237405 162194 1.1498e+12  761   11 1.1504e+12 1.1490e+12  0.12%  51.1 3408s
 238523 162528 1.1499e+12  796    5 1.1504e+12 1.1490e+12  0.12%  51.1 3413s
 238953 163527 1.1490e+12   53    9 1.1504e+12 1.1490e+12  0.12%  51.0 3419s
 240044 163556 1.1498e+12   75   39 1.1504e+12 1.1490e+12  0.12%  51.0 3506s
 240077 163929 1.1498e+12   76   13 1.1504e+12 1.1490e+12  0.12%  51.0 3524s
 240505 164867 1.1498e+12   77   13 1.1504e+12 1.1490e+12  0.12%  51.0 3531s
 241609 165879     cutoff   97      1.1504e+12 1.1490e+12  0.12%  51.0 3537s
 242714 166862 1.1490e+12   87   11 1.1504e+12 1.1490e+12  0.12%  51.0 3543s
 243804 167815 1.1491e+12  122   14 1.1504e+12 1.1490e+12  0.12%  51.0 3548s
 244882 168778 1.1491e+12  157   15 1.1504e+12 1.1490e+12  0.12%  51.0 3554s
 245933 169093 1.1491e+12  192   14 1.1504e+12 1.1490e+12  0.12%  51.0 3575s
 246262 170008 1.1491e+12  213   13 1.1504e+12 1.1490e+12  0.12%  51.0 3582s
 247326 170972 1.1491e+12  248    9 1.1504e+12 1.1490e+12  0.12%  51.0 3589s
 248428 171886 1.1491e+12  283   11 1.1504e+12 1.1490e+12  0.12%  51.0 3595s
 249510 172678 1.1491e+12  318    9 1.1504e+12 1.1490e+12  0.12%  51.0 3600s

Cutting planes:
  Gomory: 2
  Lift-and-project: 31
  Implied bound: 7
  MIR: 8
  Flow cover: 22
  Relax-and-lift: 8

Explored 250447 nodes (12845761 simplex iterations) in 3600.40 seconds (2503.54 work units)
Thread count was 32 (of 36 available processors)

Solution count 4: 1.15041e+12 1.15082e+12 1.15301e+12 1.15371e+12 

Time limit reached
Best objective 1.150412081959e+12, best bound 1.149029011610e+12, gap 0.1202%

User-callback calls 1111778, time in user-callback 0.45 sec
Set parameter TokenServer to value "license-1.hpc.nrel.gov"
Set parameter TimeLimit to value 3600
Set parameter MIPGap to value 0.001
Set parameter MIPGap to value 0.001
Set parameter TimeLimit to value 3600
Gurobi Optimizer version 9.5.1 build v9.5.1rc2 (linux64)
Thread count: 36 physical cores, 36 logical processors, using up to 32 threads
Optimize a model with 91884 rows, 1144312 columns and 2343626 nonzeros
Model fingerprint: 0x9c5fee4a
Coefficient statistics:
  Matrix range     [1e+00, 1e+05]
  Objective range  [3e-01, 3e+09]
  Bounds range     [1e+00, 1e+08]
  RHS range        [8e-01, 8e+05]
Warning: Model contains large objective coefficients
         Consider reformulating model or setting NumericFocus parameter
         to avoid numerical issues.

Concurrent LP optimizer: primal simplex, dual simplex, and barrier
Showing barrier log only...

Presolve removed 86884 rows and 939308 columns
Presolve time: 1.15s
Presolved: 5000 rows, 205004 columns, 408488 nonzeros

Ordering time: 0.00s

Barrier statistics:
 AA' NZ     : 2.035e+05
 Factor NZ  : 3.234e+05 (roughly 90 MB of memory)
 Factor Ops : 2.516e+07 (less than 1 second per iteration)
 Threads    : 30

                  Objective                Residual
Iter       Primal          Dual         Primal    Dual     Compl     Time
   0   2.18941469e+12  5.32075298e+11  2.98e+06 2.56e+02  9.51e+07     1s
   1   1.19768216e+12  8.28365083e+11  7.52e+04 3.64e-12  3.91e+06     1s
   2   1.16764390e+12  1.05838735e+12  2.50e+03 1.84e+01  5.98e+05     1s
   3   1.16325477e+12  1.11295554e+12  9.34e+02 9.61e+00  2.65e+05     1s
   4   1.15995606e+12  1.13192233e+12  3.71e+02 5.44e+00  1.44e+05     1s
   5   1.15691343e+12  1.14033470e+12  1.72e+02 3.34e+00  8.38e+04     1s
   6   1.15518085e+12  1.14654031e+12  1.09e+02 1.50e+00  4.33e+04     1s
   7   1.15362569e+12  1.14828396e+12  6.10e+01 1.06e+00  2.66e+04     1s
   8   1.15218932e+12  1.14929089e+12  2.73e+01 4.72e-01  1.44e+04     1s
   9   1.15181734e+12  1.14972093e+12  1.96e+01 3.33e-01  1.04e+04     1s
  10   1.15141297e+12  1.15002160e+12  1.26e+01 1.74e-01  6.85e+03     1s
  11   1.15100813e+12  1.15013039e+12  6.71e+00 1.33e-01  4.33e+03     1s
  12   1.15082499e+12  1.15026099e+12  4.31e+00 7.98e-02  2.78e+03     2s
  13   1.15063133e+12  1.15033677e+12  2.04e+00 5.36e-02  1.45e+03     2s
  14   1.15052962e+12  1.15037001e+12  9.85e-01 3.18e-02  7.89e+02     2s
  15   1.15047398e+12  1.15039342e+12  4.80e-01 1.58e-02  3.98e+02     2s

Barrier performed 15 iterations in 1.58 seconds (0.93 work units)
Barrier solve interrupted - model solved by another algorithm


Solved with dual simplex
Solved in 9533 iterations and 1.65 seconds (0.85 work units)
Optimal objective  1.150412082e+12

User-callback calls 132, time in user-callback 0.00 sec
[ Info:  started timer at: 2023-03-29T20:14:05.397
[ Info: Reading /projects/pvsoiling/RELOG/Manufacturing_NAICS_2/input/solver/case.json...
[ Info:          134 collection centers
[ Info:          309 candidate plant locations
[ Info: Building graph...
[ Info:           26 time periods
[ Info:          309 process nodes
[ Info:          309 shipping nodes (plant)
[ Info:          134 shipping nodes (collection)
[ Info:        41715 arcs
[ Info: Building optimization model...
[ Info: Optimizing MILP...
[ Info: Re-optimizing with integer variables fixed...
[ Info: Extracting solution...
[ Info:       3650.740486534s: 1 hour, 50 seconds, 740 milliseconds
