Set parameter TokenServer to value "license-1.hpc.nrel.gov"
Set parameter TimeLimit to value 3600
Set parameter MIPGap to value 0.001
Set parameter MIPGap to value 0.001
Set parameter TimeLimit to value 3600
Gurobi Optimizer version 9.5.1 build v9.5.1rc2 (linux64)
Thread count: 36 physical cores, 36 logical processors, using up to 32 threads
Optimize a model with 96828 rows, 1144312 columns and 2348570 nonzeros
Model fingerprint: 0xa3174b0a
Variable types: 1128244 continuous, 16068 integer (16068 binary)
Coefficient statistics:
  Matrix range     [1e+00, 1e+05]
  Objective range  [3e-01, 3e+09]
  Bounds range     [1e+05, 1e+08]
  RHS range        [8e-01, 2e+06]
Warning: Model contains large objective coefficients
         Consider reformulating model or setting NumericFocus parameter
         to avoid numerical issues.
Presolve removed 84694 rows and 64666 columns
Presolve time: 4.95s
Presolved: 12134 rows, 1079646 columns, 2166399 nonzeros
Variable types: 1075938 continuous, 3708 integer (3708 binary)

Deterministic concurrent LP optimizer: primal and dual simplex
Showing first log only...


Root simplex log...

Iteration    Objective       Primal Inf.    Dual Inf.      Time
       0    9.5480016e+11   8.481203e+05   3.389512e+10      8s
  169791    1.0093955e+12   2.628441e+05   5.644886e+10     10s
Concurrent spin time: 0.00s

Solved with dual simplex

Root relaxation: objective 1.694942e+12, 78389 iterations, 7.93 seconds (6.33 work units)

    Nodes    |    Current Node    |     Objective Bounds      |     Work
 Expl Unexpl |  Obj  Depth IntInf | Incumbent    BestBd   Gap | It/Node Time

     0     0 1.6949e+12    0    9          - 1.6949e+12      -     -   15s
H    0     0                    1.701775e+12 1.6949e+12  0.40%     -   15s
H    0     0                    1.697629e+12 1.6949e+12  0.16%     -   18s
     0     0 1.6949e+12    0    6 1.6976e+12 1.6949e+12  0.16%     -   19s
H    0     0                    1.697566e+12 1.6949e+12  0.15%     -   21s
     0     0 1.6949e+12    0    3 1.6976e+12 1.6949e+12  0.15%     -   23s
     0     0 1.6949e+12    0    3 1.6976e+12 1.6949e+12  0.15%     -   24s
     0     0 1.6949e+12    0    6 1.6976e+12 1.6949e+12  0.15%     -   26s
     0     0 1.6949e+12    0    6 1.6976e+12 1.6949e+12  0.15%     -   27s
     0     0 1.6949e+12    0    6 1.6976e+12 1.6949e+12  0.15%     -   28s
     0     0 1.6949e+12    0    6 1.6976e+12 1.6949e+12  0.15%     -   30s
     0     0 1.6949e+12    0    6 1.6976e+12 1.6949e+12  0.15%     -   36s
     0     2 1.6949e+12    0    6 1.6976e+12 1.6949e+12  0.15%     -   45s
    31    64 1.6949e+12    5    3 1.6976e+12 1.6949e+12  0.15%   8.1   51s
   159   192 1.6949e+12    9    3 1.6976e+12 1.6949e+12  0.15%   7.0  197s
   191   224 1.6949e+12   10    3 1.6976e+12 1.6949e+12  0.15%   6.5  201s
   223   367 1.6949e+12   11    3 1.6976e+12 1.6949e+12  0.15%   5.9  205s
   366   729 1.6949e+12   14    3 1.6976e+12 1.6949e+12  0.15%   5.1  215s
   728  1637 1.6949e+12   23    6 1.6976e+12 1.6949e+12  0.15%   4.8  238s
  1636  2565 1.6951e+12   49    3 1.6976e+12 1.6949e+12  0.15%   5.8  255s
  2564  3491 1.6953e+12   77    3 1.6976e+12 1.6949e+12  0.15%   6.3  270s
  3490  4320 1.6954e+12  106    3 1.6976e+12 1.6949e+12  0.15%   6.3  284s
  4381  5046 1.6955e+12  135    3 1.6976e+12 1.6949e+12  0.15%   6.1  291s
  5223  5681 1.6957e+12  160    6 1.6976e+12 1.6949e+12  0.15%   6.7  299s
  6016  6302 1.6958e+12  171    3 1.6976e+12 1.6949e+12  0.15%   7.8  307s
  6786  6998 1.6959e+12  177    6 1.6976e+12 1.6949e+12  0.15%   8.7  315s
  7561  7719 1.6962e+12  184    3 1.6976e+12 1.6949e+12  0.15%   9.7  324s
  8336  8458     cutoff  190      1.6976e+12 1.6949e+12  0.15%  10.6  332s
  9264  9296 1.6975e+12  219    6 1.6976e+12 1.6949e+12  0.15%  10.3  337s
 10192 10152 1.6950e+12   30    3 1.6976e+12 1.6949e+12  0.15%   9.8  342s
 11120 11048 1.6951e+12   59    3 1.6976e+12 1.6949e+12  0.15%   9.4  347s
 12048 11963 1.6952e+12   88    6 1.6976e+12 1.6949e+12  0.15%   9.0  351s
 12977 11964 1.6956e+12   82    6 1.6976e+12 1.6949e+12  0.15%   8.7  376s
 12979 11965 1.6957e+12   98    3 1.6976e+12 1.6949e+12  0.15%   8.7  391s
 12981 11967 1.6966e+12  186    1 1.6976e+12 1.6949e+12  0.15%   8.7  395s
 12985 11969 1.6968e+12  171    2 1.6976e+12 1.6949e+12  0.15%   8.7  400s
 12989 11975 1.6949e+12   12    1 1.6976e+12 1.6949e+12  0.15%  11.4  406s
 13019 12025 1.6949e+12   16    1 1.6976e+12 1.6949e+12  0.15%  11.4  410s
 13147 12110 1.6949e+12   18    2 1.6976e+12 1.6949e+12  0.15%  11.4  505s
 13179 12132 1.6949e+12   19    1 1.6976e+12 1.6949e+12  0.15%  11.4  553s
 13274 12439 1.6949e+12   20    2 1.6976e+12 1.6949e+12  0.15%  11.3  558s
 13550 13214 1.6949e+12   24    2 1.6976e+12 1.6949e+12  0.15%  11.2  570s
 14417 12957 1.6950e+12   39    1 1.6976e+12 1.6949e+12  0.15%  11.0  622s
 14449 13647 1.6949e+12   40    2 1.6976e+12 1.6949e+12  0.15%  11.0  637s
 15150 14374 1.6950e+12   51    1 1.6976e+12 1.6949e+12  0.15%  10.8  649s
 16110 15014 1.6951e+12   78    3 1.6976e+12 1.6949e+12  0.15%  10.6  662s
 17070 15463 1.6952e+12  108    1 1.6976e+12 1.6949e+12  0.15%  10.4  672s
 17991 15581 1.6954e+12  138    1 1.6976e+12 1.6949e+12  0.15%  10.3  680s
 18880 15679 infeasible  161      1.6976e+12 1.6949e+12  0.15%  10.8  686s
 19745 15969 1.6966e+12  190    1 1.6976e+12 1.6949e+12  0.15%  11.0  693s
 20705 16206 1.6967e+12  220    1 1.6976e+12 1.6949e+12  0.15%  11.0  698s
 21665 16754 1.6967e+12  250    1 1.6976e+12 1.6949e+12  0.15%  11.3  705s
 23585 17578 1.6951e+12   67    1 1.6976e+12 1.6949e+12  0.15%  11.0  723s
 24129 18284 1.6952e+12   83    1 1.6976e+12 1.6949e+12  0.15%  11.1  728s
 25089 18759 1.6957e+12  110    1 1.6976e+12 1.6949e+12  0.15%  11.1  733s
 26049 18982 1.6953e+12  137    1 1.6976e+12 1.6949e+12  0.15%  10.9  737s
 27009 18992 1.6955e+12  164    1 1.6976e+12 1.6949e+12  0.15%  10.8  742s
 27969 19141 1.6967e+12  192    2 1.6976e+12 1.6949e+12  0.15%  10.6  746s
 28929 19400 1.6968e+12  221    2 1.6976e+12 1.6949e+12  0.15%  10.5  753s
 29889 19103 1.6949e+12   25    1 1.6976e+12 1.6949e+12  0.15%  10.4  804s
 29924 19942 1.6949e+12   26    1 1.6976e+12 1.6949e+12  0.15%  10.4  809s
 30884 20547 1.6951e+12   56    1 1.6976e+12 1.6949e+12  0.15%  10.3  814s
 31844 21142 1.6952e+12   86    1 1.6976e+12 1.6949e+12  0.15%  10.2  819s
 32804 21607 1.6953e+12  116    2 1.6976e+12 1.6949e+12  0.15%  10.1  824s
 33764 21846 1.6954e+12  146    2 1.6976e+12 1.6949e+12  0.15%   9.9  829s
 34724 21922 1.6963e+12  174    1 1.6976e+12 1.6949e+12  0.15%   9.8  835s
 36644 22312 1.6966e+12  234    2 1.6976e+12 1.6949e+12  0.15%   9.7  845s
 37604 22720 1.6967e+12  264    2 1.6976e+12 1.6949e+12  0.15%   9.8  850s
 38564 23269 1.6949e+12   28    2 1.6976e+12 1.6949e+12  0.15%   9.9  856s
 39522 23834 1.6950e+12   43    1 1.6976e+12 1.6949e+12  0.15%   9.9  862s
 40462 24314 1.6951e+12   64    1 1.6976e+12 1.6949e+12  0.15%  10.0  867s
 41414 24659 1.6952e+12   94    1 1.6976e+12 1.6949e+12  0.15%  10.0  873s
 42364 25055 1.6953e+12  124    1 1.6976e+12 1.6949e+12  0.15%   9.9  879s
 43321 25359 1.6964e+12  153    2 1.6976e+12 1.6949e+12  0.15%   9.8  884s
 44280 25515 1.6965e+12  183    1 1.6976e+12 1.6949e+12  0.15%   9.8  890s
 45229 25804 1.6966e+12  213    1 1.6976e+12 1.6949e+12  0.15%   9.9  895s
 46175 26185 1.6967e+12  243    2 1.6976e+12 1.6949e+12  0.15%   9.9  901s
 47129 26716 1.6950e+12   32    2 1.6976e+12 1.6949e+12  0.15%   9.9  907s
 48087 27236 1.6952e+12   62    2 1.6976e+12 1.6949e+12  0.15%   9.8  913s
 49043 27755 1.6953e+12   92    1 1.6976e+12 1.6949e+12  0.15%   9.8  918s
 49961 28364 1.6953e+12  122    1 1.6976e+12 1.6949e+12  0.15%   9.9  923s
 50899 28893 1.6956e+12  149    2 1.6976e+12 1.6949e+12  0.15%  10.1  928s
 51794 29395 1.6963e+12  168    2 1.6976e+12 1.6949e+12  0.15%  10.4  934s
 52721 29928 1.6973e+12  196    1 1.6976e+12 1.6949e+12  0.15%  10.5  939s
 53656 30653 1.6975e+12  223    1 1.6976e+12 1.6949e+12  0.15%  10.5  944s
 54605 31455 1.6950e+12   44    1 1.6976e+12 1.6949e+12  0.15%  10.5  950s
 55563 32210 1.6952e+12   70    1 1.6976e+12 1.6949e+12  0.15%  10.5  957s
 56464 32998 1.6954e+12   99    2 1.6976e+12 1.6949e+12  0.15%  10.4  961s
 57424 33715 1.6955e+12  126    1 1.6976e+12 1.6949e+12  0.15%  10.4  966s
 58385 33716 1.6958e+12  126    6 1.6976e+12 1.6949e+12  0.15%  10.3 1065s
 58387 33717 1.6954e+12   81    3 1.6976e+12 1.6949e+12  0.15%  10.3 1082s
 58389 33719 1.6965e+12  184    2 1.6976e+12 1.6949e+12  0.15%  10.3 1086s
 58391 33720 1.6967e+12  241    2 1.6976e+12 1.6949e+12  0.15%  10.3 1093s
 58393 33721 1.6951e+12   47    2 1.6976e+12 1.6949e+12  0.15%  10.3 1102s
 58395 33723 1.6951e+12   42    2 1.6976e+12 1.6949e+12  0.15%  10.3 1111s
 58397 33724 1.6959e+12  119    2 1.6976e+12 1.6949e+12  0.15%  10.3 1120s
 58399 33725 1.6951e+12   55    2 1.6976e+12 1.6949e+12  0.15%  10.3 1129s
 58400 33726 1.6957e+12   92    2 1.6976e+12 1.6949e+12  0.15%  10.3 1138s
 58401 33727 1.6956e+12   90    2 1.6976e+12 1.6949e+12  0.15%  10.3 1140s
 58402 33727 1.6956e+12   99    2 1.6976e+12 1.6949e+12  0.15%  10.3 1149s
 58403 33728 1.6956e+12   96    2 1.6976e+12 1.6949e+12  0.15%  10.3 1157s
 58404 33729 1.6962e+12  135    2 1.6976e+12 1.6949e+12  0.15%  10.3 1162s
 58405 33732 1.6949e+12   23    1 1.6976e+12 1.6949e+12  0.15%  10.9 1165s
 58435 33782 1.6949e+12   27    1 1.6976e+12 1.6949e+12  0.15%  10.9 1170s
 58499 33825 1.6949e+12   28    2 1.6976e+12 1.6949e+12  0.15%  10.9 1176s
 58563 33868 1.6949e+12   29    2 1.6976e+12 1.6949e+12  0.15%  10.9 1376s
 58688 33951 1.6949e+12   31    1 1.6976e+12 1.6949e+12  0.15%  10.9 1388s
 58720 34348 1.6949e+12   31    2 1.6976e+12 1.6949e+12  0.15%  10.9 1394s
 59128 34400 1.6949e+12   38    1 1.6976e+12 1.6949e+12  0.15%  10.9 1411s
 59316 35232 1.6949e+12   40    1 1.6976e+12 1.6949e+12  0.15%  10.8 1457s
 60210 35430 1.6950e+12   55    1 1.6976e+12 1.6949e+12  0.15%  10.8 1526s
 60706 36224 1.6950e+12   55    1 1.6976e+12 1.6949e+12  0.15%  10.8 1542s
 61666 36806 1.6951e+12   76    1 1.6976e+12 1.6949e+12  0.15%  10.7 1556s
 62625 37158 1.6952e+12  106    1 1.6976e+12 1.6949e+12  0.15%  10.7 1566s
 63554 37121 1.6953e+12  136    1 1.6976e+12 1.6949e+12  0.15%  10.8 1614s
 64124 37346 1.6964e+12  164    2 1.6976e+12 1.6949e+12  0.15%  10.8 1626s
 65081 37511 infeasible  190      1.6976e+12 1.6949e+12  0.15%  10.9 1633s
 66041 37802 1.6966e+12  220    1 1.6976e+12 1.6949e+12  0.15%  10.9 1640s
 67001 38263 1.6967e+12  250    2 1.6976e+12 1.6949e+12  0.15%  10.9 1645s
 67961 38870 1.6949e+12   38    1 1.6976e+12 1.6949e+12  0.15%  10.8 1650s
 68921 39439 1.6951e+12   68    2 1.6976e+12 1.6949e+12  0.15%  10.8 1655s
 69881 39874 1.6952e+12   98    1 1.6976e+12 1.6949e+12  0.15%  10.7 1660s
 70841 40249 1.6953e+12  128    2 1.6976e+12 1.6949e+12  0.15%  10.6 1665s
 71801 40446 1.6962e+12  156    1 1.6976e+12 1.6949e+12  0.15%  10.6 1670s
 72761 40510 1.6963e+12  186    1 1.6976e+12 1.6949e+12  0.15%  10.6 1679s
 73718 40510 1.6964e+12  216    1 1.6976e+12 1.6949e+12  0.15%  10.7 1698s
 74275 41053 1.6965e+12  233    1 1.6976e+12 1.6949e+12  0.15%  10.7 1703s
 75235 41495 1.6966e+12  263    1 1.6976e+12 1.6949e+12  0.15%  10.7 1708s
 76195 42086 1.6949e+12   35    1 1.6976e+12 1.6949e+12  0.15%  10.7 1713s
 77155 42707 1.6951e+12   65    1 1.6976e+12 1.6949e+12  0.15%  10.7 1718s
 78115 43165 1.6952e+12   93    1 1.6976e+12 1.6949e+12  0.15%  10.6 1723s
 79075 43529 1.6953e+12  121    2 1.6976e+12 1.6949e+12  0.15%  10.6 1728s
 80035 43833 1.6954e+12  150    1 1.6976e+12 1.6949e+12  0.15%  10.5 1732s
 80995 43534 1.6964e+12  175    1 1.6976e+12 1.6949e+12  0.15%  10.5 1782s
 81027 43918 1.6964e+12  176    1 1.6976e+12 1.6949e+12  0.15%  10.5 1789s
 81781 44119 1.6966e+12  205    1 1.6976e+12 1.6949e+12  0.15%  10.5 1794s
 82738 44461 1.6967e+12  233    1 1.6976e+12 1.6949e+12  0.15%  10.6 1799s
 83644 45001 1.6967e+12  261    1 1.6976e+12 1.6949e+12  0.15%  10.5 1804s
 84604 45595 1.6949e+12   48    1 1.6976e+12 1.6949e+12  0.15%  10.5 1808s
 85564 46166 1.6950e+12   68    2 1.6976e+12 1.6949e+12  0.15%  10.4 1813s
 86524 46543 1.6952e+12   93    1 1.6976e+12 1.6949e+12  0.15%  10.4 1820s
 87484 46474 1.6953e+12  123    2 1.6976e+12 1.6949e+12  0.15%  10.3 1840s
 87900 46876 1.6953e+12  136    1 1.6976e+12 1.6949e+12  0.15%  10.3 1846s
 88860 47156 1.6954e+12  166    1 1.6976e+12 1.6949e+12  0.15%  10.3 1851s
 89820 47293 1.6965e+12  189    1 1.6976e+12 1.6949e+12  0.15%  10.3 1857s
 90780 47677 1.6966e+12  210    1 1.6976e+12 1.6949e+12  0.15%  10.4 1862s
 91740 48165 1.6967e+12  240    1 1.6976e+12 1.6949e+12  0.15%  10.4 1868s
 92699 48730 1.6976e+12  266    1 1.6976e+12 1.6949e+12  0.15%  10.4 1874s
 93648 49318 1.6950e+12   46    1 1.6976e+12 1.6949e+12  0.15%  10.4 1880s
 94608 49847 1.6953e+12   58    1 1.6976e+12 1.6949e+12  0.15%  10.4 1886s
 95567 50118 1.6956e+12   69    1 1.6976e+12 1.6949e+12  0.15%  10.4 1891s
 96513 50161 1.6971e+12   84    1 1.6976e+12 1.6949e+12  0.15%  10.4 1897s
 97431 50301 1.6974e+12  101    1 1.6976e+12 1.6949e+12  0.15%  10.5 1902s
 98391 50509 1.6950e+12   36    2 1.6976e+12 1.6949e+12  0.15%  10.5 1906s
 99351 50921 1.6951e+12   66    1 1.6976e+12 1.6949e+12  0.15%  10.5 1911s
 100311 51466 1.6952e+12   93    1 1.6976e+12 1.6949e+12  0.15%  10.5 1916s
 101271 52074 1.6953e+12  120    1 1.6976e+12 1.6949e+12  0.15%  10.5 1920s
 102231 52617 1.6954e+12  147    2 1.6976e+12 1.6949e+12  0.15%  10.4 1925s
 104048 53077 1.6965e+12  202    2 1.6976e+12 1.6949e+12  0.15%  10.7 1934s
 104954 53290 1.6966e+12  231    2 1.6976e+12 1.6949e+12  0.15%  10.8 1938s
 105898 53611 1.6967e+12  255    1 1.6976e+12 1.6949e+12  0.15%  10.8 1943s
 106855 54121 1.6949e+12   39    1 1.6976e+12 1.6949e+12  0.15%  10.7 1949s
 107815 54692 1.6950e+12   55    1 1.6976e+12 1.6949e+12  0.15%  10.7 1954s
 108775 55196 1.6950e+12   82    1 1.6976e+12 1.6949e+12  0.15%  10.7 1959s
 109728 55787 1.6952e+12  107    2 1.6976e+12 1.6949e+12  0.15%  10.7 1963s
 110667 56380 1.6954e+12  137    1 1.6976e+12 1.6949e+12  0.15%  10.7 1968s
 111627 56090 1.6954e+12  167    1 1.6976e+12 1.6949e+12  0.15%  10.7 2017s
 111659 56857 1.6954e+12  168    1 1.6976e+12 1.6949e+12  0.15%  10.7 2022s
 112603 57091 1.6965e+12  190    1 1.6976e+12 1.6949e+12  0.15%  10.6 2027s
 113540 57387 1.6966e+12  218    1 1.6976e+12 1.6949e+12  0.15%  10.7 2033s
 114498 57550 1.6967e+12  248    2 1.6976e+12 1.6949e+12  0.15%  10.6 2038s
 115458 58011 1.6976e+12  268    1 1.6976e+12 1.6949e+12  0.15%  10.6 2042s
 116418 58525 1.6950e+12   55    1 1.6976e+12 1.6949e+12  0.15%  10.6 2050s
 118338 59598 1.6952e+12  112    1 1.6976e+12 1.6949e+12  0.15%  10.5 2059s
 119298 60165 1.6953e+12  139    1 1.6976e+12 1.6949e+12  0.15%  10.5 2063s
 120258 60606 1.6964e+12  168    1 1.6976e+12 1.6949e+12  0.15%  10.4 2068s
 121209 60818 1.6965e+12  195    1 1.6976e+12 1.6949e+12  0.15%  10.4 2073s
 122159 61206 1.6966e+12  224    2 1.6976e+12 1.6949e+12  0.15%  10.4 2078s
 123109 61480 1.6967e+12  251    2 1.6976e+12 1.6949e+12  0.15%  10.4 2083s
 124069 61950 1.6950e+12   41    1 1.6976e+12 1.6949e+12  0.15%  10.4 2087s
 125029 62521 1.6952e+12   71    1 1.6976e+12 1.6949e+12  0.15%  10.4 2092s
 125989 63025 1.6953e+12   99    1 1.6976e+12 1.6949e+12  0.15%  10.3 2098s
 126946 63609 1.6954e+12  123    2 1.6976e+12 1.6949e+12  0.15%  10.3 2104s
 127901 64142 1.6955e+12  150    1 1.6976e+12 1.6949e+12  0.15%  10.3 2110s
 129811 64449 infeasible  203      1.6976e+12 1.6949e+12  0.15%  10.3 2119s
 130760 64847 1.6968e+12  229    1 1.6976e+12 1.6949e+12  0.15%  10.3 2124s
 131711 65206 1.6968e+12  258    1 1.6976e+12 1.6949e+12  0.15%  10.2 2129s
 132668 65657 1.6949e+12   46    1 1.6976e+12 1.6949e+12  0.15%  10.2 2135s
 133623 66177 1.6950e+12   61    1 1.6976e+12 1.6949e+12  0.15%  10.2 2140s
 134576 66409 1.6951e+12   88    3 1.6976e+12 1.6949e+12  0.15%  10.2 2145s
 135295 66900 1.6952e+12  105    1 1.6976e+12 1.6949e+12  0.15%  10.1 2150s
 136251 67276 1.6953e+12  135    1 1.6976e+12 1.6949e+12  0.15%  10.1 2155s
 137211 67540 1.6964e+12  164    1 1.6976e+12 1.6949e+12  0.15%  10.1 2161s
 138171 67716 1.6965e+12  192    1 1.6976e+12 1.6949e+12  0.15%  10.0 2165s
 140091 68289 1.6967e+12  252    1 1.6976e+12 1.6949e+12  0.15%  10.0 2173s
 141051 68771 1.6949e+12   47    1 1.6976e+12 1.6949e+12  0.15%  10.0 2177s
 142011 68481 1.6951e+12   77    1 1.6976e+12 1.6949e+12  0.15%  10.0 2222s
 142043 69233 1.6951e+12   78    1 1.6976e+12 1.6949e+12  0.15%  10.0 2226s
 143003 69637 1.6952e+12  108    1 1.6976e+12 1.6949e+12  0.15%  10.0 2230s
 144919 70320 1.6964e+12  168    1 1.6976e+12 1.6949e+12  0.15%  10.0 2237s
 145832 70555 1.6965e+12  198    1 1.6976e+12 1.6949e+12  0.15%  10.0 2245s
 146792 70794 1.6966e+12  228    1 1.6976e+12 1.6949e+12  0.15%  10.0 2250s
 147728 71138 1.6967e+12  258    1 1.6976e+12 1.6949e+12  0.15%  10.1 2255s
 148650 71570 1.6950e+12   49    1 1.6976e+12 1.6949e+12  0.15%  10.1 2260s
 150555 72527 1.6952e+12  107    1 1.6976e+12 1.6949e+12  0.15%  10.1 2269s
 151515 73039 1.6953e+12  134    2 1.6976e+12 1.6949e+12  0.15%  10.1 2275s
 152475 73345 1.6955e+12  163    1 1.6976e+12 1.6949e+12  0.15%  10.1 2282s
 153428 73526 1.6965e+12  191    1 1.6976e+12 1.6949e+12  0.15%  10.0 2286s
 154388 73842 1.6967e+12  220    1 1.6976e+12 1.6949e+12  0.15%  10.0 2290s
 156308 74522 1.6949e+12   51    1 1.6976e+12 1.6949e+12  0.15%  10.0 2298s
 157268 74730 1.6951e+12   80    2 1.6976e+12 1.6949e+12  0.15%  10.0 2316s
 157972 74522 1.6952e+12   99    1 1.6976e+12 1.6949e+12  0.15%  10.0 2345s
 158958 75731 1.6953e+12  129    1 1.6976e+12 1.6949e+12  0.15%  10.0 2354s
 159909 76239 1.6954e+12  155    1 1.6976e+12 1.6949e+12  0.15%  10.0 2358s
 160868 76818 1.6963e+12  181    1 1.6976e+12 1.6949e+12  0.15%  10.0 2363s
 161820 77406 1.6964e+12  209    1 1.6976e+12 1.6949e+12  0.15%  10.0 2367s
 162773 78043 1.6966e+12  239    3 1.6976e+12 1.6949e+12  0.15%  10.0 2372s
 163733 78544 1.6966e+12  265    1 1.6976e+12 1.6949e+12  0.15%   9.9 2376s
 164693 79312 1.6949e+12   37    1 1.6976e+12 1.6949e+12  0.15%   9.9 2380s
 166613 80805 1.6952e+12   97    2 1.6976e+12 1.6949e+12  0.15%   9.9 2390s
 167571 81538 1.6953e+12  127    1 1.6976e+12 1.6949e+12  0.15%   9.9 2395s
 168507 82163 1.6963e+12  157    1 1.6976e+12 1.6949e+12  0.15%   9.9 2400s
 169410 82740 1.6964e+12  187    2 1.6976e+12 1.6949e+12  0.15%  10.0 2406s
 170346 83422 1.6966e+12  217    1 1.6976e+12 1.6949e+12  0.15%  10.1 2412s
 171287 84092 1.6967e+12  247    2 1.6976e+12 1.6949e+12  0.15%  10.0 2418s
 172243 84844 1.6949e+12   36    2 1.6976e+12 1.6949e+12  0.15%  10.0 2423s
 173203 85562 1.6951e+12   66    1 1.6976e+12 1.6949e+12  0.15%  10.0 2427s
 174163 86263 1.6954e+12   96    1 1.6976e+12 1.6949e+12  0.15%  10.0 2433s
 175123 87025 1.6955e+12  121    1 1.6976e+12 1.6949e+12  0.15%  10.0 2442s
 176083 87646 1.6956e+12  151    1 1.6976e+12 1.6949e+12  0.15%  10.0 2448s
 177033 88158 1.6958e+12  178    2 1.6976e+12 1.6949e+12  0.15%  10.0 2453s
 177956 88844 1.6959e+12  195    1 1.6976e+12 1.6949e+12  0.15%  10.0 2458s
 178884 89566 1.6971e+12  208    1 1.6976e+12 1.6949e+12  0.15%  10.0 2463s
 179844 90362 1.6973e+12  237    1 1.6976e+12 1.6949e+12  0.15%  10.0 2467s
