Set parameter TokenServer to value "license-1.hpc.nrel.gov"
Set parameter TimeLimit to value 3600
Set parameter MIPGap to value 0.001
Set parameter MIPGap to value 0.001
Set parameter TimeLimit to value 3600
Gurobi Optimizer version 9.5.1 build v9.5.1rc2 (linux64)
Thread count: 36 physical cores, 36 logical processors, using up to 32 threads
Optimize a model with 332260 rows, 1381848 columns and 2818080 nonzeros
Model fingerprint: 0x94d3700a
Variable types: 1365780 continuous, 16068 integer (16068 binary)
Coefficient statistics:
  Matrix range     [3e-06, 7e+04]
  Objective range  [2e-01, 2e+07]
  Bounds range     [7e+04, 1e+08]
  RHS range        [1e-03, 2e+05]
Presolve removed 313017 rows and 289533 columns
Presolve time: 3.74s
Presolved: 19243 rows, 1092315 columns, 2192046 nonzeros
Variable types: 1092006 continuous, 309 integer (309 binary)

Deterministic concurrent LP optimizer: primal and dual simplex
Showing first log only...


Root simplex log...

Iteration    Objective       Primal Inf.    Dual Inf.      Time
       0    3.6951613e+09   6.111798e+05   6.412038e+11      9s
   92572    2.6764144e+09   0.000000e+00   6.404966e+06     10s
  175865    2.4893916e+09   0.000000e+00   0.000000e+00     13s
Concurrent spin time: 0.00s

Solved with primal simplex

Root relaxation: objective 2.489392e+09, 175865 iterations, 7.19 seconds (6.36 work units)

    Nodes    |    Current Node    |     Objective Bounds      |     Work
 Expl Unexpl |  Obj  Depth IntInf | Incumbent    BestBd   Gap | It/Node Time

     0     0 2.4894e+09    0   13          - 2.4894e+09      -     -   13s
H    0     0                    2.628412e+09 2.4894e+09  5.29%     -   14s
     0     0 2.4937e+09    0   13 2.6284e+09 2.4937e+09  5.13%     -   22s
     0     0 2.4937e+09    0   13 2.6284e+09 2.4937e+09  5.13%     -   26s
     0     0 2.4937e+09    0   13 2.6284e+09 2.4937e+09  5.13%     -   26s
     0     0 2.4947e+09    0   14 2.6284e+09 2.4947e+09  5.09%     -   30s
H    0     0                    2.620814e+09 2.4947e+09  4.81%     -   32s
     0     0 2.4947e+09    0   12 2.6208e+09 2.4947e+09  4.81%     -   34s
     0     0 2.4947e+09    0   13 2.6208e+09 2.4947e+09  4.81%     -   35s
     0     0 2.4947e+09    0   13 2.6208e+09 2.4947e+09  4.81%     -   35s
     0     0 2.4954e+09    0    9 2.6208e+09 2.4954e+09  4.78%     -   38s
H    0     0                    2.592780e+09 2.4954e+09  3.75%     -   39s
H    0     0                    2.586019e+09 2.4954e+09  3.50%     -   39s
     0     0 2.4956e+09    0    9 2.5860e+09 2.4956e+09  3.50%     -   41s
     0     0 2.4956e+09    0   10 2.5860e+09 2.4956e+09  3.50%     -   42s
     0     0 2.4956e+09    0    9 2.5860e+09 2.4956e+09  3.50%     -   43s
     0     0 2.4956e+09    0    9 2.5860e+09 2.4956e+09  3.50%     -   43s
     0     0 2.4956e+09    0    9 2.5860e+09 2.4956e+09  3.50%     -   44s
     0     0 2.4960e+09    0   10 2.5860e+09 2.4960e+09  3.48%     -   46s
H    0     0                    2.556998e+09 2.4960e+09  2.39%     -   47s
     0     0 2.4960e+09    0    8 2.5570e+09 2.4960e+09  2.38%     -   49s
     0     0 2.4960e+09    0    9 2.5570e+09 2.4960e+09  2.38%     -   50s
     0     0 2.4960e+09    0    9 2.5570e+09 2.4960e+09  2.38%     -   51s
     0     0 2.4960e+09    0    8 2.5570e+09 2.4960e+09  2.38%     -   51s
     0     0 2.4962e+09    0    7 2.5570e+09 2.4962e+09  2.38%     -   54s
H    0     0                    2.530842e+09 2.4962e+09  1.37%     -   55s
     0     0 2.4962e+09    0    5 2.5308e+09 2.4962e+09  1.37%     -   56s
     0     0 2.4962e+09    0    5 2.5308e+09 2.4962e+09  1.37%     -   58s
H    0     0                    2.530745e+09 2.4962e+09  1.37%     -   59s
     0     0 2.4962e+09    0    4 2.5307e+09 2.4962e+09  1.37%     -   61s
     0     0 2.4962e+09    0    4 2.5307e+09 2.4962e+09  1.37%     -   62s
     0     0 2.4962e+09    0    5 2.5307e+09 2.4962e+09  1.37%     -   64s
     0     0 2.4962e+09    0    5 2.5307e+09 2.4962e+09  1.37%     -   66s
     0     0 2.4962e+09    0    4 2.5307e+09 2.4962e+09  1.37%     -   67s
H    0     0                    2.530695e+09 2.4962e+09  1.36%     -   68s
     0     0 2.4962e+09    0    4 2.5307e+09 2.4962e+09  1.36%     -   70s
     0     0 2.4962e+09    0    3 2.5307e+09 2.4962e+09  1.36%     -   71s
H    0     0                    2.520594e+09 2.4962e+09  0.97%     -   71s
     0     0 2.4962e+09    0    3 2.5206e+09 2.4962e+09  0.97%     -   73s
     0     0 2.4962e+09    0    3 2.5206e+09 2.4962e+09  0.97%     -   74s
     0     0 2.4962e+09    0    3 2.5206e+09 2.4962e+09  0.97%     -   77s
H    0     2                    2.514994e+09 2.4962e+09  0.75%     -   87s
     0     2 2.4962e+09    0    3 2.5150e+09 2.4962e+09  0.75%     -   87s
     1     4 2.4966e+09    1   10 2.5150e+09 2.4966e+09  0.73%   775   90s
     7    15 2.4991e+09    3    8 2.5150e+09 2.4975e+09  0.70%   932   96s
    15    29 2.4996e+09    4    9 2.5150e+09 2.4975e+09  0.69%  1077  103s
    30    58 2.5003e+09    5    8 2.5150e+09 2.4981e+09  0.67%  1188  114s
H   36    58                    2.507660e+09 2.4981e+09  0.38%  1075  114s
H   43    58                    2.507477e+09 2.4981e+09  0.37%  1149  114s
H   54    58                    2.506325e+09 2.4988e+09  0.30%  1323  114s
    59    77 2.5007e+09    6    9 2.5063e+09 2.4988e+09  0.30%  1393  119s
    92    94 2.5007e+09    7    9 2.5063e+09 2.4988e+09  0.30%  1208  122s
   124   108 2.5023e+09    8    9 2.5063e+09 2.4988e+09  0.30%  1013  126s
   188   133 2.5049e+09   10    7 2.5063e+09 2.4996e+09  0.27%   840  138s
   226   138 2.5052e+09   11    7 2.5063e+09 2.4996e+09  0.27%   757  142s
H  233   138                    2.504634e+09 2.4996e+09  0.20%   746  142s
*  249   138              11    2.504045e+09 2.4996e+09  0.18%   736  142s
   331    48 2.5022e+09   13    6 2.5040e+09 2.4996e+09  0.18%   587  145s
   428    37 2.5025e+09   15    4 2.5040e+09 2.4996e+09  0.18%   496  150s
   493    32 2.5027e+09   18    3 2.5040e+09 2.4996e+09  0.18%   478  156s

Cutting planes:
  Implied bound: 5259
  MIR: 40
  Flow cover: 105
  Flow path: 11
  Relax-and-lift: 1

Explored 573 nodes (438054 simplex iterations) in 159.00 seconds (116.81 work units)
Thread count was 32 (of 36 available processors)

Solution count 10: 2.50405e+09 2.50463e+09 2.50632e+09 ... 2.59278e+09

Optimal solution found (tolerance 1.00e-03)
Warning: max bound violation (5.3953e-06) exceeds tolerance
Best objective 2.504045186627e+09, best bound 2.503005345010e+09, gap 0.0415%

User-callback calls 22085, time in user-callback 0.02 sec
Set parameter TokenServer to value "license-1.hpc.nrel.gov"
Set parameter TimeLimit to value 3600
Set parameter MIPGap to value 0.001
Set parameter MIPGap to value 0.001
Set parameter TimeLimit to value 3600
Gurobi Optimizer version 9.5.1 build v9.5.1rc2 (linux64)
Thread count: 36 physical cores, 36 logical processors, using up to 32 threads
Optimize a model with 332260 rows, 1381848 columns and 2818080 nonzeros
Model fingerprint: 0x9d031ab9
Coefficient statistics:
  Matrix range     [3e-06, 7e+04]
  Objective range  [2e-01, 2e+07]
  Bounds range     [3e-07, 1e+08]
  RHS range        [1e-03, 2e+05]

Concurrent LP optimizer: primal simplex, dual simplex, and barrier
Showing barrier log only...

Presolve removed 328516 rows and 1346498 columns
Presolve time: 1.04s
Presolved: 3744 rows, 35350 columns, 70440 nonzeros

Ordering time: 0.00s

Barrier statistics:
 AA' NZ     : 3.509e+04
 Factor NZ  : 5.026e+04 (roughly 16 MB of memory)
 Factor Ops : 8.142e+05 (less than 1 second per iteration)
 Threads    : 1

                  Objective                Residual
Iter       Primal          Dual         Primal    Dual     Compl     Time
   0   2.61896430e+12 -7.62071351e+10  1.03e+08 1.24e+02  2.27e+08     1s
   1   6.62036587e+11 -2.80970967e+10  2.59e+07 3.41e-13  5.82e+07     1s
   2   1.35934195e+11 -3.79512950e+09  5.23e+06 7.96e-13  1.19e+07     1s
   3   7.56888689e+09  5.68173728e+07  1.86e+05 1.71e-12  4.87e+05     1s
   4   3.26077966e+09  1.73435279e+09  2.11e+04 2.84e-13  7.17e+04     1s
   5   2.77909959e+09  2.22080052e+09  5.11e+03 1.85e-13  2.16e+04     1s
   6   2.66112895e+09  2.39675180e+09  2.40e+03 2.27e-13  9.67e+03     1s
   7   2.58171703e+09  2.45382216e+09  9.85e+02 3.41e-13  4.35e+03     1s
   8   2.52527943e+09  2.48192065e+09  1.39e+02 2.84e-13  1.30e+03     1s
   9   2.51337085e+09  2.49504371e+09  4.50e+01 3.98e-13  5.31e+02     1s
  10   2.50624526e+09  2.49993900e+09  4.66e+00 2.84e-13  1.77e+02     1s
  11   2.50513753e+09  2.50272191e+09  1.72e+00 6.25e-13  6.79e+01     1s
  12   2.50437860e+09  2.50366942e+09  3.63e-01 5.12e-13  1.99e+01     1s
  13   2.50417174e+09  2.50392704e+09  1.19e-01 3.98e-13  6.87e+00     1s
  14   2.50408178e+09  2.50402749e+09  2.88e-02 4.90e-13  1.53e+00     1s
  15   2.50404955e+09  2.50404023e+09  2.86e-03 4.41e-13  2.60e-01     1s
  16   2.50404530e+09  2.50404462e+09  7.81e-09 3.27e-13  1.89e-02     1s
  17   2.50404524e+09  2.50404482e+09  1.01e-08 2.27e-13  1.16e-02     1s
  18   2.50404521e+09  2.50404505e+09  1.14e-08 1.28e-13  4.44e-03     1s
  19   2.50404518e+09  2.50404515e+09  8.22e-09 9.95e-14  8.89e-04     1s
  20   2.50404518e+09  2.50404518e+09  5.66e-09 1.14e-13  2.33e-05     1s
  21   2.50404518e+09  2.50404518e+09  7.71e-10 1.28e-13  1.69e-09     1s

Barrier solved model in 21 iterations and 1.16 seconds (0.81 work units)
Optimal objective 2.50404518e+09

Crossover log...

      11 DPushes remaining with DInf 0.0000000e+00                 1s
       0 DPushes remaining with DInf 0.0000000e+00                 1s

     234 PPushes remaining with PInf 0.0000000e+00                 1s
       0 PPushes remaining with PInf 0.0000000e+00                 1s

  Push phase complete: Pinf 0.0000000e+00, Dinf 1.3812951e-11      1s

Iteration    Objective       Primal Inf.    Dual Inf.      Time
     248    2.5040452e+09   0.000000e+00   0.000000e+00      2s

Solved with primal simplex
Solved in 6820 iterations and 1.69 seconds (0.90 work units)
Optimal objective  2.504045182e+09

User-callback calls 429, time in user-callback 0.00 sec
[ Info:  started timer at: 2023-03-24T13:05:16.894
[ Info: Reading /projects/pvsoiling/RELOG/Recycling_cap_NAICS_10/input/solver/case.json...
[ Info:          134 collection centers
[ Info:          309 candidate plant locations
[ Info: Building graph...
[ Info:               26 time periods
[ Info:              309 process nodes
[ Info:             4944 shipping nodes (plant)
[ Info:              134 shipping nodes (collection)
[ Info:            46350 arcs
[ Info: Building optimization model...
[ Info: Optimizing MILP...
[ Info: Re-optimizing with integer variables fixed...
[ Info: Extracting solution...
[ Info:        207.184978393s: 3 minutes, 27 seconds, 184 milliseconds
