Set parameter TokenServer to value "license-1.hpc.nrel.gov"
Set parameter TimeLimit to value 3600
Set parameter MIPGap to value 0.001
Set parameter MIPGap to value 0.001
Set parameter TimeLimit to value 3600
Gurobi Optimizer version 9.5.1 build v9.5.1rc2 (linux64)
Thread count: 36 physical cores, 36 logical processors, using up to 32 threads
Optimize a model with 337848 rows, 1385332 columns and 2838644 nonzeros
Model fingerprint: 0x8171a823
Variable types: 1369264 continuous, 16068 integer (16068 binary)
Coefficient statistics:
  Matrix range     [3e-06, 1e+06]
  Objective range  [2e-01, 2e+07]
  Bounds range     [7e+04, 1e+08]
  RHS range        [1e-03, 2e+05]
Presolve removed 310262 rows and 289309 columns
Presolve time: 4.84s
Presolved: 27586 rows, 1096023 columns, 2224491 nonzeros
Variable types: 1092006 continuous, 4017 integer (4017 binary)

Deterministic concurrent LP optimizer: primal simplex, dual simplex, and barrier
Showing barrier log only...

Root barrier log...

Ordering time: 0.59s
Ordering time: 2.05s

Barrier statistics:
 Dense cols : 224
 AA' NZ     : 1.195e+06
 Factor NZ  : 1.410e+07 (roughly 600 MB of memory)
 Factor Ops : 2.591e+10 (less than 1 second per iteration)
 Threads    : 29

                  Objective                Residual
Iter       Primal          Dual         Primal    Dual     Compl     Time
   0   2.36754444e+13 -3.77260113e+13  7.39e+06 1.81e+04  5.96e+08    15s
   1   9.07036881e+12 -1.03184073e+13  2.80e+06 4.09e-04  2.21e+08    15s
   2   1.53311148e+12 -2.73003878e+12  4.71e+05 3.55e+02  3.76e+07    15s
   3   1.78721890e+11 -5.22038418e+11  5.26e+04 4.88e+01  4.32e+06    15s
   4   2.31262290e+10 -8.71092329e+10  4.47e+03 3.99e+00  3.81e+05    16s
   5   9.12348995e+09 -6.26961089e+10  1.59e+02 2.44e+00  4.41e+04    16s
   6   8.51216162e+09 -3.12036092e+10  4.91e+01 1.31e+00  2.11e+04    16s
   7   7.74462808e+09 -2.06319992e+10  1.80e+01 9.19e-01  1.39e+04    16s
   8   5.73060093e+09 -6.72715985e+09  2.23e+00 3.75e-01  5.75e+03    16s
   9   4.42285243e+09 -1.82042626e+08  1.02e+00 1.16e-01  2.12e+03    17s
  10   3.90454531e+09  1.00720832e+09  5.41e-01 7.14e-02  1.33e+03    17s
  11   3.60929796e+09  1.53928101e+09  3.41e-01 5.02e-02  9.45e+02    17s
  12   3.37777696e+09  1.82603967e+09  2.16e-01 3.40e-02  7.07e+02    18s
  13   3.26824541e+09  2.00069777e+09  1.73e-01 2.65e-02  5.77e+02    18s
  14   3.07118557e+09  2.07962077e+09  1.14e-01 2.27e-02  4.51e+02    18s
  15   2.89611232e+09  2.18778997e+09  1.04e-01 1.62e-02  3.22e+02    18s
  16   2.72062497e+09  2.28104778e+09  1.04e-01 1.08e-02  1.99e+02    19s
  17   2.63896348e+09  2.33293351e+09  3.71e-02 8.36e-03  1.39e+02    20s
  18   2.58507088e+09  2.38392090e+09  5.46e-02 5.71e-03  9.12e+01    20s
  19   2.56170789e+09  2.39835551e+09  4.02e-02 4.83e-03  7.41e+01    20s
  20   2.53733766e+09  2.42352256e+09  2.69e-02 3.43e-03  5.16e+01    21s
  21   2.51994516e+09  2.43909082e+09  1.78e-02 2.49e-03  3.66e+01    21s
  22   2.50948495e+09  2.44543096e+09  1.28e-02 2.04e-03  2.90e+01    21s
  23   2.50715654e+09  2.44935989e+09  1.19e-02 1.79e-03  2.62e+01    22s
  24   2.49413846e+09  2.45636136e+09  6.18e-03 1.30e-03  1.71e+01    22s
  25   2.48849372e+09  2.46147363e+09  4.01e-03 9.55e-04  1.22e+01    23s
  26   2.48452116e+09  2.46353335e+09  2.69e-03 8.21e-04  9.51e+00    23s
  27   2.48063630e+09  2.46655421e+09  1.42e-03 6.05e-04  6.38e+00    24s
  28   2.47965591e+09  2.46850130e+09  1.08e-03 4.63e-04  5.05e+00    24s
  29   2.47772362e+09  2.47027676e+09  5.93e-04 3.39e-04  3.37e+00    25s
  30   2.47607254e+09  2.47197580e+09  2.26e-04 2.12e-04  1.86e+00    26s
  31   2.47543075e+09  2.47318622e+09  1.08e-04 1.21e-04  1.02e+00    26s
  32   2.47512514e+09  2.47376819e+09  6.00e-05 7.42e-05  6.15e-01    27s
  33   2.47487286e+09  2.47408431e+09  2.47e-05 4.85e-05  3.57e-01    27s
  34   2.47482111e+09  2.47426245e+09  1.83e-05 3.35e-05  2.53e-01    28s
  35   2.47476117e+09  2.47438693e+09  1.12e-05 2.29e-05  1.70e-01    28s
  36   2.47473381e+09  2.47446445e+09  8.21e-06 1.62e-05  1.22e-01    28s
  37   2.47471496e+09  2.47448292e+09  6.23e-06 1.46e-05  1.05e-01    28s
  38   2.47469680e+09  2.47453936e+09  4.28e-06 9.81e-06  7.13e-02    29s
  39   2.47466982e+09  2.47458117e+09  1.76e-06 6.14e-06  4.02e-02    29s
  40   2.47465786e+09  2.47462646e+09  5.87e-07 2.12e-06  1.42e-02    30s
  41   2.47465346e+09  2.47464000e+09  2.21e-07 9.32e-07  6.10e-03    30s
  42   2.47465168e+09  2.47464383e+09  8.72e-08 5.87e-07  3.55e-03    30s
  43   2.47465127e+09  2.47464602e+09  5.74e-08 3.89e-07  2.38e-03    31s
  44   2.47465080e+09  2.47464807e+09  2.76e-08 2.04e-07  1.23e-03    31s
  45   2.47465055e+09  2.47464913e+09  1.04e-08 1.08e-07  6.45e-04    31s
  46   2.47465047e+09  2.47464975e+09  8.59e-09 5.21e-08  3.24e-04    31s
  47   2.47465037e+09  2.47465007e+09  9.66e-09 2.39e-08  1.37e-04    32s
  48   2.47465034e+09  2.47465021e+09  5.61e-09 1.13e-08  6.21e-05    32s
  49   2.47465034e+09  2.47465031e+09  2.74e-09 2.20e-09  1.31e-05    32s
  50   2.47465034e+09  2.47465032e+09  2.37e-09 1.28e-09  7.35e-06    32s

Barrier solved model in 50 iterations and 32.37 seconds (26.54 work units)
Optimal objective 2.47465034e+09


Root crossover log...

   23352 DPushes remaining with DInf 0.0000000e+00                32s
       0 DPushes remaining with DInf 0.0000000e+00                33s

    3441 PPushes remaining with PInf 7.4436811e-04                33s
       0 PPushes remaining with PInf 0.0000000e+00                33s

  Push phase complete: Pinf 0.0000000e+00, Dinf 2.9114960e+03     33s


Root simplex log...

Iteration    Objective       Primal Inf.    Dual Inf.      Time
   16737    2.4746503e+09   0.000000e+00   2.911496e+03     33s
   16751    2.4746503e+09   0.000000e+00   0.000000e+00     33s
   16751    2.4746503e+09   0.000000e+00   0.000000e+00     33s
Concurrent spin time: 0.01s

Solved with barrier

Root relaxation: objective 2.474650e+09, 16751 iterations, 26.43 seconds (19.16 work units)

    Nodes    |    Current Node    |     Objective Bounds      |     Work
 Expl Unexpl |  Obj  Depth IntInf | Incumbent    BestBd   Gap | It/Node Time

     0     0 2.4747e+09    0   95          - 2.4747e+09      -     -   34s
H    0     0                    2.628412e+09 2.4747e+09  5.85%     -   35s
     0     0 2.4792e+09    0  101 2.6284e+09 2.4792e+09  5.68%     -   46s
H    0     0                    2.525912e+09 2.4792e+09  1.85%     -   50s
     0     0 2.4794e+09    0   99 2.5259e+09 2.4794e+09  1.84%     -   53s
     0     0 2.4794e+09    0   99 2.5259e+09 2.4794e+09  1.84%     -   55s
     0     0 2.4794e+09    0   99 2.5259e+09 2.4794e+09  1.84%     -   56s
     0     0 2.4812e+09    0  111 2.5259e+09 2.4812e+09  1.77%     -   72s
H    0     0                    2.514625e+09 2.4812e+09  1.33%     -   78s
     0     0 2.4814e+09    0  110 2.5146e+09 2.4814e+09  1.32%     -   82s
     0     0 2.4815e+09    0  109 2.5146e+09 2.4815e+09  1.32%     -   85s
     0     0 2.4815e+09    0  109 2.5146e+09 2.4815e+09  1.32%     -   87s
     0     0 2.4815e+09    0  109 2.5146e+09 2.4815e+09  1.32%     -   89s
     0     0 2.4815e+09    0  109 2.5146e+09 2.4815e+09  1.32%     -   91s
     0     0 2.4815e+09    0  109 2.5146e+09 2.4815e+09  1.32%     -   92s
     0     0 2.4828e+09    0  102 2.5146e+09 2.4828e+09  1.27%     -  110s
H    0     0                    2.511684e+09 2.4828e+09  1.15%     -  116s
     0     0 2.4829e+09    0  100 2.5117e+09 2.4829e+09  1.14%     -  120s
     0     0 2.4830e+09    0   96 2.5117e+09 2.4830e+09  1.14%     -  123s
     0     0 2.4830e+09    0   95 2.5117e+09 2.4830e+09  1.14%     -  125s
     0     0 2.4830e+09    0  100 2.5117e+09 2.4830e+09  1.14%     -  127s
     0     0 2.4830e+09    0   99 2.5117e+09 2.4830e+09  1.14%     -  128s
     0     0 2.4838e+09    0  116 2.5117e+09 2.4838e+09  1.11%     -  159s
     0     0 2.4840e+09    0  118 2.5117e+09 2.4840e+09  1.10%     -  176s
     0     0 2.4841e+09    0  116 2.5117e+09 2.4841e+09  1.10%     -  185s
     0     0 2.4842e+09    0  115 2.5117e+09 2.4842e+09  1.10%     -  193s
     0     0 2.4842e+09    0  113 2.5117e+09 2.4842e+09  1.10%     -  198s
     0     0 2.4842e+09    0  112 2.5117e+09 2.4842e+09  1.10%     -  201s
     0     0 2.4842e+09    0  109 2.5117e+09 2.4842e+09  1.09%     -  205s
     0     0 2.4842e+09    0  109 2.5117e+09 2.4842e+09  1.09%     -  208s
     0     0 2.4847e+09    0  110 2.5117e+09 2.4847e+09  1.07%     -  272s
     0     0 2.4848e+09    0  118 2.5117e+09 2.4848e+09  1.07%     -  298s
     0     0 2.4848e+09    0  117 2.5117e+09 2.4848e+09  1.07%     -  311s
     0     0 2.4848e+09    0  118 2.5117e+09 2.4848e+09  1.07%     -  319s
     0     0 2.4848e+09    0  118 2.5117e+09 2.4848e+09  1.07%     -  326s
     0     0 2.4848e+09    0  116 2.5117e+09 2.4848e+09  1.07%     -  332s
     0     0 2.4848e+09    0  118 2.5117e+09 2.4848e+09  1.07%     -  337s
     0     0 2.4851e+09    0  135 2.5117e+09 2.4851e+09  1.06%     -  397s
     0     0 2.4851e+09    0  129 2.5117e+09 2.4851e+09  1.06%     -  427s
     0     0 2.4851e+09    0  132 2.5117e+09 2.4851e+09  1.06%     -  441s
     0     0 2.4851e+09    0  132 2.5117e+09 2.4851e+09  1.06%     -  450s
     0     0 2.4851e+09    0  123 2.5117e+09 2.4851e+09  1.06%     -  456s
     0     0 2.4853e+09    0  142 2.5117e+09 2.4853e+09  1.05%     -  522s
     0     0 2.4854e+09    0  137 2.5117e+09 2.4854e+09  1.05%     -  554s
     0     0 2.4854e+09    0  147 2.5117e+09 2.4854e+09  1.05%     -  568s
     0     0 2.4854e+09    0  152 2.5117e+09 2.4854e+09  1.05%     -  577s
     0     0 2.4854e+09    0  152 2.5117e+09 2.4854e+09  1.05%     -  585s
     0     0 2.4854e+09    0  163 2.5117e+09 2.4854e+09  1.04%     -  675s
     0     0 2.4855e+09    0  156 2.5117e+09 2.4855e+09  1.04%     -  717s
     0     0 2.4855e+09    0  161 2.5117e+09 2.4855e+09  1.04%     -  732s
     0     0 2.4855e+09    0  166 2.5117e+09 2.4855e+09  1.04%     -  745s
     0     0 2.4855e+09    0  156 2.5117e+09 2.4855e+09  1.04%     -  799s
     0     0 2.4855e+09    0  171 2.5117e+09 2.4855e+09  1.04%     -  838s
     0     0 2.4855e+09    0  162 2.5117e+09 2.4855e+09  1.04%     -  866s
     0     0 2.4855e+09    0  165 2.5117e+09 2.4855e+09  1.04%     -  881s
     0     0 2.4856e+09    0  190 2.5117e+09 2.4856e+09  1.04%     -  972s
     0     0 2.4856e+09    0  168 2.5117e+09 2.4856e+09  1.04%     - 1019s
     0     0 2.4856e+09    0  199 2.5117e+09 2.4856e+09  1.04%     - 1050s
     0     0 2.4856e+09    0  190 2.5117e+09 2.4856e+09  1.04%     - 1071s
     0     0 2.4856e+09    0  214 2.5117e+09 2.4856e+09  1.04%     - 1167s
     0     0 2.4856e+09    0  189 2.5117e+09 2.4856e+09  1.04%     - 1208s
     0     0 2.4856e+09    0  206 2.5117e+09 2.4856e+09  1.04%     - 1223s
     0     0 2.4856e+09    0  196 2.5117e+09 2.4856e+09  1.04%     - 1235s
     0     0 2.4856e+09    0   41 2.5117e+09 2.4856e+09  1.04%     - 1346s
H    0     0                    2.505803e+09 2.4856e+09  0.80%     - 1347s
     0     0 2.4856e+09    0    6 2.5058e+09 2.4856e+09  0.80%     - 1376s
     0     0 2.4856e+09    0    6 2.5058e+09 2.4856e+09  0.80%     - 1390s
H    0     0                    2.501501e+09 2.4856e+09  0.63%     - 1393s
     0     0 2.4856e+09    0    6 2.5015e+09 2.4856e+09  0.63%     - 1396s
     0     0 2.4856e+09    0    6 2.5015e+09 2.4856e+09  0.63%     - 1409s
     0     0 2.4856e+09    0    6 2.5015e+09 2.4856e+09  0.63%     - 1415s
H    0     0                    2.501119e+09 2.4856e+09  0.62%     - 1454s
     0     2 2.4856e+09    0    6 2.5011e+09 2.4856e+09  0.62%     - 1470s
     1     4 2.4868e+09    1    6 2.5011e+09 2.4857e+09  0.62% 12084 1598s
     3     8 2.4873e+09    2   59 2.5011e+09 2.4862e+09  0.60% 11574 1718s
     7    16 2.4888e+09    3   57 2.5011e+09 2.4864e+09  0.59% 10580 1822s
    15    30 2.4889e+09    4   14 2.5011e+09 2.4870e+09  0.57% 12902 2393s
    31    56 2.4889e+09    5   14 2.5011e+09 2.4871e+09  0.56% 33378 2608s
H   50    56                    2.493862e+09 2.4872e+09  0.27% 22811 2609s
H   51    56                    2.492185e+09 2.4872e+09  0.20% 22453 2609s
    61    41 2.4890e+09    6   15 2.4922e+09 2.4872e+09  0.20% 20613 2734s
   102    45 2.4890e+09    7   34 2.4922e+09 2.4872e+09  0.20% 13283 2854s
   134    56 2.4915e+09    8   20 2.4922e+09 2.4874e+09  0.19% 10845 2914s
   166    55 2.4919e+09    9   14 2.4922e+09 2.4874e+09  0.19%  9154 3508s
   204    63 2.4919e+09   10   14 2.4922e+09 2.4874e+09  0.19%  8003 3596s
   255    47     cutoff   11      2.4922e+09 2.4882e+09  0.16%  6693 3600s

Cutting planes:
  Implied bound: 12315
  MIR: 112
  Flow cover: 1906
  Flow path: 678
  RLT: 87
  Relax-and-lift: 764

Explored 275 nodes (1917930 simplex iterations) in 3600.19 seconds (4881.73 work units)
Thread count was 32 (of 36 available processors)

Solution count 8: 2.49219e+09 2.49386e+09 2.50112e+09 ... 2.62841e+09

Time limit reached
Best objective 2.492185029352e+09, best bound 2.488164661015e+09, gap 0.1613%

User-callback calls 1359199, time in user-callback 0.19 sec
Set parameter TokenServer to value "license-1.hpc.nrel.gov"
Set parameter TimeLimit to value 3600
Set parameter MIPGap to value 0.001
Set parameter MIPGap to value 0.001
Set parameter TimeLimit to value 3600
Gurobi Optimizer version 9.5.1 build v9.5.1rc2 (linux64)
Thread count: 36 physical cores, 36 logical processors, using up to 32 threads
Optimize a model with 337848 rows, 1385332 columns and 2838644 nonzeros
Model fingerprint: 0xe3693595
Coefficient statistics:
  Matrix range     [3e-06, 1e+06]
  Objective range  [2e-01, 2e+07]
  Bounds range     [6e-16, 1e+08]
  RHS range        [1e-03, 2e+05]

Concurrent LP optimizer: primal simplex, dual simplex, and barrier
Showing barrier log only...

Presolve removed 334590 rows and 1361140 columns
Presolve time: 1.17s
Presolved: 3258 rows, 24192 columns, 48208 nonzeros

Ordering time: 0.00s

Barrier statistics:
 AA' NZ     : 2.362e+04
 Factor NZ  : 3.684e+04 (roughly 11 MB of memory)
 Factor Ops : 5.665e+05 (less than 1 second per iteration)
 Threads    : 1

                  Objective                Residual
Iter       Primal          Dual         Primal    Dual     Compl     Time
   0   1.10245409e+12 -5.91496926e+10  1.89e+08 1.52e+02  1.71e+08     1s
   1   3.19714135e+11 -1.37970637e+10  5.50e+07 3.98e-13  5.00e+07     1s
   2   3.11018906e+10 -3.39516632e+09  4.89e+06 1.05e-11  4.67e+06     1s
   3   5.25188176e+09  4.11519598e+08  4.26e+05 9.09e-13  4.67e+05     1s
   4   3.06075719e+09  1.80058976e+09  6.18e+04 2.13e-13  8.60e+04     1s
   5   2.76388473e+09  2.17289374e+09  2.06e+04 2.13e-13  3.34e+04     1s
   6   2.60851655e+09  2.39257945e+09  5.34e+03 2.84e-13  1.04e+04     1s
   7   2.54865105e+09  2.44565958e+09  1.73e+03 2.56e-13  4.53e+03     1s
   8   2.51600989e+09  2.47181529e+09  5.12e+02 1.25e-12  1.85e+03     1s
   9   2.49899668e+09  2.48684084e+09  7.91e+01 1.71e-12  4.92e+02     1s
  10   2.49409375e+09  2.49054433e+09  1.38e+01 3.27e-13  1.43e+02     1s
  11   2.49275523e+09  2.49178373e+09  3.21e+00 7.96e-13  3.90e+01     1s
  12   2.49231046e+09  2.49207306e+09  5.44e-01 9.95e-14  9.52e+00     1s
  13   2.49220269e+09  2.49217347e+09  5.72e-02 1.25e-12  1.17e+00     1s
  14   2.49218788e+09  2.49218218e+09  8.41e-03 5.68e-14  2.29e-01     1s
  15   2.49218509e+09  2.49218484e+09  9.56e-05 1.82e-12  1.01e-02     1s
  16   2.49218503e+09  2.49218503e+09  2.96e-07 1.36e-12  1.49e-04     1s
  17   2.49218503e+09  2.49218503e+09  2.98e-09 9.09e-13  1.50e-07     1s
  18   2.49218503e+09  2.49218503e+09  4.66e-10 6.11e-13  3.78e-09     1s

Barrier solved model in 18 iterations and 1.26 seconds (0.81 work units)
Optimal objective 2.49218503e+09

Crossover log...

      12 DPushes remaining with DInf 0.0000000e+00                 1s
       0 DPushes remaining with DInf 0.0000000e+00                 1s

     149 PPushes remaining with PInf 0.0000000e+00                 1s
       0 PPushes remaining with PInf 0.0000000e+00                 1s

  Push phase complete: Pinf 0.0000000e+00, Dinf 9.0949470e-12      1s

Iteration    Objective       Primal Inf.    Dual Inf.      Time
     164    2.4921850e+09   0.000000e+00   0.000000e+00      2s

Solved with primal simplex
Solved in 5284 iterations and 1.74 seconds (0.91 work units)
Optimal objective  2.492185029e+09

User-callback calls 314, time in user-callback 0.00 sec
[ Info:  started timer at: 2023-03-25T11:35:43.041
[ Info: Reading /projects/pvsoiling/RELOG/Recycling_cap_NAICS_10/input/solver/case.json...
[ Info:          134 collection centers
[ Info:          309 candidate plant locations
[ Info: Building graph...
[ Info:           26 time periods
[ Info:          309 process nodes
[ Info:         4944 shipping nodes (plant)
[ Info:          134 shipping nodes (collection)
[ Info:        46350 arcs
[ Info: Building optimization model...
[ Info: Optimizing MILP...
[ Info: Re-optimizing with integer variables fixed...
[ Info: Extracting solution...
[ Info:       3652.505696634s: 1 hour, 52 seconds, 505 milliseconds
