Set parameter TokenServer to value "license-1.hpc.nrel.gov"
Set parameter TimeLimit to value 3600
Set parameter MIPGap to value 0.001
Set parameter MIPGap to value 0.001
Set parameter TimeLimit to value 3600
Gurobi Optimizer version 9.5.1 build v9.5.1rc2 (linux64)
Thread count: 36 physical cores, 36 logical processors, using up to 32 threads
Optimize a model with 332260 rows, 1381848 columns and 2818080 nonzeros
Model fingerprint: 0x4406a27b
Variable types: 1365780 continuous, 16068 integer (16068 binary)
Coefficient statistics:
  Matrix range     [3e-06, 7e+03]
  Objective range  [2e-01, 1e+07]
  Bounds range     [7e+03, 1e+08]
  RHS range        [1e-03, 2e+05]
Presolve removed 313017 rows and 289533 columns
Presolve time: 3.74s
Presolved: 19243 rows, 1092315 columns, 2192046 nonzeros
Variable types: 1092006 continuous, 309 integer (309 binary)

Deterministic concurrent LP optimizer: primal and dual simplex
Showing first log only...


Root simplex log...

Iteration    Objective       Primal Inf.    Dual Inf.      Time
       0    2.2409458e+09   8.456597e+05   8.074110e+11      8s
  103799    2.0850022e+09   0.000000e+00   8.834624e+08     10s
  209654    1.9995095e+09   0.000000e+00   1.878452e+06     15s
Concurrent spin time: 0.07s

Solved with dual simplex

Root relaxation: objective 1.998971e+09, 49289 iterations, 11.80 seconds (10.93 work units)

    Nodes    |    Current Node    |     Objective Bounds      |     Work
 Expl Unexpl |  Obj  Depth IntInf | Incumbent    BestBd   Gap | It/Node Time

     0     0 1.9990e+09    0   33          - 1.9990e+09      -     -   18s
H    0     0                    2.153235e+09 1.9990e+09  7.16%     -   20s
     0     0 1.9994e+09    0   38 2.1532e+09 1.9994e+09  7.14%     -   29s
     0     0 1.9994e+09    0   37 2.1532e+09 1.9994e+09  7.14%     -   33s
     0     0 1.9994e+09    0   36 2.1532e+09 1.9994e+09  7.14%     -   34s
     0     0 1.9994e+09    0   36 2.1532e+09 1.9994e+09  7.14%     -   35s
     0     0 1.9996e+09    0   34 2.1532e+09 1.9996e+09  7.13%     -   42s
H    0     0                    2.131806e+09 1.9996e+09  6.20%     -   48s
     0     0 1.9996e+09    0   35 2.1318e+09 1.9996e+09  6.20%     -   50s
     0     0 1.9996e+09    0   33 2.1318e+09 1.9996e+09  6.20%     -   50s
     0     0 1.9997e+09    0   35 2.1318e+09 1.9997e+09  6.20%     -   56s
H    0     0                    2.081958e+09 1.9997e+09  3.95%     -   64s
     0     0 1.9997e+09    0   34 2.0820e+09 1.9997e+09  3.95%     -   67s
     0     0 1.9997e+09    0   33 2.0820e+09 1.9997e+09  3.95%     -   68s
     0     0 1.9997e+09    0   30 2.0820e+09 1.9997e+09  3.95%     -   78s
H    0     0                    2.078347e+09 1.9997e+09  3.78%     -   79s
     0     0 1.9997e+09    0   31 2.0783e+09 1.9997e+09  3.78%     -   82s
     0     0 1.9997e+09    0   31 2.0783e+09 1.9997e+09  3.78%     -   84s
     0     0 1.9997e+09    0   31 2.0783e+09 1.9997e+09  3.78%     -   85s
     0     0 1.9997e+09    0   23 2.0783e+09 1.9997e+09  3.78%     -   90s
H    0     0                    2.061122e+09 1.9997e+09  2.98%     -   90s
H    0     0                    2.005129e+09 1.9997e+09  0.27%     -   92s
     0     0 1.9997e+09    0   23 2.0051e+09 1.9997e+09  0.27%     -   93s
     0     0 1.9997e+09    0   26 2.0051e+09 1.9997e+09  0.27%     -   97s
     0     0 1.9997e+09    0   24 2.0051e+09 1.9997e+09  0.27%     -   99s
     0     0 1.9997e+09    0   15 2.0051e+09 1.9997e+09  0.27%     -  102s
     0     0 1.9997e+09    0   14 2.0051e+09 1.9997e+09  0.27%     -  104s
     0     0 1.9997e+09    0   13 2.0051e+09 1.9997e+09  0.27%     -  106s
     0     0 1.9997e+09    0   11 2.0051e+09 1.9997e+09  0.27%     -  108s
     0     0 1.9997e+09    0   13 2.0051e+09 1.9997e+09  0.27%     -  109s
     0     0 1.9997e+09    0   13 2.0051e+09 1.9997e+09  0.27%     -  115s
H    0     0                    2.005115e+09 1.9997e+09  0.27%     -  117s
     0     2 1.9997e+09    0   13 2.0051e+09 1.9997e+09  0.27%     -  121s
     1     4 1.9998e+09    1   12 2.0051e+09 1.9997e+09  0.27%   410  126s
     3     8 1.9998e+09    2   18 2.0051e+09 1.9997e+09  0.27%   693  131s
     7    16 1.9999e+09    3   21 2.0051e+09 1.9997e+09  0.27%   930  147s
    15    32 2.0000e+09    4   21 2.0051e+09 1.9998e+09  0.27%   999  170s
    31    64 2.0000e+09    5   16 2.0051e+09 1.9998e+09  0.27%  1387  192s
    63    96 2.0000e+09    6   11 2.0051e+09 1.9998e+09  0.27%  1252  206s
    95   128 2.0000e+09    7   11 2.0051e+09 1.9998e+09  0.27%  1078  519s
H   99   128                    2.005060e+09 1.9998e+09  0.26%  1043  519s
H  100   128                    2.005035e+09 1.9998e+09  0.26%  1036  519s
H  101   128                    2.004934e+09 1.9998e+09  0.26%  1027  519s
H  102   128                    2.004893e+09 1.9998e+09  0.25%  1019  519s
H  103   128                    2.004882e+09 1.9998e+09  0.25%  1013  519s
H  116   128                    2.004846e+09 1.9998e+09  0.25%   974  519s
H  121   128                    2.004816e+09 1.9998e+09  0.25%   960  519s
   127   160 2.0000e+09    7    8 2.0048e+09 1.9998e+09  0.25%   957  532s
   159   192 2.0000e+09    8    9 2.0048e+09 1.9998e+09  0.25%   873  554s
   191   231 2.0000e+09    9   14 2.0048e+09 1.9998e+09  0.25%   832  580s
   230   282 2.0000e+09   10   23 2.0048e+09 1.9998e+09  0.25%   822  593s
   281   414 2.0000e+09   10   10 2.0048e+09 1.9998e+09  0.25%   748  622s
   413   766 2.0000e+09   12   26 2.0048e+09 1.9998e+09  0.25%   613  666s
   765  1295 2.0000e+09   17   23 2.0048e+09 1.9998e+09  0.25%   472  773s
  1294  2051 2.0001e+09   38   16 2.0048e+09 1.9998e+09  0.25%   379  858s
  2050  2932 2.0001e+09   67   11 2.0048e+09 1.9998e+09  0.25%   337  924s
  2941  3754 2.0001e+09   96   11 2.0048e+09 1.9998e+09  0.25%   302  972s
  3821  4603 2.0002e+09  125    4 2.0048e+09 1.9998e+09  0.25%   274 1014s
  4709  5483 2.0003e+09  154    8 2.0048e+09 1.9998e+09  0.25%   246 1050s
  5627  6325 2.0004e+09  183   10 2.0048e+09 1.9998e+09  0.25%   221 1078s
  6546  6983 2.0005e+09  212    4 2.0048e+09 1.9998e+09  0.25%   202 1112s
  7420  7500 2.0040e+09  236    4 2.0048e+09 1.9998e+09  0.25%   194 1156s
  8113  7971 2.0047e+09  260    2 2.0048e+09 1.9998e+09  0.25%   197 1204s
  8675  8495 1.9999e+09   20    4 2.0048e+09 1.9998e+09  0.25%   203 1253s
  9228  8496 2.0022e+09  198   13 2.0048e+09 1.9998e+09  0.25%   211 1308s
  9230  8497 2.0018e+09   37   33 2.0048e+09 1.9998e+09  0.25%   211 1342s
  9231  8498 2.0012e+09  135   42 2.0048e+09 1.9998e+09  0.25%   211 1394s
  9232  8499 2.0000e+09    8   40 2.0048e+09 1.9998e+09  0.25%   211 1418s
  9233  8499 2.0009e+09   19   36 2.0048e+09 1.9998e+09  0.25%   211 1432s
  9234  8500 2.0043e+09   82   34 2.0048e+09 1.9998e+09  0.25%   211 1441s
  9235  8501 2.0039e+09  233   31 2.0048e+09 1.9998e+09  0.25%   211 1449s
  9236  8501 2.0001e+09  118   27 2.0048e+09 1.9998e+09  0.25%   211 1454s
  9237  8502 2.0003e+09  106   21 2.0048e+09 1.9998e+09  0.25%   211 1455s
  9239  8503 2.0000e+09   12   13 2.0048e+09 1.9998e+09  0.25%   211 1480s
  9240  8504 2.0004e+09  133   10 2.0048e+09 1.9998e+09  0.25%   211 1529s
  9241  8505 2.0001e+09   59   13 2.0048e+09 1.9998e+09  0.25%   211 1546s
  9242  8505 2.0004e+09   29   10 2.0048e+09 1.9998e+09  0.25%   211 1570s
  9243  8506 2.0005e+09  130   11 2.0048e+09 1.9998e+09  0.25%   211 1617s
  9244  8507 2.0040e+09  242   11 2.0048e+09 1.9998e+09  0.25%   211 1647s
  9245  8507 2.0014e+09  148    9 2.0048e+09 1.9998e+09  0.25%   211 1677s
  9246  8508 1.9999e+09   18    9 2.0048e+09 1.9998e+09  0.25%   211 1701s
  9247  8509 2.0002e+09   78   12 2.0048e+09 1.9998e+09  0.25%   211 1744s
  9248  8509 2.0016e+09   82    9 2.0048e+09 1.9998e+09  0.25%   211 1777s
  9249  8510 2.0018e+09  161   10 2.0048e+09 1.9998e+09  0.25%   211 1832s
  9250  8511 2.0006e+09   97   10 2.0048e+09 1.9998e+09  0.25%   211 1846s
  9251  8511 2.0001e+09   49   10 2.0048e+09 1.9998e+09  0.25%   211 1900s
  9252  8515 1.9998e+09   13   10 2.0048e+09 1.9998e+09  0.25%   218 1923s
  9254  8518 1.9998e+09   14   15 2.0048e+09 1.9998e+09  0.25%   218 1945s
  9258  8525 1.9999e+09   15   18 2.0048e+09 1.9998e+09  0.25%   219 1972s
  9266  8538 1.9999e+09   16   22 2.0048e+09 1.9998e+09  0.25%   219 2001s
  9282  8565 2.0000e+09   17   22 2.0048e+09 1.9998e+09  0.25%   221 2035s
  9314  8586 2.0000e+09   18   20 2.0048e+09 1.9998e+09  0.25%   224 2064s
  9346  8608 2.0006e+09   18    8 2.0048e+09 1.9998e+09  0.25%   226 2088s
  9378  8629 2.0000e+09   19   21 2.0048e+09 1.9998e+09  0.25%   228 2105s
  9410  8650 2.0001e+09   19    6 2.0048e+09 1.9998e+09  0.25%   230 2458s
  9442  8685 2.0000e+09   20   21 2.0048e+09 1.9998e+09  0.25%   232 2480s
  9487  8702 2.0001e+09   20   20 2.0048e+09 1.9998e+09  0.25%   234 2774s
  9519  8751 2.0000e+09   21   20 2.0048e+09 1.9998e+09  0.25%   236 2801s
  9579  8955 2.0000e+09   22   22 2.0048e+09 1.9998e+09  0.25%   238 2840s
  9803  9511 2.0000e+09   24    7 2.0048e+09 1.9998e+09  0.25%   241 2909s
 10434  9714 2.0001e+09   33    9 2.0048e+09 1.9998e+09  0.25%   242 3004s
 10847 10365 2.0001e+09   46   15 2.0048e+09 1.9998e+09  0.25%   243 3063s
 11640 10938 2.0001e+09   55   21 2.0048e+09 1.9998e+09  0.25%   245 3120s
 12493 11476 2.0001e+09   67   16 2.0048e+09 1.9998e+09  0.25%   247 3165s
 13376 11987 2.0001e+09   75   15 2.0048e+09 1.9998e+09  0.25%   246 3217s
 14253 12488 2.0001e+09   85   12 2.0048e+09 1.9998e+09  0.25%   243 3255s
 15133 12957 2.0001e+09   94    9 2.0048e+09 1.9998e+09  0.25%   240 3292s
 16001 13279 2.0002e+09  104    8 2.0048e+09 1.9998e+09  0.25%   237 3364s
 16851 13611 2.0011e+09  118    2 2.0048e+09 1.9998e+09  0.25%   238 3403s
 17653 13953 2.0002e+09  133    6 2.0048e+09 1.9998e+09  0.25%   239 3445s
 18441 14359 2.0016e+09  147    3 2.0048e+09 1.9998e+09  0.25%   240 3507s
 19212 14834 2.0003e+09  162    5 2.0048e+09 1.9998e+09  0.25%   241 3545s
 20032 15340 2.0022e+09  176    4 2.0048e+09 1.9998e+09  0.25%   240 3583s
 20873 15641 2.0004e+09  191    6 2.0048e+09 1.9998e+09  0.25%   240 3600s

Cutting planes:
  Gomory: 1
  Lift-and-project: 20
  Implied bound: 3049
  MIR: 278
  Flow cover: 255
  Flow path: 302
  Relax-and-lift: 10

Explored 21514 nodes (5197052 simplex iterations) in 3600.23 seconds (2646.46 work units)
Thread count was 32 (of 36 available processors)

Solution count 10: 2.00482e+09 2.00485e+09 2.00488e+09 ... 2.06112e+09

Time limit reached
Best objective 2.004816497958e+09, best bound 1.999792516240e+09, gap 0.2506%

User-callback calls 883458, time in user-callback 0.35 sec
Set parameter TokenServer to value "license-1.hpc.nrel.gov"
Set parameter TimeLimit to value 3600
Set parameter MIPGap to value 0.001
Set parameter MIPGap to value 0.001
Set parameter TimeLimit to value 3600
Gurobi Optimizer version 9.5.1 build v9.5.1rc2 (linux64)
Thread count: 36 physical cores, 36 logical processors, using up to 32 threads
Optimize a model with 332260 rows, 1381848 columns and 2818080 nonzeros
Model fingerprint: 0xb6976725
Coefficient statistics:
  Matrix range     [3e-06, 7e+03]
  Objective range  [2e-01, 1e+07]
  Bounds range     [1e+00, 1e+08]
  RHS range        [1e-03, 2e+05]

Concurrent LP optimizer: primal simplex, dual simplex, and barrier
Showing barrier log only...

Presolve removed 326670 rows and 1095513 columns
Presolve time: 1.46s
Presolved: 5590 rows, 286335 columns, 570564 nonzeros

Ordering time: 0.04s

Barrier statistics:
 AA' NZ     : 2.842e+05
 Factor NZ  : 5.821e+05 (roughly 120 MB of memory)
 Factor Ops : 6.366e+07 (less than 1 second per iteration)
 Threads    : 30

                  Objective                Residual
Iter       Primal          Dual         Primal    Dual     Compl     Time
   0   1.92710774e+13 -5.43152249e+11  9.34e+07 2.84e-14  2.47e+08     2s
   1   4.86124079e+12 -1.71392306e+11  2.36e+07 3.13e-13  6.33e+07     2s
   2   1.21599079e+12 -1.11183114e+10  5.89e+06 8.64e-12  1.59e+07     2s
   3   5.13791357e+09 -3.59899675e+09  1.28e+04 8.84e-12  5.56e+04     2s
   4   2.57513764e+09  6.19745889e+08  7.89e+02 1.42e-12  8.11e+03     2s
   5   2.33891341e+09  1.42167965e+09  1.33e+02 6.82e-13  3.35e+03     2s
   6   2.18500642e+09  1.73963466e+09  1.69e+01 3.41e-13  1.55e+03     2s
   7   2.13619183e+09  1.87207627e+09  8.63e+00 3.98e-13  9.21e+02     2s
   8   2.07146569e+09  1.94266918e+09  2.18e+00 5.12e-13  4.47e+02     2s
   9   2.05276204e+09  1.97175566e+09  1.34e+00 9.13e-13  2.81e+02     2s
  10   2.02485565e+09  1.98571604e+09  3.59e-01 1.08e-12  1.35e+02     2s
  11   2.01760492e+09  1.99482615e+09  2.09e-01 1.22e-12  7.87e+01     2s
  12   2.01235728e+09  1.99773059e+09  1.09e-01 1.67e-12  5.05e+01     2s
  13   2.00944054e+09  2.00072449e+09  6.18e-02 2.02e-12  3.01e+01     2s

Barrier performed 13 iterations in 2.08 seconds (1.48 work units)
Barrier solve interrupted - model solved by another algorithm


Solved with primal simplex
Solved in 31068 iterations and 2.08 seconds (1.38 work units)
Optimal objective  2.004816498e+09

User-callback calls 221, time in user-callback 0.00 sec
[ Info:  started timer at: 2023-03-22T17:24:15.206
[ Info: Reading /projects/pvsoiling/RELOG/Recycling_NAICS_0.5/input/solver/case.json...
[ Info:          134 collection centers
[ Info:          309 candidate plant locations
[ Info: Building graph...
[ Info:               26 time periods
[ Info:              309 process nodes
[ Info:             4944 shipping nodes (plant)
[ Info:              134 shipping nodes (collection)
[ Info:            46350 arcs
[ Info: Building optimization model...
[ Info: Optimizing MILP...
[ Info: Re-optimizing with integer variables fixed...
[ Info: Extracting solution...
[ Info:       3647.460171741s: 1 hour, 47 seconds, 460 milliseconds
