Set parameter TokenServer to value "license-1.hpc.nrel.gov"
Set parameter TimeLimit to value 3600
Set parameter MIPGap to value 0.001
Set parameter MIPGap to value 0.001
Set parameter TimeLimit to value 3600
Gurobi Optimizer version 9.5.1 build v9.5.1rc2 (linux64)
Thread count: 36 physical cores, 36 logical processors, using up to 32 threads
Optimize a model with 332260 rows, 1381848 columns and 2818080 nonzeros
Model fingerprint: 0x55d8f5cd
Variable types: 1365780 continuous, 16068 integer (16068 binary)
Coefficient statistics:
  Matrix range     [3e-06, 7e+03]
  Objective range  [2e-01, 1e+08]
  Bounds range     [7e+03, 1e+08]
  RHS range        [1e-03, 2e+05]
Presolve removed 313017 rows and 289533 columns
Presolve time: 4.26s
Presolved: 19243 rows, 1092315 columns, 2192046 nonzeros
Variable types: 1092006 continuous, 309 integer (309 binary)

Deterministic concurrent LP optimizer: primal and dual simplex
Showing first log only...


Root simplex log...

Iteration    Objective       Primal Inf.    Dual Inf.      Time
       0    1.5701663e+10   8.485352e+05   8.087538e+11      9s
   94640    1.8092068e+10   0.000000e+00   1.940018e+09     10s
  199199    1.7469652e+10   0.000000e+00   0.000000e+00     13s
Concurrent spin time: 0.05s

Solved with primal simplex

Root relaxation: objective 1.746965e+10, 199199 iterations, 7.09 seconds (5.33 work units)

    Nodes    |    Current Node    |     Objective Bounds      |     Work
 Expl Unexpl |  Obj  Depth IntInf | Incumbent    BestBd   Gap | It/Node Time

     0     0 1.7470e+10    0    3          - 1.7470e+10      -     -   13s
H    0     0                    1.761058e+10 1.7470e+10  0.80%     -   14s
     0     0 1.7470e+10    0    1 1.7611e+10 1.7470e+10  0.80%     -   20s
H    0     0                    1.753430e+10 1.7470e+10  0.37%     -   22s
H    0     0                    1.753429e+10 1.7470e+10  0.37%     -   22s
     0     0 1.7470e+10    0    1 1.7534e+10 1.7470e+10  0.37%     -   25s
     0     0 1.7470e+10    0    1 1.7534e+10 1.7470e+10  0.37%     -   30s
     0     2 1.7470e+10    0    1 1.7534e+10 1.7470e+10  0.37%     -   37s
     1     4 1.7470e+10    1    1 1.7534e+10 1.7470e+10  0.37%  35.0   41s
     3     8 1.7470e+10    2    1 1.7534e+10 1.7470e+10  0.37%   259   46s
     7    16 1.7470e+10    3    1 1.7534e+10 1.7470e+10  0.37%   274   50s
    31    64 1.7470e+10    5    1 1.7534e+10 1.7470e+10  0.37%   271   58s
    63    96 1.7470e+10    6    1 1.7534e+10 1.7470e+10  0.37%   248   62s
    95   128 1.7470e+10    7    1 1.7534e+10 1.7470e+10  0.37%   216  118s
   127   160 1.7470e+10    8    1 1.7534e+10 1.7470e+10  0.37%   201  121s
   159   192 1.7470e+10    9    1 1.7534e+10 1.7470e+10  0.37%   191  126s
   191   224 1.7470e+10   10    1 1.7534e+10 1.7470e+10  0.37%   181  131s
   223   380 1.7470e+10   11    1 1.7534e+10 1.7470e+10  0.37%   174  139s
   379   653 1.7470e+10   12    1 1.7534e+10 1.7470e+10  0.37%   124  161s
   652   685 1.7470e+10   18    1 1.7534e+10 1.7470e+10  0.37%   102  230s
   684   838 1.7470e+10   19    2 1.7534e+10 1.7470e+10  0.37%   102  260s
   837  1540 1.7470e+10   24    2 1.7534e+10 1.7470e+10  0.37%   102  286s
  1539  2246 1.7471e+10   38    1 1.7534e+10 1.7470e+10  0.37%  87.1  313s
  2245  2965 1.7471e+10   65    2 1.7534e+10 1.7470e+10  0.37%  80.3  336s
  2964  3645 1.7472e+10   94    1 1.7534e+10 1.7470e+10  0.37%  75.9  356s
  3650  4396 1.7473e+10  123    1 1.7534e+10 1.7470e+10  0.37%  72.9  375s
  4411  5088 1.7473e+10  152    1 1.7534e+10 1.7470e+10  0.37%  68.2  393s
  5193  5703 1.7474e+10  181    1 1.7534e+10 1.7470e+10  0.37%  65.7  411s
  6008  6331 1.7476e+10  210    1 1.7534e+10 1.7470e+10  0.37%  67.5  429s
  6781  6860 1.7513e+10  235    2 1.7534e+10 1.7470e+10  0.37%  82.4  448s
  7467  7175 1.7517e+10  264    2 1.7534e+10 1.7470e+10  0.37%   102  468s
  8048  7776 1.7528e+10  282    1 1.7534e+10 1.7470e+10  0.37%   113  488s
  8688  8404 1.7470e+10   25    1 1.7534e+10 1.7470e+10  0.37%   117  508s
  9365  8977 1.7471e+10   54    2 1.7534e+10 1.7470e+10  0.37%   121  531s
 10006  9590 1.7472e+10   83    1 1.7534e+10 1.7470e+10  0.37%   124  553s
 10730 10145 1.7472e+10  112    1 1.7534e+10 1.7470e+10  0.37%   128  575s
 11523 10604 1.7473e+10  141    1 1.7534e+10 1.7470e+10  0.37%   129  593s
 12293 10605 1.7487e+10   80    1 1.7534e+10 1.7470e+10  0.37%   129  729s
 12294 10606 1.7533e+10   96    1 1.7534e+10 1.7470e+10  0.37%   129  730s
 12295 10606 1.7470e+10   13    3 1.7534e+10 1.7470e+10  0.37%   129  759s
 12296 10607 1.7477e+10   26    1 1.7534e+10 1.7470e+10  0.37%   129  779s
 12297 10608 1.7471e+10   22    1 1.7534e+10 1.7470e+10  0.37%   129  798s
 12299 10609 1.7482e+10   89    1 1.7534e+10 1.7470e+10  0.37%   129  806s
 12300 10613 1.7470e+10   12    1 1.7534e+10 1.7470e+10  0.37%   144  813s
 12302 10616 1.7470e+10   13    1 1.7534e+10 1.7470e+10  0.37%   144  820s
 12306 10623 1.7470e+10   14    1 1.7534e+10 1.7470e+10  0.37%   144  827s
 12314 10636 1.7470e+10   15    1 1.7534e+10 1.7470e+10  0.37%   144  831s
 12330 10663 1.7470e+10   16    1 1.7534e+10 1.7470e+10  0.37%   144  837s
 12362 10684 1.7470e+10   17    1 1.7534e+10 1.7470e+10  0.37%   144  841s
 12394 10705 1.7470e+10   17    1 1.7534e+10 1.7470e+10  0.37%   144  921s
 12458 10748 1.7470e+10   18    1 1.7534e+10 1.7470e+10  0.37%   145 1202s
H12484 10208                    1.753429e+10 1.7470e+10  0.37%   145 1203s
 12490 10262 1.7470e+10   19    1 1.7534e+10 1.7470e+10  0.37%   145 1208s
 12546 10425 1.7470e+10   19    3 1.7534e+10 1.7470e+10  0.37%   145 1219s
 12727 10725 1.7470e+10   20    1 1.7534e+10 1.7470e+10  0.37%   144 1239s
 13088 11191 1.7470e+10   22    1 1.7534e+10 1.7470e+10  0.37%   143 1269s
 13674 11028 1.7470e+10   26    1 1.7534e+10 1.7470e+10  0.37%   141 1415s
 13706 11652 1.7472e+10   26    3 1.7534e+10 1.7470e+10  0.37%   141 1443s
 14341 12135 1.7470e+10   29    1 1.7534e+10 1.7470e+10  0.37%   139 1470s
 15036 12545 1.7470e+10   32    1 1.7534e+10 1.7470e+10  0.37%   137 1496s
 15677 12363 1.7473e+10   36    2 1.7534e+10 1.7470e+10  0.37%   135 1620s
 15709 13020 1.7470e+10   37    2 1.7534e+10 1.7470e+10  0.37%   135 1670s
 16377 13530 1.7470e+10   41    2 1.7534e+10 1.7470e+10  0.37%   132 1697s
 17115 13925 1.7470e+10   45    2 1.7534e+10 1.7470e+10  0.37%   130 1720s
 17870 14268 1.7471e+10   49    1 1.7534e+10 1.7470e+10  0.37%   129 1744s
 18657 14579 1.7471e+10   53    1 1.7534e+10 1.7470e+10  0.37%   132 1769s
 19440 14808 1.7471e+10   56    1 1.7534e+10 1.7470e+10  0.37%   137 1793s
 20202 15110 1.7471e+10   59    3 1.7534e+10 1.7470e+10  0.37%   140 1822s
 20891 15558 1.7471e+10   64    1 1.7534e+10 1.7470e+10  0.37%   142 1849s
 21643 16006 1.7471e+10   68    1 1.7534e+10 1.7470e+10  0.37%   144 1877s
 22421 16356 1.7471e+10   73    3 1.7534e+10 1.7470e+10  0.37%   145 1902s
 23206 16676 1.7471e+10   78    3 1.7534e+10 1.7470e+10  0.37%   145 1926s
 24028 16984 1.7471e+10   83    2 1.7534e+10 1.7470e+10  0.37%   144 1947s
 24821 17258 1.7471e+10   88    1 1.7534e+10 1.7470e+10  0.37%   143 1969s
 25570 17049 1.7471e+10   94    1 1.7534e+10 1.7470e+10  0.37%   143 2097s
 25617 17607 1.7471e+10   95    1 1.7534e+10 1.7470e+10  0.37%   143 2120s
 26336 17981 1.7472e+10  102    2 1.7534e+10 1.7470e+10  0.37%   144 2143s
 27065 18432 1.7472e+10  110    1 1.7534e+10 1.7470e+10  0.37%   145 2169s
 27810 18799 1.7472e+10  116    1 1.7534e+10 1.7470e+10  0.37%   146 2190s
 28601 19150 1.7472e+10  122    1 1.7534e+10 1.7470e+10  0.37%   146 2212s
 29380 19606 1.7472e+10  128    1 1.7534e+10 1.7470e+10  0.37%   145 2256s
 30276 19899 1.7490e+10  142    2 1.7534e+10 1.7470e+10  0.37%   146 2276s
 30989 20275 1.7491e+10  149    3 1.7534e+10 1.7470e+10  0.37%   146 2295s
 31707 20595 1.7473e+10  156    3 1.7534e+10 1.7470e+10  0.37%   145 2314s
 32390 21011 1.7493e+10  162    3 1.7534e+10 1.7470e+10  0.37%   145 2332s
 33186 21326 1.7474e+10  171    1 1.7534e+10 1.7470e+10  0.37%   145 2348s
 33910 21608 1.7474e+10  181    1 1.7534e+10 1.7470e+10  0.37%   145 2365s
 34569 21917 1.7474e+10  190    1 1.7534e+10 1.7470e+10  0.37%   145 2382s
 35254 22213 1.7474e+10  200    1 1.7534e+10 1.7470e+10  0.37%   145 2401s
 35864 22542 1.7508e+10  210    2 1.7534e+10 1.7470e+10  0.37%   145 2422s
 36487 22877 1.7476e+10  224    1 1.7534e+10 1.7470e+10  0.37%   146 2442s
 37115 23235 infeasible  238      1.7534e+10 1.7470e+10  0.37%   146 2462s
 37802 23567 1.7513e+10  253    1 1.7534e+10 1.7470e+10  0.37%   146 2482s
 38490 23905     cutoff  267      1.7534e+10 1.7470e+10  0.37%   146 2503s
 39172 24239 1.7519e+10  282    1 1.7534e+10 1.7470e+10  0.37%   146 2523s
 39847 24043     cutoff  296      1.7534e+10 1.7470e+10  0.37%   147 2647s
 39880 24650     cutoff  297      1.7534e+10 1.7470e+10  0.37%   147 2667s
 40589 25007 1.7470e+10   39    2 1.7534e+10 1.7470e+10  0.37%   147 2686s
 41312 25314 1.7471e+10   68    1 1.7534e+10 1.7470e+10  0.37%   146 2707s
 41992 25673 1.7472e+10   97    1 1.7534e+10 1.7470e+10  0.37%   146 2726s
 42739 26043 1.7472e+10  126    1 1.7534e+10 1.7470e+10  0.37%   145 2744s
 43411 26593 1.7473e+10  155    1 1.7534e+10 1.7470e+10  0.37%   145 2761s
 44109 27133 1.7474e+10  184    1 1.7534e+10 1.7470e+10  0.37%   145 2779s
 44796 27699 1.7476e+10  213    1 1.7534e+10 1.7470e+10  0.37%   145 2798s
 45532 28225 1.7512e+10  241    1 1.7534e+10 1.7470e+10  0.37%   144 2817s
 46238 28746 1.7516e+10  270    1 1.7534e+10 1.7470e+10  0.37%   144 2837s
 46914 29310 1.7528e+10  293    1 1.7534e+10 1.7470e+10  0.37%   145 2856s
 47570 29927 1.7471e+10   33    2 1.7534e+10 1.7470e+10  0.37%   145 2873s
 48228 30500 1.7472e+10   46    2 1.7534e+10 1.7470e+10  0.37%   145 2891s
 48882 31099 1.7473e+10   54    2 1.7534e+10 1.7470e+10  0.37%   145 2910s
 49522 31676 1.7475e+10   65    1 1.7534e+10 1.7470e+10  0.37%   145 2928s
 50134 31940 1.7482e+10   74    1 1.7534e+10 1.7470e+10  0.37%   146 2978s
 50418 32530 1.7486e+10   82    1 1.7534e+10 1.7470e+10  0.37%   146 2997s
 51103 33137 1.7507e+10   91    1 1.7534e+10 1.7470e+10  0.37%   147 3015s
 51838 33776 1.7524e+10  119    1 1.7534e+10 1.7470e+10  0.37%   147 3031s
 52642 34400 1.7526e+10  148    1 1.7534e+10 1.7470e+10  0.37%   146 3048s
 53422 34963 1.7528e+10  177    1 1.7534e+10 1.7470e+10  0.37%   145 3065s
 54168 35546 1.7471e+10   28    1 1.7534e+10 1.7470e+10  0.37%   145 3081s
 54937 36114 1.7472e+10   38    2 1.7534e+10 1.7470e+10  0.37%   145 3097s
 55652 36622 1.7473e+10   49    2 1.7534e+10 1.7470e+10  0.37%   145 3113s
 56319 37210 1.7475e+10   56    2 1.7534e+10 1.7470e+10  0.37%   145 3131s
 57018 37809 1.7476e+10   66    2 1.7534e+10 1.7470e+10  0.37%   145 3148s
 57772 38423 1.7488e+10   79    2 1.7534e+10 1.7470e+10  0.37%   145 3164s
 58535 38424 1.7496e+10  183    1 1.7534e+10 1.7470e+10  0.37%   145 3317s
 58537 38425 1.7503e+10  206    3 1.7534e+10 1.7470e+10  0.37%   145 3350s
 58538 38426 1.7473e+10   40    1 1.7534e+10 1.7470e+10  0.37%   145 3356s
 58539 38427 1.7473e+10   34    1 1.7534e+10 1.7470e+10  0.37%   145 3369s
 58540 38427 1.7495e+10  180    1 1.7534e+10 1.7470e+10  0.37%   145 3396s
 58541 38428 1.7492e+10  162    1 1.7534e+10 1.7470e+10  0.37%   145 3409s
 58542 38429 1.7499e+10  191    1 1.7534e+10 1.7470e+10  0.37%   145 3417s
 58543 38432 1.7470e+10   27    1 1.7534e+10 1.7470e+10  0.37%   149 3424s
 58545 38436 1.7470e+10   28    1 1.7534e+10 1.7470e+10  0.37%   149 3432s
 58549 38442 1.7470e+10   29    1 1.7534e+10 1.7470e+10  0.37%   149 3439s
 58557 38456 1.7470e+10   30    1 1.7534e+10 1.7470e+10  0.37%   149 3442s
 58573 38482 1.7470e+10   31    1 1.7534e+10 1.7470e+10  0.37%   149 3448s
 58605 38504 1.7470e+10   32    1 1.7534e+10 1.7470e+10  0.37%   149 3453s
 58637 38525 1.7470e+10   32    1 1.7534e+10 1.7470e+10  0.37%   149 3466s
 58669 38546 1.7470e+10   33    1 1.7534e+10 1.7470e+10  0.37%   149 3471s
 58701 38568 1.7470e+10   33    1 1.7534e+10 1.7470e+10  0.37%   149 3600s

Cutting planes:
  Implied bound: 131
  MIR: 4
  Flow cover: 4
  Flow path: 1

Explored 58733 nodes (8935264 simplex iterations) in 3601.00 seconds (2415.35 work units)
Thread count was 32 (of 36 available processors)

Solution count 3: 1.75343e+10 1.75343e+10 1.76106e+10 

Time limit reached
Best objective 1.753429443953e+10, best bound 1.746989789141e+10, gap 0.3673%

User-callback calls 825597, time in user-callback 0.35 sec
Set parameter TokenServer to value "license-1.hpc.nrel.gov"
Set parameter TimeLimit to value 3600
Set parameter MIPGap to value 0.001
Set parameter MIPGap to value 0.001
Set parameter TimeLimit to value 3600
Gurobi Optimizer version 9.5.1 build v9.5.1rc2 (linux64)
Thread count: 36 physical cores, 36 logical processors, using up to 32 threads
Optimize a model with 332260 rows, 1381848 columns and 2818080 nonzeros
Model fingerprint: 0x6f1e33f3
Coefficient statistics:
  Matrix range     [3e-06, 7e+03]
  Objective range  [2e-01, 1e+08]
  Bounds range     [1e+00, 1e+08]
  RHS range        [1e-03, 2e+05]

Concurrent LP optimizer: primal simplex, dual simplex, and barrier
Showing barrier log only...

Presolve removed 326670 rows and 1095513 columns
Presolve time: 1.65s
Presolved: 5590 rows, 286335 columns, 570564 nonzeros

Ordering time: 0.05s

Barrier statistics:
 AA' NZ     : 2.842e+05
 Factor NZ  : 5.821e+05 (roughly 120 MB of memory)
 Factor Ops : 6.366e+07 (less than 1 second per iteration)
 Threads    : 30

                  Objective                Residual
Iter       Primal          Dual         Primal    Dual     Compl     Time
   0   2.07220001e+13 -1.49151547e+12  9.36e+07 1.49e+02  5.37e+08     2s
   1   5.62416168e+12 -4.57399531e+11  2.53e+07 9.09e-13  1.47e+08     2s
   2   1.27365207e+12 -1.65890745e+10  5.67e+06 7.05e-12  3.29e+07     2s
   3   2.08953846e+10  2.54699471e+09  1.28e+04 1.48e-11  1.27e+05     2s
   4   1.81383735e+10  1.35751060e+10  5.44e+02 2.05e-12  1.81e+04     2s
   5   1.79641998e+10  1.56032742e+10  8.14e+01 1.59e-12  8.44e+03     2s
   6   1.78309951e+10  1.64673711e+10  1.65e+01 9.09e-13  4.75e+03     2s
   7   1.78029258e+10  1.68672203e+10  1.25e+01 6.82e-13  3.27e+03     2s
   8   1.77090979e+10  1.71408125e+10  3.72e+00 7.96e-13  1.97e+03     2s
   9   1.76660863e+10  1.73304329e+10  2.29e+00 2.15e-12  1.17e+03     2s
  10   1.76128392e+10  1.74500399e+10  1.03e+00 2.59e-12  5.65e+02     2s
  11   1.75853025e+10  1.74910854e+10  5.36e-01 3.03e-12  3.27e+02     2s
  12   1.75709555e+10  1.75058464e+10  3.38e-01 4.06e-12  2.25e+02     2s
  13   1.75596916e+10  1.75170547e+10  2.06e-01 3.82e-12  1.47e+02     2s
  14   1.75583643e+10  1.75199868e+10  1.93e-01 4.53e-12  1.33e+02     2s
  15   1.75544591e+10  1.75259340e+10  1.56e-01 4.51e-12  9.87e+01     2s
  16   1.75437011e+10  1.75292584e+10  6.32e-02 4.35e-12  4.99e+01     2s
  17   1.75389607e+10  1.75316049e+10  2.77e-02 6.18e-12  2.54e+01     2s
  18   1.75365553e+10  1.75331798e+10  1.20e-02 5.33e-12  1.16e+01     3s

Barrier performed 18 iterations in 2.54 seconds (1.70 work units)
Barrier solve interrupted - model solved by another algorithm


Solved with primal simplex
Solved in 49781 iterations and 2.54 seconds (1.47 work units)
Optimal objective  1.753429444e+10

User-callback calls 312, time in user-callback 0.00 sec
[ Info:  started timer at: 2023-03-22T17:36:02.144
[ Info: Reading /projects/pvsoiling/RELOG/Recycling_NAICS_5/input/solver/case.json...
[ Info:          134 collection centers
[ Info:          309 candidate plant locations
[ Info: Building graph...
[ Info:               26 time periods
[ Info:              309 process nodes
[ Info:             4944 shipping nodes (plant)
[ Info:              134 shipping nodes (collection)
[ Info:            46350 arcs
[ Info: Building optimization model...
[ Info: Optimizing MILP...
[ Info: Re-optimizing with integer variables fixed...
[ Info: Extracting solution...
[ Info:       3653.210247325s: 1 hour, 53 seconds, 210 milliseconds
