Set parameter TokenServer to value "license-1.hpc.nrel.gov"
Set parameter TimeLimit to value 3600
Set parameter MIPGap to value 0.001
Set parameter MIPGap to value 0.001
Set parameter TimeLimit to value 3600
Gurobi Optimizer version 9.5.1 build v9.5.1rc2 (linux64)
Thread count: 36 physical cores, 36 logical processors, using up to 32 threads
Optimize a model with 84446 rows, 992940 columns and 2037872 nonzeros
Model fingerprint: 0x0d9ecc29
Variable types: 979004 continuous, 13936 integer (13936 binary)
Coefficient statistics:
  Matrix range     [1e+00, 5e+04]
  Objective range  [2e-01, 8e+08]
  Bounds range     [5e+04, 1e+08]
  RHS range        [8e-01, 2e+06]
Presolve removed 73460 rows and 56548 columns
Presolve time: 4.16s
Presolved: 10986 rows, 936392 columns, 1878948 nonzeros
Variable types: 933176 continuous, 3216 integer (3216 binary)

Deterministic concurrent LP optimizer: primal and dual simplex
Showing first log only...


Root simplex log...

Iteration    Objective       Primal Inf.    Dual Inf.      Time
       0    5.4414370e+11   7.119180e+05   2.010510e+10      7s
Concurrent spin time: 0.00s

Solved with dual simplex

Root relaxation: infeasible, 17637 iterations, 2.42 seconds (1.68 work units)

    Nodes    |    Current Node    |     Objective Bounds      |     Work
 Expl Unexpl |  Obj  Depth IntInf | Incumbent    BestBd   Gap | It/Node Time

     0     0 infeasible    0               - infeasible      -     -    8s

Explored 1 nodes (17637 simplex iterations) in 8.12 seconds (8.36 work units)
Thread count was 32 (of 36 available processors)

Solution count 0

Model is infeasible or unbounded
Best objective -, best bound -, gap -

User-callback calls 1513, time in user-callback 0.01 sec
[ Info:  started timer at: 2023-03-25T11:19:26.962
[ Info: Reading /projects/pvsoiling/RELOG/Manufacturing_cap_40209_05/input/solver/case.json...
[ Info:          134 collection centers
[ Info:          268 candidate plant locations
[ Info: Building graph...
[ Info:           26 time periods
[ Info:          268 process nodes
[ Info:          268 shipping nodes (plant)
[ Info:          134 shipping nodes (collection)
[ Info:        36180 arcs
[ Info: Building optimization model...
[ Info: Optimizing MILP...
