Set parameter TokenServer to value "license-1.hpc.nrel.gov"
Set parameter TimeLimit to value 3600
Set parameter MIPGap to value 0.001
Set parameter MIPGap to value 0.001
Set parameter TimeLimit to value 3600
Gurobi Optimizer version 9.5.1 build v9.5.1rc2 (linux64)
Thread count: 36 physical cores, 36 logical processors, using up to 32 threads
Optimize a model with 91240 rows, 1140828 columns and 2336040 nonzeros
Model fingerprint: 0xe4a5feba
Variable types: 1124760 continuous, 16068 integer (16068 binary)
Coefficient statistics:
  Matrix range     [1e+00, 1e+05]
  Objective range  [3e-01, 1e+06]
  Bounds range     [1e+05, 1e+08]
  RHS range        [8e-01, 2e+06]
Presolve removed 79724 rows and 64581 columns
Presolve time: 4.29s
Presolved: 11516 rows, 1076247 columns, 2159910 nonzeros
Variable types: 1075938 continuous, 309 integer (309 binary)

Deterministic concurrent LP optimizer: primal and dual simplex
Showing first log only...

Concurrent spin time: 0.14s

Solved with dual simplex

Root relaxation: objective 2.316317e+09, 2528 iterations, 1.69 seconds (0.91 work units)

    Nodes    |    Current Node    |     Objective Bounds      |     Work
 Expl Unexpl |  Obj  Depth IntInf | Incumbent    BestBd   Gap | It/Node Time

     0     0 2.3163e+09    0   73          - 2.3163e+09      -     -    8s
H    0     0                    2.387272e+09 2.3163e+09  2.97%     -    9s
H    0     0                    2.381767e+09 2.3163e+09  2.75%     -    9s
     0     0 2.3300e+09    0   46 2.3818e+09 2.3300e+09  2.17%     -   12s
H    0     0                    2.366316e+09 2.3300e+09  1.53%     -   14s
H    0     0                    2.340009e+09 2.3300e+09  0.43%     -   15s
     0     0 2.3301e+09    0   45 2.3400e+09 2.3301e+09  0.42%     -   16s
     0     0 2.3301e+09    0   45 2.3400e+09 2.3301e+09  0.42%     -   17s
     0     0 2.3319e+09    0   43 2.3400e+09 2.3319e+09  0.35%     -   18s
     0     0 2.3320e+09    0   44 2.3400e+09 2.3320e+09  0.34%     -   20s
     0     0 2.3320e+09    0   44 2.3400e+09 2.3320e+09  0.34%     -   20s
     0     0 2.3334e+09    0   47 2.3400e+09 2.3334e+09  0.28%     -   22s
H    0     0                    2.337501e+09 2.3334e+09  0.18%     -   23s
     0     0 2.3335e+09    0   49 2.3375e+09 2.3335e+09  0.17%     -   24s
     0     0 2.3336e+09    0   52 2.3375e+09 2.3336e+09  0.17%     -   24s
     0     0 2.3336e+09    0   53 2.3375e+09 2.3336e+09  0.17%     -   25s
     0     0 2.3336e+09    0   53 2.3375e+09 2.3336e+09  0.17%     -   26s
     0     0 2.3341e+09    0   62 2.3375e+09 2.3341e+09  0.15%     -   27s
H    0     0                    2.335220e+09 2.3341e+09  0.05%     -   29s

Cutting planes:
  Implied bound: 2392
  MIR: 64
  Flow cover: 108
  Relax-and-lift: 28

Explored 1 nodes (6738 simplex iterations) in 29.15 seconds (18.86 work units)
Thread count was 32 (of 36 available processors)

Solution count 6: 2.33522e+09 2.3375e+09 2.34001e+09 ... 2.38727e+09

Optimal solution found (tolerance 1.00e-03)
Best objective 2.335220071884e+09, best bound 2.334087573550e+09, gap 0.0485%

User-callback calls 2443, time in user-callback 0.01 sec
Set parameter TokenServer to value "license-1.hpc.nrel.gov"
Set parameter TimeLimit to value 3600
Set parameter MIPGap to value 0.001
Set parameter MIPGap to value 0.001
Set parameter TimeLimit to value 3600
Gurobi Optimizer version 9.5.1 build v9.5.1rc2 (linux64)
Thread count: 36 physical cores, 36 logical processors, using up to 32 threads
Optimize a model with 91240 rows, 1140828 columns and 2336040 nonzeros
Model fingerprint: 0xbd6e80fc
Coefficient statistics:
  Matrix range     [1e+00, 1e+05]
  Objective range  [3e-01, 1e+06]
  Bounds range     [1e+00, 1e+08]
  RHS range        [8e-01, 2e+06]

Concurrent LP optimizer: primal simplex, dual simplex, and barrier
Showing barrier log only...

Presolve removed 82870 rows and 481324 columns
Presolve time: 1.47s
Presolved: 8370 rows, 659504 columns, 1314120 nonzeros

Ordering time: 0.01s

Barrier statistics:
 AA' NZ     : 6.546e+05
 Factor NZ  : 1.147e+06 (roughly 300 MB of memory)
 Factor Ops : 2.000e+08 (less than 1 second per iteration)
 Threads    : 30

                  Objective                Residual
Iter       Primal          Dual         Primal    Dual     Compl     Time
   0   1.35553399e+12 -4.71817428e+10  2.40e+06 1.33e-14  3.01e+06     2s
   1   7.85234635e+10 -2.40749135e+10  1.17e+05 3.75e+01  2.04e+05     2s
   2   1.63272129e+10 -8.79416936e+09  1.16e+04 1.78e+01  4.46e+04     2s
   3   9.73317725e+09 -4.73938000e+09  3.60e+03 1.24e+01  2.49e+04     2s

Barrier performed 3 iterations in 1.97 seconds (1.11 work units)
Barrier solve interrupted - model solved by another algorithm


Solved with dual simplex
Solved in 5577 iterations and 2.11 seconds (0.96 work units)
Optimal objective  2.335220072e+09

User-callback calls 105, time in user-callback 0.00 sec
[ Info:  started timer at: 2023-03-24T09:45:29.265
[ Info: Reading /projects/pvsoiling/RELOG/Manufacturing_NAICS_0001/input/solver/case.json...
[ Info:          134 collection centers
[ Info:          309 candidate plant locations
[ Info: Building graph...
[ Info:               26 time periods
[ Info:              309 process nodes
[ Info:              309 shipping nodes (plant)
[ Info:              134 shipping nodes (collection)
[ Info:            41715 arcs
[ Info: Building optimization model...
[ Info: Optimizing MILP...
[ Info: Re-optimizing with integer variables fixed...
[ Info: Extracting solution...
[ Info:         75.049251254s: 1 minute, 15 seconds, 49 milliseconds
