Set parameter TokenServer to value "license-1.hpc.nrel.gov"
Set parameter TimeLimit to value 3600
Set parameter MIPGap to value 0.001
Set parameter MIPGap to value 0.001
Set parameter TimeLimit to value 3600
Gurobi Optimizer version 9.5.1 build v9.5.1rc2 (linux64)
Thread count: 36 physical cores, 36 logical processors, using up to 32 threads
Optimize a model with 96828 rows, 1144312 columns and 2348570 nonzeros
Model fingerprint: 0x7b073039
Variable types: 1128244 continuous, 16068 integer (16068 binary)
Coefficient statistics:
  Matrix range     [1e+00, 1e+05]
  Objective range  [3e-01, 1e+06]
  Bounds range     [1e+05, 1e+08]
  RHS range        [8e-01, 2e+06]
Presolve removed 82615 rows and 65260 columns
Presolve time: 4.75s
Presolved: 14213 rows, 1079052 columns, 2165508 nonzeros
Variable types: 1075938 continuous, 3114 integer (3114 binary)

Deterministic concurrent LP optimizer: primal and dual simplex
Showing first log only...

Concurrent spin time: 0.06s

Solved with dual simplex

Root relaxation: objective 2.307955e+09, 5252 iterations, 2.06 seconds (1.44 work units)

    Nodes    |    Current Node    |     Objective Bounds      |     Work
 Expl Unexpl |  Obj  Depth IntInf | Incumbent    BestBd   Gap | It/Node Time

     0     0 2.3080e+09    0  747          - 2.3080e+09      -     -    9s
H    0     0                    2.379270e+09 2.3080e+09  3.00%     -   10s
H    0     0                    2.374565e+09 2.3080e+09  2.81%     -   11s
H    0     0                    2.374468e+09 2.3080e+09  2.80%     -   13s
     0     0 2.3218e+09    0  647 2.3745e+09 2.3218e+09  2.22%     -   15s
H    0     0                    2.359475e+09 2.3218e+09  1.60%     -   17s
     0     0 2.3227e+09    0  614 2.3595e+09 2.3227e+09  1.56%     -   19s
     0     0 2.3227e+09    0  573 2.3595e+09 2.3227e+09  1.56%     -   20s
     0     0 2.3228e+09    0  573 2.3595e+09 2.3228e+09  1.56%     -   20s
     0     0 2.3244e+09    0  625 2.3595e+09 2.3244e+09  1.49%     -   22s
     0     0 2.3244e+09    0  603 2.3595e+09 2.3244e+09  1.49%     -   25s
     0     0 2.3244e+09    0  613 2.3595e+09 2.3244e+09  1.48%     -   25s
     0     0 2.3244e+09    0  613 2.3595e+09 2.3244e+09  1.48%     -   26s
     0     0 2.3260e+09    0  545 2.3595e+09 2.3260e+09  1.42%     -   28s
H    0     0                    2.349676e+09 2.3260e+09  1.01%     -   29s
H    0     0                    2.333744e+09 2.3260e+09  0.33%     -   30s
     0     0 2.3263e+09    0  585 2.3337e+09 2.3263e+09  0.32%     -   31s
     0     0 2.3263e+09    0  583 2.3337e+09 2.3263e+09  0.32%     -   32s
     0     0 2.3263e+09    0  581 2.3337e+09 2.3263e+09  0.32%     -   33s
     0     0 2.3271e+09    0  629 2.3337e+09 2.3271e+09  0.28%     -   35s
H    0     0                    2.332033e+09 2.3271e+09  0.21%     -   37s
     0     0 2.3272e+09    0  648 2.3320e+09 2.3272e+09  0.21%     -   38s
     0     0 2.3272e+09    0  638 2.3320e+09 2.3272e+09  0.21%     -   38s
     0     0 2.3276e+09    0  603 2.3320e+09 2.3276e+09  0.19%     -   41s
H    0     0                    2.330194e+09 2.3276e+09  0.11%     -   43s
     0     0 2.3276e+09    0  607 2.3302e+09 2.3276e+09  0.11%     -   44s
     0     0 2.3276e+09    0  605 2.3302e+09 2.3276e+09  0.11%     -   45s
     0     0 2.3278e+09    0  564 2.3302e+09 2.3278e+09  0.10%     -   48s
     0     0 2.3278e+09    0  560 2.3302e+09 2.3278e+09  0.10%     -   51s
     0     0 2.3278e+09    0  544 2.3302e+09 2.3278e+09  0.10%     -   51s
     0     0 2.3278e+09    0  575 2.3302e+09 2.3278e+09  0.10%     -   52s
     0     0 2.3280e+09    0  569 2.3302e+09 2.3280e+09  0.10%     -   55s

Cutting planes:
  Implied bound: 3616
  MIR: 67
  Flow cover: 246
  Relax-and-lift: 572

Explored 1 nodes (13430 simplex iterations) in 55.10 seconds (36.92 work units)
Thread count was 32 (of 36 available processors)

Solution count 7: 2.33019e+09 2.33203e+09 2.33374e+09 ... 2.37927e+09

Optimal solution found (tolerance 1.00e-03)
Best objective 2.330193819181e+09, best bound 2.327965464131e+09, gap 0.0956%

User-callback calls 4830, time in user-callback 0.01 sec
Set parameter TokenServer to value "license-1.hpc.nrel.gov"
Set parameter TimeLimit to value 3600
Set parameter MIPGap to value 0.001
Set parameter MIPGap to value 0.001
Set parameter TimeLimit to value 3600
Gurobi Optimizer version 9.5.1 build v9.5.1rc2 (linux64)
Thread count: 36 physical cores, 36 logical processors, using up to 32 threads
Optimize a model with 96828 rows, 1144312 columns and 2348570 nonzeros
Model fingerprint: 0x94487c6d
Coefficient statistics:
  Matrix range     [1e+00, 1e+05]
  Objective range  [3e-01, 1e+06]
  Bounds range     [1e+00, 1e+08]
  RHS range        [8e-01, 2e+06]

Concurrent LP optimizer: primal simplex, dual simplex, and barrier
Showing barrier log only...

Presolve removed 88616 rows and 506100 columns
Presolve time: 1.18s
Presolved: 8212 rows, 638212 columns, 1271694 nonzeros

Ordering time: 0.01s

Barrier statistics:
 AA' NZ     : 6.335e+05
 Factor NZ  : 1.124e+06 (roughly 270 MB of memory)
 Factor Ops : 1.966e+08 (less than 1 second per iteration)
 Threads    : 30

                  Objective                Residual
Iter       Primal          Dual         Primal    Dual     Compl     Time
   0   1.33004986e+12 -4.60152677e+10  2.42e+06 1.33e-14  3.06e+06     1s
   1   7.72437250e+10 -2.39718258e+10  1.18e+05 3.87e+01  2.08e+05     2s
   2   1.59277315e+10 -1.03272524e+10  1.15e+04 2.01e+01  4.82e+04     2s
   3   9.23472064e+09 -5.39754503e+09  2.94e+03 1.37e+01  2.60e+04     2s
   4   4.79457955e+09 -1.04591568e+09  1.72e+02 6.53e+00  1.03e+04     2s
   5   3.37691500e+09  5.89065976e+08  3.07e+01 3.37e+00  4.94e+03     2s
   6   2.73188300e+09  1.75117693e+09  5.03e+00 1.05e+00  1.71e+03     2s

Barrier performed 6 iterations in 1.89 seconds (1.32 work units)
Barrier solve interrupted - model solved by another algorithm


Solved with dual simplex
Solved in 5464 iterations and 2.06 seconds (0.94 work units)
Optimal objective  2.330193819e+09

User-callback calls 124, time in user-callback 0.00 sec
[ Info:  started timer at: 2023-03-25T11:26:58.460
[ Info: Reading /projects/pvsoiling/RELOG/Manufacturing_NAICS_0001/input/solver/case.json...
[ Info:          134 collection centers
[ Info:          309 candidate plant locations
[ Info: Building graph...
[ Info:           26 time periods
[ Info:          309 process nodes
[ Info:          309 shipping nodes (plant)
[ Info:          134 shipping nodes (collection)
[ Info:        41715 arcs
[ Info: Building optimization model...
[ Info: Optimizing MILP...
[ Info: Re-optimizing with integer variables fixed...
[ Info: Extracting solution...
[ Info:        103.315561601s: 1 minute, 43 seconds, 315 milliseconds
