Set parameter TokenServer to value "license-1.hpc.nrel.gov"
Set parameter TimeLimit to value 3600
Set parameter MIPGap to value 0.001
Set parameter MIPGap to value 0.001
Set parameter TimeLimit to value 3600
Gurobi Optimizer version 9.5.1 build v9.5.1rc2 (linux64)
Thread count: 36 physical cores, 36 logical processors, using up to 32 threads
Optimize a model with 80158 rows, 992940 columns and 2033584 nonzeros
Model fingerprint: 0x7169117b
Variable types: 979004 continuous, 13936 integer (13936 binary)
Coefficient statistics:
  Matrix range     [1e+00, 1e+05]
  Objective range  [2e-01, 8e+08]
  Bounds range     [1e+05, 1e+08]
  RHS range        [8e-01, 2e+06]
Presolve removed 68100 rows and 51188 columns
Presolve time: 4.93s
Presolved: 12058 rows, 941752 columns, 1889668 nonzeros
Variable types: 933176 continuous, 8576 integer (8576 binary)

Deterministic concurrent LP optimizer: primal and dual simplex
Showing first log only...


Root simplex log...

Iteration    Objective       Primal Inf.    Dual Inf.      Time
       0    5.0638287e+11   8.596100e+05   1.917889e+10      8s
  205290    5.8382035e+11   1.414738e+05   3.760380e+10     10s
Concurrent spin time: 0.00s

Solved with dual simplex

Root relaxation: objective 8.739225e+11, 81833 iterations, 7.03 seconds (5.32 work units)

    Nodes    |    Current Node    |     Objective Bounds      |     Work
 Expl Unexpl |  Obj  Depth IntInf | Incumbent    BestBd   Gap | It/Node Time

     0     0 8.7392e+11    0   14          - 8.7392e+11      -     -   14s
H    0     0                    8.752610e+11 8.7392e+11  0.15%     -   14s
     0     0 8.7392e+11    0    7 8.7526e+11 8.7392e+11  0.15%     -   17s
     0     0 8.7392e+11    0    7 8.7526e+11 8.7392e+11  0.15%     -   24s
     0     2 8.7392e+11    0    7 8.7526e+11 8.7392e+11  0.15%     -   28s
     3     8 8.7392e+11    2    7 8.7526e+11 8.7392e+11  0.15%   6.0   30s
    95   128 8.7393e+11    7    7 8.7526e+11 8.7392e+11  0.15%   6.7   45s
   159   192 8.7395e+11    8    7 8.7526e+11 8.7392e+11  0.15%   6.3  105s
   223   424 8.7395e+11   10    7 8.7526e+11 8.7392e+11  0.15%   7.1  112s
   423   961 8.7399e+11   15    7 8.7526e+11 8.7392e+11  0.15%  11.3  124s
   960  1532 8.7400e+11   32    7 8.7526e+11 8.7392e+11  0.15%  10.0  144s
  1531  2304 8.7401e+11   49    7 8.7526e+11 8.7392e+11  0.15%   8.6  158s
  2315  3127 8.7409e+11   72    7 8.7526e+11 8.7392e+11  0.15%   8.6  170s
  3152  3870 8.7412e+11  105    7 8.7526e+11 8.7392e+11  0.15%   8.3  183s
  3933  4413 8.7420e+11  138    7 8.7526e+11 8.7392e+11  0.15%   8.1  191s
  4926  4819 8.7484e+11  170    7 8.7526e+11 8.7392e+11  0.15%   7.8  198s
  5905  5449 8.7392e+11    7    7 8.7526e+11 8.7392e+11  0.15%   7.6  205s
  6880  6127 8.7398e+11   40    7 8.7526e+11 8.7392e+11  0.15%   7.8  211s
  7845  6901 8.7405e+11   73    7 8.7526e+11 8.7392e+11  0.15%   9.5  217s
  8786  7546 8.7415e+11  106   14 8.7526e+11 8.7392e+11  0.15%   9.7  223s
  9722  8123 8.7463e+11  137    7 8.7526e+11 8.7392e+11  0.15%  10.1  229s
 10633  8287 8.7470e+11  170    7 8.7526e+11 8.7392e+11  0.15%  10.6  237s
 10897  8288 8.7403e+11   59    7 8.7526e+11 8.7392e+11  0.15%  10.5  260s
 10899  8289 8.7439e+11  121   10 8.7526e+11 8.7392e+11  0.15%  10.5  271s
 10900  8290 8.7413e+11   66    5 8.7526e+11 8.7392e+11  0.15%  10.5  275s
 10902  8291 8.7418e+11   37    5 8.7526e+11 8.7392e+11  0.15%  10.5  280s
 10933  8345 8.7393e+11   14    5 8.7526e+11 8.7392e+11  0.15%  15.6  286s
 10997  8388 8.7395e+11   15    5 8.7526e+11 8.7392e+11  0.15%  15.5  304s
 11029  8409 8.7393e+11   16    5 8.7526e+11 8.7392e+11  0.15%  15.5  305s
 11061  8430 8.7395e+11   16    5 8.7526e+11 8.7392e+11  0.15%  15.5  338s
 11135  8508 8.7395e+11   17    5 8.7526e+11 8.7392e+11  0.15%  15.5  340s
 11452  9281 8.7399e+11   24    5 8.7526e+11 8.7392e+11  0.15%  15.4  356s
 12074  9121 8.7403e+11   37    5 8.7526e+11 8.7392e+11  0.15%  15.0  369s
 12097  9113 8.7397e+11   36    5 8.7526e+11 8.7392e+11  0.15%  15.0  370s
 12121  9933 8.7404e+11   38    5 8.7526e+11 8.7392e+11  0.15%  15.0  384s
 12955 10401 8.7401e+11   55    5 8.7526e+11 8.7392e+11  0.15%  14.4  398s
 13741 10171 8.7407e+11   71    5 8.7526e+11 8.7392e+11  0.15%  14.2  429s
 13774 10991 8.7402e+11   72    5 8.7526e+11 8.7392e+11  0.15%  14.2  442s
 14613 11384 8.7411e+11   99    5 8.7526e+11 8.7392e+11  0.15%  13.8  451s
 15622 11461 8.7416e+11  131    5 8.7526e+11 8.7392e+11  0.15%  13.3  459s
 16601 11565 8.7426e+11  164    4 8.7526e+11 8.7392e+11  0.15%  12.9  465s
 17582 11821 8.7484e+11  193    4 8.7526e+11 8.7392e+11  0.15%  12.7  471s
 18560 12245 8.7397e+11   23    5 8.7526e+11 8.7392e+11  0.15%  13.5  478s
 19535 12721 8.7440e+11   36   10 8.7526e+11 8.7392e+11  0.15%  13.9  485s
 20487 13116 8.7496e+11   50    5 8.7526e+11 8.7392e+11  0.15%  14.1  492s
 21431 12827 8.7513e+11   62    5 8.7526e+11 8.7392e+11  0.15%  14.1  517s
 21464 12975 8.7524e+11   62    5 8.7526e+11 8.7392e+11  0.15%  14.1  562s
 21651 13454 8.7524e+11   61    5 8.7526e+11 8.7392e+11  0.15%  14.1  573s
 22597 13516 infeasible   78      8.7526e+11 8.7392e+11  0.15%  15.0  592s
 23259 13887 8.7396e+11   25    5 8.7526e+11 8.7392e+11  0.15%  16.2  598s
 24315 14253 8.7399e+11   58    5 8.7526e+11 8.7392e+11  0.15%  16.5  604s
 25357 14619 8.7405e+11   91    4 8.7526e+11 8.7392e+11  0.15%  16.8  609s
 26413 14916 8.7461e+11  123    5 8.7526e+11 8.7392e+11  0.15%  16.7  614s
 27469 15146 8.7464e+11  156    5 8.7526e+11 8.7392e+11  0.15%  16.5  619s
 28525 15348 8.7471e+11  189    4 8.7526e+11 8.7392e+11  0.15%  16.2  624s
 29581 15490 8.7481e+11  222    4 8.7526e+11 8.7392e+11  0.15%  16.0  632s
 30637 15718 8.7418e+11   28    5 8.7526e+11 8.7393e+11  0.15%  16.0  637s
 31690 16068 8.7453e+11   61   10 8.7526e+11 8.7393e+11  0.15%  15.9  642s
 32745 16510 8.7445e+11   91    4 8.7526e+11 8.7393e+11  0.15%  15.6  647s
 33790 16906 8.7451e+11  121    4 8.7526e+11 8.7393e+11  0.15%  15.5  651s
 34842 17083 8.7394e+11   17    5 8.7526e+11 8.7393e+11  0.15%  15.4  656s
 35898 17327 8.7420e+11   49    5 8.7526e+11 8.7393e+11  0.15%  15.2  661s
 36941 18037 8.7424e+11   78    5 8.7526e+11 8.7393e+11  0.15%  15.1  666s
 37966 18800 8.7429e+11  107    4 8.7526e+11 8.7393e+11  0.15%  15.0  670s
 38998 19472 8.7484e+11  139    5 8.7526e+11 8.7393e+11  0.15%  15.0  675s
 40038 20148 8.7492e+11  172    8 8.7526e+11 8.7393e+11  0.15%  14.9  682s
 41077 20904 8.7397e+11   22    5 8.7526e+11 8.7393e+11  0.15%  14.8  688s
 42114 21615 8.7450e+11   36    5 8.7526e+11 8.7393e+11  0.15%  14.6  694s
 43146 22135 8.7480e+11   46    5 8.7526e+11 8.7393e+11  0.15%  14.5  701s
 44107 22788 8.7399e+11   25    5 8.7526e+11 8.7393e+11  0.15%  14.4  707s
 45130 22808 8.7402e+11   58    5 8.7526e+11 8.7393e+11  0.15%  14.4  762s
 45167 23534 8.7402e+11   59    5 8.7526e+11 8.7393e+11  0.15%  14.4  768s
 46202 23735 8.7409e+11   92    4 8.7526e+11 8.7393e+11  0.15%  14.4  782s
 46490 24578 8.7414e+11  101    4 8.7526e+11 8.7393e+11  0.15%  14.4  789s
 47545 25463 8.7423e+11  134    8 8.7526e+11 8.7393e+11  0.15%  14.3  795s
 48590 26155 8.7430e+11  157    6 8.7526e+11 8.7393e+11  0.15%  14.2  800s
 49633 26674 8.7460e+11  177    5 8.7526e+11 8.7393e+11  0.15%  14.1  806s
 50689 27174 8.7462e+11  210    5 8.7526e+11 8.7393e+11  0.15%  14.1  811s
 51680 27798 8.7470e+11  243    4 8.7526e+11 8.7393e+11  0.15%  14.3  816s
 52654 28395 8.7396e+11   30    5 8.7526e+11 8.7393e+11  0.15%  14.5  822s
 53677 29210 8.7413e+11   59    8 8.7526e+11 8.7393e+11  0.15%  14.7  826s
 54733 29922 8.7419e+11   91    9 8.7526e+11 8.7393e+11  0.15%  14.6  832s
 55789 30515 8.7431e+11  122    4 8.7526e+11 8.7393e+11  0.15%  14.5  838s
 56845 30940 8.7478e+11  153    5 8.7526e+11 8.7393e+11  0.15%  14.4  843s
 57901 31516 8.7485e+11  184    4 8.7526e+11 8.7393e+11  0.15%  14.3  847s
 58956 31517 8.7444e+11   94    7 8.7526e+11 8.7393e+11  0.15%  14.3  891s
 58958 31518 8.7484e+11  218   10 8.7526e+11 8.7393e+11  0.15%  14.3  904s
 58959 31519 8.7458e+11  110    5 8.7526e+11 8.7393e+11  0.15%  14.3  908s
 58960 31520 8.7419e+11   75    5 8.7526e+11 8.7393e+11  0.15%  14.3  913s
 58961 31520 8.7452e+11  121    5 8.7526e+11 8.7393e+11  0.15%  14.3  918s
 58962 31524 8.7393e+11   20    5 8.7526e+11 8.7393e+11  0.15%  15.2  920s
 59024 31595 8.7393e+11   25    5 8.7526e+11 8.7393e+11  0.15%  15.2  925s
 59056 31617 8.7395e+11   25    5 8.7526e+11 8.7393e+11  0.15%  15.2  941s
 59120 31659 8.7395e+11   26    5 8.7526e+11 8.7393e+11  0.15%  15.2 1063s
 59198 31737 8.7395e+11   27    5 8.7526e+11 8.7393e+11  0.15%  15.2 1065s
 59256 31758 8.7397e+11   28    5 8.7526e+11 8.7393e+11  0.15%  15.2 1080s
 59296 32211 8.7397e+11   29    5 8.7526e+11 8.7393e+11  0.15%  15.2 1089s
 59762 33030 8.7402e+11   38    5 8.7526e+11 8.7393e+11  0.15%  15.2 1108s
 60737 33561 8.7400e+11   55    5 8.7526e+11 8.7393e+11  0.15%  15.0 1123s
 61593 34109 8.7406e+11   71    5 8.7526e+11 8.7393e+11  0.15%  15.0 1138s
 62448 34403 8.7409e+11   90    5 8.7526e+11 8.7393e+11  0.15%  14.9 1147s
 63442 34530 8.7412e+11  121    4 8.7526e+11 8.7393e+11  0.15%  14.7 1155s
 64423 34697 8.7419e+11  153    4 8.7526e+11 8.7393e+11  0.15%  14.6 1161s
 65399 34869 8.7484e+11  185    8 8.7526e+11 8.7393e+11  0.15%  14.5 1167s
 66376 34565 8.7489e+11  218    4 8.7526e+11 8.7393e+11  0.15%  14.7 1220s
 66412 35465 8.7489e+11  219    4 8.7526e+11 8.7393e+11  0.15%  14.7 1227s
 67381 36058 8.7399e+11   41    5 8.7526e+11 8.7393e+11  0.15%  14.6 1233s
 68352 36542 8.7405e+11   57    5 8.7526e+11 8.7393e+11  0.15%  14.6 1239s
 69247 36687 8.7402e+11   74    5 8.7526e+11 8.7393e+11  0.15%  14.8 1246s
 70075 36917 8.7411e+11   95    5 8.7526e+11 8.7393e+11  0.15%  15.0 1252s
 70925 37149 8.7413e+11  126    4 8.7526e+11 8.7393e+11  0.15%  15.2 1260s
 71875 37452 8.7421e+11  159    4 8.7526e+11 8.7393e+11  0.15%  15.4 1267s
 72931 37906 8.7484e+11  191    8 8.7526e+11 8.7393e+11  0.15%  15.6 1276s
 73987 38527 8.7406e+11   54    5 8.7526e+11 8.7393e+11  0.15%  15.4 1283s
 75043 39167 8.7438e+11   83    5 8.7526e+11 8.7393e+11  0.15%  15.3 1288s
 76099 39829 8.7431e+11  114    4 8.7526e+11 8.7393e+11  0.15%  15.3 1293s
 77155 40180 8.7439e+11  144    4 8.7526e+11 8.7393e+11  0.15%  15.2 1299s
 78211 40194 8.7490e+11  176    5 8.7526e+11 8.7393e+11  0.15%  15.1 1305s
 79267 40417 8.7396e+11   31    5 8.7526e+11 8.7393e+11  0.15%  15.0 1310s
 80323 40941 8.7399e+11   35    5 8.7526e+11 8.7393e+11  0.15%  14.9 1316s
 81379 41577 8.7402e+11   64    5 8.7526e+11 8.7393e+11  0.15%  15.0 1323s
 82435 42188 8.7407e+11   81    5 8.7526e+11 8.7393e+11  0.15%  14.9 1330s
 83491 42454 8.7411e+11  108    5 8.7526e+11 8.7393e+11  0.15%  14.8 1336s
 84535 42123 8.7418e+11  141    4 8.7526e+11 8.7393e+11  0.15%  14.8 1379s
 84568 42527 8.7418e+11  142    8 8.7526e+11 8.7393e+11  0.15%  14.8 1385s
 85587 42707 8.7431e+11  175    4 8.7526e+11 8.7393e+11  0.15%  14.8 1390s
 86613 42985 8.7478e+11  186    4 8.7526e+11 8.7393e+11  0.15%  14.8 1397s
 87634 43334 8.7488e+11  219    4 8.7526e+11 8.7393e+11  0.15%  14.9 1403s
 88690 43889 8.7396e+11   43    5 8.7526e+11 8.7393e+11  0.15%  14.9 1412s
 89746 44529 8.7400e+11   76    4 8.7526e+11 8.7393e+11  0.15%  14.8 1416s
 90802 44849 8.7407e+11  109    4 8.7526e+11 8.7393e+11  0.15%  14.7 1422s
 91856 44853 8.7462e+11  141    5 8.7526e+11 8.7393e+11  0.15%  14.6 1428s
 92907 44949 8.7464e+11  174    5 8.7526e+11 8.7393e+11  0.15%  14.5 1435s
 93961 45219 8.7476e+11  207    4 8.7526e+11 8.7393e+11  0.15%  14.5 1440s
 95017 45648 8.7484e+11  240    8 8.7526e+11 8.7393e+11  0.15%  14.5 1445s
 97129 46501 8.7400e+11   79    4 8.7526e+11 8.7393e+11  0.15%  14.5 1454s
 98179 46648 8.7407e+11  112    4 8.7526e+11 8.7393e+11  0.15%  14.4 1459s
 99211 46641 8.7462e+11  144    5 8.7526e+11 8.7393e+11  0.15%  14.4 1465s
 100250 46644 8.7464e+11  177    5 8.7526e+11 8.7393e+11  0.15%  14.4 1481s
 101082 46954 8.7471e+11  203    4 8.7526e+11 8.7393e+11  0.15%  14.4 1486s
 102138 47351 8.7484e+11  236    4 8.7526e+11 8.7393e+11  0.15%  14.4 1491s
 103194 47924 8.7397e+11   43    5 8.7526e+11 8.7393e+11  0.15%  14.5 1495s
 104250 48570 8.7400e+11   76    4 8.7526e+11 8.7393e+11  0.15%  14.5 1500s
 105306 48884 8.7407e+11  109    4 8.7526e+11 8.7393e+11  0.15%  14.4 1505s
 106347 48910 8.7462e+11  142    5 8.7526e+11 8.7393e+11  0.15%  14.4 1511s
 107374 48583 8.7464e+11  175    5 8.7526e+11 8.7393e+11  0.15%  14.4 1561s
 107406 49018 8.7464e+11  176    5 8.7526e+11 8.7393e+11  0.15%  14.4 1567s
 108443 49265 8.7476e+11  209    4 8.7526e+11 8.7393e+11  0.15%  14.4 1575s
 109462 49741 8.7484e+11  242    8 8.7526e+11 8.7393e+11  0.15%  14.5 1581s
 110516 50386 8.7398e+11   49    5 8.7526e+11 8.7393e+11  0.15%  14.5 1587s
 111572 50921 8.7400e+11   82    9 8.7526e+11 8.7393e+11  0.15%  14.4 1592s
 112628 51140 8.7408e+11  115    4 8.7526e+11 8.7393e+11  0.15%  14.4 1597s
 113683 51019 8.7463e+11  147    5 8.7526e+11 8.7393e+11  0.15%  14.3 1603s
 114739 51122 8.7471e+11  180    8 8.7526e+11 8.7393e+11  0.15%  14.2 1610s
 115764 51525 8.7476e+11  213    4 8.7526e+11 8.7393e+11  0.15%  14.2 1616s
 116805 52043 8.7485e+11  246    4 8.7526e+11 8.7393e+11  0.15%  14.3 1622s
 117847 52692 8.7410e+11   55    5 8.7526e+11 8.7393e+11  0.15%  14.3 1635s
 118903 53142 8.7419e+11   85    5 8.7526e+11 8.7393e+11  0.15%  14.2 1643s
 119938 53491 8.7426e+11  115    4 8.7526e+11 8.7393e+11  0.15%  14.2 1650s
 120958 53600 8.7482e+11  145    5 8.7526e+11 8.7393e+11  0.15%  14.2 1657s
 121964 53784 8.7484e+11  178    5 8.7526e+11 8.7394e+11  0.15%  14.1 1664s
 123002 54178 8.7399e+11   33   10 8.7526e+11 8.7394e+11  0.15%  14.1 1671s
 124048 54481 8.7419e+11   66    5 8.7526e+11 8.7394e+11  0.15%  14.1 1679s
 125080 54779 8.7429e+11   96    4 8.7526e+11 8.7394e+11  0.15%  14.0 1685s
 126125 54975 8.7435e+11  127    4 8.7526e+11 8.7394e+11  0.15%  14.0 1691s
 127157 55163 8.7491e+11  157    5 8.7526e+11 8.7394e+11  0.15%  13.9 1699s
 128188 55495 8.7396e+11   38    5 8.7526e+11 8.7394e+11  0.15%  13.9 1705s
 129239 55959 8.7399e+11   71    5 8.7526e+11 8.7394e+11  0.15%  13.9 1712s
 130271 56412 8.7406e+11  104    5 8.7526e+11 8.7394e+11  0.15%  13.8 1720s
 131285 56651 8.7461e+11  136    5 8.7526e+11 8.7394e+11  0.15%  13.8 1725s
 132323 56864 8.7464e+11  169    5 8.7526e+11 8.7394e+11  0.15%  13.7 1731s
 133379 57028 8.7471e+11  202    4 8.7526e+11 8.7394e+11  0.15%  13.7 1737s
 134435 57338 8.7484e+11  235    4 8.7526e+11 8.7394e+11  0.15%  13.7 1742s
 135490 57757 8.7398e+11   46    5 8.7526e+11 8.7394e+11  0.15%  13.7 1748s
 136546 58171 8.7399e+11   79    9 8.7526e+11 8.7394e+11  0.15%  13.7 1753s
 137602 58308 8.7407e+11  112    4 8.7526e+11 8.7394e+11  0.15%  13.7 1770s
 138498 58460 8.7461e+11  139    5 8.7526e+11 8.7394e+11  0.15%  13.6 1775s
 139554 58634 8.7464e+11  172    5 8.7526e+11 8.7394e+11  0.15%  13.6 1780s
 140608 58911 8.7475e+11  205    4 8.7526e+11 8.7394e+11  0.15%  13.6 1785s
 142705 59608 8.7398e+11   48    5 8.7526e+11 8.7394e+11  0.15%  13.7 1793s
 143761 59975 8.7400e+11   81    4 8.7526e+11 8.7394e+11  0.15%  13.7 1799s
 144812 60128 8.7407e+11  114    4 8.7526e+11 8.7394e+11  0.15%  13.7 1804s
 145868 60222 8.7462e+11  146   10 8.7526e+11 8.7394e+11  0.15%  13.6 1809s
 146924 60414 8.7466e+11  179    4 8.7526e+11 8.7394e+11  0.15%  13.6 1817s
 147980 60628 8.7475e+11  212    4 8.7526e+11 8.7394e+11  0.15%  13.6 1822s
 149036 60996 8.7485e+11  245    8 8.7526e+11 8.7394e+11  0.15%  13.7 1826s
 150081 61432 8.7398e+11   55    5 8.7526e+11 8.7394e+11  0.15%  13.6 1831s
 151126 61844 8.7402e+11   88    4 8.7526e+11 8.7394e+11  0.15%  13.6 1836s
 152181 62016 8.7413e+11  121    4 8.7526e+11 8.7394e+11  0.15%  13.6 1841s
 153237 62275 8.7462e+11  153    5 8.7526e+11 8.7394e+11  0.15%  13.6 1845s
 154286 62770 8.7470e+11  186    4 8.7526e+11 8.7394e+11  0.15%  13.5 1850s
 155342 63311 8.7476e+11  219    4 8.7526e+11 8.7394e+11  0.15%  13.5 1855s
 156396 64013 8.7398e+11   30    5 8.7526e+11 8.7394e+11  0.15%  13.5 1860s
 158507 65370 8.7410e+11   96    4 8.7526e+11 8.7394e+11  0.15%  13.5 1869s
 159563 65927 8.7422e+11  129    4 8.7526e+11 8.7394e+11  0.15%  13.5 1873s
 160619 66529 8.7468e+11  161    5 8.7526e+11 8.7394e+11  0.15%  13.5 1878s
 161673 67127 8.7475e+11  194    8 8.7526e+11 8.7394e+11  0.15%  13.4 1882s
 162725 67783 8.7486e+11  227    8 8.7526e+11 8.7394e+11  0.15%  13.4 1886s
 163743 68525 8.7413e+11   39    5 8.7526e+11 8.7394e+11  0.15%  13.4 1891s
 164764 69220 8.7457e+11   52    5 8.7526e+11 8.7394e+11  0.15%  13.4 1897s
 165742 69756 8.7503e+11   65    5 8.7526e+11 8.7394e+11  0.15%  13.4 1902s
 166718 70496 8.7396e+11   35    5 8.7526e+11 8.7394e+11  0.15%  13.4 1908s
 167699 71310 8.7399e+11   68    4 8.7526e+11 8.7394e+11  0.15%  13.4 1913s
 168686 72193 8.7406e+11  101    4 8.7526e+11 8.7394e+11  0.15%  13.5 1918s
 169663 72898 8.7461e+11  134    5 8.7526e+11 8.7394e+11  0.15%  13.5 1925s
 170575 73480 8.7464e+11  167    5 8.7526e+11 8.7394e+11  0.15%  13.6 1933s
 171463 74079 8.7471e+11  200    4 8.7526e+11 8.7394e+11  0.15%  13.7 1941s
 172400 74830 8.7481e+11  233    4 8.7526e+11 8.7395e+11  0.15%  13.8 1947s
 173443 75752 8.7398e+11   47    5 8.7526e+11 8.7395e+11  0.15%  13.8 1952s
 174499 76664 8.7400e+11   78    4 8.7526e+11 8.7395e+11  0.15%  13.8 1956s
 175555 77423 8.7407e+11  107    4 8.7526e+11 8.7395e+11  0.15%  13.8 1961s
 176611 77821 8.7462e+11  139    5 8.7526e+11 8.7395e+11  0.15%  13.7 1969s
 177667 78198 8.7464e+11  171    5 8.7526e+11 8.7395e+11  0.15%  13.7 1973s
 178720 78790 8.7471e+11  203    4 8.7526e+11 8.7395e+11  0.15%  13.6 1977s
 179776 79576 8.7482e+11  234    4 8.7526e+11 8.7395e+11  0.15%  13.6 1981s
 180830 80515 8.7397e+11   40    5 8.7526e+11 8.7395e+11  0.15%  13.6 1985s
 182801 81814 8.7407e+11  106    4 8.7526e+11 8.7395e+11  0.15%  13.7 1993s
 183674 82266 8.7460e+11  138    5 8.7526e+11 8.7395e+11  0.15%  13.8 1998s
 184587 82873 8.7463e+11  171    5 8.7526e+11 8.7395e+11  0.15%  13.9 2004s
 185617 83576 8.7474e+11  204    4 8.7526e+11 8.7395e+11  0.15%  14.0 2009s
 186661 84561 8.7484e+11  237    4 8.7526e+11 8.7395e+11  0.15%  14.0 2014s
 187696 85587 8.7400e+11   45    5 8.7526e+11 8.7396e+11  0.15%  14.0 2019s
 188749 86546 8.7402e+11   73    4 8.7526e+11 8.7396e+11  0.15%  13.9 2023s
 189793 87204 8.7435e+11  104    5 8.7526e+11 8.7396e+11  0.15%  13.9 2028s
 190631 87686 8.7418e+11  126    4 8.7526e+11 8.7396e+11  0.15%  14.2 2033s
 191392 88296 8.7466e+11  157    5 8.7526e+11 8.7396e+11  0.15%  14.4 2038s
 192265 88992 8.7473e+11  190    4 8.7526e+11 8.7396e+11  0.15%  14.7 2043s
 193289 89770 8.7483e+11  221    4 8.7526e+11 8.7396e+11  0.15%  14.8 2048s
 194345 90775 8.7397e+11   47    5 8.7526e+11 8.7396e+11  0.15%  14.8 2052s
 195399 91720 8.7401e+11   80    4 8.7526e+11 8.7396e+11  0.15%  14.7 2057s
 196419 92206 8.7407e+11  113    4 8.7526e+11 8.7396e+11  0.15%  14.7 2062s
 197429 92477 8.7462e+11  145    5 8.7526e+11 8.7396e+11  0.15%  14.7 2066s
 198458 92825 8.7464e+11  178    5 8.7526e+11 8.7396e+11  0.15%  14.8 2071s
 199498 93462 8.7475e+11  211    4 8.7526e+11 8.7396e+11  0.15%  14.7 2075s
 200545 94424 8.7484e+11  244    8 8.7526e+11 8.7396e+11  0.15%  14.8 2080s
 201598 95424 8.7403e+11   50   10 8.7526e+11 8.7396e+11  0.15%  14.7 2085s
 202654 96303 8.7410e+11   81    5 8.7526e+11 8.7396e+11  0.15%  14.7 2090s
 203708 96928 8.7414e+11  107    5 8.7526e+11 8.7396e+11  0.15%  14.6 2095s
 204759 97711 8.7419e+11  140    4 8.7526e+11 8.7396e+11  0.15%  14.6 2101s
 205802 98500 8.7430e+11  173    4 8.7526e+11 8.7396e+11  0.15%  14.6 2111s
 206851 99280 8.7477e+11  197    4 8.7526e+11 8.7396e+11  0.15%  14.6 2118s
 207853 99993 8.7488e+11  229    4 8.7526e+11 8.7396e+11  0.15%  14.5 2125s
 208841 100569 8.7407e+11   62    8 8.7526e+11 8.7396e+11  0.15%  14.6 2132s
 209795 101185 8.7413e+11   95    8 8.7526e+11 8.7396e+11  0.15%  14.6 2139s
 210771 101873 8.7461e+11  124    5 8.7526e+11 8.7396e+11  0.15%  14.7 2145s
 211776 102734 8.7465e+11  150    5 8.7526e+11 8.7396e+11  0.15%  14.7 2152s
 212821 103517 8.7473e+11  183    4 8.7526e+11 8.7396e+11  0.15%  14.7 2158s
 213872 104282 8.7479e+11  216    4 8.7526e+11 8.7396e+11  0.15%  14.7 2165s
 214916 104891 infeasible  241      8.7526e+11 8.7396e+11  0.15%  14.7 2171s
 215960 105416 8.7398e+11   62    5 8.7526e+11 8.7396e+11  0.15%  14.6 2176s
 216985 105988 8.7405e+11   95    4 8.7526e+11 8.7396e+11  0.15%  14.6 2183s
 217999 106736 8.7416e+11  128    8 8.7526e+11 8.7396e+11  0.15%  14.6 2190s
 219030 107545 8.7426e+11  157    6 8.7526e+11 8.7396e+11  0.15%  14.6 2196s
 220053 108206 8.7455e+11  173    3 8.7526e+11 8.7396e+11  0.15%  14.6 2201s
 221094 108826 8.7464e+11  191    4 8.7526e+11 8.7396e+11  0.15%  14.6 2206s
 222125 109234 8.7474e+11  222    2 8.7526e+11 8.7396e+11  0.15%  14.6 2213s
 223136 109535 8.7413e+11   41    5 8.7526e+11 8.7396e+11  0.15%  14.6 2228s
 223652 110275 8.7436e+11   46    5 8.7526e+11 8.7396e+11  0.15%  14.6 2234s
 224692 111044 8.7492e+11   59    5 8.7526e+11 8.7396e+11  0.15%  14.6 2241s
 225731 111857 8.7517e+11   79    5 8.7526e+11 8.7396e+11  0.15%  14.6 2247s
 226784 112559 8.7415e+11   62    5 8.7526e+11 8.7396e+11  0.15%  14.5 2252s
 227819 113164 8.7417e+11   89    4 8.7526e+11 8.7396e+11  0.15%  14.5 2257s
 228831 113723 8.7425e+11  118    4 8.7526e+11 8.7396e+11  0.15%  14.5 2263s
 229860 114249 8.7480e+11  149    5 8.7526e+11 8.7396e+11  0.15%  14.6 2269s
 230913 114941 8.7488e+11  181    8 8.7526e+11 8.7396e+11  0.15%  14.6 2274s
 231932 115757 8.7399e+11   40    5 8.7526e+11 8.7396e+11  0.15%  14.6 2280s
 232940 116617 8.7404e+11   71    5 8.7526e+11 8.7396e+11  0.15%  14.6 2286s
 233968 117346 8.7411e+11  103    4 8.7526e+11 8.7396e+11  0.15%  14.6 2291s
 235024 117979 8.7419e+11  134    4 8.7526e+11 8.7396e+11  0.15%  14.6 2300s
 236073 118528 8.7469e+11  164    5 8.7526e+11 8.7396e+11  0.15%  14.6 2305s
 238147 120061 8.7487e+11  228    4 8.7526e+11 8.7396e+11  0.15%  14.5 2314s
 239188 120842 8.7400e+11   54    5 8.7526e+11 8.7396e+11  0.15%  14.5 2319s
 240225 121586 8.7409e+11   87    8 8.7526e+11 8.7396e+11  0.15%  14.5 2324s
 241256 122219 8.7414e+11  120    8 8.7526e+11 8.7396e+11  0.15%  14.5 2329s
 242204 122831 8.7425e+11  152    3 8.7526e+11 8.7396e+11  0.15%  14.6 2335s
 243033 123592 8.7431e+11  170    4 8.7526e+11 8.7396e+11  0.15%  14.8 2341s
 243859 124445 8.7466e+11  188    2 8.7526e+11 8.7396e+11  0.15%  14.9 2347s
 244758 125251 8.7468e+11  209    2 8.7526e+11 8.7396e+11  0.15%  15.0 2353s
 245762 126166 8.7478e+11  242    2 8.7526e+11 8.7396e+11  0.15%  15.1 2358s
 246805 127128 8.7414e+11   56   10 8.7526e+11 8.7396e+11  0.15%  15.1 2364s
 247859 127865 8.7423e+11   87    4 8.7526e+11 8.7396e+11  0.15%  15.1 2369s
 248913 128451 8.7448e+11  114    5 8.7526e+11 8.7396e+11  0.15%  15.1 2374s
 249931 129025 8.7432e+11  141    8 8.7526e+11 8.7396e+11  0.15%  15.1 2378s
 250950 129624 8.7489e+11  171    5 8.7526e+11 8.7396e+11  0.15%  15.1 2383s
 251969 130392 8.7398e+11   57    5 8.7526e+11 8.7396e+11  0.15%  15.1 2387s
 253010 131166 8.7405e+11   90    4 8.7526e+11 8.7396e+11  0.15%  15.1 2391s
 254031 131908 8.7415e+11  123    4 8.7526e+11 8.7396e+11  0.15%  15.1 2396s
 255027 132613 8.7462e+11  155    5 8.7526e+11 8.7396e+11  0.15%  15.1 2400s
 256022 133379 8.7470e+11  188    8 8.7526e+11 8.7396e+11  0.15%  15.2 2405s
 257045 134007 8.7480e+11  221    4 8.7526e+11 8.7396e+11  0.15%  15.2 2410s
 259114 135460 8.7402e+11   64    4 8.7526e+11 8.7396e+11  0.15%  15.2 2420s
 260127 136301 8.7408e+11   97    4 8.7526e+11 8.7396e+11  0.15%  15.2 2425s
 261145 137135 8.7455e+11  124    5 8.7526e+11 8.7396e+11  0.15%  15.2 2431s
 262177 137812 8.7461e+11  154    5 8.7526e+11 8.7396e+11  0.15%  15.2 2436s
 263227 138393 8.7468e+11  187    4 8.7526e+11 8.7396e+11  0.15%  15.2 2440s
 264249 139029 8.7477e+11  220    4 8.7526e+11 8.7396e+11  0.15%  15.2 2449s
 265279 139672 8.7397e+11   32    5 8.7526e+11 8.7396e+11  0.15%  15.2 2453s
 266329 140427 8.7410e+11   61    5 8.7526e+11 8.7396e+11  0.15%  15.2 2458s
 267371 140452 8.7417e+11   93    4 8.7526e+11 8.7396e+11  0.15%  15.2 2504s
 267403 141274 8.7441e+11   94    5 8.7526e+11 8.7396e+11  0.15%  15.2 2509s
 268443 141944 8.7426e+11  122    4 8.7526e+11 8.7396e+11  0.15%  15.2 2514s
 269483 142547 8.7475e+11  153    5 8.7526e+11 8.7396e+11  0.15%  15.2 2520s
 270493 143131 infeasible  186      8.7526e+11 8.7396e+11  0.15%  15.2 2526s
 271455 143916 8.7488e+11  218    4 8.7526e+11 8.7396e+11  0.15%  15.2 2531s
 272462 144719 8.7401e+11   60    5 8.7526e+11 8.7396e+11  0.15%  15.2 2536s
 273484 145400 8.7408e+11   93    4 8.7526e+11 8.7396e+11  0.15%  15.3 2541s
 274518 145959 8.7418e+11  126    4 8.7526e+11 8.7396e+11  0.15%  15.2 2545s
 275573 146449 8.7467e+11  158   10 8.7526e+11 8.7396e+11  0.15%  15.2 2550s
 277650 147746 8.7484e+11  224   12 8.7526e+11 8.7396e+11  0.15%  15.2 2558s
 278677 148529 8.7410e+11   51    5 8.7526e+11 8.7396e+11  0.15%  15.2 2565s
 279656 149245 8.7412e+11   80    4 8.7526e+11 8.7396e+11  0.15%  15.2 2571s
 280650 149937 8.7419e+11  109    4 8.7526e+11 8.7396e+11  0.15%  15.2 2577s
 281639 150661 8.7473e+11  138    5 8.7526e+11 8.7396e+11  0.15%  15.2 2583s
 282673 151440 8.7476e+11  171    5 8.7526e+11 8.7396e+11  0.15%  15.2 2588s
 283722 152260 8.7483e+11  203    4 8.7526e+11 8.7396e+11  0.15%  15.2 2595s
 284741 153078 8.7402e+11   36    5 8.7526e+11 8.7396e+11  0.15%  15.2 2600s
 285757 153692 8.7442e+11   45    5 8.7526e+11 8.7396e+11  0.15%  15.2 2607s
 286746 154297 8.7495e+11   56    5 8.7526e+11 8.7396e+11  0.15%  15.2 2613s
 287708 154996 8.7406e+11   39    5 8.7526e+11 8.7396e+11  0.15%  15.2 2620s
 288623 155813 8.7404e+11   55    5 8.7526e+11 8.7396e+11  0.15%  15.3 2625s
 289602 156627 8.7410e+11   70    5 8.7526e+11 8.7396e+11  0.15%  15.3 2631s
 290631 157393 8.7413e+11   86    5 8.7526e+11 8.7396e+11  0.15%  15.4 2637s
 291662 157926 8.7416e+11  117    4 8.7526e+11 8.7396e+11  0.15%  15.4 2644s
 292658 158543 8.7422e+11  149    8 8.7526e+11 8.7396e+11  0.15%  15.4 2650s
 293665 159211 8.7487e+11  181    4 8.7526e+11 8.7396e+11  0.15%  15.4 2659s
 294694 160065 8.7399e+11   40    5 8.7526e+11 8.7396e+11  0.15%  15.4 2663s
 295740 160910 8.7417e+11   73    5 8.7526e+11 8.7396e+11  0.15%  15.4 2669s
 296759 161722 8.7419e+11   98    4 8.7526e+11 8.7396e+11  0.15%  15.4 2674s
 297793 162378 8.7426e+11  130    4 8.7526e+11 8.7396e+11  0.15%  15.4 2679s
 298799 162904 8.7483e+11  160    5 8.7526e+11 8.7396e+11  0.15%  15.4 2684s
 299786 163450 infeasible  192      8.7526e+11 8.7396e+11  0.15%  15.4 2689s
 300779 164039 8.7401e+11   51   10 8.7526e+11 8.7396e+11  0.15%  15.4 2706s
 301659 164880 8.7403e+11   80   10 8.7526e+11 8.7396e+11  0.15%  15.5 2711s
 302653 165699 8.7410e+11  113    4 8.7526e+11 8.7396e+11  0.15%  15.5 2716s
 303687 166455 8.7465e+11  145    5 8.7526e+11 8.7396e+11  0.15%  15.5 2720s
 304733 167057 8.7467e+11  178    5 8.7526e+11 8.7396e+11  0.15%  15.5 2725s
 306707 168339 8.7399e+11   36    5 8.7526e+11 8.7396e+11  0.15%  15.6 2734s
 307730 169108 8.7402e+11   69    4 8.7526e+11 8.7396e+11  0.15%  15.6 2738s
 308759 170003 8.7409e+11  102    4 8.7526e+11 8.7396e+11  0.15%  15.6 2743s
 309781 170837 8.7464e+11  134    5 8.7526e+11 8.7396e+11  0.15%  15.7 2748s
 310816 171559 8.7467e+11  167    5 8.7526e+11 8.7396e+11  0.15%  15.7 2753s
 311827 172234 8.7474e+11  200    4 8.7526e+11 8.7396e+11  0.15%  15.7 2758s
 312748 172979 8.7485e+11  233    4 8.7526e+11 8.7396e+11  0.15%  15.8 2763s
 313652 173630 8.7399e+11   67    5 8.7526e+11 8.7396e+11  0.15%  15.9 2768s
 314644 174327 8.7405e+11   98    8 8.7526e+11 8.7396e+11  0.15%  16.0 2773s
 315685 175023 8.7417e+11  127    4 8.7526e+11 8.7396e+11  0.15%  16.0 2778s
 316735 175807 8.7463e+11  158    5 8.7526e+11 8.7396e+11  0.15%  16.0 2782s
 317791 176346 infeasible  190      8.7526e+11 8.7396e+11  0.15%  15.9 2787s
 318844 176958 8.7476e+11  220    4 8.7526e+11 8.7396e+11  0.15%  15.9 2792s
 319878 177585 infeasible  247      8.7526e+11 8.7396e+11  0.15%  15.9 2796s
 320903 178302 8.7413e+11   71    4 8.7526e+11 8.7396e+11  0.15%  15.9 2801s
 321934 178982 8.7419e+11  101    4 8.7526e+11 8.7396e+11  0.15%  15.9 2806s
 322952 179686 8.7475e+11  132    5 8.7526e+11 8.7396e+11  0.15%  15.9 2814s
 323938 180466 8.7478e+11  165    5 8.7526e+11 8.7396e+11  0.15%  16.0 2819s
 324939 181267 8.7484e+11  196    4 8.7526e+11 8.7396e+11  0.15%  16.0 2824s
 325995 182043 8.7396e+11   36    5 8.7526e+11 8.7396e+11  0.15%  16.0 2830s
 327050 182663 8.7399e+11   69    5 8.7526e+11 8.7396e+11  0.15%  16.0 2835s
 328100 182679 8.7406e+11  102    4 8.7526e+11 8.7396e+11  0.15%  15.9 2881s
 328132 183265 8.7406e+11  103    4 8.7526e+11 8.7396e+11  0.15%  15.9 2886s
 329182 183939 8.7417e+11  136    4 8.7526e+11 8.7396e+11  0.15%  15.9 2891s
 330199 184661 8.7427e+11  160    3 8.7526e+11 8.7396e+11  0.15%  15.9 2895s
 332150 186102 8.7465e+11  189    4 8.7526e+11 8.7396e+11  0.15%  16.0 2904s
 333164 186861 8.7396e+11   30    5 8.7526e+11 8.7396e+11  0.15%  16.0 2910s
 334204 187642 8.7399e+11   63    5 8.7526e+11 8.7396e+11  0.15%  16.0 2916s
 335190 188175 8.7418e+11   96    4 8.7526e+11 8.7396e+11  0.15%  16.0 2922s
 336190 188745 8.7431e+11  128    5 8.7526e+11 8.7396e+11  0.15%  16.0 2927s
 337185 189386 8.7435e+11  157    4 8.7526e+11 8.7396e+11  0.15%  16.0 2933s
 338226 190211 8.7441e+11  188    4 8.7526e+11 8.7396e+11  0.15%  16.0 2938s
 339282 191111 8.7400e+11   42    5 8.7526e+11 8.7396e+11  0.15%  16.0 2943s
 340338 191873 8.7402e+11   75    5 8.7526e+11 8.7396e+11  0.15%  15.9 2947s
 341384 192428 8.7414e+11  108    4 8.7526e+11 8.7396e+11  0.15%  15.9 2953s
 342396 192905 8.7423e+11  141    8 8.7526e+11 8.7396e+11  0.15%  15.9 2959s
 343356 193441 8.7430e+11  162    9 8.7526e+11 8.7396e+11  0.15%  16.0 2965s
 344336 194151 8.7466e+11  178    2 8.7526e+11 8.7396e+11  0.15%  16.0 2970s
 345359 195024 8.7472e+11  200    2 8.7526e+11 8.7396e+11  0.15%  16.0 2976s
 346415 195925 8.7397e+11   53    5 8.7526e+11 8.7396e+11  0.15%  16.0 2981s
 347471 196608 8.7404e+11   81    5 8.7526e+11 8.7396e+11  0.15%  16.0 2986s
 348524 197237 8.7409e+11  113    4 8.7526e+11 8.7396e+11  0.15%  16.0 2993s
 349579 198060 8.7415e+11  146    4 8.7526e+11 8.7396e+11  0.15%  15.9 2999s
 350634 198860 8.7469e+11  175    5 8.7526e+11 8.7396e+11  0.15%  15.9 3006s
 351679 199644 8.7475e+11  200    4 8.7526e+11 8.7396e+11  0.15%  15.9 3011s
 352726 200393 8.7484e+11  233    4 8.7526e+11 8.7396e+11  0.15%  15.9 3019s
 353773 200981 8.7401e+11   48    5 8.7526e+11 8.7396e+11  0.15%  15.9 3024s
 354813 201559 8.7403e+11   81    5 8.7526e+11 8.7396e+11  0.15%  15.8 3030s
 355852 201717 8.7411e+11  113    4 8.7526e+11 8.7396e+11  0.15%  15.8 3046s
 356067 202432 8.7411e+11  117    4 8.7526e+11 8.7396e+11  0.15%  15.8 3052s
 357123 203182 8.7466e+11  149    5 8.7526e+11 8.7396e+11  0.15%  15.8 3057s
 358179 203905 8.7474e+11  182    8 8.7526e+11 8.7396e+11  0.15%  15.8 3062s
 359230 204613 8.7479e+11  215    4 8.7526e+11 8.7396e+11  0.15%  15.8 3067s
 360231 205254 8.7399e+11   41    5 8.7526e+11 8.7396e+11  0.15%  15.8 3072s
 361228 205937 8.7402e+11   74    5 8.7526e+11 8.7396e+11  0.15%  15.8 3076s
 362207 206752 8.7409e+11  107    4 8.7526e+11 8.7396e+11  0.15%  15.8 3080s
 363227 207613 8.7422e+11  140    4 8.7526e+11 8.7396e+11  0.15%  15.9 3085s
 365086 209295 8.7467e+11  181    4 8.7526e+11 8.7396e+11  0.15%  16.0 3094s
 366052 209893 8.7475e+11  204    2 8.7526e+11 8.7396e+11  0.15%  16.1 3099s
 367101 210571 8.7406e+11   37    5 8.7526e+11 8.7396e+11  0.15%  16.1 3105s
 368135 211384 8.7408e+11   54    5 8.7526e+11 8.7396e+11  0.15%  16.1 3111s
 369162 212277 8.7405e+11   70    5 8.7526e+11 8.7396e+11  0.15%  16.1 3117s
 370167 213196 8.7413e+11   86    5 8.7526e+11 8.7396e+11  0.15%  16.1 3123s
 371153 214205 8.7416e+11  117    4 8.7526e+11 8.7396e+11  0.15%  16.1 3127s
 372209 214911 8.7422e+11  148    8 8.7526e+11 8.7396e+11  0.15%  16.1 3131s
 373253 215328 8.7488e+11  180    4 8.7526e+11 8.7396e+11  0.15%  16.1 3136s
 374270 216035 8.7408e+11   39    5 8.7526e+11 8.7396e+11  0.15%  16.1 3140s
 375277 216886 8.7416e+11   70    5 8.7526e+11 8.7396e+11  0.15%  16.1 3145s
 376302 217822 8.7442e+11   99    5 8.7526e+11 8.7396e+11  0.15%  16.1 3150s
 377342 218600 8.7447e+11  128    8 8.7526e+11 8.7396e+11  0.15%  16.1 3156s
 378371 219283 8.7498e+11  158    5 8.7526e+11 8.7396e+11  0.15%  16.1 3162s
 379402 219307 8.7428e+11   41    5 8.7526e+11 8.7396e+11  0.15%  16.1 3213s
 379434 220136 8.7419e+11   43    5 8.7526e+11 8.7396e+11  0.15%  16.1 3220s
 380456 220159 8.7478e+11   56    5 8.7526e+11 8.7396e+11  0.15%  16.1 3270s
 380491 220933 8.7485e+11   57    5 8.7526e+11 8.7396e+11  0.15%  16.1 3277s
 381516 221683 8.7526e+11   72    5 8.7526e+11 8.7396e+11  0.15%  16.1 3283s
 382505 222503 8.7397e+11   46    5 8.7526e+11 8.7396e+11  0.15%  16.1 3291s
 383509 223343 8.7399e+11   79    5 8.7526e+11 8.7396e+11  0.15%  16.1 3297s
 384525 224108 8.7411e+11  112    4 8.7526e+11 8.7396e+11  0.15%  16.1 3302s
 385511 224733 8.7420e+11  145    8 8.7526e+11 8.7396e+11  0.15%  16.2 3307s
 386514 225203 8.7428e+11  168    4 8.7526e+11 8.7396e+11  0.15%  16.2 3312s
 387542 225795 8.7463e+11  187    4 8.7526e+11 8.7396e+11  0.15%  16.2 3317s
 388561 226563 8.7467e+11  205    3 8.7526e+11 8.7396e+11  0.15%  16.2 3322s
 389565 227449 8.7396e+11   35    5 8.7526e+11 8.7396e+11  0.15%  16.2 3327s
 390562 228287 8.7399e+11   68    5 8.7526e+11 8.7396e+11  0.15%  16.2 3333s
 391581 228840 8.7406e+11  101    4 8.7526e+11 8.7396e+11  0.15%  16.2 3339s
 392614 229361 8.7417e+11  134    4 8.7526e+11 8.7396e+11  0.15%  16.2 3345s
 393610 230106 8.7427e+11  158    6 8.7526e+11 8.7396e+11  0.15%  16.2 3350s
 394608 230906 8.7458e+11  178    4 8.7526e+11 8.7396e+11  0.15%  16.3 3356s
 395584 231781 8.7464e+11  193    4 8.7526e+11 8.7396e+11  0.15%  16.3 3361s
 396617 232487 8.7475e+11  221    2 8.7526e+11 8.7396e+11  0.15%  16.3 3366s
 397620 233073 8.7398e+11   60    5 8.7526e+11 8.7396e+11  0.15%  16.3 3372s
 398555 233684 8.7405e+11   93    4 8.7526e+11 8.7396e+11  0.15%  16.3 3378s
 399458 234305 8.7416e+11  126   12 8.7526e+11 8.7396e+11  0.15%  16.4 3384s
 400365 235097 8.7420e+11  148    4 8.7526e+11 8.7396e+11  0.15%  16.5 3390s
 401327 235793 8.7428e+11  169    8 8.7526e+11 8.7396e+11  0.15%  16.5 3397s
 402297 236521 8.7463e+11  189    7 8.7526e+11 8.7396e+11  0.15%  16.5 3403s
 403297 237294 8.7474e+11  217    2 8.7526e+11 8.7396e+11  0.15%  16.5 3410s
 404302 238220 8.7402e+11   47    5 8.7526e+11 8.7396e+11  0.15%  16.5 3417s
 405336 239170 8.7403e+11   80   10 8.7526e+11 8.7396e+11  0.15%  16.5 3424s
 406390 239864 8.7411e+11  113    4 8.7526e+11 8.7396e+11  0.15%  16.5 3429s
 407438 240351 8.7466e+11  145    5 8.7526e+11 8.7396e+11  0.15%  16.5 3435s
 408460 240892 8.7468e+11  178    5 8.7526e+11 8.7396e+11  0.15%  16.4 3443s
 409452 241614 8.7479e+11  211    4 8.7526e+11 8.7396e+11  0.15%  16.5 3449s
 410440 242484 8.7400e+11   38    5 8.7526e+11 8.7396e+11  0.15%  16.5 3455s
 411450 243277 8.7403e+11   71    4 8.7526e+11 8.7396e+11  0.15%  16.5 3467s
 412443 244008 8.7410e+11  104    4 8.7526e+11 8.7396e+11  0.15%  16.5 3474s
 413282 244008 8.7400e+11   31    5 8.7526e+11 8.7396e+11  0.15%  16.5 3475s
 413445 244648 8.7465e+11  136    5 8.7526e+11 8.7396e+11  0.15%  16.5 3481s
 414450 245205 8.7468e+11  169    5 8.7526e+11 8.7396e+11  0.15%  16.5 3488s
 415432 245785 8.7474e+11  202    4 8.7526e+11 8.7396e+11  0.15%  16.6 3496s
 416434 246610 infeasible  232      8.7526e+11 8.7396e+11  0.15%  16.6 3502s
 417472 247516 8.7402e+11   62    5 8.7526e+11 8.7396e+11  0.15%  16.6 3509s
 418518 248411 8.7409e+11   91    4 8.7526e+11 8.7396e+11  0.15%  16.6 3514s
 419552 249038 8.7417e+11  121    4 8.7526e+11 8.7396e+11  0.15%  16.6 3519s
 420577 249489 8.7466e+11  151    5 8.7526e+11 8.7396e+11  0.15%  16.5 3527s
 421604 249995 8.7474e+11  184    4 8.7526e+11 8.7396e+11  0.15%  16.5 3532s
 422657 250666 8.7480e+11  215    4 8.7526e+11 8.7396e+11  0.15%  16.5 3538s
 423672 250930 8.7397e+11   39    5 8.7526e+11 8.7396e+11  0.15%  16.5 3555s
 424024 251681 8.7401e+11   44    5 8.7526e+11 8.7396e+11  0.15%  16.5 3561s
 425071 252418 8.7399e+11   61    5 8.7526e+11 8.7396e+11  0.15%  16.5 3567s
 426121 253023 8.7399e+11   77    5 8.7526e+11 8.7396e+11  0.15%  16.5 3572s
 427144 253687 8.7423e+11  100    5 8.7526e+11 8.7396e+11  0.15%  16.5 3578s
 428199 254473 8.7410e+11  132    9 8.7526e+11 8.7396e+11  0.15%  16.4 3582s
 429255 255234 8.7418e+11  165    4 8.7526e+11 8.7396e+11  0.15%  16.4 3587s
 430311 255941 8.7481e+11  197    4 8.7526e+11 8.7396e+11  0.15%  16.4 3591s
 431362 256654 8.7409e+11   45    5 8.7526e+11 8.7396e+11  0.15%  16.4 3595s
 432403 257219 8.7440e+11   78    5 8.7526e+11 8.7396e+11  0.15%  16.4 3600s

Cutting planes:
  Implied bound: 2
  Flow cover: 1
  Relax-and-lift: 2

Explored 433397 nodes (7175066 simplex iterations) in 3600.33 seconds (2454.85 work units)
Thread count was 32 (of 36 available processors)

Solution count 1: 8.75261e+11 

Time limit reached
Best objective 8.752609548069e+11, best bound 8.739648861683e+11, gap 0.1481%

User-callback calls 1271145, time in user-callback 0.38 sec
Set parameter TokenServer to value "license-1.hpc.nrel.gov"
Set parameter TimeLimit to value 3600
Set parameter MIPGap to value 0.001
Set parameter MIPGap to value 0.001
Set parameter TimeLimit to value 3600
Gurobi Optimizer version 9.5.1 build v9.5.1rc2 (linux64)
Thread count: 36 physical cores, 36 logical processors, using up to 32 threads
Optimize a model with 80158 rows, 992940 columns and 2033584 nonzeros
Model fingerprint: 0x7653c819
Coefficient statistics:
  Matrix range     [1e+00, 1e+05]
  Objective range  [2e-01, 8e+08]
  Bounds range     [1e+00, 1e+08]
  RHS range        [8e-01, 2e+06]

Concurrent LP optimizer: primal simplex, dual simplex, and barrier
Showing barrier log only...

Presolve removed 72360 rows and 410612 columns
Presolve time: 1.12s
Presolved: 7798 rows, 582328 columns, 1160340 nonzeros

Ordering time: 0.01s

Barrier statistics:
 AA' NZ     : 5.780e+05
 Factor NZ  : 1.063e+06 (roughly 240 MB of memory)
 Factor Ops : 1.876e+08 (less than 1 second per iteration)
 Threads    : 30

                  Objective                Residual
Iter       Primal          Dual         Primal    Dual     Compl     Time
   0   3.82094050e+12 -3.20599338e+11  4.74e+06 2.55e+02  8.17e+07     1s
   1   1.00877346e+12  4.78207886e+11  1.45e+05 2.27e-12  3.12e+06     2s
   2   9.15003365e+11  7.30733710e+11  4.91e+03 3.23e-01  3.83e+05     2s
   3   9.10541768e+11  7.94356946e+11  2.80e+03 1.82e-12  2.33e+05     2s
   4   8.99513813e+11  8.30464253e+11  9.78e+02 1.23e+00  1.29e+05     2s
   5   8.94933452e+11  8.48830546e+11  6.68e+02 1.82e-12  8.54e+04     2s
   6   8.87500050e+11  8.60836214e+11  2.28e+02 4.44e-01  4.75e+04     2s
   7   8.85827736e+11  8.65701560e+11  1.82e+02 2.85e-01  3.58e+04     2s
   8   8.81713906e+11  8.70120952e+11  7.60e+01 1.95e-01  2.03e+04     2s
   9   8.80095630e+11  8.72217874e+11  5.18e+01 1.21e-01  1.37e+04     2s
  10   8.78625141e+11  8.73603637e+11  3.43e+01 6.96e-02  8.71e+03     2s

Barrier performed 10 iterations in 2.18 seconds (1.45 work units)
Barrier solve interrupted - model solved by another algorithm


Solved with primal simplex
Solved in 63428 iterations and 2.19 seconds (1.32 work units)
Optimal objective  8.752609548e+11

User-callback calls 135, time in user-callback 0.00 sec
[ Info:  started timer at: 2023-03-27T13:33:34.255
[ Info: Reading /projects/pvsoiling/RELOG/Manufacturing_40209_1/input/solver/case.json...
[ Info:          134 collection centers
[ Info:          268 candidate plant locations
[ Info: Building graph...
[ Info:           26 time periods
[ Info:          268 process nodes
[ Info:          268 shipping nodes (plant)
[ Info:          134 shipping nodes (collection)
[ Info:        36180 arcs
[ Info: Building optimization model...
[ Info: Optimizing MILP...
[ Info: Re-optimizing with integer variables fixed...
[ Info: Extracting solution...
[ Info:        3651.81107367s: 1 hour, 51 seconds, 811 milliseconds
