Set parameter TokenServer to value "license-1.hpc.nrel.gov"
Set parameter TimeLimit to value 3600
Set parameter MIPGap to value 0.001
Set parameter MIPGap to value 0.001
Set parameter TimeLimit to value 3600
Gurobi Optimizer version 9.5.1 build v9.5.1rc2 (linux64)
Thread count: 36 physical cores, 36 logical processors, using up to 32 threads
Optimize a model with 332904 rows, 1385332 columns and 2833700 nonzeros
Model fingerprint: 0x85ee163c
Variable types: 1369264 continuous, 16068 integer (16068 binary)
Coefficient statistics:
  Matrix range     [3e-06, 1e+06]
  Objective range  [2e-01, 2e+07]
  Bounds range     [4e+03, 1e+08]
  RHS range        [1e-03, 2e+05]
Presolve removed 303464 rows and 282820 columns (presolve time = 5s) ...
Presolve removed 303464 rows and 282820 columns
Presolve time: 5.75s
Presolved: 29440 rows, 1102512 columns, 2232834 nonzeros
Variable types: 1092006 continuous, 10506 integer (10506 binary)

Deterministic concurrent LP optimizer: primal simplex, dual simplex, and barrier
Showing barrier log only...

Root barrier log...

Ordering time: 1.17s
Ordering time: 2.23s

Barrier statistics:
 Dense cols : 1
 AA' NZ     : 1.178e+06
 Factor NZ  : 1.637e+07 (roughly 600 MB of memory)
 Factor Ops : 2.996e+10 (less than 1 second per iteration)
 Threads    : 29

                  Objective                Residual
Iter       Primal          Dual         Primal    Dual     Compl     Time
   0   1.26255343e+14 -2.39824384e+14  1.89e+06 1.85e+03  5.01e+09    16s
   1   1.94881099e+13 -1.30644360e+14  2.90e+05 3.77e-09  7.97e+08    16s
   2   3.77126289e+12 -4.36184646e+13  5.61e+04 2.81e-06  1.58e+08    17s
   3   1.79487589e+11 -6.00241261e+12  2.54e+03 1.82e-07  8.71e+06    18s
   4   2.84049719e+10 -7.23213787e+11  2.92e+02 1.84e-08  9.43e+05    18s
   5   1.74969961e+10 -4.33331454e+11  1.32e+02 1.68e-08  4.57e+05    18s
   6   1.11614320e+10 -2.33024448e+11  3.83e+01 9.31e-09  1.75e+05    19s
   7   9.13505269e+09 -1.69114600e+11  1.04e+01 7.45e-09  9.64e+04    19s
   8   8.18455665e+09 -6.50443791e+10  2.38e+00 7.45e-09  3.55e+04    19s
   9   7.29038549e+09 -2.66611631e+10  1.09e+00 3.73e-09  1.60e+04    19s
  10   6.37282617e+09 -1.10675024e+10  4.12e-01 3.73e-09  8.02e+03    20s
  11   6.03743088e+09 -2.77484909e+09  2.58e-01 3.73e-09  4.03e+03    20s
  12   5.50226439e+09 -3.42468512e+08  7.64e-02 3.73e-09  2.65e+03    20s
  13   5.38387045e+09  7.34999408e+08  6.51e-02 3.73e-09  2.10e+03    20s
  14   5.24652600e+09  1.74834750e+09  5.25e-02 3.73e-09  1.58e+03    21s
  15   5.16580781e+09  2.88878754e+09  3.31e-02 3.73e-09  1.03e+03    21s
  16   5.09182770e+09  3.57223126e+09  3.36e-02 3.73e-09  6.85e+02    21s
  17   4.97494235e+09  3.97826849e+09  1.74e-02 3.73e-09  4.49e+02    21s
  18   4.92995401e+09  4.19847640e+09  1.33e-02 3.73e-09  3.30e+02    22s
  19   4.87145699e+09  4.25174299e+09  9.01e-03 3.73e-09  2.79e+02    22s
  20   4.80360180e+09  4.36958775e+09  5.09e-03 3.73e-09  1.95e+02    22s
  21   4.74668700e+09  4.46253836e+09  2.93e-03 3.73e-09  1.28e+02    23s
  22   4.71909279e+09  4.51531697e+09  2.24e-03 3.73e-09  9.18e+01    23s
  23   4.68982049e+09  4.55205889e+09  1.54e-03 3.73e-09  6.20e+01    24s
  24   4.65816518e+09  4.56404882e+09  8.03e-04 3.73e-09  4.24e+01    24s
  25   4.64171435e+09  4.57652002e+09  4.80e-04 3.73e-09  2.94e+01    25s
  26   4.63398875e+09  4.58415102e+09  3.63e-04 3.73e-09  2.24e+01    25s
  27   4.62732387e+09  4.58876629e+09  2.74e-04 3.73e-09  1.74e+01    25s
  28   4.61780973e+09  4.59157144e+09  1.66e-04 3.73e-09  1.18e+01    26s
  29   4.61043516e+09  4.59481691e+09  6.77e-05 3.73e-09  7.03e+00    26s
  30   4.60491541e+09  4.59736431e+09  2.59e-05 3.73e-09  3.40e+00    27s
  31   4.60164785e+09  4.59849326e+09  9.01e-06 3.73e-09  1.42e+00    28s
  32   4.60035413e+09  4.59907378e+09  4.06e-06 3.73e-09  5.76e-01    28s
  33   4.59982216e+09  4.59928774e+09  1.07e-06 3.73e-09  2.41e-01    29s
  34   4.59973814e+09  4.59938126e+09  6.93e-07 3.73e-09  1.61e-01    29s
  35   4.59963991e+09  4.59944619e+09  2.93e-07 3.73e-09  8.72e-02    29s
  36   4.59959378e+09  4.59947603e+09  1.37e-07 3.73e-09  5.30e-02    29s
  37   4.59957777e+09  4.59949513e+09  9.14e-08 3.73e-09  3.72e-02    30s
  38   4.59956149e+09  4.59951338e+09  4.94e-08 3.73e-09  2.17e-02    30s
  39   4.59954985e+09  4.59951900e+09  3.22e-08 3.73e-09  1.39e-02    30s
  40   4.59954473e+09  4.59952746e+09  1.90e-08 3.73e-09  7.77e-03    30s
  41   4.59954135e+09  4.59953224e+09  9.61e-09 3.73e-09  4.10e-03    31s
  42   4.59954010e+09  4.59953402e+09  6.46e-09 3.73e-09  2.74e-03    31s
  43   4.59953921e+09  4.59953515e+09  4.02e-09 3.73e-09  1.82e-03    32s
  44   4.59953813e+09  4.59953622e+09  1.27e-09 3.73e-09  8.58e-04    32s
  45   4.59953798e+09  4.59953718e+09  1.23e-09 3.73e-09  3.61e-04    33s
  46   4.59953794e+09  4.59953752e+09  9.42e-10 3.73e-09  1.91e-04    33s
  47   4.59953792e+09  4.59953768e+09  1.79e-09 3.73e-09  1.07e-04    34s
  48   4.59953791e+09  4.59953779e+09  5.29e-09 3.73e-09  5.44e-05    34s
  49   4.59953790e+09  4.59953787e+09  3.38e-08 3.73e-09  1.07e-05    35s
  50   4.59953790e+09  4.59953789e+09  6.83e-09 7.45e-09  1.27e-06    35s
  51   4.59953790e+09  4.59953790e+09  9.64e-10 7.45e-09  1.05e-07    36s
  52   4.59953790e+09  4.59953790e+09  4.41e-10 3.73e-09  1.04e-10    36s

Barrier solved model in 52 iterations and 35.92 seconds (32.99 work units)
Optimal objective 4.59953790e+09


Root crossover log...

   24346 DPushes remaining with DInf 1.8070124e-04                36s
       0 DPushes remaining with DInf 0.0000000e+00                36s

    1246 PPushes remaining with PInf 0.0000000e+00                36s
       0 PPushes remaining with PInf 0.0000000e+00                36s

  Push phase complete: Pinf 0.0000000e+00, Dinf 1.5088471e-08     36s


Root simplex log...

Iteration    Objective       Primal Inf.    Dual Inf.      Time
   19925    4.5995379e+09   0.000000e+00   0.000000e+00     36s
   19925    4.5995379e+09   0.000000e+00   0.000000e+00     37s
Concurrent spin time: 0.00s

Solved with barrier

Root relaxation: objective 4.599538e+09, 19925 iterations, 28.87 seconds (24.94 work units)

    Nodes    |    Current Node    |     Objective Bounds      |     Work
 Expl Unexpl |  Obj  Depth IntInf | Incumbent    BestBd   Gap | It/Node Time

     0     0 4.5995e+09    0  269          - 4.5995e+09      -     -   39s
H    0     0                    4.679586e+09 4.5995e+09  1.71%     -   41s
H    0     0                    4.658647e+09 4.5995e+09  1.27%     -   44s
H    0     0                    4.655112e+09 4.5995e+09  1.19%     -   48s
     0     0 4.5997e+09    0  309 4.6551e+09 4.5997e+09  1.19%     -   55s
     0     0 4.5997e+09    0  308 4.6551e+09 4.5997e+09  1.19%     -   61s
     0     0 4.5997e+09    0  308 4.6551e+09 4.5997e+09  1.19%     -   62s
     0     0 4.5999e+09    0  311 4.6551e+09 4.5999e+09  1.19%     -   69s
H    0     0                    4.653646e+09 4.5999e+09  1.15%     -   70s
     0     0 4.5999e+09    0  306 4.6536e+09 4.5999e+09  1.15%     -   77s
     0     0 4.5999e+09    0  301 4.6536e+09 4.5999e+09  1.15%     -   78s
     0     0 4.5999e+09    0  301 4.6536e+09 4.5999e+09  1.15%     -   79s
     0     0 4.5999e+09    0  297 4.6536e+09 4.5999e+09  1.15%     -   80s
     0     0 4.6000e+09    0  300 4.6536e+09 4.6000e+09  1.15%     -   80s
     0     0 4.6000e+09    0  300 4.6536e+09 4.6000e+09  1.15%     -   81s
     0     0 4.6000e+09    0  301 4.6536e+09 4.6000e+09  1.15%     -   82s
     0     0 4.6000e+09    0  251 4.6536e+09 4.6000e+09  1.15%     -   92s
     0     0 4.6001e+09    0  260 4.6536e+09 4.6001e+09  1.15%     -   98s
     0     0 4.6001e+09    0  252 4.6536e+09 4.6001e+09  1.15%     -  100s
     0     0 4.6001e+09    0  252 4.6536e+09 4.6001e+09  1.15%     -  101s
     0     0 4.6001e+09    0  251 4.6536e+09 4.6001e+09  1.15%     -  102s
     0     0 4.6001e+09    0  253 4.6536e+09 4.6001e+09  1.15%     -  103s
     0     0 4.6001e+09    0  253 4.6536e+09 4.6001e+09  1.15%     -  104s
     0     0 4.6001e+09    0  254 4.6536e+09 4.6001e+09  1.15%     -  105s
     0     0 4.6001e+09    0  255 4.6536e+09 4.6001e+09  1.15%     -  106s
     0     0 4.6001e+09    0  269 4.6536e+09 4.6001e+09  1.15%     -  124s
H    0     0                    4.650879e+09 4.6001e+09  1.09%     -  131s
     0     0 4.6001e+09    0  242 4.6509e+09 4.6001e+09  1.09%     -  136s
     0     0 4.6001e+09    0  249 4.6509e+09 4.6001e+09  1.09%     -  140s
     0     0 4.6001e+09    0  236 4.6509e+09 4.6001e+09  1.09%     -  142s
     0     0 4.6001e+09    0  239 4.6509e+09 4.6001e+09  1.09%     -  144s
     0     0 4.6001e+09    0  240 4.6509e+09 4.6001e+09  1.09%     -  146s
     0     0 4.6002e+09    0  196 4.6509e+09 4.6002e+09  1.09%     -  168s
H    0     0                    4.646335e+09 4.6002e+09  0.99%     -  181s
     0     0 4.6002e+09    0  198 4.6463e+09 4.6002e+09  0.99%     -  192s
     0     0 4.6002e+09    0  195 4.6463e+09 4.6002e+09  0.99%     -  199s
     0     0 4.6002e+09    0  228 4.6463e+09 4.6002e+09  0.99%     -  216s
H    0     0                    4.639043e+09 4.6002e+09  0.84%     -  229s
H    0     0                    4.636445e+09 4.6002e+09  0.78%     -  231s
     0     0 4.6002e+09    0  225 4.6364e+09 4.6002e+09  0.78%     -  237s
     0     0 4.6002e+09    0  216 4.6364e+09 4.6002e+09  0.78%     -  245s
     0     0 4.6002e+09    0  221 4.6364e+09 4.6002e+09  0.78%     -  251s
     0     0 4.6002e+09    0  221 4.6364e+09 4.6002e+09  0.78%     -  283s
     0     0 4.6002e+09    0  206 4.6364e+09 4.6002e+09  0.78%     -  298s
     0     0 4.6002e+09    0  222 4.6364e+09 4.6002e+09  0.78%     -  306s
     0     0 4.6002e+09    0  125 4.6364e+09 4.6002e+09  0.78%     -  337s
H    0     0                    4.635464e+09 4.6002e+09  0.76%     -  351s
     0     0 4.6002e+09    0  122 4.6355e+09 4.6002e+09  0.76%     -  358s
     0     0 4.6002e+09    0  139 4.6355e+09 4.6002e+09  0.76%     -  363s
     0     0 4.6002e+09    0  139 4.6355e+09 4.6002e+09  0.76%     -  375s
     0     2 4.6002e+09    0  139 4.6355e+09 4.6002e+09  0.76%     -  397s
     1     4 4.6002e+09    1  138 4.6355e+09 4.6002e+09  0.76%   185  401s
     3     8 4.6002e+09    2  113 4.6355e+09 4.6002e+09  0.76%   257  409s
     7    16 4.6002e+09    3  159 4.6355e+09 4.6002e+09  0.76%   461  438s
    15    32 4.6002e+09    4  160 4.6355e+09 4.6002e+09  0.76%   527  459s
H   31    64                    4.634131e+09 4.6002e+09  0.73%   620  539s
H   34    64                    4.633997e+09 4.6002e+09  0.73%   739  539s
H   35    64                    4.625510e+09 4.6002e+09  0.55%   769  539s
H   36    64                    4.625133e+09 4.6002e+09  0.54%   794  539s
H   37    64                    4.624448e+09 4.6002e+09  0.52%   820  539s
H   59    64                    4.608725e+09 4.6002e+09  0.19%  1235  539s
H   60    64                    4.608724e+09 4.6002e+09  0.19%  1250  539s
H   61    64                    4.608510e+09 4.6002e+09  0.18%  1266  539s
    63    96 4.6002e+09    6  120 4.6085e+09 4.6002e+09  0.18%  1307  560s
    95   128 4.6002e+09    7  120 4.6085e+09 4.6002e+09  0.18%  1104  579s
H  121   128                    4.607496e+09 4.6002e+09  0.16%   909  579s
H  122   128                    4.607495e+09 4.6002e+09  0.16%   903  579s
   127   160 4.6002e+09    8  114 4.6075e+09 4.6002e+09  0.16%   873  601s
   159   192 4.6002e+09    9  119 4.6075e+09 4.6002e+09  0.16%   753  617s
   191   245 4.6002e+09   10  125 4.6075e+09 4.6002e+09  0.16%   658  630s
   244   396 4.6002e+09   12  119 4.6075e+09 4.6002e+09  0.16%   544  672s
   395   492 4.6002e+09   19  112 4.6075e+09 4.6002e+09  0.16%   429  780s
   491   524 4.6002e+09   22  128 4.6075e+09 4.6002e+09  0.16%   381 1225s
H  500   524                    4.607415e+09 4.6002e+09  0.16%   376 1225s
H  511   524                    4.607321e+09 4.6002e+09  0.15%   370 1225s
   523  1313 4.6002e+09   23  119 4.6073e+09 4.6002e+09  0.15%   370 1470s
  1312  1584 4.6003e+09   51  121 4.6073e+09 4.6002e+09  0.15%   248 1705s
H 1314  1584                    4.607310e+09 4.6002e+09  0.15%   247 1705s
H 1335  1584                    4.607306e+09 4.6002e+09  0.15%   244 1705s
H 1400  1584                    4.607279e+09 4.6002e+09  0.15%   240 1705s
  1583  2412 4.6003e+09   52  116 4.6073e+09 4.6002e+09  0.15%   222 1925s
  2411  3265 4.6003e+09   80  122 4.6073e+09 4.6002e+09  0.15%   179 2087s
  3264  4069 4.6005e+09  108  118 4.6073e+09 4.6002e+09  0.15%   156 2211s
  4081  4771 4.6006e+09  136  119 4.6073e+09 4.6002e+09  0.15%   141 2335s
  4862  5481 4.6007e+09  164  105 4.6073e+09 4.6002e+09  0.15%   137 2450s
  5659  6226 4.6008e+09  192  115 4.6073e+09 4.6002e+09  0.15%   134 2586s
  6430  6739 4.6008e+09  215  219 4.6073e+09 4.6002e+09  0.15%   136 2730s
  6959  7445 4.6009e+09  217  163 4.6073e+09 4.6002e+09  0.15%   145 2844s
  7669  8208 4.6009e+09  241  148 4.6073e+09 4.6002e+09  0.15%   149 2943s
  8457  8990 4.6012e+09  268  143 4.6073e+09 4.6002e+09  0.15%   139 3034s
H 9155  8990                    4.607276e+09 4.6002e+09  0.15%   132 3034s
  9239  9701 4.6013e+09  296  145 4.6073e+09 4.6002e+09  0.15%   131 3122s
 10020 10394 4.6033e+09  324  148 4.6073e+09 4.6002e+09  0.15%   125 3212s
 10787 10958 4.6045e+09  350  148 4.6073e+09 4.6002e+09  0.15%   126 3307s
 11547 11616 4.6002e+09   16   93 4.6073e+09 4.6002e+09  0.15%   124 3396s
 12244 12184 4.6003e+09   44   98 4.6073e+09 4.6002e+09  0.15%   125 3511s
 12818 12874 4.6004e+09   72  100 4.6073e+09 4.6002e+09  0.15%   130 3600s

Cutting planes:
  Implied bound: 3673
  MIR: 92
  Flow cover: 395
  Flow path: 300
  Network: 13
  RLT: 98
  Relax-and-lift: 486

Explored 13511 nodes (1815690 simplex iterations) in 3600.19 seconds (2793.72 work units)
Thread count was 32 (of 36 available processors)

Solution count 10: 4.60728e+09 4.60728e+09 4.60731e+09 ... 4.60872e+09

Time limit reached
Best objective 4.607275909233e+09, best bound 4.600186785337e+09, gap 0.1539%

User-callback calls 1468827, time in user-callback 0.42 sec
Set parameter TokenServer to value "license-1.hpc.nrel.gov"
Set parameter TimeLimit to value 3600
Set parameter MIPGap to value 0.001
Set parameter MIPGap to value 0.001
Set parameter TimeLimit to value 3600
Gurobi Optimizer version 9.5.1 build v9.5.1rc2 (linux64)
Thread count: 36 physical cores, 36 logical processors, using up to 32 threads
Optimize a model with 332904 rows, 1385332 columns and 2833700 nonzeros
Model fingerprint: 0xeeba7430
Coefficient statistics:
  Matrix range     [3e-06, 1e+06]
  Objective range  [2e-01, 2e+07]
  Bounds range     [1e+00, 1e+08]
  RHS range        [1e-03, 2e+05]

Concurrent LP optimizer: primal simplex, dual simplex, and barrier
Showing barrier log only...

Presolve removed 327759 rows and 1123417 columns
Presolve time: 1.52s
Presolved: 5145 rows, 261915 columns, 521901 nonzeros

Ordering time: 0.02s

Barrier statistics:
 AA' NZ     : 2.597e+05
 Factor NZ  : 6.731e+05 (roughly 110 MB of memory)
 Factor Ops : 1.289e+08 (less than 1 second per iteration)
 Threads    : 30

                  Objective                Residual
Iter       Primal          Dual         Primal    Dual     Compl     Time
   0   1.83238783e+13 -6.36372252e+11  1.19e+08 1.70e+02  2.85e+08     2s
   1   5.37029009e+12 -2.02297072e+11  3.48e+07 4.83e-13  8.44e+07     2s
   2   1.06209152e+12 -9.06057413e+09  6.85e+06 1.36e-12  1.68e+07     2s
   3   5.59266554e+10 -7.17081435e+08  3.30e+05 3.24e-12  8.25e+05     2s
   4   2.22184797e+10  1.29129891e+09  1.12e+05 1.30e-11  2.85e+05     2s
   5   1.06779153e+10  2.42290609e+09  3.69e+04 1.21e-11  9.76e+04     2s
   6   6.32643936e+09  3.11794696e+09  9.05e+03 5.68e-12  2.77e+04     2s
   7   5.51680698e+09  3.58095639e+09  4.00e+03 4.04e-12  1.37e+04     2s
   8   5.03128686e+09  4.18779006e+09  1.27e+03 1.82e-12  4.82e+03     2s
   9   4.85774127e+09  4.35912934e+09  4.82e+02 1.42e-12  2.41e+03     2s
  10   4.73558588e+09  4.49395174e+09  1.46e+02 9.09e-13  1.03e+03     2s
  11   4.68796449e+09  4.54647892e+09  6.06e+01 4.55e-13  5.68e+02     2s
  12   4.64994101e+09  4.57602390e+09  1.76e+01 2.84e-13  2.85e+02     2s
  13   4.63476196e+09  4.59096203e+09  8.32e+00 2.27e-13  1.67e+02     2s
  14   4.62555194e+09  4.59738989e+09  4.42e+00 2.13e-13  1.07e+02     2s
  15   4.61682969e+09  4.60047198e+09  1.66e+00 1.85e-13  6.17e+01     2s
  16   4.61458014e+09  4.60355337e+09  1.18e+00 2.70e-13  4.15e+01     2s
  17   4.61072849e+09  4.60540122e+09  4.47e-01 2.27e-13  2.00e+01     2s

Barrier performed 17 iterations in 2.49 seconds (1.70 work units)
Barrier solve interrupted - model solved by another algorithm


Solved with primal simplex
Solved in 62804 iterations and 2.49 seconds (1.75 work units)
Optimal objective  4.607275909e+09

User-callback calls 229, time in user-callback 0.00 sec
[ Info:  started timer at: 2023-03-28T00:53:21.305
[ Info: Reading /projects/pvsoiling/RELOG/Recycling_cap_NAICS_05/input/solver/case.json...
[ Info:          134 collection centers
[ Info:          309 candidate plant locations
[ Info: Building graph...
[ Info:           26 time periods
[ Info:          309 process nodes
[ Info:         4944 shipping nodes (plant)
[ Info:          134 shipping nodes (collection)
[ Info:        46350 arcs
[ Info: Building optimization model...
[ Info: Optimizing MILP...
[ Info: Re-optimizing with integer variables fixed...
[ Info: Extracting solution...
[ Info:       3656.217510418s: 1 hour, 56 seconds, 217 milliseconds
