Set parameter TokenServer to value "license-1.hpc.nrel.gov"
Set parameter TimeLimit to value 3600
Set parameter MIPGap to value 0.001
Set parameter MIPGap to value 0.001
Set parameter TimeLimit to value 3600
Gurobi Optimizer version 9.5.1 build v9.5.1rc2 (linux64)
Thread count: 36 physical cores, 36 logical processors, using up to 32 threads
Optimize a model with 79596 rows, 989456 columns and 2026080 nonzeros
Model fingerprint: 0x76b99097
Variable types: 975520 continuous, 13936 integer (13936 binary)
Coefficient statistics:
  Matrix range     [1e+00, 1e+05]
  Objective range  [2e-01, 2e+09]
  Bounds range     [1e+05, 1e+08]
  RHS range        [8e-01, 2e+06]
Warning: Model contains large objective coefficients
         Consider reformulating model or setting NumericFocus parameter
         to avoid numerical issues.
Presolve removed 69146 rows and 56012 columns
Presolve time: 3.57s
Presolved: 10450 rows, 933444 columns, 1873320 nonzeros
Variable types: 933176 continuous, 268 integer (268 binary)

Deterministic concurrent LP optimizer: primal and dual simplex
Showing first log only...


Root simplex log...

Iteration    Objective       Primal Inf.    Dual Inf.      Time
       0    7.4462550e+11   2.714692e+06   1.675821e+11      7s
Concurrent spin time: 0.00s

Solved with dual simplex

Root relaxation: objective 1.741023e+12, 28122 iterations, 3.12 seconds (2.06 work units)

    Nodes    |    Current Node    |     Objective Bounds      |     Work
 Expl Unexpl |  Obj  Depth IntInf | Incumbent    BestBd   Gap | It/Node Time

     0     0 1.7410e+12    0    2          - 1.7410e+12      -     -    8s
H    0     0                    1.743700e+12 1.7410e+12  0.15%     -    8s
     0     0 1.7410e+12    0    1 1.7437e+12 1.7410e+12  0.15%     -   10s
     0     0 1.7410e+12    0    1 1.7437e+12 1.7410e+12  0.15%     -   14s
     0     2 1.7410e+12    0    1 1.7437e+12 1.7410e+12  0.15%     -   19s
     1     4 1.7410e+12    1    1 1.7437e+12 1.7410e+12  0.15%   6.0   20s
    95   128 1.7410e+12    7    1 1.7437e+12 1.7410e+12  0.15%   3.4   48s
   159   192 1.7411e+12    8    1 1.7437e+12 1.7410e+12  0.15%   3.3   81s
   223   443 1.7411e+12   10    1 1.7437e+12 1.7410e+12  0.15%   3.6   86s
   442  1056 1.7411e+12   16    1 1.7437e+12 1.7410e+12  0.15%   3.7   94s
  1055  1784 1.7412e+12   35    1 1.7437e+12 1.7410e+12  0.15%   4.1  102s
  1794  2521 1.7412e+12   56    1 1.7437e+12 1.7410e+12  0.15%   4.4  110s
  2547  3263 1.7413e+12   78    2 1.7437e+12 1.7410e+12  0.15%   5.0  119s
  3289  3925 1.7414e+12   99    2 1.7437e+12 1.7410e+12  0.15%   5.0  127s
  4286  4383 1.7425e+12  132    1 1.7437e+12 1.7410e+12  0.15%   5.2  133s
  5238  4877 1.7426e+12  166    2 1.7437e+12 1.7410e+12  0.15%   6.7  139s
  6144  5467 1.7427e+12  200    1 1.7437e+12 1.7410e+12  0.15%   8.8  144s
  7057  6326 1.7411e+12   15    1 1.7437e+12 1.7410e+12  0.15%  14.1  151s
  8085  7247 1.7414e+12   49    1 1.7437e+12 1.7410e+12  0.15%  14.5  155s
  9172  8276 1.7413e+12   78    2 1.7437e+12 1.7410e+12  0.15%  15.1  160s
 10260  8841 1.7424e+12  112    2 1.7437e+12 1.7410e+12  0.15%  14.5  166s
 11349  8842 1.7417e+12   83    1 1.7437e+12 1.7410e+12  0.15%  13.9  180s
 11351  8843 1.7414e+12   51    2 1.7437e+12 1.7410e+12  0.15%  13.9  187s
 11352  8844 1.7414e+12   52    1 1.7437e+12 1.7410e+12  0.15%  13.9  191s
 11357  8852 1.7410e+12   17    1 1.7437e+12 1.7410e+12  0.15%  15.9  195s
 11449  8942 1.7411e+12   21    1 1.7437e+12 1.7410e+12  0.15%  15.8  210s
 11545  9006 1.7410e+12   23    1 1.7437e+12 1.7410e+12  0.15%  15.7  228s
 11640  9252 1.7411e+12   24    1 1.7437e+12 1.7410e+12  0.15%  15.6  232s
 11855  9710 1.7411e+12   28    1 1.7437e+12 1.7410e+12  0.15%  15.4  238s
 12385 10204 1.7412e+12   44    1 1.7437e+12 1.7410e+12  0.15%  14.9  247s
 13055 10012 1.7412e+12   65    1 1.7437e+12 1.7410e+12  0.15%  14.4  264s
 13087 10321 1.7412e+12   66    1 1.7437e+12 1.7410e+12  0.15%  14.3  270s
 13408 10972 1.7412e+12   77    1 1.7437e+12 1.7410e+12  0.15%  14.2  281s
 14206 11437 1.7414e+12  101    1 1.7437e+12 1.7410e+12  0.15%  13.7  291s
 14986 11575 1.7416e+12  124    1 1.7437e+12 1.7410e+12  0.15%  13.2  298s
 16020 11711 1.7425e+12  156    1 1.7437e+12 1.7410e+12  0.15%  12.8  304s
 17042 11865 1.7426e+12  190    1 1.7437e+12 1.7410e+12  0.15%  12.6  310s
 18052 12050 1.7428e+12  224    1 1.7437e+12 1.7410e+12  0.15%  12.5  315s
 19065 12660 1.7411e+12   38    1 1.7437e+12 1.7410e+12  0.15%  14.0  321s
 20088 13278 1.7412e+12   72    1 1.7437e+12 1.7410e+12  0.15%  13.9  326s
 21176 13782 1.7413e+12  106    1 1.7437e+12 1.7410e+12  0.15%  13.6  330s
 23303 14161 1.7425e+12  174    1 1.7437e+12 1.7410e+12  0.15%  15.1  338s
 24362 13822 1.7427e+12  208    1 1.7437e+12 1.7410e+12  0.15%  16.3  351s
 24416 14122 1.7428e+12  219    1 1.7437e+12 1.7410e+12  0.15%  16.3  357s
 25504 14446 1.7410e+12   24    1 1.7437e+12 1.7410e+12  0.15%  16.1  363s
 26592 14100 1.7414e+12   52    1 1.7437e+12 1.7410e+12  0.15%  16.1  381s
 26632 15019 1.7414e+12   53    1 1.7437e+12 1.7410e+12  0.15%  16.1  385s
 27720 15647 1.7414e+12   84    1 1.7437e+12 1.7410e+12  0.15%  15.7  391s
 28808 16166 1.7418e+12  114    1 1.7437e+12 1.7410e+12  0.15%  15.5  396s
 29896 16356 1.7418e+12  147    2 1.7437e+12 1.7410e+12  0.15%  15.2  407s
 30978 16437 1.7420e+12  178    1 1.7437e+12 1.7410e+12  0.15%  15.7  412s
 31997 16106 1.7436e+12  194    1 1.7437e+12 1.7410e+12  0.15%  16.4  459s
 32029 16587 1.7437e+12  195    1 1.7437e+12 1.7410e+12  0.15%  16.4  465s
 33111 17039 1.7410e+12   26    1 1.7437e+12 1.7410e+12  0.15%  16.4  471s
 34166 17608 1.7411e+12   44    1 1.7437e+12 1.7410e+12  0.15%  16.3  476s
 35254 18191 1.7412e+12   78    2 1.7437e+12 1.7410e+12  0.15%  16.1  483s
 36339 18764 1.7413e+12  112    1 1.7437e+12 1.7410e+12  0.15%  15.9  489s
 37416 19377 1.7422e+12  135    1 1.7437e+12 1.7410e+12  0.15%  15.5  496s
 38498 20163 1.7423e+12  169    1 1.7437e+12 1.7410e+12  0.15%  15.2  503s
 39573 20868 1.7425e+12  203    1 1.7437e+12 1.7410e+12  0.15%  15.2  510s
 40512 21450 1.7427e+12  237    1 1.7437e+12 1.7410e+12  0.15%  16.4  515s
 41527 22280     cutoff  260      1.7437e+12 1.7410e+12  0.15%  17.6  520s
 42603 23185 1.7411e+12   53    1 1.7437e+12 1.7410e+12  0.15%  17.5  526s
 43674 24137 1.7420e+12   78    1 1.7437e+12 1.7410e+12  0.15%  17.3  531s
 44751 24932 1.7417e+12  110    1 1.7437e+12 1.7410e+12  0.15%  17.6  536s
 45623 25489 1.7428e+12  138    1 1.7437e+12 1.7410e+12  0.15%  18.9  541s
 46522 25744 1.7428e+12  171    1 1.7437e+12 1.7410e+12  0.15%  19.9  547s
 47561 26481 1.7410e+12   24    1 1.7437e+12 1.7410e+12  0.15%  19.8  553s
 48646 27405 1.7411e+12   58    1 1.7437e+12 1.7410e+12  0.15%  19.5  557s
 49734 28369 1.7413e+12   92    1 1.7437e+12 1.7410e+12  0.15%  19.2  563s
 50822 29191 1.7424e+12  126    1 1.7437e+12 1.7410e+12  0.15%  18.9  572s
 51890 29936 1.7424e+12  160    1 1.7437e+12 1.7410e+12  0.15%  18.7  579s
 52965 30765 1.7426e+12  194    1 1.7437e+12 1.7410e+12  0.15%  18.5  585s
 54053 31336 1.7428e+12  228    2 1.7437e+12 1.7410e+12  0.15%  18.2  598s
 54757 31365 1.7411e+12   26    1 1.7437e+12 1.7410e+12  0.15%  18.2  617s
 54789 32135 1.7411e+12   27    1 1.7437e+12 1.7410e+12  0.15%  18.2  623s
 55877 32969 1.7412e+12   60    1 1.7437e+12 1.7410e+12  0.15%  18.3  628s
 56965 33849 1.7417e+12   93    1 1.7437e+12 1.7410e+12  0.15%  18.1  632s
 58053 34611 1.7415e+12  123    1 1.7437e+12 1.7410e+12  0.15%  17.9  636s
 59141 34612 1.7423e+12  122    1 1.7437e+12 1.7410e+12  0.15%  17.7  670s
 59143 34613 1.7425e+12  132    2 1.7437e+12 1.7410e+12  0.15%  17.7  678s
 59144 34614 1.7431e+12  178    1 1.7437e+12 1.7410e+12  0.15%  17.7  682s
 59145 34615 1.7414e+12   64    1 1.7437e+12 1.7410e+12  0.15%  17.7  686s
 59146 34615 1.7421e+12  166    1 1.7437e+12 1.7410e+12  0.15%  17.7  690s
 59177 34669 1.7410e+12   35    1 1.7437e+12 1.7410e+12  0.15%  18.0  695s
 59241 34712 1.7411e+12   36    1 1.7437e+12 1.7410e+12  0.15%  18.0  714s
 59273 34733 1.7410e+12   37    1 1.7437e+12 1.7410e+12  0.15%  18.0  715s
 59305 34754 1.7411e+12   37    1 1.7437e+12 1.7410e+12  0.15%  18.0  778s
 59369 34828 1.7411e+12   38    1 1.7437e+12 1.7410e+12  0.15%  18.0  780s
 59649 35514 1.7411e+12   43    1 1.7437e+12 1.7410e+12  0.15%  17.9  792s
 60211 36154 1.7412e+12   59    1 1.7437e+12 1.7410e+12  0.15%  17.8  802s
 61039 36536 1.7412e+12   86    1 1.7437e+12 1.7410e+12  0.15%  17.6  811s
 61723 37056 1.7413e+12  109    2 1.7437e+12 1.7410e+12  0.15%  17.5  820s
 62525 37293 1.7415e+12  133    1 1.7437e+12 1.7410e+12  0.15%  17.3  830s
 63571 37303 1.7425e+12  166    1 1.7437e+12 1.7410e+12  0.15%  17.2  839s
 64576 37336 1.7426e+12  200    1 1.7437e+12 1.7410e+12  0.15%  17.0  850s
 65562 37612 1.7428e+12  234    2 1.7437e+12 1.7410e+12  0.15%  17.0  858s
 66551 38196 1.7411e+12   47    1 1.7437e+12 1.7410e+12  0.15%  17.3  865s
 67557 38832 1.7411e+12   81    1 1.7437e+12 1.7410e+12  0.15%  17.4  870s
 69049 39193 1.7426e+12  224    1 1.7437e+12 1.7410e+12  0.15%  17.2  875s
 69729 39507 1.7424e+12  149    1 1.7437e+12 1.7410e+12  0.15%  17.2  881s
 70697 39726 1.7425e+12  183    1 1.7437e+12 1.7410e+12  0.15%  17.5  888s
 71650 39812 1.7427e+12  217    1 1.7437e+12 1.7410e+12  0.15%  18.0  895s
 72738 39589 1.7428e+12  251    1 1.7437e+12 1.7410e+12  0.15%  18.0  908s
 73206 40278 1.7410e+12   37    1 1.7437e+12 1.7410e+12  0.15%  18.1  914s
 74285 39945 1.7411e+12   69    1 1.7437e+12 1.7410e+12  0.15%  18.0  950s
 74318 40904 1.7414e+12   70    1 1.7437e+12 1.7410e+12  0.15%  18.0  956s
 75406 40589 1.7412e+12   99    1 1.7437e+12 1.7410e+12  0.15%  17.8  964s
 75463 41566 1.7412e+12  100    1 1.7437e+12 1.7410e+12  0.15%  17.8  969s
 76551 41695 1.7414e+12  133    1 1.7437e+12 1.7410e+12  0.15%  17.7  974s
 77639 41692 1.7424e+12  164    1 1.7437e+12 1.7410e+12  0.15%  17.5  979s
 78703 41735 1.7426e+12  196    1 1.7437e+12 1.7410e+12  0.15%  17.5  984s
 79778 41765 1.7427e+12  230    1 1.7437e+12 1.7410e+12  0.15%  17.5  989s
 80866 42282 1.7429e+12  260    1 1.7437e+12 1.7410e+12  0.15%  17.6  994s
 81954 42930 1.7411e+12   63    1 1.7437e+12 1.7410e+12  0.15%  17.5  999s
 83042 43461 1.7412e+12   93    1 1.7437e+12 1.7410e+12  0.15%  17.4 1004s
 84130 43600 1.7413e+12  127    1 1.7437e+12 1.7410e+12  0.15%  17.2 1009s
 85218 43572 1.7424e+12  160    1 1.7437e+12 1.7410e+12  0.15%  17.1 1013s
 86294 43675 1.7426e+12  193    1 1.7437e+12 1.7410e+12  0.15%  17.0 1018s
 87369 43332 1.7427e+12  225    1 1.7437e+12 1.7410e+12  0.15%  17.0 1040s
 87403 43988 1.7427e+12  226    1 1.7437e+12 1.7410e+12  0.15%  17.0 1045s
 88483 44503 1.7429e+12  257    2 1.7437e+12 1.7410e+12  0.15%  17.0 1053s
 89571 45126 1.7411e+12   62    2 1.7437e+12 1.7410e+12  0.15%  16.9 1057s
 90659 45400 1.7412e+12   93    2 1.7437e+12 1.7410e+12  0.15%  16.8 1061s
 91747 45527 1.7413e+12  126    1 1.7437e+12 1.7410e+12  0.15%  16.7 1066s
 92835 45606 1.7424e+12  157    1 1.7437e+12 1.7410e+12  0.15%  16.5 1070s
 93922 45712 1.7425e+12  190    1 1.7437e+12 1.7410e+12  0.15%  16.5 1075s
 94983 46184 1.7427e+12  221    1 1.7437e+12 1.7410e+12  0.15%  16.6 1080s
 96071 46695 1.7429e+12  254    3 1.7437e+12 1.7410e+12  0.15%  16.5 1086s
 97145 47305 1.7411e+12   58    1 1.7437e+12 1.7410e+12  0.15%  16.4 1091s
 98233 47704 1.7414e+12   84    1 1.7437e+12 1.7410e+12  0.15%  16.3 1096s
 99301 48021 1.7416e+12  116    2 1.7437e+12 1.7410e+12  0.15%  16.3 1101s
 100330 48232 1.7417e+12  148    1 1.7437e+12 1.7410e+12  0.15%  16.3 1106s
 101355 48372 1.7418e+12  178    3 1.7437e+12 1.7410e+12  0.15%  16.4 1112s
 102336 48749 1.7420e+12  196    1 1.7437e+12 1.7410e+12  0.15%  16.6 1117s
 103355 49170 1.7426e+12  217    2 1.7437e+12 1.7410e+12  0.15%  16.6 1122s
 104434 49619 1.7427e+12  251    1 1.7437e+12 1.7410e+12  0.15%  16.6 1127s
 105521 49277 1.7412e+12   45    1 1.7437e+12 1.7410e+12  0.15%  16.4 1169s
 105553 49907 1.7413e+12   46    1 1.7437e+12 1.7410e+12  0.15%  16.4 1175s
 106640 50211 1.7419e+12   59    1 1.7437e+12 1.7410e+12  0.15%  16.3 1181s
 107714 50445 1.7431e+12   72    1 1.7437e+12 1.7410e+12  0.15%  16.2 1186s
 108773 50839 1.7436e+12   92    1 1.7437e+12 1.7410e+12  0.15%  16.2 1190s
 109843 51247 1.7411e+12   59    1 1.7437e+12 1.7410e+12  0.15%  16.3 1195s
 110923 51814 1.7412e+12   93    2 1.7437e+12 1.7410e+12  0.15%  16.2 1200s
 112011 52126 1.7413e+12  127    1 1.7437e+12 1.7410e+12  0.15%  16.1 1206s
 113092 52189 1.7424e+12  161    1 1.7437e+12 1.7410e+12  0.15%  16.0 1211s
 114155 52233 1.7426e+12  195    2 1.7437e+12 1.7410e+12  0.15%  16.0 1218s
 115227 52288 1.7427e+12  229    1 1.7437e+12 1.7410e+12  0.15%  15.9 1226s
 116259 52610 1.7429e+12  260    1 1.7437e+12 1.7410e+12  0.15%  16.0 1232s
 117346 53112 1.7411e+12   67    1 1.7437e+12 1.7410e+12  0.15%  15.9 1243s
 118434 53729 1.7413e+12  101    1 1.7437e+12 1.7410e+12  0.15%  15.9 1250s
 119522 54391 1.7422e+12  133    1 1.7437e+12 1.7410e+12  0.15%  15.8 1256s
 120607 54997 1.7423e+12  164    1 1.7437e+12 1.7410e+12  0.15%  15.7 1263s
 121672 55517 1.7425e+12  198    1 1.7437e+12 1.7410e+12  0.15%  15.7 1268s
 122709 55922 1.7426e+12  232    1 1.7437e+12 1.7410e+12  0.15%  15.6 1276s
 123737 56137 1.7436e+12  255    1 1.7437e+12 1.7410e+12  0.15%  15.7 1281s
 124780 55815 1.7411e+12   60    1 1.7437e+12 1.7410e+12  0.15%  15.7 1318s
 124812 56663 1.7411e+12   61    1 1.7437e+12 1.7410e+12  0.15%  15.7 1324s
 125888 57263 1.7412e+12   92    1 1.7437e+12 1.7410e+12  0.15%  15.7 1330s
 126976 57654 1.7413e+12  123    1 1.7437e+12 1.7410e+12  0.15%  15.6 1335s
 128064 57697 1.7424e+12  157    1 1.7437e+12 1.7410e+12  0.15%  15.5 1340s
 129147 57666 1.7425e+12  189    1 1.7437e+12 1.7410e+12  0.15%  15.5 1345s
 130206 57679 1.7427e+12  221    1 1.7437e+12 1.7410e+12  0.15%  15.5 1350s
 131281 57896 1.7428e+12  250    1 1.7437e+12 1.7410e+12  0.15%  15.5 1355s
 132369 58389 1.7411e+12   60    1 1.7437e+12 1.7410e+12  0.15%  15.5 1360s
 133457 58973 1.7412e+12   94    1 1.7437e+12 1.7410e+12  0.15%  15.4 1367s
 134526 59230 1.7413e+12  128    1 1.7437e+12 1.7410e+12  0.15%  15.4 1372s
 135603 59290 1.7424e+12  162    1 1.7437e+12 1.7410e+12  0.15%  15.3 1378s
 136687 59369 1.7426e+12  196    1 1.7437e+12 1.7410e+12  0.15%  15.2 1382s
 137775 59545 1.7427e+12  230    1 1.7437e+12 1.7410e+12  0.15%  15.1 1386s
 138862 59901 infeasible  255      1.7437e+12 1.7410e+12  0.15%  15.2 1390s
 139905 60415 1.7411e+12   74    2 1.7437e+12 1.7410e+12  0.15%  15.3 1395s
 140923 60914 1.7413e+12  108    1 1.7437e+12 1.7410e+12  0.15%  15.4 1401s
 141978 61090 1.7424e+12  142    2 1.7437e+12 1.7410e+12  0.15%  15.3 1405s
 143066 60739 1.7424e+12  176    1 1.7437e+12 1.7410e+12  0.15%  15.3 1425s
 144189 61423 1.7426e+12  211    1 1.7437e+12 1.7410e+12  0.15%  15.2 1433s
 145277 61563 1.7428e+12  245    1 1.7437e+12 1.7410e+12  0.15%  15.1 1439s
 146331 61940 1.7411e+12   50    1 1.7437e+12 1.7411e+12  0.15%  15.2 1447s
 147419 62505 1.7412e+12   82    1 1.7437e+12 1.7411e+12  0.15%  15.2 1453s
 148499 63085 1.7413e+12  111    1 1.7437e+12 1.7411e+12  0.15%  15.1 1458s
 149587 63289 1.7424e+12  144    1 1.7437e+12 1.7411e+12  0.15%  15.1 1462s
 150675 63426 1.7424e+12  176    1 1.7437e+12 1.7411e+12  0.15%  15.0 1467s
 151750 63503 1.7426e+12  208    1 1.7437e+12 1.7411e+12  0.15%  15.0 1471s
 152812 63753 1.7428e+12  240    2 1.7437e+12 1.7411e+12  0.15%  15.0 1475s
 153869 64227 1.7411e+12   50    1 1.7437e+12 1.7411e+12  0.15%  15.0 1480s
 154895 64786 1.7412e+12   84    1 1.7437e+12 1.7411e+12  0.15%  15.1 1486s
 155927 65173 1.7413e+12  118    1 1.7437e+12 1.7411e+12  0.15%  15.1 1490s
 158076 65666 1.7425e+12  186    1 1.7437e+12 1.7411e+12  0.15%  15.0 1498s
 159062 65871 1.7427e+12  220    1 1.7437e+12 1.7411e+12  0.15%  15.1 1503s
 160035 66161 1.7429e+12  254    3 1.7437e+12 1.7411e+12  0.15%  15.3 1509s
 161059 66529 1.7411e+12   63    1 1.7437e+12 1.7411e+12  0.15%  15.3 1514s
 161994 67180 1.7412e+12   86    1 1.7437e+12 1.7411e+12  0.15%  15.2 1519s
 163078 67578 1.7413e+12  119    1 1.7437e+12 1.7411e+12  0.15%  15.2 1523s
 164164 67697 1.7424e+12  152    1 1.7437e+12 1.7411e+12  0.15%  15.1 1539s
 164388 68302 1.7424e+12  158    2 1.7437e+12 1.7411e+12  0.15%  15.1 1543s
 165476 68903 1.7426e+12  192    2 1.7437e+12 1.7411e+12  0.15%  15.0 1547s
 166564 69614 1.7427e+12  224    1 1.7437e+12 1.7411e+12  0.15%  15.0 1551s
 167650 70436 infeasible  255      1.7437e+12 1.7411e+12  0.15%  15.0 1555s
 168668 71241 1.7411e+12   64    1 1.7437e+12 1.7411e+12  0.15%  15.1 1560s
 170731 72044 1.7436e+12  209    1 1.7437e+12 1.7411e+12  0.15%  15.1 1565s
 171851 73285 1.7424e+12  156    1 1.7437e+12 1.7411e+12  0.15%  15.0 1573s
 172939 73644 1.7425e+12  189    1 1.7437e+12 1.7411e+12  0.15%  15.0 1577s
 174027 74128 1.7427e+12  219    1 1.7437e+12 1.7411e+12  0.15%  14.9 1581s
 175107 74783 1.7428e+12  249    1 1.7437e+12 1.7411e+12  0.15%  14.9 1585s
 176143 75671 1.7412e+12   56    1 1.7437e+12 1.7411e+12  0.15%  14.9 1592s
 177197 76440 1.7412e+12   90    1 1.7437e+12 1.7411e+12  0.15%  14.9 1596s
 178273 77092 1.7414e+12  124    1 1.7437e+12 1.7411e+12  0.15%  14.9 1600s
 179361 77716 1.7425e+12  158    2 1.7437e+12 1.7411e+12  0.15%  14.8 1605s
 181529 79245 1.7427e+12  226    1 1.7437e+12 1.7411e+12  0.15%  14.8 1613s
 182599 80175 1.7411e+12   47    1 1.7437e+12 1.7411e+12  0.15%  14.7 1617s
 183686 80955 1.7412e+12   77    1 1.7437e+12 1.7411e+12  0.15%  14.7 1621s
 184731 81833 1.7417e+12  105    2 1.7437e+12 1.7411e+12  0.15%  14.7 1625s
 186656 83403 1.7428e+12  169    1 1.7437e+12 1.7411e+12  0.15%  14.9 1634s
 187669 83985 1.7430e+12  203    1 1.7437e+12 1.7411e+12  0.15%  15.0 1639s
 188705 84648 1.7412e+12   62    2 1.7437e+12 1.7411e+12  0.15%  15.0 1644s
 189738 85357 1.7413e+12   96    1 1.7437e+12 1.7411e+12  0.15%  15.1 1649s
 190771 85963 1.7414e+12  130    1 1.7437e+12 1.7411e+12  0.15%  15.1 1654s
 191814 86594 1.7425e+12  164    1 1.7437e+12 1.7411e+12  0.15%  15.1 1659s
 192892 87302 1.7426e+12  198    1 1.7437e+12 1.7411e+12  0.15%  15.0 1663s
 193980 87893 1.7427e+12  232    1 1.7437e+12 1.7411e+12  0.15%  15.0 1667s
 195063 88550 1.7411e+12   53    1 1.7437e+12 1.7411e+12  0.15%  15.0 1671s
 196136 89182 1.7412e+12   87    1 1.7437e+12 1.7411e+12  0.15%  14.9 1675s
 198312 90385 1.7425e+12  155    1 1.7437e+12 1.7411e+12  0.15%  14.8 1683s
 199379 91078 1.7425e+12  189    1 1.7437e+12 1.7411e+12  0.15%  14.8 1687s
 200430 91762 1.7427e+12  223    1 1.7437e+12 1.7411e+12  0.15%  14.8 1692s
 201501 92415 1.7411e+12   43    1 1.7437e+12 1.7411e+12  0.15%  14.8 1696s
 202568 93074 1.7412e+12   77    1 1.7437e+12 1.7411e+12  0.15%  14.8 1700s
 204662 94315 1.7416e+12  145    1 1.7437e+12 1.7411e+12  0.15%  14.8 1708s
 205631 94974 1.7418e+12  172    2 1.7437e+12 1.7411e+12  0.15%  14.9 1715s
 206587 95612 1.7425e+12  191    2 1.7437e+12 1.7411e+12  0.15%  15.0 1720s
 207631 96368 1.7436e+12  218    1 1.7437e+12 1.7411e+12  0.15%  15.0 1725s
 209751 97892 1.7412e+12   86    1 1.7437e+12 1.7411e+12  0.15%  15.0 1733s
 210808 98528 1.7414e+12  115    1 1.7437e+12 1.7411e+12  0.15%  15.0 1738s
 211836 99106 1.7424e+12  144    1 1.7437e+12 1.7411e+12  0.15%  15.1 1743s
 212874 99718 1.7425e+12  176    1 1.7437e+12 1.7411e+12  0.15%  15.1 1748s
 213931 100456 1.7426e+12  207    1 1.7437e+12 1.7411e+12  0.15%  15.1 1754s
 214980 101121 1.7428e+12  239    2 1.7437e+12 1.7411e+12  0.15%  15.1 1758s
 216003 101956 1.7412e+12   61    1 1.7437e+12 1.7411e+12  0.15%  15.1 1763s
 217024 102765 1.7412e+12   95    1 1.7437e+12 1.7411e+12  0.15%  15.2 1767s
 218087 103457 1.7414e+12  129    1 1.7437e+12 1.7411e+12  0.15%  15.2 1770s
 219147 103965 1.7425e+12  163    1 1.7437e+12 1.7411e+12  0.15%  15.2 1775s
 221218 104899 1.7427e+12  231    1 1.7437e+12 1.7411e+12  0.15%  15.2 1783s
 222286 105684 1.7412e+12   55    1 1.7437e+12 1.7411e+12  0.15%  15.2 1787s
 223363 106512 1.7412e+12   89    1 1.7437e+12 1.7411e+12  0.15%  15.1 1791s
 224433 107163 1.7414e+12  123    1 1.7437e+12 1.7411e+12  0.15%  15.1 1795s
 226391 108178 1.7425e+12  186    1 1.7437e+12 1.7411e+12  0.15%  15.1 1805s
 228496 109381 1.7411e+12   43    1 1.7437e+12 1.7411e+12  0.15%  15.1 1813s
 229567 110127 1.7412e+12   77    1 1.7437e+12 1.7411e+12  0.15%  15.1 1817s
 230640 110921 1.7413e+12  111    1 1.7437e+12 1.7411e+12  0.15%  15.1 1822s
 231713 111435 1.7424e+12  145    1 1.7437e+12 1.7411e+12  0.15%  15.0 1828s
 232792 111911 1.7425e+12  179    1 1.7437e+12 1.7411e+12  0.15%  15.0 1832s
 233880 112432 1.7426e+12  213    1 1.7437e+12 1.7411e+12  0.15%  14.9 1836s
 234968 113034 1.7429e+12  247    1 1.7437e+12 1.7411e+12  0.15%  14.9 1843s
 236056 113832 1.7412e+12   69    1 1.7437e+12 1.7411e+12  0.15%  14.9 1847s
 237139 114690 1.7413e+12   98    1 1.7437e+12 1.7411e+12  0.15%  14.9 1852s
 238185 115400 1.7415e+12  132    1 1.7437e+12 1.7411e+12  0.15%  14.9 1856s
 239229 115849 1.7425e+12  163    1 1.7437e+12 1.7411e+12  0.15%  14.9 1860s
 241334 116790 1.7427e+12  230    1 1.7437e+12 1.7411e+12  0.15%  14.9 1869s
 242353 117506 1.7412e+12   52    1 1.7437e+12 1.7411e+12  0.15%  14.9 1873s
 243408 118277 1.7412e+12   86    1 1.7437e+12 1.7411e+12  0.15%  14.9 1877s
 244490 119084 1.7414e+12  120    1 1.7437e+12 1.7411e+12  0.15%  14.8 1881s
 245566 119799 1.7425e+12  154    2 1.7437e+12 1.7411e+12  0.15%  14.8 1885s
 247694 121312 1.7427e+12  222    1 1.7437e+12 1.7411e+12  0.15%  14.8 1905s
 249697 122961 1.7414e+12   72    1 1.7437e+12 1.7411e+12  0.15%  14.9 1913s
 250785 123894 1.7413e+12  100    1 1.7437e+12 1.7411e+12  0.15%  14.9 1918s
 251873 124707 1.7414e+12  128    1 1.7437e+12 1.7411e+12  0.15%  14.9 1923s
 252958 125513 1.7425e+12  160    1 1.7437e+12 1.7411e+12  0.15%  14.9 1929s
 254029 126077 1.7426e+12  194    2 1.7437e+12 1.7411e+12  0.15%  14.9 1934s
 255090 126618 1.7427e+12  226    1 1.7437e+12 1.7411e+12  0.15%  14.9 1939s
 256158 127429 1.7411e+12   46    1 1.7437e+12 1.7411e+12  0.15%  14.9 1943s
 257208 128174 1.7415e+12   77    1 1.7437e+12 1.7411e+12  0.15%  14.9 1947s
 258277 128930 1.7413e+12  106    1 1.7437e+12 1.7411e+12  0.15%  14.9 1951s
 259361 129548 1.7415e+12  135    3 1.7437e+12 1.7411e+12  0.15%  14.8 1955s
 261506 130863 1.7425e+12  194    1 1.7437e+12 1.7411e+12  0.15%  14.8 1963s
 262585 131482 1.7426e+12  225    1 1.7437e+12 1.7411e+12  0.15%  14.8 1968s
 263625 132190 1.7428e+12  253    3 1.7437e+12 1.7411e+12  0.15%  14.8 1972s
 264643 132998 1.7412e+12   59    1 1.7437e+12 1.7411e+12  0.15%  14.9 1978s
 265688 133826 1.7412e+12   93    2 1.7437e+12 1.7411e+12  0.15%  14.9 1982s
 266733 134553 1.7414e+12  127    1 1.7437e+12 1.7411e+12  0.15%  14.9 1986s
 267657 135223 1.7425e+12  161    1 1.7437e+12 1.7411e+12  0.15%  15.0 1990s
 268617 135723 1.7426e+12  195    1 1.7437e+12 1.7411e+12  0.15%  15.1 1995s
 269609 136561 1.7427e+12  229    1 1.7437e+12 1.7411e+12  0.15%  15.2 2000s
 270631 137383 1.7413e+12   47    2 1.7437e+12 1.7411e+12  0.15%  15.2 2006s
 271706 138270 1.7417e+12   64    1 1.7437e+12 1.7411e+12  0.15%  15.2 2012s
 272784 138994 1.7427e+12   74    2 1.7437e+12 1.7411e+12  0.15%  15.2 2017s
 273844 139725 1.7433e+12   93    1 1.7437e+12 1.7411e+12  0.15%  15.1 2021s
 274923 140477 1.7434e+12  123    1 1.7437e+12 1.7411e+12  0.15%  15.1 2026s
 276010 141271 1.7412e+12   58    1 1.7437e+12 1.7411e+12  0.15%  15.1 2030s
 278130 142539 1.7414e+12  126    1 1.7437e+12 1.7411e+12  0.15%  15.1 2037s
 279130 143103 1.7425e+12  160    1 1.7437e+12 1.7411e+12  0.15%  15.2 2042s
 280106 143744 1.7426e+12  194    2 1.7437e+12 1.7411e+12  0.15%  15.2 2046s
 281155 144532 1.7427e+12  228    2 1.7437e+12 1.7411e+12  0.15%  15.2 2052s
 282230 145387 1.7412e+12   51    1 1.7437e+12 1.7411e+12  0.15%  15.2 2057s
 283303 145951 1.7412e+12   79    1 1.7437e+12 1.7411e+12  0.15%  15.2 2062s
 284361 146620 1.7413e+12  111    1 1.7437e+12 1.7411e+12  0.15%  15.2 2068s
 285431 147312 1.7424e+12  140    1 1.7437e+12 1.7411e+12  0.15%  15.2 2072s
 286510 147957 1.7430e+12  170    1 1.7437e+12 1.7411e+12  0.15%  15.2 2077s
 287519 148533 1.7426e+12  197    1 1.7437e+12 1.7411e+12  0.15%  15.2 2081s
 288546 149152 1.7427e+12  228    1 1.7437e+12 1.7411e+12  0.15%  15.2 2085s
 289608 149945 1.7411e+12   45    1 1.7437e+12 1.7411e+12  0.15%  15.2 2090s
 291741 151754 1.7413e+12  107    1 1.7437e+12 1.7411e+12  0.15%  15.2 2098s
 292813 152461 1.7415e+12  133    1 1.7437e+12 1.7411e+12  0.15%  15.2 2103s
 293881 152933 1.7425e+12  167    1 1.7437e+12 1.7411e+12  0.15%  15.2 2111s
 294832 153684 1.7426e+12  199    2 1.7437e+12 1.7411e+12  0.15%  15.2 2115s
 296951 155339 1.7412e+12   54    1 1.7437e+12 1.7411e+12  0.15%  15.2 2124s
 298003 155956 1.7412e+12   88    1 1.7437e+12 1.7411e+12  0.15%  15.2 2128s
 299074 156694 1.7414e+12  122    1 1.7437e+12 1.7411e+12  0.15%  15.2 2135s
 300140 157281 1.7416e+12  156    1 1.7437e+12 1.7411e+12  0.15%  15.2 2140s
 301159 157793 1.7418e+12  179    1 1.7437e+12 1.7411e+12  0.15%  15.2 2145s
 302152 158306 1.7426e+12  198    1 1.7437e+12 1.7411e+12  0.15%  15.3 2152s
 303177 158324 1.7436e+12  222    1 1.7437e+12 1.7411e+12  0.15%  15.3 2195s
 303209 159040 1.7436e+12  223    1 1.7437e+12 1.7411e+12  0.15%  15.3 2202s
 304267 159068 1.7419e+12   52    1 1.7437e+12 1.7411e+12  0.15%  15.3 2234s
 304299 160022 1.7417e+12   52    1 1.7437e+12 1.7411e+12  0.15%  15.3 2240s
 305380 160884 1.7431e+12   65    1 1.7437e+12 1.7411e+12  0.15%  15.2 2246s
 306446 161521 1.7437e+12   92    1 1.7437e+12 1.7411e+12  0.15%  15.2 2251s
 307493 162280 1.7411e+12   74    1 1.7437e+12 1.7411e+12  0.15%  15.2 2258s
 308539 162900 1.7413e+12  105    2 1.7437e+12 1.7411e+12  0.15%  15.3 2266s
 309569 163693 1.7415e+12  135    1 1.7437e+12 1.7411e+12  0.15%  15.3 2272s
 310656 164432 1.7430e+12  164    1 1.7437e+12 1.7411e+12  0.15%  15.3 2278s
 311740 165111 1.7426e+12  194    2 1.7437e+12 1.7411e+12  0.15%  15.3 2285s
 312765 165637 1.7427e+12  226    1 1.7437e+12 1.7411e+12  0.15%  15.2 2291s
 313819 166291 1.7429e+12  254    3 1.7437e+12 1.7411e+12  0.15%  15.2 2298s
 314894 167089 1.7419e+12   65    1 1.7437e+12 1.7411e+12  0.15%  15.2 2304s
 315974 167958 1.7415e+12   90    1 1.7437e+12 1.7411e+12  0.15%  15.2 2310s
 317057 168818 1.7416e+12  120    1 1.7437e+12 1.7411e+12  0.15%  15.1 2315s
 318145 169517 1.7417e+12  150    2 1.7437e+12 1.7411e+12  0.15%  15.1 2321s
 319211 170065 1.7419e+12  179    2 1.7437e+12 1.7411e+12  0.15%  15.1 2328s
 320173 170769 1.7421e+12  198    2 1.7437e+12 1.7411e+12  0.15%  15.2 2334s
 321156 171487 1.7426e+12  223    1 1.7437e+12 1.7411e+12  0.15%  15.3 2341s
 322201 172257 1.7428e+12  257    1 1.7437e+12 1.7411e+12  0.15%  15.3 2347s
 323289 172921 1.7412e+12   68    1 1.7437e+12 1.7411e+12  0.15%  15.2 2357s
 324325 173492 1.7413e+12   97    1 1.7437e+12 1.7411e+12  0.15%  15.2 2363s
 325370 173712 1.7414e+12  129    2 1.7437e+12 1.7411e+12  0.15%  15.2 2379s
 325805 174241 1.7424e+12  140    1 1.7437e+12 1.7411e+12  0.15%  15.3 2384s
 326893 174971 1.7425e+12  172    1 1.7437e+12 1.7411e+12  0.15%  15.2 2388s
 327981 175767 1.7426e+12  205    1 1.7437e+12 1.7411e+12  0.15%  15.2 2392s
 329069 176321 1.7429e+12  238    2 1.7437e+12 1.7411e+12  0.15%  15.2 2397s
 330144 176913 1.7412e+12   57    1 1.7437e+12 1.7411e+12  0.15%  15.2 2401s
 332109 177578 1.7436e+12  216    1 1.7437e+12 1.7411e+12  0.15%  15.1 2405s
 333401 179093 1.7425e+12  151    1 1.7437e+12 1.7411e+12  0.15%  15.1 2413s
 334309 179860 1.7425e+12  183    1 1.7437e+12 1.7411e+12  0.15%  15.1 2418s
 335346 180679 1.7426e+12  214    1 1.7437e+12 1.7411e+12  0.15%  15.1 2422s
 336380 181504 1.7429e+12  246    1 1.7437e+12 1.7411e+12  0.15%  15.1 2426s
 337444 182361 1.7412e+12   69    1 1.7437e+12 1.7411e+12  0.15%  15.1 2430s
 339590 183862 1.7414e+12  130    1 1.7437e+12 1.7411e+12  0.15%  15.1 2438s
 340677 184654 1.7425e+12  163    1 1.7437e+12 1.7411e+12  0.15%  15.1 2443s
 341760 185486 1.7426e+12  197    2 1.7437e+12 1.7411e+12  0.15%  15.1 2447s
 342818 185998 1.7428e+12  230    1 1.7437e+12 1.7411e+12  0.15%  15.1 2451s
 343886 186432 1.7412e+12   53    1 1.7437e+12 1.7411e+12  0.15%  15.1 2455s
 346030 187630 1.7414e+12  121    1 1.7437e+12 1.7411e+12  0.15%  15.0 2463s
 347113 188489 1.7416e+12  155    1 1.7437e+12 1.7411e+12  0.15%  15.0 2467s
 348151 189349 1.7418e+12  177    1 1.7437e+12 1.7411e+12  0.15%  15.0 2471s
 349183 189378 1.7426e+12  196    2 1.7437e+12 1.7411e+12  0.15%  15.1 2513s
 349215 189912 1.7426e+12  197    2 1.7437e+12 1.7411e+12  0.15%  15.1 2517s
 350281 190371 1.7436e+12  223    1 1.7437e+12 1.7411e+12  0.15%  15.0 2521s
 351341 190918 1.7412e+12   64    1 1.7437e+12 1.7411e+12  0.15%  15.0 2525s
 352387 191597 1.7413e+12   98    1 1.7437e+12 1.7411e+12  0.15%  15.0 2532s
 353451 192388 1.7415e+12  132    1 1.7437e+12 1.7411e+12  0.15%  15.1 2536s
 354538 193161 1.7425e+12  166    1 1.7437e+12 1.7411e+12  0.15%  15.0 2540s
 356674 194624 1.7428e+12  234    1 1.7437e+12 1.7411e+12  0.15%  15.0 2547s
 357582 195219 1.7412e+12   56    1 1.7437e+12 1.7411e+12  0.15%  15.1 2551s
 358488 195714 1.7412e+12   90    1 1.7437e+12 1.7411e+12  0.15%  15.2 2556s
 359490 196411 1.7414e+12  124    1 1.7437e+12 1.7411e+12  0.15%  15.2 2561s
 360546 197335 1.7425e+12  157    2 1.7437e+12 1.7411e+12  0.15%  15.2 2565s
 362669 198942 1.7427e+12  225    1 1.7437e+12 1.7411e+12  0.15%  15.2 2574s
 363737 199446 1.7412e+12   46    1 1.7437e+12 1.7411e+12  0.15%  15.2 2579s
 364723 199911 1.7412e+12   79    1 1.7437e+12 1.7411e+12  0.15%  15.3 2583s
 365784 200514 1.7414e+12  113    1 1.7437e+12 1.7411e+12  0.15%  15.3 2588s
 366872 201222 1.7423e+12  140    1 1.7437e+12 1.7411e+12  0.15%  15.3 2592s
 367954 202054 1.7424e+12  173    1 1.7437e+12 1.7411e+12  0.15%  15.3 2596s
 369002 202881 1.7425e+12  207    1 1.7437e+12 1.7411e+12  0.15%  15.3 2600s
 371076 204366 1.7437e+12  260    1 1.7437e+12 1.7411e+12  0.15%  15.3 2609s
 372118 205110 1.7412e+12   71    1 1.7437e+12 1.7411e+12  0.15%  15.3 2613s
 373124 205652 1.7413e+12  103    1 1.7437e+12 1.7411e+12  0.15%  15.4 2618s
 374196 206350 1.7415e+12  133    1 1.7437e+12 1.7411e+12  0.15%  15.4 2624s
 375258 207067 1.7425e+12  161    1 1.7437e+12 1.7411e+12  0.15%  15.4 2629s
 376308 207899 1.7426e+12  194    2 1.7437e+12 1.7411e+12  0.15%  15.4 2634s
 377336 208383 1.7428e+12  228    2 1.7437e+12 1.7411e+12  0.15%  15.4 2640s
 378370 209036 1.7412e+12   50    1 1.7437e+12 1.7411e+12  0.15%  15.3 2645s
 379427 209832 1.7415e+12   81    1 1.7437e+12 1.7411e+12  0.15%  15.3 2650s
 381492 211471 1.7425e+12  143    1 1.7437e+12 1.7411e+12  0.15%  15.4 2662s
 382506 212162 1.7425e+12  175    1 1.7437e+12 1.7411e+12  0.15%  15.4 2666s
 383488 212743 1.7427e+12  208    1 1.7437e+12 1.7411e+12  0.15%  15.5 2671s
 384493 213250 infeasible  240      1.7437e+12 1.7411e+12  0.15%  15.5 2676s
 385511 213805 1.7415e+12   63    1 1.7437e+12 1.7411e+12  0.15%  15.6 2681s
 386565 214479 1.7414e+12   93    1 1.7437e+12 1.7411e+12  0.15%  15.6 2686s
 387651 215332 1.7415e+12  122    1 1.7437e+12 1.7411e+12  0.15%  15.6 2690s
 389818 216854 1.7427e+12  184    1 1.7437e+12 1.7411e+12  0.15%  15.5 2702s
 390739 217519 1.7429e+12  217    1 1.7437e+12 1.7411e+12  0.15%  15.6 2706s
 391693 218033 1.7411e+12   57    1 1.7437e+12 1.7411e+12  0.15%  15.7 2711s
 392721 218475 1.7412e+12   91    1 1.7437e+12 1.7411e+12  0.15%  15.8 2716s
 393807 218955 1.7414e+12  125    1 1.7437e+12 1.7411e+12  0.15%  15.7 2724s
 394861 219729 1.7416e+12  155    3 1.7437e+12 1.7411e+12  0.15%  15.7 2730s
 396162 220633 1.7417e+12  165    2 1.7437e+12 1.7411e+12  0.15%  15.7 2735s
 396925 221538 1.7434e+12  199    1 1.7437e+12 1.7411e+12  0.15%  15.8 2740s
 397974 222196 1.7436e+12  231    1 1.7437e+12 1.7411e+12  0.15%  15.8 2745s
 399397 222765 1.7415e+12  139    2 1.7437e+12 1.7411e+12  0.15%  15.9 2750s
 400800 223679 1.7414e+12  119    2 1.7437e+12 1.7411e+12  0.15%  16.0 2758s
 401888 224350 1.7416e+12  149    3 1.7437e+12 1.7411e+12  0.15%  15.9 2762s
 402976 225208 1.7426e+12  183    1 1.7437e+12 1.7411e+12  0.15%  15.9 2766s
 404058 226076 1.7428e+12  217    1 1.7437e+12 1.7411e+12  0.15%  15.9 2771s
 405086 226927 1.7411e+12   54    2 1.7437e+12 1.7411e+12  0.15%  15.9 2775s
 406108 227600 1.7412e+12   88    1 1.7437e+12 1.7411e+12  0.15%  16.0 2780s
 407115 227947 1.7414e+12  122    1 1.7437e+12 1.7411e+12  0.15%  16.0 2786s
 407996 227963 1.7415e+12  150    1 1.7437e+12 1.7411e+12  0.15%  16.1 2822s
 408028 228568 1.7415e+12  151    1 1.7437e+12 1.7411e+12  0.15%  16.1 2827s
 409043 229312 1.7417e+12  175    1 1.7437e+12 1.7411e+12  0.15%  16.1 2834s
 410073 230211 1.7425e+12  195    2 1.7437e+12 1.7411e+12  0.15%  16.1 2838s
 411136 231060 1.7435e+12  226    1 1.7437e+12 1.7411e+12  0.15%  16.1 2845s
 412190 231589 1.7411e+12   51    1 1.7437e+12 1.7411e+12  0.15%  16.1 2850s
 414274 232452 1.7414e+12  119    1 1.7437e+12 1.7411e+12  0.15%  16.1 2859s
 415325 233122 1.7415e+12  153    1 1.7437e+12 1.7411e+12  0.15%  16.1 2864s
 416386 234020 1.7417e+12  175    1 1.7437e+12 1.7411e+12  0.15%  16.1 2869s
 417460 234890 1.7425e+12  195    1 1.7437e+12 1.7411e+12  0.15%  16.0 2874s
 418543 235607 1.7435e+12  223    1 1.7437e+12 1.7411e+12  0.15%  16.0 2879s
 419606 235957 1.7411e+12   51    1 1.7437e+12 1.7411e+12  0.15%  16.0 2885s
 420662 236242 1.7420e+12   64    1 1.7437e+12 1.7411e+12  0.15%  16.0 2891s
 421741 236689 1.7430e+12   74    1 1.7437e+12 1.7411e+12  0.15%  16.0 2898s
 422822 237373 1.7434e+12   88    1 1.7437e+12 1.7411e+12  0.15%  16.0 2905s
 423883 238271 1.7436e+12  116    1 1.7437e+12 1.7411e+12  0.15%  15.9 2912s
 424937 238982 1.7411e+12   62    1 1.7437e+12 1.7411e+12  0.15%  15.9 2919s
 425954 239407 1.7413e+12   96    1 1.7437e+12 1.7411e+12  0.15%  15.9 2925s
 426997 239932 1.7414e+12  130    1 1.7437e+12 1.7411e+12  0.15%  15.9 2931s
 428069 240711 1.7417e+12  163    1 1.7437e+12 1.7411e+12  0.15%  15.9 2935s
 429130 241586 1.7422e+12  184    1 1.7437e+12 1.7411e+12  0.15%  15.9 2941s
 430218 242290 1.7423e+12  216    1 1.7437e+12 1.7411e+12  0.15%  15.8 2946s
 431306 242879 1.7424e+12  250    2 1.7437e+12 1.7411e+12  0.15%  15.8 2950s
 432394 243363 1.7411e+12   59    2 1.7437e+12 1.7411e+12  0.15%  15.8 2955s
 433482 243854 1.7413e+12   91    1 1.7437e+12 1.7411e+12  0.15%  15.8 2962s
 434551 244527 1.7414e+12  120    1 1.7437e+12 1.7411e+12  0.15%  15.8 2969s
 435601 245192 1.7416e+12  152    1 1.7437e+12 1.7411e+12  0.15%  15.7 2977s
 436642 245842 1.7426e+12  184    1 1.7437e+12 1.7411e+12  0.15%  15.7 2983s
 437694 246599 1.7428e+12  216    1 1.7437e+12 1.7411e+12  0.15%  15.7 2988s
 438771 247383 1.7413e+12   52    1 1.7437e+12 1.7411e+12  0.15%  15.7 2994s
 439845 248050 1.7412e+12   80    1 1.7437e+12 1.7411e+12  0.15%  15.6 3000s
 440920 248631 1.7414e+12  111    1 1.7437e+12 1.7411e+12  0.15%  15.6 3007s
 441978 249109 infeasible  143      1.7437e+12 1.7411e+12  0.15%  15.6 3011s
 442894 249795 1.7425e+12  177    1 1.7437e+12 1.7411e+12  0.15%  15.6 3017s
 443947 250510 1.7426e+12  208    1 1.7437e+12 1.7411e+12  0.15%  15.6 3023s
 445017 251160 1.7428e+12  240    1 1.7437e+12 1.7411e+12  0.15%  15.6 3029s
 446082 251810 1.7412e+12   58    1 1.7437e+12 1.7411e+12  0.15%  15.6 3035s
 447170 252445 1.7415e+12   86    1 1.7437e+12 1.7411e+12  0.15%  15.6 3040s
 448455 253074 1.7419e+12  180    1 1.7437e+12 1.7411e+12  0.15%  15.5 3045s
 450411 254329 1.7426e+12  180    1 1.7437e+12 1.7411e+12  0.15%  15.5 3053s
 451485 254344 1.7427e+12  214    1 1.7437e+12 1.7411e+12  0.15%  15.5 3078s
 451517 254914 1.7427e+12  215    1 1.7437e+12 1.7411e+12  0.15%  15.5 3084s
 452590 255573 infeasible  242      1.7437e+12 1.7411e+12  0.15%  15.5 3091s
 453669 256170 1.7412e+12   66    1 1.7437e+12 1.7411e+12  0.15%  15.5 3096s
 454748 256790 1.7413e+12  100    1 1.7437e+12 1.7411e+12  0.15%  15.5 3101s
 455821 257518 1.7416e+12  134    1 1.7437e+12 1.7411e+12  0.15%  15.5 3105s
 456897 258376 1.7425e+12  167    1 1.7437e+12 1.7411e+12  0.15%  15.4 3110s
 457985 259292 1.7427e+12  201    1 1.7437e+12 1.7411e+12  0.15%  15.4 3115s
 459073 260033 1.7429e+12  235    1 1.7437e+12 1.7411e+12  0.15%  15.4 3121s
 460161 260678 1.7413e+12   59    1 1.7437e+12 1.7411e+12  0.15%  15.4 3127s
 461249 261354 1.7414e+12   87    1 1.7437e+12 1.7411e+12  0.15%  15.4 3132s
 462337 262086 1.7415e+12  118    2 1.7437e+12 1.7411e+12  0.15%  15.3 3136s
 463424 262854 1.7416e+12  147    1 1.7437e+12 1.7411e+12  0.15%  15.3 3140s
 464508 263694 1.7419e+12  177    1 1.7437e+12 1.7411e+12  0.15%  15.3 3146s
 465545 264298 1.7420e+12  195    2 1.7437e+12 1.7411e+12  0.15%  15.3 3151s
 466605 264981 1.7427e+12  211    1 1.7437e+12 1.7411e+12  0.15%  15.3 3155s
 468765 266713 1.7415e+12   86    1 1.7437e+12 1.7411e+12  0.15%  15.3 3163s
 469853 267572 1.7414e+12  117    1 1.7437e+12 1.7411e+12  0.15%  15.3 3172s
 470927 268079 1.7424e+12  145    1 1.7437e+12 1.7411e+12  0.15%  15.3 3179s
 471943 268626 1.7425e+12  178    1 1.7437e+12 1.7411e+12  0.15%  15.3 3185s
 473031 269188 1.7426e+12  210    1 1.7437e+12 1.7411e+12  0.15%  15.2 3190s
 474112 269721 1.7428e+12  243    2 1.7437e+12 1.7411e+12  0.15%  15.2 3197s
 475172 270412 1.7412e+12   65    1 1.7437e+12 1.7411e+12  0.15%  15.2 3202s
 476255 271213 1.7413e+12   99    1 1.7437e+12 1.7411e+12  0.15%  15.2 3209s
 477315 271998 1.7415e+12  133    1 1.7437e+12 1.7411e+12  0.15%  15.2 3215s
 478393 272828 1.7425e+12  167    1 1.7437e+12 1.7411e+12  0.15%  15.2 3220s
 479481 273718 1.7426e+12  201    1 1.7437e+12 1.7411e+12  0.15%  15.1 3225s
 481657 275456 1.7412e+12   59    1 1.7437e+12 1.7411e+12  0.15%  15.1 3233s
 482745 276028 1.7412e+12   93    1 1.7437e+12 1.7411e+12  0.15%  15.1 3239s
 483761 276939 1.7414e+12  127    2 1.7437e+12 1.7411e+12  0.15%  15.1 3243s
 484849 277850 1.7425e+12  161    1 1.7437e+12 1.7411e+12  0.15%  15.1 3248s
 485937 278220 1.7426e+12  195    1 1.7437e+12 1.7411e+12  0.15%  15.1 3271s
 486386 278805 1.7426e+12  210    1 1.7437e+12 1.7411e+12  0.15%  15.1 3276s
 487472 279372 1.7428e+12  244    1 1.7437e+12 1.7411e+12  0.15%  15.0 3281s
 488524 279908 1.7412e+12   64    1 1.7437e+12 1.7411e+12  0.15%  15.1 3288s
 489540 280486 1.7413e+12   98    1 1.7437e+12 1.7411e+12  0.15%  15.1 3295s
 490594 281164 1.7415e+12  132    3 1.7437e+12 1.7411e+12  0.15%  15.1 3300s
 491680 281894 1.7425e+12  166    1 1.7437e+12 1.7411e+12  0.15%  15.0 3306s
 492767 282651 1.7426e+12  200    1 1.7437e+12 1.7411e+12  0.15%  15.0 3312s
 493855 283206 1.7428e+12  234    1 1.7437e+12 1.7411e+12  0.15%  15.0 3316s
 494943 283835 1.7412e+12   56    1 1.7437e+12 1.7411e+12  0.15%  15.0 3320s
 496031 284452 1.7412e+12   90    2 1.7437e+12 1.7411e+12  0.15%  15.0 3326s
 497119 285037 1.7414e+12  124    1 1.7437e+12 1.7411e+12  0.15%  15.0 3331s
 498174 285704 1.7425e+12  158    2 1.7437e+12 1.7411e+12  0.15%  15.0 3338s
 499194 285723 1.7426e+12  192    1 1.7437e+12 1.7411e+12  0.15%  15.0 3378s
 499226 286424 1.7426e+12  193    2 1.7437e+12 1.7411e+12  0.15%  15.0 3384s
 500314 287142 1.7427e+12  227    1 1.7437e+12 1.7411e+12  0.15%  15.0 3390s
 501402 287822 1.7411e+12   49    1 1.7437e+12 1.7411e+12  0.15%  15.0 3395s
 502490 288471 1.7412e+12   83    1 1.7437e+12 1.7411e+12  0.15%  14.9 3402s
 503578 288923 1.7414e+12  117    1 1.7437e+12 1.7411e+12  0.15%  14.9 3406s
 504663 289401 1.7425e+12  151    1 1.7437e+12 1.7411e+12  0.15%  14.9 3413s
 505736 290076 1.7425e+12  185    1 1.7437e+12 1.7411e+12  0.15%  14.9 3419s
 506795 290843 1.7427e+12  219    1 1.7437e+12 1.7411e+12  0.15%  14.9 3424s
 507868 291699 1.7411e+12   43    1 1.7437e+12 1.7411e+12  0.15%  14.9 3432s
 508953 292410 1.7413e+12   75    1 1.7437e+12 1.7411e+12  0.15%  14.9 3438s
 510041 293007 1.7414e+12  108    2 1.7437e+12 1.7411e+12  0.15%  14.9 3443s
 511129 293356 1.7416e+12  137    1 1.7437e+12 1.7411e+12  0.15%  14.8 3448s
 512215 293852 1.7425e+12  170    2 1.7437e+12 1.7411e+12  0.15%  14.8 3453s
 513286 294524 infeasible  198      1.7437e+12 1.7411e+12  0.15%  14.8 3458s
 514359 295340 1.7429e+12  233    1 1.7437e+12 1.7411e+12  0.15%  14.8 3463s
 515439 296015 1.7412e+12   58    1 1.7437e+12 1.7411e+12  0.15%  14.8 3473s
 516453 296672 1.7412e+12   89    1 1.7437e+12 1.7411e+12  0.15%  14.8 3478s
 517532 297094 1.7414e+12  123    1 1.7437e+12 1.7411e+12  0.15%  14.8 3483s
 518601 297521 1.7425e+12  157    1 1.7437e+12 1.7411e+12  0.15%  14.8 3488s
 519676 298174 1.7426e+12  191    1 1.7437e+12 1.7411e+12  0.15%  14.8 3493s
 520746 298982 1.7427e+12  225    1 1.7437e+12 1.7411e+12  0.15%  14.8 3498s
 521815 299009 1.7411e+12   47    1 1.7437e+12 1.7411e+12  0.15%  14.8 3546s
 521847 299879 1.7411e+12   48    1 1.7437e+12 1.7411e+12  0.15%  14.8 3553s
 522921 300556 1.7414e+12   78    1 1.7437e+12 1.7411e+12  0.15%  14.7 3560s
 525097 301537 1.7426e+12  141    1 1.7437e+12 1.7411e+12  0.15%  14.7 3569s
 526185 302143 1.7427e+12  173    1 1.7437e+12 1.7411e+12  0.15%  14.7 3575s
 527268 302858 1.7428e+12  207    1 1.7437e+12 1.7411e+12  0.15%  14.7 3582s
 528342 303748 1.7411e+12   48    1 1.7437e+12 1.7411e+12  0.15%  14.7 3591s
 529392 304515 1.7412e+12   80    1 1.7437e+12 1.7411e+12  0.15%  14.6 3599s
 530462 304560 1.7413e+12  108    1 1.7437e+12 1.7411e+12  0.15%  14.6 3600s

Cutting planes:
  Implied bound: 2
  Flow cover: 1

Explored 530542 nodes (7788507 simplex iterations) in 3600.34 seconds (2505.09 work units)
Thread count was 32 (of 36 available processors)

Solution count 1: 1.7437e+12 

Time limit reached
Best objective 1.743699551138e+12, best bound 1.741106831193e+12, gap 0.1487%

User-callback calls 1423381, time in user-callback 0.32 sec
Set parameter TokenServer to value "license-1.hpc.nrel.gov"
Set parameter TimeLimit to value 3600
Set parameter MIPGap to value 0.001
Set parameter MIPGap to value 0.001
Set parameter TimeLimit to value 3600
Gurobi Optimizer version 9.5.1 build v9.5.1rc2 (linux64)
Thread count: 36 physical cores, 36 logical processors, using up to 32 threads
Optimize a model with 79596 rows, 989456 columns and 2026080 nonzeros
Model fingerprint: 0x4f934800
Coefficient statistics:
  Matrix range     [1e+00, 1e+05]
  Objective range  [2e-01, 2e+09]
  Bounds range     [1e+00, 1e+08]
  RHS range        [8e-01, 2e+06]
Warning: Model contains large objective coefficients
         Consider reformulating model or setting NumericFocus parameter
         to avoid numerical issues.

Concurrent LP optimizer: primal simplex, dual simplex, and barrier
Showing barrier log only...

Presolve removed 71798 rows and 407128 columns
Presolve time: 1.27s
Presolved: 7798 rows, 582328 columns, 1160340 nonzeros

Ordering time: 0.02s

Barrier statistics:
 AA' NZ     : 5.780e+05
 Factor NZ  : 1.063e+06 (roughly 240 MB of memory)
 Factor Ops : 1.876e+08 (less than 1 second per iteration)
 Threads    : 30

                  Objective                Residual
Iter       Primal          Dual         Primal    Dual     Compl     Time
   0   5.37355117e+12 -6.59532298e+11  4.74e+06 2.56e+02  1.64e+08     2s
   1   1.93457153e+12  9.40111394e+11  1.45e+05 5.46e-12  6.25e+06     2s
   2   1.81398024e+12  1.44669115e+12  4.95e+03 8.47e-01  7.70e+05     2s
   3   1.80642249e+12  1.57359008e+12  2.82e+03 3.64e-12  4.71e+05     2s
   4   1.78613841e+12  1.65069342e+12  9.51e+02 2.53e+00  2.53e+05     2s
   5   1.77448635e+12  1.69291808e+12  5.15e+02 1.39e+00  1.50e+05     2s
   6   1.76269381e+12  1.71423790e+12  1.74e+02 6.33e-01  8.58e+04     2s
   7   1.76026885e+12  1.72482110e+12  1.36e+02 4.35e-01  6.25e+04     2s

Barrier performed 7 iterations in 2.15 seconds (1.24 work units)
Barrier solve interrupted - model solved by another algorithm


Solved with primal simplex
Solved in 66784 iterations and 2.16 seconds (1.32 work units)
Optimal objective  1.743699551e+12

User-callback calls 124, time in user-callback 0.00 sec
[ Info:  started timer at: 2023-03-24T13:41:43.667
[ Info: Reading /projects/pvsoiling/RELOG/Manufacturing_40209_2/input/solver/case.json...
[ Info:          134 collection centers
[ Info:          268 candidate plant locations
[ Info: Building graph...
[ Info:               26 time periods
[ Info:              268 process nodes
[ Info:              268 shipping nodes (plant)
[ Info:              134 shipping nodes (collection)
[ Info:            36180 arcs
[ Info: Building optimization model...
[ Info: Optimizing MILP...
[ Info: Re-optimizing with integer variables fixed...
[ Info: Extracting solution...
[ Info:       3647.395401196s: 1 hour, 47 seconds, 395 milliseconds
