Set parameter TokenServer to value "license-1.hpc.nrel.gov"
Set parameter TimeLimit to value 3600
Set parameter MIPGap to value 0.001
Set parameter MIPGap to value 0.001
Set parameter TimeLimit to value 3600
Gurobi Optimizer version 9.5.1 build v9.5.1rc2 (linux64)
Thread count: 36 physical cores, 36 logical processors, using up to 32 threads
Optimize a model with 96828 rows, 1144312 columns and 2348570 nonzeros
Model fingerprint: 0xf2dcecaf
Variable types: 1128244 continuous, 16068 integer (16068 binary)
Coefficient statistics:
  Matrix range     [1e+00, 1e+05]
  Objective range  [3e-01, 7e+08]
  Bounds range     [1e+05, 1e+08]
  RHS range        [8e-01, 2e+06]
Presolve removed 84694 rows and 64666 columns
Presolve time: 4.98s
Presolved: 12134 rows, 1079646 columns, 2166399 nonzeros
Variable types: 1075938 continuous, 3708 integer (3708 binary)

Deterministic concurrent LP optimizer: primal and dual simplex
Showing first log only...


Root simplex log...

Iteration    Objective       Primal Inf.    Dual Inf.      Time
       0    2.4856486e+11   8.465000e+05   2.376324e+10      8s
  123237    2.7797129e+11   2.199992e+05   1.274896e+11     10s
Concurrent spin time: 0.02s

Solved with dual simplex

Root relaxation: objective 4.282381e+11, 66080 iterations, 6.83 seconds (5.28 work units)

    Nodes    |    Current Node    |     Objective Bounds      |     Work
 Expl Unexpl |  Obj  Depth IntInf | Incumbent    BestBd   Gap | It/Node Time

     0     0 4.2824e+11    0    9          - 4.2824e+11      -     -   13s
H    0     0                    4.289040e+11 4.2824e+11  0.16%     -   14s
H    0     0                    4.288941e+11 4.2824e+11  0.15%     -   16s
     0     0 4.2824e+11    0    6 4.2889e+11 4.2824e+11  0.15%     -   18s
     0     0 4.2824e+11    0    6 4.2889e+11 4.2824e+11  0.15%     -   20s
     0     0 4.2824e+11    0    3 4.2889e+11 4.2824e+11  0.15%     -   22s
     0     0 4.2824e+11    0    6 4.2889e+11 4.2824e+11  0.15%     -   23s
     0     0 4.2824e+11    0    6 4.2889e+11 4.2824e+11  0.15%     -   24s
     0     0 4.2824e+11    0    6 4.2889e+11 4.2824e+11  0.15%     -   26s
     0     0 4.2824e+11    0    9 4.2889e+11 4.2824e+11  0.15%     -   27s
     0     0 4.2824e+11    0    9 4.2889e+11 4.2824e+11  0.15%     -   28s
     0     0 4.2824e+11    0    6 4.2889e+11 4.2824e+11  0.15%     -   29s
     0     0 4.2824e+11    0    6 4.2889e+11 4.2824e+11  0.15%     -   35s
     0     2 4.2824e+11    0    6 4.2889e+11 4.2824e+11  0.15%     -   43s
     3     8 4.2824e+11    2    3 4.2889e+11 4.2824e+11  0.15%   7.7   45s
    63    96 4.2824e+11    6    3 4.2889e+11 4.2824e+11  0.15%   9.7   50s
   159   192 4.2824e+11    9    3 4.2889e+11 4.2824e+11  0.15%   7.0  192s
   191   224 4.2824e+11   10    3 4.2889e+11 4.2824e+11  0.15%   6.6  196s
   223   365 4.2824e+11   11    3 4.2889e+11 4.2824e+11  0.15%   6.1  200s
   364   731 4.2824e+11   14    3 4.2889e+11 4.2824e+11  0.15%   5.2  208s
   730  1643 4.2824e+11   25    3 4.2889e+11 4.2824e+11  0.15%   6.8  228s
  1642  2571 4.2825e+11   51    3 4.2889e+11 4.2824e+11  0.15%   7.8  243s
  2570  3423 4.2831e+11   77    6 4.2889e+11 4.2824e+11  0.15%   7.6  257s
  3479  4173 4.2833e+11  106    3 4.2889e+11 4.2824e+11  0.15%   7.4  269s
  4346  4898 4.2836e+11  135    6 4.2889e+11 4.2824e+11  0.15%   7.2  277s
  5193  5609 4.2839e+11  164    3 4.2889e+11 4.2824e+11  0.15%   7.2  284s
  6029  6334 4.2868e+11  192    3 4.2889e+11 4.2824e+11  0.15%   7.8  292s
  6857  7136 4.2824e+11    8    3 4.2889e+11 4.2824e+11  0.15%   7.9  299s
  7693  7948 4.2826e+11   18    3 4.2889e+11 4.2824e+11  0.15%   8.6  307s
  8529  8734 4.2830e+11   30    3 4.2889e+11 4.2824e+11  0.15%  10.0  316s
  9341  9490 4.2835e+11   42    3 4.2889e+11 4.2824e+11  0.15%  11.2  323s
 10269 10323 4.2843e+11   52    3 4.2889e+11 4.2824e+11  0.15%  11.2  333s
 11198 10324 4.2872e+11   94    6 4.2889e+11 4.2824e+11  0.15%  11.1  363s
 11200 10325 4.2825e+11   27    3 4.2889e+11 4.2824e+11  0.15%  11.1  373s
 11201 10326 4.2846e+11  112    3 4.2889e+11 4.2824e+11  0.15%  11.1  376s
 11203 10327 4.2824e+11    8    2 4.2889e+11 4.2824e+11  0.15%  11.1  380s
 11207 10330 4.2843e+11   94    2 4.2889e+11 4.2824e+11  0.15%  11.1  385s
 11222 10357 4.2824e+11   18    1 4.2889e+11 4.2824e+11  0.15%  12.6  390s
 11386 10462 4.2824e+11   23    1 4.2889e+11 4.2824e+11  0.15%  12.5  395s
 11561 10599 4.2824e+11   24    2 4.2889e+11 4.2824e+11  0.15%  12.4  447s
 11593 10712 4.2824e+11   25    1 4.2889e+11 4.2824e+11  0.15%  12.4  450s
 11717 11239 4.2824e+11   27    1 4.2889e+11 4.2824e+11  0.15%  12.3  459s
 12285 12010 4.2824e+11   36    2 4.2889e+11 4.2824e+11  0.15%  12.1  473s
 13245 12639 4.2826e+11   51    1 4.2889e+11 4.2824e+11  0.15%  11.9  484s
 14194 12354 4.2826e+11   66    1 4.2889e+11 4.2824e+11  0.15%  11.6  510s
 14226 13187 4.2826e+11   67    2 4.2889e+11 4.2824e+11  0.15%  11.6  521s
 15140 13656 4.2829e+11   82    1 4.2889e+11 4.2824e+11  0.15%  11.3  529s
 15708 13467 4.2835e+11  129    1 4.2889e+11 4.2824e+11  0.15%  11.3  530s
 16036 13971 4.2831e+11  103    2 4.2889e+11 4.2824e+11  0.15%  11.3  536s
 16912 14293 4.2834e+11  126    1 4.2889e+11 4.2824e+11  0.15%  11.4  542s
 17792 14787 4.2836e+11  148    1 4.2889e+11 4.2824e+11  0.15%  11.5  549s
 18699 15241 4.2839e+11  178    1 4.2889e+11 4.2824e+11  0.15%  11.7  556s
 19659 15137 4.2868e+11  202    2 4.2889e+11 4.2824e+11  0.15%  11.6  572s
 20011 15698 4.2869e+11  211    1 4.2889e+11 4.2824e+11  0.15%  11.6  577s
 20971 16215 4.2824e+11   23    2 4.2889e+11 4.2824e+11  0.15%  11.4  582s
 21931 16654 4.2827e+11   53    1 4.2889e+11 4.2824e+11  0.15%  11.2  588s
 22891 17010 4.2829e+11   83    1 4.2889e+11 4.2824e+11  0.15%  11.0  593s
 23851 16710 4.2832e+11  113    2 4.2889e+11 4.2824e+11  0.15%  10.9  634s
H23854 16192                    4.288940e+11 4.2824e+11  0.15%  10.9  634s
 23887 16840 4.2832e+11  115    1 4.2889e+11 4.2824e+11  0.15%  10.9  639s
 24839 17166 4.2835e+11  145    1 4.2889e+11 4.2824e+11  0.15%  10.9  644s
 25790 16872 4.2860e+11  175    1 4.2889e+11 4.2824e+11  0.15%  10.9  670s
 25822 17505 4.2860e+11  176    1 4.2889e+11 4.2824e+11  0.15%  10.9  675s
 26782 17954 4.2865e+11  206    1 4.2889e+11 4.2824e+11  0.15%  10.9  680s
 27736 18397 4.2868e+11  236    2 4.2889e+11 4.2824e+11  0.15%  11.0  685s
 28677 18876 4.2824e+11   22    2 4.2889e+11 4.2824e+11  0.15%  11.1  691s
 29637 19379 4.2828e+11   52    1 4.2889e+11 4.2824e+11  0.15%  11.0  699s
 30597 19540 4.2837e+11   82    1 4.2889e+11 4.2824e+11  0.15%  10.9  704s
 31347 20172 4.2839e+11   98    1 4.2889e+11 4.2824e+11  0.15%  10.8  709s
 32307 19877 4.2841e+11  125    1 4.2889e+11 4.2824e+11  0.15%  10.7  760s
 32339 20657 4.2842e+11  126    2 4.2889e+11 4.2824e+11  0.15%  10.7  765s
 33293 21144 4.2844e+11  156    1 4.2889e+11 4.2824e+11  0.15%  10.7  770s
 34230 21620 4.2871e+11  180    1 4.2889e+11 4.2824e+11  0.15%  10.7  775s
 35187 21963 4.2873e+11  206    1 4.2889e+11 4.2824e+11  0.15%  10.7  781s
 36137 22149 4.2825e+11   43    1 4.2889e+11 4.2824e+11  0.15%  10.6  787s
 37091 22391 4.2832e+11   73    2 4.2889e+11 4.2824e+11  0.15%  10.5  792s
 38051 22723 4.2841e+11  103    1 4.2889e+11 4.2824e+11  0.15%  10.4  796s
 39011 23220 4.2867e+11  132    2 4.2889e+11 4.2824e+11  0.15%  10.3  802s
 39971 23707 4.2868e+11  159    1 4.2889e+11 4.2824e+11  0.15%  10.2  808s
 40931 24360 4.2874e+11  189    1 4.2889e+11 4.2824e+11  0.15%  10.1  813s
 41887 25147 4.2825e+11   46    1 4.2889e+11 4.2824e+11  0.15%  10.1  819s
 42818 25790 4.2829e+11   76    3 4.2889e+11 4.2824e+11  0.15%  10.1  824s
 43722 26444 4.2831e+11  106    1 4.2889e+11 4.2824e+11  0.15%  10.3  829s
 44661 27137 4.2835e+11  136    1 4.2889e+11 4.2824e+11  0.15%  10.4  834s
 45620 27908 4.2859e+11  166    1 4.2889e+11 4.2824e+11  0.15%  10.4  839s
 46571 28728 4.2864e+11  196    1 4.2889e+11 4.2824e+11  0.15%  10.4  843s
 47490 29528 4.2867e+11  226    1 4.2889e+11 4.2824e+11  0.15%  10.5  848s
 48427 30265 4.2869e+11  256    1 4.2889e+11 4.2824e+11  0.15%  10.5  853s
 49357 30831 4.2825e+11   44    2 4.2889e+11 4.2824e+11  0.15%  10.6  858s
 50261 31307 4.2837e+11   74    1 4.2889e+11 4.2824e+11  0.15%  10.7  862s
 51199 31900 4.2854e+11  104    1 4.2889e+11 4.2824e+11  0.15%  10.8  866s
 52159 32549 4.2876e+11  134    1 4.2889e+11 4.2824e+11  0.15%  10.7  870s
 53119 32574 4.2824e+11   41    2 4.2889e+11 4.2824e+11  0.15%  10.6  895s
 54111 34264 4.2828e+11   72    1 4.2889e+11 4.2824e+11  0.15%  10.6  904s
 55071 35083 4.2830e+11  102    2 4.2889e+11 4.2824e+11  0.15%  10.5  909s
 56031 35862 4.2835e+11  132    1 4.2889e+11 4.2824e+11  0.15%  10.4  914s
 56989 36413 4.2859e+11  162    2 4.2889e+11 4.2824e+11  0.15%  10.4  919s
 57945 36990 4.2863e+11  192    1 4.2889e+11 4.2824e+11  0.15%  10.3  924s
 58906 36991 4.2841e+11  104    6 4.2889e+11 4.2824e+11  0.15%  10.2 1103s
 58908 36992 4.2868e+11  239    3 4.2889e+11 4.2824e+11  0.15%  10.2 1113s
 58909 36993 4.2876e+11   76    2 4.2889e+11 4.2824e+11  0.15%  10.2 1117s
 58911 36994 4.2838e+11   88    2 4.2889e+11 4.2824e+11  0.15%  10.2 1120s
 58912 36995 4.2826e+11   36    2 4.2889e+11 4.2824e+11  0.15%  10.2 1127s
 58914 36996 4.2833e+11   50    2 4.2889e+11 4.2824e+11  0.15%  10.2 1136s
 58916 36998 4.2845e+11  118    2 4.2889e+11 4.2824e+11  0.15%  10.2 1145s
 58918 36999 4.2867e+11  223    2 4.2889e+11 4.2824e+11  0.15%  10.2 1154s
 58919 37000 4.2855e+11  150    2 4.2889e+11 4.2824e+11  0.15%  10.2 1163s
 58920 37000 4.2824e+11   39    2 4.2889e+11 4.2824e+11  0.15%  10.2 1170s
 58921 37001 4.2854e+11  143    2 4.2889e+11 4.2824e+11  0.15%  10.2 1176s
 58928 37015 4.2824e+11   31    1 4.2889e+11 4.2824e+11  0.15%  10.5 1180s
 59016 37097 4.2824e+11   34    2 4.2889e+11 4.2824e+11  0.15%  10.5 1244s
 59048 37119 4.2824e+11   35    1 4.2889e+11 4.2824e+11  0.15%  10.5 1245s
 59080 37140 4.2824e+11   35    2 4.2889e+11 4.2824e+11  0.15%  10.5 1413s
 59176 37370 4.2824e+11   37    1 4.2889e+11 4.2824e+11  0.15%  10.5 1418s
 59374 37908 4.2824e+11   40    1 4.2889e+11 4.2824e+11  0.15%  10.5 1426s
 59978 38094 4.2824e+11   49    2 4.2889e+11 4.2824e+11  0.15%  10.5 1473s
 60365 38925 4.2824e+11   50    1 4.2889e+11 4.2824e+11  0.15%  10.4 1484s
 61325 39565 4.2825e+11   65    1 4.2889e+11 4.2824e+11  0.15%  10.4 1496s
 62285 40088 4.2826e+11   80    1 4.2889e+11 4.2824e+11  0.15%  10.4 1506s
 63214 40453 4.2829e+11   95    1 4.2889e+11 4.2824e+11  0.15%  10.4 1513s
 64112 40749 4.2831e+11  116    1 4.2889e+11 4.2824e+11  0.15%  10.4 1523s
 65014 41141 4.2833e+11  138    1 4.2889e+11 4.2824e+11  0.15%  10.4 1529s
 65254 41061 4.2849e+11  184    1 4.2889e+11 4.2824e+11  0.15%  10.4 1530s
 65974 41684 4.2835e+11  160    1 4.2889e+11 4.2824e+11  0.15%  10.4 1535s
 66934 42149 4.2839e+11  190    1 4.2889e+11 4.2824e+11  0.15%  10.4 1542s
 67894 42626 4.2868e+11  215    1 4.2889e+11 4.2824e+11  0.15%  10.4 1549s
 68854 43121 infeasible  237      4.2889e+11 4.2824e+11  0.15%  10.4 1557s
 69814 43610 4.2824e+11   55    1 4.2889e+11 4.2824e+11  0.15%  10.3 1564s
 70774 43622 4.2828e+11   85    1 4.2889e+11 4.2824e+11  0.15%  10.2 1578s
 71158 44203 4.2829e+11   97    1 4.2889e+11 4.2824e+11  0.15%  10.2 1584s
 72118 44543 4.2832e+11  127    2 4.2889e+11 4.2824e+11  0.15%  10.2 1591s
 73078 45044 4.2835e+11  157    1 4.2889e+11 4.2824e+11  0.15%  10.2 1598s
 74038 45484 4.2860e+11  187    1 4.2889e+11 4.2824e+11  0.15%  10.2 1605s
 74998 45995 4.2864e+11  217    1 4.2889e+11 4.2824e+11  0.15%  10.2 1612s
 75958 46499 4.2868e+11  247    3 4.2889e+11 4.2824e+11  0.15%  10.1 1619s
 76918 47091 4.2870e+11  277    1 4.2889e+11 4.2824e+11  0.15%  10.1 1626s
 77878 47646 4.2825e+11   63    1 4.2889e+11 4.2824e+11  0.15%  10.1 1633s
 78838 48119 4.2828e+11   93    1 4.2889e+11 4.2824e+11  0.15%  10.1 1639s
 79798 48436 4.2831e+11  123    1 4.2889e+11 4.2824e+11  0.15%  10.0 1644s
 80758 48507 4.2836e+11  153    2 4.2889e+11 4.2824e+11  0.15%  10.0 1650s
 81718 48642 4.2859e+11  183    2 4.2889e+11 4.2824e+11  0.15%   9.9 1655s
 82678 49014 4.2865e+11  213    1 4.2889e+11 4.2824e+11  0.15%   9.9 1660s
 83638 49473 4.2867e+11  243    1 4.2889e+11 4.2824e+11  0.15%   9.9 1666s
 84598 50048 4.2869e+11  273    1 4.2889e+11 4.2824e+11  0.15%   9.8 1670s
 85558 50589 4.2827e+11   59    1 4.2889e+11 4.2824e+11  0.15%   9.8 1676s
 86518 50868 4.2840e+11   89    1 4.2889e+11 4.2824e+11  0.15%   9.8 1683s
 87452 51203 4.2851e+11  119    1 4.2889e+11 4.2824e+11  0.15%   9.8 1688s
 88396 51647 4.2854e+11  144    2 4.2889e+11 4.2824e+11  0.15%   9.8 1696s
 89356 52107 4.2871e+11  172    1 4.2889e+11 4.2824e+11  0.15%   9.7 1701s
 90316 52692 4.2825e+11   59    1 4.2889e+11 4.2824e+11  0.15%   9.7 1706s
 91274 53211 4.2838e+11   89    2 4.2889e+11 4.2824e+11  0.15%   9.7 1713s
 92207 53801 4.2856e+11  118    1 4.2889e+11 4.2824e+11  0.15%   9.7 1718s
 93166 54251 4.2859e+11  146    2 4.2889e+11 4.2824e+11  0.15%   9.7 1724s
 94120 54682 4.2861e+11  173    1 4.2889e+11 4.2824e+11  0.15%   9.7 1729s
 95080 55206 4.2824e+11   40    1 4.2889e+11 4.2824e+11  0.15%   9.6 1734s
 96040 55706 4.2825e+11   61    1 4.2889e+11 4.2824e+11  0.15%   9.6 1739s
 97000 56183 4.2827e+11   89    1 4.2889e+11 4.2824e+11  0.15%   9.5 1746s
 97944 56667 4.2832e+11  116    1 4.2889e+11 4.2824e+11  0.15%   9.5 1750s
 98904 57124 4.2834e+11  146    1 4.2889e+11 4.2824e+11  0.15%   9.5 1755s
 99833 57590 4.2836e+11  176    1 4.2889e+11 4.2824e+11  0.15%   9.5 1760s
 100761 57999 4.2864e+11  196    1 4.2889e+11 4.2824e+11  0.15%   9.5 1766s
 101689 58494 4.2866e+11  226    2 4.2889e+11 4.2824e+11  0.15%   9.5 1774s
 102639 59028 4.2868e+11  256    2 4.2889e+11 4.2824e+11  0.15%   9.5 1779s
 103599 59640 4.2824e+11   40    1 4.2889e+11 4.2824e+11  0.15%   9.5 1785s
 104557 60174 4.2828e+11   70    1 4.2889e+11 4.2824e+11  0.15%   9.5 1791s
 105509 60663 4.2830e+11  100    1 4.2889e+11 4.2824e+11  0.15%   9.5 1796s
 106469 61072 4.2832e+11  130    1 4.2889e+11 4.2824e+11  0.15%   9.4 1802s
 107429 61423 4.2835e+11  160    1 4.2889e+11 4.2824e+11  0.15%   9.4 1806s
 108389 61787 4.2860e+11  190    1 4.2889e+11 4.2824e+11  0.15%   9.4 1811s
 109349 62245 4.2865e+11  220    1 4.2889e+11 4.2824e+11  0.15%   9.4 1817s
 110307 62663 4.2868e+11  250    2 4.2889e+11 4.2824e+11  0.15%   9.4 1822s
 111264 63253 4.2824e+11   37    1 4.2889e+11 4.2824e+11  0.15%   9.4 1828s
 112216 63769 4.2826e+11   67    1 4.2889e+11 4.2824e+11  0.15%   9.4 1836s
 113136 64147 4.2850e+11   97    1 4.2889e+11 4.2824e+11  0.15%   9.4 1841s
 114091 64548 4.2879e+11  127    2 4.2889e+11 4.2824e+11  0.15%   9.3 1846s
 115051 64907 4.2824e+11   41    1 4.2889e+11 4.2824e+11  0.15%   9.3 1851s
 116011 65405 4.2830e+11   71    1 4.2889e+11 4.2824e+11  0.15%   9.3 1858s
 116970 65546 4.2845e+11  101    2 4.2889e+11 4.2824e+11  0.15%   9.3 1875s
 117514 66117 4.2856e+11  118    1 4.2889e+11 4.2824e+11  0.15%   9.3 1883s
 118474 66627 4.2859e+11  148    1 4.2889e+11 4.2824e+11  0.15%   9.2 1887s
 119432 67199 4.2871e+11  176    2 4.2889e+11 4.2824e+11  0.15%   9.2 1892s
 120392 67729 4.2824e+11   43    1 4.2889e+11 4.2824e+11  0.15%   9.2 1897s
 121352 68204 4.2828e+11   73    1 4.2889e+11 4.2824e+11  0.15%   9.2 1902s
 122312 68714 4.2830e+11  103    1 4.2889e+11 4.2824e+11  0.15%   9.1 1907s
 123272 68423 4.2832e+11  133    2 4.2889e+11 4.2824e+11  0.15%   9.1 1958s
 123304 69097 4.2832e+11  134    2 4.2889e+11 4.2824e+11  0.15%   9.1 1963s
 124260 69541 4.2837e+11  164    1 4.2889e+11 4.2824e+11  0.15%   9.1 1968s
 125220 70075 4.2860e+11  194    1 4.2889e+11 4.2824e+11  0.15%   9.1 1972s
 126180 70662 4.2865e+11  224    1 4.2889e+11 4.2824e+11  0.15%   9.1 1977s
 127140 71176 4.2868e+11  254    2 4.2889e+11 4.2824e+11  0.15%   9.1 1982s
 128099 71723 4.2824e+11   44    1 4.2889e+11 4.2824e+11  0.15%   9.1 1986s
 129012 72224 4.2828e+11   74    1 4.2889e+11 4.2824e+11  0.15%   9.1 1991s
 129910 72741 4.2830e+11  104    2 4.2889e+11 4.2824e+11  0.15%   9.2 1995s
 131803 73560 4.2858e+11  164    2 4.2889e+11 4.2824e+11  0.15%   9.2 2004s
 132736 73963 4.2860e+11  194    1 4.2889e+11 4.2824e+11  0.15%   9.3 2008s
 133675 74495 4.2865e+11  224    1 4.2889e+11 4.2824e+11  0.15%   9.3 2012s
 134635 74971 4.2868e+11  254    2 4.2889e+11 4.2824e+11  0.15%   9.3 2016s
 135593 75434 4.2824e+11   46    1 4.2889e+11 4.2824e+11  0.15%   9.3 2021s
 136553 75918 4.2828e+11   76    1 4.2889e+11 4.2824e+11  0.15%   9.2 2025s
 137513 76437 4.2830e+11  106    1 4.2889e+11 4.2824e+11  0.15%   9.2 2030s
 138473 76918 4.2832e+11  136    1 4.2889e+11 4.2824e+11  0.15%   9.2 2035s
 139379 77329 4.2837e+11  166    1 4.2889e+11 4.2824e+11  0.15%   9.3 2041s
 140215 77787 4.2860e+11  196    1 4.2889e+11 4.2824e+11  0.15%   9.3 2046s
 141123 78181 4.2865e+11  226    1 4.2889e+11 4.2824e+11  0.15%   9.4 2051s
 142073 78491 4.2868e+11  256    1 4.2889e+11 4.2824e+11  0.15%   9.4 2057s
 143025 78820 4.2824e+11   44    1 4.2889e+11 4.2824e+11  0.15%   9.4 2062s
 143972 79157 4.2831e+11   74    1 4.2889e+11 4.2824e+11  0.15%   9.4 2068s
 144922 79535 4.2849e+11  104    2 4.2889e+11 4.2824e+11  0.15%   9.3 2074s
 145878 80038 4.2856e+11  134    2 4.2889e+11 4.2824e+11  0.15%   9.3 2080s
 146838 80577 4.2858e+11  159    1 4.2889e+11 4.2824e+11  0.15%   9.3 2088s
 147798 81096 4.2862e+11  185    1 4.2889e+11 4.2824e+11  0.15%   9.3 2094s
 148737 81306 4.2824e+11   52    1 4.2889e+11 4.2824e+11  0.15%   9.3 2100s
 149654 81460 4.2828e+11   82    1 4.2889e+11 4.2824e+11  0.15%   9.3 2106s
 150601 81822 4.2830e+11  112    1 4.2889e+11 4.2824e+11  0.15%   9.3 2111s
 151544 82257 4.2832e+11  142    1 4.2889e+11 4.2824e+11  0.15%   9.3 2117s
 152494 82833 4.2859e+11  172    1 4.2889e+11 4.2824e+11  0.15%   9.3 2123s
 153454 83377 4.2864e+11  202    2 4.2889e+11 4.2824e+11  0.15%   9.3 2128s
 154384 83916 4.2866e+11  232    1 4.2889e+11 4.2824e+11  0.15%   9.3 2134s
 155290 84297 4.2868e+11  262    1 4.2889e+11 4.2824e+11  0.15%   9.4 2139s
 156238 84593 4.2825e+11   42    1 4.2889e+11 4.2824e+11  0.15%   9.4 2144s
 157198 84292 4.2828e+11   57    2 4.2889e+11 4.2824e+11  0.15%   9.4 2193s
 157230 84835 4.2828e+11   58    1 4.2889e+11 4.2824e+11  0.15%   9.4 2198s
 158190 85255 4.2840e+11   75    1 4.2889e+11 4.2824e+11  0.15%   9.4 2204s
 159150 85697 4.2866e+11   90    1 4.2889e+11 4.2824e+11  0.15%   9.3 2209s
 160080 86153 4.2883e+11  102    1 4.2889e+11 4.2824e+11  0.15%   9.3 2215s
 161008 86541 4.2888e+11  109    1 4.2889e+11 4.2824e+11  0.15%   9.4 2222s
