Set parameter TokenServer to value "license-1.hpc.nrel.gov"
Set parameter TimeLimit to value 3600
Set parameter MIPGap to value 0.001
Set parameter MIPGap to value 0.001
Set parameter TimeLimit to value 3600
Gurobi Optimizer version 9.5.1 build v9.5.1rc2 (linux64)
Thread count: 36 physical cores, 36 logical processors, using up to 32 threads
Optimize a model with 91240 rows, 1140828 columns and 2336040 nonzeros
Model fingerprint: 0xc743c609
Variable types: 1124760 continuous, 16068 integer (16068 binary)
Coefficient statistics:
  Matrix range     [1e+00, 1e+05]
  Objective range  [3e-01, 7e+08]
  Bounds range     [1e+05, 1e+08]
  RHS range        [8e-01, 2e+06]
Presolve removed 79724 rows and 64581 columns
Presolve time: 4.28s
Presolved: 11516 rows, 1076247 columns, 2159910 nonzeros
Variable types: 1075938 continuous, 309 integer (309 binary)

Deterministic concurrent LP optimizer: primal and dual simplex
Showing first log only...


Root simplex log...

Iteration    Objective       Primal Inf.    Dual Inf.      Time
       0    2.6817837e+11   2.538807e+06   1.949164e+11      9s
Concurrent spin time: 0.04s

Solved with dual simplex

Root relaxation: objective 4.282381e+11, 19355 iterations, 2.79 seconds (1.96 work units)

    Nodes    |    Current Node    |     Objective Bounds      |     Work
 Expl Unexpl |  Obj  Depth IntInf | Incumbent    BestBd   Gap | It/Node Time

     0     0 4.2824e+11    0    3          - 4.2824e+11      -     -    9s
H    0     0                    4.289040e+11 4.2824e+11  0.16%     -    9s
H    0     0                    4.288965e+11 4.2824e+11  0.15%     -   11s
     0     0 4.2824e+11    0    2 4.2890e+11 4.2824e+11  0.15%     -   13s
H    0     0                    4.288941e+11 4.2824e+11  0.15%     -   15s
     0     0 4.2824e+11    0    1 4.2889e+11 4.2824e+11  0.15%     -   17s
     0     0 4.2824e+11    0    1 4.2889e+11 4.2824e+11  0.15%     -   18s
     0     0 4.2824e+11    0    2 4.2889e+11 4.2824e+11  0.15%     -   19s
     0     0 4.2824e+11    0    2 4.2889e+11 4.2824e+11  0.15%     -   21s
     0     0 4.2824e+11    0    2 4.2889e+11 4.2824e+11  0.15%     -   22s
     0     0 4.2824e+11    0    2 4.2889e+11 4.2824e+11  0.15%     -   24s
     0     0 4.2824e+11    0    2 4.2889e+11 4.2824e+11  0.15%     -   27s
     0     2 4.2824e+11    0    2 4.2889e+11 4.2824e+11  0.15%     -   30s
    31    64 4.2824e+11    5    1 4.2889e+11 4.2824e+11  0.15%   9.8   36s
   159   192 4.2824e+11    9    1 4.2889e+11 4.2824e+11  0.15%   7.9  143s
H  162   192                    4.288940e+11 4.2824e+11  0.15%   7.7  143s
   191   224 4.2824e+11   10    1 4.2889e+11 4.2824e+11  0.15%   7.1  148s
   223   374 4.2824e+11   11    1 4.2889e+11 4.2824e+11  0.15%   6.5  151s
   373   841 4.2824e+11   15    1 4.2889e+11 4.2824e+11  0.15%   5.6  164s
   840  1769 4.2824e+11   27    1 4.2889e+11 4.2824e+11  0.15%   7.4  175s
  1768  1801 4.2826e+11   54    2 4.2889e+11 4.2824e+11  0.15%   7.5  239s
  1800  2729 4.2826e+11   55    1 4.2889e+11 4.2824e+11  0.15%   7.5  250s
  2728  3631 4.2831e+11   83    1 4.2889e+11 4.2824e+11  0.15%   7.2  261s
  3651  4354 4.2834e+11  112    1 4.2889e+11 4.2824e+11  0.15%   6.9  271s
  4542  4906 4.2836e+11  141    1 4.2889e+11 4.2824e+11  0.15%   7.2  279s
  5417  5299 4.2841e+11  170    1 4.2889e+11 4.2824e+11  0.15%   7.8  286s
  6291  5939 4.2869e+11  198    1 4.2889e+11 4.2824e+11  0.15%   8.6  295s
  7199  6721 4.2824e+11   16    1 4.2889e+11 4.2824e+11  0.15%   8.9  300s
  8127  7614 4.2827e+11   45    1 4.2889e+11 4.2824e+11  0.15%   8.9  307s
  9055  8497 4.2830e+11   74    1 4.2889e+11 4.2824e+11  0.15%   8.8  313s
  9984  8498 4.2835e+11   66    2 4.2889e+11 4.2824e+11  0.15%   8.4  322s
  9986  8499 4.2835e+11   69    3 4.2889e+11 4.2824e+11  0.15%   8.4  334s
  9987  8500 4.2850e+11  125    2 4.2889e+11 4.2824e+11  0.15%   8.4  337s
  9989  8501 4.2828e+11   40    2 4.2889e+11 4.2824e+11  0.15%   8.4  340s
  9993  8504 4.2833e+11   52    1 4.2889e+11 4.2824e+11  0.15%   8.4  347s
  9994  8505 4.2845e+11  101    1 4.2889e+11 4.2824e+11  0.15%   8.4  350s
  9997  8510 4.2824e+11   15    1 4.2889e+11 4.2824e+11  0.15%  10.2  355s
 10059  8581 4.2824e+11   20    1 4.2889e+11 4.2824e+11  0.15%  10.2  360s
 10091  8602 4.2824e+11   20    2 4.2889e+11 4.2824e+11  0.15%  10.2  402s
 10155  8645 4.2824e+11   21    2 4.2889e+11 4.2824e+11  0.15%  10.1  449s
 10187  8696 4.2824e+11   22    1 4.2889e+11 4.2824e+11  0.15%  10.1  450s
 10450  9370 4.2824e+11   26    2 4.2889e+11 4.2824e+11  0.15%  10.0  460s
 11010  9215 4.2824e+11   35    2 4.2889e+11 4.2824e+11  0.15%  10.0  507s
 11042 10164 4.2824e+11   36    1 4.2889e+11 4.2824e+11  0.15%  10.0  522s
 12002 10804 4.2825e+11   51    1 4.2889e+11 4.2824e+11  0.15%   9.9  535s
 12962 11364 4.2826e+11   66    1 4.2889e+11 4.2824e+11  0.15%   9.8  549s
 13879 11089 4.2829e+11   81    1 4.2889e+11 4.2824e+11  0.15%   9.6  594s
 13899 11082 4.2835e+11  129    1 4.2889e+11 4.2824e+11  0.15%   9.6  595s
 13911 11857 4.2836e+11   81    1 4.2889e+11 4.2824e+11  0.15%   9.6  603s
 14823 12158 4.2842e+11  102    1 4.2889e+11 4.2824e+11  0.15%   9.7  612s
 15721 12188 4.2833e+11  123    1 4.2889e+11 4.2824e+11  0.15%   9.8  627s
 16263 12751 4.2834e+11  134    1 4.2889e+11 4.2824e+11  0.15%  10.1  633s
 17223 13235 4.2836e+11  160    1 4.2889e+11 4.2824e+11  0.15%  10.2  639s
 18183 13705 4.2867e+11  189    1 4.2889e+11 4.2824e+11  0.15%  10.1  646s
 19143 14153 4.2869e+11  211    1 4.2889e+11 4.2824e+11  0.15%  10.1  652s
 20103 14665 4.2824e+11   24    1 4.2889e+11 4.2824e+11  0.15%  10.0  657s
 21063 15123 4.2827e+11   54    1 4.2889e+11 4.2824e+11  0.15%  10.1  662s
 22001 15478 4.2829e+11   84    2 4.2889e+11 4.2824e+11  0.15%  10.6  668s
 22938 15801 4.2832e+11  114    1 4.2889e+11 4.2824e+11  0.15%  11.0  673s
 23898 16065 4.2835e+11  144    1 4.2889e+11 4.2824e+11  0.15%  11.0  679s
 24858 16373 4.2860e+11  174    1 4.2889e+11 4.2824e+11  0.15%  10.9  684s
 25818 16775 4.2864e+11  204    2 4.2889e+11 4.2824e+11  0.15%  10.8  690s
 26778 17276 4.2868e+11  234    2 4.2889e+11 4.2824e+11  0.15%  10.7  696s
 27738 17816 infeasible  263      4.2889e+11 4.2824e+11  0.15%  10.6  702s
 28698 18433 4.2826e+11   48    1 4.2889e+11 4.2824e+11  0.15%  10.5  707s
 29658 18957 4.2834e+11   78    1 4.2889e+11 4.2824e+11  0.15%  10.4  716s
 30618 19314 4.2851e+11  108    1 4.2889e+11 4.2824e+11  0.15%  10.4  721s
 31565 19019 4.2853e+11  134    2 4.2889e+11 4.2824e+11  0.15%  10.5  765s
 31597 19661 4.2853e+11  135    1 4.2889e+11 4.2824e+11  0.15%  10.5  770s
 33496 20276 4.2824e+11   27    1 4.2889e+11 4.2824e+11  0.15%  10.4  779s
 34439 20781 4.2827e+11   57    1 4.2889e+11 4.2824e+11  0.15%  10.5  786s
 35398 21235 4.2829e+11   87    1 4.2889e+11 4.2824e+11  0.15%  10.4  793s
 36356 21841 4.2832e+11  117    1 4.2889e+11 4.2824e+11  0.15%  10.3  810s
 37156 22554 4.2835e+11  142    1 4.2889e+11 4.2824e+11  0.15%  10.3  816s
 38116 23085 4.2859e+11  172    1 4.2889e+11 4.2824e+11  0.15%  10.2  822s
 39075 23587 4.2865e+11  202    2 4.2889e+11 4.2824e+11  0.15%  10.1  827s
 40035 24193 4.2868e+11  232    3 4.2889e+11 4.2824e+11  0.15%  10.0  832s
 40995 25064 4.2870e+11  262    1 4.2889e+11 4.2824e+11  0.15%  10.0  836s
 41955 25936 4.2825e+11   44    1 4.2889e+11 4.2824e+11  0.15%   9.9  840s
 42915 26559 4.2826e+11   62    1 4.2889e+11 4.2824e+11  0.15%   9.8  845s
 44675 27960 4.2832e+11  109    1 4.2889e+11 4.2824e+11  0.15%   9.7  853s
 45635 28581 4.2834e+11  139    1 4.2889e+11 4.2824e+11  0.15%   9.6  858s
 46595 29367 4.2839e+11  169    1 4.2889e+11 4.2824e+11  0.15%   9.6  863s
 47555 30141 4.2864e+11  185    1 4.2889e+11 4.2824e+11  0.15%   9.5  869s
 48515 30950 4.2866e+11  213    1 4.2889e+11 4.2824e+11  0.15%   9.5  875s
 49471 31714 4.2868e+11  243    2 4.2889e+11 4.2824e+11  0.15%   9.5  881s
 50422 31740 4.2824e+11   28    1 4.2889e+11 4.2824e+11  0.15%   9.4  923s
 50455 32477 4.2824e+11   29    1 4.2889e+11 4.2824e+11  0.15%   9.4  929s
 51406 33291 4.2828e+11   59    1 4.2889e+11 4.2824e+11  0.15%   9.4  934s
 52365 34116 4.2829e+11   89    1 4.2889e+11 4.2824e+11  0.15%   9.3  940s
 53323 34911 4.2832e+11  119    1 4.2889e+11 4.2824e+11  0.15%   9.3  945s
 54274 35562 4.2837e+11  149    1 4.2889e+11 4.2824e+11  0.15%   9.2  950s
 55216 36210 4.2860e+11  179    1 4.2889e+11 4.2824e+11  0.15%   9.2  955s
 56156 36898 4.2865e+11  209    1 4.2889e+11 4.2824e+11  0.15%   9.2  960s
 57114 37637 4.2868e+11  239    1 4.2889e+11 4.2824e+11  0.15%   9.2  965s
 58074 38459 4.2824e+11   26    1 4.2889e+11 4.2824e+11  0.15%   9.3  971s
 59035 38460 4.2851e+11  147    2 4.2889e+11 4.2824e+11  0.15%   9.3 1075s
 59037 38461 4.2833e+11   51    3 4.2889e+11 4.2824e+11  0.15%   9.3 1089s
 59038 38462 4.2824e+11   28    1 4.2889e+11 4.2824e+11  0.15%   9.3 1091s
 59042 38465 4.2842e+11   83    1 4.2889e+11 4.2824e+11  0.15%   9.3 1102s
 59043 38465 4.2834e+11   60    1 4.2889e+11 4.2824e+11  0.15%   9.3 1110s
 59051 38480 4.2824e+11   31    1 4.2889e+11 4.2824e+11  0.15%   9.6 1115s
 59139 38562 4.2824e+11   34    2 4.2889e+11 4.2824e+11  0.15%   9.6 1168s
 59171 38584 4.2824e+11   35    1 4.2889e+11 4.2824e+11  0.15%   9.6 1230s
 59203 38605 4.2824e+11   35    2 4.2889e+11 4.2824e+11  0.15%   9.6 1296s
 59299 38861 4.2824e+11   37    1 4.2889e+11 4.2824e+11  0.15%   9.6 1301s
 59523 39734 4.2824e+11   40    2 4.2889e+11 4.2824e+11  0.15%   9.6 1313s
 60471 39450 4.2825e+11   55    1 4.2889e+11 4.2824e+11  0.15%   9.5 1384s
 60503 40400 4.2824e+11   56    1 4.2889e+11 4.2824e+11  0.15%   9.5 1397s
 61463 41038 4.2825e+11   71    2 4.2889e+11 4.2824e+11  0.15%   9.5 1408s
 62423 41604 4.2826e+11   86    1 4.2889e+11 4.2824e+11  0.15%   9.5 1419s
 62603 41544 4.2832e+11  135    2 4.2889e+11 4.2824e+11  0.15%   9.5 1420s
 63355 41924 4.2831e+11  101    1 4.2889e+11 4.2824e+11  0.15%   9.5 1426s
 64246 42145 4.2845e+11  125    1 4.2889e+11 4.2824e+11  0.15%   9.5 1434s
 65140 42505 4.2834e+11  146    1 4.2889e+11 4.2824e+11  0.15%   9.5 1441s
 66038 42949 4.2836e+11  173    1 4.2889e+11 4.2824e+11  0.15%   9.6 1449s
 66998 43437 4.2867e+11  202    2 4.2889e+11 4.2824e+11  0.15%   9.6 1454s
 67958 43903 4.2869e+11  228    1 4.2889e+11 4.2824e+11  0.15%   9.7 1460s
 68911 44282 4.2824e+11   45    2 4.2889e+11 4.2824e+11  0.15%   9.7 1466s
 69862 44703 4.2827e+11   75    2 4.2889e+11 4.2824e+11  0.15%   9.7 1471s
 70822 45110 4.2830e+11  105    1 4.2889e+11 4.2824e+11  0.15%   9.6 1475s
 71782 45539 4.2832e+11  135    1 4.2889e+11 4.2824e+11  0.15%   9.6 1485s
 73663 46488 4.2860e+11  195    2 4.2889e+11 4.2824e+11  0.15%   9.7 1493s
 74623 46886 4.2865e+11  225    1 4.2889e+11 4.2824e+11  0.15%   9.6 1498s
 75583 47211 4.2868e+11  255    2 4.2889e+11 4.2824e+11  0.15%   9.6 1502s
 76543 47458 4.2824e+11   39    1 4.2889e+11 4.2824e+11  0.15%   9.6 1507s
 77503 47776 4.2826e+11   69    1 4.2889e+11 4.2824e+11  0.15%   9.5 1514s
 78463 48278 4.2829e+11   99    1 4.2889e+11 4.2824e+11  0.15%   9.5 1521s
 79423 48720 4.2832e+11  129    2 4.2889e+11 4.2824e+11  0.15%   9.5 1528s
 80383 49238 4.2835e+11  159    1 4.2889e+11 4.2824e+11  0.15%   9.5 1533s
 81343 49614 4.2839e+11  189    2 4.2889e+11 4.2824e+11  0.15%   9.5 1538s
 82294 49916 4.2868e+11  219    1 4.2889e+11 4.2824e+11  0.15%   9.5 1543s
 83253 50291 4.2824e+11   38    1 4.2889e+11 4.2824e+11  0.15%   9.5 1548s
 84212 50692 4.2827e+11   68    1 4.2889e+11 4.2824e+11  0.15%   9.5 1554s
 85172 51167 4.2829e+11   98    1 4.2889e+11 4.2824e+11  0.15%   9.5 1560s
 86132 51740 4.2832e+11  128    1 4.2889e+11 4.2824e+11  0.15%   9.4 1567s
 87085 52217 4.2835e+11  158    2 4.2889e+11 4.2824e+11  0.15%   9.4 1574s
 87862 51958 4.2832e+11   62    2 4.2889e+11 4.2824e+11  0.15%   9.4 1575s
 88042 52657 4.2860e+11  188    2 4.2889e+11 4.2824e+11  0.15%   9.4 1584s
 89002 53097 4.2865e+11  218    1 4.2889e+11 4.2824e+11  0.15%   9.4 1590s
 89938 53446 4.2868e+11  248    2 4.2889e+11 4.2824e+11  0.15%   9.4 1596s
 90896 53877 infeasible  273      4.2889e+11 4.2824e+11  0.15%   9.4 1602s
 91853 54442 4.2827e+11   65    1 4.2889e+11 4.2824e+11  0.15%   9.4 1610s
 92803 55015 4.2829e+11   95    1 4.2889e+11 4.2824e+11  0.15%   9.3 1616s
 93747 55474 4.2832e+11  125    1 4.2889e+11 4.2824e+11  0.15%   9.3 1622s
 94678 55671 4.2835e+11  155    1 4.2889e+11 4.2824e+11  0.15%   9.3 1627s
 95544 55396 4.2859e+11  185    1 4.2889e+11 4.2824e+11  0.15%   9.4 1673s
 95576 55868 4.2859e+11  186    1 4.2889e+11 4.2824e+11  0.15%   9.5 1677s
 96429 56210 4.2864e+11  216    2 4.2889e+11 4.2824e+11  0.15%   9.6 1682s
 97374 56680 4.2868e+11  246    3 4.2889e+11 4.2824e+11  0.15%   9.7 1688s
 98333 57203 4.2870e+11  276    2 4.2889e+11 4.2824e+11  0.15%   9.7 1694s
 99293 57797 4.2825e+11   62    1 4.2889e+11 4.2824e+11  0.15%   9.7 1698s
 100253 58119 4.2829e+11   92    1 4.2889e+11 4.2824e+11  0.15%   9.6 1713s
 100989 58677 4.2838e+11  115    2 4.2889e+11 4.2824e+11  0.15%   9.6 1717s
 101949 59073 4.2841e+11  141    2 4.2889e+11 4.2824e+11  0.15%   9.6 1723s
 102909 59442 4.2843e+11  171    1 4.2889e+11 4.2824e+11  0.15%   9.5 1730s
 103861 59828 4.2848e+11  197    1 4.2889e+11 4.2824e+11  0.15%   9.6 1736s
 104811 60370 4.2872e+11  223    1 4.2889e+11 4.2824e+11  0.15%   9.6 1740s
 105771 60978 4.2824e+11   53    1 4.2889e+11 4.2824e+11  0.15%   9.6 1745s
 106731 61487 4.2828e+11   83    1 4.2889e+11 4.2824e+11  0.15%   9.6 1751s
 107679 61883 4.2830e+11  113    1 4.2889e+11 4.2824e+11  0.15%   9.5 1758s
 108626 62140 4.2832e+11  143    1 4.2889e+11 4.2824e+11  0.15%   9.5 1764s
 108926 62040 4.2862e+11  119    1 4.2889e+11 4.2824e+11  0.15%   9.5 1765s
 109586 62262 4.2859e+11  173    1 4.2889e+11 4.2824e+11  0.15%   9.5 1771s
 110546 62653 4.2863e+11  203    1 4.2889e+11 4.2824e+11  0.15%   9.4 1776s
 111506 63074 4.2866e+11  233    1 4.2889e+11 4.2824e+11  0.15%   9.4 1782s
 112378 63504 4.2868e+11  263    2 4.2889e+11 4.2824e+11  0.15%   9.4 1787s
 113338 63940 4.2824e+11   48    1 4.2889e+11 4.2824e+11  0.15%   9.4 1793s
 114298 64382 4.2828e+11   78    1 4.2889e+11 4.2824e+11  0.15%   9.4 1798s
 115258 64822 4.2830e+11  108    1 4.2889e+11 4.2824e+11  0.15%   9.4 1804s
 116218 65240 4.2832e+11  138    1 4.2889e+11 4.2824e+11  0.15%   9.4 1810s
 117173 65584 4.2837e+11  168    1 4.2889e+11 4.2824e+11  0.15%   9.4 1822s
 118133 65916 4.2861e+11  198    1 4.2889e+11 4.2824e+11  0.15%   9.3 1830s
 119058 66348 4.2865e+11  228    1 4.2889e+11 4.2824e+11  0.15%   9.3 1837s
 120012 66058 4.2868e+11  258    2 4.2889e+11 4.2824e+11  0.15%   9.3 1887s
 120046 66628 4.2868e+11  259    2 4.2889e+11 4.2824e+11  0.15%   9.3 1893s
 120861 67138 4.2824e+11   44    1 4.2889e+11 4.2824e+11  0.15%   9.3 1902s
 121817 67700 4.2825e+11   59    1 4.2889e+11 4.2824e+11  0.15%   9.3 1910s
 122768 68324 4.2825e+11   74    1 4.2889e+11 4.2824e+11  0.15%   9.3 1916s
 123727 68816 4.2827e+11   89    2 4.2889e+11 4.2824e+11  0.15%   9.3 1923s
 124687 69230 4.2832e+11  106    1 4.2889e+11 4.2824e+11  0.15%   9.3 1928s
 125644 69723 4.2846e+11  128    1 4.2889e+11 4.2824e+11  0.15%   9.3 1934s
 125764 69683 4.2835e+11  146    1 4.2889e+11 4.2824e+11  0.15%   9.3 1935s
 126598 70164 4.2834e+11  150    2 4.2889e+11 4.2824e+11  0.15%   9.3 1942s
 127541 70536 4.2836e+11  177    1 4.2889e+11 4.2824e+11  0.15%   9.3 1950s
 128494 70877 4.2867e+11  205    1 4.2889e+11 4.2824e+11  0.15%   9.3 1955s
 129454 71231 infeasible  230      4.2889e+11 4.2824e+11  0.15%   9.3 1960s
 130368 71654 4.2824e+11   44    1 4.2889e+11 4.2824e+11  0.15%   9.4 1968s
 131291 72216 4.2825e+11   59    1 4.2889e+11 4.2824e+11  0.15%   9.5 1974s
 132244 72736 4.2826e+11   74    1 4.2889e+11 4.2824e+11  0.15%   9.5 1981s
 133176 73229 4.2827e+11   88    2 4.2889e+11 4.2824e+11  0.15%   9.5 1989s
 134129 73816 4.2832e+11  105    1 4.2889e+11 4.2824e+11  0.15%   9.4 1996s
 135089 74393 4.2846e+11  127    1 4.2889e+11 4.2824e+11  0.15%   9.4 2001s
 136049 74822 4.2850e+11  147    1 4.2889e+11 4.2824e+11  0.15%   9.4 2007s
 137009 74529 4.2836e+11  171    1 4.2889e+11 4.2824e+11  0.15%   9.4 2067s
 137044 75207 4.2836e+11  172    2 4.2889e+11 4.2824e+11  0.15%   9.4 2073s
 138002 75523 4.2867e+11  200    1 4.2889e+11 4.2824e+11  0.15%   9.4 2079s
 138962 75938 4.2869e+11  225    1 4.2889e+11 4.2824e+11  0.15%   9.4 2084s
 139922 76545 4.2824e+11   46    1 4.2889e+11 4.2824e+11  0.15%   9.4 2088s
 140882 76255 4.2828e+11   76    1 4.2889e+11 4.2824e+11  0.15%   9.4 2139s
 140914 77081 4.2829e+11   77    1 4.2889e+11 4.2824e+11  0.15%   9.4 2144s
 141874 77574 4.2853e+11  106    1 4.2889e+11 4.2824e+11  0.15%   9.4 2150s
 142809 78029 4.2843e+11  132    1 4.2889e+11 4.2824e+11  0.15%   9.4 2155s
 143737 78474 4.2846e+11  161    1 4.2889e+11 4.2824e+11  0.15%   9.4 2162s
 144689 79046 4.2850e+11  188    1 4.2889e+11 4.2824e+11  0.15%   9.4 2168s
 145649 79491 4.2824e+11   45    1 4.2889e+11 4.2824e+11  0.15%   9.4 2173s
 146609 80000 4.2825e+11   65    2 4.2889e+11 4.2824e+11  0.15%   9.4 2181s
 147569 80489 4.2829e+11   92    1 4.2889e+11 4.2824e+11  0.15%   9.4 2185s
 148529 80993 4.2832e+11  122    1 4.2889e+11 4.2824e+11  0.15%   9.4 2192s
 149472 81464 4.2835e+11  152    1 4.2889e+11 4.2824e+11  0.15%   9.3 2199s
 150401 81897 4.2840e+11  182    1 4.2889e+11 4.2824e+11  0.15%   9.3 2204s
 151361 82394 4.2865e+11  202    2 4.2889e+11 4.2824e+11  0.15%   9.3 2209s
 152321 82867 4.2867e+11  232    1 4.2889e+11 4.2824e+11  0.15%   9.3 2214s
 153281 83405 4.2869e+11  262    1 4.2889e+11 4.2824e+11  0.15%   9.3 2219s
 154241 83927 4.2826e+11   57    1 4.2889e+11 4.2824e+11  0.15%   9.3 2224s
 155201 84281 4.2830e+11   87    1 4.2889e+11 4.2824e+11  0.15%   9.3 2231s
 156161 84628 4.2837e+11  112    1 4.2889e+11 4.2824e+11  0.15%   9.3 2237s
 157081 84984 4.2840e+11  141    2 4.2889e+11 4.2824e+11  0.15%   9.3 2242s
 157983 85284 4.2842e+11  167    1 4.2889e+11 4.2824e+11  0.15%   9.3 2246s
 158913 85828 4.2845e+11  194    1 4.2889e+11 4.2824e+11  0.15%   9.4 2251s
 159873 86370 4.2824e+11   54    2 4.2889e+11 4.2824e+11  0.15%   9.3 2255s
 160833 86957 4.2828e+11   84    1 4.2889e+11 4.2824e+11  0.15%   9.3 2261s
 161792 87479 4.2830e+11  114    2 4.2889e+11 4.2824e+11  0.15%   9.3 2267s
 162752 87764 4.2832e+11  144    1 4.2889e+11 4.2824e+11  0.15%   9.3 2273s
