Set parameter TokenServer to value "license-1.hpc.nrel.gov"
Set parameter TimeLimit to value 3600
Set parameter MIPGap to value 0.001
Set parameter MIPGap to value 0.001
Set parameter TimeLimit to value 3600
Gurobi Optimizer version 9.5.1 build v9.5.1rc2 (linux64)
Thread count: 36 physical cores, 36 logical processors, using up to 32 threads
Optimize a model with 337848 rows, 1385332 columns and 2838644 nonzeros
Model fingerprint: 0x3da87d39
Variable types: 1369264 continuous, 16068 integer (16068 binary)
Coefficient statistics:
  Matrix range     [3e-06, 1e+06]
  Objective range  [2e-01, 1e+08]
  Bounds range     [7e+03, 1e+08]
  RHS range        [1e-03, 2e+05]
Presolve removed 310262 rows and 289309 columns (presolve time = 5s) ...
Presolve removed 310262 rows and 289309 columns
Presolve time: 5.57s
Presolved: 27586 rows, 1096023 columns, 2218620 nonzeros
Variable types: 1092006 continuous, 4017 integer (4017 binary)

Deterministic concurrent LP optimizer: primal simplex, dual simplex, and barrier
Showing barrier log only...

Root barrier log...

Ordering time: 0.66s
Ordering time: 2.64s

Barrier statistics:
 Dense cols : 248
 AA' NZ     : 1.177e+06
 Factor NZ  : 1.455e+07 (roughly 600 MB of memory)
 Factor Ops : 3.030e+10 (less than 1 second per iteration)
 Threads    : 29

                  Objective                Residual
Iter       Primal          Dual         Primal    Dual     Compl     Time
   0   1.47120760e+14 -3.27567839e+14  2.49e+06 3.78e+04  7.48e+09    16s
   1   6.24754364e+13 -1.49424683e+14  1.05e+06 3.41e+00  3.12e+09    17s
   2   1.03667186e+13 -5.79636152e+13  1.74e+05 7.36e+03  5.24e+08    17s
   3   3.96644929e+11 -1.15658690e+13  6.00e+03 1.03e+03  2.23e+07    18s
   4   4.83514599e+10 -1.42206391e+12  1.29e+02 1.28e+01  1.00e+06    18s
   5   4.72972183e+10 -1.12173882e+12  1.12e+02 9.85e+00  8.06e+05    18s
   6   4.58265600e+10 -8.36026639e+11  9.04e+01 7.14e+00  6.08e+05    18s
   7   3.95312710e+10 -6.47137316e+11  5.00e+00 5.46e+00  3.22e+05    19s
   8   3.63285537e+10 -3.78022511e+11  2.94e+00 3.17e+00  1.93e+05    19s
   9   3.44511107e+10 -1.51770416e+11  2.01e+00 1.30e+00  8.70e+04    19s
  10   2.60042766e+10 -3.96514935e+10  5.34e-01 3.52e-01  3.02e+04    20s
  11   2.32110191e+10 -1.97076544e+10  2.82e-01 2.02e-01  1.96e+04    20s
  12   2.19255277e+10 -1.57284004e+10  1.82e-01 1.78e-01  1.72e+04    20s
  13   2.04646267e+10 -8.23144954e+09  7.89e-02 1.32e-01  1.30e+04    21s
  14   1.99133249e+10  2.57907632e+09  4.55e-02 7.78e-02  7.87e+03    21s
  15   1.95461079e+10  4.80204796e+09  3.20e-02 6.73e-02  6.69e+03    21s
  16   1.91830737e+10  8.85700112e+09  2.37e-02 5.04e-02  4.68e+03    22s
  17   1.86776204e+10  1.10821975e+10  1.86e-02 4.47e-02  3.44e+03    22s
  18   1.82750149e+10  1.30581744e+10  1.64e-02 3.16e-02  2.36e+03    22s
  19   1.80031084e+10  1.40062225e+10  1.10e-02 2.49e-02  1.81e+03    23s
  20   1.77357927e+10  1.50176062e+10  9.27e-03 1.71e-02  1.23e+03    23s
  21   1.75593364e+10  1.56317914e+10  1.46e-02 1.20e-02  8.73e+02    23s
  22   1.73798001e+10  1.59070842e+10  8.36e-03 8.92e-03  6.67e+02    24s
  23   1.72586467e+10  1.61765414e+10  8.80e-03 6.28e-03  4.90e+02    24s
  24   1.70770252e+10  1.62964759e+10  9.19e-03 5.43e-03  3.54e+02    25s
  25   1.69919656e+10  1.64262476e+10  1.34e-02 3.92e-03  2.56e+02    26s
  26   1.69303172e+10  1.64999753e+10  9.67e-03 3.31e-03  1.95e+02    26s
  27   1.68869835e+10  1.65585565e+10  7.88e-03 2.36e-03  1.49e+02    27s
  28   1.68332477e+10  1.65789642e+10  5.82e-03 1.93e-03  1.15e+02    28s
  29   1.67828947e+10  1.66049934e+10  3.89e-03 1.46e-03  8.06e+01    29s
  30   1.67595680e+10  1.66174715e+10  3.05e-03 1.20e-03  6.44e+01    29s
  31   1.67541612e+10  1.66380419e+10  2.86e-03 7.76e-04  5.26e+01    30s
  32   1.67347571e+10  1.66423013e+10  2.20e-03 6.75e-04  4.19e+01    31s
  33   1.67181375e+10  1.66494829e+10  1.68e-03 5.04e-04  3.11e+01    32s
  34   1.67081031e+10  1.66532052e+10  1.43e-03 4.12e-04  2.49e+01    32s
  35   1.67009253e+10  1.66564051e+10  1.27e-03 3.24e-04  2.02e+01    33s
  36   1.66948305e+10  1.66594843e+10  1.07e-03 2.43e-04  1.60e+01    34s
  37   1.66876193e+10  1.66624957e+10  7.92e-04 1.59e-04  1.14e+01    35s
  38   1.66818714e+10  1.66636556e+10  5.76e-04 1.20e-04  8.25e+00    36s
  39   1.66794392e+10  1.66647214e+10  4.85e-04 8.11e-05  6.67e+00    36s
  40   1.66740975e+10  1.66652271e+10  2.80e-04 6.20e-05  4.02e+00    37s
  41   1.66723828e+10  1.66657229e+10  2.13e-04 4.27e-05  3.02e+00    38s
  42   1.66714403e+10  1.66659800e+10  1.78e-04 3.23e-05  2.47e+00    39s
  43   1.66700194e+10  1.66661865e+10  1.26e-04 2.44e-05  1.74e+00    40s
  44   1.66695273e+10  1.66662941e+10  1.08e-04 1.95e-05  1.46e+00    41s
  45   1.66691817e+10  1.66664522e+10  9.46e-05 1.20e-05  1.24e+00    41s
  46   1.66681799e+10  1.66665666e+10  5.63e-05 7.12e-06  7.31e-01    42s
  47   1.66675876e+10  1.66665999e+10  3.38e-05 5.51e-06  4.47e-01    43s
  48   1.66672301e+10  1.66666451e+10  2.06e-05 3.11e-06  2.65e-01    43s
  49   1.66669496e+10  1.66666735e+10  9.79e-06 1.58e-06  1.25e-01    44s
  50   1.66668506e+10  1.66666843e+10  5.85e-06 9.64e-07  7.53e-02    44s
  51   1.66667890e+10  1.66666907e+10  3.44e-06 5.92e-07  4.45e-02    44s
  52   1.66667776e+10  1.66666945e+10  2.97e-06 3.71e-07  3.76e-02    45s
  53   1.66667760e+10  1.66666952e+10  2.91e-06 3.33e-07  3.66e-02    45s
  54   1.66667651e+10  1.66666961e+10  2.47e-06 2.80e-07  3.12e-02    45s
  55   1.66667419e+10  1.66666979e+10  1.58e-06 1.79e-07  2.00e-02    46s
  56   1.66667376e+10  1.66666987e+10  1.40e-06 1.35e-07  1.76e-02    46s
  57   1.66667251e+10  1.66666997e+10  9.19e-07 7.41e-08  1.15e-02    46s
  58   1.66667153e+10  1.66667003e+10  5.34e-07 4.17e-08  6.80e-03    47s
  59   1.66667074e+10  1.66667007e+10  2.35e-07 1.89e-08  3.06e-03    47s
  60   1.66667064e+10  1.66667009e+10  1.95e-07 1.49e-08  2.47e-03    47s
  61   1.66667027e+10  1.66667010e+10  5.98e-08 1.49e-08  7.61e-04    47s
  62   1.66667012e+10  1.66667010e+10  1.44e-08 1.49e-08  9.52e-05    48s
  63   1.66667012e+10  1.66667010e+10  4.72e-08 1.49e-08  8.77e-05    48s
  64   1.66667010e+10  1.66667010e+10  1.43e-07 1.49e-08  1.18e-05    49s
  65   1.66667010e+10  1.66667010e+10  1.94e-10 1.49e-08  7.85e-09    49s

Barrier solved model in 65 iterations and 49.40 seconds (40.29 work units)
Optimal objective 1.66667010e+10


Root crossover log...

   24393 DPushes remaining with DInf 1.4543055e-03                50s
       0 DPushes remaining with DInf 0.0000000e+00                50s

     587 PPushes remaining with PInf 0.0000000e+00                50s
       0 PPushes remaining with PInf 0.0000000e+00                50s

  Push phase complete: Pinf 0.0000000e+00, Dinf 4.3569274e-09     50s


Root simplex log...

Iteration    Objective       Primal Inf.    Dual Inf.      Time
   17355    1.6666701e+10   0.000000e+00   0.000000e+00     50s
   17355    1.6666701e+10   0.000000e+00   0.000000e+00     50s
Concurrent spin time: 0.00s

Solved with barrier

Root relaxation: objective 1.666670e+10, 17355 iterations, 42.37 seconds (32.58 work units)

    Nodes    |    Current Node    |     Objective Bounds      |     Work
 Expl Unexpl |  Obj  Depth IntInf | Incumbent    BestBd   Gap | It/Node Time

     0     0 1.6667e+10    0   29          - 1.6667e+10      -     -   51s
H    0     0                    1.680289e+10 1.6667e+10  0.81%     -   53s
H    0     0                    1.679212e+10 1.6667e+10  0.75%     -   57s
     0     0 1.6667e+10    0   26 1.6792e+10 1.6667e+10  0.75%     -   65s
H    0     0                    1.673107e+10 1.6667e+10  0.38%     -   68s
     0     0 1.6667e+10    0   29 1.6731e+10 1.6667e+10  0.38%     -   70s
     0     0 1.6667e+10    0   25 1.6731e+10 1.6667e+10  0.38%     -   75s
     0     0 1.6667e+10    0   26 1.6731e+10 1.6667e+10  0.38%     -   77s
     0     0 1.6667e+10    0   24 1.6731e+10 1.6667e+10  0.38%     -   79s
H    0     0                    1.673026e+10 1.6667e+10  0.38%     -   81s
     0     0 1.6667e+10    0   23 1.6730e+10 1.6667e+10  0.38%     -   82s
     0     0 1.6667e+10    0   27 1.6730e+10 1.6667e+10  0.38%     -   83s
     0     0 1.6667e+10    0   23 1.6730e+10 1.6667e+10  0.38%     -   85s
H    0     0                    1.672682e+10 1.6667e+10  0.36%     -   87s
     0     0 1.6667e+10    0   25 1.6727e+10 1.6667e+10  0.36%     -   89s
     0     0 1.6667e+10    0   26 1.6727e+10 1.6667e+10  0.36%     -   90s
     0     0 1.6667e+10    0   21 1.6727e+10 1.6667e+10  0.36%     -   92s
     0     0 1.6667e+10    0   22 1.6727e+10 1.6667e+10  0.36%     -   93s
     0     0 1.6667e+10    0   20 1.6727e+10 1.6667e+10  0.36%     -   94s
     0     0 1.6667e+10    0   20 1.6727e+10 1.6667e+10  0.36%     -   95s
     0     0 1.6667e+10    0   19 1.6727e+10 1.6667e+10  0.36%     -   96s
H    0     0                    1.672459e+10 1.6667e+10  0.35%     -   98s
     0     0 1.6667e+10    0   19 1.6725e+10 1.6667e+10  0.35%     -  100s
     0     0 1.6667e+10    0   29 1.6725e+10 1.6667e+10  0.34%     -  101s
     0     0 1.6667e+10    0   24 1.6725e+10 1.6667e+10  0.34%     -  103s
     0     0 1.6667e+10    0   20 1.6725e+10 1.6667e+10  0.34%     -  104s
     0     0 1.6667e+10    0   24 1.6725e+10 1.6667e+10  0.34%     -  105s
     0     0 1.6667e+10    0   17 1.6725e+10 1.6667e+10  0.34%     -  107s
     0     0 1.6667e+10    0   18 1.6725e+10 1.6667e+10  0.34%     -  108s
     0     0 1.6667e+10    0   19 1.6725e+10 1.6667e+10  0.34%     -  110s
     0     0 1.6667e+10    0   19 1.6725e+10 1.6667e+10  0.34%     -  182s
H    0     0                    1.672353e+10 1.6667e+10  0.34%     -  189s
H    0     0                    1.672287e+10 1.6667e+10  0.33%     -  201s
     0     2 1.6667e+10    0   19 1.6723e+10 1.6667e+10  0.33%     -  204s
     1     4 1.6667e+10    1   16 1.6723e+10 1.6667e+10  0.33%   3.0  205s
    15    32 1.6667e+10    4   20 1.6723e+10 1.6667e+10  0.33%   107  210s
    31    64 1.6667e+10    5   23 1.6723e+10 1.6667e+10  0.33%  86.2  220s
H   58    64                    1.672287e+10 1.6667e+10  0.33%  76.0  220s
    95   128 1.6667e+10    7   22 1.6723e+10 1.6667e+10  0.33%  78.5  225s
   246   395 1.6667e+10   10   21 1.6723e+10 1.6667e+10  0.33%  75.3  233s
   394   522 1.6667e+10   16   15 1.6723e+10 1.6667e+10  0.33%  69.9  239s
   521   854 1.6668e+10   30   13 1.6723e+10 1.6667e+10  0.33%  65.6  247s
   853  1270 1.6668e+10   41   11 1.6723e+10 1.6667e+10  0.33%  58.9  258s
H 1269  1414                    1.672273e+10 1.6667e+10  0.33%  54.6  298s
H 1312  1414                    1.672270e+10 1.6667e+10  0.33%  53.2  298s
H 1330  1414                    1.672270e+10 1.6667e+10  0.33%  53.0  298s
  1413  1446 1.6668e+10   62    9 1.6723e+10 1.6667e+10  0.33%  51.4  545s
  1445  1790 1.6668e+10   63    9 1.6723e+10 1.6667e+10  0.33%  51.6  561s
  1789  2120 1.6669e+10   75    9 1.6723e+10 1.6667e+10  0.33%  52.3  712s
  2119  2646 1.6669e+10   86   13 1.6723e+10 1.6667e+10  0.33%  54.4  733s
  2645  3132 1.6669e+10  105    9 1.6723e+10 1.6667e+10  0.33%  58.7  760s
  3131  3855 1.6669e+10  113   11 1.6723e+10 1.6667e+10  0.33%  61.5  781s
  3865  4504 1.6670e+10  141    9 1.6723e+10 1.6667e+10  0.33%  60.4  802s
  4572  5244 1.6670e+10  169    9 1.6723e+10 1.6667e+10  0.33%  59.9  819s
  5367  6016 1.6671e+10  197    9 1.6723e+10 1.6667e+10  0.33%  60.5  839s
  6186  6658 1.6672e+10  225    9 1.6723e+10 1.6667e+10  0.33%  59.8  858s
  7013  7351 infeasible  246      1.6723e+10 1.6667e+10  0.33%  68.0  876s
  7875  7952 1.6707e+10  269   11 1.6723e+10 1.6667e+10  0.33%  81.0  894s
  8743  8660 1.6718e+10  290   10 1.6723e+10 1.6667e+10  0.33%  92.1  909s
  9609  9369 1.6667e+10   17   15 1.6723e+10 1.6667e+10  0.33%  95.2  924s
 10340  9370 1.6677e+10   67   19 1.6723e+10 1.6667e+10  0.33%  96.5 1085s
 10342  9371 1.6675e+10   56   29 1.6723e+10 1.6667e+10  0.33%  96.4 1151s
 10343  9372 1.6721e+10  109   27 1.6723e+10 1.6667e+10  0.33%  96.4 1180s
 10344  9373 1.6709e+10  260   26 1.6723e+10 1.6667e+10  0.33%  96.4 1188s
 10345  9373 1.6683e+10   72   22 1.6723e+10 1.6667e+10  0.33%  96.4 1193s
 10346  9374 1.6688e+10  163   31 1.6723e+10 1.6667e+10  0.33%  96.4 1197s
 10349  9376 1.6688e+10  157   23 1.6723e+10 1.6667e+10  0.33%  96.4 1200s
 10350  9377 1.6669e+10   11   26 1.6723e+10 1.6667e+10  0.33%  96.4 1268s
 10351  9377 1.6694e+10  198   15 1.6723e+10 1.6667e+10  0.33%  96.3 1313s
 10352  9378 1.6709e+10  101   20 1.6723e+10 1.6667e+10  0.33%  96.3 1333s
 10354  9379 1.6708e+10  255   14 1.6723e+10 1.6667e+10  0.33%  96.3 1336s
 10355  9380 1.6677e+10   97   14 1.6723e+10 1.6667e+10  0.33%  96.3 1361s
 10356  9381 1.6669e+10   13   19 1.6723e+10 1.6667e+10  0.33%  96.3 1385s
 10357  9381 1.6701e+10  221   16 1.6723e+10 1.6667e+10  0.33%  96.3 1403s
 10358  9382 1.6685e+10  140   24 1.6723e+10 1.6667e+10  0.33%  96.3 1429s
 10359  9383 1.6679e+10   57   15 1.6723e+10 1.6667e+10  0.33%  96.3 1455s
 10360  9383 1.6681e+10   74   18 1.6723e+10 1.6667e+10  0.33%  96.3 1480s
 10361  9384 1.6670e+10   45   18 1.6723e+10 1.6667e+10  0.33%  96.3 1509s
 10362  9385 1.6694e+10  150   19 1.6723e+10 1.6667e+10  0.33%  96.2 1538s
 10363  9385 1.6689e+10  171   16 1.6723e+10 1.6667e+10  0.33%  96.2 1570s
 10364  9386 1.6671e+10   49   14 1.6723e+10 1.6667e+10  0.33%  96.2 1614s
 10365  9387 1.6694e+10  205   13 1.6723e+10 1.6667e+10  0.33%  96.2 1646s
 10366  9387 1.6687e+10  205   14 1.6723e+10 1.6667e+10  0.33%  96.2 1680s
 10367  9388 1.6678e+10   62   13 1.6723e+10 1.6667e+10  0.33%  96.2 1711s
 10368  9389 1.6707e+10  238   15 1.6723e+10 1.6667e+10  0.33%  96.2 1810s
 10369  9389 1.6668e+10   18   13 1.6723e+10 1.6667e+10  0.33%  96.2 1883s
 10370  9390 1.6709e+10  260   11 1.6723e+10 1.6667e+10  0.33%  96.2 1918s
 10371  9391 1.6668e+10   20   11 1.6723e+10 1.6667e+10  0.33%  96.2 1948s
 10372  9391 1.6689e+10  150   15 1.6723e+10 1.6667e+10  0.33%  96.2 2087s
 10373  9392 1.6679e+10   77   15 1.6723e+10 1.6667e+10  0.33%  96.1 2137s
 10374  9393 1.6674e+10   55   15 1.6723e+10 1.6667e+10  0.33%  96.1 2189s
 10375  9396 1.6667e+10   16   15 1.6723e+10 1.6667e+10  0.33%   134 2202s
 10377  9400 1.6667e+10   17   15 1.6723e+10 1.6667e+10  0.33%   134 2207s
 10381  9406 1.6667e+10   18    9 1.6723e+10 1.6667e+10  0.33%   134 2214s
 10389  9420 1.6667e+10   19    9 1.6723e+10 1.6667e+10  0.33%   135 2220s
 10405  9446 1.6667e+10   20   14 1.6723e+10 1.6667e+10  0.33%   135 2236s
 10437  9468 1.6667e+10   21   14 1.6723e+10 1.6667e+10  0.33%   136 2240s
 10469  9489 1.6667e+10   21   16 1.6723e+10 1.6667e+10  0.33%   136 2460s
 10501  9510 1.6667e+10   22   16 1.6723e+10 1.6667e+10  0.33%   136 2469s
 10533  9532 1.6667e+10   22   16 1.6723e+10 1.6667e+10  0.33%   136 2476s
 10565  9576 1.6667e+10   23   14 1.6723e+10 1.6667e+10  0.33%   136 2486s
 10620  9611 1.6667e+10   24   14 1.6723e+10 1.6667e+10  0.33%   136 2494s
 10673  9903 1.6667e+10   25   14 1.6723e+10 1.6667e+10  0.33%   136 2517s
 10983 10115 1.6668e+10   31   14 1.6723e+10 1.6667e+10  0.33%   136 2566s
 11298 10747 1.6668e+10   42   14 1.6723e+10 1.6667e+10  0.33%   135 2628s
 12035 10575 1.6671e+10   56   16 1.6723e+10 1.6667e+10  0.33%   136 2752s
 12109 11218 1.6668e+10   57   14 1.6723e+10 1.6667e+10  0.33%   136 2914s
 12777 11828 1.6676e+10   71   16 1.6723e+10 1.6667e+10  0.33%   138 2999s
 13615 12357 1.6669e+10   86   20 1.6723e+10 1.6667e+10  0.33%   139 3056s
 14483 12822 1.6678e+10  100   16 1.6723e+10 1.6667e+10  0.33%   137 3104s
 15391 13252 1.6669e+10  115   16 1.6723e+10 1.6667e+10  0.33%   136 3131s
 16319 12971 1.6679e+10  129   11 1.6723e+10 1.6667e+10  0.33%   130 3350s
 16351 13331 1.6669e+10  130    9 1.6723e+10 1.6667e+10  0.33%   130 3449s
 16786 14035 1.6685e+10  144    9 1.6723e+10 1.6667e+10  0.33%   129 3478s
 17714 14556 1.6670e+10  159    7 1.6723e+10 1.6667e+10  0.33%   130 3509s
 18623 15086 1.6689e+10  173    9 1.6723e+10 1.6667e+10  0.33%   135 3539s
 19531 15604 1.6671e+10  188    9 1.6723e+10 1.6667e+10  0.33%   135 3566s
 20436 16159 1.6694e+10  202    9 1.6723e+10 1.6667e+10  0.33%   134 3588s
 21359 16651 1.6671e+10  217    7 1.6723e+10 1.6667e+10  0.33%   133 3600s

Cutting planes:
  Gomory: 1
  Lift-and-project: 21
  Implied bound: 324
  MIR: 39
  Flow cover: 124
  Flow path: 29
  RLT: 16
  Relax-and-lift: 124

Explored 22242 nodes (2911960 simplex iterations) in 3600.27 seconds (2461.06 work units)
Thread count was 32 (of 36 available processors)

Solution count 10: 1.67227e+10 1.67227e+10 1.67227e+10 ... 1.67921e+10

Time limit reached
Best objective 1.672269805351e+10, best bound 1.666723622511e+10, gap 0.3317%

User-callback calls 1238045, time in user-callback 0.47 sec
Set parameter TokenServer to value "license-1.hpc.nrel.gov"
Set parameter TimeLimit to value 3600
Set parameter MIPGap to value 0.001
Set parameter MIPGap to value 0.001
Set parameter TimeLimit to value 3600
Gurobi Optimizer version 9.5.1 build v9.5.1rc2 (linux64)
Thread count: 36 physical cores, 36 logical processors, using up to 32 threads
Optimize a model with 337848 rows, 1385332 columns and 2838644 nonzeros
Model fingerprint: 0x518bebfd
Coefficient statistics:
  Matrix range     [3e-06, 1e+06]
  Objective range  [2e-01, 1e+08]
  Bounds range     [1e+00, 1e+08]
  RHS range        [1e-03, 2e+05]

Concurrent LP optimizer: primal simplex, dual simplex, and barrier
Showing barrier log only...

Presolve removed 333495 rows and 1194467 columns
Presolve time: 1.57s
Presolved: 4353 rows, 190865 columns, 380325 nonzeros

Ordering time: 0.03s

Barrier statistics:
 AA' NZ     : 1.893e+05
 Factor NZ  : 3.854e+05 (roughly 80 MB of memory)
 Factor Ops : 4.153e+07 (less than 1 second per iteration)
 Threads    : 30

                  Objective                Residual
Iter       Primal          Dual         Primal    Dual     Compl     Time
   0   1.52257557e+13 -9.47166029e+11  1.05e+08 1.49e+02  5.93e+08     2s
   1   4.17710535e+12 -3.04735733e+11  2.87e+07 9.09e-13  1.63e+08     2s
   2   6.56029138e+11 -1.67475408e+09  4.41e+06 4.09e-12  2.53e+07     2s
   3   3.64008159e+10  5.42272530e+09  1.32e+05 8.64e-12  8.13e+05     2s
   4   1.85239274e+10  1.07347985e+10  9.27e+03 3.82e-11  8.38e+04     2s
   5   1.73889132e+10  1.37249838e+10  1.74e+03 1.61e-11  2.61e+04     2s
   6   1.70488961e+10  1.55914290e+10  6.46e+01 6.14e-12  7.72e+03     2s
   7   1.69521455e+10  1.61616053e+10  2.21e+01 3.18e-12  4.13e+03     2s
   8   1.68753359e+10  1.64126218e+10  6.57e+00 1.82e-12  2.40e+03     2s
   9   1.68523665e+10  1.65296942e+10  4.72e+00 1.36e-12  1.67e+03     2s
  10   1.68067463e+10  1.65901486e+10  1.81e+00 9.09e-13  1.12e+03     2s
  11   1.67937153e+10  1.66297450e+10  1.33e+00 6.82e-13  8.48e+02     2s
  12   1.67701393e+10  1.66841468e+10  7.38e-01 4.55e-13  4.45e+02     2s
  13   1.67533779e+10  1.66966025e+10  3.78e-01 4.26e-13  2.93e+02     2s
  14   1.67424875e+10  1.67110786e+10  1.97e-01 4.55e-13  1.62e+02     2s
  15   1.67354568e+10  1.67157305e+10  1.10e-01 1.07e-12  1.02e+02     2s
  16   1.67328619e+10  1.67181870e+10  8.29e-02 6.11e-13  7.58e+01     2s
  17   1.67276032e+10  1.67197879e+10  3.27e-02 6.11e-13  4.03e+01     2s
  18   1.67266975e+10  1.67210349e+10  2.56e-02 4.55e-13  2.92e+01     2s
  19   1.67248394e+10  1.67220375e+10  1.27e-02 2.81e-13  1.45e+01     2s
  20   1.67236801e+10  1.67223368e+10  5.42e-03 3.32e-13  6.93e+00     2s
  21   1.67230726e+10  1.67225360e+10  1.91e-03 4.55e-13  2.77e+00     2s
  22   1.67229600e+10  1.67226422e+10  1.30e-03 2.63e-13  1.64e+00     2s
  23   1.67228278e+10  1.67226722e+10  6.25e-04 3.06e-13  8.03e-01     2s
  24   1.67227621e+10  1.67226847e+10  3.06e-04 2.79e-13  4.00e-01     2s

Barrier performed 24 iterations in 2.46 seconds (1.76 work units)
Barrier solve interrupted - model solved by another algorithm


Solved with primal simplex
Solved in 44868 iterations and 2.84 seconds (1.44 work units)
Optimal objective  1.672269805e+10

User-callback calls 300, time in user-callback 0.00 sec
[ Info:  started timer at: 2023-03-26T20:23:31.368
[ Info: Reading /projects/pvsoiling/RELOG/Recycling_NAICS_5/input/solver/case.json...
[ Info:          134 collection centers
[ Info:          309 candidate plant locations
[ Info: Building graph...
[ Info:           26 time periods
[ Info:          309 process nodes
[ Info:         4944 shipping nodes (plant)
[ Info:          134 shipping nodes (collection)
[ Info:        46350 arcs
[ Info: Building optimization model...
[ Info: Optimizing MILP...
[ Info: Re-optimizing with integer variables fixed...
[ Info: Extracting solution...
[ Info:       3658.339998709s: 1 hour, 58 seconds, 339 milliseconds
