Set parameter TokenServer to value "license-1.hpc.nrel.gov"
Set parameter TimeLimit to value 3600
Set parameter MIPGap to value 0.001
Set parameter MIPGap to value 0.001
Set parameter TimeLimit to value 3600
Gurobi Optimizer version 9.5.1 build v9.5.1rc2 (linux64)
Thread count: 36 physical cores, 36 logical processors, using up to 32 threads
Optimize a model with 84446 rows, 992940 columns and 2037872 nonzeros
Model fingerprint: 0x0a8fae92
Variable types: 979004 continuous, 13936 integer (13936 binary)
Coefficient statistics:
  Matrix range     [1e+00, 2e+05]
  Objective range  [2e-01, 8e+08]
  Bounds range     [2e+05, 1e+08]
  RHS range        [8e-01, 2e+06]
Presolve removed 73460 rows and 56548 columns
Presolve time: 4.17s
Presolved: 10986 rows, 936392 columns, 1878948 nonzeros
Variable types: 933176 continuous, 3216 integer (3216 binary)

Deterministic concurrent LP optimizer: primal and dual simplex
Showing first log only...


Root simplex log...

Iteration    Objective       Primal Inf.    Dual Inf.      Time
       0    4.8981848e+11   4.058206e+05   1.233809e+10      7s
  219812    5.2472723e+11   1.050366e+05   2.755593e+10     10s
Concurrent spin time: 0.00s

Solved with dual simplex

Root relaxation: objective 6.893627e+11, 61116 iterations, 5.58 seconds (4.51 work units)

    Nodes    |    Current Node    |     Objective Bounds      |     Work
 Expl Unexpl |  Obj  Depth IntInf | Incumbent    BestBd   Gap | It/Node Time

     0     0 6.8936e+11    0    3          - 6.8936e+11      -     -   11s
H    0     0                    6.899795e+11 6.8936e+11  0.09%     -   12s

Explored 1 nodes (61116 simplex iterations) in 12.14 seconds (11.47 work units)
Thread count was 32 (of 36 available processors)

Solution count 1: 6.89979e+11 

Optimal solution found (tolerance 1.00e-03)
Best objective 6.899794571901e+11, best bound 6.893626989600e+11, gap 0.0894%

User-callback calls 3802, time in user-callback 0.01 sec
Set parameter TokenServer to value "license-1.hpc.nrel.gov"
Set parameter TimeLimit to value 3600
Set parameter MIPGap to value 0.001
Set parameter MIPGap to value 0.001
Set parameter TimeLimit to value 3600
Gurobi Optimizer version 9.5.1 build v9.5.1rc2 (linux64)
Thread count: 36 physical cores, 36 logical processors, using up to 32 threads
Optimize a model with 84446 rows, 992940 columns and 2037872 nonzeros
Model fingerprint: 0x831f186b
Coefficient statistics:
  Matrix range     [1e+00, 2e+05]
  Objective range  [2e-01, 8e+08]
  Bounds range     [1e+00, 1e+08]
  RHS range        [8e-01, 2e+06]

Concurrent LP optimizer: primal simplex, dual simplex, and barrier
Showing barrier log only...

Presolve removed 78806 rows and 701776 columns
Presolve time: 1.04s
Presolved: 5640 rows, 291164 columns, 580170 nonzeros

Ordering time: 0.00s

Barrier statistics:
 AA' NZ     : 2.890e+05
 Factor NZ  : 4.925e+05 (roughly 120 MB of memory)
 Factor Ops : 5.362e+07 (less than 1 second per iteration)
 Threads    : 30

                  Objective                Residual
Iter       Primal          Dual         Primal    Dual     Compl     Time
   0   2.86187261e+12 -3.17599335e+11  5.37e+06 2.60e+02  9.74e+07     1s
   1   7.52629144e+11  3.64920786e+11  8.80e+04 1.82e-12  2.74e+06     1s
   2   7.15470829e+11  5.83307500e+11  2.60e+03 2.97e+01  5.00e+05     1s
   3   7.12302253e+11  6.31932250e+11  1.42e+03 2.24e+01  3.00e+05     1s
   4   7.06618395e+11  6.63083781e+11  3.98e+02 1.17e+01  1.57e+05     1s
   5   7.01251412e+11  6.74484550e+11  2.03e+02 6.32e+00  9.58e+04     1s
   6   6.97692842e+11  6.82585239e+11  1.20e+02 3.36e+00  5.37e+04     1s
   7   6.96139135e+11  6.85704940e+11  8.62e+01 2.13e+00  3.69e+04     1s
   8   6.94259666e+11  6.87064293e+11  5.38e+01 1.60e+00  2.54e+04     1s
   9   6.93375639e+11  6.87743499e+11  4.00e+01 1.25e+00  1.99e+04     1s
  10   6.92393112e+11  6.88440802e+11  2.71e+01 9.13e-01  1.39e+04     1s
  11   6.91267031e+11  6.88966200e+11  1.21e+01 6.32e-01  8.13e+03     1s

Barrier performed 11 iterations in 1.48 seconds (0.97 work units)
Barrier solve interrupted - model solved by another algorithm


Solved with primal simplex
Solved in 32396 iterations and 1.56 seconds (0.86 work units)
Optimal objective  6.899794572e+11

User-callback calls 121, time in user-callback 0.00 sec
[ Info:  started timer at: 2023-03-25T11:19:26.970
[ Info: Reading /projects/pvsoiling/RELOG/Manufacturing_cap_40209_2/input/solver/case.json...
[ Info:          134 collection centers
[ Info:          268 candidate plant locations
[ Info: Building graph...
[ Info:           26 time periods
[ Info:          268 process nodes
[ Info:          268 shipping nodes (plant)
[ Info:          134 shipping nodes (collection)
[ Info:        36180 arcs
[ Info: Building optimization model...
[ Info: Optimizing MILP...
[ Info: Re-optimizing with integer variables fixed...
[ Info: Extracting solution...
[ Info:         60.740224913s: 1 minute, 740 milliseconds
