Set parameter TokenServer to value "license-1.hpc.nrel.gov"
Set parameter TimeLimit to value 3600
Set parameter MIPGap to value 0.001
Set parameter MIPGap to value 0.001
Set parameter TimeLimit to value 3600
Gurobi Optimizer version 9.5.1 build v9.5.1rc2 (linux64)
Thread count: 36 physical cores, 36 logical processors, using up to 32 threads
Optimize a model with 80158 rows, 992940 columns and 2033584 nonzeros
Model fingerprint: 0xf80a5160
Variable types: 979004 continuous, 13936 integer (13936 binary)
Coefficient statistics:
  Matrix range     [1e+00, 1e+05]
  Objective range  [2e-01, 8e+08]
  Bounds range     [1e+05, 1e+08]
  RHS range        [8e-01, 8e+05]
Presolve removed 68102 rows and 51724 columns
Presolve time: 4.86s
Presolved: 12056 rows, 941216 columns, 1888596 nonzeros
Variable types: 932640 continuous, 8576 integer (8576 binary)

Deterministic concurrent LP optimizer: primal and dual simplex
Showing first log only...


Root simplex log...

Iteration    Objective       Primal Inf.    Dual Inf.      Time
       0    4.4936429e+11   7.973376e+05   1.830968e+10      8s
  222960    5.2941711e+11   9.299036e+04   3.100821e+10     10s
Concurrent spin time: 0.00s

Solved with dual simplex

Root relaxation: objective 5.926548e+11, 77263 iterations, 7.81 seconds (6.34 work units)

    Nodes    |    Current Node    |     Objective Bounds      |     Work
 Expl Unexpl |  Obj  Depth IntInf | Incumbent    BestBd   Gap | It/Node Time

     0     0 5.9265e+11    0   25          - 5.9265e+11      -     -   14s
H    0     0                    5.939546e+11 5.9265e+11  0.22%     -   16s
H    0     0                    5.933511e+11 5.9265e+11  0.12%     -   18s
     0     0 5.9265e+11    0   28 5.9335e+11 5.9265e+11  0.12%     -   21s
     0     0 5.9265e+11    0   16 5.9335e+11 5.9265e+11  0.12%     -   24s
     0     0 5.9265e+11    0   16 5.9335e+11 5.9265e+11  0.12%     -   26s
     0     0 5.9265e+11    0   16 5.9335e+11 5.9265e+11  0.12%     -   28s
     0     0 5.9265e+11    0   16 5.9335e+11 5.9265e+11  0.12%     -   29s
     0     0 5.9265e+11    0   16 5.9335e+11 5.9265e+11  0.12%     -   30s
     0     0 5.9265e+11    0   16 5.9335e+11 5.9265e+11  0.12%     -   33s
     0     0 5.9265e+11    0   16 5.9335e+11 5.9265e+11  0.12%     -   39s
H    0     0                    5.933511e+11 5.9265e+11  0.12%     -   46s
     0     2 5.9265e+11    0   16 5.9335e+11 5.9265e+11  0.12%     -   49s
     1     4 5.9266e+11    1   16 5.9335e+11 5.9266e+11  0.12%  44.0   50s
    31    64 5.9266e+11    5   14 5.9335e+11 5.9266e+11  0.12%  78.0   57s
    95   128 5.9266e+11    6   13 5.9335e+11 5.9266e+11  0.12%  57.1  149s
   127   160 5.9266e+11    7   13 5.9335e+11 5.9266e+11  0.12%  53.2  152s
   191   224 5.9266e+11    9   13 5.9335e+11 5.9266e+11  0.12%  50.3  157s
   223   364 5.9266e+11   10   13 5.9335e+11 5.9266e+11  0.12%  49.9  161s
   363   615 5.9266e+11   16   16 5.9335e+11 5.9266e+11  0.12%  50.6  172s
   614  1199 5.9269e+11   23   19 5.9335e+11 5.9266e+11  0.12%  78.8  190s
  1223  1904 5.9282e+11   46   27 5.9335e+11 5.9266e+11  0.12%  80.1  213s
  1958  2562 5.9284e+11   66   28 5.9335e+11 5.9266e+11  0.12%  80.9  252s
  2677  3387 5.9284e+11   90   17 5.9335e+11 5.9266e+11  0.12%  83.8  279s
  3612  4247 5.9290e+11  122   12 5.9335e+11 5.9266e+11  0.12%  82.1  302s
  4520  5114 5.9292e+11  155   12 5.9335e+11 5.9266e+11  0.12%  73.8  318s
  5576  5930 5.9294e+11  188   13 5.9335e+11 5.9266e+11  0.12%  67.6  342s
  6632  6563 5.9295e+11  221   18 5.9335e+11 5.9266e+11  0.12%  62.7  351s
  7688  7136 5.9300e+11  254   19 5.9335e+11 5.9266e+11  0.12%  60.5  359s
  8744  7660 5.9304e+11  287   24 5.9335e+11 5.9266e+11  0.12%  58.6  394s
  9770  8115 5.9306e+11  320   19 5.9335e+11 5.9266e+11  0.12%  58.6  417s
 10553  8795 5.9312e+11  353   36 5.9335e+11 5.9266e+11  0.12%  57.7  428s
 11606  9566 5.9319e+11  386   20 5.9335e+11 5.9266e+11  0.12%  58.8  437s
 12662 10377 5.9274e+11   26   14 5.9335e+11 5.9266e+11  0.12%  58.9  446s
 13718 11254 5.9299e+11   58   22 5.9335e+11 5.9266e+11  0.12%  60.2  459s
 14769 11255 5.9323e+11  336   16 5.9335e+11 5.9266e+11  0.12%  61.1  505s
 14771 11256 5.9269e+11   23   21 5.9335e+11 5.9266e+11  0.12%  61.1  520s
 14773 11258 5.9274e+11   28   14 5.9335e+11 5.9266e+11  0.12%  61.1  525s
 14776 11260 5.9296e+11  244   14 5.9335e+11 5.9266e+11  0.12%  61.1  531s
 14778 11261 5.9300e+11  165   14 5.9335e+11 5.9266e+11  0.12%  61.1  537s
 14779 11262 5.9272e+11   30   14 5.9335e+11 5.9266e+11  0.12%  61.1  540s
 14780 11262 5.9283e+11   45   14 5.9335e+11 5.9266e+11  0.12%  61.1  545s
 14782 11264 5.9283e+11   48   14 5.9335e+11 5.9266e+11  0.12%  61.1  558s
 14783 11267 5.9266e+11   12   14 5.9335e+11 5.9266e+11  0.12%  64.9  561s
 14797 11291 5.9266e+11   15   11 5.9335e+11 5.9266e+11  0.12%  64.9  565s
 14813 11317 5.9266e+11   16   20 5.9335e+11 5.9266e+11  0.12%  64.9  571s
 14941 11403 5.9266e+11   18   10 5.9335e+11 5.9266e+11  0.12%  64.7  575s
 15054 11478 5.9267e+11   20   17 5.9335e+11 5.9266e+11  0.12%  64.4  640s
 15086 11499 5.9266e+11   21   11 5.9335e+11 5.9266e+11  0.12%  64.4  709s
 15118 11521 5.9267e+11   21   19 5.9335e+11 5.9266e+11  0.12%  64.3  752s
 15150 11930 5.9266e+11   22   11 5.9335e+11 5.9266e+11  0.12%  64.2  763s
 15570 12070 5.9269e+11   32   18 5.9335e+11 5.9266e+11  0.12%  64.2  779s
 15856 12867 5.9266e+11   36   10 5.9335e+11 5.9266e+11  0.12%  64.5  811s
 16813 13555 5.9324e+11   53    8 5.9335e+11 5.9266e+11  0.12%  65.2  831s
 17933 14140 5.9282e+11   71   10 5.9335e+11 5.9266e+11  0.12%  65.8  856s
 19040 14656 5.9277e+11   90   13 5.9335e+11 5.9266e+11  0.12%  64.8  873s
 20160 15153 5.9280e+11  108   29 5.9335e+11 5.9266e+11  0.12%  64.4  892s
 21280 15662 5.9291e+11  126   10 5.9335e+11 5.9266e+11  0.12%  63.2  905s
 22400 16072 5.9283e+11  153    9 5.9335e+11 5.9266e+11  0.12%  61.9  923s
 23516 16490 5.9285e+11  182   13 5.9335e+11 5.9266e+11  0.12%  60.7  940s
 24636 16843 5.9287e+11  209   18 5.9335e+11 5.9266e+11  0.12%  59.7  955s
 25752 17181 5.9288e+11  236   14 5.9335e+11 5.9266e+11  0.12%  58.6  969s
 26872 17562 5.9292e+11  269   13 5.9335e+11 5.9266e+11  0.12%  57.7  980s
 27984 17994 5.9296e+11  304   15 5.9335e+11 5.9266e+11  0.12%  57.0  987s
 29104 18411 5.9299e+11  338   13 5.9335e+11 5.9266e+11  0.12%  56.3  996s
 30192 18049 5.9316e+11  301   16 5.9335e+11 5.9266e+11  0.12%  55.8 1024s
 30193 18050 5.9269e+11   21   16 5.9335e+11 5.9266e+11  0.12%  55.8 1025s
 30194 18050 5.9268e+11   35   21 5.9335e+11 5.9266e+11  0.12%  55.8 1035s
 30197 18052 5.9281e+11  143   14 5.9335e+11 5.9266e+11  0.12%  55.8 1042s
 30198 18053 5.9308e+11  125   11 5.9335e+11 5.9266e+11  0.12%  55.8 1045s
 30201 18055 5.9297e+11   78   11 5.9335e+11 5.9266e+11  0.12%  55.8 1057s
 30203 18056 5.9267e+11   21   11 5.9335e+11 5.9266e+11  0.12%  55.8 1068s
 30204 18060 5.9266e+11   26   14 5.9335e+11 5.9266e+11  0.12%  57.3 1071s
 30218 18083 5.9266e+11   29   11 5.9335e+11 5.9266e+11  0.12%  57.3 1075s
 30234 18110 5.9266e+11   30   20 5.9335e+11 5.9266e+11  0.12%  57.3 1080s
 30298 18153 5.9266e+11   31   10 5.9335e+11 5.9266e+11  0.12%  57.3 1171s
 30330 18174 5.9266e+11   32   14 5.9335e+11 5.9266e+11  0.12%  57.3 1233s
 30394 18246 5.9266e+11   33   18 5.9335e+11 5.9266e+11  0.12%  57.2 1235s
 30455 18269 5.9266e+11   34   11 5.9335e+11 5.9266e+11  0.12%  57.2 1240s
 30499 18594 5.9267e+11   34   17 5.9335e+11 5.9266e+11  0.12%  57.1 1247s
 30838 19200 5.9266e+11   40   11 5.9335e+11 5.9266e+11  0.12%  57.0 1265s
 31562 19012 5.9274e+11   59   12 5.9335e+11 5.9266e+11  0.12%  57.1 1330s
 31618 20014 5.9274e+11   60   11 5.9335e+11 5.9266e+11  0.12%  57.1 1353s
 32816 20550 5.9279e+11   79   15 5.9335e+11 5.9266e+11  0.12%  58.5 1370s
 34027 21043 5.9282e+11   98   23 5.9335e+11 5.9266e+11  0.12%  58.1 1389s
 35230 21498 5.9283e+11  121   10 5.9335e+11 5.9266e+11  0.12%  57.2 1404s
 36434 21122 5.9286e+11  144   21 5.9335e+11 5.9266e+11  0.12%  56.3 1470s
 36467 21947 5.9286e+11  145   21 5.9335e+11 5.9266e+11  0.12%  56.3 1486s
 37683 22303 5.9289e+11  175   19 5.9335e+11 5.9266e+11  0.12%  55.3 1504s
 38897 22631 5.9291e+11  207   11 5.9335e+11 5.9266e+11  0.12%  54.7 1518s
 40111 23162 5.9293e+11  240   14 5.9335e+11 5.9266e+11  0.12%  54.2 1527s
 41327 23686 5.9295e+11  274   17 5.9335e+11 5.9266e+11  0.12%  53.8 1535s
 42531 24157 5.9300e+11  311    9 5.9335e+11 5.9266e+11  0.12%  53.6 1545s
 43747 24676 5.9304e+11  348   13 5.9335e+11 5.9266e+11  0.12%  53.3 1555s
 44839 25143 5.9314e+11  384    9 5.9335e+11 5.9266e+11  0.12%  53.4 1565s
 45897 25650 5.9267e+11   42   10 5.9335e+11 5.9266e+11  0.12%  53.9 1571s
 46978 26163 5.9275e+11   72   10 5.9335e+11 5.9266e+11  0.12%  54.4 1579s
 48117 26565 5.9291e+11  106   10 5.9335e+11 5.9266e+11  0.12%  54.6 1589s
 49256 27021 5.9296e+11  144   17 5.9335e+11 5.9266e+11  0.12%  54.6 1599s
 50432 27480 5.9300e+11  182   17 5.9335e+11 5.9266e+11  0.12%  54.4 1608s
 51576 28040 5.9302e+11  220   17 5.9335e+11 5.9266e+11  0.12%  54.3 1618s
 52724 28574 5.9304e+11  258   11 5.9335e+11 5.9266e+11  0.12%  54.3 1625s
 53895 29059 5.9309e+11  296   11 5.9335e+11 5.9266e+11  0.12%  54.2 1632s
 55098 29498 5.9320e+11  334   11 5.9335e+11 5.9266e+11  0.12%  53.8 1643s
 56267 29921 5.9266e+11   33   14 5.9335e+11 5.9266e+11  0.12%  53.5 1650s
 57433 30323 5.9270e+11   56   13 5.9335e+11 5.9266e+11  0.12%  53.3 1657s
 58601 30711 5.9272e+11   73   18 5.9335e+11 5.9266e+11  0.12%  53.1 1664s
 59723 31171 5.9274e+11   99   13 5.9335e+11 5.9266e+11  0.12%  53.1 1681s
 60939 31161 5.9287e+11  126   13 5.9335e+11 5.9266e+11  0.12%  53.3 1701s
 61525 31826 5.9280e+11  142   17 5.9335e+11 5.9266e+11  0.12%  53.2 1710s
 62741 32306 5.9283e+11  179   17 5.9335e+11 5.9266e+11  0.12%  52.9 1717s
 63943 32838 5.9284e+11  215   18 5.9335e+11 5.9266e+11  0.12%  52.7 1725s
 65143 33473 5.9287e+11  253   16 5.9335e+11 5.9266e+11  0.12%  52.4 1732s
 66359 34126 5.9291e+11  291   12 5.9335e+11 5.9266e+11  0.12%  52.0 1738s
 67573 34757 5.9295e+11  329   19 5.9335e+11 5.9266e+11  0.12%  51.6 1745s
 68789 35363 5.9297e+11  366   13 5.9335e+11 5.9266e+11  0.12%  51.3 1751s
 69985 36001 5.9305e+11  404   12 5.9335e+11 5.9266e+11  0.12%  51.0 1757s
 71180 36507 5.9273e+11   49   12 5.9335e+11 5.9266e+11  0.12%  50.7 1763s
 72356 37002 5.9295e+11   76   15 5.9335e+11 5.9266e+11  0.12%  50.5 1769s
 73527 37287 5.9300e+11  114   20 5.9335e+11 5.9266e+11  0.12%  50.4 1777s
 74670 37714 5.9303e+11  152   12 5.9335e+11 5.9266e+11  0.12%  50.3 1783s
 75878 38082 5.9307e+11  190   20 5.9335e+11 5.9266e+11  0.12%  50.1 1790s
 77053 38493 5.9309e+11  228   12 5.9335e+11 5.9266e+11  0.12%  50.0 1796s
 78137 38983 5.9311e+11  266   12 5.9335e+11 5.9266e+11  0.12%  50.0 1802s
 79291 39484 5.9321e+11  303    9 5.9335e+11 5.9266e+11  0.12%  49.7 1809s
 80468 39944 5.9328e+11  338    7 5.9335e+11 5.9266e+11  0.12%  49.5 1815s
 81649 40395 5.9280e+11   52   19 5.9335e+11 5.9266e+11  0.12%  49.2 1822s
 82768 40908 5.9291e+11   78   10 5.9335e+11 5.9266e+11  0.12%  49.2 1829s
 83948 41275 5.9314e+11  115   17 5.9335e+11 5.9266e+11  0.12%  49.0 1835s
 85111 41867 5.9317e+11  150   13 5.9335e+11 5.9266e+11  0.12%  49.0 1841s
 86263 42674 5.9324e+11  184   13 5.9335e+11 5.9266e+11  0.12%  49.1 1847s
 87418 43505 5.9329e+11  219   14 5.9335e+11 5.9266e+11  0.12%  49.1 1853s
 88589 43506 5.9301e+11   80   16 5.9335e+11 5.9266e+11  0.12%  49.0 2067s
 88591 43507 5.9309e+11  325   21 5.9335e+11 5.9266e+11  0.12%  49.0 2079s
 88592 43508 5.9294e+11  322   18 5.9335e+11 5.9266e+11  0.12%  49.0 2082s
 88594 43509 5.9289e+11  114   11 5.9335e+11 5.9266e+11  0.12%  49.0 2087s
 88595 43510 5.9274e+11   75   11 5.9335e+11 5.9266e+11  0.12%  49.0 2094s
 88596 43511 5.9284e+11  193   11 5.9335e+11 5.9266e+11  0.12%  49.0 2095s
 88597 43511 5.9273e+11   52   11 5.9335e+11 5.9266e+11  0.12%  49.0 2103s
 88599 43513 5.9291e+11  315   11 5.9335e+11 5.9266e+11  0.12%  49.0 2112s
 88600 43513 5.9300e+11   88   11 5.9335e+11 5.9266e+11  0.12%  49.0 2121s
 88602 43515 5.9301e+11  163   11 5.9335e+11 5.9266e+11  0.12%  49.0 2131s
 88604 43516 5.9270e+11   45   11 5.9335e+11 5.9266e+11  0.12%  49.0 2139s
 88605 43517 5.9289e+11  201   11 5.9335e+11 5.9266e+11  0.12%  49.0 2141s
 88606 43517 5.9323e+11  352   11 5.9335e+11 5.9266e+11  0.12%  49.0 2148s
 88607 43518 5.9273e+11   55   11 5.9335e+11 5.9266e+11  0.12%  49.0 2156s
 88609 43519 5.9283e+11  199   11 5.9335e+11 5.9266e+11  0.12%  49.0 2167s
 88611 43521 5.9297e+11  236   11 5.9335e+11 5.9266e+11  0.12%  49.0 2175s
 88612 43521 5.9272e+11   51   11 5.9335e+11 5.9266e+11  0.12%  49.0 2183s
 88613 43522 5.9285e+11  188   11 5.9335e+11 5.9266e+11  0.12%  49.0 2185s
 88614 43523 5.9293e+11   81   11 5.9335e+11 5.9266e+11  0.12%  49.0 2191s
 88615 43523 5.9301e+11  371   11 5.9335e+11 5.9266e+11  0.12%  49.0 2202s
 88617 43525 5.9274e+11   83   11 5.9335e+11 5.9266e+11  0.12%  49.0 2210s
 88619 43526 5.9316e+11  223   11 5.9335e+11 5.9266e+11  0.12%  49.0 2219s
 88620 43527 5.9273e+11   83   11 5.9335e+11 5.9266e+11  0.12%  49.0 2240s
 88621 43527 5.9296e+11  259   11 5.9335e+11 5.9266e+11  0.12%  49.0 2248s
 88622 43528 5.9288e+11  146   11 5.9335e+11 5.9266e+11  0.12%  49.0 2270s
 88623 43532 5.9266e+11   39   14 5.9335e+11 5.9266e+11  0.12%  49.5 2276s
 88637 43555 5.9266e+11   42   11 5.9335e+11 5.9266e+11  0.12%  49.5 2288s
 88653 43582 5.9266e+11   43   16 5.9335e+11 5.9266e+11  0.12%  49.5 2296s
 88717 43624 5.9266e+11   44   10 5.9335e+11 5.9266e+11  0.12%  49.5 2300s
 88749 43646 5.9266e+11   45   14 5.9335e+11 5.9266e+11  0.12%  49.5 2401s
 88781 43667 5.9266e+11   45   10 5.9335e+11 5.9266e+11  0.12%  49.5 2412s
 88876 43901 5.9266e+11   47   11 5.9335e+11 5.9266e+11  0.12%  49.5 2419s
 89079 44443 5.9268e+11   50   17 5.9335e+11 5.9266e+11  0.12%  49.5 2433s
 89688 44821 5.9269e+11   66   13 5.9335e+11 5.9266e+11  0.12%  49.6 2470s
 90301 45578 5.9285e+11   79    9 5.9335e+11 5.9266e+11  0.12%  50.0 2495s
 91471 46170 5.9291e+11  103   10 5.9335e+11 5.9266e+11  0.12%  50.6 2515s
 92700 46581     cutoff  128      5.9335e+11 5.9266e+11  0.12%  50.8 2535s
 93894 46935 5.9298e+11  154   19 5.9335e+11 5.9266e+11  0.12%  50.8 2556s
 94942 47394 5.9300e+11  182   16 5.9335e+11 5.9266e+11  0.12%  51.2 2577s
 96180 47755 5.9302e+11  216   16 5.9335e+11 5.9266e+11  0.12%  51.7 2593s
 97428 48154 5.9304e+11  247   19 5.9335e+11 5.9266e+11  0.12%  51.7 2608s
 98676 48531 5.9306e+11  280   10 5.9335e+11 5.9266e+11  0.12%  51.7 2625s
 99924 48926 5.9310e+11  313   13 5.9335e+11 5.9266e+11  0.12%  51.8 2635s
 101171 49347 5.9268e+11   65    8 5.9335e+11 5.9266e+11  0.12%  51.7 2648s
 102406 49868 5.9292e+11   99   13 5.9335e+11 5.9266e+11  0.12%  51.6 2659s
 103641 50447 5.9296e+11  138   18 5.9335e+11 5.9266e+11  0.12%  51.7 2666s
 104874 50974 5.9299e+11  176   14 5.9335e+11 5.9266e+11  0.12%  51.7 2675s
 106120 51401 5.9303e+11  215   18 5.9335e+11 5.9266e+11  0.12%  52.0 2685s
 107363 51849 5.9306e+11  254   10 5.9335e+11 5.9266e+11  0.12%  52.0 2696s
 108594 51764 5.9308e+11  293   13 5.9335e+11 5.9266e+11  0.12%  52.0 2719s
 109095 52221 5.9315e+11  331    8 5.9335e+11 5.9266e+11  0.12%  52.0 2745s
 110002 52848 5.9323e+11  359   15 5.9335e+11 5.9266e+11  0.12%  52.1 2752s
 111250 53309 5.9266e+11   57   15 5.9335e+11 5.9266e+11  0.12%  52.0 2761s
 112498 53825 5.9271e+11   96   13 5.9335e+11 5.9266e+11  0.12%  52.0 2768s
 113744 54305 5.9275e+11  135   15 5.9335e+11 5.9266e+11  0.12%  51.9 2778s
 114991 54776 5.9315e+11  174   31 5.9335e+11 5.9266e+11  0.12%  51.9 2787s
 116217 55255 5.9321e+11  213   11 5.9335e+11 5.9266e+11  0.12%  51.9 2797s
 117465 55789 5.9327e+11  252   11 5.9335e+11 5.9266e+11  0.12%  51.8 2807s
 118713 56273 5.9268e+11   51   14 5.9335e+11 5.9266e+11  0.12%  51.8 2813s
 119909 56660 5.9268e+11   90   10 5.9335e+11 5.9266e+11  0.12%  51.8 2819s
 121003 57155 5.9292e+11  120   13 5.9335e+11 5.9266e+11  0.12%  51.9 2825s
 122165 57639 5.9296e+11  159   13 5.9335e+11 5.9266e+11  0.12%  51.9 2832s
 123278 58206 5.9302e+11  198   10 5.9335e+11 5.9266e+11  0.12%  51.9 2838s
 124408 58702 5.9305e+11  237   18 5.9335e+11 5.9266e+11  0.12%  52.0 2844s
 125556 59111 5.9307e+11  276   14 5.9335e+11 5.9266e+11  0.12%  52.0 2850s
 126737 59534 5.9310e+11  315   16 5.9335e+11 5.9266e+11  0.12%  52.0 2856s
 127873 59994 5.9318e+11  354   13 5.9335e+11 5.9266e+11  0.12%  52.0 2862s
 129035 60449 5.9330e+11  391   10 5.9335e+11 5.9266e+11  0.12%  52.0 2868s
 130213 60866 5.9272e+11   82   17 5.9335e+11 5.9266e+11  0.12%  51.9 2874s
 131436 61316 5.9277e+11  121   17 5.9335e+11 5.9266e+11  0.12%  51.8 2880s
 132660 61867 5.9280e+11  160   12 5.9335e+11 5.9266e+11  0.12%  51.7 2886s
 133841 62386 5.9283e+11  199   21 5.9335e+11 5.9266e+11  0.12%  51.6 2893s
 134996 62258 5.9285e+11  238   19 5.9335e+11 5.9266e+11  0.12%  51.6 2914s
 135279 63071 5.9288e+11  260   18 5.9335e+11 5.9266e+11  0.12%  51.6 2921s
 136387 63566 5.9292e+11  299   15 5.9335e+11 5.9266e+11  0.12%  51.7 2928s
 137514 64046 5.9295e+11  338   11 5.9335e+11 5.9266e+11  0.12%  51.7 2934s
 138577 64572 5.9298e+11  377   12 5.9335e+11 5.9266e+11  0.12%  51.8 2941s
 139742 64947 5.9305e+11  416   13 5.9335e+11 5.9266e+11  0.12%  51.8 2947s
 140924 65354 5.9276e+11   66    8 5.9335e+11 5.9266e+11  0.12%  51.7 2953s
 142127 65709 5.9298e+11  105   10 5.9335e+11 5.9266e+11  0.12%  51.7 2959s
 143265 66101 5.9313e+11  139    8 5.9335e+11 5.9266e+11  0.12%  51.7 2966s
 144431 66504 5.9280e+11   78   13 5.9335e+11 5.9266e+11  0.12%  51.6 2973s
 145585 66806 5.9285e+11  101   17 5.9335e+11 5.9266e+11  0.12%  51.6 2979s
 146719 67207 5.9306e+11  132   10 5.9335e+11 5.9266e+11  0.12%  51.7 2989s
 147967 67591 5.9310e+11  167   23 5.9335e+11 5.9266e+11  0.12%  51.7 2995s
 149155 68017 5.9313e+11  203   12 5.9335e+11 5.9266e+11  0.12%  51.7 3000s
 150363 68486 5.9318e+11  238   18 5.9335e+11 5.9266e+11  0.12%  51.6 3006s
 151547 68941 5.9325e+11  274   11 5.9335e+11 5.9266e+11  0.12%  51.5 3012s
 152669 69334 5.9329e+11  306   12 5.9335e+11 5.9266e+11  0.12%  51.4 3020s
 153730 69890 5.9269e+11   61   16 5.9335e+11 5.9266e+11  0.12%  51.5 3026s
 154858 70388 5.9288e+11   94   14 5.9335e+11 5.9266e+11  0.12%  51.5 3032s
 156040 70870 5.9307e+11  114   12 5.9335e+11 5.9266e+11  0.12%  51.4 3038s
 157221 71330 5.9310e+11  150    8 5.9335e+11 5.9266e+11  0.12%  51.3 3045s
 158404 71789 5.9316e+11  187   11 5.9335e+11 5.9266e+11  0.12%  51.3 3051s
 159618 71573 5.9319e+11  223   13 5.9335e+11 5.9266e+11  0.12%  51.1 3063s
 159937 72363 5.9319e+11  224    9 5.9335e+11 5.9266e+11  0.12%  51.1 3069s
 161162 72871 5.9325e+11  260   12 5.9335e+11 5.9266e+11  0.12%  51.0 3075s
 162381 73330     cutoff  292      5.9335e+11 5.9266e+11  0.12%  50.9 3081s
 163570 73783 5.9271e+11   72   18 5.9335e+11 5.9266e+11  0.12%  50.8 3087s
 164747 74337 5.9277e+11   94   17 5.9335e+11 5.9266e+11  0.12%  50.8 3092s
 165960 74864 5.9298e+11  133   22 5.9335e+11 5.9266e+11  0.12%  50.7 3098s
 167143 75403 5.9301e+11  172   10 5.9335e+11 5.9266e+11  0.12%  50.6 3104s
 168294 75914 5.9305e+11  211   15 5.9335e+11 5.9266e+11  0.12%  50.5 3109s
 169367 76421 5.9308e+11  250   10 5.9335e+11 5.9266e+11  0.12%  50.5 3115s
 170429 76937 5.9310e+11  289   10 5.9335e+11 5.9266e+11  0.12%  50.5 3121s
 171540 77391 5.9320e+11  328   12 5.9335e+11 5.9266e+11  0.12%  50.6 3127s
 172614 77854 5.9329e+11  360   10 5.9335e+11 5.9266e+11  0.12%  50.6 3133s
 173670 78316 5.9271e+11   76   17 5.9335e+11 5.9267e+11  0.12%  50.6 3139s
 174765 78785 5.9276e+11   96   14 5.9335e+11 5.9267e+11  0.12%  50.7 3145s
 175943 79326 5.9297e+11  135   18 5.9335e+11 5.9267e+11  0.12%  50.6 3155s
 177154 79821 5.9300e+11  174   14 5.9335e+11 5.9267e+11  0.12%  50.6 3161s
 178304 80230 5.9304e+11  213   15 5.9335e+11 5.9267e+11  0.12%  50.6 3168s
 179472 80653 5.9307e+11  252   10 5.9335e+11 5.9267e+11  0.12%  50.6 3174s
 180628 80434 5.9309e+11  291   10 5.9335e+11 5.9267e+11  0.12%  50.6 3192s
 180875 81126 5.9312e+11  305   10 5.9335e+11 5.9267e+11  0.12%  50.5 3199s
 182050 80769 5.9319e+11  344    9 5.9335e+11 5.9267e+11  0.12%  50.5 3221s
 182104 81643 5.9319e+11  345    9 5.9335e+11 5.9267e+11  0.12%  50.5 3227s
 183339 82093 5.9334e+11  383   11 5.9335e+11 5.9267e+11  0.12%  50.5 3233s
 184520 82549 5.9276e+11   78   11 5.9335e+11 5.9267e+11  0.12%  50.4 3239s
 185715 83030 5.9297e+11  112   20 5.9335e+11 5.9267e+11  0.12%  50.4 3244s
 186856 83460 5.9301e+11  151   23 5.9335e+11 5.9267e+11  0.12%  50.3 3250s
 187929 83943 5.9304e+11  190   13 5.9335e+11 5.9267e+11  0.12%  50.4 3256s
 189050 84442 5.9307e+11  229   11 5.9335e+11 5.9267e+11  0.12%  50.4 3262s
 190155 84851 5.9309e+11  268   13 5.9335e+11 5.9267e+11  0.12%  50.5 3268s
 191246 85412 5.9316e+11  307   14 5.9335e+11 5.9267e+11  0.12%  50.5 3274s
 192443 85916 5.9323e+11  342   14 5.9335e+11 5.9267e+11  0.12%  50.4 3280s
 193647 86396 5.9267e+11   55   14 5.9335e+11 5.9267e+11  0.12%  50.4 3286s
 194851 86866 5.9275e+11   79    8 5.9335e+11 5.9267e+11  0.12%  50.3 3291s
 196076 87349 5.9295e+11  115   24 5.9335e+11 5.9267e+11  0.12%  50.2 3297s
 197261 87804 5.9300e+11  154   23 5.9335e+11 5.9267e+11  0.12%  50.1 3303s
 198483 88232 5.9303e+11  193   13 5.9335e+11 5.9267e+11  0.12%  50.1 3309s
 199706 88577 5.9306e+11  232   11 5.9335e+11 5.9267e+11  0.12%  50.0 3315s
 200890 88298 5.9308e+11  271   14 5.9335e+11 5.9267e+11  0.12%  49.9 3327s
 201048 88996 5.9308e+11  272   17 5.9335e+11 5.9267e+11  0.12%  49.9 3333s
 202231 89410 5.9313e+11  311    9 5.9335e+11 5.9267e+11  0.12%  49.9 3339s
 203401 89817 5.9321e+11  345   14 5.9335e+11 5.9267e+11  0.12%  49.9 3345s
 204480 90241 5.9329e+11  379   10 5.9335e+11 5.9267e+11  0.12%  50.0 3352s
 205604 90692 5.9276e+11   83   11 5.9335e+11 5.9267e+11  0.12%  50.0 3361s
 206844 91105 5.9296e+11  119   12 5.9335e+11 5.9267e+11  0.12%  50.0 3367s
 208041 91511 5.9302e+11  158   23 5.9335e+11 5.9267e+11  0.12%  49.9 3372s
 209174 91756 5.9304e+11  197   12 5.9335e+11 5.9267e+11  0.12%  49.8 3379s
 210250 92178 5.9307e+11  236   10 5.9335e+11 5.9267e+11  0.12%  49.8 3385s
 211326 92509 5.9310e+11  275   12 5.9335e+11 5.9267e+11  0.12%  49.8 3392s
 212350 92934 5.9317e+11  314   13 5.9335e+11 5.9267e+11  0.12%  49.9 3398s
 213453 93345 5.9326e+11  350   10 5.9335e+11 5.9267e+11  0.12%  50.0 3404s
 214572 93775 5.9269e+11   62   15 5.9335e+11 5.9267e+11  0.12%  50.0 3410s
 215665 94175 5.9276e+11   89   13 5.9335e+11 5.9267e+11  0.12%  50.0 3417s
 216840 94612 5.9297e+11  128   23 5.9335e+11 5.9267e+11  0.12%  50.0 3423s
 218035 94994 5.9300e+11  167   11 5.9335e+11 5.9267e+11  0.12%  50.0 3431s
 219110 95533 5.9304e+11  206   19 5.9335e+11 5.9267e+11  0.12%  49.9 3437s
 220309 96431 5.9306e+11  245   11 5.9335e+11 5.9267e+11  0.12%  49.9 3443s
 221549 97290 5.9309e+11  284   11 5.9335e+11 5.9267e+11  0.12%  49.8 3449s
 222757 98150 5.9315e+11  323    9 5.9335e+11 5.9267e+11  0.12%  49.8 3454s
 223922 99005 5.9323e+11  356   10 5.9335e+11 5.9267e+11  0.12%  49.7 3460s
 225070 99208 5.9334e+11  387   10 5.9335e+11 5.9267e+11  0.12%  49.7 3479s
 225285 100090 5.9269e+11   62   14 5.9335e+11 5.9267e+11  0.12%  49.7 3486s
 226440 100919 5.9293e+11   87   14 5.9335e+11 5.9267e+11  0.12%  49.7 3492s
 227545 101742 5.9330e+11  115    7 5.9335e+11 5.9267e+11  0.12%  49.7 3501s
 228592 102710 5.9331e+11  141    2 5.9335e+11 5.9267e+11  0.12%  49.7 3507s
 229794 103662 5.9272e+11   58   11 5.9335e+11 5.9267e+11  0.12%  49.6 3514s
 230991 104281 5.9276e+11   97   13 5.9335e+11 5.9267e+11  0.12%  49.6 3537s
 231759 105321 5.9279e+11  121   11 5.9335e+11 5.9267e+11  0.12%  49.6 3543s
 232990 106353 5.9283e+11  160   10 5.9335e+11 5.9267e+11  0.12%  49.5 3549s
 234216 107347 5.9285e+11  199   11 5.9335e+11 5.9267e+11  0.12%  49.5 3555s
 235443 108385 5.9287e+11  238   17 5.9335e+11 5.9267e+11  0.12%  49.4 3563s
 236688 109371 5.9291e+11  277   15 5.9335e+11 5.9267e+11  0.12%  49.3 3568s
 237918 110293 5.9295e+11  316   15 5.9335e+11 5.9267e+11  0.12%  49.2 3573s
 239129 111182 5.9298e+11  355   13 5.9335e+11 5.9267e+11  0.12%  49.1 3578s
 240300 112106 5.9301e+11  394   10 5.9335e+11 5.9267e+11  0.12%  49.1 3583s
 241478 113011 5.9307e+11  433   11 5.9335e+11 5.9267e+11  0.12%  49.0 3588s
 242639 113871 5.9316e+11   74    8 5.9335e+11 5.9267e+11  0.12%  49.0 3594s
 243815 114749 5.9331e+11  104    2 5.9335e+11 5.9267e+11  0.12%  49.0 3599s
 244936 114768 5.9267e+11   95   10 5.9335e+11 5.9267e+11  0.12%  48.9 3600s

Cutting planes:
  Gomory: 1
  Lift-and-project: 53
  Implied bound: 7
  MIR: 11
  Flow cover: 38
  Relax-and-lift: 5

Explored 244955 nodes (12060441 simplex iterations) in 3600.31 seconds (2464.90 work units)
Thread count was 32 (of 36 available processors)

Solution count 3: 5.93351e+11 5.93351e+11 5.93955e+11 

Time limit reached
Best objective 5.933510726720e+11, best bound 5.926674249392e+11, gap 0.1152%

User-callback calls 1082598, time in user-callback 0.51 sec
Set parameter TokenServer to value "license-1.hpc.nrel.gov"
Set parameter TimeLimit to value 3600
Set parameter MIPGap to value 0.001
Set parameter MIPGap to value 0.001
Set parameter TimeLimit to value 3600
Gurobi Optimizer version 9.5.1 build v9.5.1rc2 (linux64)
Thread count: 36 physical cores, 36 logical processors, using up to 32 threads
Optimize a model with 80158 rows, 992940 columns and 2033584 nonzeros
Model fingerprint: 0xc4d9a8fa
Coefficient statistics:
  Matrix range     [1e+00, 1e+05]
  Objective range  [2e-01, 8e+08]
  Bounds range     [1e+00, 1e+08]
  RHS range        [8e-01, 8e+05]

Concurrent LP optimizer: primal simplex, dual simplex, and barrier
Showing barrier log only...

Presolve removed 75158 rows and 787936 columns
Presolve time: 0.92s
Presolved: 5000 rows, 205004 columns, 408488 nonzeros

Ordering time: 0.00s

Barrier statistics:
 AA' NZ     : 2.035e+05
 Factor NZ  : 3.234e+05 (roughly 90 MB of memory)
 Factor Ops : 2.516e+07 (less than 1 second per iteration)
 Threads    : 30

                  Objective                Residual
Iter       Primal          Dual         Primal    Dual     Compl     Time
   0   1.42975321e+12  2.66889704e+11  2.98e+06 2.61e+02  4.99e+07     1s
   1   6.24190151e+11  4.21782106e+11  7.30e+04 1.82e-12  2.04e+06     1s
   2   6.03348290e+11  5.40337234e+11  1.90e+03 1.49e+01  3.36e+05     1s
   3   6.01825937e+11  5.62505431e+11  7.59e+02 1.82e-12  2.04e+05     1s
   4   5.99275948e+11  5.81367644e+11  2.63e+02 5.07e+00  9.09e+04     1s
   5   5.98167354e+11  5.86699453e+11  1.53e+02 2.91e+00  5.78e+04     1s
   6   5.96469132e+11  5.89910871e+11  5.08e+01 1.73e+00  3.28e+04     1s
   7   5.95755676e+11  5.91589458e+11  3.44e+01 7.91e-01  2.08e+04     1s
   8   5.94905058e+11  5.92231695e+11  1.75e+01 6.66e-01  1.33e+04     1s
   9   5.94579835e+11  5.92690942e+11  1.23e+01 3.14e-01  9.36e+03     1s
  10   5.94151248e+11  5.92956608e+11  7.20e+00 2.04e-01  5.92e+03     1s
  11   5.93890067e+11  5.93065654e+11  4.47e+00 2.03e-01  4.09e+03     1s
  12   5.93738089e+11  5.93177913e+11  3.00e+00 8.72e-02  2.77e+03     1s
  13   5.93580847e+11  5.93233889e+11  1.57e+00 5.79e-02  1.72e+03     1s
  14   5.93536737e+11  5.93290449e+11  1.22e+00 2.66e-02  1.22e+03     1s
  15   5.93467733e+11  5.93312193e+11  7.11e-01 2.91e-02  7.70e+02     1s
  16   5.93432216e+11  5.93326306e+11  4.70e-01 1.25e-02  5.24e+02     1s
  17   5.93390738e+11  5.93337646e+11  2.08e-01 1.32e-02  2.64e+02     1s
  18   5.93376511e+11  5.93343738e+11  1.28e-01 5.40e-03  1.63e+02     1s

Barrier performed 18 iterations in 1.41 seconds (0.94 work units)
Barrier solve interrupted - model solved by another algorithm


Solved with dual simplex
Solved in 9823 iterations and 1.49 seconds (0.78 work units)
Optimal objective  5.933510727e+11

User-callback calls 135, time in user-callback 0.00 sec
[ Info:  started timer at: 2023-03-29T15:47:15.489
[ Info: Reading /projects/pvsoiling/RELOG/Manufacturing_40209_1/input/solver/case.json...
[ Info:          134 collection centers
[ Info:          268 candidate plant locations
[ Info: Building graph...
[ Info:           26 time periods
[ Info:          268 process nodes
[ Info:          268 shipping nodes (plant)
[ Info:          134 shipping nodes (collection)
[ Info:        36180 arcs
[ Info: Building optimization model...
[ Info: Optimizing MILP...
[ Info: Re-optimizing with integer variables fixed...
[ Info: Extracting solution...
[ Info:       3648.846383341s: 1 hour, 48 seconds, 846 milliseconds
