Set parameter TokenServer to value "license-1.hpc.nrel.gov"
Set parameter TimeLimit to value 3600
Set parameter MIPGap to value 0.001
Set parameter MIPGap to value 0.001
Set parameter TimeLimit to value 3600
Gurobi Optimizer version 9.5.1 build v9.5.1rc2 (linux64)
Thread count: 36 physical cores, 36 logical processors, using up to 32 threads
Optimize a model with 84446 rows, 992940 columns and 2037872 nonzeros
Model fingerprint: 0x4dd9da32
Variable types: 979004 continuous, 13936 integer (13936 binary)
Coefficient statistics:
  Matrix range     [1e+00, 1e+05]
  Objective range  [2e-01, 8e+08]
  Bounds range     [1e+05, 1e+08]
  RHS range        [8e-01, 2e+06]
Presolve removed 73460 rows and 56548 columns
Presolve time: 4.17s
Presolved: 10986 rows, 936392 columns, 1878948 nonzeros
Variable types: 933176 continuous, 3216 integer (3216 binary)

Deterministic concurrent LP optimizer: primal and dual simplex
Showing first log only...


Root simplex log...

Iteration    Objective       Primal Inf.    Dual Inf.      Time
       0    5.2332562e+11   8.205850e+05   1.891560e+10      7s
  171226    5.7304575e+11   1.594709e+05   2.612935e+10     10s
Concurrent spin time: 0.00s

Solved with dual simplex

Root relaxation: objective 8.739225e+11, 67434 iterations, 6.24 seconds (4.72 work units)

    Nodes    |    Current Node    |     Objective Bounds      |     Work
 Expl Unexpl |  Obj  Depth IntInf | Incumbent    BestBd   Gap | It/Node Time

     0     0 8.7392e+11    0    6          - 8.7392e+11      -     -   12s
H    0     0                    8.752610e+11 8.7392e+11  0.15%     -   12s
     0     0 8.7392e+11    0    3 8.7526e+11 8.7392e+11  0.15%     -   15s
     0     0 8.7392e+11    0    3 8.7526e+11 8.7392e+11  0.15%     -   18s
     0     2 8.7392e+11    0    3 8.7526e+11 8.7392e+11  0.15%     -   23s
     3     8 8.7392e+11    2    3 8.7526e+11 8.7392e+11  0.15%   6.0   25s
    95   128 8.7393e+11    7    3 8.7526e+11 8.7392e+11  0.15%   4.7   43s
   127   160 8.7393e+11    8    3 8.7526e+11 8.7392e+11  0.15%   4.4   45s
   159   192 8.7395e+11    8    3 8.7526e+11 8.7392e+11  0.15%   4.6   86s
   191   224 8.7395e+11    9    3 8.7526e+11 8.7392e+11  0.15%   4.6   90s
   423  1057 8.7397e+11   15    3 8.7526e+11 8.7392e+11  0.15%   4.5  105s
  1056  1719 8.7400e+11   34    3 8.7526e+11 8.7392e+11  0.15%   5.2  117s
  1730  2347 8.7402e+11   53    3 8.7526e+11 8.7392e+11  0.15%   5.3  128s
  2414  3063 8.7409e+11   74    3 8.7526e+11 8.7392e+11  0.15%   5.6  137s
  3178  3908 8.7413e+11  107    3 8.7526e+11 8.7392e+11  0.15%   5.3  146s
  4092  4797 8.7420e+11  140    3 8.7526e+11 8.7392e+11  0.15%   5.3  152s
  5073  5679 8.7484e+11  172    6 8.7526e+11 8.7392e+11  0.15%   5.4  158s
  6030  6552 8.7392e+11    7    3 8.7526e+11 8.7392e+11  0.15%   5.8  163s
  6986  7426 8.7406e+11   38    3 8.7526e+11 8.7392e+11  0.15%   6.8  171s
  7929  8352 8.7409e+11   69    3 8.7526e+11 8.7392e+11  0.15%   8.3  178s
  8878  9214 8.7416e+11   99    3 8.7526e+11 8.7392e+11  0.15%   8.6  185s
  9829  9462 8.7471e+11  127    6 8.7526e+11 8.7392e+11  0.15%   9.1  198s
 10211 10092 8.7472e+11  138    3 8.7526e+11 8.7392e+11  0.15%   9.4  205s
 11190 10119 8.7479e+11  170    3 8.7526e+11 8.7392e+11  0.15%   9.7  263s
 11223 10120 8.7401e+11   47    3 8.7526e+11 8.7392e+11  0.15%   9.8  283s
 11225 10121 8.7401e+11   15    2 8.7526e+11 8.7392e+11  0.15%   9.8  295s
 11228 10123 8.7406e+11   31    1 8.7526e+11 8.7392e+11  0.15%   9.8  300s
 11259 10177 8.7393e+11   18    1 8.7526e+11 8.7392e+11  0.15%  13.5  305s
 11323 10220 8.7395e+11   19    1 8.7526e+11 8.7392e+11  0.15%  13.4  322s
 11387 10262 8.7395e+11   20    1 8.7526e+11 8.7392e+11  0.15%  13.3  352s
 11480 10505 8.7395e+11   21    1 8.7526e+11 8.7392e+11  0.15%  13.3  355s
 11693 10934 8.7395e+11   25    1 8.7526e+11 8.7392e+11  0.15%  13.1  361s
 12193 11400 8.7402e+11   36    1 8.7526e+11 8.7392e+11  0.15%  12.8  369s
 12825 11747 8.7404e+11   50    1 8.7526e+11 8.7392e+11  0.15%  12.4  376s
 13384 11593 8.7406e+11   64    1 8.7526e+11 8.7392e+11  0.15%  12.1  405s
 13416 12277 8.7402e+11   65    1 8.7526e+11 8.7392e+11  0.15%  12.0  416s
 14159 12672 8.7408e+11   80    2 8.7526e+11 8.7392e+11  0.15%  11.7  426s
 14840 13117 8.7408e+11   95    1 8.7526e+11 8.7392e+11  0.15%  11.4  436s
 15833 13301 8.7414e+11  118    1 8.7526e+11 8.7392e+11  0.15%  11.0  442s
 16778 13526 8.7422e+11  141    2 8.7526e+11 8.7392e+11  0.15%  11.0  449s
 17676 13698 8.7429e+11  153    1 8.7526e+11 8.7392e+11  0.15%  11.5  463s
 18396 14076 8.7430e+11  161    2 8.7526e+11 8.7392e+11  0.15%  13.1  469s
 19368 14564 8.7458e+11  178    1 8.7526e+11 8.7392e+11  0.15%  14.9  476s
 20385 14864 8.7461e+11  209    1 8.7526e+11 8.7392e+11  0.15%  14.9  482s
 21473 15191 8.7469e+11  243    1 8.7526e+11 8.7392e+11  0.15%  14.8  488s
 22561 15607 8.7398e+11   47    1 8.7526e+11 8.7392e+11  0.15%  14.4  493s
 23649 16213 8.7402e+11   81    1 8.7526e+11 8.7392e+11  0.15%  13.9  497s
 24737 16561 8.7413e+11  115    1 8.7526e+11 8.7392e+11  0.15%  13.5  501s
 25825 16681 8.7462e+11  149    1 8.7526e+11 8.7392e+11  0.15%  13.1  506s
 26912 16335 8.7471e+11  183    2 8.7526e+11 8.7392e+11  0.15%  13.0  536s
 26944 16682 8.7471e+11  184    1 8.7526e+11 8.7392e+11  0.15%  12.9  540s
 28032 16336 8.7481e+11  218    3 8.7526e+11 8.7392e+11  0.15%  12.8  585s
 29165 17207 8.7394e+11   24    1 8.7526e+11 8.7393e+11  0.15%  13.2  597s
 30253 17704 8.7399e+11   58    1 8.7526e+11 8.7393e+11  0.15%  13.1  603s
 31322 18192 8.7405e+11   92    2 8.7526e+11 8.7393e+11  0.15%  13.2  609s
 32351 18347 8.7461e+11  126    1 8.7526e+11 8.7393e+11  0.15%  13.0  614s
 32512 18294 8.7501e+11   53    1 8.7526e+11 8.7393e+11  0.15%  13.0  615s
 34454 18983 8.7471e+11  194    1 8.7526e+11 8.7393e+11  0.15%  12.9  623s
 35539 19315 8.7482e+11  228    1 8.7526e+11 8.7393e+11  0.15%  12.8  628s
 36627 19864 8.7396e+11   28    1 8.7526e+11 8.7393e+11  0.15%  12.9  632s
 37711 20388 8.7399e+11   62    1 8.7526e+11 8.7393e+11  0.15%  12.7  637s
 38781 20943 8.7406e+11   96    1 8.7526e+11 8.7393e+11  0.15%  12.6  644s
 39846 21434 8.7455e+11  122    1 8.7526e+11 8.7393e+11  0.15%  12.6  650s
 40904 22107 8.7458e+11  156    1 8.7526e+11 8.7393e+11  0.15%  12.7  655s
 41992 22931 8.7465e+11  190    1 8.7526e+11 8.7393e+11  0.15%  12.5  661s
 43071 23611 8.7475e+11  224    1 8.7526e+11 8.7393e+11  0.15%  12.6  667s
 44031 24376 8.7393e+11   22    1 8.7526e+11 8.7393e+11  0.15%  13.0  671s
 45119 25092 8.7398e+11   56    1 8.7526e+11 8.7393e+11  0.15%  12.8  675s
 46207 25183 8.7405e+11   90    1 8.7526e+11 8.7393e+11  0.15%  12.6  690s
 46335 25206 8.7405e+11   94    1 8.7526e+11 8.7393e+11  0.15%  12.6  717s
 46367 25794 8.7405e+11   95    1 8.7526e+11 8.7393e+11  0.15%  12.6  722s
 47454 26251 8.7461e+11  129    1 8.7526e+11 8.7393e+11  0.15%  12.5  727s
 48447 26898 8.7464e+11  163    1 8.7526e+11 8.7393e+11  0.15%  12.5  731s
 49501 27471 8.7471e+11  197    1 8.7526e+11 8.7393e+11  0.15%  12.5  736s
 50539 28083 8.7484e+11  231    1 8.7526e+11 8.7393e+11  0.15%  12.9  740s
 52694 29485 8.7400e+11   74    2 8.7526e+11 8.7393e+11  0.15%  12.7  749s
 53782 29955 8.7408e+11  108    1 8.7526e+11 8.7393e+11  0.15%  12.8  753s
 54762 30570 8.7463e+11  138    1 8.7526e+11 8.7393e+11  0.15%  12.7  759s
 55850 31221 8.7465e+11  172    1 8.7526e+11 8.7393e+11  0.15%  12.6  764s
 56927 31744 8.7476e+11  206    1 8.7526e+11 8.7393e+11  0.15%  12.5  769s
 58002 31762 8.7485e+11  240    1 8.7526e+11 8.7393e+11  0.15%  12.8  811s
 58037 31763 8.7447e+11   91    3 8.7526e+11 8.7393e+11  0.15%  12.8  853s
 58039 31764 8.7425e+11   93    2 8.7526e+11 8.7393e+11  0.15%  12.8  863s
 58040 31765 8.7487e+11  166    1 8.7526e+11 8.7393e+11  0.15%  12.8  867s
 58041 31766 8.7432e+11  130    1 8.7526e+11 8.7393e+11  0.15%  12.8  872s
 58042 31766 8.7521e+11  191    1 8.7526e+11 8.7393e+11  0.15%  12.8  876s
 58057 31793 8.7393e+11   28    1 8.7526e+11 8.7393e+11  0.15%  13.5  880s
 58137 31863 8.7395e+11   30    1 8.7526e+11 8.7393e+11  0.15%  13.4  907s
 58201 31905 8.7395e+11   31    1 8.7526e+11 8.7393e+11  0.15%  13.4  984s
 58233 31958 8.7393e+11   32    1 8.7526e+11 8.7393e+11  0.15%  13.4  985s
 58464 32669 8.7395e+11   36    1 8.7526e+11 8.7393e+11  0.15%  13.4  996s
 59084 33238 8.7402e+11   48    1 8.7526e+11 8.7393e+11  0.15%  13.3 1005s
 59860 33641 8.7404e+11   65    1 8.7526e+11 8.7393e+11  0.15%  13.2 1012s
 60530 34037 8.7407e+11   80    1 8.7526e+11 8.7393e+11  0.15%  13.1 1021s
 61192 34329 8.7408e+11   94    2 8.7526e+11 8.7393e+11  0.15%  13.0 1028s
 61719 34647 8.7417e+11  103    1 8.7526e+11 8.7393e+11  0.15%  13.0 1036s
 62729 34753 8.7414e+11  126    1 8.7526e+11 8.7393e+11  0.15%  12.9 1042s
 63686 34915 8.7422e+11  150    3 8.7526e+11 8.7393e+11  0.15%  12.8 1049s
 64605 35197 8.7429e+11  165    2 8.7526e+11 8.7393e+11  0.15%  12.9 1056s
 65491 35757 8.7430e+11  172    2 8.7526e+11 8.7393e+11  0.15%  13.5 1062s
 66404 36321 8.7458e+11  182    1 8.7526e+11 8.7393e+11  0.15%  13.9 1069s
 67386 36479 8.7461e+11  214    1 8.7526e+11 8.7393e+11  0.15%  13.9 1077s
 68360 36733 8.7467e+11  247    1 8.7526e+11 8.7393e+11  0.15%  14.0 1083s
 69448 37213 8.7397e+11   58    1 8.7526e+11 8.7393e+11  0.15%  13.9 1089s
 70536 37707 8.7405e+11   92    1 8.7526e+11 8.7393e+11  0.15%  13.8 1093s
 71624 37917 8.7411e+11  126    1 8.7526e+11 8.7393e+11  0.15%  13.6 1097s
 72712 38114 8.7426e+11  160    2 8.7526e+11 8.7393e+11  0.15%  13.8 1102s
 73754 38309 8.7464e+11  184    6 8.7526e+11 8.7393e+11  0.15%  14.0 1109s
 74802 38551 8.7519e+11  214    1 8.7526e+11 8.7393e+11  0.15%  14.1 1114s
 75890 38959 8.7397e+11   49    2 8.7526e+11 8.7393e+11  0.15%  14.2 1118s
 76978 39518 8.7399e+11   83    1 8.7526e+11 8.7393e+11  0.15%  14.1 1122s
 78066 40011 8.7410e+11  117    1 8.7526e+11 8.7393e+11  0.15%  14.0 1127s
 79154 40254 8.7420e+11  151    1 8.7526e+11 8.7393e+11  0.15%  13.9 1134s
 80154 39945 8.7427e+11  171    1 8.7526e+11 8.7393e+11  0.15%  14.2 1178s
 80186 40554 8.7427e+11  172    1 8.7526e+11 8.7393e+11  0.15%  14.2 1184s
 81130 40811 8.7467e+11  191    2 8.7526e+11 8.7393e+11  0.15%  14.7 1191s
 82139 40490 8.7525e+11  223    1 8.7526e+11 8.7393e+11  0.15%  15.1 1207s
 82175 41249 8.7525e+11  224    1 8.7526e+11 8.7393e+11  0.15%  15.1 1213s
 83259 41757 8.7398e+11   63    1 8.7526e+11 8.7393e+11  0.15%  15.1 1218s
 84347 42210 8.7405e+11   97    1 8.7526e+11 8.7393e+11  0.15%  14.9 1222s
 85435 42362 8.7415e+11  131    1 8.7526e+11 8.7393e+11  0.15%  14.8 1228s
 86523 42317 8.7464e+11  165    1 8.7526e+11 8.7393e+11  0.15%  14.7 1234s
 87067 42135 8.7481e+11  232    2 8.7526e+11 8.7393e+11  0.15%  14.7 1235s
 87611 42484 8.7471e+11  199    1 8.7526e+11 8.7393e+11  0.15%  14.7 1243s
 88699 42811 8.7481e+11  233    2 8.7526e+11 8.7393e+11  0.15%  14.6 1248s
 89772 43257 8.7394e+11   38    1 8.7526e+11 8.7393e+11  0.15%  14.7 1254s
 90849 43808 8.7399e+11   72    1 8.7526e+11 8.7393e+11  0.15%  14.7 1259s
 91904 44231 8.7405e+11  106    1 8.7526e+11 8.7393e+11  0.15%  14.7 1264s
 92954 44218 8.7461e+11  140    1 8.7526e+11 8.7393e+11  0.15%  14.6 1268s
 94021 44197 8.7464e+11  174    1 8.7526e+11 8.7393e+11  0.15%  14.6 1272s
 95091 44362 8.7471e+11  208    1 8.7526e+11 8.7393e+11  0.15%  14.6 1276s
 96170 44020 8.7484e+11  242    1 8.7526e+11 8.7393e+11  0.15%  14.6 1293s
 96208 44641 8.7484e+11  243    1 8.7526e+11 8.7393e+11  0.15%  14.6 1298s
 97257 45159 8.7396e+11   45    1 8.7526e+11 8.7393e+11  0.15%  14.7 1302s
 98345 45650 8.7400e+11   79    1 8.7526e+11 8.7393e+11  0.15%  14.6 1308s
 99433 45982 8.7407e+11  113    1 8.7526e+11 8.7393e+11  0.15%  14.5 1312s
 100521 45910 8.7462e+11  147    1 8.7526e+11 8.7393e+11  0.15%  14.4 1316s
 101609 46014 8.7464e+11  181    1 8.7526e+11 8.7393e+11  0.15%  14.3 1320s
 102697 46227 8.7476e+11  215    1 8.7526e+11 8.7393e+11  0.15%  14.3 1327s
 103760 46565 8.7485e+11  249    2 8.7526e+11 8.7393e+11  0.15%  14.3 1332s
 104830 47098 8.7431e+11   47    1 8.7526e+11 8.7393e+11  0.15%  14.5 1339s
 105898 47470 8.7460e+11   56    1 8.7526e+11 8.7393e+11  0.15%  14.4 1346s
 106918 47480 8.7511e+11   70    1 8.7526e+11 8.7393e+11  0.15%  14.3 1352s
 107969 47852 8.7395e+11   35    1 8.7526e+11 8.7394e+11  0.15%  14.3 1357s
 109057 48437 8.7413e+11   69    1 8.7526e+11 8.7394e+11  0.15%  14.2 1361s
 110145 49055 8.7436e+11  100    1 8.7526e+11 8.7394e+11  0.15%  14.2 1366s
 111233 49180 8.7456e+11  131    1 8.7526e+11 8.7394e+11  0.15%  14.1 1372s
 112318 49194 8.7445e+11  158    1 8.7526e+11 8.7394e+11  0.15%  14.0 1378s
 113406 49317 8.7525e+11  181    1 8.7526e+11 8.7394e+11  0.15%  13.9 1382s
 114492 49564 8.7398e+11   58    1 8.7526e+11 8.7394e+11  0.15%  13.9 1386s
 115580 50086 8.7405e+11   92    1 8.7526e+11 8.7394e+11  0.15%  14.0 1390s
 116668 50583 8.7415e+11  126    2 8.7526e+11 8.7394e+11  0.15%  13.9 1399s
 117756 51049 8.7462e+11  160    1 8.7526e+11 8.7394e+11  0.15%  13.9 1404s
 118232 50890 8.7447e+11   98    1 8.7526e+11 8.7394e+11  0.15%  13.8 1405s
 119932 50911 8.7480e+11  228    1 8.7526e+11 8.7394e+11  0.15%  13.7 1424s
 120060 51282 8.7481e+11  232    2 8.7526e+11 8.7394e+11  0.15%  13.7 1430s
 121062 51872 8.7396e+11   40    1 8.7526e+11 8.7394e+11  0.15%  13.7 1435s
 123238 53110 8.7406e+11  108    1 8.7526e+11 8.7394e+11  0.15%  13.6 1444s
 124326 53658 8.7455e+11  135    1 8.7526e+11 8.7394e+11  0.15%  13.5 1448s
 125414 54153 8.7458e+11  169    1 8.7526e+11 8.7394e+11  0.15%  13.4 1452s
 126502 54637 8.7465e+11  203    1 8.7526e+11 8.7394e+11  0.15%  13.4 1456s
 127590 54877 8.7476e+11  237    1 8.7526e+11 8.7394e+11  0.15%  13.4 1461s
 128652 55469 8.7405e+11   42    1 8.7526e+11 8.7394e+11  0.15%  13.7 1465s
 130828 56636 8.7431e+11  107    1 8.7526e+11 8.7394e+11  0.15%  13.6 1474s
 131916 56613 8.7437e+11  140    2 8.7526e+11 8.7394e+11  0.15%  13.5 1478s
 133004 56904 8.7494e+11  172    1 8.7526e+11 8.7394e+11  0.15%  13.4 1482s
 134092 57451 8.7398e+11   57    1 8.7526e+11 8.7394e+11  0.15%  13.4 1487s
 135180 57969 8.7401e+11   91    1 8.7526e+11 8.7394e+11  0.15%  13.3 1492s
 136266 58065 8.7407e+11  125    1 8.7526e+11 8.7394e+11  0.15%  13.3 1497s
 137345 58110 8.7463e+11  159    1 8.7526e+11 8.7394e+11  0.15%  13.2 1502s
 138418 58260 8.7471e+11  193    2 8.7526e+11 8.7394e+11  0.15%  13.1 1506s
 139503 58486 8.7480e+11  227    1 8.7526e+11 8.7394e+11  0.15%  13.1 1510s
 141668 59568 8.7401e+11   66    1 8.7526e+11 8.7394e+11  0.15%  13.2 1519s
 142756 60107 8.7406e+11   95    1 8.7526e+11 8.7394e+11  0.15%  13.1 1524s
 143843 60324 8.7417e+11  127    1 8.7526e+11 8.7394e+11  0.15%  13.1 1529s
 144871 60557 8.7466e+11  161    1 8.7526e+11 8.7394e+11  0.15%  13.1 1533s
 145864 60869 8.7474e+11  195    1 8.7526e+11 8.7394e+11  0.15%  13.2 1542s
 146838 61265 8.7483e+11  228    1 8.7526e+11 8.7394e+11  0.15%  13.2 1546s
 147893 61648 8.7398e+11   52    1 8.7526e+11 8.7394e+11  0.15%  13.3 1551s
 148981 62012 8.7400e+11   86    2 8.7526e+11 8.7394e+11  0.15%  13.2 1557s
 150069 62325 8.7407e+11  120    1 8.7526e+11 8.7394e+11  0.15%  13.2 1561s
 151142 62718 8.7462e+11  154    1 8.7526e+11 8.7394e+11  0.15%  13.1 1565s
 152190 62982 8.7471e+11  188    2 8.7526e+11 8.7394e+11  0.15%  13.2 1572s
 153188 63296 8.7476e+11  222    2 8.7526e+11 8.7394e+11  0.15%  13.3 1576s
 154177 64035 infeasible  251      8.7526e+11 8.7394e+11  0.15%  13.4 1580s
 155264 64641 8.7401e+11   65    1 8.7526e+11 8.7395e+11  0.15%  13.4 1585s
 156341 65430 8.7431e+11   98    1 8.7526e+11 8.7395e+11  0.15%  13.3 1591s
 157412 66381 8.7434e+11  129    1 8.7526e+11 8.7395e+11  0.15%  13.3 1597s
 158468 67318 8.7440e+11  160    1 8.7526e+11 8.7395e+11  0.15%  13.3 1601s
 159515 68144 8.7399e+11   42    1 8.7526e+11 8.7395e+11  0.15%  13.3 1608s
 160448 68759 8.7402e+11   75    1 8.7526e+11 8.7395e+11  0.15%  13.5 1612s
 161361 69284 8.7409e+11  107    1 8.7526e+11 8.7395e+11  0.15%  13.7 1617s
 162335 69798 8.7464e+11  139    1 8.7526e+11 8.7395e+11  0.15%  13.8 1621s
 163423 70589 8.7467e+11  173    1 8.7526e+11 8.7395e+11  0.15%  13.8 1627s
 164511 71412 8.7474e+11  206    1 8.7526e+11 8.7395e+11  0.15%  13.7 1631s
 165599 72114 8.7484e+11  238    1 8.7526e+11 8.7395e+11  0.15%  13.7 1635s
 167751 73368 8.7444e+11   96    1 8.7526e+11 8.7395e+11  0.15%  13.6 1644s
 168781 74045 8.7446e+11  129    2 8.7526e+11 8.7395e+11  0.15%  13.6 1650s
 170865 75565 8.7396e+11   42    1 8.7526e+11 8.7396e+11  0.15%  13.7 1659s
 171949 76389 8.7399e+11   76    1 8.7526e+11 8.7396e+11  0.15%  13.6 1664s
 172947 77120 8.7407e+11  110    1 8.7526e+11 8.7396e+11  0.15%  13.6 1669s
 173534 77120 8.7419e+11  136    1 8.7526e+11 8.7396e+11  0.15%  13.7 1670s
 174820 78266 8.7464e+11  178    1 8.7526e+11 8.7396e+11  0.15%  13.9 1681s
 175757 78897 8.7475e+11  212    1 8.7526e+11 8.7396e+11  0.15%  14.1 1687s
 176797 79757 8.7484e+11  246    2 8.7526e+11 8.7396e+11  0.15%  14.1 1692s
 177828 80634 8.7415e+11   54    1 8.7526e+11 8.7396e+11  0.15%  14.2 1697s
 178881 81485 8.7417e+11   87    1 8.7526e+11 8.7396e+11  0.15%  14.2 1702s
 179969 82060 8.7424e+11  117    1 8.7526e+11 8.7396e+11  0.15%  14.2 1707s
 181007 82430 8.7479e+11  150    1 8.7526e+11 8.7396e+11  0.15%  14.2 1712s
 182091 83098 8.7481e+11  183    1 8.7526e+11 8.7396e+11  0.15%  14.1 1717s
 183179 84071 8.7406e+11   47    1 8.7526e+11 8.7396e+11  0.15%  14.1 1721s
 184267 85101 8.7427e+11   81    1 8.7526e+11 8.7396e+11  0.15%  14.0 1725s
 185323 86001 8.7459e+11  111    1 8.7526e+11 8.7396e+11  0.15%  14.1 1730s
 187282 86847 8.7492e+11  176    1 8.7526e+11 8.7396e+11  0.15%  14.2 1739s
 188297 87519 8.7398e+11   66    1 8.7526e+11 8.7396e+11  0.15%  14.3 1744s
 189385 88474 8.7405e+11  100    1 8.7526e+11 8.7396e+11  0.15%  14.2 1748s
 190473 89207 8.7460e+11  134    1 8.7526e+11 8.7396e+11  0.15%  14.2 1753s
 191297 90117 8.7463e+11  168    1 8.7526e+11 8.7396e+11  0.15%  14.2 1759s
 192294 90606 8.7470e+11  202    1 8.7526e+11 8.7396e+11  0.15%  14.2 1764s
 193269 91080 8.7481e+11  236    1 8.7526e+11 8.7396e+11  0.15%  14.3 1769s
 194300 91976 8.7399e+11   42    1 8.7526e+11 8.7396e+11  0.15%  14.4 1774s
 195374 92981 8.7402e+11   76    1 8.7526e+11 8.7396e+11  0.15%  14.3 1779s
 196462 93957 8.7410e+11  110    1 8.7526e+11 8.7396e+11  0.15%  14.3 1783s
 197548 94808 8.7458e+11  135    1 8.7526e+11 8.7396e+11  0.15%  14.3 1787s
 198497 95610 8.7461e+11  169    1 8.7526e+11 8.7396e+11  0.15%  14.4 1792s
 199360 96260 8.7468e+11  203    1 8.7526e+11 8.7396e+11  0.15%  14.7 1797s
 200262 96642 8.7479e+11  237    1 8.7526e+11 8.7396e+11  0.15%  14.9 1803s
 201271 97409 8.7402e+11   40    1 8.7526e+11 8.7396e+11  0.15%  15.0 1810s
 202305 98380 8.7401e+11   62    1 8.7526e+11 8.7396e+11  0.15%  14.9 1816s
 203376 98410 8.7405e+11   93    1 8.7526e+11 8.7396e+11  0.15%  14.9 1832s
 203408 99408 8.7406e+11   94    1 8.7526e+11 8.7396e+11  0.15%  14.9 1839s
 204473 99436 8.7416e+11  128    1 8.7526e+11 8.7396e+11  0.15%  14.9 1856s
 204505 100297 8.7418e+11  129    3 8.7526e+11 8.7396e+11  0.15%  14.9 1861s
 205593 101015 8.7466e+11  160    1 8.7526e+11 8.7396e+11  0.15%  14.9 1866s
 206576 101744 8.7474e+11  194    1 8.7526e+11 8.7396e+11  0.15%  15.0 1870s
 207588 102266 8.7484e+11  228    3 8.7526e+11 8.7396e+11  0.15%  15.1 1875s
 208663 102873 8.7401e+11   56    2 8.7526e+11 8.7396e+11  0.15%  15.1 1880s
 210837 104820 8.7410e+11  124    1 8.7526e+11 8.7396e+11  0.15%  15.0 1888s
 211911 105554 8.7466e+11  158    1 8.7526e+11 8.7396e+11  0.15%  15.0 1892s
 212909 106036 8.7474e+11  192    1 8.7526e+11 8.7396e+11  0.15%  15.1 1897s
 213963 106424 8.7479e+11  226    1 8.7526e+11 8.7396e+11  0.15%  15.1 1901s
 215002 107058 8.7427e+11   47    1 8.7526e+11 8.7396e+11  0.15%  15.1 1906s
 216044 108030 8.7462e+11   60    1 8.7526e+11 8.7396e+11  0.15%  15.1 1911s
 217126 108876 8.7516e+11   76    1 8.7526e+11 8.7396e+11  0.15%  15.1 1917s
 218195 109653 8.7524e+11   85    1 8.7526e+11 8.7396e+11  0.15%  15.1 1922s
 219268 110262 8.7400e+11   51    1 8.7526e+11 8.7396e+11  0.15%  15.0 1927s
 220263 110819 8.7403e+11   85    2 8.7526e+11 8.7396e+11  0.15%  15.1 1932s
 221257 111258 8.7410e+11  119    1 8.7526e+11 8.7396e+11  0.15%  15.1 1937s
 222341 111855 8.7466e+11  153    1 8.7526e+11 8.7396e+11  0.15%  15.1 1941s
 223429 112726 8.7474e+11  187    2 8.7526e+11 8.7396e+11  0.15%  15.1 1945s
 225573 114509 8.7399e+11   48    1 8.7526e+11 8.7396e+11  0.15%  15.0 1953s
 226577 115130 8.7403e+11   82    1 8.7526e+11 8.7396e+11  0.15%  15.1 1957s
 227491 115586 8.7410e+11  116    1 8.7526e+11 8.7396e+11  0.15%  15.2 1961s
 228385 116014 8.7465e+11  150    1 8.7526e+11 8.7396e+11  0.15%  15.4 1966s
 229382 116848 8.7467e+11  184    1 8.7526e+11 8.7396e+11  0.15%  15.4 1970s
 230469 116875 8.7479e+11  218    2 8.7526e+11 8.7396e+11  0.15%  15.4 2017s
 230501 117808 8.7479e+11  219    1 8.7526e+11 8.7396e+11  0.15%  15.4 2022s
 231589 118661 8.7399e+11   44    1 8.7526e+11 8.7396e+11  0.15%  15.3 2026s
 232677 119152 8.7402e+11   78    1 8.7526e+11 8.7396e+11  0.15%  15.3 2031s
 233765 119574 8.7410e+11  112    1 8.7526e+11 8.7396e+11  0.15%  15.2 2037s
 234853 120223 8.7465e+11  146    1 8.7526e+11 8.7396e+11  0.15%  15.2 2042s
 235916 121040 8.7467e+11  180    1 8.7526e+11 8.7396e+11  0.15%  15.2 2046s
 236965 121943 8.7479e+11  214    1 8.7526e+11 8.7396e+11  0.15%  15.2 2050s
 238994 123507 8.7402e+11   74    1 8.7526e+11 8.7396e+11  0.15%  15.2 2059s
 239833 123980 8.7409e+11  108    1 8.7526e+11 8.7396e+11  0.15%  15.4 2064s
 240695 124444 8.7464e+11  142    1 8.7526e+11 8.7396e+11  0.15%  15.6 2069s
 241690 125272 8.7467e+11  176    1 8.7526e+11 8.7396e+11  0.15%  15.6 2073s
 242763 126145 8.7478e+11  210    1 8.7526e+11 8.7396e+11  0.15%  15.6 2077s
 243851 126937 8.7396e+11   37    1 8.7526e+11 8.7396e+11  0.15%  15.5 2081s
 244923 127508 8.7401e+11   68    1 8.7526e+11 8.7396e+11  0.15%  15.5 2085s
 246966 128564 8.7419e+11  134    3 8.7526e+11 8.7396e+11  0.15%  15.6 2093s
 248019 129254 8.7429e+11  163    1 8.7526e+11 8.7396e+11  0.15%  15.6 2097s
 249034 130073 8.7432e+11  179    2 8.7526e+11 8.7396e+11  0.15%  15.6 2102s
 250112 130780 8.7456e+11  201    1 8.7526e+11 8.7396e+11  0.15%  15.6 2107s
 251187 131399 8.7463e+11  235    1 8.7526e+11 8.7396e+11  0.15%  15.5 2112s
 252256 132051 8.7397e+11   38    1 8.7526e+11 8.7396e+11  0.15%  15.5 2118s
 253336 132853 8.7402e+11   72    1 8.7526e+11 8.7396e+11  0.15%  15.5 2125s
 254421 133724 8.7408e+11  106    1 8.7526e+11 8.7396e+11  0.15%  15.4 2131s
 255472 134475 8.7464e+11  140    1 8.7526e+11 8.7396e+11  0.15%  15.4 2138s
 256516 135132 8.7467e+11  174    1 8.7526e+11 8.7396e+11  0.15%  15.4 2144s
 257573 135715 8.7474e+11  208    1 8.7526e+11 8.7396e+11  0.15%  15.4 2149s
 258658 136428 infeasible  236      8.7526e+11 8.7396e+11  0.15%  15.4 2154s
 259711 137179 8.7405e+11   67    1 8.7526e+11 8.7396e+11  0.15%  15.4 2160s
 260731 137795 8.7412e+11   97    1 8.7526e+11 8.7396e+11  0.15%  15.4 2166s
 261777 138430 8.7420e+11  127    1 8.7526e+11 8.7396e+11  0.15%  15.4 2173s
 262865 139159 8.7469e+11  161    1 8.7526e+11 8.7396e+11  0.15%  15.3 2181s
 263951 139959 8.7477e+11  193    1 8.7526e+11 8.7396e+11  0.15%  15.3 2186s
 265039 140662 8.7487e+11  227    1 8.7526e+11 8.7396e+11  0.15%  15.2 2191s
 266126 141087 8.7459e+11   50    1 8.7526e+11 8.7396e+11  0.15%  15.2 2196s
 267026 141700 8.7459e+11   56    1 8.7526e+11 8.7396e+11  0.15%  15.2 2203s
 268089 142322 8.7507e+11   67    2 8.7526e+11 8.7396e+11  0.15%  15.1 2210s
 269100 143085 8.7515e+11   82    1 8.7526e+11 8.7396e+11  0.15%  15.1 2216s
 270127 143965 8.7399e+11   41    1 8.7526e+11 8.7396e+11  0.15%  15.2 2225s
 271150 144645 8.7402e+11   75    1 8.7526e+11 8.7396e+11  0.15%  15.1 2231s
 272181 145241 8.7409e+11  109    1 8.7526e+11 8.7396e+11  0.15%  15.2 2240s
 273143 145873 8.7464e+11  143    1 8.7526e+11 8.7396e+11  0.15%  15.2 2245s
 274169 146549 8.7467e+11  177    1 8.7526e+11 8.7396e+11  0.15%  15.2 2251s
 275242 147253 8.7479e+11  211    1 8.7526e+11 8.7396e+11  0.15%  15.2 2256s
 276307 147880 8.7397e+11   36    1 8.7526e+11 8.7396e+11  0.15%  15.2 2260s
