ERROR: LoadError: SystemError: opening file "/projects/pvsoiling/RELOG/Manufacturing_40209_0.5/input/solver/case.json": No such file or directory
Stacktrace:
  [1] systemerror(p::String, errno::Int32; extrainfo::Nothing)
    @ Base ./error.jl:174
  [2] #systemerror#68
    @ ./error.jl:173 [inlined]
  [3] systemerror
    @ ./error.jl:173 [inlined]
  [4] open(fname::String; lock::Bool, read::Nothing, write::Nothing, create::Nothing, truncate::Nothing, append::Nothing)
    @ Base ./iostream.jl:293
  [5] open
    @ ./iostream.jl:282 [inlined]
  [6] open(f::JSON.Parser.var"#4#5"{DataType, DataType, Nothing, Bool, Bool, Int64}, args::String; kwargs::Base.Pairs{Symbol, Union{}, Tuple{}, NamedTuple{(), Tuple{}}})
    @ Base ./io.jl:328
  [7] open
    @ ./io.jl:328 [inlined]
  [8] #parsefile#3
    @ ~/.julia/packages/JSON/NeJ9k/src/Parser.jl:509 [inlined]
  [9] parsefile
    @ ~/.julia/packages/JSON/NeJ9k/src/Parser.jl:508 [inlined]
 [10] parsefile(path::String)
    @ RELOG ~/.julia/packages/RELOG/05GPI/src/instance/parse.jl:12
 [11] solve(filename::String; heuristic::Bool, kwargs::Base.Pairs{Symbol, MathOptInterface.OptimizerWithAttributes, Tuple{Symbol}, NamedTuple{(:optimizer,), Tuple{MathOptInterface.OptimizerWithAttributes}}})
    @ RELOG ~/.julia/packages/RELOG/05GPI/src/model/solve.jl:97
 [12] top-level scope
    @ /lustre/eaglefs/projects/pvsoiling/RELOG/Manufacturing_40209_05/solver.jl:17
in expression starting at /lustre/eaglefs/projects/pvsoiling/RELOG/Manufacturing_40209_05/solver.jl:17
