Set parameter TokenServer to value "license-1.hpc.nrel.gov"
Set parameter TimeLimit to value 3600
Set parameter MIPGap to value 0.001
Set parameter MIPGap to value 0.001
Set parameter TimeLimit to value 3600
Gurobi Optimizer version 9.5.1 build v9.5.1rc2 (linux64)
Thread count: 36 physical cores, 36 logical processors, using up to 32 threads
Optimize a model with 80158 rows, 992940 columns and 2033584 nonzeros
Model fingerprint: 0x663d53a8
Variable types: 979004 continuous, 13936 integer (13936 binary)
Coefficient statistics:
  Matrix range     [1e+00, 5e+04]
  Objective range  [2e-01, 8e+08]
  Bounds range     [5e+04, 1e+08]
  RHS range        [8e-01, 8e+05]
Presolve removed 68102 rows and 51724 columns (presolve time = 5s) ...
Presolve removed 68102 rows and 51724 columns
Presolve time: 5.50s
Presolved: 12056 rows, 941216 columns, 1888596 nonzeros
Variable types: 932640 continuous, 8576 integer (8576 binary)

Deterministic concurrent LP optimizer: primal and dual simplex
Showing first log only...


Root simplex log...

Iteration    Objective       Primal Inf.    Dual Inf.      Time
       0    4.6307240e+11   6.870554e+05   1.985353e+10      9s
  125981    5.0391832e+11   2.447542e+05   4.887741e+10     10s
  415997    5.5580456e+11   1.071030e+05   1.567599e+10     15s
Concurrent spin time: 0.00s

Solved with dual simplex

Root relaxation: objective 7.246260e+11, 105979 iterations, 10.76 seconds (7.10 work units)

    Nodes    |    Current Node    |     Objective Bounds      |     Work
 Expl Unexpl |  Obj  Depth IntInf | Incumbent    BestBd   Gap | It/Node Time

     0     0 7.2463e+11    0   16          - 7.2463e+11      -     -   18s
H    0     0                    7.266084e+11 7.2463e+11  0.27%     -   19s
H    0     0                    7.263927e+11 7.2463e+11  0.24%     -   21s
     0     0 7.2463e+11    0   17 7.2639e+11 7.2463e+11  0.24%     -   23s
H    0     0                    7.261826e+11 7.2463e+11  0.21%     -   25s
     0     0 7.2463e+11    0   11 7.2618e+11 7.2463e+11  0.21%     -   27s
H    0     0                    7.261796e+11 7.2463e+11  0.21%     -   27s
     0     0 7.2463e+11    0   11 7.2618e+11 7.2463e+11  0.21%     -   29s
     0     0 7.2463e+11    0   11 7.2618e+11 7.2463e+11  0.21%     -   31s
     0     0 7.2463e+11    0   11 7.2618e+11 7.2463e+11  0.21%     -   34s
     0     0 7.2463e+11    0   11 7.2618e+11 7.2463e+11  0.21%     -   36s
     0     0 7.2463e+11    0   11 7.2618e+11 7.2463e+11  0.21%     -   42s
H    0     0                    7.261769e+11 7.2463e+11  0.21%     -   46s
     0     2 7.2463e+11    0   11 7.2618e+11 7.2463e+11  0.21%     -   52s
    15    32 7.2464e+11    4   11 7.2618e+11 7.2463e+11  0.21%  28.4   55s
    95   128 7.2464e+11    7   12 7.2618e+11 7.2463e+11  0.21%  33.7  150s
   159   192 7.2464e+11    9   12 7.2618e+11 7.2463e+11  0.21%  30.0  227s
   191   224 7.2464e+11   10   12 7.2618e+11 7.2463e+11  0.21%  27.6  230s
   223   422 7.2464e+11   11   12 7.2618e+11 7.2463e+11  0.21%  25.2  235s
   421   958 7.2464e+11   14   11 7.2618e+11 7.2463e+11  0.21%  23.7  250s
   957  1703 7.2465e+11   37   11 7.2618e+11 7.2463e+11  0.21%  35.8  279s
  1702  2723 7.2465e+11   61   11 7.2618e+11 7.2463e+11  0.21%  35.2  302s
  2722  3708 7.2467e+11   93   10 7.2618e+11 7.2463e+11  0.21%  43.6  322s
  3721  4643 7.2467e+11  126   11 7.2618e+11 7.2463e+11  0.21%  51.5  343s
  4697  5504 7.2468e+11  159   10 7.2618e+11 7.2463e+11  0.21%  55.6  364s
  5646  6514 7.2468e+11  192   11 7.2618e+11 7.2463e+11  0.21%  54.7  381s
  6694  7491 7.2471e+11  221    9 7.2618e+11 7.2463e+11  0.21%  54.2  395s
  7739  8459 7.2471e+11  254    9 7.2618e+11 7.2463e+11  0.21%  52.1  406s
  8777  9374 7.2472e+11  286    8 7.2618e+11 7.2463e+11  0.21%  51.0  418s
  9778 10270 7.2473e+11  319   16 7.2618e+11 7.2463e+11  0.21%  48.6  430s
 10786 11206 7.2473e+11  352    9 7.2618e+11 7.2463e+11  0.21%  46.2  443s
 11818 12098 7.2474e+11  385    8 7.2618e+11 7.2463e+11  0.21%  44.4  454s
 12834 13052 7.2474e+11  418    8 7.2618e+11 7.2463e+11  0.21%  43.1  464s
 13886 14035 7.2475e+11  451    9 7.2618e+11 7.2463e+11  0.21%  42.1  476s
 14943 14036 7.2562e+11  312   11 7.2618e+11 7.2463e+11  0.21%  40.8  517s
 14945 14037 7.2473e+11  396   16 7.2618e+11 7.2463e+11  0.21%  40.8  537s
 14946 14038 7.2539e+11  251   17 7.2618e+11 7.2463e+11  0.21%  40.8  540s
 14949 14040 7.2481e+11  190   11 7.2618e+11 7.2463e+11  0.21%  40.7  546s
 14951 14041 7.2513e+11  116   11 7.2618e+11 7.2463e+11  0.21%  40.7  553s
 14952 14042 7.2467e+11  165   11 7.2618e+11 7.2463e+11  0.21%  40.7  556s
 14954 14043 7.2481e+11   79   11 7.2618e+11 7.2463e+11  0.21%  40.7  565s
 14956 14045 7.2467e+11   19   11 7.2618e+11 7.2463e+11  0.21%  40.7  618s
 14957 14048 7.2463e+11   15   11 7.2618e+11 7.2463e+11  0.21%  47.3  622s
 14963 14058 7.2463e+11   17   11 7.2618e+11 7.2463e+11  0.21%  47.3  625s
 14987 14098 7.2463e+11   19   11 7.2618e+11 7.2463e+11  0.21%  47.3  631s
 15051 14141 7.2463e+11   20   17 7.2618e+11 7.2463e+11  0.21%  47.2  805s
 15083 14162 7.2463e+11   21   17 7.2618e+11 7.2463e+11  0.21%  47.1  829s
 15115 14184 7.2463e+11   21   23 7.2618e+11 7.2463e+11  0.21%  47.1  831s
 15195 14274 7.2464e+11   22   23 7.2618e+11 7.2463e+11  0.21%  47.0  856s
 15264 14694 7.2464e+11   23   23 7.2618e+11 7.2463e+11  0.21%  47.0  874s
 15550 14599 7.2464e+11   27   17 7.2618e+11 7.2463e+11  0.21%  46.7  875s
 15707 15545 7.2464e+11   29   23 7.2618e+11 7.2463e+11  0.21%  46.7  916s
 16711 16084 7.2463e+11   46   11 7.2618e+11 7.2463e+11  0.21%  46.4  952s
 17591 16792 7.2468e+11   62   14 7.2618e+11 7.2463e+11  0.21%  46.6  976s
 18621 17439 7.2464e+11   79   10 7.2618e+11 7.2463e+11  0.21%  47.4  996s
 19613 18103 7.2470e+11   95   16 7.2618e+11 7.2463e+11  0.21%  47.2 1014s
 20610 18745 7.2465e+11  112   17 7.2618e+11 7.2463e+11  0.21%  47.1 1032s
 21639 19370 7.2473e+11  128   22 7.2618e+11 7.2463e+11  0.21%  47.1 1049s
 22679 19928 7.2466e+11  145   11 7.2618e+11 7.2463e+11  0.21%  47.4 1065s
 23658 19632 7.2480e+11  162   16 7.2618e+11 7.2463e+11  0.21%  47.1 1235s
 23691 20083 7.2466e+11  163   11 7.2618e+11 7.2463e+11  0.21%  47.1 1293s
 24158 20918 7.2466e+11  176   10 7.2618e+11 7.2463e+11  0.21%  47.0 1309s
 25214 21497 7.2467e+11  201   18 7.2618e+11 7.2463e+11  0.21%  46.3 1322s
 26270 21971 7.2467e+11  227   11 7.2618e+11 7.2463e+11  0.21%  46.3 1335s
 27326 22412 7.2468e+11  260   18 7.2618e+11 7.2463e+11  0.21%  46.8 1346s
 28382 22882 7.2469e+11  293   10 7.2618e+11 7.2463e+11  0.21%  47.7 1359s
 29435 23437 7.2470e+11  326   11 7.2618e+11 7.2463e+11  0.21%  48.5 1372s
 30491 24006 7.2546e+11  351   13 7.2618e+11 7.2463e+11  0.21%  48.3 1379s
 31533 24617 7.2545e+11  368   16 7.2618e+11 7.2463e+11  0.21%  47.4 1386s
 32535 25192 7.2546e+11  389   18 7.2618e+11 7.2463e+11  0.21%  47.2 1393s
 33556 25759 7.2556e+11  405   17 7.2618e+11 7.2463e+11  0.21%  46.5 1401s
 34507 26341 7.2547e+11  425    8 7.2618e+11 7.2463e+11  0.21%  46.4 1409s
 35516 26925 7.2551e+11  441    7 7.2618e+11 7.2463e+11  0.21%  46.0 1416s
 36503 27513 7.2548e+11  457   10 7.2618e+11 7.2463e+11  0.21%  45.8 1422s
 37485 28113 7.2549e+11  470    9 7.2618e+11 7.2463e+11  0.21%  45.8 1429s
 38478 28696 7.2550e+11  496   10 7.2618e+11 7.2463e+11  0.21%  45.7 1436s
 39479 29122 7.2564e+11  517    7 7.2618e+11 7.2463e+11  0.21%  45.6 1444s
 40390 29602 7.2612e+11  524    7 7.2618e+11 7.2463e+11  0.21%  45.9 1452s
 41356 29307 7.2463e+11   38   14 7.2618e+11 7.2463e+11  0.21%  46.3 1499s
 41391 30127 7.2463e+11   39   14 7.2618e+11 7.2463e+11  0.21%  46.3 1507s
 42353 30627 7.2463e+11   72   14 7.2618e+11 7.2463e+11  0.21%  46.6 1515s
 43322 31126 7.2464e+11  105   14 7.2618e+11 7.2463e+11  0.21%  46.9 1521s
 44288 31699 7.2465e+11  138   19 7.2618e+11 7.2463e+11  0.21%  47.2 1528s
 45248 32332 7.2465e+11  171   19 7.2618e+11 7.2463e+11  0.21%  47.3 1535s
 46246 32912 7.2466e+11  204   21 7.2618e+11 7.2463e+11  0.21%  47.1 1543s
 47207 33479 7.2467e+11  237   13 7.2618e+11 7.2463e+11  0.21%  46.9 1550s
 48128 34139 7.2468e+11  270   14 7.2618e+11 7.2463e+11  0.21%  46.6 1557s
 49113 34716 7.2473e+11  303   15 7.2618e+11 7.2463e+11  0.21%  46.2 1565s
 50038 35239 7.2539e+11  336   11 7.2618e+11 7.2463e+11  0.21%  45.9 1573s
 50940 35771 7.2545e+11  369   16 7.2618e+11 7.2463e+11  0.21%  46.0 1581s
 51875 36292 7.2546e+11  402   16 7.2618e+11 7.2463e+11  0.21%  46.0 1589s
 52791 36809 7.2556e+11  435    8 7.2618e+11 7.2463e+11  0.21%  46.1 1596s
 53740 37345 7.2559e+11  468    9 7.2618e+11 7.2463e+11  0.21%  46.3 1604s
 54680 37866 7.2606e+11  499    9 7.2618e+11 7.2463e+11  0.21%  46.6 1612s
 55673 38424 7.2463e+11   40   12 7.2618e+11 7.2463e+11  0.21%  46.8 1620s
 56647 39043 7.2463e+11   73   12 7.2618e+11 7.2463e+11  0.21%  46.7 1627s
 57652 39871 7.2464e+11  106   12 7.2618e+11 7.2463e+11  0.21%  46.5 1634s
 58684 39872 7.2610e+11  414   11 7.2618e+11 7.2463e+11  0.21%  46.2 1928s
 58686 39873 7.2554e+11  449   16 7.2618e+11 7.2463e+11  0.21%  46.2 1950s

Cutting planes:
  Gomory: 1
  Lift-and-project: 11
  Implied bound: 5
  MIR: 35
  Flow cover: 19
  Inf proof: 1
  Relax-and-lift: 5

Explored 58686 nodes (2923176 simplex iterations) in 1954.80 seconds (1276.73 work units)
Thread count was 32 (of 36 available processors)

Solution count 3: 7.26177e+11 7.26393e+11 7.26608e+11 

Optimal solution found (tolerance 1.00e-03)
Best objective 7.261769458792e+11, best bound 7.260216536561e+11, gap 0.0214%

User-callback calls 560109, time in user-callback 0.29 sec
Set parameter TokenServer to value "license-1.hpc.nrel.gov"
Set parameter TimeLimit to value 3600
Set parameter MIPGap to value 0.001
Set parameter MIPGap to value 0.001
Set parameter TimeLimit to value 3600
Gurobi Optimizer version 9.5.1 build v9.5.1rc2 (linux64)
Thread count: 36 physical cores, 36 logical processors, using up to 32 threads
Optimize a model with 80158 rows, 992940 columns and 2033584 nonzeros
Model fingerprint: 0x24510cf3
Coefficient statistics:
  Matrix range     [1e+00, 5e+04]
  Objective range  [2e-01, 8e+08]
  Bounds range     [1e+00, 1e+08]
  RHS range        [8e-01, 8e+05]

Concurrent LP optimizer: primal simplex, dual simplex, and barrier
Showing barrier log only...

Presolve removed 73638 rows and 582932 columns
Presolve time: 1.17s
Presolved: 6520 rows, 410008 columns, 816976 nonzeros

Ordering time: 0.01s

Barrier statistics:
 AA' NZ     : 4.070e+05
 Factor NZ  : 7.783e+05 (roughly 170 MB of memory)
 Factor Ops : 1.227e+08 (less than 1 second per iteration)
 Threads    : 30

                  Objective                Residual
Iter       Primal          Dual         Primal    Dual     Compl     Time
   0   1.90004040e+12  3.37410951e+11  2.10e+06 2.67e+02  4.20e+07     1s
   1   7.81904247e+11  5.00750092e+11  7.14e+04 2.73e-12  1.91e+06     1s
   2   7.40799783e+11  6.49008734e+11  2.14e+03 1.92e-12  2.54e+05     2s
   3   7.39582623e+11  6.81099788e+11  1.54e+03 1.82e-12  1.62e+05     2s
   4   7.35961380e+11  7.06997345e+11  6.75e+02 1.85e-12  7.71e+04     2s
   5   7.33743771e+11  7.15792427e+11  4.16e+02 1.82e-12  4.70e+04     2s
   6   7.31631970e+11  7.20307108e+11  2.29e+02 1.82e-12  2.90e+04     2s
   7   7.30435463e+11  7.22491513e+11  1.59e+02 1.98e-12  2.01e+04     2s
   8   7.29310629e+11  7.23821410e+11  1.07e+02 1.93e-12  1.38e+04     2s
   9   7.28762381e+11  7.24627855e+11  8.09e+01 1.96e-12  1.03e+04     2s
  10   7.27796262e+11  7.25257093e+11  4.18e+01 1.96e-12  6.26e+03     2s
  11   7.27145016e+11  7.25635875e+11  2.13e+01 1.96e-12  3.70e+03     2s
  12   7.26886027e+11  7.25866731e+11  1.45e+01 1.88e-12  2.49e+03     2s
  13   7.26724821e+11  7.25937966e+11  1.07e+01 2.10e-12  1.92e+03     2s
  14   7.26621453e+11  7.25992984e+11  8.36e+00 2.19e-12  1.53e+03     2s
  15   7.26554325e+11  7.26031860e+11  6.92e+00 2.44e-12  1.27e+03     2s
  16   7.26466705e+11  7.26090311e+11  5.24e+00 2.22e-12  9.13e+02     2s
  17   7.26338228e+11  7.26126595e+11  2.69e+00 2.26e-12  5.13e+02     2s
  18   7.26301870e+11  7.26148921e+11  2.00e+00 2.16e-12  3.70e+02     2s

Barrier performed 18 iterations in 2.31 seconds (1.60 work units)
Barrier solve interrupted - model solved by another algorithm


Solved with primal simplex
Solved in 79759 iterations and 2.35 seconds (1.20 work units)
Optimal objective  7.261769459e+11

User-callback calls 170, time in user-callback 0.00 sec
[ Info:  started timer at: 2023-03-29T17:35:38.988
[ Info: Reading /projects/pvsoiling/RELOG/Manufacturing_cap_40209_05/input/solver/case.json...
[ Info:          134 collection centers
[ Info:          268 candidate plant locations
[ Info: Building graph...
[ Info:           26 time periods
[ Info:          268 process nodes
[ Info:          268 shipping nodes (plant)
[ Info:          134 shipping nodes (collection)
[ Info:        36180 arcs
[ Info: Building optimization model...
[ Info: Optimizing MILP...
[ Info: Re-optimizing with integer variables fixed...
[ Info: Extracting solution...
[ Info:       2004.528335456s: 33 minutes, 24 seconds, 528 milliseconds
