Set parameter TokenServer to value "license-1.hpc.nrel.gov"
Set parameter TimeLimit to value 3600
Set parameter MIPGap to value 0.001
Set parameter MIPGap to value 0.001
Set parameter TimeLimit to value 3600
Gurobi Optimizer version 9.5.1 build v9.5.1rc2 (linux64)
Thread count: 36 physical cores, 36 logical processors, using up to 32 threads
Optimize a model with 337848 rows, 1385332 columns and 2838644 nonzeros
Model fingerprint: 0xc383c9ff
Variable types: 1369264 continuous, 16068 integer (16068 binary)
Coefficient statistics:
  Matrix range     [3e-06, 1e+06]
  Objective range  [2e-01, 5e+07]
  Bounds range     [7e+03, 1e+08]
  RHS range        [1e-03, 2e+05]
Presolve removed 310262 rows and 289309 columns (presolve time = 5s) ...
Presolve removed 310262 rows and 289309 columns
Presolve time: 5.66s
Presolved: 27586 rows, 1096023 columns, 2218620 nonzeros
Variable types: 1092006 continuous, 4017 integer (4017 binary)

Deterministic concurrent LP optimizer: primal simplex, dual simplex, and barrier
Showing barrier log only...

Root barrier log...

Ordering time: 0.67s
Ordering time: 2.65s

Barrier statistics:
 Dense cols : 248
 AA' NZ     : 1.177e+06
 Factor NZ  : 1.455e+07 (roughly 600 MB of memory)
 Factor Ops : 3.030e+10 (less than 1 second per iteration)
 Threads    : 29

                  Objective                Residual
Iter       Primal          Dual         Primal    Dual     Compl     Time
   0   6.23621506e+13 -1.41177876e+14  2.49e+06 1.75e+04  3.22e+09    17s
   1   2.64816431e+13 -6.43949597e+13  1.05e+06 7.45e-09  1.35e+09    17s
   2   4.39351509e+12 -2.49816475e+13  1.74e+05 1.87e+03  2.26e+08    18s
   3   1.67691940e+11 -4.98699844e+12  6.01e+03 3.18e+02  9.61e+06    18s
   4   2.00802638e+10 -5.98595322e+11  1.32e+02 2.26e-01  4.28e+05    19s
   5   1.95927430e+10 -4.74532594e+11  1.13e+02 2.03e-01  3.44e+05    19s
   6   1.89588739e+10 -3.62121373e+11  9.06e+01 1.61e-01  2.63e+05    19s
   7   1.63708249e+10 -2.79093356e+11  5.12e+00 1.17e-01  1.39e+05    19s
   8   1.50574024e+10 -1.64283353e+11  2.85e+00 6.12e-02  8.35e+04    20s
   9   1.42735782e+10 -6.15215206e+10  1.91e+00 4.17e-02  3.54e+04    20s
  10   1.09266031e+10 -1.60622782e+10  5.27e-01 1.69e-02  1.24e+04    20s
  11   9.83239109e+09 -8.35778515e+09  2.96e-01 1.01e-02  8.32e+03    21s
  12   9.23375338e+09 -6.28516819e+09  1.87e-01 8.94e-03  7.08e+03    21s
  13   8.92692499e+09 -1.22177221e+09  1.28e-01 5.41e-03  4.62e+03    21s
  14   8.43752022e+09  1.46120264e+09  6.59e-02 4.06e-03  3.17e+03    22s
  15   8.31297341e+09  1.64835551e+09  5.31e-02 3.87e-03  3.03e+03    22s
  16   8.18281393e+09  2.76351198e+09  3.02e-02 3.29e-03  2.46e+03    22s
  17   8.06152247e+09  3.29277014e+09  2.33e-02 2.56e-03  2.16e+03    22s
  18   7.84118029e+09  4.65713667e+09  3.29e-02 7.92e-04  1.44e+03    23s
  19   7.60720781e+09  5.27949009e+09  9.96e-02 6.39e-04  1.06e+03    23s
  20   7.44383145e+09  5.98609241e+09  5.85e-02 4.11e-04  6.61e+02    24s
  21   7.33509141e+09  6.31764599e+09  4.05e-02 2.92e-04  4.61e+02    25s
  22   7.22237977e+09  6.46833041e+09  3.15e-02 2.26e-04  3.42e+02    25s
  23   7.17527044e+09  6.58223143e+09  2.54e-02 1.80e-04  2.69e+02    25s
  24   7.15149814e+09  6.63023398e+09  2.24e-02 1.57e-04  2.36e+02    26s
  25   7.12758743e+09  6.69680230e+09  1.93e-02 1.28e-04  1.95e+02    26s
  26   7.08327392e+09  6.75926739e+09  1.44e-02 9.51e-05  1.47e+02    27s
  27   7.02669660e+09  6.79704655e+09  8.95e-03 7.33e-05  1.04e+02    28s
  28   6.98407692e+09  6.83646693e+09  5.32e-03 5.07e-05  6.69e+01    28s
  29   6.96643281e+09  6.85947593e+09  4.09e-03 3.48e-05  4.85e+01    29s
  30   6.94175912e+09  6.87303531e+09  2.48e-03 2.42e-05  3.11e+01    30s
  31   6.92495689e+09  6.88168112e+09  1.47e-03 1.69e-05  1.96e+01    30s

Barrier performed 31 iterations in 30.26 seconds (23.51 work units)
Barrier solve interrupted - model solved by another algorithm

Concurrent spin time: 5.03s (can be avoided by choosing Method=3)

Solved with primal simplex

Root relaxation: objective 6.897700e+09, 323044 iterations, 22.48 seconds (15.26 work units)

    Nodes    |    Current Node    |     Objective Bounds      |     Work
 Expl Unexpl |  Obj  Depth IntInf | Incumbent    BestBd   Gap | It/Node Time

     0     0 6.8977e+09    0   52          - 6.8977e+09      -     -   31s
H    0     0                    7.036376e+09 6.8977e+09  1.97%     -   33s
H    0     0                    7.010717e+09 6.8977e+09  1.61%     -   40s
H    0     0                    7.008972e+09 6.8977e+09  1.59%     -   41s
     0     0 6.8978e+09    0   54 7.0090e+09 6.8978e+09  1.59%     -   46s
     0     0 6.8978e+09    0   54 7.0090e+09 6.8978e+09  1.59%     -   50s
     0     0 6.8978e+09    0   50 7.0090e+09 6.8978e+09  1.59%     -   56s
     0     0 6.8978e+09    0   52 7.0090e+09 6.8978e+09  1.59%     -   60s
     0     0 6.8978e+09    0   48 7.0090e+09 6.8978e+09  1.59%     -   61s
     0     0 6.8978e+09    0   49 7.0090e+09 6.8978e+09  1.59%     -   62s
     0     0 6.8978e+09    0   49 7.0090e+09 6.8978e+09  1.59%     -   63s
     0     0 6.8978e+09    0   37 7.0090e+09 6.8978e+09  1.59%     -   67s
H    0     0                    6.980809e+09 6.8978e+09  1.19%     -   71s
     0     0 6.8979e+09    0   41 6.9808e+09 6.8979e+09  1.19%     -   74s
     0     0 6.8979e+09    0   36 6.9808e+09 6.8979e+09  1.19%     -   75s
     0     0 6.8979e+09    0   34 6.9808e+09 6.8979e+09  1.19%     -   76s
     0     0 6.8979e+09    0   36 6.9808e+09 6.8979e+09  1.19%     -   79s
H    0     0                    6.974533e+09 6.8979e+09  1.10%     -   82s
     0     0 6.8979e+09    0   37 6.9745e+09 6.8979e+09  1.10%     -   84s
     0     0 6.8979e+09    0   37 6.9745e+09 6.8979e+09  1.10%     -   88s
     0     0 6.8979e+09    0   29 6.9745e+09 6.8979e+09  1.10%     -   91s
     0     0 6.8979e+09    0   32 6.9745e+09 6.8979e+09  1.10%     -   97s
     0     0 6.8979e+09    0   28 6.9745e+09 6.8979e+09  1.10%     -  100s
     0     0 6.8979e+09    0   35 6.9745e+09 6.8979e+09  1.10%     -  103s
H    0     0                    6.948123e+09 6.8979e+09  0.72%     -  106s
     0     0 6.8979e+09    0   22 6.9481e+09 6.8979e+09  0.72%     -  107s
     0     0 6.8979e+09    0   34 6.9481e+09 6.8979e+09  0.72%     -  109s
     0     0 6.8979e+09    0   34 6.9481e+09 6.8979e+09  0.72%     -  117s
H    0     0                    6.920009e+09 6.8979e+09  0.32%     -  131s
     0     2 6.8979e+09    0   34 6.9200e+09 6.8979e+09  0.32%     -  138s
     1     4 6.8979e+09    1   36 6.9200e+09 6.8979e+09  0.32%   182  144s
     3     8 6.8979e+09    2   37 6.9200e+09 6.8979e+09  0.32%   505  149s
     7    16 6.8979e+09    3   24 6.9200e+09 6.8979e+09  0.32%   472  154s
    15    32 6.8979e+09    4   26 6.9200e+09 6.8979e+09  0.32%   560  160s
    31    64 6.8979e+09    5   33 6.9200e+09 6.8979e+09  0.32%   657  175s
H   50    64                    6.919972e+09 6.8979e+09  0.32%   771  175s
H   52    64                    6.919949e+09 6.8979e+09  0.32%   784  175s
    63    96 6.8979e+09    6   21 6.9199e+09 6.8979e+09  0.32%   851  180s
    95   128 6.8979e+09    7   21 6.9199e+09 6.8979e+09  0.32%   737  347s
   127   160 6.8979e+09    8   23 6.9199e+09 6.8979e+09  0.32%   628  352s
   159   192 6.8979e+09    9   21 6.9199e+09 6.8979e+09  0.32%   550  356s
   191   243 6.8979e+09   10   23 6.9199e+09 6.8979e+09  0.32%   490  364s
   242   275 6.8979e+09   11   21 6.9199e+09 6.8979e+09  0.32%   423  483s
   274   706 6.8979e+09   12   21 6.9199e+09 6.8979e+09  0.32%   401  525s
   705  1541 6.8980e+09   25   19 6.9199e+09 6.8979e+09  0.32%   246  608s
  1540  2409 6.8983e+09   53   21 6.9199e+09 6.8979e+09  0.32%   195  679s
  2408  3227 6.8985e+09   81   27 6.9199e+09 6.8979e+09  0.32%   165  730s
  3254  3960 6.8986e+09  109   21 6.9199e+09 6.8979e+09  0.32%   148  776s
  4091  4661 6.8990e+09  137   19 6.9199e+09 6.8979e+09  0.32%   131  816s
  4933  5399 6.8992e+09  165   14 6.9199e+09 6.8979e+09  0.32%   117  848s
  5801  6198 6.8994e+09  193   12 6.9199e+09 6.8979e+09  0.32%   109  880s
  6696  6802 6.9123e+09  220   16 6.9199e+09 6.8979e+09  0.32%  99.5  903s
  7581  7568 6.9129e+09  239   14 6.9199e+09 6.8979e+09  0.32%   105  924s
  8477  8122 6.9137e+09  264   14 6.9199e+09 6.8979e+09  0.32%   108  948s
  9318  8829 6.8981e+09    8   14 6.9199e+09 6.8979e+09  0.32%   120  975s
 10083  9590 6.8989e+09   35   14 6.9199e+09 6.8979e+09  0.32%   125 1001s
 10872 10385 6.9015e+09   60   12 6.9199e+09 6.8979e+09  0.32%   127 1024s
 11720 11040 6.9045e+09   88   12 6.9199e+09 6.8979e+09  0.32%   128 1050s
 12479 11654 6.9151e+09  114   14 6.9199e+09 6.8979e+09  0.32%   133 1073s
 13272 11655 6.9008e+09   61   34 6.9199e+09 6.8979e+09  0.32%   136 1235s
 13274 11656 6.8981e+09   21   52 6.9199e+09 6.8979e+09  0.32%   136 1300s
 13275 11657 6.9048e+09  142   60 6.9199e+09 6.8979e+09  0.32%   136 1431s
 13276 11658 6.9007e+09   45   46 6.9199e+09 6.8979e+09  0.32%   136 1464s
 13277 11658 6.9087e+09  105   38 6.9199e+09 6.8979e+09  0.32%   136 1468s
 13278 11659 6.8990e+09   33   34 6.9199e+09 6.8979e+09  0.32%   136 1472s
 13279 11660 6.9108e+09  207   49 6.9199e+09 6.8979e+09  0.32%   136 1476s
 13280 11660 6.9082e+09  195   39 6.9199e+09 6.8979e+09  0.32%   136 1481s
 13281 11661 6.8988e+09   80   35 6.9199e+09 6.8979e+09  0.32%   136 1503s
 13282 11662 6.9004e+09   30   27 6.9199e+09 6.8979e+09  0.32%   136 1542s
 13283 11662 6.9148e+09  274   23 6.9199e+09 6.8979e+09  0.32%   136 1573s
 13284 11663 6.9033e+09   39   22 6.9199e+09 6.8979e+09  0.32%   136 1607s
 13285 11664 6.9163e+09  278   24 6.9199e+09 6.8979e+09  0.32%   136 1641s
 13286 11664 6.9112e+09  215   24 6.9199e+09 6.8979e+09  0.32%   136 1677s
 13287 11665 6.9050e+09  129   32 6.9199e+09 6.8979e+09  0.32%   136 1697s
 13288 11666 6.9150e+09  111   31 6.9199e+09 6.8979e+09  0.32%   136 1721s
 13289 11666 6.8984e+09   55   27 6.9199e+09 6.8980e+09  0.32%   136 1742s
 13290 11667 6.8983e+09   32   25 6.9199e+09 6.8980e+09  0.32%   136 1772s
 13291 11668 6.8987e+09   78   18 6.9199e+09 6.8980e+09  0.32%   136 1795s
 13292 11668 6.9062e+09   55   25 6.9199e+09 6.8980e+09  0.32%   136 1822s
 13293 11669 6.9076e+09  184   20 6.9199e+09 6.8980e+09  0.32%   136 1849s
 13294 11670 6.9010e+09   57   25 6.9199e+09 6.8980e+09  0.32%   136 1879s
 13295 11670 6.9088e+09   98   18 6.9199e+09 6.8980e+09  0.32%   136 1904s
 13296 11671 6.9160e+09  156   22 6.9199e+09 6.8980e+09  0.32%   136 1937s
 13297 11672 6.9179e+09  115   18 6.9199e+09 6.8980e+09  0.32%   136 1959s
 13298 11672 6.9197e+09  128   26 6.9199e+09 6.8980e+09  0.32%   136 1991s
 13299 11673 6.8981e+09   15   26 6.9199e+09 6.8980e+09  0.32%   136 2009s
 13300 11674 6.8990e+09   33   26 6.9199e+09 6.8980e+09  0.32%   136 2093s
 13301 11677 6.8980e+09   16   31 6.9199e+09 6.8980e+09  0.32%   164 2122s
 13303 11681 6.8980e+09   17   29 6.9199e+09 6.8980e+09  0.32%   164 2141s
 13307 11687 6.8980e+09   18   16 6.9199e+09 6.8980e+09  0.32%   164 2162s
 13315 11701 6.8980e+09   19   14 6.9199e+09 6.8980e+09  0.32%   164 2233s
 13331 11727 6.8980e+09   20   21 6.9199e+09 6.8980e+09  0.32%   164 2257s
 13363 11749 6.8980e+09   21   26 6.9199e+09 6.8980e+09  0.32%   165 2266s
 13395 11770 6.8980e+09   21   26 6.9199e+09 6.8980e+09  0.32%   165 2494s
 13427 11791 6.8980e+09   22   16 6.9199e+09 6.8980e+09  0.32%   166 2503s
 13459 11813 6.8980e+09   22   24 6.9199e+09 6.8980e+09  0.32%   166 2527s
 13491 11858 6.8980e+09   23   27 6.9199e+09 6.8980e+09  0.32%   166 2537s
 13547 11946 6.8980e+09   23   16 6.9199e+09 6.8980e+09  0.32%   167 2563s
 13654 12382 6.8980e+09   24   16 6.9199e+09 6.8980e+09  0.32%   168 2635s
 14125 13041 6.8982e+09   35   16 6.9199e+09 6.8980e+09  0.32%   171 2757s
 14941 13626 6.8981e+09   50   14 6.9199e+09 6.8980e+09  0.32%   172 2876s
 15798 14188 6.9006e+09   64   18 6.9199e+09 6.8980e+09  0.32%   172 2973s
 16646 14738 6.8984e+09   79   14 6.9199e+09 6.8980e+09  0.32%   173 3051s
 17533 14751 6.9017e+09   93   16 6.9199e+09 6.8980e+09  0.32%   173 3167s
 17860 15439 6.8985e+09   94   16 6.9199e+09 6.8980e+09  0.32%   171 3192s
 18788 15888 6.9019e+09  108   16 6.9199e+09 6.8980e+09  0.32%   166 3214s
 19716 16312 6.8986e+09  123   13 6.9199e+09 6.8980e+09  0.32%   162 3238s
 20644 16251 6.9046e+09  137   15 6.9199e+09 6.8980e+09  0.32%   161 3330s
 20972 16809 6.8989e+09  142   13 6.9199e+09 6.8980e+09  0.32%   161 3369s
 21890 17242 6.9053e+09  156   15 6.9199e+09 6.8980e+09  0.32%   164 3409s
 22786 17790 6.8991e+09  171   13 6.9199e+09 6.8980e+09  0.32%   169 3447s
 23671 18356 6.9068e+09  185   15 6.9199e+09 6.8980e+09  0.32%   173 3485s
 24570 18885 6.8994e+09  200   13 6.9199e+09 6.8980e+09  0.32%   176 3521s
 25480 18919 6.9107e+09  214   15 6.9199e+09 6.8980e+09  0.32%   179 3591s
 25837 19101 6.8999e+09  229   13 6.9199e+09 6.8980e+09  0.32%   179 3600s

Cutting planes:
  Gomory: 1
  Implied bound: 1167
  Projected implied bound: 4
  MIR: 95
  Flow cover: 155
  Flow path: 60
  RLT: 16
  Relax-and-lift: 146

Explored 26347 nodes (5028832 simplex iterations) in 3600.24 seconds (2659.16 work units)
Thread count was 32 (of 36 available processors)

Solution count 9: 6.91995e+09 6.91997e+09 6.92001e+09 ... 7.03638e+09

Time limit reached
Best objective 6.919948728013e+09, best bound 6.897969895514e+09, gap 0.3176%

User-callback calls 959619, time in user-callback 0.39 sec
Set parameter TokenServer to value "license-1.hpc.nrel.gov"
Set parameter TimeLimit to value 3600
Set parameter MIPGap to value 0.001
Set parameter MIPGap to value 0.001
Set parameter TimeLimit to value 3600
Gurobi Optimizer version 9.5.1 build v9.5.1rc2 (linux64)
Thread count: 36 physical cores, 36 logical processors, using up to 32 threads
Optimize a model with 337848 rows, 1385332 columns and 2838644 nonzeros
Model fingerprint: 0xa5896422
Coefficient statistics:
  Matrix range     [3e-06, 1e+06]
  Objective range  [2e-01, 5e+07]
  Bounds range     [1e+00, 1e+08]
  RHS range        [1e-03, 2e+05]

Concurrent LP optimizer: primal simplex, dual simplex, and barrier
Showing barrier log only...

Presolve removed 333487 rows and 1193379 columns
Presolve time: 1.81s
Presolved: 4361 rows, 191953 columns, 382493 nonzeros

Ordering time: 0.03s

Barrier statistics:
 AA' NZ     : 1.904e+05
 Factor NZ  : 3.867e+05 (roughly 80 MB of memory)
 Factor Ops : 4.156e+07 (less than 1 second per iteration)
 Threads    : 30

                  Objective                Residual
Iter       Primal          Dual         Primal    Dual     Compl     Time
   0   1.43402806e+13 -6.12881216e+11  1.06e+08 1.46e+02  3.77e+08     2s
   1   4.25142454e+12 -2.02628617e+11  3.13e+07 4.55e-13  1.13e+08     2s
   2   6.62406792e+11 -6.16678291e+09  4.83e+06 2.05e-12  1.75e+07     2s
   3   2.46876931e+10 -3.07284836e+08  1.28e+05 3.41e-11  4.99e+05     2s
   4   8.61547466e+09  3.54166826e+09  9.70e+03 2.46e-11  5.26e+04     2s
   5   7.38853393e+09  5.52338236e+09  1.06e+03 9.21e-12  1.20e+04     2s
   6   7.16968015e+09  6.45444514e+09  9.96e+01 3.30e-12  3.83e+03     2s
   7   7.08939091e+09  6.66484536e+09  3.07e+01 1.93e-12  2.22e+03     2s
   8   7.02959097e+09  6.78355777e+09  1.42e+01 9.09e-13  1.28e+03     2s
   9   7.00677920e+09  6.83622491e+09  9.33e+00 6.82e-13  8.84e+02     2s
  10   6.97993711e+09  6.86336074e+09  5.02e+00 5.68e-13  6.02e+02     2s

Barrier performed 10 iterations in 2.33 seconds (1.33 work units)
Barrier solve interrupted - model solved by another algorithm


Solved with primal simplex
Solved in 40439 iterations and 2.33 seconds (1.42 work units)
Optimal objective  6.919948728e+09

User-callback calls 209, time in user-callback 0.00 sec
[ Info:  started timer at: 2023-03-26T19:58:56.204
[ Info: Reading /projects/pvsoiling/RELOG/Recycling_NAICS_2/input/solver/case.json...
[ Info:          134 collection centers
[ Info:          309 candidate plant locations
[ Info: Building graph...
[ Info:           26 time periods
[ Info:          309 process nodes
[ Info:         4944 shipping nodes (plant)
[ Info:          134 shipping nodes (collection)
[ Info:        46350 arcs
[ Info: Building optimization model...
[ Info: Optimizing MILP...
[ Info: Re-optimizing with integer variables fixed...
[ Info: Extracting solution...
[ Info:       3658.007133774s: 1 hour, 58 seconds, 7 milliseconds
