Set parameter TokenServer to value "license-1.hpc.nrel.gov"
Set parameter TimeLimit to value 3600
Set parameter MIPGap to value 0.001
Set parameter MIPGap to value 0.001
Set parameter TimeLimit to value 3600
Gurobi Optimizer version 9.5.1 build v9.5.1rc2 (linux64)
Thread count: 36 physical cores, 36 logical processors, using up to 32 threads
Optimize a model with 96828 rows, 1144312 columns and 2348570 nonzeros
Model fingerprint: 0xa4846143
Variable types: 1128244 continuous, 16068 integer (16068 binary)
Coefficient statistics:
  Matrix range     [1e+00, 5e+04]
  Objective range  [3e-01, 1e+09]
  Bounds range     [5e+04, 1e+08]
  RHS range        [8e-01, 2e+06]
Warning: Model contains large objective coefficients
         Consider reformulating model or setting NumericFocus parameter
         to avoid numerical issues.
Presolve removed 84694 rows and 64666 columns (presolve time = 5s) ...
Presolve removed 84694 rows and 64666 columns
Presolve time: 5.01s
Presolved: 12134 rows, 1079646 columns, 2166399 nonzeros
Variable types: 1075938 continuous, 3708 integer (3708 binary)

Deterministic concurrent LP optimizer: primal and dual simplex
Showing first log only...


Root simplex log...

Iteration    Objective       Primal Inf.    Dual Inf.      Time
       0    5.1837107e+11   7.181725e+05   2.835297e+10      9s
  116004    5.4810578e+11   2.779679e+05   4.724029e+10     10s
Concurrent spin time: 0.00s

Solved with dual simplex

Root relaxation: infeasible, 35603 iterations, 4.33 seconds (2.90 work units)

    Nodes    |    Current Node    |     Objective Bounds      |     Work
 Expl Unexpl |  Obj  Depth IntInf | Incumbent    BestBd   Gap | It/Node Time

     0     0 infeasible    0               - infeasible      -     -   11s

Explored 1 nodes (35603 simplex iterations) in 11.26 seconds (10.68 work units)
Thread count was 32 (of 36 available processors)

Solution count 0

Model is infeasible or unbounded
Best objective -, best bound -, gap -

User-callback calls 2755, time in user-callback 0.01 sec
[ Info:  started timer at: 2023-03-25T11:26:58.468
[ Info: Reading /projects/pvsoiling/RELOG/Manufacturing_cap_NAICS_05/input/solver/case.json...
[ Info:          134 collection centers
[ Info:          309 candidate plant locations
[ Info: Building graph...
[ Info:           26 time periods
[ Info:          309 process nodes
[ Info:          309 shipping nodes (plant)
[ Info:          134 shipping nodes (collection)
[ Info:        41715 arcs
[ Info: Building optimization model...
[ Info: Optimizing MILP...
