Set parameter TokenServer to value "license-1.hpc.nrel.gov"
Set parameter TimeLimit to value 3600
Set parameter MIPGap to value 0.001
Set parameter MIPGap to value 0.001
Set parameter TimeLimit to value 3600
Gurobi Optimizer version 9.5.1 build v9.5.1rc2 (linux64)
Thread count: 36 physical cores, 36 logical processors, using up to 32 threads
Optimize a model with 332260 rows, 1381848 columns and 2818080 nonzeros
Model fingerprint: 0xeb7dc79c
Variable types: 1365780 continuous, 16068 integer (16068 binary)
Coefficient statistics:
  Matrix range     [3e-06, 7e+03]
  Objective range  [2e-01, 2e+07]
  Bounds range     [7e+03, 1e+08]
  RHS range        [1e-03, 2e+05]
Presolve removed 313017 rows and 289533 columns
Presolve time: 3.74s
Presolved: 19243 rows, 1092315 columns, 2192046 nonzeros
Variable types: 1092006 continuous, 309 integer (309 binary)

Deterministic concurrent LP optimizer: primal and dual simplex
Showing first log only...


Root simplex log...

Iteration    Objective       Primal Inf.    Dual Inf.      Time
       0    3.7385130e+09   8.471060e+05   8.075789e+11      8s
  116075    3.8978179e+09   0.000000e+00   1.529866e+09     10s
  262454    3.7629023e+09   0.000000e+00   6.366675e+02     15s
  262809    3.7629017e+09   0.000000e+00   0.000000e+00     15s
Concurrent spin time: 0.53s

Solved with primal simplex

Root relaxation: objective 3.762902e+09, 262809 iterations, 10.31 seconds (9.50 work units)

    Nodes    |    Current Node    |     Objective Bounds      |     Work
 Expl Unexpl |  Obj  Depth IntInf | Incumbent    BestBd   Gap | It/Node Time

     0     0 3.7629e+09    0   18          - 3.7629e+09      -     -   16s
H    0     0                    3.918869e+09 3.7629e+09  3.98%     -   18s
     0     0 3.7631e+09    0   13 3.9189e+09 3.7631e+09  3.98%     -   25s
H    0     0                    3.908266e+09 3.7631e+09  3.71%     -   26s
H    0     0                    3.906981e+09 3.7631e+09  3.68%     -   26s
     0     0 3.7631e+09    0   14 3.9070e+09 3.7631e+09  3.68%     -   28s
     0     0 3.7631e+09    0   14 3.9070e+09 3.7631e+09  3.68%     -   28s
     0     0 3.7632e+09    0   16 3.9070e+09 3.7632e+09  3.68%     -   32s
H    0     0                    3.873873e+09 3.7632e+09  2.86%     -   33s
H    0     0                    3.775459e+09 3.7632e+09  0.33%     -   34s
     0     0 3.7632e+09    0   15 3.7755e+09 3.7632e+09  0.33%     -   36s
     0     0 3.7632e+09    0   15 3.7755e+09 3.7632e+09  0.33%     -   36s
     0     0 3.7632e+09    0   11 3.7755e+09 3.7632e+09  0.33%     -   38s
     0     0 3.7632e+09    0   10 3.7755e+09 3.7632e+09  0.33%     -   41s
     0     0 3.7632e+09    0    7 3.7755e+09 3.7632e+09  0.33%     -   42s
     0     0 3.7632e+09    0   13 3.7755e+09 3.7632e+09  0.33%     -   43s
     0     0 3.7632e+09    0    8 3.7755e+09 3.7632e+09  0.32%     -   46s
     0     0 3.7632e+09    0    8 3.7755e+09 3.7632e+09  0.32%     -   46s
     0     0 3.7632e+09    0    9 3.7755e+09 3.7632e+09  0.32%     -   48s
     0     0 3.7632e+09    0    9 3.7755e+09 3.7632e+09  0.32%     -   49s
     0     0 3.7632e+09    0    6 3.7755e+09 3.7632e+09  0.32%     -   51s
     0     0 3.7632e+09    0    6 3.7755e+09 3.7632e+09  0.32%     -   53s
     0     0 3.7632e+09    0    8 3.7755e+09 3.7632e+09  0.32%     -   54s
     0     0 3.7632e+09    0    7 3.7755e+09 3.7632e+09  0.32%     -   57s
     0     0 3.7632e+09    0    8 3.7755e+09 3.7632e+09  0.32%     -   58s
     0     0 3.7632e+09    0    6 3.7755e+09 3.7632e+09  0.32%     -   59s
     0     0 3.7632e+09    0   10 3.7755e+09 3.7632e+09  0.32%     -   61s
     0     0 3.7632e+09    0   10 3.7755e+09 3.7632e+09  0.32%     -   67s
     0     2 3.7632e+09    0   10 3.7755e+09 3.7632e+09  0.32%     -   74s
     1     4 3.7632e+09    1   11 3.7755e+09 3.7632e+09  0.32%   308   78s
     3     8 3.7632e+09    2   12 3.7755e+09 3.7632e+09  0.32%   469   80s
     7    16 3.7633e+09    3   14 3.7755e+09 3.7632e+09  0.32%   536   85s
    15    32 3.7633e+09    4    8 3.7755e+09 3.7632e+09  0.32%   642   92s
    31    64 3.7634e+09    5    6 3.7755e+09 3.7633e+09  0.32%   717  103s
H   39    64                    3.775456e+09 3.7633e+09  0.32%   668  103s
    63    96 3.7634e+09    6    7 3.7755e+09 3.7633e+09  0.32%   784  112s
H   95   128                    3.775453e+09 3.7633e+09  0.32%   742  362s
   127   160 3.7634e+09    8    8 3.7755e+09 3.7633e+09  0.32%   688  370s
   186   192 3.7634e+09    9    3 3.7755e+09 3.7633e+09  0.32%   590  375s
   191   231 3.7634e+09   10    8 3.7755e+09 3.7633e+09  0.32%   587  385s
   230   406 3.7634e+09   12    7 3.7755e+09 3.7633e+09  0.32%   564  398s
   405   993 3.7634e+09   19    7 3.7755e+09 3.7633e+09  0.32%   445  428s
   992  1774 3.7635e+09   42    6 3.7755e+09 3.7633e+09  0.32%   291  470s
  1773  2212 3.7637e+09   71    4 3.7755e+09 3.7633e+09  0.32%   246  536s
  2211  3082 3.7637e+09   88    3 3.7755e+09 3.7633e+09  0.32%   223  576s
  3085  3934 3.7639e+09  117    2 3.7755e+09 3.7633e+09  0.32%   221  610s
  3947  4708 3.7641e+09  146    2 3.7755e+09 3.7633e+09  0.32%   208  634s
  4865  5453 3.7642e+09  175    6 3.7755e+09 3.7633e+09  0.32%   182  653s
  5793  6119 3.7645e+09  204    1 3.7755e+09 3.7633e+09  0.32%   160  674s
  6694  6790 3.7716e+09  229    3 3.7755e+09 3.7633e+09  0.32%   153  697s
  7528  7345 3.7721e+09  256    2 3.7755e+09 3.7633e+09  0.32%   154  720s
  8335  7865 3.7745e+09  276    1 3.7755e+09 3.7633e+09  0.32%   163  748s
  8958  8589 3.7635e+09   17    1 3.7755e+09 3.7633e+09  0.32%   169  775s
  9718  9363 3.7637e+09   27    3 3.7755e+09 3.7633e+09  0.32%   169  797s
 10509 10118 3.7644e+09   37    4 3.7755e+09 3.7633e+09  0.32%   169  816s
H11300 10117                    3.775440e+09 3.7633e+09  0.32%   167  838s
 11301 10118 3.7708e+09  215   10 3.7754e+09 3.7633e+09  0.32%   167  924s
 11302 10119 3.7660e+09  108   10 3.7754e+09 3.7633e+09  0.32%   167  925s
 11303 10119 3.7677e+09  152   18 3.7754e+09 3.7633e+09  0.32%   167  951s
 11304 10120 3.7633e+09   12   13 3.7754e+09 3.7633e+09  0.32%   167  987s
 11305 10121 3.7635e+09   19   18 3.7754e+09 3.7633e+09  0.32%   167 1004s
 11306 10121 3.7677e+09  153   11 3.7754e+09 3.7633e+09  0.32%   167 1009s
 11307 10122 3.7685e+09  169   13 3.7754e+09 3.7633e+09  0.32%   167 1013s
 11308 10123 3.7660e+09   65    8 3.7754e+09 3.7633e+09  0.32%   167 1030s
 11309 10123 3.7726e+09  266    9 3.7754e+09 3.7633e+09  0.32%   167 1052s
 11310 10124 3.7645e+09   49    7 3.7754e+09 3.7633e+09  0.32%   167 1057s
 11311 10125 3.7720e+09  250    8 3.7754e+09 3.7633e+09  0.32%   167 1072s
 11312 10125 3.7660e+09   59    7 3.7754e+09 3.7633e+09  0.32%   167 1089s
 11313 10126 3.7634e+09   50    7 3.7754e+09 3.7633e+09  0.32%   167 1092s
 11314 10127 3.7639e+09   58    7 3.7754e+09 3.7633e+09  0.32%   167 1111s
 11315 10127 3.7743e+09  144    8 3.7754e+09 3.7633e+09  0.32%   167 1130s
 11317 10129 3.7651e+09   74    7 3.7754e+09 3.7633e+09  0.32%   167 1150s
 11318 10129 3.7652e+09   80    7 3.7754e+09 3.7633e+09  0.32%   167 1180s
 11319 10130 3.7668e+09  121    7 3.7754e+09 3.7633e+09  0.32%   167 1205s
 11320 10131 3.7719e+09   53    7 3.7754e+09 3.7633e+09  0.32%   167 1230s
 11321 10131 3.7641e+09   17    7 3.7754e+09 3.7633e+09  0.32%   167 1237s
 11322 10132 3.7650e+09   40    6 3.7754e+09 3.7633e+09  0.32%   167 1256s
 11323 10133 3.7644e+09   36    7 3.7754e+09 3.7633e+09  0.32%   167 1284s
 11324 10133 3.7650e+09   61    8 3.7754e+09 3.7633e+09  0.32%   167 1291s
 11326 10135 3.7718e+09  230    8 3.7754e+09 3.7633e+09  0.32%   167 1301s
 11327 10135 3.7658e+09  115    6 3.7754e+09 3.7633e+09  0.32%   167 1328s
 11328 10136 3.7637e+09   29    7 3.7754e+09 3.7633e+09  0.32%   167 1338s
 11329 10137 3.7705e+09  205    7 3.7754e+09 3.7633e+09  0.32%   167 1359s
 11330 10137 3.7688e+09  122    8 3.7754e+09 3.7633e+09  0.32%   167 1390s
 11331 10138 3.7636e+09   24    8 3.7754e+09 3.7633e+09  0.32%   167 1412s
 11332 10139 3.7692e+09  198    8 3.7754e+09 3.7633e+09  0.32%   167 1434s
 11333 10139 3.7653e+09   96    8 3.7754e+09 3.7633e+09  0.32%   167 1445s
 11334 10140 3.7636e+09   28    8 3.7754e+09 3.7633e+09  0.32%   167 1475s
 11335 10144 3.7633e+09   16    7 3.7754e+09 3.7633e+09  0.32%   188 1488s
 11337 10147 3.7633e+09   17    6 3.7754e+09 3.7633e+09  0.32%   188 1498s
 11341 10154 3.7633e+09   18    6 3.7754e+09 3.7633e+09  0.32%   188 1517s
 11349 10167 3.7633e+09   19    6 3.7754e+09 3.7633e+09  0.32%   188 1535s
 11365 10194 3.7633e+09   20    9 3.7754e+09 3.7633e+09  0.32%   189 1551s
 11397 10215 3.7633e+09   21    8 3.7754e+09 3.7633e+09  0.32%   190 1561s
 11429 10236 3.7636e+09   21    5 3.7754e+09 3.7633e+09  0.32%   192 1577s
 11461 10258 3.7633e+09   22    8 3.7754e+09 3.7633e+09  0.32%   193 1585s
 11493 10279 3.7634e+09   22    6 3.7754e+09 3.7633e+09  0.32%   194 1940s
 11525 10326 3.7633e+09   23    7 3.7754e+09 3.7633e+09  0.32%   195 1949s
 11583 10339 3.7633e+09   24    6 3.7754e+09 3.7633e+09  0.32%   196 2234s
 11615 10387 3.7634e+09   24    3 3.7754e+09 3.7633e+09  0.32%   197 2244s
 11674 10702 3.7634e+09   25    7 3.7754e+09 3.7633e+09  0.32%   198 2283s
 12008 11260 3.7634e+09   28    4 3.7754e+09 3.7633e+09  0.32%   202 2342s
 12678 11546 3.7634e+09   35    7 3.7754e+09 3.7633e+09  0.32%   204 2433s
 13187 12273 3.7636e+09   35    3 3.7754e+09 3.7633e+09  0.32%   204 2502s
 14084 12847 3.7634e+09   50    3 3.7754e+09 3.7633e+09  0.32%   206 2555s
 14965 13389 3.7639e+09   64    1 3.7754e+09 3.7633e+09  0.32%   206 2601s
 15845 13882 3.7636e+09   78    5 3.7754e+09 3.7633e+09  0.32%   206 2636s
 16759 14328 3.7637e+09   88    5 3.7754e+09 3.7633e+09  0.32%   202 2668s
 17676 14732 3.7637e+09   99    3 3.7754e+09 3.7633e+09  0.32%   197 2751s
 18542 15165 3.7657e+09  108    3 3.7754e+09 3.7633e+09  0.32%   196 2785s
 19456 15471 3.7638e+09  120    2 3.7754e+09 3.7633e+09  0.32%   197 2825s
 20305 15893 3.7638e+09  131    1 3.7754e+09 3.7633e+09  0.32%   200 2859s
 21168 16350 3.7639e+09  141    2 3.7754e+09 3.7633e+09  0.32%   200 2895s
 21968 16888 3.7640e+09  152    3 3.7754e+09 3.7633e+09  0.32%   202 2928s
 22811 17378 3.7640e+09  163    2 3.7754e+09 3.7633e+09  0.32%   205 2959s
 23673 17781 3.7641e+09  174    3 3.7754e+09 3.7633e+09  0.32%   204 2987s
 24518 18065 3.7642e+09  184    3 3.7754e+09 3.7633e+09  0.32%   204 3025s
 25287 17837 3.7642e+09  193    6 3.7754e+09 3.7633e+09  0.32%   205 3264s
 25320 18179 3.7690e+09  193    3 3.7754e+09 3.7633e+09  0.32%   205 3291s
 25893 18520 3.7694e+09  201    3 3.7754e+09 3.7633e+09  0.32%   205 3326s
 26597 18858 3.7645e+09  216    1 3.7754e+09 3.7633e+09  0.32%   208 3360s
 27279 19201 3.7712e+09  230    3 3.7754e+09 3.7633e+09  0.32%   213 3396s
 27935 19641 3.7716e+09  245    3 3.7754e+09 3.7633e+09  0.32%   217 3430s
 28642 20083     cutoff  259      3.7754e+09 3.7633e+09  0.32%   220 3464s
 29414 20597 3.7721e+09  274    1 3.7754e+09 3.7633e+09  0.32%   221 3519s
 30223 20328 3.7676e+09   51    2 3.7754e+09 3.7633e+09  0.32%   223 3520s
 30335 20880     cutoff  288      3.7754e+09 3.7633e+09  0.32%   224 3553s
 31081 21288 3.7634e+09   24    9 3.7754e+09 3.7633e+09  0.32%   225 3580s
 31829 21073 3.7636e+09   39    4 3.7754e+09 3.7633e+09  0.32%   224 3600s

Cutting planes:
  Gomory: 2
  Lift-and-project: 12
  Implied bound: 1236
  MIR: 221
  Flow cover: 237
  Flow path: 172
  Relax-and-lift: 5

Explored 31872 nodes (7415925 simplex iterations) in 3601.08 seconds (2525.02 work units)
Thread count was 32 (of 36 available processors)

Solution count 8: 3.77544e+09 3.77545e+09 3.77546e+09 ... 3.91887e+09

Time limit reached
Best objective 3.775439910015e+09, best bound 3.763299021563e+09, gap 0.3216%

User-callback calls 838807, time in user-callback 0.33 sec
Set parameter TokenServer to value "license-1.hpc.nrel.gov"
Set parameter TimeLimit to value 3600
Set parameter MIPGap to value 0.001
Set parameter MIPGap to value 0.001
Set parameter TimeLimit to value 3600
Gurobi Optimizer version 9.5.1 build v9.5.1rc2 (linux64)
Thread count: 36 physical cores, 36 logical processors, using up to 32 threads
Optimize a model with 332260 rows, 1381848 columns and 2818080 nonzeros
Model fingerprint: 0xc8781c68
Coefficient statistics:
  Matrix range     [3e-06, 7e+03]
  Objective range  [2e-01, 2e+07]
  Bounds range     [1e+00, 1e+08]
  RHS range        [1e-03, 2e+05]

Concurrent LP optimizer: primal simplex, dual simplex, and barrier
Showing barrier log only...

Presolve removed 326670 rows and 1095513 columns
Presolve time: 1.55s
Presolved: 5590 rows, 286335 columns, 570564 nonzeros

Ordering time: 0.05s

Barrier statistics:
 AA' NZ     : 2.842e+05
 Factor NZ  : 5.821e+05 (roughly 120 MB of memory)
 Factor Ops : 6.366e+07 (less than 1 second per iteration)
 Threads    : 30

                  Objective                Residual
Iter       Primal          Dual         Primal    Dual     Compl     Time
   0   1.90845643e+13 -7.64911898e+11  9.36e+07 1.70e+02  2.68e+08     2s
   1   4.95000569e+12 -2.37229907e+11  2.43e+07 4.55e-13  7.01e+07     2s
   2   1.09081074e+12 -1.26514112e+10  5.33e+06 4.38e-12  1.54e+07     2s
   3   6.79172631e+09 -3.39919466e+09  1.27e+04 7.67e-12  6.27e+04     2s
   4   4.37884516e+09  1.97646353e+09  1.17e+03 1.36e-12  1.05e+04     2s
   5   4.07552039e+09  3.05237237e+09  1.85e+02 6.82e-13  3.82e+03     2s
   6   3.96504993e+09  3.36463488e+09  4.42e+01 5.12e-13  2.13e+03     2s
   7   3.93880057e+09  3.51951093e+09  3.19e+01 2.84e-13  1.48e+03     2s
   8   3.85780136e+09  3.62755217e+09  4.60e+00 2.84e-13  7.98e+02     2s
   9   3.83650565e+09  3.68043663e+09  2.85e+00 5.12e-13  5.42e+02     2s
  10   3.81130319e+09  3.73178547e+09  1.27e+00 9.66e-13  2.76e+02     2s
  11   3.79841614e+09  3.74841023e+09  7.02e-01 1.11e-12  1.73e+02     2s

Barrier performed 11 iterations in 2.18 seconds (1.42 work units)
Barrier solve interrupted - model solved by another algorithm


Solved with primal simplex
Solved in 38032 iterations and 2.19 seconds (1.43 work units)
Optimal objective  3.775439910e+09

User-callback calls 273, time in user-callback 0.00 sec
[ Info:  started timer at: 2023-03-24T13:05:16.899
[ Info: Reading /projects/pvsoiling/RELOG/Recycling_cap_NAICS_1/input/solver/case.json...
[ Info:          134 collection centers
[ Info:          309 candidate plant locations
[ Info: Building graph...
[ Info:               26 time periods
[ Info:              309 process nodes
[ Info:             4944 shipping nodes (plant)
[ Info:              134 shipping nodes (collection)
[ Info:            46350 arcs
[ Info: Building optimization model...
[ Info: Optimizing MILP...
[ Info: Re-optimizing with integer variables fixed...
[ Info: Extracting solution...
[ Info:       3651.261981458s: 1 hour, 51 seconds, 261 milliseconds
