Set parameter TokenServer to value "license-1.hpc.nrel.gov"
Set parameter TimeLimit to value 3600
Set parameter MIPGap to value 0.001
Set parameter MIPGap to value 0.001
Set parameter TimeLimit to value 3600
Gurobi Optimizer version 9.5.1 build v9.5.1rc2 (linux64)
Thread count: 36 physical cores, 36 logical processors, using up to 32 threads
Optimize a model with 84446 rows, 992940 columns and 2037872 nonzeros
Model fingerprint: 0x8c9d2e55
Variable types: 979004 continuous, 13936 integer (13936 binary)
Coefficient statistics:
  Matrix range     [1e+00, 1e+05]
  Objective range  [2e-01, 8e+05]
  Bounds range     [1e+05, 1e+08]
  RHS range        [8e-01, 2e+06]
Presolve removed 71584 rows and 57084 columns
Presolve time: 3.75s
Presolved: 12862 rows, 935856 columns, 1878144 nonzeros
Variable types: 933176 continuous, 2680 integer (2680 binary)

Deterministic concurrent LP optimizer: primal and dual simplex
Showing first log only...

Concurrent spin time: 0.02s

Solved with dual simplex

Root relaxation: objective 3.147539e+09, 6468 iterations, 1.91 seconds (1.35 work units)

    Nodes    |    Current Node    |     Objective Bounds      |     Work
 Expl Unexpl |  Obj  Depth IntInf | Incumbent    BestBd   Gap | It/Node Time

     0     0 3.1475e+09    0  480          - 3.1475e+09      -     -    7s
H    0     0                    3.184877e+09 3.1475e+09  1.17%     -    8s
H    0     0                    3.179925e+09 3.1475e+09  1.02%     -    9s
     0     0 3.1511e+09    0  434 3.1799e+09 3.1511e+09  0.91%     -   12s
H    0     0                    3.166689e+09 3.1511e+09  0.49%     -   14s
H    0     0                    3.157319e+09 3.1511e+09  0.20%     -   15s
     0     0 3.1513e+09    0  460 3.1573e+09 3.1513e+09  0.19%     -   16s
     0     0 3.1513e+09    0  460 3.1573e+09 3.1513e+09  0.19%     -   16s
     0     0 3.1527e+09    0  331 3.1573e+09 3.1527e+09  0.15%     -   18s
     0     0 3.1527e+09    0  338 3.1573e+09 3.1527e+09  0.15%     -   19s
     0     0 3.1527e+09    0  338 3.1573e+09 3.1527e+09  0.15%     -   19s
     0     0 3.1533e+09    0  388 3.1573e+09 3.1533e+09  0.13%     -   21s
     0     0 3.1534e+09    0  395 3.1573e+09 3.1534e+09  0.13%     -   23s
     0     0 3.1534e+09    0  381 3.1573e+09 3.1534e+09  0.13%     -   23s
     0     0 3.1534e+09    0  405 3.1573e+09 3.1534e+09  0.13%     -   23s
     0     0 3.1537e+09    0  397 3.1573e+09 3.1537e+09  0.12%     -   25s
     0     0 3.1537e+09    0  385 3.1573e+09 3.1537e+09  0.11%     -   27s
     0     0 3.1537e+09    0  401 3.1573e+09 3.1537e+09  0.11%     -   27s
     0     0 3.1538e+09    0  305 3.1573e+09 3.1538e+09  0.11%     -   29s
H    0     0                    3.154285e+09 3.1538e+09  0.02%     -   30s

Cutting planes:
  Implied bound: 982
  MIR: 71
  Flow cover: 95
  Relax-and-lift: 252

Explored 1 nodes (9740 simplex iterations) in 30.34 seconds (19.26 work units)
Thread count was 32 (of 36 available processors)

Solution count 5: 3.15429e+09 3.15732e+09 3.16669e+09 ... 3.18488e+09

Optimal solution found (tolerance 1.00e-03)
Best objective 3.154285373723e+09, best bound 3.153760933789e+09, gap 0.0166%

User-callback calls 2914, time in user-callback 0.01 sec
Set parameter TokenServer to value "license-1.hpc.nrel.gov"
Set parameter TimeLimit to value 3600
Set parameter MIPGap to value 0.001
Set parameter MIPGap to value 0.001
Set parameter TimeLimit to value 3600
Gurobi Optimizer version 9.5.1 build v9.5.1rc2 (linux64)
Thread count: 36 physical cores, 36 logical processors, using up to 32 threads
Optimize a model with 84446 rows, 992940 columns and 2037872 nonzeros
Model fingerprint: 0xee8ef039
Coefficient statistics:
  Matrix range     [1e+00, 1e+05]
  Objective range  [2e-01, 8e+05]
  Bounds range     [1e+00, 1e+08]
  RHS range        [8e-01, 2e+06]

Concurrent LP optimizer: primal simplex, dual simplex, and barrier
Showing barrier log only...

Presolve removed 76435 rows and 381859 columns
Presolve time: 1.25s
Presolved: 8011 rows, 611081 columns, 1217633 nonzeros

Ordering time: 0.01s

Barrier statistics:
 AA' NZ     : 6.066e+05
 Factor NZ  : 1.094e+06 (roughly 260 MB of memory)
 Factor Ops : 1.922e+08 (less than 1 second per iteration)
 Threads    : 30

Barrier performed 0 iterations in 1.54 seconds (0.78 work units)
Barrier solve interrupted - model solved by another algorithm


Solved with dual simplex
Solved in 6497 iterations and 1.55 seconds (0.87 work units)
Optimal objective  3.154285374e+09

User-callback calls 79, time in user-callback 0.00 sec
      Status `~/.julia/environments/v1.7/Project.toml`
  [c27321d9] Glob v1.3.0
  [2e9cd046] Gurobi v0.11.3
  [4076af6c] JuMP v1.9.0
  [a2afcdf7] RELOG v0.7.2
  [9ff05d80] TickTock v1.2.0
[ Info:  started timer at: 2023-03-25T11:19:30.371
[ Info: Reading /projects/pvsoiling/RELOG/Manufacturing_40209_0001/input/solver/case.json...
[ Info:          134 collection centers
[ Info:          268 candidate plant locations
[ Info: Building graph...
[ Info:           26 time periods
[ Info:          268 process nodes
[ Info:          268 shipping nodes (plant)
[ Info:          134 shipping nodes (collection)
[ Info:        36180 arcs
[ Info: Building optimization model...
[ Info: Optimizing MILP...
[ Info: Re-optimizing with integer variables fixed...
[ Info: Extracting solution...
[ Info:         75.687496166s: 1 minute, 15 seconds, 687 milliseconds
