Set parameter TokenServer to value "license-1.hpc.nrel.gov"
Set parameter TimeLimit to value 3600
Set parameter MIPGap to value 0.001
Set parameter MIPGap to value 0.001
Set parameter TimeLimit to value 3600
Gurobi Optimizer version 9.5.1 build v9.5.1rc2 (linux64)
Thread count: 36 physical cores, 36 logical processors, using up to 32 threads
Optimize a model with 80158 rows, 992940 columns and 2033584 nonzeros
Model fingerprint: 0x1e84f9d2
Variable types: 979004 continuous, 13936 integer (13936 binary)
Coefficient statistics:
  Matrix range     [1e+00, 1e+05]
  Objective range  [2e-01, 8e+05]
  Bounds range     [1e+05, 1e+08]
  RHS range        [8e-01, 8e+05]
Presolve removed 63010 rows and 53332 columns
Presolve time: 4.17s
Presolved: 17148 rows, 939608 columns, 1885648 nonzeros
Variable types: 932640 continuous, 6968 integer (6968 binary)

Deterministic concurrent LP optimizer: primal and dual simplex
Showing first log only...


Root simplex log...

Iteration    Objective       Primal Inf.    Dual Inf.      Time
       0    1.9358266e+09   9.933436e+05   1.657152e+11      8s
Concurrent spin time: 0.33s

Solved with dual simplex

Root relaxation: objective 2.195795e+09, 10293 iterations, 2.38 seconds (1.43 work units)

    Nodes    |    Current Node    |     Objective Bounds      |     Work
 Expl Unexpl |  Obj  Depth IntInf | Incumbent    BestBd   Gap | It/Node Time

     0     0 2.1958e+09    0 2054          - 2.1958e+09      -     -    9s
H    0     0                    2.281292e+09 2.1958e+09  3.75%     -   10s
H    0     0                    2.271309e+09 2.1958e+09  3.32%     -   11s
H    0     0                    2.270939e+09 2.1958e+09  3.31%     -   12s
     0     0 2.2088e+09    0 2096 2.2709e+09 2.2088e+09  2.73%     -   16s
H    0     0                    2.265535e+09 2.2088e+09  2.50%     -   17s
H    0     0                    2.250649e+09 2.2088e+09  1.86%     -   18s
     0     0 2.2134e+09    0 1816 2.2506e+09 2.2134e+09  1.66%     -   19s
     0     0 2.2134e+09    0 1840 2.2506e+09 2.2134e+09  1.65%     -   20s
     0     0 2.2134e+09    0 1840 2.2506e+09 2.2134e+09  1.65%     -   20s
     0     0 2.2178e+09    0 2172 2.2506e+09 2.2178e+09  1.46%     -   24s
H    0     0                    2.236650e+09 2.2178e+09  0.84%     -   25s
     0     0 2.2184e+09    0 2016 2.2367e+09 2.2184e+09  0.82%     -   27s
     0     0 2.2184e+09    0 2073 2.2367e+09 2.2184e+09  0.81%     -   27s
     0     0 2.2184e+09    0 2073 2.2367e+09 2.2184e+09  0.81%     -   28s
     0     0 2.2201e+09    0 2091 2.2367e+09 2.2201e+09  0.74%     -   31s
H    0     0                    2.231377e+09 2.2201e+09  0.51%     -   32s
     0     0 2.2202e+09    0 2136 2.2314e+09 2.2202e+09  0.50%     -   33s
     0     0 2.2202e+09    0 2084 2.2314e+09 2.2202e+09  0.50%     -   34s
     0     0 2.2202e+09    0 2125 2.2314e+09 2.2202e+09  0.50%     -   35s
     0     0 2.2213e+09    0 1968 2.2314e+09 2.2213e+09  0.45%     -   38s
H    0     0                    2.227566e+09 2.2213e+09  0.28%     -   39s
H    0     0                    2.227513e+09 2.2213e+09  0.28%     -   40s
     0     0 2.2214e+09    0 1904 2.2275e+09 2.2214e+09  0.28%     -   40s
     0     0 2.2214e+09    0 1940 2.2275e+09 2.2214e+09  0.28%     -   41s
     0     0 2.2218e+09    0 1731 2.2275e+09 2.2218e+09  0.26%     -   45s
H    0     0                    2.226788e+09 2.2218e+09  0.22%     -   46s
     0     0 2.2218e+09    0 1634 2.2268e+09 2.2218e+09  0.22%     -   48s
     0     0 2.2218e+09    0 1739 2.2268e+09 2.2218e+09  0.22%     -   48s
     0     0 2.2220e+09    0 1379 2.2268e+09 2.2220e+09  0.21%     -   52s
H    0     0                    2.225320e+09 2.2220e+09  0.15%     -   53s
     0     0 2.2221e+09    0 1462 2.2253e+09 2.2221e+09  0.15%     -   54s
     0     0 2.2221e+09    0 1360 2.2253e+09 2.2221e+09  0.15%     -   55s
     0     0 2.2221e+09    0 1481 2.2253e+09 2.2221e+09  0.14%     -   58s
H    0     0                    2.225112e+09 2.2221e+09  0.13%     -   59s
     0     0 2.2222e+09    0 1597 2.2251e+09 2.2222e+09  0.13%     -   60s
     0     0 2.2223e+09    0 1461 2.2251e+09 2.2223e+09  0.13%     -   61s
     0     0 2.2223e+09    0 1543 2.2251e+09 2.2223e+09  0.12%     -   64s
H    0     0                    2.224587e+09 2.2223e+09  0.10%     -   65s
     0     0 2.2224e+09    0 1575 2.2246e+09 2.2224e+09  0.10%     -   66s

Cutting planes:
  Implied bound: 4415
  MIR: 166
  Flow cover: 235
  Relax-and-lift: 957

Explored 1 nodes (24190 simplex iterations) in 66.70 seconds (39.31 work units)
Thread count was 32 (of 36 available processors)

Solution count 10: 2.22459e+09 2.22511e+09 2.22532e+09 ... 2.26553e+09

Optimal solution found (tolerance 1.00e-03)
Best objective 2.224586746870e+09, best bound 2.222365693595e+09, gap 0.0998%

User-callback calls 7574, time in user-callback 0.01 sec
Set parameter TokenServer to value "license-1.hpc.nrel.gov"
Set parameter TimeLimit to value 3600
Set parameter MIPGap to value 0.001
Set parameter MIPGap to value 0.001
Set parameter TimeLimit to value 3600
Gurobi Optimizer version 9.5.1 build v9.5.1rc2 (linux64)
Thread count: 36 physical cores, 36 logical processors, using up to 32 threads
Optimize a model with 80158 rows, 992940 columns and 2033584 nonzeros
Model fingerprint: 0xd89942f5
Coefficient statistics:
  Matrix range     [1e+00, 1e+05]
  Objective range  [2e-01, 8e+05]
  Bounds range     [1e+00, 1e+08]
  RHS range        [8e-01, 8e+05]

Concurrent LP optimizer: primal simplex, dual simplex, and barrier
Showing barrier log only...

Presolve removed 73725 rows and 594551 columns
Presolve time: 1.03s
Presolved: 6433 rows, 398389 columns, 793825 nonzeros

Ordering time: 0.01s

Barrier statistics:
 AA' NZ     : 3.954e+05
 Factor NZ  : 7.502e+05 (roughly 170 MB of memory)
 Factor Ops : 1.171e+08 (less than 1 second per iteration)
 Threads    : 30

                  Objective                Residual
Iter       Primal          Dual         Primal    Dual     Compl     Time
   0   6.05981955e+11 -2.96855154e+10  1.46e+06 7.11e-15  2.36e+06     1s
   1   4.91752148e+10 -1.32702714e+10  1.12e+05 3.34e+01  2.24e+05     1s
   2   2.06787739e+10 -3.98230040e+09  3.55e+04 1.51e+01  8.22e+04     1s
   3   1.05587863e+10 -1.17069140e+09  1.17e+04 9.03e+00  3.65e+04     1s
   4   4.51883396e+09  4.78910180e+08  1.12e+03 4.81e+00  1.17e+04     1s
   5   3.53369204e+09  1.32977680e+09  5.26e+02 2.51e+00  6.25e+03     1s

Barrier performed 5 iterations in 1.41 seconds (0.87 work units)
Barrier solve interrupted - model solved by another algorithm


Solved with dual simplex
Solved in 4374 iterations and 1.47 seconds (0.72 work units)
Optimal objective  2.224586747e+09

User-callback calls 110, time in user-callback 0.00 sec
[ Info:  started timer at: 2023-03-29T15:47:15.488
[ Info: Reading /projects/pvsoiling/RELOG/Manufacturing_40209_0001/input/solver/case.json...
[ Info:          134 collection centers
[ Info:          268 candidate plant locations
[ Info: Building graph...
[ Info:           26 time periods
[ Info:          268 process nodes
[ Info:          268 shipping nodes (plant)
[ Info:          134 shipping nodes (collection)
[ Info:        36180 arcs
[ Info: Building optimization model...
[ Info: Optimizing MILP...
[ Info: Re-optimizing with integer variables fixed...
[ Info: Extracting solution...
[ Info:        112.293286804s: 1 minute, 52 seconds, 293 milliseconds
