Set parameter TokenServer to value "license-1.hpc.nrel.gov"
Set parameter TimeLimit to value 3600
Set parameter MIPGap to value 0.001
Set parameter MIPGap to value 0.001
Set parameter TimeLimit to value 3600
Gurobi Optimizer version 9.5.1 build v9.5.1rc2 (linux64)
Thread count: 36 physical cores, 36 logical processors, using up to 32 threads
Optimize a model with 288636 rows, 1198496 columns and 2444160 nonzeros
Model fingerprint: 0x3649fed6
Variable types: 1184560 continuous, 13936 integer (13936 binary)
Coefficient statistics:
  Matrix range     [3e-06, 1e+04]
  Objective range  [1e-01, 1e+07]
  Bounds range     [1e+04, 1e+08]
  RHS range        [1e-03, 2e+05]
Presolve removed 271484 rows and 251116 columns
Presolve time: 3.15s
Presolved: 17152 rows, 947380 columns, 1901192 nonzeros
Variable types: 947112 continuous, 268 integer (268 binary)

Deterministic concurrent LP optimizer: primal and dual simplex
Showing first log only...


Root simplex log...

Iteration    Objective       Primal Inf.    Dual Inf.      Time
       0    3.3744953e+09   7.688102e+05   6.800209e+11      7s
  161625    3.2027883e+09   0.000000e+00   0.000000e+00     10s
Concurrent spin time: 0.33s

Solved with primal simplex

Root relaxation: objective 3.202788e+09, 161625 iterations, 5.90 seconds (5.19 work units)

    Nodes    |    Current Node    |     Objective Bounds      |     Work
 Expl Unexpl |  Obj  Depth IntInf | Incumbent    BestBd   Gap | It/Node Time

     0     0 3.2028e+09    0   16          - 3.2028e+09      -     -   11s
H    0     0                    3.359000e+09 3.2028e+09  4.65%     -   12s
     0     0 3.2032e+09    0   17 3.3590e+09 3.2032e+09  4.64%     -   17s
H    0     0                    3.358538e+09 3.2032e+09  4.63%     -   18s
     0     0 3.2032e+09    0   19 3.3585e+09 3.2032e+09  4.63%     -   20s
     0     0 3.2032e+09    0   19 3.3585e+09 3.2032e+09  4.63%     -   20s
     0     0 3.2033e+09    0   15 3.3585e+09 3.2033e+09  4.62%     -   23s
H    0     0                    3.310627e+09 3.2033e+09  3.24%     -   23s
     0     0 3.2033e+09    0   11 3.3106e+09 3.2033e+09  3.24%     -   25s
     0     0 3.2033e+09    0   11 3.3106e+09 3.2033e+09  3.24%     -   25s
     0     0 3.2033e+09    0    8 3.3106e+09 3.2033e+09  3.24%     -   27s
H    0     0                    3.294053e+09 3.2033e+09  2.75%     -   27s
H    0     0                    3.263443e+09 3.2033e+09  1.84%     -   27s
     0     0 3.2033e+09    0    8 3.2634e+09 3.2033e+09  1.84%     -   28s
     0     0 3.2033e+09    0    8 3.2634e+09 3.2033e+09  1.84%     -   29s
     0     0 3.2033e+09    0    7 3.2634e+09 3.2033e+09  1.84%     -   30s
H    0     0                    3.263352e+09 3.2033e+09  1.84%     -   30s
     0     0 3.2033e+09    0    7 3.2634e+09 3.2033e+09  1.84%     -   31s
     0     0 3.2033e+09    0    7 3.2634e+09 3.2033e+09  1.84%     -   32s
H    0     0                    3.263291e+09 3.2033e+09  1.84%     -   33s
     0     0 3.2033e+09    0    7 3.2633e+09 3.2033e+09  1.84%     -   34s
     0     0 3.2033e+09    0    7 3.2633e+09 3.2033e+09  1.84%     -   35s
     0     0 3.2033e+09    0    8 3.2633e+09 3.2033e+09  1.84%     -   35s
     0     0 3.2033e+09    0    8 3.2633e+09 3.2033e+09  1.84%     -   37s
     0     0 3.2033e+09    0    8 3.2633e+09 3.2033e+09  1.84%     -   38s
     0     0 3.2033e+09    0    7 3.2633e+09 3.2033e+09  1.84%     -   39s
     0     0 3.2033e+09    0    7 3.2633e+09 3.2033e+09  1.84%     -   40s
     0     0 3.2033e+09    0    7 3.2633e+09 3.2033e+09  1.84%     -   41s
     0     0 3.2033e+09    0    7 3.2633e+09 3.2033e+09  1.84%     -   45s
     0     2 3.2033e+09    0    7 3.2633e+09 3.2033e+09  1.84%     -   51s
H    6     8                    3.249339e+09 3.2033e+09  1.42%   170   54s
     7    16 3.2034e+09    3   11 3.2493e+09 3.2033e+09  1.42%   221   56s
H   24    32                    3.234085e+09 3.2034e+09  0.95%   256   59s
    31    64 3.2034e+09    5    7 3.2341e+09 3.2034e+09  0.95%   331   64s
H   39    64                    3.232370e+09 3.2034e+09  0.90%   314   64s
    63    96 3.2034e+09    6    6 3.2324e+09 3.2034e+09  0.90%   422   67s
H   71    96                    3.217471e+09 3.2034e+09  0.44%   389   67s
    95   128 3.2034e+09    7    5 3.2175e+09 3.2034e+09  0.44%   377   76s
H  103   128                    3.217213e+09 3.2034e+09  0.43%   362   76s
H  116   128                    3.217196e+09 3.2034e+09  0.43%   365   76s
   159   192 3.2034e+09    8    4 3.2172e+09 3.2034e+09  0.43%   361   88s
H  189   192                    3.217020e+09 3.2034e+09  0.42%   343   89s
   191   224 3.2034e+09    9    3 3.2170e+09 3.2034e+09  0.42%   343   94s
   223   268 3.2034e+09   10    3 3.2170e+09 3.2034e+09  0.42%   332   96s
   319   466 3.2035e+09   13    3 3.2170e+09 3.2034e+09  0.42%   278  102s
   465   780 3.2035e+09   17    3 3.2170e+09 3.2034e+09  0.42%   231  110s
   779   812 3.2035e+09   30    2 3.2170e+09 3.2034e+09  0.42%   193  196s
H  781   812                    3.216964e+09 3.2034e+09  0.42%   193  196s
H  796   812                    3.216946e+09 3.2034e+09  0.42%   193  196s
   811  1292 3.2035e+09   31    2 3.2169e+09 3.2034e+09  0.42%   192  209s
  1291  1324 3.2036e+09   46    3 3.2169e+09 3.2034e+09  0.42%   166  283s
  1323  2094 3.2036e+09   47    3 3.2169e+09 3.2034e+09  0.42%   165  301s
  2103  2124 3.2036e+09   78    2 3.2169e+09 3.2034e+09  0.42%   150  372s
  2137  2854 3.2036e+09   79    1 3.2169e+09 3.2034e+09  0.42%   151  393s
  2992  3694 3.2037e+09  105    1 3.2169e+09 3.2034e+09  0.42%   127  409s
  4025  4541 3.2038e+09  138    2 3.2169e+09 3.2034e+09  0.42%   104  419s
  5044  5359 3.2039e+09  171    4 3.2169e+09 3.2034e+09  0.42%  88.2  431s
  6009  6072 3.2040e+09  204    2 3.2169e+09 3.2034e+09  0.42%  79.7  443s
  6889  6173     cutoff  235      3.2169e+09 3.2034e+09  0.42%  81.5  489s
  7054  6740     cutoff  236      3.2169e+09 3.2034e+09  0.42%  86.1  503s
  7789  7202 3.2040e+09    9    6 3.2169e+09 3.2034e+09  0.42%  95.6  519s
H 8284  7202                    3.216937e+09 3.2034e+09  0.42%   108  531s
  8285  7203 3.2066e+09   87    7 3.2169e+09 3.2034e+09  0.42%   108  544s
  8287  7204 3.2103e+09  196   16 3.2169e+09 3.2034e+09  0.42%   108  566s
  8288  7205 3.2116e+09  218   17 3.2169e+09 3.2034e+09  0.42%   108  587s
  8289  7206 3.2087e+09  169   14 3.2169e+09 3.2034e+09  0.42%   108  592s
  8291  7207 3.2062e+09   86    7 3.2169e+09 3.2034e+09  0.42%   108  595s
  8295  7210 3.2090e+09  191    6 3.2169e+09 3.2034e+09  0.42%   108  611s
  8296  7210 3.2117e+09  224    8 3.2169e+09 3.2034e+09  0.42%   108  627s
  8297  7211 3.2050e+09   31    8 3.2169e+09 3.2034e+09  0.42%   108  635s
  8298  7212 3.2087e+09  167    7 3.2169e+09 3.2034e+09  0.42%   108  649s
  8299  7212 3.2105e+09  208    8 3.2169e+09 3.2034e+09  0.42%   108  654s
  8300  7213 3.2073e+09  123    9 3.2169e+09 3.2034e+09  0.42%   108  662s
  8301  7214 3.2054e+09   23    7 3.2169e+09 3.2034e+09  0.42%   107  671s
  8302  7214 3.2053e+09   74    6 3.2169e+09 3.2034e+09  0.42%   107  677s
  8303  7215 3.2058e+09   85    9 3.2169e+09 3.2034e+09  0.42%   107  688s
  8304  7216 3.2100e+09  205    8 3.2169e+09 3.2034e+09  0.42%   107  695s
  8305  7216 3.2083e+09  151    8 3.2169e+09 3.2034e+09  0.42%   107  705s
  8306  7217 3.2035e+09   13    7 3.2169e+09 3.2034e+09  0.42%   107  711s
  8307  7218 3.2082e+09  150    9 3.2169e+09 3.2034e+09  0.42%   107  722s
  8308  7218 3.2066e+09   37    8 3.2169e+09 3.2034e+09  0.42%   107  731s
  8309  7219 3.2083e+09  146    9 3.2169e+09 3.2034e+09  0.42%   107  743s
  8310  7220 3.2162e+09  241   10 3.2169e+09 3.2034e+09  0.42%   107  751s
  8311  7220 3.2118e+09  226   10 3.2169e+09 3.2034e+09  0.42%   107  765s
  8312  7221 3.2045e+09   26   10 3.2169e+09 3.2034e+09  0.42%   107  771s
  8313  7222 3.2064e+09  100   10 3.2169e+09 3.2034e+09  0.42%   107  795s
  8314  7225 3.2034e+09   11    7 3.2169e+09 3.2034e+09  0.42%   128  806s
  8316  7229 3.2034e+09   12   10 3.2169e+09 3.2034e+09  0.42%   129  811s
  8320  7235 3.2034e+09   13   11 3.2169e+09 3.2034e+09  0.42%   129  817s
  8328  7249 3.2034e+09   14   10 3.2169e+09 3.2034e+09  0.42%   129  824s
  8344  7275 3.2034e+09   15    9 3.2169e+09 3.2034e+09  0.42%   130  834s
  8349  7274 3.2038e+09   15   11 3.2169e+09 3.2034e+09  0.42%   130  835s
  8408  7318 3.2044e+09   16    4 3.2169e+09 3.2034e+09  0.42%   134  875s
  8472  7361 3.2039e+09   17    6 3.2169e+09 3.2034e+09  0.42%   136  882s
  8504  7405 3.2034e+09   18    7 3.2169e+09 3.2034e+09  0.42%   137  885s
  8559  7419 3.2034e+09   19    7 3.2169e+09 3.2034e+09  0.42%   138 1106s
  8591  7440 3.2043e+09   19    6 3.2169e+09 3.2034e+09  0.42%   138 1121s
  8623  7462 3.2034e+09   20    7 3.2169e+09 3.2034e+09  0.42%   139 1126s
  8656  7527 3.2036e+09   20    7 3.2169e+09 3.2034e+09  0.42%   139 1131s
  8732  7588 3.2034e+09   21    6 3.2169e+09 3.2034e+09  0.42%   140 1135s
  8818  7653 3.2034e+09   22    5 3.2169e+09 3.2034e+09  0.42%   141 1140s
  9003  7783 3.2034e+09   24    4 3.2169e+09 3.2034e+09  0.42%   142 1150s
  9198  7937 3.2034e+09   27    3 3.2169e+09 3.2034e+09  0.42%   143 1159s
  9322  7975 3.2034e+09   29    1 3.2169e+09 3.2034e+09  0.42%   143 1213s
  9402  8090 3.2036e+09   29    3 3.2169e+09 3.2034e+09  0.42%   143 1217s
  9543  8189 3.2034e+09   32    2 3.2169e+09 3.2034e+09  0.42%   143 1223s
  9689  8369 3.2038e+09   34    3 3.2169e+09 3.2034e+09  0.42%   144 1230s
  9920  8508 3.2034e+09   38    1 3.2169e+09 3.2034e+09  0.42%   144 1236s
 10142  8642 3.2034e+09   42    2 3.2169e+09 3.2034e+09  0.42%   146 1243s
 10384  8787 3.2035e+09   45    3 3.2169e+09 3.2034e+09  0.42%   147 1250s
 10686  8935 3.2035e+09   47    3 3.2169e+09 3.2034e+09  0.42%   146 1257s
 11042  9147 3.2035e+09   49    3 3.2169e+09 3.2034e+09  0.42%   144 1265s
 11450  9380 3.2035e+09   52    1 3.2169e+09 3.2034e+09  0.42%   141 1273s
 11868  9767 3.2035e+09   54    3 3.2169e+09 3.2034e+09  0.42%   138 1282s
 12473 10201 3.2035e+09   55    4 3.2169e+09 3.2034e+09  0.42%   135 1291s
 13150 10539 3.2035e+09   59    1 3.2169e+09 3.2034e+09  0.42%   131 1300s
 13735 10984 3.2035e+09   63    1 3.2169e+09 3.2034e+09  0.42%   129 1310s
 14389 11241 3.2035e+09   67    1 3.2169e+09 3.2034e+09  0.42%   126 1318s
 15046 11446 3.2035e+09   71    2 3.2169e+09 3.2034e+09  0.42%   127 1327s
 15636 11683 3.2035e+09   74    1 3.2169e+09 3.2034e+09  0.42%   128 1337s
 16235 11982 3.2036e+09   77    1 3.2169e+09 3.2034e+09  0.42%   129 1347s
 16882 11797 3.2036e+09   80    3 3.2169e+09 3.2034e+09  0.42%   129 1608s
 16915 11986 3.2056e+09   80    3 3.2169e+09 3.2034e+09  0.42%   129 1627s
 17190 12492 3.2057e+09   82    3 3.2169e+09 3.2034e+09  0.42%   129 1638s
 17917 12937 3.2036e+09   87    2 3.2169e+09 3.2034e+09  0.42%   129 1651s
 18687 13485 3.2036e+09   92    1 3.2169e+09 3.2034e+09  0.42%   129 1663s
 19561 13958 3.2036e+09   97    3 3.2169e+09 3.2034e+09  0.42%   128 1674s
 20415 14422 3.2036e+09  102    2 3.2169e+09 3.2034e+09  0.42%   128 1687s
 21271 14829 3.2036e+09  108    2 3.2169e+09 3.2034e+09  0.42%   128 1699s
 22050 15283 3.2037e+09  115    2 3.2169e+09 3.2034e+09  0.42%   129 1715s
 22849 15048 3.2037e+09  121    1 3.2169e+09 3.2034e+09  0.42%   130 1927s
 22881 15842 3.2069e+09  121    2 3.2169e+09 3.2034e+09  0.42%   130 1942s
 23753 16329 3.2037e+09  127    4 3.2169e+09 3.2034e+09  0.42%   131 1956s
 24610 16853 3.2037e+09  133    4 3.2169e+09 3.2034e+09  0.42%   131 1970s
 25509 17336 3.2037e+09  140    3 3.2169e+09 3.2034e+09  0.42%   131 1986s
 26362 17831 3.2038e+09  147    2 3.2169e+09 3.2034e+09  0.42%   131 2000s
 27200 18328 3.2038e+09  153    1 3.2169e+09 3.2034e+09  0.42%   131 2014s
 28050 18683 3.2038e+09  159    2 3.2169e+09 3.2034e+09  0.42%   133 2030s
 28854 19317 3.2038e+09  165    3 3.2169e+09 3.2034e+09  0.42%   135 2065s
 29836 19851 3.2103e+09  181    3 3.2169e+09 3.2034e+09  0.42%   142 2084s
 30830 20557 3.2038e+09  194    2 3.2169e+09 3.2034e+09  0.42%   145 2100s
 31701 21252 3.2039e+09  205    1 3.2169e+09 3.2034e+09  0.42%   146 2116s
 32512 21835 3.2040e+09  218    1 3.2169e+09 3.2034e+09  0.42%   147 2134s
 33244 22519 3.2040e+09  230    1 3.2169e+09 3.2034e+09  0.42%   150 2152s
 34002 23180     cutoff  246      3.2169e+09 3.2034e+09  0.42%   152 2169s
 34792 23764 3.2168e+09  263    1 3.2169e+09 3.2034e+09  0.42%   154 2184s
 35467 23764 3.2041e+09   33    2 3.2169e+09 3.2034e+09  0.42%   155 2185s
 35521 24335 3.2049e+09   30    7 3.2169e+09 3.2034e+09  0.42%   155 2200s
 36176 24937 3.2087e+09   52    2 3.2169e+09 3.2034e+09  0.42%   157 2218s
 36859 25494 3.2131e+09   73    2 3.2169e+09 3.2034e+09  0.42%   159 2236s
 37559 26163 3.2140e+09  103    1 3.2169e+09 3.2034e+09  0.42%   161 2252s
 38361 26875 3.2142e+09  132    3 3.2169e+09 3.2034e+09  0.42%   162 2269s
 39170 27538     cutoff  165      3.2169e+09 3.2034e+09  0.42%   162 2287s
 39976 28277 3.2044e+09   23    2 3.2169e+09 3.2034e+09  0.42%   163 2304s
 40789 28944 3.2037e+09   24    1 3.2169e+09 3.2034e+09  0.42%   163 2321s
 41565 29638 3.2049e+09   29    4 3.2169e+09 3.2034e+09  0.42%   164 2336s
 42351 30311 3.2067e+09   36    1 3.2169e+09 3.2034e+09  0.42%   165 2353s
 43138 30837 3.2066e+09   37    4 3.2169e+09 3.2034e+09  0.42%   166 2371s
 43881 31347 3.2070e+09   39    5 3.2169e+09 3.2034e+09  0.42%   168 2390s
 44457 31900 3.2074e+09   41    1 3.2169e+09 3.2034e+09  0.42%   170 2409s
 45056 32527 3.2090e+09   44    4 3.2169e+09 3.2034e+09  0.42%   173 2428s
 45838 33171 3.2094e+09   43    1 3.2169e+09 3.2034e+09  0.42%   175 2447s
 46660 33783 3.2115e+09   48    6 3.2169e+09 3.2034e+09  0.42%   175 2466s
 47462 34345 3.2121e+09   51    1 3.2169e+09 3.2034e+09  0.42%   177 2484s
 48275 34871 3.2168e+09   58    3 3.2169e+09 3.2034e+09  0.42%   178 2502s
 49079 35397 3.2165e+09   74    1 3.2169e+09 3.2034e+09  0.42%   180 2523s
 49808 36046 3.2166e+09   96    1 3.2169e+09 3.2034e+09  0.42%   181 2540s
 50648 36747     cutoff  114      3.2169e+09 3.2034e+09  0.42%   181 2556s
 51594 37537 3.2168e+09  139    2 3.2169e+09 3.2034e+09  0.42%   181 2574s
 52505 38276 3.2034e+09   30    3 3.2169e+09 3.2034e+09  0.42%   180 2590s
 53411 38996 3.2035e+09   63    1 3.2169e+09 3.2034e+09  0.42%   180 2606s
 54314 39797 3.2036e+09   96    4 3.2169e+09 3.2034e+09  0.42%   179 2622s
 55153 40609 3.2037e+09  129    5 3.2169e+09 3.2034e+09  0.42%   177 2636s
 56025 41071 3.2038e+09  162    3 3.2169e+09 3.2034e+09  0.42%   176 2705s
 56505 41103 3.2038e+09  178    2 3.2169e+09 3.2034e+09  0.42%   175 2834s
 56537 41920 3.2038e+09  179    3 3.2169e+09 3.2034e+09  0.42%   175 2849s
 57489 42750 3.2039e+09  212    1 3.2169e+09 3.2034e+09  0.42%   174 2862s
 58488 42751 3.2119e+09  237    7 3.2169e+09 3.2034e+09  0.42%   172 3232s
 58490 42752 3.2092e+09   63   16 3.2169e+09 3.2034e+09  0.42%   172 3257s
 58491 42753 3.2059e+09   60   18 3.2169e+09 3.2034e+09  0.42%   172 3277s
 58492 42754 3.2156e+09   99   14 3.2169e+09 3.2034e+09  0.42%   172 3283s
 58493 42754 3.2065e+09   92   10 3.2169e+09 3.2034e+09  0.42%   172 3285s
 58497 42757 3.2054e+09  108   13 3.2169e+09 3.2034e+09  0.42%   172 3291s
 58499 42758 3.2067e+09  121   11 3.2169e+09 3.2034e+09  0.42%   172 3307s
 58500 42759 3.2061e+09  104   11 3.2169e+09 3.2034e+09  0.42%   172 3338s
 58501 42760 3.2160e+09  251   11 3.2169e+09 3.2034e+09  0.42%   172 3352s
 58502 42760 3.2070e+09   42   11 3.2169e+09 3.2034e+09  0.42%   172 3379s
 58503 42761 3.2103e+09  240   11 3.2169e+09 3.2034e+09  0.42%   172 3392s
 58504 42762 3.2071e+09  140   10 3.2169e+09 3.2034e+09  0.42%   172 3422s
 58505 42762 3.2041e+09   54   10 3.2169e+09 3.2034e+09  0.42%   172 3435s
 58506 42763 3.2053e+09   84   10 3.2169e+09 3.2034e+09  0.42%   172 3452s
 58507 42764 3.2068e+09   97   10 3.2169e+09 3.2034e+09  0.42%   172 3466s
 58508 42764 3.2058e+09   55   12 3.2169e+09 3.2034e+09  0.42%   172 3495s
 58509 42765 3.2155e+09  125   10 3.2169e+09 3.2034e+09  0.42%   172 3513s
 58510 42766 3.2115e+09  223   11 3.2169e+09 3.2034e+09  0.42%   172 3533s
 58511 42766 3.2115e+09   40   11 3.2169e+09 3.2034e+09  0.42%   172 3550s
 58512 42767 3.2078e+09  145   11 3.2169e+09 3.2034e+09  0.42%   172 3576s
 58513 42768 3.2089e+09   61   11 3.2169e+09 3.2034e+09  0.42%   172 3590s

Cutting planes:
  Lift-and-project: 29
  Implied bound: 1128
  MIR: 68
  Flow cover: 64
  Flow path: 23
  Relax-and-lift: 7

Explored 58513 nodes (10409064 simplex iterations) in 3600.69 seconds (2700.56 work units)
Thread count was 32 (of 36 available processors)

Solution count 10: 3.21694e+09 3.21695e+09 3.21696e+09 ... 3.26329e+09

Time limit reached
Best objective 3.216936711258e+09, best bound 3.203446771200e+09, gap 0.4193%

User-callback calls 715486, time in user-callback 0.37 sec
Set parameter TokenServer to value "license-1.hpc.nrel.gov"
Set parameter TimeLimit to value 3600
Set parameter MIPGap to value 0.001
Set parameter MIPGap to value 0.001
Set parameter TimeLimit to value 3600
Gurobi Optimizer version 9.5.1 build v9.5.1rc2 (linux64)
Thread count: 36 physical cores, 36 logical processors, using up to 32 threads
Optimize a model with 288636 rows, 1198496 columns and 2444160 nonzeros
Model fingerprint: 0x68fed3e5
Coefficient statistics:
  Matrix range     [3e-06, 1e+04]
  Objective range  [1e-01, 1e+07]
  Bounds range     [1e+00, 1e+08]
  RHS range        [1e-03, 2e+05]

Concurrent LP optimizer: primal simplex, dual simplex, and barrier
Showing barrier log only...

Presolve removed 284086 rows and 1053561 columns
Presolve time: 1.19s
Presolved: 4550 rows, 144935 columns, 288804 nonzeros

Ordering time: 0.02s

Barrier statistics:
 AA' NZ     : 1.439e+05
 Factor NZ  : 2.545e+05 (roughly 60 MB of memory)
 Factor Ops : 1.480e+07 (less than 1 second per iteration)
 Threads    : 30

                  Objective                Residual
Iter       Primal          Dual         Primal    Dual     Compl     Time
   0   9.27561865e+12 -3.43232937e+11  9.36e+07 1.34e+02  2.35e+08     1s
   1   2.41490204e+12 -1.07744737e+11  2.43e+07 3.41e-13  6.19e+07     1s
   2   5.09159549e+11 -7.11217092e+09  5.10e+06 3.18e-12  1.30e+07     1s
   3   4.81182614e+09 -2.04326396e+09  1.20e+04 5.63e-12  6.89e+04     1s
   4   3.66530386e+09  1.89272657e+09  1.30e+03 1.42e-12  1.40e+04     1s
   5   3.45103314e+09  2.54939494e+09  2.15e+02 7.39e-13  6.42e+03     1s
   6   3.36765489e+09  2.78100840e+09  5.97e+01 5.12e-13  4.06e+03     1s
   7   3.33040619e+09  2.92525222e+09  3.44e+01 3.41e-13  2.79e+03     1s
   8   3.27403264e+09  3.06591190e+09  4.93e+00 2.70e-13  1.42e+03     1s
   9   3.26459130e+09  3.14226172e+09  3.53e+00 1.02e-12  8.39e+02     1s
  10   3.23770781e+09  3.16774358e+09  5.70e-01 1.22e-12  4.77e+02     1s
  11   3.23110876e+09  3.18143042e+09  2.90e-01 1.95e-12  3.38e+02     1s
  12   3.22586316e+09  3.20038620e+09  1.46e-01 3.13e-12  1.74e+02     2s
  13   3.22097195e+09  3.20813806e+09  4.29e-02 4.02e-12  8.74e+01     2s
  14   3.21915137e+09  3.21045554e+09  1.85e-02 3.11e-12  5.92e+01     2s
  15   3.21801152e+09  3.21403395e+09  5.93e-03 8.03e-12  2.71e+01     2s
  16   3.21756621e+09  3.21483973e+09  2.88e-03 8.03e-12  1.85e+01     2s
  17   3.21719363e+09  3.21642978e+09  6.23e-04 8.13e-12  5.20e+00     2s
  18   3.21704520e+09  3.21666868e+09  2.09e-04 6.57e-12  2.56e+00     2s
  19   3.21697468e+09  3.21685334e+09  4.73e-05 5.36e-12  8.25e-01     2s
  20   3.21695141e+09  3.21689753e+09  1.44e-05 4.49e-12  3.66e-01     2s
  21   3.21693911e+09  3.21692085e+09  1.39e-06 2.07e-12  1.24e-01     2s
  22   3.21693781e+09  3.21693000e+09  3.32e-07 9.81e-13  5.31e-02     2s
  23   3.21693730e+09  3.21693347e+09  1.22e-07 5.33e-13  2.61e-02     2s
  24   3.21693684e+09  3.21693570e+09  2.74e-09 3.41e-13  7.75e-03     2s
  25   3.21693673e+09  3.21693631e+09  5.37e-09 1.42e-13  2.84e-03     2s
  26   3.21693672e+09  3.21693660e+09  6.05e-09 1.42e-13  7.79e-04     2s

Barrier performed 26 iterations in 1.74 seconds (1.21 work units)
Barrier solve interrupted - model solved by another algorithm


Solved with primal simplex
Solved in 21332 iterations and 1.98 seconds (1.00 work units)
Optimal objective  3.216936711e+09

User-callback calls 256, time in user-callback 0.00 sec
[ Info:  started timer at: 2023-03-24T13:05:19.410
[ Info: Reading /projects/pvsoiling/RELOG/Recycling_cap_40209_2/input/solver/case.json...
[ Info:          134 collection centers
[ Info:          268 candidate plant locations
[ Info: Building graph...
[ Info:               26 time periods
[ Info:              268 process nodes
[ Info:             4288 shipping nodes (plant)
[ Info:              134 shipping nodes (collection)
[ Info:            40200 arcs
[ Info: Building optimization model...
[ Info: Optimizing MILP...
[ Info: Re-optimizing with integer variables fixed...
[ Info: Extracting solution...
[ Info:       3647.604443785s: 1 hour, 47 seconds, 604 milliseconds
