Set parameter TokenServer to value "license-1.hpc.nrel.gov"
Set parameter TimeLimit to value 3600
Set parameter MIPGap to value 0.001
Set parameter MIPGap to value 0.001
Set parameter TimeLimit to value 3600
Gurobi Optimizer version 9.5.1 build v9.5.1rc2 (linux64)
Thread count: 36 physical cores, 36 logical processors, using up to 32 threads
Optimize a model with 79596 rows, 989456 columns and 2026080 nonzeros
Model fingerprint: 0x6df9cc7d
Variable types: 975520 continuous, 13936 integer (13936 binary)
Coefficient statistics:
  Matrix range     [1e+00, 1e+05]
  Objective range  [2e-01, 8e+08]
  Bounds range     [1e+05, 1e+08]
  RHS range        [8e-01, 2e+06]
Presolve removed 69146 rows and 56012 columns
Presolve time: 3.50s
Presolved: 10450 rows, 933444 columns, 1873320 nonzeros
Variable types: 933176 continuous, 268 integer (268 binary)

Deterministic concurrent LP optimizer: primal and dual simplex
Showing first log only...


Root simplex log...

Iteration    Objective       Primal Inf.    Dual Inf.      Time
       0    5.4596089e+11   2.922196e+06   1.666806e+11      7s
Concurrent spin time: 0.00s

Solved with dual simplex

Root relaxation: objective 8.739225e+11, 20009 iterations, 2.48 seconds (1.74 work units)

    Nodes    |    Current Node    |     Objective Bounds      |     Work
 Expl Unexpl |  Obj  Depth IntInf | Incumbent    BestBd   Gap | It/Node Time

     0     0 8.7392e+11    0    2          - 8.7392e+11      -     -    7s
H    0     0                    8.752610e+11 8.7392e+11  0.15%     -    8s
     0     0 8.7392e+11    0    1 8.7526e+11 8.7392e+11  0.15%     -   12s
     0     0 8.7392e+11    0    1 8.7526e+11 8.7392e+11  0.15%     -   15s
     0     2 8.7392e+11    0    1 8.7526e+11 8.7392e+11  0.15%     -   17s
    15    32 8.7393e+11    4    1 8.7526e+11 8.7392e+11  0.15%   5.5   20s
    95   128 8.7393e+11    7    1 8.7526e+11 8.7392e+11  0.15%   4.0   48s
   159   192 8.7395e+11    8    1 8.7526e+11 8.7392e+11  0.15%   4.1   83s
   191   224 8.7395e+11    9    1 8.7526e+11 8.7392e+11  0.15%   4.1   86s
   390   647 8.7397e+11   14    1 8.7526e+11 8.7392e+11  0.15%   4.2   99s
   646  1735 8.7399e+11   21    1 8.7526e+11 8.7392e+11  0.15%   4.5  112s
  1734  2629 8.7402e+11   55    1 8.7526e+11 8.7392e+11  0.15%   4.7  121s
  2662  3413 8.7408e+11   85    1 8.7526e+11 8.7392e+11  0.15%   5.1  130s
  3453  3926 8.7418e+11  109    1 8.7526e+11 8.7392e+11  0.15%   5.0  136s
  4440  4445 8.7422e+11  126    3 8.7526e+11 8.7392e+11  0.15%   5.7  142s
  5400  5056 8.7428e+11  139    1 8.7526e+11 8.7392e+11  0.15%   7.2  147s
  6334  5791 8.7430e+11  147    3 8.7526e+11 8.7392e+11  0.15%   8.9  152s
  7294  6631 8.7458e+11  162    1 8.7526e+11 8.7392e+11  0.15%  14.1  158s
  8316  7390 8.7461e+11  196    1 8.7526e+11 8.7392e+11  0.15%  14.1  163s
  9389  8150 8.7475e+11  230    1 8.7526e+11 8.7392e+11  0.15%  15.2  168s
 10474  8757 8.7397e+11   37    1 8.7526e+11 8.7392e+11  0.15%  14.9  172s
 11541  8758 8.7420e+11   70    1 8.7526e+11 8.7392e+11  0.15%  16.7  186s
 11543  8759 8.7406e+11   35    2 8.7526e+11 8.7392e+11  0.15%  16.7  193s
 11544  8760 8.7452e+11  105    1 8.7526e+11 8.7392e+11  0.15%  16.7  197s
 11546  8761 8.7425e+11   69    1 8.7526e+11 8.7392e+11  0.15%  16.7  201s
 11577  8815 8.7393e+11   20    1 8.7526e+11 8.7392e+11  0.15%  18.4  206s
 11641  8858 8.7395e+11   21    1 8.7526e+11 8.7392e+11  0.15%  18.4  217s
 11737  8922 8.7393e+11   23    1 8.7526e+11 8.7392e+11  0.15%  18.2  235s
 12075  9700 8.7397e+11   29    1 8.7526e+11 8.7392e+11  0.15%  17.9  246s
 12660 10169 8.7399e+11   42    1 8.7526e+11 8.7392e+11  0.15%  17.3  254s
 13324  9980 8.7404e+11   56    1 8.7526e+11 8.7392e+11  0.15%  16.7  270s
 13356 10460 8.7400e+11   57    1 8.7526e+11 8.7392e+11  0.15%  16.6  277s
 13861 10914 8.7407e+11   71    1 8.7526e+11 8.7392e+11  0.15%  16.3  286s
 14516 11426 8.7408e+11   85    2 8.7526e+11 8.7392e+11  0.15%  15.8  295s
 15261 11685 8.7408e+11  103    1 8.7526e+11 8.7392e+11  0.15%  15.2  302s
 16266 11766 8.7419e+11  130    1 8.7526e+11 8.7392e+11  0.15%  14.8  308s
 17209 11920 8.7423e+11  149    1 8.7526e+11 8.7392e+11  0.15%  14.7  313s
 18125 12201 8.7429e+11  160    2 8.7526e+11 8.7392e+11  0.15%  14.9  320s
 19035 12752 8.7432e+11  169    3 8.7526e+11 8.7392e+11  0.15%  16.4  326s
 20041 13216 8.7460e+11  194    1 8.7526e+11 8.7392e+11  0.15%  16.9  332s
 21090 13578 8.7464e+11  227    1 8.7526e+11 8.7392e+11  0.15%  17.2  338s
 22178 13726 8.7393e+11   23    1 8.7526e+11 8.7392e+11  0.15%  16.7  385s
 23241 14035 8.7417e+11   56    1 8.7526e+11 8.7392e+11  0.15%  16.2  390s
 24329 14425 8.7420e+11   87    1 8.7526e+11 8.7392e+11  0.15%  15.8  395s
 25417 14852 8.7427e+11  118    1 8.7526e+11 8.7392e+11  0.15%  15.5  401s
 26505 15302 8.7484e+11  148    1 8.7526e+11 8.7392e+11  0.15%  15.6  407s
 27593 15633 8.7492e+11  182    2 8.7526e+11 8.7392e+11  0.15%  15.4  414s
 28658 15292 8.7402e+11   34    1 8.7526e+11 8.7393e+11  0.15%  15.5  430s
 28691 15849 8.7402e+11   35    1 8.7526e+11 8.7393e+11  0.15%  15.5  437s
 29773 16289 8.7411e+11   67    1 8.7526e+11 8.7393e+11  0.15%  15.4  446s
 30861 16898 8.7415e+11   98    1 8.7526e+11 8.7393e+11  0.15%  15.3  451s
 31949 17399 8.7426e+11  129    1 8.7526e+11 8.7393e+11  0.15%  14.9  456s
 33036 17563 8.7477e+11  163    1 8.7526e+11 8.7393e+11  0.15%  14.7  461s
 34077 17227 8.7483e+11  197    1 8.7526e+11 8.7393e+11  0.15%  14.9  490s
 35131 17784 8.7396e+11   31    1 8.7526e+11 8.7393e+11  0.15%  15.1  499s
 36185 18043 8.7413e+11   63    1 8.7526e+11 8.7393e+11  0.15%  15.1  506s
 37252 18546 8.7419e+11   95    2 8.7526e+11 8.7393e+11  0.15%  15.2  512s
 38335 18661 8.7475e+11  127    2 8.7526e+11 8.7393e+11  0.15%  15.1  527s
 38719 19531 8.7476e+11  139    2 8.7526e+11 8.7393e+11  0.15%  15.0  533s
 39801 20329 8.7478e+11  172    1 8.7526e+11 8.7393e+11  0.15%  14.8  538s
 40889 20781 8.7490e+11  204    1 8.7526e+11 8.7393e+11  0.15%  14.5  542s
 41977 21368 8.7397e+11   38    1 8.7526e+11 8.7393e+11  0.15%  14.3  546s
 43065 22024 8.7399e+11   72    1 8.7526e+11 8.7393e+11  0.15%  14.0  551s
 44153 22767 8.7411e+11  106    1 8.7526e+11 8.7393e+11  0.15%  13.8  555s
 45241 23601 8.7420e+11  140    2 8.7526e+11 8.7393e+11  0.15%  13.9  560s
 47363 24441 8.7467e+11  181    1 8.7526e+11 8.7393e+11  0.15%  13.9  576s
 47401 25219     cutoff  182      8.7526e+11 8.7393e+11  0.15%  13.9  580s
 48483 25983 8.7520e+11  212    1 8.7526e+11 8.7393e+11  0.15%  13.8  585s
 50654 27578 8.7431e+11   81    1 8.7526e+11 8.7393e+11  0.15%  13.8  593s
 51742 28361 8.7433e+11  111    1 8.7526e+11 8.7393e+11  0.15%  13.8  598s
 52813 29239 8.7440e+11  141    1 8.7526e+11 8.7393e+11  0.15%  14.0  602s
 53901 29972 8.7498e+11  169    1 8.7526e+11 8.7393e+11  0.15%  13.8  607s
 54989 30743 8.7398e+11   53    1 8.7526e+11 8.7393e+11  0.15%  13.7  613s
 56077 31603 8.7405e+11   87    1 8.7526e+11 8.7393e+11  0.15%  13.5  618s
 57165 32368 8.7416e+11  121    2 8.7526e+11 8.7393e+11  0.15%  13.4  624s
 58253 33170 8.7464e+11  155    1 8.7526e+11 8.7393e+11  0.15%  13.3  628s
 59340 33171 8.7463e+11  140    1 8.7526e+11 8.7393e+11  0.15%  13.3  662s
 59342 33172 8.7419e+11   83    2 8.7526e+11 8.7393e+11  0.15%  13.3  670s
 59344 33174 8.7431e+11  112    1 8.7526e+11 8.7393e+11  0.15%  13.3  677s
 59345 33174 8.7396e+11   26    1 8.7526e+11 8.7393e+11  0.15%  13.3  682s
 59352 33188 8.7393e+11   33    1 8.7526e+11 8.7393e+11  0.15%  13.6  685s
 59440 33271 8.7395e+11   36    1 8.7526e+11 8.7393e+11  0.15%  13.6  709s
 59472 33292 8.7393e+11   37    1 8.7526e+11 8.7393e+11  0.15%  13.6  710s
 59504 33313 8.7395e+11   37    1 8.7526e+11 8.7393e+11  0.15%  13.6  772s
 59599 33515 8.7395e+11   39    1 8.7526e+11 8.7393e+11  0.15%  13.6  775s
 59769 34026 8.7397e+11   41    1 8.7526e+11 8.7393e+11  0.15%  13.6  784s
 60337 34516 8.7399e+11   53    1 8.7526e+11 8.7393e+11  0.15%  13.5  794s
 61016 34928 8.7400e+11   68    1 8.7526e+11 8.7393e+11  0.15%  13.4  803s
 61684 35058 8.7406e+11   82    1 8.7526e+11 8.7393e+11  0.15%  13.3  812s
 62095 35682 8.7404e+11   96    1 8.7526e+11 8.7393e+11  0.15%  13.2  822s
 62888 35953 8.7408e+11  111    2 8.7526e+11 8.7393e+11  0.15%  13.1  839s
 63909 35991 8.7414e+11  134    1 8.7526e+11 8.7393e+11  0.15%  13.0  847s
 64888 36061 8.7422e+11  157    2 8.7526e+11 8.7393e+11  0.15%  13.0  854s
 65820 36363 8.7429e+11  172    2 8.7526e+11 8.7393e+11  0.15%  13.1  860s
 66738 36947 8.7430e+11  182    1 8.7526e+11 8.7393e+11  0.15%  13.5  867s
 67730 37474     cutoff  203      8.7526e+11 8.7393e+11  0.15%  13.8  873s
 68768 37900 8.7462e+11  236    1 8.7526e+11 8.7393e+11  0.15%  13.9  879s
 69856 38376 8.7477e+11  270    2 8.7526e+11 8.7393e+11  0.15%  13.9  884s
 70944 38496 8.7416e+11   48    1 8.7526e+11 8.7393e+11  0.15%  13.7  889s
 72032 38620 8.7431e+11   63    1 8.7526e+11 8.7393e+11  0.15%  13.7  896s
 73120 38751 8.7485e+11   78    1 8.7526e+11 8.7393e+11  0.15%  13.6  902s
 74208 39071 8.7507e+11  104    1 8.7526e+11 8.7393e+11  0.15%  13.5  906s
 75296 39727 8.7515e+11  134    1 8.7526e+11 8.7393e+11  0.15%  13.6  912s
 76384 39397 8.7398e+11   62    2 8.7526e+11 8.7393e+11  0.15%  13.5  944s
 76416 39429 8.7398e+11   63    1 8.7526e+11 8.7393e+11  0.15%  13.5  988s
 76459 40442 8.7398e+11   64    1 8.7526e+11 8.7393e+11  0.15%  13.5  993s
 77547 40721 8.7402e+11   98    1 8.7526e+11 8.7393e+11  0.15%  13.3  998s
 78635 40606 8.7413e+11  132    1 8.7526e+11 8.7393e+11  0.15%  13.2 1002s
 79723 40644 8.7463e+11  166    1 8.7526e+11 8.7393e+11  0.15%  13.1 1006s
 80811 40918 8.7471e+11  200    2 8.7526e+11 8.7393e+11  0.15%  13.0 1011s
 81899 41343 8.7480e+11  234    1 8.7526e+11 8.7393e+11  0.15%  13.0 1016s
 82987 41926 8.7394e+11   44    1 8.7526e+11 8.7393e+11  0.15%  13.1 1021s
 84075 42336 8.7399e+11   78    1 8.7526e+11 8.7393e+11  0.15%  13.0 1027s
 85161 42484 8.7405e+11  112    1 8.7526e+11 8.7393e+11  0.15%  12.9 1031s
 86235 42563 8.7461e+11  146    1 8.7526e+11 8.7393e+11  0.15%  12.8 1037s
 87296 42731 8.7464e+11  180    1 8.7526e+11 8.7393e+11  0.15%  12.9 1042s
 88377 43030 8.7471e+11  214    1 8.7526e+11 8.7393e+11  0.15%  12.9 1049s
 89465 43569 8.7484e+11  248    1 8.7526e+11 8.7393e+11  0.15%  13.0 1054s
 90552 44049 8.7402e+11   43    1 8.7526e+11 8.7393e+11  0.15%  13.0 1060s
 91618 44345 8.7420e+11   55    1 8.7526e+11 8.7393e+11  0.15%  13.0 1066s
 92648 44445 8.7466e+11   73    1 8.7526e+11 8.7393e+11  0.15%  13.0 1071s
 93694 44522 8.7525e+11   86    1 8.7526e+11 8.7393e+11  0.15%  13.0 1079s
 93783 44492 8.7476e+11  221    1 8.7526e+11 8.7393e+11  0.15%  13.0 1080s
 94692 44886 8.7398e+11   59    1 8.7526e+11 8.7393e+11  0.15%  12.9 1087s
 95755 44552 8.7400e+11   93    2 8.7526e+11 8.7393e+11  0.15%  12.9 1133s
 95792 45376 8.7400e+11   94    1 8.7526e+11 8.7393e+11  0.15%  12.9 1137s
 96880 45856 8.7407e+11  128    1 8.7526e+11 8.7393e+11  0.15%  12.9 1143s
 97968 46117 8.7462e+11  162    1 8.7526e+11 8.7393e+11  0.15%  12.8 1149s
 99053 46164 8.7470e+11  196    1 8.7526e+11 8.7393e+11  0.15%  12.8 1153s
 100141 46246 8.7476e+11  230    1 8.7526e+11 8.7393e+11  0.15%  12.7 1157s
 101229 46322 infeasible  255      8.7526e+11 8.7393e+11  0.15%  12.7 1172s
 102197 46713 8.7398e+11   67    1 8.7526e+11 8.7393e+11  0.15%  12.7 1176s
 103285 47182 8.7403e+11  101    1 8.7526e+11 8.7393e+11  0.15%  12.8 1181s
 104373 47622 8.7415e+11  135    3 8.7526e+11 8.7393e+11  0.15%  12.7 1185s
 106542 47876 8.7471e+11  203    1 8.7526e+11 8.7393e+11  0.15%  12.6 1194s
 107626 48020 8.7481e+11  237    3 8.7526e+11 8.7393e+11  0.15%  12.6 1198s
 108714 48235 8.7396e+11   47    1 8.7526e+11 8.7393e+11  0.15%  12.6 1203s
 109800 48692 8.7399e+11   81    1 8.7526e+11 8.7393e+11  0.15%  12.7 1208s
 110884 48360 8.7406e+11  115    1 8.7526e+11 8.7393e+11  0.15%  12.7 1258s
 110917 49401 8.7406e+11  116    1 8.7526e+11 8.7393e+11  0.15%  12.7 1263s
 111997 49814 8.7461e+11  150    1 8.7526e+11 8.7393e+11  0.15%  12.7 1267s
 113073 50028 8.7464e+11  184    1 8.7526e+11 8.7393e+11  0.15%  12.6 1271s
 114155 50053 8.7476e+11  218    1 8.7526e+11 8.7393e+11  0.15%  12.6 1276s
 115243 50115 8.7485e+11  252    2 8.7526e+11 8.7393e+11  0.15%  12.5 1280s
 117414 51243 8.7418e+11   93    1 8.7526e+11 8.7394e+11  0.15%  12.6 1292s
 118491 51904 8.7425e+11  125    1 8.7526e+11 8.7394e+11  0.15%  12.6 1297s
 119564 52265 8.7481e+11  154    2 8.7526e+11 8.7394e+11  0.15%  12.5 1301s
 120650 52227 8.7483e+11  187    1 8.7526e+11 8.7394e+11  0.15%  12.4 1306s
 121737 52291 8.7394e+11   41    1 8.7526e+11 8.7394e+11  0.15%  12.4 1311s
 122820 52789 8.7399e+11   75    1 8.7526e+11 8.7394e+11  0.15%  12.3 1316s
 123900 53382 8.7405e+11  109    1 8.7526e+11 8.7394e+11  0.15%  12.3 1322s
 124963 53867 8.7461e+11  143    1 8.7526e+11 8.7394e+11  0.15%  12.3 1328s
 125994 53971 8.7464e+11  177    1 8.7526e+11 8.7394e+11  0.15%  12.2 1333s
 127016 54115 8.7470e+11  211    1 8.7526e+11 8.7394e+11  0.15%  12.2 1339s
 128077 54565 8.7481e+11  245    1 8.7526e+11 8.7394e+11  0.15%  12.1 1343s
 129156 55209 8.7408e+11   53    1 8.7526e+11 8.7394e+11  0.15%  12.1 1348s
 130244 55717 8.7417e+11   83    1 8.7526e+11 8.7394e+11  0.15%  12.0 1352s
 131332 55977 8.7423e+11  112    2 8.7526e+11 8.7394e+11  0.15%  12.0 1356s
 132420 55963 8.7435e+11  143    1 8.7526e+11 8.7394e+11  0.15%  11.9 1360s
 133508 56219 8.7482e+11  177    1 8.7526e+11 8.7394e+11  0.15%  11.9 1365s
 135684 57491 8.7398e+11   69    1 8.7526e+11 8.7394e+11  0.15%  11.8 1373s
 136772 57668 8.7402e+11  100    1 8.7526e+11 8.7394e+11  0.15%  11.7 1376s
 137860 57674 8.7413e+11  132    1 8.7526e+11 8.7394e+11  0.15%  11.7 1380s
 140013 57860 8.7471e+11  197    2 8.7526e+11 8.7394e+11  0.15%  11.6 1388s
 141094 58382 8.7476e+11  229    1 8.7526e+11 8.7394e+11  0.15%  11.8 1393s
 142182 58937 8.7485e+11  259    1 8.7526e+11 8.7394e+11  0.15%  11.7 1397s
 143270 59336 8.7406e+11   67    1 8.7526e+11 8.7394e+11  0.15%  11.7 1401s
 144358 59495 8.7443e+11   97    2 8.7526e+11 8.7394e+11  0.15%  11.6 1405s
 146511 59682 8.7490e+11  161    1 8.7526e+11 8.7394e+11  0.15%  11.6 1416s
 147599 60135 8.7394e+11   43    1 8.7526e+11 8.7394e+11  0.15%  11.6 1421s
 148681 60791 8.7399e+11   77    1 8.7526e+11 8.7394e+11  0.15%  11.6 1425s
 150792 61744 8.7461e+11  145    1 8.7526e+11 8.7394e+11  0.15%  11.6 1434s
 151828 61953 8.7464e+11  179    1 8.7526e+11 8.7394e+11  0.15%  11.8 1438s
 152659 62203 8.7471e+11  213    1 8.7526e+11 8.7394e+11  0.15%  12.2 1443s
 153386 62437 8.7484e+11  247    1 8.7526e+11 8.7394e+11  0.15%  12.5 1448s
 154348 62964 8.7408e+11   47    1 8.7526e+11 8.7394e+11  0.15%  12.7 1454s
 155436 63553 8.7458e+11   68    1 8.7526e+11 8.7394e+11  0.15%  12.7 1459s
 155635 63487 8.7455e+11   67    1 8.7526e+11 8.7394e+11  0.15%  12.7 1460s
 157602 64056 8.7396e+11   48    1 8.7526e+11 8.7394e+11  0.15%  12.6 1468s
 158690 64158 8.7399e+11   82    1 8.7526e+11 8.7394e+11  0.15%  12.5 1472s
 159766 64675 8.7407e+11  116    1 8.7526e+11 8.7394e+11  0.15%  12.5 1476s
 160850 65338 8.7461e+11  150    1 8.7526e+11 8.7394e+11  0.15%  12.5 1480s
 161924 66158 8.7464e+11  184    1 8.7526e+11 8.7394e+11  0.15%  12.5 1485s
 162997 66976 8.7476e+11  218    1 8.7526e+11 8.7394e+11  0.15%  12.5 1490s
 164080 67841 8.7485e+11  252    2 8.7526e+11 8.7394e+11  0.15%  12.4 1495s
 165151 67920 8.7398e+11   63    1 8.7526e+11 8.7395e+11  0.15%  12.5 1509s
 165247 68563 8.7398e+11   66    1 8.7526e+11 8.7395e+11  0.15%  12.5 1514s
 166101 69222 8.7403e+11  100    1 8.7526e+11 8.7395e+11  0.15%  12.7 1519s
 166947 69825 8.7414e+11  134    1 8.7526e+11 8.7395e+11  0.15%  13.1 1524s
 167908 70709 8.7457e+11  160    1 8.7526e+11 8.7395e+11  0.15%  13.2 1529s
 168950 71524 8.7465e+11  194    1 8.7526e+11 8.7395e+11  0.15%  13.3 1533s
 170014 72350 8.7470e+11  228    1 8.7526e+11 8.7395e+11  0.15%  13.2 1538s
 171102 73200 8.7520e+11  254    1 8.7526e+11 8.7395e+11  0.15%  13.2 1543s
 172169 74061 8.7401e+11   68    1 8.7526e+11 8.7396e+11  0.15%  13.2 1547s
 173224 74913 8.7405e+11   98    1 8.7526e+11 8.7396e+11  0.15%  13.2 1551s
 174311 75662 8.7437e+11  132    1 8.7526e+11 8.7396e+11  0.15%  13.2 1556s
 175387 76405 8.7465e+11  162    1 8.7526e+11 8.7396e+11  0.15%  13.2 1564s
 176459 76998 8.7474e+11  196    1 8.7526e+11 8.7396e+11  0.15%  13.2 1569s
 177373 77521 infeasible  228      8.7526e+11 8.7396e+11  0.15%  13.5 1574s
 178188 78064 8.7408e+11   51    1 8.7526e+11 8.7396e+11  0.15%  13.7 1580s
 179250 78909 8.7441e+11   85    2 8.7526e+11 8.7396e+11  0.15%  13.7 1586s
 180337 79727 8.7454e+11  118    1 8.7526e+11 8.7396e+11  0.15%  13.6 1592s
 181395 80563 8.7458e+11  151    1 8.7526e+11 8.7396e+11  0.15%  13.6 1598s
 182483 81252 8.7470e+11  184    1 8.7526e+11 8.7396e+11  0.15%  13.6 1603s
 183571 81835 8.7400e+11   65    1 8.7526e+11 8.7396e+11  0.15%  13.6 1608s
 184659 82465 8.7408e+11   99    1 8.7526e+11 8.7396e+11  0.15%  13.5 1613s
 185738 83144 8.7414e+11  133    1 8.7526e+11 8.7396e+11  0.15%  13.5 1617s
 186812 83864 8.7428e+11  167    2 8.7526e+11 8.7396e+11  0.15%  13.5 1622s
 187880 84613 8.7458e+11  188    1 8.7526e+11 8.7396e+11  0.15%  13.5 1627s
 188898 85442 8.7461e+11  222    1 8.7526e+11 8.7396e+11  0.15%  13.6 1631s
 189940 86236 8.7469e+11  256    1 8.7526e+11 8.7396e+11  0.15%  13.6 1636s
 190962 86837 8.7400e+11   55    1 8.7526e+11 8.7396e+11  0.15%  13.7 1641s
 191950 87518 8.7403e+11   89    1 8.7526e+11 8.7396e+11  0.15%  13.8 1646s
 192954 88285 8.7410e+11  123    1 8.7526e+11 8.7396e+11  0.15%  13.9 1650s
 194017 89157 8.7465e+11  157    1 8.7526e+11 8.7396e+11  0.15%  13.8 1655s
 195104 89851 8.7470e+11  191    1 8.7526e+11 8.7396e+11  0.15%  13.8 1660s
 196188 90553 8.7479e+11  225    1 8.7526e+11 8.7396e+11  0.15%  13.8 1666s
 197241 91360 8.7396e+11   51    1 8.7526e+11 8.7396e+11  0.15%  13.8 1671s
 198264 92226 8.7399e+11   85    1 8.7526e+11 8.7396e+11  0.15%  13.8 1676s
 199292 93131 8.7410e+11  119    1 8.7526e+11 8.7396e+11  0.15%  13.9 1681s
 200368 93771 8.7419e+11  153    2 8.7526e+11 8.7396e+11  0.15%  13.9 1687s
 201297 94509 8.7427e+11  172    3 8.7526e+11 8.7396e+11  0.15%  14.0 1692s
 202202 95172 8.7464e+11  190    3 8.7526e+11 8.7396e+11  0.15%  14.2 1697s
 203164 95928 8.7517e+11  213    1 8.7526e+11 8.7396e+11  0.15%  14.4 1702s
 204155 96696 8.7408e+11   51    1 8.7526e+11 8.7396e+11  0.15%  14.4 1707s
 205208 97450 8.7426e+11   82    1 8.7526e+11 8.7396e+11  0.15%  14.4 1714s
 206283 98199 8.7433e+11  112    1 8.7526e+11 8.7396e+11  0.15%  14.4 1719s
 207335 98832 8.7479e+11  141    2 8.7526e+11 8.7396e+11  0.15%  14.4 1723s
 208423 99485 8.7491e+11  172    1 8.7526e+11 8.7396e+11  0.15%  14.4 1727s
 209511 100182 8.7413e+11   55    1 8.7526e+11 8.7396e+11  0.15%  14.3 1731s
 210599 100934 8.7416e+11   86    1 8.7526e+11 8.7396e+11  0.15%  14.3 1736s
 211687 101619 8.7424e+11  119    1 8.7526e+11 8.7396e+11  0.15%  14.2 1740s
 212775 102284 8.7479e+11  151    1 8.7526e+11 8.7396e+11  0.15%  14.2 1745s
 214951 103664 8.7397e+11   41    1 8.7526e+11 8.7396e+11  0.15%  14.1 1753s
 216026 104418 8.7427e+11   72    1 8.7526e+11 8.7396e+11  0.15%  14.0 1757s
 217082 105182 8.7422e+11  103    1 8.7526e+11 8.7396e+11  0.15%  14.1 1762s
 218106 105853 8.7431e+11  134    1 8.7526e+11 8.7396e+11  0.15%  14.1 1766s
 219132 106694 8.7481e+11  168    1 8.7526e+11 8.7396e+11  0.15%  14.1 1770s
 221295 108164 8.7400e+11   60    2 8.7526e+11 8.7396e+11  0.15%  14.1 1778s
 222350 108837 8.7402e+11   94    1 8.7526e+11 8.7396e+11  0.15%  14.1 1782s
 223392 109445 8.7414e+11  128    1 8.7526e+11 8.7396e+11  0.15%  14.1 1786s
 224435 110022 8.7423e+11  162    2 8.7526e+11 8.7396e+11  0.15%  14.1 1791s
 225486 110607 8.7430e+11  183    1 8.7526e+11 8.7396e+11  0.15%  14.1 1795s
 227618 112154 8.7467e+11  246    2 8.7526e+11 8.7396e+11  0.15%  14.1 1803s
 228691 112935 8.7397e+11   45    1 8.7526e+11 8.7396e+11  0.15%  14.1 1808s
 229779 113509 8.7402e+11   79    1 8.7526e+11 8.7396e+11  0.15%  14.0 1812s
 230860 114123 8.7409e+11  113    1 8.7526e+11 8.7396e+11  0.15%  14.0 1817s
 231870 114888 8.7464e+11  147    1 8.7526e+11 8.7396e+11  0.15%  14.1 1822s
 232852 115608 8.7467e+11  181    1 8.7526e+11 8.7396e+11  0.15%  14.1 1828s
 233882 116407 8.7474e+11  215    1 8.7526e+11 8.7396e+11  0.15%  14.1 1833s
 234953 117249 8.7397e+11   44    1 8.7526e+11 8.7396e+11  0.15%  14.1 1841s
 236029 117835 8.7402e+11   78    1 8.7526e+11 8.7396e+11  0.15%  14.1 1846s
 236952 118483 8.7408e+11  103    1 8.7526e+11 8.7396e+11  0.15%  14.1 1852s
 238004 118999 8.7418e+11  137    1 8.7526e+11 8.7396e+11  0.15%  14.1 1858s
 239039 119657 8.7467e+11  171    1 8.7526e+11 8.7396e+11  0.15%  14.1 1862s
 240102 120323 8.7474e+11  205    1 8.7526e+11 8.7396e+11  0.15%  14.1 1867s
 241189 121063 8.7484e+11  239    2 8.7526e+11 8.7396e+11  0.15%  14.1 1871s
 242274 121736 8.7410e+11   65    1 8.7526e+11 8.7396e+11  0.15%  14.1 1878s
 243301 122448 8.7412e+11   95    1 8.7526e+11 8.7396e+11  0.15%  14.1 1882s
 244365 123064 8.7419e+11  125    1 8.7526e+11 8.7396e+11  0.15%  14.1 1887s
 245453 123688 8.7474e+11  158    1 8.7526e+11 8.7396e+11  0.15%  14.0 1891s
 246541 124413 8.7483e+11  191    1 8.7526e+11 8.7396e+11  0.15%  14.0 1896s
 247629 125222 infeasible  224      8.7526e+11 8.7396e+11  0.15%  14.0 1903s
 248709 125248 8.7420e+11   65    1 8.7526e+11 8.7396e+11  0.15%  13.9 1955s
 248741 125909 8.7420e+11   66    1 8.7526e+11 8.7396e+11  0.15%  13.9 1960s
 249781 126450 8.7423e+11   97    1 8.7526e+11 8.7396e+11  0.15%  14.0 1967s
 250793 127083 8.7429e+11  125    1 8.7526e+11 8.7396e+11  0.15%  14.0 1973s
 251874 127679 8.7485e+11  156    1 8.7526e+11 8.7396e+11  0.15%  14.0 1978s
 252960 128441 8.7487e+11  190    1 8.7526e+11 8.7396e+11  0.15%  13.9 1986s
 254032 129344 8.7396e+11   47    1 8.7526e+11 8.7396e+11  0.15%  13.9 1994s
 255064 130117 8.7399e+11   81    1 8.7526e+11 8.7396e+11  0.15%  13.9 2000s
 256032 130747 8.7406e+11  115    1 8.7526e+11 8.7396e+11  0.15%  14.0 2005s
 257001 131241 8.7419e+11  149    1 8.7526e+11 8.7396e+11  0.15%  14.1 2011s
 258006 131891 8.7427e+11  172    2 8.7526e+11 8.7396e+11  0.15%  14.2 2019s
 259052 132621 8.7457e+11  202    1 8.7526e+11 8.7396e+11  0.15%  14.2 2025s
 260129 133246 8.7459e+11  236    1 8.7526e+11 8.7396e+11  0.15%  14.1 2033s
 261202 133971 8.7466e+11  270    1 8.7526e+11 8.7396e+11  0.15%  14.1 2043s
 262250 134776 8.7415e+11   67    2 8.7526e+11 8.7396e+11  0.15%  14.1 2048s
 263338 135610 8.7417e+11   99    1 8.7526e+11 8.7396e+11  0.15%  14.0 2056s
 264402 136392 8.7425e+11  125    1 8.7526e+11 8.7396e+11  0.15%  14.0 2067s
 265468 136997 8.7480e+11  157    1 8.7526e+11 8.7396e+11  0.15%  14.0 2075s
 266555 137646 8.7482e+11  190    1 8.7526e+11 8.7396e+11  0.15%  14.0 2081s
 267621 138411 8.7405e+11   55    1 8.7526e+11 8.7396e+11  0.15%  14.0 2089s
 268680 139140 8.7439e+11   64    1 8.7526e+11 8.7396e+11  0.15%  13.9 2097s
 269722 139796 8.7497e+11   73    1 8.7526e+11 8.7396e+11  0.15%  13.9 2103s
 270755 140478 8.7396e+11   47    1 8.7526e+11 8.7396e+11  0.15%  13.9 2108s
 271818 141335 8.7423e+11   81    1 8.7526e+11 8.7396e+11  0.15%  14.0 2113s
 272894 142117 8.7425e+11  112    1 8.7526e+11 8.7396e+11  0.15%  13.9 2118s
 273964 142882 8.7432e+11  142    1 8.7526e+11 8.7396e+11  0.15%  14.0 2123s
 275046 143608 8.7489e+11  171    2 8.7526e+11 8.7396e+11  0.15%  13.9 2129s
 276106 144306 8.7399e+11   54    1 8.7526e+11 8.7396e+11  0.15%  13.9 2133s
 277194 144744 8.7402e+11   88    1 8.7526e+11 8.7396e+11  0.15%  13.9 2149s
 277910 145461 8.7409e+11  110    2 8.7526e+11 8.7396e+11  0.15%  13.9 2154s
 278955 146349 8.7419e+11  144    1 8.7526e+11 8.7396e+11  0.15%  14.0 2160s
 279981 147159 8.7429e+11  173    2 8.7526e+11 8.7396e+11  0.15%  14.0 2165s
 280997 147737 8.7467e+11  194    2 8.7526e+11 8.7396e+11  0.15%  14.1 2171s
 282054 148329 8.7522e+11  219    1 8.7526e+11 8.7396e+11  0.15%  14.1 2176s
 283141 149149 8.7415e+11   64    1 8.7526e+11 8.7396e+11  0.15%  14.0 2180s
 284229 149975 8.7424e+11   98    1 8.7526e+11 8.7396e+11  0.15%  14.0 2185s
 285317 150652 8.7426e+11  129    1 8.7526e+11 8.7396e+11  0.15%  14.0 2190s
 286394 151271 8.7434e+11  159    1 8.7526e+11 8.7396e+11  0.15%  14.0 2195s
 287473 151944 8.7493e+11  191    1 8.7526e+11 8.7396e+11  0.15%  14.0 2200s
 288492 152734 8.7398e+11   73    1 8.7526e+11 8.7396e+11  0.15%  14.0 2205s
 289455 153475 8.7406e+11  107    1 8.7526e+11 8.7396e+11  0.15%  14.1 2210s
 290370 154288 8.7416e+11  139    2 8.7526e+11 8.7396e+11  0.15%  14.1 2215s
 292538 155660 8.7456e+11  199    1 8.7526e+11 8.7396e+11  0.15%  14.1 2224s
 293626 156422 8.7459e+11  233    2 8.7526e+11 8.7396e+11  0.15%  14.1 2231s
 294703 157221 8.7466e+11  267    1 8.7526e+11 8.7396e+11  0.15%  14.1 2235s
 295714 157994 8.7417e+11   64    1 8.7526e+11 8.7396e+11  0.15%  14.1 2240s
 296664 158664 8.7419e+11   93    1 8.7526e+11 8.7396e+11  0.15%  14.2 2245s
