Set parameter TokenServer to value "license-1.hpc.nrel.gov"
Set parameter TimeLimit to value 3600
Set parameter MIPGap to value 0.001
Set parameter MIPGap to value 0.001
Set parameter TimeLimit to value 3600
Gurobi Optimizer version 9.5.1 build v9.5.1rc2 (linux64)
Thread count: 36 physical cores, 36 logical processors, using up to 32 threads
Optimize a model with 79596 rows, 989456 columns and 2026080 nonzeros
Model fingerprint: 0x76b99097
Variable types: 975520 continuous, 13936 integer (13936 binary)
Coefficient statistics:
  Matrix range     [1e+00, 1e+05]
  Objective range  [2e-01, 2e+09]
  Bounds range     [1e+05, 1e+08]
  RHS range        [8e-01, 2e+06]
Warning: Model contains large objective coefficients
         Consider reformulating model or setting NumericFocus parameter
         to avoid numerical issues.
Presolve removed 69146 rows and 56012 columns
Presolve time: 3.52s
Presolved: 10450 rows, 933444 columns, 1873320 nonzeros
Variable types: 933176 continuous, 268 integer (268 binary)

Deterministic concurrent LP optimizer: primal and dual simplex
Showing first log only...


Root simplex log...

Iteration    Objective       Primal Inf.    Dual Inf.      Time
       0    7.4462550e+11   2.714692e+06   1.675821e+11      7s
Concurrent spin time: 0.00s

Solved with dual simplex

Root relaxation: objective 1.741023e+12, 28122 iterations, 3.11 seconds (2.06 work units)

    Nodes    |    Current Node    |     Objective Bounds      |     Work
 Expl Unexpl |  Obj  Depth IntInf | Incumbent    BestBd   Gap | It/Node Time

     0     0 1.7410e+12    0    2          - 1.7410e+12      -     -    8s
H    0     0                    1.743700e+12 1.7410e+12  0.15%     -    8s
     0     0 1.7410e+12    0    1 1.7437e+12 1.7410e+12  0.15%     -   10s
     0     0 1.7410e+12    0    1 1.7437e+12 1.7410e+12  0.15%     -   14s
     0     2 1.7410e+12    0    1 1.7437e+12 1.7410e+12  0.15%     -   19s
     1     4 1.7410e+12    1    1 1.7437e+12 1.7410e+12  0.15%   6.0   20s
    95   128 1.7410e+12    7    1 1.7437e+12 1.7410e+12  0.15%   3.4   47s
   159   192 1.7411e+12    8    1 1.7437e+12 1.7410e+12  0.15%   3.3   82s
   223   443 1.7411e+12   10    1 1.7437e+12 1.7410e+12  0.15%   3.6   87s
   442  1056 1.7411e+12   16    1 1.7437e+12 1.7410e+12  0.15%   3.7   96s
  1055  1784 1.7412e+12   35    1 1.7437e+12 1.7410e+12  0.15%   4.1  105s
  1794  2521 1.7412e+12   56    1 1.7437e+12 1.7410e+12  0.15%   4.4  115s
  2547  3263 1.7413e+12   78    2 1.7437e+12 1.7410e+12  0.15%   5.0  124s
  3289  3925 1.7414e+12   99    2 1.7437e+12 1.7410e+12  0.15%   5.0  134s
  4286  4383 1.7425e+12  132    1 1.7437e+12 1.7410e+12  0.15%   5.2  141s
  5238  4877 1.7426e+12  166    2 1.7437e+12 1.7410e+12  0.15%   6.7  148s
  6144  5467 1.7427e+12  200    1 1.7437e+12 1.7410e+12  0.15%   8.8  154s
  7057  6326 1.7411e+12   15    1 1.7437e+12 1.7410e+12  0.15%  14.1  161s
  8085  7247 1.7414e+12   49    1 1.7437e+12 1.7410e+12  0.15%  14.5  167s
  9172  8276 1.7413e+12   78    2 1.7437e+12 1.7410e+12  0.15%  15.1  173s
 10260  8841 1.7424e+12  112    2 1.7437e+12 1.7410e+12  0.15%  14.5  179s
 11349  8842 1.7417e+12   83    1 1.7437e+12 1.7410e+12  0.15%  13.9  193s
 11351  8843 1.7414e+12   51    2 1.7437e+12 1.7410e+12  0.15%  13.9  200s
 11354  8845 1.7424e+12  113    1 1.7437e+12 1.7410e+12  0.15%  13.9  205s
 11385  8899 1.7410e+12   20    1 1.7437e+12 1.7410e+12  0.15%  15.8  210s
 11449  8942 1.7411e+12   21    1 1.7437e+12 1.7410e+12  0.15%  15.8  223s
 11481  8963 1.7410e+12   22    1 1.7437e+12 1.7410e+12  0.15%  15.7  225s
 11545  9006 1.7410e+12   23    1 1.7437e+12 1.7410e+12  0.15%  15.7  241s
 11640  9252 1.7411e+12   24    1 1.7437e+12 1.7410e+12  0.15%  15.6  245s
 11855  9710 1.7411e+12   28    1 1.7437e+12 1.7410e+12  0.15%  15.4  252s
 12385 10204 1.7412e+12   44    1 1.7437e+12 1.7410e+12  0.15%  14.9  260s
 13055 10012 1.7412e+12   65    1 1.7437e+12 1.7410e+12  0.15%  14.4  277s
 13087 10321 1.7412e+12   66    1 1.7437e+12 1.7410e+12  0.15%  14.3  283s
 13408 10972 1.7412e+12   77    1 1.7437e+12 1.7410e+12  0.15%  14.2  294s
 14206 11437 1.7414e+12  101    1 1.7437e+12 1.7410e+12  0.15%  13.7  304s
 14986 11575 1.7416e+12  124    1 1.7437e+12 1.7410e+12  0.15%  13.2  312s
 16020 11711 1.7425e+12  156    1 1.7437e+12 1.7410e+12  0.15%  12.8  318s
 17042 11865 1.7426e+12  190    1 1.7437e+12 1.7410e+12  0.15%  12.6  324s
 18052 12050 1.7428e+12  224    1 1.7437e+12 1.7410e+12  0.15%  12.5  330s
 19065 12660 1.7411e+12   38    1 1.7437e+12 1.7410e+12  0.15%  14.0  335s
 20088 13278 1.7412e+12   72    1 1.7437e+12 1.7410e+12  0.15%  13.9  340s
 21176 13782 1.7413e+12  106    1 1.7437e+12 1.7410e+12  0.15%  13.6  345s
 23303 14161 1.7425e+12  174    1 1.7437e+12 1.7410e+12  0.15%  15.1  354s
 24362 13822 1.7427e+12  208    1 1.7437e+12 1.7410e+12  0.15%  16.3  366s
 24416 14122 1.7428e+12  219    1 1.7437e+12 1.7410e+12  0.15%  16.3  373s
 25504 14446 1.7410e+12   24    1 1.7437e+12 1.7410e+12  0.15%  16.1  379s
 26592 14100 1.7414e+12   52    1 1.7437e+12 1.7410e+12  0.15%  16.1  397s
 26632 15019 1.7414e+12   53    1 1.7437e+12 1.7410e+12  0.15%  16.1  401s
 27720 15647 1.7414e+12   84    1 1.7437e+12 1.7410e+12  0.15%  15.7  408s
 28808 16166 1.7418e+12  114    1 1.7437e+12 1.7410e+12  0.15%  15.5  413s
 29896 16356 1.7418e+12  147    2 1.7437e+12 1.7410e+12  0.15%  15.2  424s
 30978 16437 1.7420e+12  178    1 1.7437e+12 1.7410e+12  0.15%  15.7  429s
 31997 16106 1.7436e+12  194    1 1.7437e+12 1.7410e+12  0.15%  16.4  477s
 32029 16587 1.7437e+12  195    1 1.7437e+12 1.7410e+12  0.15%  16.4  483s
 33111 17039 1.7410e+12   26    1 1.7437e+12 1.7410e+12  0.15%  16.4  489s
 34166 17608 1.7411e+12   44    1 1.7437e+12 1.7410e+12  0.15%  16.3  495s
 35254 18191 1.7412e+12   78    2 1.7437e+12 1.7410e+12  0.15%  16.1  502s
 36339 18764 1.7413e+12  112    1 1.7437e+12 1.7410e+12  0.15%  15.9  509s
 37416 19377 1.7422e+12  135    1 1.7437e+12 1.7410e+12  0.15%  15.5  516s
 38498 20163 1.7423e+12  169    1 1.7437e+12 1.7410e+12  0.15%  15.2  524s
 39573 20868 1.7425e+12  203    1 1.7437e+12 1.7410e+12  0.15%  15.2  531s
 40512 21450 1.7427e+12  237    1 1.7437e+12 1.7410e+12  0.15%  16.4  536s
 41527 22280     cutoff  260      1.7437e+12 1.7410e+12  0.15%  17.6  541s
 42603 23185 1.7411e+12   53    1 1.7437e+12 1.7410e+12  0.15%  17.5  546s
 43674 24137 1.7420e+12   78    1 1.7437e+12 1.7410e+12  0.15%  17.3  551s
 44751 24932 1.7417e+12  110    1 1.7437e+12 1.7410e+12  0.15%  17.6  555s
 45623 25489 1.7428e+12  138    1 1.7437e+12 1.7410e+12  0.15%  18.9  561s
 46522 25744 1.7428e+12  171    1 1.7437e+12 1.7410e+12  0.15%  19.9  567s
 47561 26481 1.7410e+12   24    1 1.7437e+12 1.7410e+12  0.15%  19.8  572s
 48646 27405 1.7411e+12   58    1 1.7437e+12 1.7410e+12  0.15%  19.5  577s
 49734 28369 1.7413e+12   92    1 1.7437e+12 1.7410e+12  0.15%  19.2  583s
 50822 29191 1.7424e+12  126    1 1.7437e+12 1.7410e+12  0.15%  18.9  592s
 51890 29936 1.7424e+12  160    1 1.7437e+12 1.7410e+12  0.15%  18.7  599s
 52965 30765 1.7426e+12  194    1 1.7437e+12 1.7410e+12  0.15%  18.5  605s
 54053 31336 1.7428e+12  228    2 1.7437e+12 1.7410e+12  0.15%  18.2  619s
 54757 31365 1.7411e+12   26    1 1.7437e+12 1.7410e+12  0.15%  18.2  639s
 54789 32135 1.7411e+12   27    1 1.7437e+12 1.7410e+12  0.15%  18.2  645s
 55877 32969 1.7412e+12   60    1 1.7437e+12 1.7410e+12  0.15%  18.3  651s
 56965 33849 1.7417e+12   93    1 1.7437e+12 1.7410e+12  0.15%  18.1  656s
 58053 34611 1.7415e+12  123    1 1.7437e+12 1.7410e+12  0.15%  17.9  660s
 59141 34612 1.7423e+12  122    1 1.7437e+12 1.7410e+12  0.15%  17.7  694s
 59142 34613 1.7412e+12   55    1 1.7437e+12 1.7410e+12  0.15%  17.7  695s
 59143 34613 1.7425e+12  132    2 1.7437e+12 1.7410e+12  0.15%  17.7  702s
 59144 34614 1.7431e+12  178    1 1.7437e+12 1.7410e+12  0.15%  17.7  707s
 59145 34615 1.7414e+12   64    1 1.7437e+12 1.7410e+12  0.15%  17.7  710s
 59147 34619 1.7410e+12   31    1 1.7437e+12 1.7410e+12  0.15%  18.1  716s
 59177 34669 1.7410e+12   35    1 1.7437e+12 1.7410e+12  0.15%  18.0  720s
 59241 34712 1.7411e+12   36    1 1.7437e+12 1.7410e+12  0.15%  18.0  739s
 59305 34754 1.7411e+12   37    1 1.7437e+12 1.7410e+12  0.15%  18.0  806s
 59432 35024 1.7411e+12   39    1 1.7437e+12 1.7410e+12  0.15%  18.0  811s
 59649 35514 1.7411e+12   43    1 1.7437e+12 1.7410e+12  0.15%  17.9  821s
 60211 36154 1.7412e+12   59    1 1.7437e+12 1.7410e+12  0.15%  17.8  832s
 61039 36536 1.7412e+12   86    1 1.7437e+12 1.7410e+12  0.15%  17.6  843s
 61723 37056 1.7413e+12  109    2 1.7437e+12 1.7410e+12  0.15%  17.5  855s
 62525 37293 1.7415e+12  133    1 1.7437e+12 1.7410e+12  0.15%  17.3  865s
 63571 37303 1.7425e+12  166    1 1.7437e+12 1.7410e+12  0.15%  17.2  876s
 64576 37336 1.7426e+12  200    1 1.7437e+12 1.7410e+12  0.15%  17.0  887s
 65562 37612 1.7428e+12  234    2 1.7437e+12 1.7410e+12  0.15%  17.0  896s
 66551 38196 1.7411e+12   47    1 1.7437e+12 1.7410e+12  0.15%  17.3  903s
 67557 38832 1.7411e+12   81    1 1.7437e+12 1.7410e+12  0.15%  17.4  910s
 68641 39329 1.7413e+12  115    1 1.7437e+12 1.7410e+12  0.15%  17.2  915s
 69729 39507 1.7424e+12  149    1 1.7437e+12 1.7410e+12  0.15%  17.2  922s
 70697 39726 1.7425e+12  183    1 1.7437e+12 1.7410e+12  0.15%  17.5  930s
 71650 39812 1.7427e+12  217    1 1.7437e+12 1.7410e+12  0.15%  18.0  936s
 72738 39589 1.7428e+12  251    1 1.7437e+12 1.7410e+12  0.15%  18.0  951s
 73206 40278 1.7410e+12   37    1 1.7437e+12 1.7410e+12  0.15%  18.1  957s
 74285 39945 1.7411e+12   69    1 1.7437e+12 1.7410e+12  0.15%  18.0  992s
 74318 40904 1.7414e+12   70    1 1.7437e+12 1.7410e+12  0.15%  18.0  999s
 75406 40589 1.7412e+12   99    1 1.7437e+12 1.7410e+12  0.15%  17.8 1008s
 75463 41566 1.7412e+12  100    1 1.7437e+12 1.7410e+12  0.15%  17.8 1012s
 76551 41695 1.7414e+12  133    1 1.7437e+12 1.7410e+12  0.15%  17.7 1017s
 77639 41692 1.7424e+12  164    1 1.7437e+12 1.7410e+12  0.15%  17.5 1022s
 78703 41735 1.7426e+12  196    1 1.7437e+12 1.7410e+12  0.15%  17.5 1027s
 79778 41765 1.7427e+12  230    1 1.7437e+12 1.7410e+12  0.15%  17.5 1032s
 80866 42282 1.7429e+12  260    1 1.7437e+12 1.7410e+12  0.15%  17.6 1037s
 81954 42930 1.7411e+12   63    1 1.7437e+12 1.7410e+12  0.15%  17.5 1042s
 83042 43461 1.7412e+12   93    1 1.7437e+12 1.7410e+12  0.15%  17.4 1046s
 84130 43600 1.7413e+12  127    1 1.7437e+12 1.7410e+12  0.15%  17.2 1051s
 85218 43572 1.7424e+12  160    1 1.7437e+12 1.7410e+12  0.15%  17.1 1055s
 86294 43675 1.7426e+12  193    1 1.7437e+12 1.7410e+12  0.15%  17.0 1060s
 87369 43332 1.7427e+12  225    1 1.7437e+12 1.7410e+12  0.15%  17.0 1082s
 87403 43988 1.7427e+12  226    1 1.7437e+12 1.7410e+12  0.15%  17.0 1087s
 88483 44503 1.7429e+12  257    2 1.7437e+12 1.7410e+12  0.15%  17.0 1094s
 89571 45126 1.7411e+12   62    2 1.7437e+12 1.7410e+12  0.15%  16.9 1098s
 90659 45400 1.7412e+12   93    2 1.7437e+12 1.7410e+12  0.15%  16.8 1103s
 91747 45527 1.7413e+12  126    1 1.7437e+12 1.7410e+12  0.15%  16.7 1107s
 92835 45606 1.7424e+12  157    1 1.7437e+12 1.7410e+12  0.15%  16.5 1112s
 93922 45712 1.7425e+12  190    1 1.7437e+12 1.7410e+12  0.15%  16.5 1117s
 94983 46184 1.7427e+12  221    1 1.7437e+12 1.7410e+12  0.15%  16.6 1121s
 96071 46695 1.7429e+12  254    3 1.7437e+12 1.7410e+12  0.15%  16.5 1126s
 97145 47305 1.7411e+12   58    1 1.7437e+12 1.7410e+12  0.15%  16.4 1131s
 98233 47704 1.7414e+12   84    1 1.7437e+12 1.7410e+12  0.15%  16.3 1135s
 99301 48021 1.7416e+12  116    2 1.7437e+12 1.7410e+12  0.15%  16.3 1140s
 100330 48232 1.7417e+12  148    1 1.7437e+12 1.7410e+12  0.15%  16.3 1145s
 101355 48372 1.7418e+12  178    3 1.7437e+12 1.7410e+12  0.15%  16.4 1151s
 102336 48749 1.7420e+12  196    1 1.7437e+12 1.7410e+12  0.15%  16.6 1156s
 103355 49170 1.7426e+12  217    2 1.7437e+12 1.7410e+12  0.15%  16.6 1160s
 104434 49619 1.7427e+12  251    1 1.7437e+12 1.7410e+12  0.15%  16.6 1165s
 105521 49277 1.7412e+12   45    1 1.7437e+12 1.7410e+12  0.15%  16.4 1209s
 105553 49907 1.7413e+12   46    1 1.7437e+12 1.7410e+12  0.15%  16.4 1215s
 106640 50211 1.7419e+12   59    1 1.7437e+12 1.7410e+12  0.15%  16.3 1221s
 107714 50445 1.7431e+12   72    1 1.7437e+12 1.7410e+12  0.15%  16.2 1226s
 108773 50839 1.7436e+12   92    1 1.7437e+12 1.7410e+12  0.15%  16.2 1231s
 109843 51247 1.7411e+12   59    1 1.7437e+12 1.7410e+12  0.15%  16.3 1236s
 110923 51814 1.7412e+12   93    2 1.7437e+12 1.7410e+12  0.15%  16.2 1241s
 112011 52126 1.7413e+12  127    1 1.7437e+12 1.7410e+12  0.15%  16.1 1247s
 113092 52189 1.7424e+12  161    1 1.7437e+12 1.7410e+12  0.15%  16.0 1253s
 114155 52233 1.7426e+12  195    2 1.7437e+12 1.7410e+12  0.15%  16.0 1259s
 115227 52288 1.7427e+12  229    1 1.7437e+12 1.7410e+12  0.15%  15.9 1267s
 116259 52610 1.7429e+12  260    1 1.7437e+12 1.7410e+12  0.15%  16.0 1273s
 117346 53112 1.7411e+12   67    1 1.7437e+12 1.7410e+12  0.15%  15.9 1283s
 118434 53729 1.7413e+12  101    1 1.7437e+12 1.7410e+12  0.15%  15.9 1291s
 119522 54391 1.7422e+12  133    1 1.7437e+12 1.7410e+12  0.15%  15.8 1297s
 120607 54997 1.7423e+12  164    1 1.7437e+12 1.7410e+12  0.15%  15.7 1304s
 121672 55517 1.7425e+12  198    1 1.7437e+12 1.7410e+12  0.15%  15.7 1310s
 122709 55922 1.7426e+12  232    1 1.7437e+12 1.7410e+12  0.15%  15.6 1317s
 123737 56137 1.7436e+12  255    1 1.7437e+12 1.7410e+12  0.15%  15.7 1323s
 124780 55815 1.7411e+12   60    1 1.7437e+12 1.7410e+12  0.15%  15.7 1362s
 124812 56663 1.7411e+12   61    1 1.7437e+12 1.7410e+12  0.15%  15.7 1369s
 125888 57263 1.7412e+12   92    1 1.7437e+12 1.7410e+12  0.15%  15.7 1375s
 126976 57654 1.7413e+12  123    1 1.7437e+12 1.7410e+12  0.15%  15.6 1380s
 128064 57697 1.7424e+12  157    1 1.7437e+12 1.7410e+12  0.15%  15.5 1385s
 129147 57666 1.7425e+12  189    1 1.7437e+12 1.7410e+12  0.15%  15.5 1390s
 131281 57896 1.7428e+12  250    1 1.7437e+12 1.7410e+12  0.15%  15.5 1400s
 132369 58389 1.7411e+12   60    1 1.7437e+12 1.7410e+12  0.15%  15.5 1406s
 133457 58973 1.7412e+12   94    1 1.7437e+12 1.7410e+12  0.15%  15.4 1413s
 134526 59230 1.7413e+12  128    1 1.7437e+12 1.7410e+12  0.15%  15.4 1419s
 135603 59290 1.7424e+12  162    1 1.7437e+12 1.7410e+12  0.15%  15.3 1425s
 137775 59545 1.7427e+12  230    1 1.7437e+12 1.7410e+12  0.15%  15.1 1434s
 138862 59901 infeasible  255      1.7437e+12 1.7410e+12  0.15%  15.2 1438s
 139905 60415 1.7411e+12   74    2 1.7437e+12 1.7410e+12  0.15%  15.3 1443s
 140923 60914 1.7413e+12  108    1 1.7437e+12 1.7410e+12  0.15%  15.4 1450s
 141978 61090 1.7424e+12  142    2 1.7437e+12 1.7410e+12  0.15%  15.3 1455s
 143066 60739 1.7424e+12  176    1 1.7437e+12 1.7410e+12  0.15%  15.3 1473s
 143101 61210 1.7425e+12  177    1 1.7437e+12 1.7410e+12  0.15%  15.3 1478s
 144189 61423 1.7426e+12  211    1 1.7437e+12 1.7410e+12  0.15%  15.2 1484s
 145277 61563 1.7428e+12  245    1 1.7437e+12 1.7410e+12  0.15%  15.1 1490s
 146331 61940 1.7411e+12   50    1 1.7437e+12 1.7411e+12  0.15%  15.2 1498s
 147419 62505 1.7412e+12   82    1 1.7437e+12 1.7411e+12  0.15%  15.2 1504s
 148499 63085 1.7413e+12  111    1 1.7437e+12 1.7411e+12  0.15%  15.1 1510s
 150675 63426 1.7424e+12  176    1 1.7437e+12 1.7411e+12  0.15%  15.0 1519s
 151750 63503 1.7426e+12  208    1 1.7437e+12 1.7411e+12  0.15%  15.0 1524s
 152812 63753 1.7428e+12  240    2 1.7437e+12 1.7411e+12  0.15%  15.0 1529s
 153869 64227 1.7411e+12   50    1 1.7437e+12 1.7411e+12  0.15%  15.0 1533s
 154895 64786 1.7412e+12   84    1 1.7437e+12 1.7411e+12  0.15%  15.1 1540s
 155927 65173 1.7413e+12  118    1 1.7437e+12 1.7411e+12  0.15%  15.1 1545s
 158076 65666 1.7425e+12  186    1 1.7437e+12 1.7411e+12  0.15%  15.0 1554s
 159062 65871 1.7427e+12  220    1 1.7437e+12 1.7411e+12  0.15%  15.1 1560s
 160035 66161 1.7429e+12  254    3 1.7437e+12 1.7411e+12  0.15%  15.3 1567s
 161059 66529 1.7411e+12   63    1 1.7437e+12 1.7411e+12  0.15%  15.3 1571s
 161994 67180 1.7412e+12   86    1 1.7437e+12 1.7411e+12  0.15%  15.2 1578s
 163078 67578 1.7413e+12  119    1 1.7437e+12 1.7411e+12  0.15%  15.2 1583s
 164164 67697 1.7424e+12  152    1 1.7437e+12 1.7411e+12  0.15%  15.1 1600s
 164388 68302 1.7424e+12  158    2 1.7437e+12 1.7411e+12  0.15%  15.1 1605s
 166564 69614 1.7427e+12  224    1 1.7437e+12 1.7411e+12  0.15%  15.0 1614s
 167650 70436 infeasible  255      1.7437e+12 1.7411e+12  0.15%  15.0 1619s
 168668 71241 1.7411e+12   64    1 1.7437e+12 1.7411e+12  0.15%  15.1 1624s
 169689 72044 1.7415e+12   97    1 1.7437e+12 1.7411e+12  0.15%  15.1 1630s
 170763 72694 1.7413e+12  125    1 1.7437e+12 1.7411e+12  0.15%  15.1 1635s
 171851 73285 1.7424e+12  156    1 1.7437e+12 1.7411e+12  0.15%  15.0 1640s
 173245 73644 1.7415e+12  133    1 1.7437e+12 1.7411e+12  0.15%  15.0 1645s
 174027 74128 1.7427e+12  219    1 1.7437e+12 1.7411e+12  0.15%  14.9 1650s
 175107 74783 1.7428e+12  249    1 1.7437e+12 1.7411e+12  0.15%  14.9 1655s
 176143 75671 1.7412e+12   56    1 1.7437e+12 1.7411e+12  0.15%  14.9 1662s
 177197 76440 1.7412e+12   90    1 1.7437e+12 1.7411e+12  0.15%  14.9 1667s
 178273 77092 1.7414e+12  124    1 1.7437e+12 1.7411e+12  0.15%  14.9 1673s
 179361 77716 1.7425e+12  158    2 1.7437e+12 1.7411e+12  0.15%  14.8 1677s
 180449 78387 1.7426e+12  192    1 1.7437e+12 1.7411e+12  0.15%  14.8 1682s
 181529 79245 1.7427e+12  226    1 1.7437e+12 1.7411e+12  0.15%  14.8 1687s
 182599 80175 1.7411e+12   47    1 1.7437e+12 1.7411e+12  0.15%  14.7 1692s
 183686 80955 1.7412e+12   77    1 1.7437e+12 1.7411e+12  0.15%  14.7 1697s
 184731 81833 1.7417e+12  105    2 1.7437e+12 1.7411e+12  0.15%  14.7 1702s
 185712 82722 1.7419e+12  136    2 1.7437e+12 1.7411e+12  0.15%  14.8 1706s
 186656 83403 1.7428e+12  169    1 1.7437e+12 1.7411e+12  0.15%  14.9 1711s
 187669 83985 1.7430e+12  203    1 1.7437e+12 1.7411e+12  0.15%  15.0 1717s
 188705 84648 1.7412e+12   62    2 1.7437e+12 1.7411e+12  0.15%  15.0 1723s
 189738 85357 1.7413e+12   96    1 1.7437e+12 1.7411e+12  0.15%  15.1 1728s
 190771 85963 1.7414e+12  130    1 1.7437e+12 1.7411e+12  0.15%  15.1 1734s
 191814 86594 1.7425e+12  164    1 1.7437e+12 1.7411e+12  0.15%  15.1 1739s
 192892 87302 1.7426e+12  198    1 1.7437e+12 1.7411e+12  0.15%  15.0 1744s
 193980 87893 1.7427e+12  232    1 1.7437e+12 1.7411e+12  0.15%  15.0 1748s
 195063 88550 1.7411e+12   53    1 1.7437e+12 1.7411e+12  0.15%  15.0 1753s
 196136 89182 1.7412e+12   87    1 1.7437e+12 1.7411e+12  0.15%  14.9 1757s
 197224 89773 1.7414e+12  121    1 1.7437e+12 1.7411e+12  0.15%  14.9 1761s
 198312 90385 1.7425e+12  155    1 1.7437e+12 1.7411e+12  0.15%  14.8 1766s
 199379 91078 1.7425e+12  189    1 1.7437e+12 1.7411e+12  0.15%  14.8 1770s
 200430 91762 1.7427e+12  223    1 1.7437e+12 1.7411e+12  0.15%  14.8 1775s
 201501 92415 1.7411e+12   43    1 1.7437e+12 1.7411e+12  0.15%  14.8 1780s
 203618 93682 1.7413e+12  111    1 1.7437e+12 1.7411e+12  0.15%  14.8 1789s
 204662 94315 1.7416e+12  145    1 1.7437e+12 1.7411e+12  0.15%  14.8 1793s
 205631 94974 1.7418e+12  172    2 1.7437e+12 1.7411e+12  0.15%  14.9 1800s
 206587 95612 1.7425e+12  191    2 1.7437e+12 1.7411e+12  0.15%  15.0 1805s
 207631 96368 1.7436e+12  218    1 1.7437e+12 1.7411e+12  0.15%  15.0 1810s
 208701 97163 1.7412e+12   55    1 1.7437e+12 1.7411e+12  0.15%  15.0 1815s
 209751 97892 1.7412e+12   86    1 1.7437e+12 1.7411e+12  0.15%  15.0 1820s
 210808 98528 1.7414e+12  115    1 1.7437e+12 1.7411e+12  0.15%  15.0 1825s
 211836 99106 1.7424e+12  144    1 1.7437e+12 1.7411e+12  0.15%  15.1 1830s
 212874 99718 1.7425e+12  176    1 1.7437e+12 1.7411e+12  0.15%  15.1 1836s
 213931 100456 1.7426e+12  207    1 1.7437e+12 1.7411e+12  0.15%  15.1 1842s
 214980 101121 1.7428e+12  239    2 1.7437e+12 1.7411e+12  0.15%  15.1 1847s
 216003 101956 1.7412e+12   61    1 1.7437e+12 1.7411e+12  0.15%  15.1 1852s
 217024 102765 1.7412e+12   95    1 1.7437e+12 1.7411e+12  0.15%  15.2 1857s
 218087 103457 1.7414e+12  129    1 1.7437e+12 1.7411e+12  0.15%  15.2 1861s
 219147 103965 1.7425e+12  163    1 1.7437e+12 1.7411e+12  0.15%  15.2 1866s
 220174 104432 1.7426e+12  197    2 1.7437e+12 1.7411e+12  0.15%  15.2 1870s
 221218 104899 1.7427e+12  231    1 1.7437e+12 1.7411e+12  0.15%  15.2 1875s
 223363 106512 1.7412e+12   89    1 1.7437e+12 1.7411e+12  0.15%  15.1 1884s
 224433 107163 1.7414e+12  123    1 1.7437e+12 1.7411e+12  0.15%  15.1 1889s
 225330 107703 1.7425e+12  152    1 1.7437e+12 1.7411e+12  0.15%  15.1 1893s
 226391 108178 1.7425e+12  186    1 1.7437e+12 1.7411e+12  0.15%  15.1 1899s
 227433 108717 1.7427e+12  220    1 1.7437e+12 1.7411e+12  0.15%  15.1 1904s
 228496 109381 1.7411e+12   43    1 1.7437e+12 1.7411e+12  0.15%  15.1 1909s
 229567 110127 1.7412e+12   77    1 1.7437e+12 1.7411e+12  0.15%  15.1 1914s
 230640 110921 1.7413e+12  111    1 1.7437e+12 1.7411e+12  0.15%  15.1 1920s
 231713 111435 1.7424e+12  145    1 1.7437e+12 1.7411e+12  0.15%  15.0 1926s
 232792 111911 1.7425e+12  179    1 1.7437e+12 1.7411e+12  0.15%  15.0 1931s
 233880 112432 1.7426e+12  213    1 1.7437e+12 1.7411e+12  0.15%  14.9 1935s
 234968 113034 1.7429e+12  247    1 1.7437e+12 1.7411e+12  0.15%  14.9 1943s
 236056 113832 1.7412e+12   69    1 1.7437e+12 1.7411e+12  0.15%  14.9 1948s
 237139 114690 1.7413e+12   98    1 1.7437e+12 1.7411e+12  0.15%  14.9 1954s
 238185 115400 1.7415e+12  132    1 1.7437e+12 1.7411e+12  0.15%  14.9 1958s
 239229 115849 1.7425e+12  163    1 1.7437e+12 1.7411e+12  0.15%  14.9 1963s
 240294 116299 1.7426e+12  197    2 1.7437e+12 1.7411e+12  0.15%  14.9 1967s
 241334 116790 1.7427e+12  230    1 1.7437e+12 1.7411e+12  0.15%  14.9 1973s
 242353 117506 1.7412e+12   52    1 1.7437e+12 1.7411e+12  0.15%  14.9 1978s
 243408 118277 1.7412e+12   86    1 1.7437e+12 1.7411e+12  0.15%  14.9 1982s
 244490 119084 1.7414e+12  120    1 1.7437e+12 1.7411e+12  0.15%  14.8 1987s
 245566 119799 1.7425e+12  154    2 1.7437e+12 1.7411e+12  0.15%  14.8 1991s
 246631 120561 1.7425e+12  188    1 1.7437e+12 1.7411e+12  0.15%  14.8 1996s
 247694 121312 1.7427e+12  222    1 1.7437e+12 1.7411e+12  0.15%  14.8 2012s
 248690 122167 1.7411e+12   41    1 1.7437e+12 1.7411e+12  0.15%  14.8 2017s
 249697 122961 1.7414e+12   72    1 1.7437e+12 1.7411e+12  0.15%  14.9 2022s
 250785 123894 1.7413e+12  100    1 1.7437e+12 1.7411e+12  0.15%  14.9 2027s
 251873 124707 1.7414e+12  128    1 1.7437e+12 1.7411e+12  0.15%  14.9 2032s
 252958 125513 1.7425e+12  160    1 1.7437e+12 1.7411e+12  0.15%  14.9 2037s
 254029 126077 1.7426e+12  194    2 1.7437e+12 1.7411e+12  0.15%  14.9 2042s
 255090 126618 1.7427e+12  226    1 1.7437e+12 1.7411e+12  0.15%  14.9 2047s
 256158 127429 1.7411e+12   46    1 1.7437e+12 1.7411e+12  0.15%  14.9 2051s
 257208 128174 1.7415e+12   77    1 1.7437e+12 1.7411e+12  0.15%  14.9 2056s
 258277 128930 1.7413e+12  106    1 1.7437e+12 1.7411e+12  0.15%  14.9 2061s
 259361 129548 1.7415e+12  135    3 1.7437e+12 1.7411e+12  0.15%  14.8 2065s
 261506 130863 1.7425e+12  194    1 1.7437e+12 1.7411e+12  0.15%  14.8 2073s
 262585 131482 1.7426e+12  225    1 1.7437e+12 1.7411e+12  0.15%  14.8 2078s
 263625 132190 1.7428e+12  253    3 1.7437e+12 1.7411e+12  0.15%  14.8 2082s
 264643 132998 1.7412e+12   59    1 1.7437e+12 1.7411e+12  0.15%  14.9 2089s
 265688 133826 1.7412e+12   93    2 1.7437e+12 1.7411e+12  0.15%  14.9 2093s
 266733 134553 1.7414e+12  127    1 1.7437e+12 1.7411e+12  0.15%  14.9 2097s
 267657 135223 1.7425e+12  161    1 1.7437e+12 1.7411e+12  0.15%  15.0 2101s
 268617 135723 1.7426e+12  195    1 1.7437e+12 1.7411e+12  0.15%  15.1 2105s
 269609 136561 1.7427e+12  229    1 1.7437e+12 1.7411e+12  0.15%  15.2 2110s
 270631 137383 1.7413e+12   47    2 1.7437e+12 1.7411e+12  0.15%  15.2 2116s
 271706 138270 1.7417e+12   64    1 1.7437e+12 1.7411e+12  0.15%  15.2 2122s
 272784 138994 1.7427e+12   74    2 1.7437e+12 1.7411e+12  0.15%  15.2 2127s
 273844 139725 1.7433e+12   93    1 1.7437e+12 1.7411e+12  0.15%  15.1 2132s
 274923 140477 1.7434e+12  123    1 1.7437e+12 1.7411e+12  0.15%  15.1 2136s
 276010 141271 1.7412e+12   58    1 1.7437e+12 1.7411e+12  0.15%  15.1 2141s
 277071 141965 1.7412e+12   92    1 1.7437e+12 1.7411e+12  0.15%  15.1 2145s
 279130 143103 1.7425e+12  160    1 1.7437e+12 1.7411e+12  0.15%  15.2 2153s
