Set parameter TokenServer to value "license-1.hpc.nrel.gov"
Set parameter TimeLimit to value 3600
Set parameter MIPGap to value 0.001
Set parameter MIPGap to value 0.001
Set parameter TimeLimit to value 3600
Gurobi Optimizer version 9.5.1 build v9.5.1rc2 (linux64)
Thread count: 36 physical cores, 36 logical processors, using up to 32 threads
Optimize a model with 84446 rows, 992940 columns and 2037872 nonzeros
Model fingerprint: 0xf4db5b81
Variable types: 979004 continuous, 13936 integer (13936 binary)
Coefficient statistics:
  Matrix range     [1e+00, 1e+05]
  Objective range  [2e-01, 2e+09]
  Bounds range     [1e+05, 1e+08]
  RHS range        [8e-01, 2e+06]
Warning: Model contains large objective coefficients
         Consider reformulating model or setting NumericFocus parameter
         to avoid numerical issues.
Presolve removed 73460 rows and 56548 columns
Presolve time: 4.71s
Presolved: 10986 rows, 936392 columns, 1878948 nonzeros
Variable types: 933176 continuous, 3216 integer (3216 binary)

Deterministic concurrent LP optimizer: primal and dual simplex
Showing first log only...


Root simplex log...

Iteration    Objective       Primal Inf.    Dual Inf.      Time
       0    1.0287250e+12   8.282993e+05   1.957671e+10      8s
  227948    1.0933176e+12   2.087021e+05   5.925681e+10     10s
Concurrent spin time: 0.02s

Solved with dual simplex

Root relaxation: objective 1.741023e+12, 71696 iterations, 7.17 seconds (4.95 work units)

    Nodes    |    Current Node    |     Objective Bounds      |     Work
 Expl Unexpl |  Obj  Depth IntInf | Incumbent    BestBd   Gap | It/Node Time

     0     0 1.7410e+12    0    6          - 1.7410e+12      -     -   13s
H    0     0                    1.743700e+12 1.7410e+12  0.15%     -   14s
     0     0 1.7410e+12    0    3 1.7437e+12 1.7410e+12  0.15%     -   16s
     0     0 1.7410e+12    0    3 1.7437e+12 1.7410e+12  0.15%     -   20s
     0     2 1.7410e+12    0    3 1.7437e+12 1.7410e+12  0.15%     -   25s
    31    64 1.7410e+12    5    3 1.7437e+12 1.7410e+12  0.15%   4.5   31s
    95   128 1.7410e+12    7    3 1.7437e+12 1.7410e+12  0.15%   4.1   60s
   159   192 1.7411e+12    8    3 1.7437e+12 1.7410e+12  0.15%   4.1  115s
   223   430 1.7411e+12   10    3 1.7437e+12 1.7410e+12  0.15%   4.4  122s
   429  1058 1.7411e+12   15    3 1.7437e+12 1.7410e+12  0.15%   4.2  134s
  1057  1732 1.7412e+12   34    3 1.7437e+12 1.7410e+12  0.15%   4.9  146s
  1743  2376 1.7412e+12   54    3 1.7437e+12 1.7410e+12  0.15%   5.2  158s
  2450  3127 1.7414e+12   78    3 1.7437e+12 1.7410e+12  0.15%   5.3  169s
  3236  3975 1.7414e+12  111    3 1.7437e+12 1.7410e+12  0.15%   5.2  179s
  4214  4408 1.7416e+12  144    3 1.7437e+12 1.7410e+12  0.15%   5.3  186s
  5190  4682 1.7429e+12  176    3 1.7437e+12 1.7410e+12  0.15%   5.5  193s
  6126  5317 1.7410e+12   11    3 1.7437e+12 1.7410e+12  0.15%   5.9  199s
  7059  6146 1.7411e+12   44    3 1.7437e+12 1.7410e+12  0.15%   7.4  206s
  7976  7000 1.7413e+12   77    3 1.7437e+12 1.7410e+12  0.15%   8.5  217s
  8903  7679 1.7423e+12  107    3 1.7437e+12 1.7410e+12  0.15%   8.9  224s
  9863  8257 1.7423e+12  139    3 1.7437e+12 1.7410e+12  0.15%   9.7  232s
 10824  8790 1.7425e+12  172    6 1.7437e+12 1.7410e+12  0.15%  11.6  238s
 11759  8791 1.7410e+12   10    3 1.7437e+12 1.7410e+12  0.15%  15.4  267s
 11761  8792 1.7417e+12   94    2 1.7437e+12 1.7410e+12  0.15%  15.4  276s
 11762  8793 1.7423e+12  127    1 1.7437e+12 1.7410e+12  0.15%  15.4  280s
 11764  8794 1.7429e+12  228    1 1.7437e+12 1.7410e+12  0.15%  15.4  285s
 11795  8848 1.7410e+12   16    1 1.7437e+12 1.7410e+12  0.15%  19.1  291s
 11859  8891 1.7411e+12   17    1 1.7437e+12 1.7410e+12  0.15%  19.0  309s
 11891  8912 1.7410e+12   18    1 1.7437e+12 1.7410e+12  0.15%  19.0  310s
 11923  8933 1.7411e+12   18    1 1.7437e+12 1.7410e+12  0.15%  18.9  334s
 11955  8986 1.7410e+12   19    1 1.7437e+12 1.7410e+12  0.15%  18.9  335s
 12354  9696 1.7411e+12   26    1 1.7437e+12 1.7410e+12  0.15%  18.4  345s
 12861 10209 1.7412e+12   42    1 1.7437e+12 1.7410e+12  0.15%  17.9  356s
 13544 10012 1.7412e+12   63    1 1.7437e+12 1.7410e+12  0.15%  17.2  379s
 13576 10493 1.7412e+12   64    1 1.7437e+12 1.7410e+12  0.15%  17.2  390s
 14099 11109 1.7413e+12   79    1 1.7437e+12 1.7410e+12  0.15%  16.8  402s
 14939 11528 1.7414e+12  104    1 1.7437e+12 1.7410e+12  0.15%  16.1  417s
 15971 11430 infeasible  135      1.7437e+12 1.7410e+12  0.15%  15.4  425s
 16992 11405 1.7425e+12  167    1 1.7437e+12 1.7410e+12  0.15%  15.0  432s
 17975 11490 1.7427e+12  201    1 1.7437e+12 1.7410e+12  0.15%  14.9  438s
 18946 11862 1.7410e+12   18    1 1.7437e+12 1.7410e+12  0.15%  15.6  447s
 19962 12470 1.7411e+12   51    1 1.7437e+12 1.7410e+12  0.15%  16.1  455s
 20972 13079 1.7413e+12   84    1 1.7437e+12 1.7410e+12  0.15%  15.7  461s
 22058 13401 1.7415e+12  116    3 1.7437e+12 1.7410e+12  0.15%  15.8  467s
 23134 13456 1.7424e+12  149    1 1.7437e+12 1.7410e+12  0.15%  15.9  473s
 24194 13519 1.7426e+12  181    2 1.7437e+12 1.7410e+12  0.15%  16.1  478s
 25282 13553 1.7428e+12  214    1 1.7437e+12 1.7410e+12  0.15%  15.9  483s
 26370 13938 1.7410e+12   19    1 1.7437e+12 1.7410e+12  0.15%  16.1  491s
 27431 14485 1.7411e+12   51    1 1.7437e+12 1.7410e+12  0.15%  16.3  500s
 28511 14151 1.7412e+12   80    1 1.7437e+12 1.7410e+12  0.15%  16.2  556s
 28543 15024 1.7412e+12   81    1 1.7437e+12 1.7410e+12  0.15%  16.1  563s
 29631 15211 1.7413e+12  112    1 1.7437e+12 1.7410e+12  0.15%  15.9  573s
 30719 15347 1.7424e+12  146    1 1.7437e+12 1.7410e+12  0.15%  15.7  578s
 31769 15021 1.7426e+12  180    2 1.7437e+12 1.7410e+12  0.15%  15.8  603s
 31801 15773 1.7426e+12  181    2 1.7437e+12 1.7410e+12  0.15%  15.8  611s
 32889 16154 1.7428e+12  215    1 1.7437e+12 1.7410e+12  0.15%  15.4  619s
 33977 16498 1.7410e+12   21    1 1.7437e+12 1.7410e+12  0.15%  15.2  624s
 35065 16584 1.7411e+12   55    1 1.7437e+12 1.7410e+12  0.15%  14.9  630s
 36153 16658 1.7413e+12   89    2 1.7437e+12 1.7410e+12  0.15%  14.7  636s
 37241 16741 1.7424e+12  123    2 1.7437e+12 1.7410e+12  0.15%  14.5  642s
 38328 16760 1.7424e+12  157    1 1.7437e+12 1.7410e+12  0.15%  14.4  657s
 38966 17589 1.7426e+12  176    2 1.7437e+12 1.7410e+12  0.15%  14.5  663s
 40054 18410 1.7427e+12  210    1 1.7437e+12 1.7410e+12  0.15%  14.4  668s
 41129 19250 infeasible  239      1.7437e+12 1.7410e+12  0.15%  14.4  673s
 42212 19782 1.7411e+12   47    1 1.7437e+12 1.7410e+12  0.15%  14.2  678s
 43289 20264 1.7412e+12   77    1 1.7437e+12 1.7410e+12  0.15%  14.1  683s
 44311 20739 1.7422e+12  106    1 1.7437e+12 1.7410e+12  0.15%  14.4  689s
 45382 21187 1.7424e+12  141    1 1.7437e+12 1.7410e+12  0.15%  14.5  694s
 46445 21947 1.7426e+12  174    1 1.7437e+12 1.7410e+12  0.15%  14.7  699s
 47529 22704 1.7427e+12  207    1 1.7437e+12 1.7410e+12  0.15%  14.6  704s
 48617 23450 1.7429e+12  236    3 1.7437e+12 1.7410e+12  0.15%  14.4  709s
 49705 23987 1.7411e+12   45    1 1.7437e+12 1.7410e+12  0.15%  14.2  714s
 50793 24401 1.7412e+12   79    1 1.7437e+12 1.7410e+12  0.15%  14.0  719s
 51866 24823 1.7414e+12  113    1 1.7437e+12 1.7410e+12  0.15%  14.0  725s
 52924 25354 1.7424e+12  147    1 1.7437e+12 1.7410e+12  0.15%  14.1  731s
 54003 26082 1.7426e+12  181    2 1.7437e+12 1.7410e+12  0.15%  14.1  737s
 55083 26900 1.7428e+12  215    1 1.7437e+12 1.7410e+12  0.15%  14.0  742s
 56167 27727 1.7411e+12   23    1 1.7437e+12 1.7410e+12  0.15%  13.9  747s
 57242 28403 1.7412e+12   57    2 1.7437e+12 1.7410e+12  0.15%  13.8  752s
 58308 28843 1.7413e+12   91    1 1.7437e+12 1.7410e+12  0.15%  13.8  757s
 59350 28844 1.7413e+12   56    3 1.7437e+12 1.7410e+12  0.15%  13.9  801s
 59352 28845 1.7420e+12  109    2 1.7437e+12 1.7410e+12  0.15%  13.9  811s
 59353 28846 1.7412e+12   32    1 1.7437e+12 1.7410e+12  0.15%  13.9  816s
 59354 28847 1.7418e+12  103    1 1.7437e+12 1.7410e+12  0.15%  13.9  821s
 59355 28847 1.7413e+12   51    1 1.7437e+12 1.7410e+12  0.15%  13.9  825s
 59370 28874 1.7410e+12   26    1 1.7437e+12 1.7410e+12  0.15%  14.6  830s
 59450 28944 1.7411e+12   28    1 1.7437e+12 1.7410e+12  0.15%  14.6  859s
 59482 28965 1.7410e+12   29    1 1.7437e+12 1.7410e+12  0.15%  14.6  860s
 59514 28986 1.7411e+12   29    1 1.7437e+12 1.7410e+12  0.15%  14.6  947s
 59609 29200 1.7411e+12   31    1 1.7437e+12 1.7410e+12  0.15%  14.5  951s
 59791 29707 1.7411e+12   34    1 1.7437e+12 1.7410e+12  0.15%  14.5  960s
 60359 30340 1.7412e+12   50    1 1.7437e+12 1.7410e+12  0.15%  14.4  970s
 61181 30851 1.7412e+12   77    1 1.7437e+12 1.7410e+12  0.15%  14.3  982s
 61986 31126 1.7413e+12  101    2 1.7437e+12 1.7410e+12  0.15%  14.2  993s
 62563 31569 1.7414e+12  118    1 1.7437e+12 1.7410e+12  0.15%  14.1 1005s
 63617 31387 1.7425e+12  150    1 1.7437e+12 1.7410e+12  0.15%  13.9 1017s
 64639 31323 1.7426e+12  184    1 1.7437e+12 1.7410e+12  0.15%  13.9 1026s
 65629 31494 1.7427e+12  218    1 1.7437e+12 1.7410e+12  0.15%  13.8 1033s
 66625 32039 1.7411e+12   40    1 1.7437e+12 1.7410e+12  0.15%  14.1 1041s
 67643 32592 1.7411e+12   73    1 1.7437e+12 1.7410e+12  0.15%  14.1 1048s
 68703 33032 1.7413e+12  106    1 1.7437e+12 1.7410e+12  0.15%  14.1 1055s
 69748 33082 1.7424e+12  139    1 1.7437e+12 1.7410e+12  0.15%  14.2 1061s
 70782 32770 1.7425e+12  172    1 1.7437e+12 1.7410e+12  0.15%  14.2 1075s
 70910 33084 1.7425e+12  176    1 1.7437e+12 1.7410e+12  0.15%  14.2 1080s
 71998 33119 1.7427e+12  209    1 1.7437e+12 1.7410e+12  0.15%  14.1 1085s
 73086 33368 1.7428e+12  242    1 1.7437e+12 1.7410e+12  0.15%  14.0 1090s
 74174 33940 1.7411e+12   45    2 1.7437e+12 1.7410e+12  0.15%  14.1 1095s
 75670 34268 1.7428e+12  233    2 1.7437e+12 1.7410e+12  0.15%  13.9 1100s
 76350 34795 1.7413e+12  107    1 1.7437e+12 1.7410e+12  0.15%  13.9 1105s
 78526 34793 1.7425e+12  170    1 1.7437e+12 1.7410e+12  0.15%  13.7 1114s
 79614 34840 1.7426e+12  202    1 1.7437e+12 1.7410e+12  0.15%  13.6 1119s
 80702 35058 1.7428e+12  234    1 1.7437e+12 1.7410e+12  0.15%  13.5 1124s
 81790 35589 1.7411e+12   40    1 1.7437e+12 1.7410e+12  0.15%  13.6 1130s
 82875 35252 1.7414e+12   69    1 1.7437e+12 1.7410e+12  0.15%  13.5 1177s
 82907 35268 1.7412e+12   69    1 1.7437e+12 1.7410e+12  0.15%  13.5 1224s
 82939 36172 1.7412e+12   70    1 1.7437e+12 1.7410e+12  0.15%  13.5 1230s
 84017 36712 1.7413e+12  102    1 1.7437e+12 1.7410e+12  0.15%  13.5 1237s
 85093 36853 1.7424e+12  132    1 1.7437e+12 1.7410e+12  0.15%  13.5 1243s
 86155 36943 1.7424e+12  166    1 1.7437e+12 1.7410e+12  0.15%  13.5 1249s
 87198 36986 1.7426e+12  198    2 1.7437e+12 1.7410e+12  0.15%  13.7 1255s
 88265 37241 1.7428e+12  232    2 1.7437e+12 1.7410e+12  0.15%  13.8 1264s
 89353 37759 1.7411e+12   39    1 1.7437e+12 1.7410e+12  0.15%  13.8 1269s
 90441 38153 1.7412e+12   73    1 1.7437e+12 1.7410e+12  0.15%  13.7 1274s
 91529 38571 1.7413e+12  107    1 1.7437e+12 1.7410e+12  0.15%  13.6 1279s
 92617 38601 1.7423e+12  135    1 1.7437e+12 1.7410e+12  0.15%  13.5 1283s
 93705 38606 1.7423e+12  169    1 1.7437e+12 1.7410e+12  0.15%  13.5 1288s
 94784 38759 1.7425e+12  203    1 1.7437e+12 1.7410e+12  0.15%  13.5 1293s
 95855 39136 1.7427e+12  237    1 1.7437e+12 1.7410e+12  0.15%  13.5 1298s
 96936 39602 1.7411e+12   45    2 1.7437e+12 1.7410e+12  0.15%  13.5 1302s
 98024 39971 1.7412e+12   77    1 1.7437e+12 1.7410e+12  0.15%  13.4 1307s
 99112 40184 1.7421e+12  107    1 1.7437e+12 1.7410e+12  0.15%  13.4 1314s
 100191 40208 1.7424e+12  141    1 1.7437e+12 1.7410e+12  0.15%  13.3 1319s
 101268 40303 1.7425e+12  174    1 1.7437e+12 1.7410e+12  0.15%  13.3 1324s
 102340 40533 1.7426e+12  205    1 1.7437e+12 1.7410e+12  0.15%  13.3 1330s
 103426 40970 1.7428e+12  235    2 1.7437e+12 1.7410e+12  0.15%  13.3 1335s
 104506 41479 1.7411e+12   43    1 1.7437e+12 1.7410e+12  0.15%  13.3 1340s
 105531 41815 1.7412e+12   77    1 1.7437e+12 1.7410e+12  0.15%  13.4 1347s
 106580 41483 1.7413e+12  111    1 1.7437e+12 1.7410e+12  0.15%  13.4 1378s
 106612 42114 1.7413e+12  112    1 1.7437e+12 1.7410e+12  0.15%  13.4 1383s
 107688 42154 1.7423e+12  139    1 1.7437e+12 1.7410e+12  0.15%  13.3 1387s
 108775 42249 1.7423e+12  173    1 1.7437e+12 1.7410e+12  0.15%  13.3 1392s
 109863 42470 1.7426e+12  207    1 1.7437e+12 1.7410e+12  0.15%  13.2 1397s
 110951 42863 1.7427e+12  241    1 1.7437e+12 1.7410e+12  0.15%  13.3 1403s
 112027 43360 1.7411e+12   49    1 1.7437e+12 1.7410e+12  0.15%  13.2 1409s
 113114 43686 1.7412e+12   83    1 1.7437e+12 1.7410e+12  0.15%  13.2 1414s
 114202 43739 1.7413e+12  117    1 1.7437e+12 1.7410e+12  0.15%  13.1 1420s
 116377 43901 1.7426e+12  185    1 1.7437e+12 1.7410e+12  0.15%  13.0 1431s
 117452 44214 1.7427e+12  219    1 1.7437e+12 1.7410e+12  0.15%  13.0 1441s
 118540 44689 infeasible  251      1.7437e+12 1.7410e+12  0.15%  13.0 1447s
 119628 45133 1.7413e+12   60    1 1.7437e+12 1.7410e+12  0.15%  13.0 1456s
 120703 45448 1.7412e+12   88    1 1.7437e+12 1.7410e+12  0.15%  12.9 1462s
 121762 45670 1.7413e+12  113    1 1.7437e+12 1.7410e+12  0.15%  12.9 1468s
 122783 45819 1.7424e+12  145    1 1.7437e+12 1.7410e+12  0.15%  13.0 1475s
 123836 45485 1.7425e+12  179    1 1.7437e+12 1.7410e+12  0.15%  13.1 1507s
 123868 46015 1.7425e+12  180    1 1.7437e+12 1.7410e+12  0.15%  13.1 1514s
 124929 46287 1.7427e+12  212    1 1.7437e+12 1.7410e+12  0.15%  13.1 1521s
 125992 46729 1.7429e+12  245    2 1.7437e+12 1.7410e+12  0.15%  13.1 1528s
 127069 47098 1.7411e+12   53    1 1.7437e+12 1.7410e+12  0.15%  13.1 1535s
 128564 47126 1.7429e+12  251    1 1.7437e+12 1.7410e+12  0.15%  13.0 1540s
 129244 47312 1.7413e+12  121    1 1.7437e+12 1.7410e+12  0.15%  13.0 1546s
 130329 47453 1.7424e+12  155    1 1.7437e+12 1.7410e+12  0.15%  12.9 1553s
 131417 47661 1.7426e+12  189    2 1.7437e+12 1.7410e+12  0.15%  12.9 1561s
 132480 48055 1.7427e+12  223    1 1.7437e+12 1.7410e+12  0.15%  12.9 1569s
 133558 48588 1.7410e+12   34    1 1.7437e+12 1.7410e+12  0.15%  12.9 1577s
 134635 48811 1.7411e+12   68    2 1.7437e+12 1.7410e+12  0.15%  12.9 1584s
 135438 49177 1.7412e+12   92    1 1.7437e+12 1.7410e+12  0.15%  12.9 1590s
 136526 49293 1.7414e+12  126    1 1.7437e+12 1.7410e+12  0.15%  12.8 1595s
 137614 49154 1.7424e+12  160    1 1.7437e+12 1.7410e+12  0.15%  12.8 1611s
 138162 49445 1.7425e+12  176    1 1.7437e+12 1.7410e+12  0.15%  12.7 1616s
 139239 49687 1.7427e+12  210    1 1.7437e+12 1.7410e+12  0.15%  12.8 1621s
 140240 50109 1.7428e+12  244    1 1.7437e+12 1.7410e+12  0.15%  13.0 1627s
 141244 50522 1.7411e+12   54    1 1.7437e+12 1.7410e+12  0.15%  13.0 1633s
 142327 50972 1.7412e+12   88    1 1.7437e+12 1.7410e+12  0.15%  13.0 1638s
 143415 51089 1.7413e+12  122    1 1.7437e+12 1.7410e+12  0.15%  12.9 1643s
 144503 51176 1.7424e+12  156    1 1.7437e+12 1.7410e+12  0.15%  12.9 1648s
 145577 51132 1.7426e+12  190    1 1.7437e+12 1.7410e+12  0.15%  12.9 1653s
 146653 51552 1.7427e+12  224    1 1.7437e+12 1.7410e+12  0.15%  12.9 1661s
 147741 52362 1.7410e+12   34    1 1.7437e+12 1.7410e+12  0.15%  12.9 1666s
 148825 53272 1.7412e+12   68    1 1.7437e+12 1.7411e+12  0.15%  12.9 1671s
 149863 54138 1.7413e+12  102    1 1.7437e+12 1.7411e+12  0.15%  12.9 1676s
 150900 54760 1.7424e+12  136    1 1.7437e+12 1.7411e+12  0.15%  12.9 1680s
 151831 55288 1.7425e+12  170    1 1.7437e+12 1.7411e+12  0.15%  13.1 1685s
 152738 55621 1.7426e+12  204    1 1.7437e+12 1.7411e+12  0.15%  13.3 1691s
 153732 56189 1.7428e+12  238    1 1.7437e+12 1.7411e+12  0.15%  13.4 1696s
 154812 56929 1.7411e+12   50    1 1.7437e+12 1.7411e+12  0.15%  13.4 1701s
 155900 57807 1.7412e+12   84    2 1.7437e+12 1.7411e+12  0.15%  13.3 1706s
 156988 58415 1.7413e+12  118    1 1.7437e+12 1.7411e+12  0.15%  13.3 1711s
 158076 58841 1.7424e+12  152    1 1.7437e+12 1.7411e+12  0.15%  13.2 1716s
 159164 59166 1.7426e+12  186    2 1.7437e+12 1.7411e+12  0.15%  13.2 1721s
 160252 59652 1.7427e+12  220    2 1.7437e+12 1.7411e+12  0.15%  13.1 1726s
 161340 60435 infeasible  250      1.7437e+12 1.7411e+12  0.15%  13.1 1732s
 162428 61290 1.7411e+12   60    1 1.7437e+12 1.7411e+12  0.15%  13.1 1738s
 163516 62142 1.7413e+12   94    1 1.7437e+12 1.7411e+12  0.15%  13.0 1743s
 164604 62587 1.7415e+12  128    1 1.7437e+12 1.7411e+12  0.15%  13.0 1748s
 165692 62889 1.7424e+12  161    1 1.7437e+12 1.7411e+12  0.15%  12.9 1753s
 166780 63186 1.7426e+12  195    1 1.7437e+12 1.7411e+12  0.15%  12.9 1758s
 167868 63754 1.7428e+12  229    2 1.7437e+12 1.7411e+12  0.15%  12.8 1763s
 168956 64613 1.7411e+12   36    1 1.7437e+12 1.7411e+12  0.15%  12.8 1769s
 170044 65534 1.7412e+12   69    1 1.7437e+12 1.7411e+12  0.15%  12.8 1774s
 171132 66400 1.7413e+12  103    1 1.7437e+12 1.7411e+12  0.15%  12.8 1779s
 172220 66769 1.7423e+12  130    1 1.7437e+12 1.7411e+12  0.15%  12.7 1785s
 173305 67068 1.7424e+12  162    1 1.7437e+12 1.7411e+12  0.15%  12.7 1790s
 174388 67453 1.7425e+12  196    1 1.7437e+12 1.7411e+12  0.15%  12.6 1796s
 175462 67984 1.7427e+12  230    2 1.7437e+12 1.7411e+12  0.15%  12.6 1801s
 176519 68994 1.7411e+12   41    1 1.7437e+12 1.7411e+12  0.15%  12.7 1809s
 177607 70020 1.7412e+12   75    1 1.7437e+12 1.7411e+12  0.15%  12.7 1813s
 178695 71032 1.7413e+12  109    1 1.7437e+12 1.7411e+12  0.15%  12.6 1818s
 179772 71589 1.7416e+12  143    1 1.7437e+12 1.7411e+12  0.15%  12.7 1822s
 180552 72009 1.7418e+12  165    2 1.7437e+12 1.7411e+12  0.15%  12.9 1828s
 181209 72314 1.7425e+12  182    2 1.7437e+12 1.7411e+12  0.15%  13.3 1833s
 182179 72931 1.7436e+12  210    1 1.7437e+12 1.7411e+12  0.15%  13.5 1838s
 183267 73987 1.7412e+12   50    1 1.7437e+12 1.7411e+12  0.15%  13.4 1843s
 184355 75009 1.7412e+12   79    1 1.7437e+12 1.7411e+12  0.15%  13.4 1848s
 185443 75787 1.7414e+12  109    1 1.7437e+12 1.7411e+12  0.15%  13.3 1853s
 186531 75830 1.7424e+12  138    1 1.7437e+12 1.7411e+12  0.15%  13.3 1858s
 187619 76033 1.7425e+12  170    1 1.7437e+12 1.7411e+12  0.15%  13.2 1862s
 188707 76271 1.7426e+12  203    1 1.7437e+12 1.7411e+12  0.15%  13.2 1867s
 189795 77056 1.7428e+12  235    2 1.7437e+12 1.7411e+12  0.15%  13.2 1872s
 190883 78119 1.7413e+12   46    1 1.7437e+12 1.7411e+12  0.15%  13.2 1877s
 191971 79172 1.7412e+12   80    1 1.7437e+12 1.7411e+12  0.15%  13.1 1882s
 193059 79612 1.7414e+12  114    1 1.7437e+12 1.7411e+12  0.15%  13.1 1886s
 194147 79755 1.7425e+12  147    1 1.7437e+12 1.7411e+12  0.15%  13.0 1891s
 195235 79991 1.7425e+12  181    1 1.7437e+12 1.7411e+12  0.15%  13.0 1895s
 196323 80504 1.7427e+12  215    1 1.7437e+12 1.7411e+12  0.15%  12.9 1900s
 198499 82571 1.7412e+12   69    1 1.7437e+12 1.7411e+12  0.15%  12.9 1909s
 199587 83458 1.7413e+12  100    2 1.7437e+12 1.7411e+12  0.15%  12.9 1914s
 200675 83565 1.7416e+12  131    1 1.7437e+12 1.7411e+12  0.15%  12.8 1918s
 201763 83770 1.7425e+12  164    1 1.7437e+12 1.7411e+12  0.15%  12.8 1923s
 202851 84028 1.7426e+12  198    1 1.7437e+12 1.7411e+12  0.15%  12.7 1927s
 203939 84709 infeasible  231      1.7437e+12 1.7411e+12  0.15%  12.7 1931s
 205027 85754 1.7412e+12   48    1 1.7437e+12 1.7411e+12  0.15%  12.7 1936s
 206102 86775 1.7412e+12   79    1 1.7437e+12 1.7411e+12  0.15%  12.7 1945s
 207176 87242 1.7414e+12  113    1 1.7437e+12 1.7411e+12  0.15%  12.7 1951s
 208256 87401 1.7425e+12  143    1 1.7437e+12 1.7411e+12  0.15%  12.6 1956s
 209330 87567 1.7425e+12  177    1 1.7437e+12 1.7411e+12  0.15%  12.6 1962s
 210402 87936 1.7426e+12  206    1 1.7437e+12 1.7411e+12  0.15%  12.6 1967s
 211490 88867 1.7429e+12  239    1 1.7437e+12 1.7411e+12  0.15%  12.6 1972s
 212578 89887 1.7412e+12   62    1 1.7437e+12 1.7411e+12  0.15%  12.6 1976s
 213666 90796 1.7413e+12   96    1 1.7437e+12 1.7411e+12  0.15%  12.5 1983s
 214754 91266 1.7415e+12  130    1 1.7437e+12 1.7411e+12  0.15%  12.5 1989s
 215739 91705 1.7418e+12  160    1 1.7437e+12 1.7411e+12  0.15%  12.6 1994s
 216592 92110 1.7418e+12  178    2 1.7437e+12 1.7411e+12  0.15%  12.8 2000s
 217432 92568 1.7435e+12  196    1 1.7437e+12 1.7411e+12  0.15%  13.0 2006s
 218444 93470 1.7437e+12  226    1 1.7437e+12 1.7411e+12  0.15%  13.0 2013s
 219521 94487 1.7412e+12   62    1 1.7437e+12 1.7411e+12  0.15%  12.9 2018s
 220609 95282 1.7413e+12   91    1 1.7437e+12 1.7411e+12  0.15%  12.9 2024s
 221464 96079 1.7414e+12  112    1 1.7437e+12 1.7411e+12  0.15%  12.9 2029s
 222427 96489 1.7425e+12  144    1 1.7437e+12 1.7411e+12  0.15%  13.0 2036s
 223304 96775 1.7425e+12  176    1 1.7437e+12 1.7411e+12  0.15%  13.2 2044s
 224283 97219 1.7427e+12  210    1 1.7437e+12 1.7411e+12  0.15%  13.3 2049s
 225371 98072 1.7429e+12  239    1 1.7437e+12 1.7411e+12  0.15%  13.2 2054s
 226459 99057 1.7412e+12   62    1 1.7437e+12 1.7411e+12  0.15%  13.2 2059s
 227547 99728 1.7413e+12   96    1 1.7437e+12 1.7411e+12  0.15%  13.2 2065s
 228635 99997 1.7416e+12  130    1 1.7437e+12 1.7411e+12  0.15%  13.1 2071s
 229723 100246 1.7425e+12  164    1 1.7437e+12 1.7411e+12  0.15%  13.1 2076s
 230811 100675 1.7426e+12  198    1 1.7437e+12 1.7411e+12  0.15%  13.1 2080s
 231899 101510 1.7429e+12  232    1 1.7437e+12 1.7411e+12  0.15%  13.1 2086s
 232987 102465 1.7412e+12   55    1 1.7437e+12 1.7411e+12  0.15%  13.0 2092s
 234074 103266 1.7413e+12   89    1 1.7437e+12 1.7411e+12  0.15%  13.0 2097s
 235162 103621 1.7414e+12  123    1 1.7437e+12 1.7411e+12  0.15%  13.0 2104s
 236236 103880 1.7425e+12  157    1 1.7437e+12 1.7411e+12  0.15%  12.9 2109s
 237316 104204 1.7426e+12  191    2 1.7437e+12 1.7411e+12  0.15%  12.9 2114s
 238404 104902 1.7428e+12  225    1 1.7437e+12 1.7411e+12  0.15%  12.9 2120s
 239471 105844 1.7412e+12   46    1 1.7437e+12 1.7411e+12  0.15%  12.9 2127s
 240539 106853 1.7412e+12   80    1 1.7437e+12 1.7411e+12  0.15%  12.9 2134s
 241614 107428 1.7414e+12  114    1 1.7437e+12 1.7411e+12  0.15%  12.8 2140s
 242688 107721 1.7425e+12  148    1 1.7437e+12 1.7411e+12  0.15%  12.8 2146s
 243733 107998 1.7425e+12  182    1 1.7437e+12 1.7411e+12  0.15%  12.8 2151s
 244793 108452 1.7427e+12  216    2 1.7437e+12 1.7411e+12  0.15%  12.8 2155s
 245835 109375 1.7411e+12   37    1 1.7437e+12 1.7411e+12  0.15%  12.9 2160s
 246855 110386 1.7412e+12   67    1 1.7437e+12 1.7411e+12  0.15%  12.9 2167s
 247907 111227 1.7413e+12   99    1 1.7437e+12 1.7411e+12  0.15%  12.9 2172s
 248988 111465 1.7415e+12  129    1 1.7437e+12 1.7411e+12  0.15%  12.8 2178s
 250076 111653 1.7425e+12  160    1 1.7437e+12 1.7411e+12  0.15%  12.8 2182s
 251164 111894 1.7426e+12  192    2 1.7437e+12 1.7411e+12  0.15%  12.8 2187s
 252252 112541 1.7428e+12  226    1 1.7437e+12 1.7411e+12  0.15%  12.8 2191s
 253340 113537 1.7412e+12   47    1 1.7437e+12 1.7411e+12  0.15%  12.8 2198s
 254427 114559 1.7412e+12   81    1 1.7437e+12 1.7411e+12  0.15%  12.7 2203s
 255515 115117 1.7414e+12  115    1 1.7437e+12 1.7411e+12  0.15%  12.7 2208s
 256566 115205 1.7425e+12  149    1 1.7437e+12 1.7411e+12  0.15%  12.7 2226s
 256790 115517 1.7425e+12  156    1 1.7437e+12 1.7411e+12  0.15%  12.7 2230s
 257813 115759 1.7426e+12  190    1 1.7437e+12 1.7411e+12  0.15%  12.7 2235s
 258883 116340 1.7427e+12  224    1 1.7437e+12 1.7411e+12  0.15%  12.7 2240s
 261044 118333 1.7412e+12   79    1 1.7437e+12 1.7411e+12  0.15%  12.7 2250s
 262132 119064 1.7414e+12  110    1 1.7437e+12 1.7411e+12  0.15%  12.7 2256s
 263220 119345 1.7425e+12  143    1 1.7437e+12 1.7411e+12  0.15%  12.7 2262s
 264216 119620 1.7425e+12  175    1 1.7437e+12 1.7411e+12  0.15%  12.7 2270s
 265231 119911 1.7426e+12  207    1 1.7437e+12 1.7411e+12  0.15%  12.8 2275s
 267404 121680 1.7412e+12   58    1 1.7437e+12 1.7411e+12  0.15%  12.8 2284s
 268464 122626 1.7413e+12   92    1 1.7437e+12 1.7411e+12  0.15%  12.7 2289s
 269529 123247 1.7415e+12  126    2 1.7437e+12 1.7411e+12  0.15%  12.7 2293s
 270593 123633 1.7418e+12  160    1 1.7437e+12 1.7411e+12  0.15%  12.8 2298s
 271491 124001 1.7418e+12  178    2 1.7437e+12 1.7411e+12  0.15%  12.9 2302s
 272390 124424 1.7435e+12  196    1 1.7437e+12 1.7411e+12  0.15%  13.0 2307s
 273408 125250 1.7437e+12  226    2 1.7437e+12 1.7411e+12  0.15%  13.0 2313s
 274493 126279 1.7412e+12   64    1 1.7437e+12 1.7411e+12  0.15%  13.0 2318s
 275581 127027 1.7413e+12   94    1 1.7437e+12 1.7411e+12  0.15%  13.0 2322s
 276669 127045 1.7415e+12  125    1 1.7437e+12 1.7411e+12  0.15%  12.9 2357s
 276701 127505 1.7423e+12  126    1 1.7437e+12 1.7411e+12  0.15%  12.9 2363s
 277789 127742 1.7425e+12  156    1 1.7437e+12 1.7411e+12  0.15%  12.9 2368s
 278848 128113 1.7426e+12  190    1 1.7437e+12 1.7411e+12  0.15%  12.9 2373s
 279892 128677 infeasible  221      1.7437e+12 1.7411e+12  0.15%  12.9 2378s
 280980 129540 1.7412e+12   40    1 1.7437e+12 1.7411e+12  0.15%  12.9 2383s
 282068 130435 1.7412e+12   74    1 1.7437e+12 1.7411e+12  0.15%  12.9 2388s
 283156 131109 1.7413e+12  108    1 1.7437e+12 1.7411e+12  0.15%  12.9 2393s
 284232 131594 1.7416e+12  142    1 1.7437e+12 1.7411e+12  0.15%  12.8 2398s
 285228 131897 1.7418e+12  164    2 1.7437e+12 1.7411e+12  0.15%  12.9 2402s
 286201 132359 1.7425e+12  182    4 1.7437e+12 1.7411e+12  0.15%  13.0 2407s
 287223 132996 1.7436e+12  205    1 1.7437e+12 1.7411e+12  0.15%  13.0 2412s
 288301 133944 1.7412e+12   47    1 1.7437e+12 1.7411e+12  0.15%  13.0 2417s
 289389 134922 1.7413e+12   76    1 1.7437e+12 1.7411e+12  0.15%  13.0 2422s
 290452 135709 1.7414e+12  106    1 1.7437e+12 1.7411e+12  0.15%  13.0 2427s
 291371 136226 1.7416e+12  137    2 1.7437e+12 1.7411e+12  0.15%  13.1 2432s
 292294 136568 1.7418e+12  162    2 1.7437e+12 1.7411e+12  0.15%  13.2 2437s
 293264 137200 1.7419e+12  178    2 1.7437e+12 1.7411e+12  0.15%  13.2 2446s
 294342 137879 1.7424e+12  207    1 1.7437e+12 1.7411e+12  0.15%  13.2 2451s
 295428 138478 1.7425e+12  240    1 1.7437e+12 1.7411e+12  0.15%  13.3 2457s
 296230 139205 1.7412e+12   45    1 1.7437e+12 1.7411e+12  0.15%  13.2 2464s
 297315 139742 1.7412e+12   79    1 1.7437e+12 1.7411e+12  0.15%  13.2 2470s
 298365 140211 1.7414e+12  113    1 1.7437e+12 1.7411e+12  0.15%  13.2 2476s
 299442 140745 1.7423e+12  139    1 1.7437e+12 1.7411e+12  0.15%  13.2 2482s
 300525 141531 1.7424e+12  173    1 1.7437e+12 1.7411e+12  0.15%  13.2 2489s
 301605 142178 1.7426e+12  207    1 1.7437e+12 1.7411e+12  0.15%  13.2 2496s
 302624 142603 1.7428e+12  241    1 1.7437e+12 1.7411e+12  0.15%  13.2 2503s
 303650 143283 1.7412e+12   51    1 1.7437e+12 1.7411e+12  0.15%  13.2 2509s
 304738 144132 1.7412e+12   85    2 1.7437e+12 1.7411e+12  0.15%  13.2 2514s
 305826 144840 1.7414e+12  119    1 1.7437e+12 1.7411e+12  0.15%  13.2 2519s
 306914 145355 1.7425e+12  152    1 1.7437e+12 1.7411e+12  0.15%  13.1 2524s
 308002 145749 1.7426e+12  186    1 1.7437e+12 1.7411e+12  0.15%  13.1 2530s
 309090 146099 1.7427e+12  220    1 1.7437e+12 1.7411e+12  0.15%  13.1 2535s
 310178 146707 1.7412e+12   44    1 1.7437e+12 1.7411e+12  0.15%  13.1 2540s
 311266 147484 1.7412e+12   73    1 1.7437e+12 1.7411e+12  0.15%  13.1 2545s
 312354 148378 1.7413e+12  104    2 1.7437e+12 1.7411e+12  0.15%  13.0 2550s
 313442 149066 1.7416e+12  135    2 1.7437e+12 1.7411e+12  0.15%  13.0 2555s
 314519 149649 1.7418e+12  160    1 1.7437e+12 1.7411e+12  0.15%  13.0 2560s
 315556 150137 1.7418e+12  177    1 1.7437e+12 1.7411e+12  0.15%  13.0 2565s
 316507 150658 1.7424e+12  208    1 1.7437e+12 1.7411e+12  0.15%  13.1 2570s
 317467 151255 1.7425e+12  242    2 1.7437e+12 1.7411e+12  0.15%  13.2 2576s
 318500 152117 1.7412e+12   40    1 1.7437e+12 1.7411e+12  0.15%  13.2 2583s
 319554 152937 1.7420e+12   52    1 1.7437e+12 1.7411e+12  0.15%  13.2 2590s
 320588 153539 1.7428e+12   63    1 1.7437e+12 1.7411e+12  0.15%  13.2 2596s
 321641 154128 1.7434e+12   86    1 1.7437e+12 1.7411e+12  0.15%  13.2 2602s
 322678 154855 1.7435e+12  119    1 1.7437e+12 1.7411e+12  0.15%  13.2 2610s
 323627 155621 1.7412e+12   64    1 1.7437e+12 1.7411e+12  0.15%  13.3 2616s
 324583 156220 1.7413e+12   98    1 1.7437e+12 1.7411e+12  0.15%  13.4 2622s
 325637 156783 1.7425e+12  132    1 1.7437e+12 1.7411e+12  0.15%  13.4 2628s
 326725 157323 1.7425e+12  166    1 1.7437e+12 1.7411e+12  0.15%  13.3 2633s
 327813 157838 1.7426e+12  200    1 1.7437e+12 1.7411e+12  0.15%  13.3 2638s
 328901 158382 1.7429e+12  234    1 1.7437e+12 1.7411e+12  0.15%  13.3 2645s
 329989 158992 1.7412e+12   57    1 1.7437e+12 1.7411e+12  0.15%  13.3 2655s
 331027 159689 1.7413e+12   90    1 1.7437e+12 1.7411e+12  0.15%  13.3 2661s
 332115 160450 1.7415e+12  124    2 1.7437e+12 1.7411e+12  0.15%  13.2 2668s
 333186 161081 1.7418e+12  158    1 1.7437e+12 1.7411e+12  0.15%  13.2 2674s
 334157 161718 1.7418e+12  177    1 1.7437e+12 1.7411e+12  0.15%  13.3 2679s
 335136 162257 1.7435e+12  196    1 1.7437e+12 1.7411e+12  0.15%  13.4 2686s
 336161 163027 1.7437e+12  224    2 1.7437e+12 1.7411e+12  0.15%  13.4 2691s
 337205 163698 1.7412e+12   61    1 1.7437e+12 1.7411e+12  0.15%  13.4 2696s
 338232 164335 1.7413e+12   95    1 1.7437e+12 1.7411e+12  0.15%  13.4 2703s
 339252 164356 1.7415e+12  129    1 1.7437e+12 1.7411e+12  0.15%  13.4 2757s
 339284 164870 1.7416e+12  130    1 1.7437e+12 1.7411e+12  0.15%  13.4 2764s
 340364 165453 1.7425e+12  163    1 1.7437e+12 1.7411e+12  0.15%  13.4 2770s
 341418 166032 1.7426e+12  197    1 1.7437e+12 1.7411e+12  0.15%  13.4 2777s
 342497 166681 1.7429e+12  231    1 1.7437e+12 1.7411e+12  0.15%  13.4 2783s
 343552 167296 1.7412e+12   54    2 1.7437e+12 1.7411e+12  0.15%  13.4 2790s
 344618 167929 1.7414e+12   87    1 1.7437e+12 1.7411e+12  0.15%  13.4 2795s
 345706 168597 1.7414e+12  120    1 1.7437e+12 1.7411e+12  0.15%  13.4 2802s
 346714 169263 1.7415e+12  150    1 1.7437e+12 1.7411e+12  0.15%  13.4 2807s
 347701 169936 1.7427e+12  178    1 1.7437e+12 1.7411e+12  0.15%  13.5 2813s
 348741 170555 1.7429e+12  211    1 1.7437e+12 1.7411e+12  0.15%  13.5 2818s
 349767 171253 1.7412e+12   55    1 1.7437e+12 1.7411e+12  0.15%  13.5 2824s
 350764 171857 1.7413e+12   89    1 1.7437e+12 1.7411e+12  0.15%  13.5 2830s
 351821 172456 1.7414e+12  123    1 1.7437e+12 1.7411e+12  0.15%  13.6 2839s
 352854 173039 1.7425e+12  157    1 1.7437e+12 1.7411e+12  0.15%  13.6 2844s
 353931 173587 1.7426e+12  191    2 1.7437e+12 1.7411e+12  0.15%  13.5 2853s
 354960 174205 1.7428e+12  225    1 1.7437e+12 1.7411e+12  0.15%  13.5 2859s
 356044 174961 1.7416e+12   42    1 1.7437e+12 1.7411e+12  0.15%  13.5 2865s
 357058 175634 1.7427e+12   57    1 1.7437e+12 1.7411e+12  0.15%  13.6 2872s
 358056 176064 1.7436e+12   69    1 1.7437e+12 1.7411e+12  0.15%  13.6 2878s
 359115 176696 1.7412e+12   38    1 1.7437e+12 1.7411e+12  0.15%  13.6 2884s
 360203 177407 1.7412e+12   72    1 1.7437e+12 1.7411e+12  0.15%  13.6 2889s
 361291 178148 1.7414e+12  106    1 1.7437e+12 1.7411e+12  0.15%  13.5 2894s
 362368 178668 1.7425e+12  140    1 1.7437e+12 1.7411e+12  0.15%  13.5 2901s
 363451 179115 1.7425e+12  174    1 1.7437e+12 1.7411e+12  0.15%  13.5 2907s
 364539 179582 1.7427e+12  208    1 1.7437e+12 1.7411e+12  0.15%  13.5 2912s
 365593 180216 1.7429e+12  242    1 1.7437e+12 1.7411e+12  0.15%  13.5 2919s
 366652 180571 1.7412e+12   66    1 1.7437e+12 1.7411e+12  0.15%  13.5 2938s
 367193 181352 1.7412e+12   83    2 1.7437e+12 1.7411e+12  0.15%  13.5 2943s
 368259 181376 1.7414e+12  117    1 1.7437e+12 1.7411e+12  0.15%  13.5 2993s
 368291 182084 1.7414e+12  118    1 1.7437e+12 1.7411e+12  0.15%  13.5 2999s
 369360 182614 1.7424e+12  148    2 1.7437e+12 1.7411e+12  0.15%  13.5 3005s
 370416 183145 1.7425e+12  182    1 1.7437e+12 1.7411e+12  0.15%  13.5 3010s
 371468 183771 1.7426e+12  216    1 1.7437e+12 1.7411e+12  0.15%  13.5 3016s
 372501 184434 1.7428e+12  250    1 1.7437e+12 1.7411e+12  0.15%  13.6 3022s
 373534 185177 1.7411e+12   63    1 1.7437e+12 1.7411e+12  0.15%  13.6 3028s
 374570 186010 1.7413e+12   97    1 1.7437e+12 1.7411e+12  0.15%  13.6 3034s
 375618 186822 1.7415e+12  131    2 1.7437e+12 1.7411e+12  0.15%  13.7 3040s
 376638 187558 1.7417e+12  162    2 1.7437e+12 1.7411e+12  0.15%  13.7 3047s
 377572 188160 1.7422e+12  183    1 1.7437e+12 1.7411e+12  0.15%  13.8 3054s
 378590 188737 1.7423e+12  217    1 1.7437e+12 1.7411e+12  0.15%  13.9 3061s
 379559 189343 1.7425e+12  251    1 1.7437e+12 1.7411e+12  0.15%  13.9 3067s
 380616 190155 1.7412e+12   49    1 1.7437e+12 1.7411e+12  0.15%  13.9 3073s
 381702 190987 1.7412e+12   79    1 1.7437e+12 1.7411e+12  0.15%  13.9 3081s
 382744 191790 1.7414e+12  111    1 1.7437e+12 1.7411e+12  0.15%  13.9 3088s
 383826 192420 1.7425e+12  140    1 1.7437e+12 1.7411e+12  0.15%  13.9 3093s
 384914 192899 1.7425e+12  174    1 1.7437e+12 1.7411e+12  0.15%  13.9 3098s
 385986 193441 1.7427e+12  205    1 1.7437e+12 1.7411e+12  0.15%  13.9 3103s
 386983 194073 1.7429e+12  239    1 1.7437e+12 1.7411e+12  0.15%  13.9 3108s
 388043 194876 1.7412e+12   63    1 1.7437e+12 1.7411e+12  0.15%  13.9 3113s
 389116 195650 1.7413e+12   97    2 1.7437e+12 1.7411e+12  0.15%  13.9 3118s
 390114 196522 1.7416e+12  131    1 1.7437e+12 1.7411e+12  0.15%  14.0 3124s
 391086 197266 1.7424e+12  157    1 1.7437e+12 1.7411e+12  0.15%  14.0 3129s
 392026 197946 1.7425e+12  191    1 1.7437e+12 1.7411e+12  0.15%  14.1 3134s
 393061 198629 1.7427e+12  225    2 1.7437e+12 1.7411e+12  0.15%  14.1 3139s
 393537 198629 1.7414e+12  115    1 1.7437e+12 1.7411e+12  0.15%  14.1 3140s
 394139 199155 1.7411e+12   39    1 1.7437e+12 1.7411e+12  0.15%  14.1 3145s
 395199 199955 1.7416e+12   68    1 1.7437e+12 1.7411e+12  0.15%  14.1 3151s
 396270 200837 1.7413e+12   99    1 1.7437e+12 1.7411e+12  0.15%  14.1 3157s
 397321 201606 1.7414e+12  129    1 1.7437e+12 1.7411e+12  0.15%  14.1 3162s
 398390 201624 1.7425e+12  160    1 1.7437e+12 1.7411e+12  0.15%  14.1 3183s
 398422 202157 1.7425e+12  161    1 1.7437e+12 1.7411e+12  0.15%  14.1 3188s
 399510 202546 1.7427e+12  192    2 1.7437e+12 1.7411e+12  0.15%  14.0 3193s
 400587 203075 1.7429e+12  225    1 1.7437e+12 1.7411e+12  0.15%  14.0 3198s
 401604 203883 1.7412e+12   52    1 1.7437e+12 1.7411e+12  0.15%  14.1 3204s
 402678 204777 1.7413e+12   80    1 1.7437e+12 1.7411e+12  0.15%  14.0 3209s
 403766 205689 1.7414e+12  114    1 1.7437e+12 1.7411e+12  0.15%  14.0 3215s
 404841 206297 1.7416e+12  141    1 1.7437e+12 1.7411e+12  0.15%  14.0 3220s
 405911 206781 1.7426e+12  174    1 1.7437e+12 1.7411e+12  0.15%  14.0 3226s
 406906 207225 1.7427e+12  203    1 1.7437e+12 1.7411e+12  0.15%  14.0 3231s
 407984 207894 1.7411e+12   43    1 1.7437e+12 1.7411e+12  0.15%  14.0 3237s
 409039 208596 1.7412e+12   77    1 1.7437e+12 1.7411e+12  0.15%  14.0 3241s
 410101 209444 1.7414e+12  111    1 1.7437e+12 1.7411e+12  0.15%  14.0 3247s
 411185 210168 1.7416e+12  145    2 1.7437e+12 1.7411e+12  0.15%  14.0 3254s
 412121 210772 1.7417e+12  165    1 1.7437e+12 1.7411e+12  0.15%  14.1 3260s
 413143 211230 1.7423e+12  199    1 1.7437e+12 1.7411e+12  0.15%  14.1 3265s
 414183 211556 1.7424e+12  233    1 1.7437e+12 1.7411e+12  0.15%  14.2 3271s
 415254 212274 1.7426e+12  267    1 1.7437e+12 1.7411e+12  0.15%  14.2 3276s
 416311 213025 1.7411e+12   66    1 1.7437e+12 1.7411e+12  0.15%  14.2 3281s
 417379 213834 1.7413e+12  100    1 1.7437e+12 1.7411e+12  0.15%  14.2 3288s
 418460 214380 1.7415e+12  134    2 1.7437e+12 1.7411e+12  0.15%  14.1 3294s
 419474 214903 1.7417e+12  162    2 1.7437e+12 1.7411e+12  0.15%  14.2 3300s
 420472 215350 1.7422e+12  181    1 1.7437e+12 1.7411e+12  0.15%  14.2 3306s
 421497 215945 1.7423e+12  215    1 1.7437e+12 1.7411e+12  0.15%  14.2 3311s
 422583 216661 1.7425e+12  249    1 1.7437e+12 1.7411e+12  0.15%  14.2 3316s
 423661 217466 1.7411e+12   47    2 1.7437e+12 1.7411e+12  0.15%  14.2 3321s
 424717 218066 1.7412e+12   81    1 1.7437e+12 1.7411e+12  0.15%  14.2 3326s
 425796 218563 1.7414e+12  115    1 1.7437e+12 1.7411e+12  0.15%  14.1 3331s
 426836 218984 1.7416e+12  149    2 1.7437e+12 1.7411e+12  0.15%  14.1 3336s
 427879 219504 1.7417e+12  170    1 1.7437e+12 1.7411e+12  0.15%  14.2 3341s
 428956 220030 1.7423e+12  200    1 1.7437e+12 1.7411e+12  0.15%  14.2 3346s
 429882 220821 1.7424e+12  234    1 1.7437e+12 1.7411e+12  0.15%  14.1 3353s
 430970 221548     cutoff  264      1.7437e+12 1.7411e+12  0.15%  14.1 3359s
 432058 222031 1.7411e+12   66    1 1.7437e+12 1.7411e+12  0.15%  14.1 3364s
 433146 222409 1.7413e+12  100    1 1.7437e+12 1.7411e+12  0.15%  14.1 3369s
 434234 222823 1.7415e+12  134    2 1.7437e+12 1.7411e+12  0.15%  14.1 3374s
 435316 223456 1.7417e+12  162    2 1.7437e+12 1.7411e+12  0.15%  14.1 3380s
 436388 224263 1.7422e+12  180    1 1.7437e+12 1.7411e+12  0.15%  14.0 3387s
 437476 225085 1.7423e+12  214    1 1.7437e+12 1.7411e+12  0.15%  14.0 3393s
 438563 225105 1.7425e+12  248    1 1.7437e+12 1.7411e+12  0.15%  14.0 3421s
 438595 225629 1.7425e+12  249    1 1.7437e+12 1.7411e+12  0.15%  14.0 3426s
 439670 225999 1.7412e+12   36    1 1.7437e+12 1.7411e+12  0.15%  14.0 3434s
 440727 226375 1.7419e+12   46    1 1.7437e+12 1.7411e+12  0.15%  14.0 3442s
 441812 226905 1.7430e+12   60    1 1.7437e+12 1.7411e+12  0.15%  14.0 3449s
 442874 227688 1.7436e+12   76    1 1.7437e+12 1.7411e+12  0.15%  14.0 3455s
 443939 228511 1.7412e+12   45    1 1.7437e+12 1.7411e+12  0.15%  13.9 3460s
 445024 229178 1.7412e+12   79    2 1.7437e+12 1.7411e+12  0.15%  13.9 3466s
 446112 229532 1.7414e+12  113    1 1.7437e+12 1.7411e+12  0.15%  13.9 3471s
 447188 229846 1.7425e+12  147    1 1.7437e+12 1.7411e+12  0.15%  13.9 3475s
 448259 230241 1.7425e+12  181    1 1.7437e+12 1.7411e+12  0.15%  13.9 3480s
 449338 230896 1.7427e+12  215    1 1.7437e+12 1.7411e+12  0.15%  13.9 3485s
 451506 232618 1.7412e+12   69    1 1.7437e+12 1.7411e+12  0.15%  13.9 3495s
 452584 233111 1.7413e+12  103    1 1.7437e+12 1.7411e+12  0.15%  13.8 3501s
 453655 233415 1.7424e+12  137    1 1.7437e+12 1.7411e+12  0.15%  13.8 3507s
 454742 233774 1.7425e+12  171    1 1.7437e+12 1.7411e+12  0.15%  13.8 3512s
 455826 234339 1.7426e+12  205    1 1.7437e+12 1.7411e+12  0.15%  13.8 3518s
 456906 235166 1.7429e+12  239    1 1.7437e+12 1.7411e+12  0.15%  13.8 3524s
 457948 236023 1.7412e+12   59    1 1.7437e+12 1.7411e+12  0.15%  13.8 3529s
 457997 236023 1.7428e+12  238    1 1.7437e+12 1.7411e+12  0.15%  13.8 3530s
 459002 236630 1.7413e+12   93    1 1.7437e+12 1.7411e+12  0.15%  13.8 3536s
 460084 237046 1.7416e+12  127    1 1.7437e+12 1.7411e+12  0.15%  13.7 3540s
 461172 237471 1.7425e+12  161    1 1.7437e+12 1.7411e+12  0.15%  13.7 3545s
 463348 238630 1.7428e+12  229    2 1.7437e+12 1.7411e+12  0.15%  13.7 3555s
 464429 239407 1.7412e+12   51    1 1.7437e+12 1.7411e+12  0.15%  13.7 3561s
 465517 240217 1.7412e+12   85    1 1.7437e+12 1.7411e+12  0.15%  13.7 3566s
 466605 240994 1.7414e+12  119    2 1.7437e+12 1.7411e+12  0.15%  13.7 3570s
 468781 242070 1.7426e+12  187    1 1.7437e+12 1.7411e+12  0.15%  13.6 3581s
 469867 242289 1.7427e+12  221    1 1.7437e+12 1.7411e+12  0.15%  13.6 3600s

Cutting planes:
  Implied bound: 2
  Flow cover: 1

Explored 470421 nodes (6482929 simplex iterations) in 3600.36 seconds (2200.34 work units)
Thread count was 32 (of 36 available processors)

Solution count 1: 1.7437e+12 

Time limit reached
Best objective 1.743699549078e+12, best bound 1.741104589825e+12, gap 0.1488%

User-callback calls 1290304, time in user-callback 0.36 sec
Set parameter TokenServer to value "license-1.hpc.nrel.gov"
Set parameter TimeLimit to value 3600
Set parameter MIPGap to value 0.001
Set parameter MIPGap to value 0.001
Set parameter TimeLimit to value 3600
Gurobi Optimizer version 9.5.1 build v9.5.1rc2 (linux64)
Thread count: 36 physical cores, 36 logical processors, using up to 32 threads
Optimize a model with 84446 rows, 992940 columns and 2037872 nonzeros
Model fingerprint: 0x633c6474
Coefficient statistics:
  Matrix range     [1e+00, 1e+05]
  Objective range  [2e-01, 2e+09]
  Bounds range     [1e+00, 1e+08]
  RHS range        [8e-01, 2e+06]
Warning: Model contains large objective coefficients
         Consider reformulating model or setting NumericFocus parameter
         to avoid numerical issues.

Concurrent LP optimizer: primal simplex, dual simplex, and barrier
Showing barrier log only...

Presolve removed 76648 rows and 410612 columns
Presolve time: 1.31s
Presolved: 7798 rows, 582328 columns, 1160340 nonzeros

Ordering time: 0.02s

Barrier statistics:
 AA' NZ     : 5.780e+05
 Factor NZ  : 1.063e+06 (roughly 240 MB of memory)
 Factor Ops : 1.876e+08 (less than 1 second per iteration)
 Threads    : 30

                  Objective                Residual
Iter       Primal          Dual         Primal    Dual     Compl     Time
   0   5.37355117e+12 -6.59532262e+11  4.74e+06 2.56e+02  1.64e+08     2s
   1   1.93457153e+12  9.40111412e+11  1.45e+05 3.64e-12  6.25e+06     2s
   2   1.81398024e+12  1.44669113e+12  4.95e+03 8.47e-01  7.70e+05     2s
   3   1.80642249e+12  1.57359009e+12  2.82e+03 3.64e-12  4.71e+05     2s
   4   1.78613843e+12  1.65069315e+12  9.51e+02 2.53e+00  2.53e+05     2s
   5   1.77448629e+12  1.69291804e+12  5.15e+02 1.39e+00  1.50e+05     2s
   6   1.76269381e+12  1.71423788e+12  1.74e+02 6.33e-01  8.58e+04     2s
   7   1.76026885e+12  1.72482108e+12  1.36e+02 4.35e-01  6.25e+04     2s
   8   1.75718826e+12  1.73421781e+12  1.01e+02 1.44e-01  4.05e+04     2s
   9   1.75402430e+12  1.73709575e+12  6.77e+01 3.64e-12  2.96e+04     2s
  10   1.75304306e+12  1.73927195e+12  5.98e+01 7.28e-02  2.41e+04     3s

Barrier performed 10 iterations in 2.53 seconds (1.45 work units)
Barrier solve interrupted - model solved by another algorithm


Solved with primal simplex
Solved in 66134 iterations and 2.54 seconds (1.32 work units)
Optimal objective  1.743699549e+12

User-callback calls 143, time in user-callback 0.00 sec
[ Info:  started timer at: 2023-03-26T21:25:37.272
[ Info: Reading /projects/pvsoiling/RELOG/Manufacturing_40209_2/input/solver/case.json...
[ Info:          134 collection centers
[ Info:          268 candidate plant locations
[ Info: Building graph...
[ Info:           26 time periods
[ Info:          268 process nodes
[ Info:          268 shipping nodes (plant)
[ Info:          134 shipping nodes (collection)
[ Info:        36180 arcs
[ Info: Building optimization model...
[ Info: Optimizing MILP...
[ Info: Re-optimizing with integer variables fixed...
[ Info: Extracting solution...
[ Info:       3655.203603567s: 1 hour, 55 seconds, 203 milliseconds
