Set parameter TokenServer to value "license-1.hpc.nrel.gov"
Set parameter TimeLimit to value 3600
Set parameter MIPGap to value 0.001
Set parameter MIPGap to value 0.001
Set parameter TimeLimit to value 3600
Gurobi Optimizer version 9.5.1 build v9.5.1rc2 (linux64)
Thread count: 36 physical cores, 36 logical processors, using up to 32 threads
Optimize a model with 96828 rows, 1144312 columns and 2348570 nonzeros
Model fingerprint: 0xa3174b0a
Variable types: 1128244 continuous, 16068 integer (16068 binary)
Coefficient statistics:
  Matrix range     [1e+00, 1e+05]
  Objective range  [3e-01, 3e+09]
  Bounds range     [1e+05, 1e+08]
  RHS range        [8e-01, 2e+06]
Warning: Model contains large objective coefficients
         Consider reformulating model or setting NumericFocus parameter
         to avoid numerical issues.
Presolve removed 84694 rows and 64666 columns (presolve time = 5s) ...
Presolve removed 84694 rows and 64666 columns
Presolve time: 5.66s
Presolved: 12134 rows, 1079646 columns, 2166399 nonzeros
Variable types: 1075938 continuous, 3708 integer (3708 binary)

Deterministic concurrent LP optimizer: primal and dual simplex
Showing first log only...


Root simplex log...

Iteration    Objective       Primal Inf.    Dual Inf.      Time
       0    9.5480016e+11   8.481203e+05   3.389512e+10      9s
   93198    9.9141426e+11   3.121121e+05   4.853715e+10     10s
  389992    1.0481678e+12   1.998533e+05   2.215672e+10     15s
Concurrent spin time: 0.00s

Solved with dual simplex

Root relaxation: objective 1.694942e+12, 78389 iterations, 8.65 seconds (6.33 work units)

    Nodes    |    Current Node    |     Objective Bounds      |     Work
 Expl Unexpl |  Obj  Depth IntInf | Incumbent    BestBd   Gap | It/Node Time

     0     0 1.6949e+12    0    9          - 1.6949e+12      -     -   16s
H    0     0                    1.701775e+12 1.6949e+12  0.40%     -   17s
H    0     0                    1.697629e+12 1.6949e+12  0.16%     -   20s
     0     0 1.6949e+12    0    6 1.6976e+12 1.6949e+12  0.16%     -   21s
H    0     0                    1.697566e+12 1.6949e+12  0.15%     -   23s
     0     0 1.6949e+12    0    3 1.6976e+12 1.6949e+12  0.15%     -   25s
     0     0 1.6949e+12    0    3 1.6976e+12 1.6949e+12  0.15%     -   27s
     0     0 1.6949e+12    0    6 1.6976e+12 1.6949e+12  0.15%     -   28s
     0     0 1.6949e+12    0    6 1.6976e+12 1.6949e+12  0.15%     -   30s
     0     0 1.6949e+12    0    6 1.6976e+12 1.6949e+12  0.15%     -   31s
     0     0 1.6949e+12    0    6 1.6976e+12 1.6949e+12  0.15%     -   34s
     0     0 1.6949e+12    0    6 1.6976e+12 1.6949e+12  0.15%     -   40s
     0     2 1.6949e+12    0    6 1.6976e+12 1.6949e+12  0.15%     -   49s
     1     4 1.6949e+12    1    3 1.6976e+12 1.6949e+12  0.15%  11.0   50s
    31    64 1.6949e+12    5    3 1.6976e+12 1.6949e+12  0.15%   8.1   55s
   159   192 1.6949e+12    9    3 1.6976e+12 1.6949e+12  0.15%   7.0  212s
   191   224 1.6949e+12   10    3 1.6976e+12 1.6949e+12  0.15%   6.5  216s
   366   729 1.6949e+12   14    3 1.6976e+12 1.6949e+12  0.15%   5.1  229s
   728  1637 1.6949e+12   23    6 1.6976e+12 1.6949e+12  0.15%   4.8  252s
  1636  2565 1.6951e+12   49    3 1.6976e+12 1.6949e+12  0.15%   5.8  270s
  2564  3491 1.6953e+12   77    3 1.6976e+12 1.6949e+12  0.15%   6.3  286s
  3490  4320 1.6954e+12  106    3 1.6976e+12 1.6949e+12  0.15%   6.3  301s
  4381  5046 1.6955e+12  135    3 1.6976e+12 1.6949e+12  0.15%   6.1  309s
  5223  5681 1.6957e+12  160    6 1.6976e+12 1.6949e+12  0.15%   6.7  318s
  6016  6302 1.6958e+12  171    3 1.6976e+12 1.6949e+12  0.15%   7.8  328s
  6786  6998 1.6959e+12  177    6 1.6976e+12 1.6949e+12  0.15%   8.7  336s
  7561  7719 1.6962e+12  184    3 1.6976e+12 1.6949e+12  0.15%   9.7  345s
  8336  8458     cutoff  190      1.6976e+12 1.6949e+12  0.15%  10.6  353s
  9264  9296 1.6975e+12  219    6 1.6976e+12 1.6949e+12  0.15%  10.3  360s
 10192 10152 1.6950e+12   30    3 1.6976e+12 1.6949e+12  0.15%   9.8  366s
 11120 11048 1.6951e+12   59    3 1.6976e+12 1.6949e+12  0.15%   9.4  372s
 12048 11963 1.6952e+12   88    6 1.6976e+12 1.6949e+12  0.15%   9.0  377s
 12977 11964 1.6956e+12   82    6 1.6976e+12 1.6949e+12  0.15%   8.7  405s
 12979 11965 1.6957e+12   98    3 1.6976e+12 1.6949e+12  0.15%   8.7  421s
 12981 11967 1.6966e+12  186    1 1.6976e+12 1.6949e+12  0.15%   8.7  426s
 12984 11969 1.6964e+12  181    2 1.6976e+12 1.6949e+12  0.15%   8.7  430s
 12988 11971 1.6964e+12  154    2 1.6976e+12 1.6949e+12  0.15%   8.7  435s
 13003 11998 1.6949e+12   15    1 1.6976e+12 1.6949e+12  0.15%  11.4  440s
 13115 12089 1.6949e+12   18    1 1.6976e+12 1.6949e+12  0.15%  11.4  445s
 13147 12110 1.6949e+12   18    2 1.6976e+12 1.6949e+12  0.15%  11.4  551s
 13179 12132 1.6949e+12   19    1 1.6976e+12 1.6949e+12  0.15%  11.4  607s
 13274 12439 1.6949e+12   20    2 1.6976e+12 1.6949e+12  0.15%  11.3  611s
 13550 13214 1.6949e+12   24    2 1.6976e+12 1.6949e+12  0.15%  11.2  624s
 14417 12957 1.6950e+12   39    1 1.6976e+12 1.6949e+12  0.15%  11.0  680s
 14449 13647 1.6949e+12   40    2 1.6976e+12 1.6949e+12  0.15%  11.0  696s
 15150 14374 1.6950e+12   51    1 1.6976e+12 1.6949e+12  0.15%  10.8  709s
 16110 15014 1.6951e+12   78    3 1.6976e+12 1.6949e+12  0.15%  10.6  723s
 17070 15463 1.6952e+12  108    1 1.6976e+12 1.6949e+12  0.15%  10.4  735s
 17991 15581 1.6954e+12  138    1 1.6976e+12 1.6949e+12  0.15%  10.3  744s
 18880 15679 infeasible  161      1.6976e+12 1.6949e+12  0.15%  10.8  752s
 19745 15969 1.6966e+12  190    1 1.6976e+12 1.6949e+12  0.15%  11.0  759s
 20705 16206 1.6967e+12  220    1 1.6976e+12 1.6949e+12  0.15%  11.0  765s
 21665 16754 1.6967e+12  250    1 1.6976e+12 1.6949e+12  0.15%  11.3  772s
 22625 17375 1.6950e+12   37    1 1.6976e+12 1.6949e+12  0.15%  11.1  777s
 23585 17578 1.6951e+12   67    1 1.6976e+12 1.6949e+12  0.15%  11.0  793s
 24129 18284 1.6952e+12   83    1 1.6976e+12 1.6949e+12  0.15%  11.1  799s
 25089 18759 1.6957e+12  110    1 1.6976e+12 1.6949e+12  0.15%  11.1  805s
 26049 18982 1.6953e+12  137    1 1.6976e+12 1.6949e+12  0.15%  10.9  810s
 27009 18992 1.6955e+12  164    1 1.6976e+12 1.6949e+12  0.15%  10.8  816s
 27969 19141 1.6967e+12  192    2 1.6976e+12 1.6949e+12  0.15%  10.6  821s
 28929 19400 1.6968e+12  221    2 1.6976e+12 1.6949e+12  0.15%  10.5  830s
 29889 19103 1.6949e+12   25    1 1.6976e+12 1.6949e+12  0.15%  10.4  886s
 29924 19942 1.6949e+12   26    1 1.6976e+12 1.6949e+12  0.15%  10.4  891s
 30884 20547 1.6951e+12   56    1 1.6976e+12 1.6949e+12  0.15%  10.3  897s
 31844 21142 1.6952e+12   86    1 1.6976e+12 1.6949e+12  0.15%  10.2  902s
 32804 21607 1.6953e+12  116    2 1.6976e+12 1.6949e+12  0.15%  10.1  907s
 33764 21846 1.6954e+12  146    2 1.6976e+12 1.6949e+12  0.15%   9.9  913s
 34724 21922 1.6963e+12  174    1 1.6976e+12 1.6949e+12  0.15%   9.8  920s
 35684 22059 1.6964e+12  204    1 1.6976e+12 1.6949e+12  0.15%   9.7  925s
 36644 22312 1.6966e+12  234    2 1.6976e+12 1.6949e+12  0.15%   9.7  932s
 37604 22720 1.6967e+12  264    2 1.6976e+12 1.6949e+12  0.15%   9.8  938s
 38564 23269 1.6949e+12   28    2 1.6976e+12 1.6949e+12  0.15%   9.9  945s
 39522 23834 1.6950e+12   43    1 1.6976e+12 1.6949e+12  0.15%   9.9  951s
 40462 24314 1.6951e+12   64    1 1.6976e+12 1.6949e+12  0.15%  10.0  956s
 41414 24659 1.6952e+12   94    1 1.6976e+12 1.6949e+12  0.15%  10.0  964s
 42364 25055 1.6953e+12  124    1 1.6976e+12 1.6949e+12  0.15%   9.9  971s
 43321 25359 1.6964e+12  153    2 1.6976e+12 1.6949e+12  0.15%   9.8  976s
 44280 25515 1.6965e+12  183    1 1.6976e+12 1.6949e+12  0.15%   9.8  982s
 45229 25804 1.6966e+12  213    1 1.6976e+12 1.6949e+12  0.15%   9.9  987s
 46175 26185 1.6967e+12  243    2 1.6976e+12 1.6949e+12  0.15%   9.9  994s
 47129 26716 1.6950e+12   32    2 1.6976e+12 1.6949e+12  0.15%   9.9 1001s
 48087 27236 1.6952e+12   62    2 1.6976e+12 1.6949e+12  0.15%   9.8 1008s
 49043 27755 1.6953e+12   92    1 1.6976e+12 1.6949e+12  0.15%   9.8 1013s
 49961 28364 1.6953e+12  122    1 1.6976e+12 1.6949e+12  0.15%   9.9 1019s
 50899 28893 1.6956e+12  149    2 1.6976e+12 1.6949e+12  0.15%  10.1 1024s
 51139 28893     cutoff  189      1.6976e+12 1.6949e+12  0.15%  10.3 1025s
 51794 29395 1.6963e+12  168    2 1.6976e+12 1.6949e+12  0.15%  10.4 1031s
 52721 29928 1.6973e+12  196    1 1.6976e+12 1.6949e+12  0.15%  10.5 1037s
 53656 30653 1.6975e+12  223    1 1.6976e+12 1.6949e+12  0.15%  10.5 1042s
 54605 31455 1.6950e+12   44    1 1.6976e+12 1.6949e+12  0.15%  10.5 1049s
 55563 32210 1.6952e+12   70    1 1.6976e+12 1.6949e+12  0.15%  10.5 1056s
 56464 32998 1.6954e+12   99    2 1.6976e+12 1.6949e+12  0.15%  10.4 1061s
 57424 33715 1.6955e+12  126    1 1.6976e+12 1.6949e+12  0.15%  10.4 1067s
 58385 33716 1.6958e+12  126    6 1.6976e+12 1.6949e+12  0.15%  10.3 1174s
 58386 33717 1.6964e+12  200    6 1.6976e+12 1.6949e+12  0.15%  10.3 1175s
 58387 33717 1.6954e+12   81    3 1.6976e+12 1.6949e+12  0.15%  10.3 1191s
 58389 33719 1.6965e+12  184    2 1.6976e+12 1.6949e+12  0.15%  10.3 1195s
 58391 33720 1.6967e+12  241    2 1.6976e+12 1.6949e+12  0.15%  10.3 1203s
 58393 33721 1.6951e+12   47    2 1.6976e+12 1.6949e+12  0.15%  10.3 1212s
 58395 33723 1.6951e+12   42    2 1.6976e+12 1.6949e+12  0.15%  10.3 1222s
 58397 33724 1.6959e+12  119    2 1.6976e+12 1.6949e+12  0.15%  10.3 1230s
 58399 33725 1.6951e+12   55    2 1.6976e+12 1.6949e+12  0.15%  10.3 1241s
 58400 33726 1.6957e+12   92    2 1.6976e+12 1.6949e+12  0.15%  10.3 1251s
 58402 33727 1.6956e+12   99    2 1.6976e+12 1.6949e+12  0.15%  10.3 1263s
 58403 33728 1.6956e+12   96    2 1.6976e+12 1.6949e+12  0.15%  10.3 1272s
 58404 33729 1.6962e+12  135    2 1.6976e+12 1.6949e+12  0.15%  10.3 1278s
 58405 33732 1.6949e+12   23    1 1.6976e+12 1.6949e+12  0.15%  10.9 1281s
 58435 33782 1.6949e+12   27    1 1.6976e+12 1.6949e+12  0.15%  10.9 1286s
 58499 33825 1.6949e+12   28    2 1.6976e+12 1.6949e+12  0.15%  10.9 1292s
 58563 33868 1.6949e+12   29    2 1.6976e+12 1.6949e+12  0.15%  10.9 1502s
 58688 33951 1.6949e+12   31    1 1.6976e+12 1.6949e+12  0.15%  10.9 1515s
 58720 34348 1.6949e+12   31    2 1.6976e+12 1.6949e+12  0.15%  10.9 1521s
 59128 34400 1.6949e+12   38    1 1.6976e+12 1.6949e+12  0.15%  10.9 1540s
 59316 35232 1.6949e+12   40    1 1.6976e+12 1.6949e+12  0.15%  10.8 1591s
 60210 35430 1.6950e+12   55    1 1.6976e+12 1.6949e+12  0.15%  10.8 1665s
 60706 36224 1.6950e+12   55    1 1.6976e+12 1.6949e+12  0.15%  10.8 1681s
 61666 36806 1.6951e+12   76    1 1.6976e+12 1.6949e+12  0.15%  10.7 1694s
 62266 36606 1.6954e+12  136    1 1.6976e+12 1.6949e+12  0.15%  10.7 1695s
 62625 37158 1.6952e+12  106    1 1.6976e+12 1.6949e+12  0.15%  10.7 1706s
 63554 37121 1.6953e+12  136    1 1.6976e+12 1.6949e+12  0.15%  10.8 1758s
 64124 37346 1.6964e+12  164    2 1.6976e+12 1.6949e+12  0.15%  10.8 1769s
 64364 37266 1.6960e+12  175    4 1.6976e+12 1.6949e+12  0.15%  10.8 1770s
 65081 37511 infeasible  190      1.6976e+12 1.6949e+12  0.15%  10.9 1777s
 66041 37802 1.6966e+12  220    1 1.6976e+12 1.6949e+12  0.15%  10.9 1784s
 67001 38263 1.6967e+12  250    2 1.6976e+12 1.6949e+12  0.15%  10.9 1790s
 67961 38870 1.6949e+12   38    1 1.6976e+12 1.6949e+12  0.15%  10.8 1795s
 68921 39439 1.6951e+12   68    2 1.6976e+12 1.6949e+12  0.15%  10.8 1800s
 70841 40249 1.6953e+12  128    2 1.6976e+12 1.6949e+12  0.15%  10.6 1809s
 71711 39959 1.6964e+12  147    1 1.6976e+12 1.6949e+12  0.15%  10.6 1810s
 71801 40446 1.6962e+12  156    1 1.6976e+12 1.6949e+12  0.15%  10.6 1815s
 72761 40510 1.6963e+12  186    1 1.6976e+12 1.6949e+12  0.15%  10.6 1824s
 73718 40510 1.6964e+12  216    1 1.6976e+12 1.6949e+12  0.15%  10.7 1844s
 74275 41053 1.6965e+12  233    1 1.6976e+12 1.6949e+12  0.15%  10.7 1850s
 75235 41495 1.6966e+12  263    1 1.6976e+12 1.6949e+12  0.15%  10.7 1856s
 76195 42086 1.6949e+12   35    1 1.6976e+12 1.6949e+12  0.15%  10.7 1862s
 77155 42707 1.6951e+12   65    1 1.6976e+12 1.6949e+12  0.15%  10.7 1869s
 78115 43165 1.6952e+12   93    1 1.6976e+12 1.6949e+12  0.15%  10.6 1874s
 79075 43529 1.6953e+12  121    2 1.6976e+12 1.6949e+12  0.15%  10.6 1879s
 80035 43833 1.6954e+12  150    1 1.6976e+12 1.6949e+12  0.15%  10.5 1884s
 80995 43534 1.6964e+12  175    1 1.6976e+12 1.6949e+12  0.15%  10.5 1938s
 81027 43918 1.6964e+12  176    1 1.6976e+12 1.6949e+12  0.15%  10.5 1945s
 81781 44119 1.6966e+12  205    1 1.6976e+12 1.6949e+12  0.15%  10.5 1951s
 82738 44461 1.6967e+12  233    1 1.6976e+12 1.6949e+12  0.15%  10.6 1957s
 83644 45001 1.6967e+12  261    1 1.6976e+12 1.6949e+12  0.15%  10.5 1962s
 84604 45595 1.6949e+12   48    1 1.6976e+12 1.6949e+12  0.15%  10.5 1967s
 85564 46166 1.6950e+12   68    2 1.6976e+12 1.6949e+12  0.15%  10.4 1972s
 86524 46543 1.6952e+12   93    1 1.6976e+12 1.6949e+12  0.15%  10.4 1979s
 87484 46474 1.6953e+12  123    2 1.6976e+12 1.6949e+12  0.15%  10.3 2000s
 87900 46876 1.6953e+12  136    1 1.6976e+12 1.6949e+12  0.15%  10.3 2006s
 88860 47156 1.6954e+12  166    1 1.6976e+12 1.6949e+12  0.15%  10.3 2011s
 89820 47293 1.6965e+12  189    1 1.6976e+12 1.6949e+12  0.15%  10.3 2017s
 90780 47677 1.6966e+12  210    1 1.6976e+12 1.6949e+12  0.15%  10.4 2021s
 91740 48165 1.6967e+12  240    1 1.6976e+12 1.6949e+12  0.15%  10.4 2027s
 92699 48730 1.6976e+12  266    1 1.6976e+12 1.6949e+12  0.15%  10.4 2034s
 93648 49318 1.6950e+12   46    1 1.6976e+12 1.6949e+12  0.15%  10.4 2039s
 94608 49847 1.6953e+12   58    1 1.6976e+12 1.6949e+12  0.15%  10.4 2046s
 95567 50118 1.6956e+12   69    1 1.6976e+12 1.6949e+12  0.15%  10.4 2051s
 96513 50161 1.6971e+12   84    1 1.6976e+12 1.6949e+12  0.15%  10.4 2057s
 97431 50301 1.6974e+12  101    1 1.6976e+12 1.6949e+12  0.15%  10.5 2062s
 98391 50509 1.6950e+12   36    2 1.6976e+12 1.6949e+12  0.15%  10.5 2067s
 99351 50921 1.6951e+12   66    1 1.6976e+12 1.6949e+12  0.15%  10.5 2072s
 100311 51466 1.6952e+12   93    1 1.6976e+12 1.6949e+12  0.15%  10.5 2077s
 101271 52074 1.6953e+12  120    1 1.6976e+12 1.6949e+12  0.15%  10.5 2081s
 102231 52617 1.6954e+12  147    2 1.6976e+12 1.6949e+12  0.15%  10.4 2086s
 103177 52889 1.6964e+12  176    1 1.6976e+12 1.6949e+12  0.15%  10.5 2090s
 104048 53077 1.6965e+12  202    2 1.6976e+12 1.6949e+12  0.15%  10.7 2095s
 104954 53290 1.6966e+12  231    2 1.6976e+12 1.6949e+12  0.15%  10.8 2100s
 105898 53611 1.6967e+12  255    1 1.6976e+12 1.6949e+12  0.15%  10.8 2105s
 106855 54121 1.6949e+12   39    1 1.6976e+12 1.6949e+12  0.15%  10.7 2111s
 107815 54692 1.6950e+12   55    1 1.6976e+12 1.6949e+12  0.15%  10.7 2116s
 108775 55196 1.6950e+12   82    1 1.6976e+12 1.6949e+12  0.15%  10.7 2122s
 109728 55787 1.6952e+12  107    2 1.6976e+12 1.6949e+12  0.15%  10.7 2126s
 110667 56380 1.6954e+12  137    1 1.6976e+12 1.6949e+12  0.15%  10.7 2131s
 111627 56090 1.6954e+12  167    1 1.6976e+12 1.6949e+12  0.15%  10.7 2184s
 111659 56857 1.6954e+12  168    1 1.6976e+12 1.6949e+12  0.15%  10.7 2189s
 112603 57091 1.6965e+12  190    1 1.6976e+12 1.6949e+12  0.15%  10.6 2195s
 113540 57387 1.6966e+12  218    1 1.6976e+12 1.6949e+12  0.15%  10.7 2201s
 114498 57550 1.6967e+12  248    2 1.6976e+12 1.6949e+12  0.15%  10.6 2207s
 115458 58011 1.6976e+12  268    1 1.6976e+12 1.6949e+12  0.15%  10.6 2212s
 116418 58525 1.6950e+12   55    1 1.6976e+12 1.6949e+12  0.15%  10.6 2220s
 117378 59039 1.6951e+12   84    1 1.6976e+12 1.6949e+12  0.15%  10.5 2225s
 118338 59598 1.6952e+12  112    1 1.6976e+12 1.6949e+12  0.15%  10.5 2230s
 119298 60165 1.6953e+12  139    1 1.6976e+12 1.6949e+12  0.15%  10.5 2235s
 120258 60606 1.6964e+12  168    1 1.6976e+12 1.6949e+12  0.15%  10.4 2241s
 121209 60818 1.6965e+12  195    1 1.6976e+12 1.6949e+12  0.15%  10.4 2246s
 122159 61206 1.6966e+12  224    2 1.6976e+12 1.6949e+12  0.15%  10.4 2252s
 123109 61480 1.6967e+12  251    2 1.6976e+12 1.6949e+12  0.15%  10.4 2259s
 124069 61950 1.6950e+12   41    1 1.6976e+12 1.6949e+12  0.15%  10.4 2265s
 125029 62521 1.6952e+12   71    1 1.6976e+12 1.6949e+12  0.15%  10.4 2271s
 125989 63025 1.6953e+12   99    1 1.6976e+12 1.6949e+12  0.15%  10.3 2278s
 126946 63609 1.6954e+12  123    2 1.6976e+12 1.6949e+12  0.15%  10.3 2285s
 127901 64142 1.6955e+12  150    1 1.6976e+12 1.6949e+12  0.15%  10.3 2291s
 128854 64334 1.6964e+12  174    1 1.6976e+12 1.6949e+12  0.15%  10.3 2297s
 129811 64449 infeasible  203      1.6976e+12 1.6949e+12  0.15%  10.3 2302s
 130760 64847 1.6968e+12  229    1 1.6976e+12 1.6949e+12  0.15%  10.3 2307s
 131711 65206 1.6968e+12  258    1 1.6976e+12 1.6949e+12  0.15%  10.2 2314s
 132668 65657 1.6949e+12   46    1 1.6976e+12 1.6949e+12  0.15%  10.2 2320s
 133623 66177 1.6950e+12   61    1 1.6976e+12 1.6949e+12  0.15%  10.2 2326s
 134576 66409 1.6951e+12   88    3 1.6976e+12 1.6949e+12  0.15%  10.2 2331s
 135295 66900 1.6952e+12  105    1 1.6976e+12 1.6949e+12  0.15%  10.1 2337s
 136251 67276 1.6953e+12  135    1 1.6976e+12 1.6949e+12  0.15%  10.1 2343s
 137211 67540 1.6964e+12  164    1 1.6976e+12 1.6949e+12  0.15%  10.1 2349s
 138171 67716 1.6965e+12  192    1 1.6976e+12 1.6949e+12  0.15%  10.0 2354s
 139131 67990 1.6966e+12  222    1 1.6976e+12 1.6949e+12  0.15%  10.0 2359s
 140091 68289 1.6967e+12  252    1 1.6976e+12 1.6949e+12  0.15%  10.0 2364s
 141051 68771 1.6949e+12   47    1 1.6976e+12 1.6949e+12  0.15%  10.0 2369s
 142011 68481 1.6951e+12   77    1 1.6976e+12 1.6949e+12  0.15%  10.0 2415s
 142043 69233 1.6951e+12   78    1 1.6976e+12 1.6949e+12  0.15%  10.0 2420s
 143003 69637 1.6952e+12  108    1 1.6976e+12 1.6949e+12  0.15%  10.0 2425s
 143963 70036 1.6954e+12  138    1 1.6976e+12 1.6949e+12  0.15%  10.0 2430s
 144919 70320 1.6964e+12  168    1 1.6976e+12 1.6949e+12  0.15%  10.0 2435s
 145832 70555 1.6965e+12  198    1 1.6976e+12 1.6949e+12  0.15%  10.0 2444s
 146792 70794 1.6966e+12  228    1 1.6976e+12 1.6949e+12  0.15%  10.0 2451s
 147728 71138 1.6967e+12  258    1 1.6976e+12 1.6949e+12  0.15%  10.1 2457s
 148650 71570 1.6950e+12   49    1 1.6976e+12 1.6949e+12  0.15%  10.1 2464s
 149607 72056 1.6951e+12   79    1 1.6976e+12 1.6949e+12  0.15%  10.1 2469s
 150555 72527 1.6952e+12  107    1 1.6976e+12 1.6949e+12  0.15%  10.1 2475s
 151515 73039 1.6953e+12  134    2 1.6976e+12 1.6949e+12  0.15%  10.1 2482s
 152475 73345 1.6955e+12  163    1 1.6976e+12 1.6949e+12  0.15%  10.1 2490s
 153428 73526 1.6965e+12  191    1 1.6976e+12 1.6949e+12  0.15%  10.0 2495s
 154388 73842 1.6967e+12  220    1 1.6976e+12 1.6949e+12  0.15%  10.0 2500s
 155348 74151 1.6968e+12  250    1 1.6976e+12 1.6949e+12  0.15%  10.0 2505s
 156308 74522 1.6949e+12   51    1 1.6976e+12 1.6949e+12  0.15%  10.0 2511s
 157268 74730 1.6951e+12   80    2 1.6976e+12 1.6949e+12  0.15%  10.0 2530s
 157972 74522 1.6952e+12   99    1 1.6976e+12 1.6949e+12  0.15%  10.0 2561s
 158004 75330 1.6952e+12  100    2 1.6976e+12 1.6949e+12  0.15%  10.0 2565s
 158958 75731 1.6953e+12  129    1 1.6976e+12 1.6949e+12  0.15%  10.0 2570s
 159909 76239 1.6954e+12  155    1 1.6976e+12 1.6949e+12  0.15%  10.0 2575s
 160868 76818 1.6963e+12  181    1 1.6976e+12 1.6949e+12  0.15%  10.0 2581s
 161820 77406 1.6964e+12  209    1 1.6976e+12 1.6949e+12  0.15%  10.0 2586s
 162773 78043 1.6966e+12  239    3 1.6976e+12 1.6949e+12  0.15%  10.0 2591s
 163733 78544 1.6966e+12  265    1 1.6976e+12 1.6949e+12  0.15%   9.9 2596s
 164693 79312 1.6949e+12   37    1 1.6976e+12 1.6949e+12  0.15%   9.9 2601s
 165653 80133 1.6951e+12   67    1 1.6976e+12 1.6949e+12  0.15%   9.9 2606s
 166613 80805 1.6952e+12   97    2 1.6976e+12 1.6949e+12  0.15%   9.9 2611s
 167571 81538 1.6953e+12  127    1 1.6976e+12 1.6949e+12  0.15%   9.9 2618s
 168507 82163 1.6963e+12  157    1 1.6976e+12 1.6949e+12  0.15%   9.9 2623s
 169410 82740 1.6964e+12  187    2 1.6976e+12 1.6949e+12  0.15%  10.0 2630s
 170346 83422 1.6966e+12  217    1 1.6976e+12 1.6949e+12  0.15%  10.1 2636s
 171287 84092 1.6967e+12  247    2 1.6976e+12 1.6949e+12  0.15%  10.0 2641s
 172243 84844 1.6949e+12   36    2 1.6976e+12 1.6949e+12  0.15%  10.0 2646s
 173203 85562 1.6951e+12   66    1 1.6976e+12 1.6949e+12  0.15%  10.0 2651s
 174163 86263 1.6954e+12   96    1 1.6976e+12 1.6949e+12  0.15%  10.0 2656s
 175123 87025 1.6955e+12  121    1 1.6976e+12 1.6949e+12  0.15%  10.0 2666s
 176083 87646 1.6956e+12  151    1 1.6976e+12 1.6949e+12  0.15%  10.0 2672s
 177033 88158 1.6958e+12  178    2 1.6976e+12 1.6949e+12  0.15%  10.0 2677s
 177956 88844 1.6959e+12  195    1 1.6976e+12 1.6949e+12  0.15%  10.0 2682s
 178884 89566 1.6971e+12  208    1 1.6976e+12 1.6949e+12  0.15%  10.0 2687s
 179844 90362 1.6973e+12  237    1 1.6976e+12 1.6949e+12  0.15%  10.0 2692s
 180799 90391 1.6949e+12   42    1 1.6976e+12 1.6949e+12  0.15%  10.0 2744s
 180831 91180 1.6949e+12   43    1 1.6976e+12 1.6949e+12  0.15%  10.0 2749s
 181751 91869 1.6950e+12   73    1 1.6976e+12 1.6949e+12  0.15%  10.1 2754s
 182285 91869 1.6963e+12  203    6 1.6976e+12 1.6949e+12  0.15%  10.1 2755s
 182681 92541 1.6952e+12  103    1 1.6976e+12 1.6949e+12  0.15%  10.1 2760s
 183632 93171 1.6953e+12  133    2 1.6976e+12 1.6949e+12  0.15%  10.1 2766s
 184590 93751 1.6954e+12  163    1 1.6976e+12 1.6949e+12  0.15%  10.1 2773s
 185550 94405 1.6965e+12  191    1 1.6976e+12 1.6949e+12  0.15%  10.1 2779s
 186510 95116 1.6966e+12  221    1 1.6976e+12 1.6949e+12  0.15%  10.1 2785s
 187468 95867 1.6967e+12  251    1 1.6976e+12 1.6949e+12  0.15%  10.1 2791s
 188422 96610 1.6949e+12   44    1 1.6976e+12 1.6949e+12  0.15%  10.1 2797s
 189372 97257 1.6951e+12   74    2 1.6976e+12 1.6949e+12  0.15%  10.1 2803s
 190327 97842 1.6952e+12  104    1 1.6976e+12 1.6949e+12  0.15%  10.1 2808s
 191281 98551 1.6953e+12  134    1 1.6976e+12 1.6949e+12  0.15%  10.0 2814s
 192238 99220 1.6962e+12  162    2 1.6976e+12 1.6949e+12  0.15%  10.0 2819s
 193176 99913 1.6964e+12  192    1 1.6976e+12 1.6949e+12  0.15%  10.1 2823s
 194097 100639 1.6965e+12  222    1 1.6976e+12 1.6949e+12  0.15%  10.1 2828s
 195039 101304 1.6966e+12  252    2 1.6976e+12 1.6949e+12  0.15%  10.1 2833s
 195998 101954 1.6968e+12  282    1 1.6976e+12 1.6949e+12  0.15%  10.1 2837s
 196936 102572 1.6950e+12   58    2 1.6976e+12 1.6949e+12  0.15%  10.2 2842s
 197823 103214 1.6953e+12   88    1 1.6976e+12 1.6949e+12  0.15%  10.2 2847s
 198776 103845 1.6955e+12  112    1 1.6976e+12 1.6949e+12  0.15%  10.2 2853s
 199721 104296 1.6956e+12  140    1 1.6976e+12 1.6949e+12  0.15%  10.2 2859s
 200406 105048 1.6956e+12  160    1 1.6976e+12 1.6949e+12  0.15%  10.2 2866s
 201363 105727 1.6958e+12  188    1 1.6976e+12 1.6949e+12  0.15%  10.2 2871s
 202323 106491 1.6968e+12  213    1 1.6976e+12 1.6949e+12  0.15%  10.2 2877s
 203283 107289 1.6949e+12   40    2 1.6976e+12 1.6949e+12  0.15%  10.1 2883s
 204243 107317 1.6950e+12   55    1 1.6976e+12 1.6949e+12  0.15%  10.1 2917s
 204275 107956 1.6950e+12   56    1 1.6976e+12 1.6949e+12  0.15%  10.1 2923s
 205235 108485 1.6951e+12   77    1 1.6976e+12 1.6949e+12  0.15%  10.1 2928s
 206195 109117 1.6952e+12  107    1 1.6976e+12 1.6949e+12  0.15%  10.1 2933s
 207152 109738 1.6953e+12  137    2 1.6976e+12 1.6949e+12  0.15%  10.1 2938s
 208111 110339 1.6964e+12  166    1 1.6976e+12 1.6949e+12  0.15%  10.1 2943s
 209039 111052 1.6965e+12  196    1 1.6976e+12 1.6949e+12  0.15%  10.2 2948s
 209991 111800 1.6966e+12  226    1 1.6976e+12 1.6949e+12  0.15%  10.2 2953s
 210941 112593 1.6967e+12  256    1 1.6976e+12 1.6949e+12  0.15%  10.2 2959s
 211892 113301 1.6950e+12   39    1 1.6976e+12 1.6949e+12  0.15%  10.2 2965s
 212796 113856 1.6950e+12   50    1 1.6976e+12 1.6949e+12  0.15%  10.2 2971s
 213672 114423 1.6954e+12   65    1 1.6976e+12 1.6949e+12  0.15%  10.3 2978s
 214628 115038 1.6966e+12   80    1 1.6976e+12 1.6949e+12  0.15%  10.3 2985s
 215547 115724 1.6949e+12   36    1 1.6976e+12 1.6949e+12  0.15%  10.3 2991s
 216490 116442 1.6950e+12   66    1 1.6976e+12 1.6949e+12  0.15%  10.3 2997s
 217447 117257 1.6952e+12   94    1 1.6976e+12 1.6949e+12  0.15%  10.3 3003s
 218407 118139 1.6957e+12  121    2 1.6976e+12 1.6949e+12  0.15%  10.3 3008s
 219367 118948 1.6953e+12  147    1 1.6976e+12 1.6949e+12  0.15%  10.2 3013s
 220326 118971 1.6963e+12  170    2 1.6976e+12 1.6949e+12  0.15%  10.2 3061s
 220358 119556 1.6963e+12  171    1 1.6976e+12 1.6949e+12  0.15%  10.2 3067s
 221289 119967 1.6970e+12  196    1 1.6976e+12 1.6949e+12  0.15%  10.3 3072s
 222188 120403 1.6965e+12  219    1 1.6976e+12 1.6949e+12  0.15%  10.3 3077s
 223132 120706 1.6966e+12  248    1 1.6976e+12 1.6949e+12  0.15%  10.4 3097s
 223751 121429 1.6966e+12  264    1 1.6976e+12 1.6949e+12  0.15%  10.4 3102s
 224711 122293 1.6949e+12   48    1 1.6976e+12 1.6949e+12  0.15%  10.3 3107s
 225671 123145 1.6951e+12   78    1 1.6976e+12 1.6949e+12  0.15%  10.3 3112s
 226631 123935 1.6952e+12  108    1 1.6976e+12 1.6949e+12  0.15%  10.3 3116s
 227591 124500 1.6953e+12  138    1 1.6976e+12 1.6949e+12  0.15%  10.3 3122s
 228551 124936 1.6962e+12  166    2 1.6976e+12 1.6949e+12  0.15%  10.3 3127s
 229511 125415 1.6964e+12  196    1 1.6976e+12 1.6949e+12  0.15%  10.3 3132s
 230471 125980 1.6965e+12  226    1 1.6976e+12 1.6949e+12  0.15%  10.2 3137s
 231431 126607 1.6966e+12  256    1 1.6976e+12 1.6949e+12  0.15%  10.3 3142s
 232391 127395 infeasible  278      1.6976e+12 1.6949e+12  0.15%  10.3 3147s
 233351 128264 1.6950e+12   60    1 1.6976e+12 1.6949e+12  0.15%  10.3 3155s
 234311 129094 1.6951e+12   90    3 1.6976e+12 1.6949e+12  0.15%  10.3 3160s
 235271 129794 1.6952e+12  120    1 1.6976e+12 1.6949e+12  0.15%  10.3 3165s
 237191 130757 1.6962e+12  178    1 1.6976e+12 1.6949e+12  0.15%  10.2 3174s
 238151 131261 1.6964e+12  208    2 1.6976e+12 1.6949e+12  0.15%  10.2 3179s
 239111 131812 1.6966e+12  238    2 1.6976e+12 1.6949e+12  0.15%  10.2 3184s
 240071 132558 1.6967e+12  268    1 1.6976e+12 1.6949e+12  0.15%  10.2 3189s
 241031 133405 1.6949e+12   43    1 1.6976e+12 1.6949e+12  0.15%  10.3 3194s
 241983 134300 1.6950e+12   73    1 1.6976e+12 1.6949e+12  0.15%  10.3 3200s
 242921 135122 1.6952e+12  103    1 1.6976e+12 1.6949e+12  0.15%  10.3 3205s
 243863 135149 1.6953e+12  133    2 1.6976e+12 1.6949e+12  0.15%  10.3 3258s
 243895 135857 1.6953e+12  134    1 1.6976e+12 1.6949e+12  0.15%  10.3 3264s
 244852 136373 1.6954e+12  164    1 1.6976e+12 1.6949e+12  0.15%  10.3 3270s
 245794 136828 1.6965e+12  192    1 1.6976e+12 1.6949e+12  0.15%  10.3 3276s
 246727 137489 1.6966e+12  222    1 1.6976e+12 1.6949e+12  0.15%  10.3 3281s
 247686 138139 1.6967e+12  252    2 1.6976e+12 1.6949e+12  0.15%  10.3 3287s
 248644 139019 1.6949e+12   43    1 1.6976e+12 1.6949e+12  0.15%  10.3 3291s
 249604 139894 1.6951e+12   73    1 1.6976e+12 1.6949e+12  0.15%  10.3 3297s
 250564 140667 1.6952e+12  103    2 1.6976e+12 1.6949e+12  0.15%  10.2 3302s
 251518 141319 1.6953e+12  133    1 1.6976e+12 1.6949e+12  0.15%  10.2 3306s
 252458 141771 1.6962e+12  161    1 1.6976e+12 1.6949e+12  0.15%  10.2 3311s
 253400 142257 1.6964e+12  191    1 1.6976e+12 1.6949e+12  0.15%  10.2 3317s
 254358 142877 1.6965e+12  221    1 1.6976e+12 1.6949e+12  0.15%  10.2 3323s
 255311 143523 1.6966e+12  251    1 1.6976e+12 1.6949e+12  0.15%  10.2 3329s
 256260 144321 1.6968e+12  281    1 1.6976e+12 1.6949e+12  0.15%  10.3 3335s
 257194 145159 1.6950e+12   60    2 1.6976e+12 1.6949e+12  0.15%  10.3 3340s
 258137 145908 1.6952e+12   90    1 1.6976e+12 1.6949e+12  0.15%  10.3 3346s
 259075 146631 1.6953e+12  120    2 1.6976e+12 1.6949e+12  0.15%  10.3 3351s
 260034 147179 1.6954e+12  150    1 1.6976e+12 1.6949e+12  0.15%  10.3 3356s
 260955 147597 1.6958e+12  174    1 1.6976e+12 1.6949e+12  0.15%  10.3 3360s
 261850 148154 1.6972e+12  191    1 1.6976e+12 1.6949e+12  0.15%  10.4 3365s
 262807 148760 1.6974e+12  221    1 1.6976e+12 1.6949e+12  0.15%  10.3 3373s
 263767 149547 1.6949e+12   36    1 1.6976e+12 1.6949e+12  0.15%  10.3 3378s
 264727 150397 1.6951e+12   66    1 1.6976e+12 1.6949e+12  0.15%  10.3 3383s
 265687 151219 1.6952e+12   96    2 1.6976e+12 1.6949e+12  0.15%  10.3 3388s
 266647 151938 1.6953e+12  126    2 1.6976e+12 1.6949e+12  0.15%  10.3 3392s
 267566 152545 1.6954e+12  156    1 1.6976e+12 1.6949e+12  0.15%  10.4 3397s
 268395 152940 1.6964e+12  186    1 1.6976e+12 1.6949e+12  0.15%  10.5 3402s
 269339 153432 1.6966e+12  216    1 1.6976e+12 1.6949e+12  0.15%  10.5 3407s
 270265 154170 1.6967e+12  246    2 1.6976e+12 1.6949e+12  0.15%  10.5 3412s
 271225 154908 1.6950e+12   37    1 1.6976e+12 1.6949e+12  0.15%  10.5 3417s
 272174 155447 1.6951e+12   67    1 1.6976e+12 1.6949e+12  0.15%  10.5 3423s
 272860 156253 1.6952e+12   85    1 1.6976e+12 1.6949e+12  0.15%  10.5 3429s
 273813 156952 1.6953e+12  115    2 1.6976e+12 1.6949e+12  0.15%  10.5 3434s
 274768 157513 1.6954e+12  145    1 1.6976e+12 1.6949e+12  0.15%  10.5 3440s
 275691 158068 1.6958e+12  170    1 1.6976e+12 1.6949e+12  0.15%  10.5 3445s
 276632 158663 1.6972e+12  188    1 1.6976e+12 1.6949e+12  0.15%  10.5 3451s
 277579 159248 1.6974e+12  218    2 1.6976e+12 1.6949e+12  0.15%  10.5 3457s
 278530 159978 1.6949e+12   36    1 1.6976e+12 1.6949e+12  0.15%  10.5 3464s
 279484 160741 1.6950e+12   49    1 1.6976e+12 1.6949e+12  0.15%  10.5 3470s
 280439 161597 1.6951e+12   57    1 1.6976e+12 1.6949e+12  0.15%  10.5 3477s
 281392 162283 1.6955e+12   69    1 1.6976e+12 1.6949e+12  0.15%  10.5 3483s
 282334 162846 1.6964e+12   84    1 1.6976e+12 1.6949e+12  0.15%  10.5 3490s
 283264 163431 1.6974e+12   92    1 1.6976e+12 1.6949e+12  0.15%  10.5 3495s
 284223 164060 1.6950e+12   54    1 1.6976e+12 1.6949e+12  0.15%  10.5 3501s
 285182 164845 1.6950e+12   73    2 1.6976e+12 1.6949e+12  0.15%  10.5 3508s
 286132 164874 1.6952e+12  100    1 1.6976e+12 1.6949e+12  0.15%  10.5 3560s
 286164 165702 1.6952e+12  101    2 1.6976e+12 1.6949e+12  0.15%  10.5 3565s
 287114 166414 1.6953e+12  131    1 1.6976e+12 1.6949e+12  0.15%  10.5 3575s
 288046 167131 1.6954e+12  160    3 1.6976e+12 1.6949e+12  0.15%  10.5 3581s
 289006 167265 1.6956e+12  190    1 1.6976e+12 1.6949e+12  0.15%  10.4 3599s
 289198 167280 1.6962e+12  169    2 1.6976e+12 1.6949e+12  0.15%  10.4 3600s

Cutting planes:
  Implied bound: 4
  MIR: 4
  Flow cover: 6
  Relax-and-lift: 1

Explored 289223 nodes (3097452 simplex iterations) in 3600.45 seconds (2145.37 work units)
Thread count was 32 (of 36 available processors)

Solution count 3: 1.69757e+12 1.69763e+12 1.70177e+12 

Time limit reached
Best objective 1.697566283835e+12, best bound 1.694945281118e+12, gap 0.1544%

User-callback calls 1209540, time in user-callback 0.44 sec
Set parameter TokenServer to value "license-1.hpc.nrel.gov"
Set parameter TimeLimit to value 3600
Set parameter MIPGap to value 0.001
Set parameter MIPGap to value 0.001
Set parameter TimeLimit to value 3600
Gurobi Optimizer version 9.5.1 build v9.5.1rc2 (linux64)
Thread count: 36 physical cores, 36 logical processors, using up to 32 threads
Optimize a model with 96828 rows, 1144312 columns and 2348570 nonzeros
Model fingerprint: 0x66fd8fb3
Coefficient statistics:
  Matrix range     [1e+00, 1e+05]
  Objective range  [3e-01, 3e+09]
  Bounds range     [1e+00, 1e+08]
  RHS range        [8e-01, 2e+06]
Warning: Model contains large objective coefficients
         Consider reformulating model or setting NumericFocus parameter
         to avoid numerical issues.

Concurrent LP optimizer: primal simplex, dual simplex, and barrier
Showing barrier log only...

Presolve removed 89030 rows and 561984 columns
Presolve time: 1.46s
Presolved: 7798 rows, 582328 columns, 1160340 nonzeros

Ordering time: 0.02s

Barrier statistics:
 AA' NZ     : 5.780e+05
 Factor NZ  : 1.063e+06 (roughly 240 MB of memory)
 Factor Ops : 1.876e+08 (less than 1 second per iteration)
 Threads    : 30

                  Objective                Residual
Iter       Primal          Dual         Primal    Dual     Compl     Time
   0   5.46049955e+12 -5.55503046e+11  4.74e+06 2.69e+02  1.54e+08     2s
   1   1.89297067e+12  9.57510121e+11  1.44e+05 4.08e-12  5.84e+06     2s
   2   1.76611394e+12  1.43475660e+12  5.15e+03 2.98e-10  7.03e+05     2s
   3   1.75318231e+12  1.56714807e+12  2.59e+03 1.61e-10  3.78e+05     2s
   4   1.73890952e+12  1.63030855e+12  1.02e+03 9.37e-11  2.06e+05     2s
   5   1.73023858e+12  1.66393178e+12  6.10e+02 5.37e-11  1.24e+05     2s
   6   1.71961724e+12  1.67802586e+12  2.99e+02 3.18e-11  7.54e+04     2s
   7   1.71568004e+12  1.68341423e+12  2.21e+02 2.36e-11  5.80e+04     2s
   8   1.71032602e+12  1.68811853e+12  1.31e+02 1.73e-11  3.94e+04     2s
   9   1.70706350e+12  1.69039093e+12  8.87e+01 1.36e-11  2.94e+04     2s

Barrier performed 9 iterations in 2.43 seconds (1.43 work units)
Barrier solve interrupted - model solved by another algorithm


Solved with primal simplex
Solved in 68596 iterations and 2.43 seconds (1.39 work units)
Optimal objective  1.697566284e+12

User-callback calls 149, time in user-callback 0.00 sec
[ Info:  started timer at: 2023-03-26T19:18:53.619
[ Info: Reading /projects/pvsoiling/RELOG/Manufacturing_NAICS_2/input/solver/case.json...
[ Info:          134 collection centers
[ Info:          309 candidate plant locations
[ Info: Building graph...
[ Info:           26 time periods
[ Info:          309 process nodes
[ Info:          309 shipping nodes (plant)
[ Info:          134 shipping nodes (collection)
[ Info:        41715 arcs
[ Info: Building optimization model...
[ Info: Optimizing MILP...
[ Info: Re-optimizing with integer variables fixed...
[ Info: Extracting solution...
[ Info:       3658.716044224s: 1 hour, 58 seconds, 716 milliseconds
