Set parameter TokenServer to value "license-1.hpc.nrel.gov"
Set parameter TimeLimit to value 3600
Set parameter MIPGap to value 0.001
Set parameter MIPGap to value 0.001
Set parameter TimeLimit to value 3600
Gurobi Optimizer version 9.5.1 build v9.5.1rc2 (linux64)
Thread count: 36 physical cores, 36 logical processors, using up to 32 threads
Optimize a model with 91240 rows, 1140828 columns and 2336040 nonzeros
Model fingerprint: 0xba4ceba2
Variable types: 1124760 continuous, 16068 integer (16068 binary)
Coefficient statistics:
  Matrix range     [1e+00, 1e+05]
  Objective range  [3e-01, 1e+09]
  Bounds range     [1e+05, 1e+08]
  RHS range        [8e-01, 2e+06]
Warning: Model contains large objective coefficients
         Consider reformulating model or setting NumericFocus parameter
         to avoid numerical issues.
Presolve removed 79724 rows and 64581 columns
Presolve time: 4.28s
Presolved: 11516 rows, 1076247 columns, 2159910 nonzeros
Variable types: 1075938 continuous, 309 integer (309 binary)

Deterministic concurrent LP optimizer: primal and dual simplex
Showing first log only...


Root simplex log...

Iteration    Objective       Primal Inf.    Dual Inf.      Time
       0    3.8120966e+11   2.492058e+06   1.964678e+11      9s
Concurrent spin time: 0.13s

Solved with dual simplex

Root relaxation: objective 8.505426e+11, 21490 iterations, 3.10 seconds (2.23 work units)

    Nodes    |    Current Node    |     Objective Bounds      |     Work
 Expl Unexpl |  Obj  Depth IntInf | Incumbent    BestBd   Gap | It/Node Time

     0     0 8.5054e+11    0    3          - 8.5054e+11      -     -    9s
H    0     0                    8.539593e+11 8.5054e+11  0.40%     -   10s
H    0     0                    8.518558e+11 8.5054e+11  0.15%     -   12s
     0     0 8.5054e+11    0    2 8.5186e+11 8.5054e+11  0.15%     -   14s
     0     0 8.5054e+11    0    1 8.5186e+11 8.5054e+11  0.15%     -   17s
H    0     0                    8.518550e+11 8.5054e+11  0.15%     -   17s
H    0     0                    8.518550e+11 8.5054e+11  0.15%     -   18s
     0     0 8.5054e+11    0    1 8.5185e+11 8.5054e+11  0.15%     -   18s
     0     0 8.5054e+11    0    2 8.5185e+11 8.5054e+11  0.15%     -   19s
     0     0 8.5054e+11    0    2 8.5185e+11 8.5054e+11  0.15%     -   20s
     0     0 8.5054e+11    0    2 8.5185e+11 8.5054e+11  0.15%     -   21s
     0     0 8.5054e+11    0    2 8.5185e+11 8.5054e+11  0.15%     -   23s
     0     0 8.5054e+11    0    2 8.5185e+11 8.5054e+11  0.15%     -   25s
     0     2 8.5054e+11    0    2 8.5185e+11 8.5054e+11  0.15%     -   28s
     7    16 8.5054e+11    3    1 8.5185e+11 8.5054e+11  0.15%   5.1   30s
    95   128 8.5054e+11    7    1 8.5185e+11 8.5054e+11  0.15%   8.7   35s
   159   192 8.5054e+11    9    1 8.5185e+11 8.5054e+11  0.15%   6.9  141s
   223   349 8.5054e+11   11    1 8.5185e+11 8.5054e+11  0.15%   5.8  146s
   348   771 8.5054e+11   14    1 8.5185e+11 8.5054e+11  0.15%   5.0  153s
   770  1283 8.5055e+11   24    2 8.5185e+11 8.5054e+11  0.15%   5.5  169s
  1282  2211 8.5057e+11   37    1 8.5185e+11 8.5054e+11  0.15%   6.8  179s
  2210  3139 8.5064e+11   66    2 8.5185e+11 8.5054e+11  0.15%   6.8  190s
  3138  4020 8.5067e+11   95    1 8.5185e+11 8.5054e+11  0.15%   6.8  201s
  4055  4747 8.5078e+11  124    1 8.5185e+11 8.5054e+11  0.15%   6.5  209s
  4939  5365 8.5126e+11  152    1 8.5185e+11 8.5054e+11  0.15%   7.3  216s
  5817  5910 8.5137e+11  181    1 8.5185e+11 8.5054e+11  0.15%   8.2  222s
  6713  6609 8.5142e+11  210    2 8.5185e+11 8.5054e+11  0.15%  10.9  229s
  7641  7443 8.5144e+11  239    1 8.5185e+11 8.5054e+11  0.15%  12.0  234s
  8569  8371 8.5055e+11   27    1 8.5185e+11 8.5054e+11  0.15%  11.5  239s
  9498  8372 8.5107e+11  114    2 8.5185e+11 8.5054e+11  0.15%  11.1  246s
  9500  8373 8.5061e+11   44    3 8.5185e+11 8.5054e+11  0.15%  11.1  257s
  9502  8375 8.5055e+11   17    2 8.5185e+11 8.5054e+11  0.15%  11.1  261s
  9505  8377 8.5057e+11   15    2 8.5185e+11 8.5054e+11  0.15%  11.1  265s
  9509  8379 8.5081e+11   67    1 8.5185e+11 8.5054e+11  0.15%  11.1  273s
  9510  8380 8.5087e+11   94    2 8.5185e+11 8.5054e+11  0.15%  11.1  275s
  9511  8381 8.5061e+11   41    2 8.5185e+11 8.5054e+11  0.15%  11.1  281s
  9514  8383 8.5079e+11   79    1 8.5185e+11 8.5054e+11  0.15%  11.1  285s
  9517  8385 8.5058e+11   40    2 8.5185e+11 8.5054e+11  0.15%  11.1  290s
  9519  8389 8.5054e+11   15    1 8.5185e+11 8.5054e+11  0.15%  13.2  297s
  9549  8439 8.5054e+11   19    1 8.5185e+11 8.5054e+11  0.15%  13.2  301s
  9613  8482 8.5054e+11   20    2 8.5185e+11 8.5054e+11  0.15%  13.1  353s
  9677  8524 8.5054e+11   21    2 8.5185e+11 8.5054e+11  0.15%  13.1  413s
  9709  8546 8.5054e+11   22    1 8.5185e+11 8.5054e+11  0.15%  13.1  416s
  9805  8875 8.5054e+11   23    2 8.5185e+11 8.5054e+11  0.15%  13.0  421s
 10102  9707 8.5055e+11   28    2 8.5185e+11 8.5054e+11  0.15%  12.7  433s
 11033 10046 8.5055e+11   43    1 8.5185e+11 8.5054e+11  0.15%  12.2  443s
 11683 10790 8.5062e+11   56    2 8.5185e+11 8.5054e+11  0.15%  12.0  455s
 12643 11426 8.5064e+11   85    2 8.5185e+11 8.5054e+11  0.15%  11.6  466s
 13603 11136 8.5070e+11  115    1 8.5185e+11 8.5054e+11  0.15%  11.2  526s
 13635 11901 8.5070e+11  116    1 8.5185e+11 8.5054e+11  0.15%  11.2  535s
 14554 12001 8.5078e+11  146    1 8.5185e+11 8.5054e+11  0.15%  11.1  544s
 15465 12129 infeasible  169      8.5185e+11 8.5054e+11  0.15%  11.1  551s
 16420 12345 8.5137e+11  195    2 8.5185e+11 8.5054e+11  0.15%  11.2  557s
 17380 12820 infeasible  221      8.5185e+11 8.5054e+11  0.15%  11.0  562s
 18340 13339 infeasible  246      8.5185e+11 8.5054e+11  0.15%  10.9  568s
 19300 13966 8.5056e+11   34    2 8.5185e+11 8.5054e+11  0.15%  10.8  575s
 20260 14570 8.5065e+11   64    1 8.5185e+11 8.5054e+11  0.15%  10.6  583s
 21220 15080 8.5072e+11   94    1 8.5185e+11 8.5054e+11  0.15%  10.4  590s
 22180 15361 8.5075e+11  124    1 8.5185e+11 8.5054e+11  0.15%  10.2  595s
 23140 15526 8.5088e+11  154    2 8.5185e+11 8.5054e+11  0.15%  10.2  600s
 24092 15878 8.5175e+11  177    1 8.5185e+11 8.5054e+11  0.15%  10.3  606s
 25052 16413 8.5185e+11  207    1 8.5185e+11 8.5054e+11  0.15%  10.1  610s
 26012 16920 8.5055e+11   41    2 8.5185e+11 8.5054e+11  0.15%  10.0  615s
 26972 17519 8.5057e+11   62    1 8.5185e+11 8.5054e+11  0.15%   9.9  620s
 27932 17988 8.5065e+11   83    1 8.5185e+11 8.5054e+11  0.15%   9.7  625s
 28892 18229 8.5072e+11  113    3 8.5185e+11 8.5054e+11  0.15%   9.5  637s
 29852 18571 8.5077e+11  143    1 8.5185e+11 8.5054e+11  0.15%   9.4  643s
 30812 18970 8.5086e+11  173    1 8.5185e+11 8.5054e+11  0.15%   9.3  647s
 31772 19292 8.5134e+11  186    2 8.5185e+11 8.5054e+11  0.15%   9.2  651s
 32732 19833 8.5139e+11  216    1 8.5185e+11 8.5054e+11  0.15%   9.1  655s
 33692 20256 8.5144e+11  246    1 8.5185e+11 8.5054e+11  0.15%   9.1  660s
 34633 20759 8.5055e+11   35    1 8.5185e+11 8.5054e+11  0.15%   9.1  666s
 35566 21421 8.5057e+11   54    2 8.5185e+11 8.5054e+11  0.15%   9.2  671s
 36514 22091 8.5063e+11   78    1 8.5185e+11 8.5054e+11  0.15%   9.2  676s
 37451 22807 8.5070e+11  108    1 8.5185e+11 8.5054e+11  0.15%   9.3  681s
 38399 23626 8.5075e+11  138    1 8.5185e+11 8.5054e+11  0.15%   9.2  687s
 39350 24426 8.5086e+11  168    1 8.5185e+11 8.5054e+11  0.15%   9.1  692s
 40305 24636 8.5134e+11  185    2 8.5185e+11 8.5054e+11  0.15%   9.1  707s
 40561 25307 8.5134e+11  189    1 8.5185e+11 8.5054e+11  0.15%   9.1  712s
 41495 25948 8.5139e+11  219    1 8.5185e+11 8.5054e+11  0.15%   9.2  717s
 42430 26577 8.5144e+11  249    1 8.5185e+11 8.5054e+11  0.15%   9.3  721s
 43390 27285 8.5055e+11   38    2 8.5185e+11 8.5054e+11  0.15%   9.2  725s
 44350 27935 8.5063e+11   67    1 8.5185e+11 8.5054e+11  0.15%   9.1  730s
 45310 28690 8.5067e+11   94    1 8.5185e+11 8.5054e+11  0.15%   9.0  735s
 46270 29516 8.5072e+11  121    3 8.5185e+11 8.5054e+11  0.15%   9.0  740s
 47230 30311 8.5079e+11  149    1 8.5185e+11 8.5054e+11  0.15%   8.9  746s
 48190 31004 8.5128e+11  177    1 8.5185e+11 8.5054e+11  0.15%   8.9  751s
 49137 31642 8.5138e+11  207    1 8.5185e+11 8.5054e+11  0.15%   8.9  756s
 50086 32289 8.5145e+11  236    2 8.5185e+11 8.5054e+11  0.15%   8.9  761s
 51038 32312 8.5055e+11   22    2 8.5185e+11 8.5055e+11  0.15%   8.8  810s
 51072 33111 8.5055e+11   23    2 8.5185e+11 8.5055e+11  0.15%   8.8  815s
 52032 33958 8.5057e+11   53    1 8.5185e+11 8.5055e+11  0.15%   8.8  820s
 52992 34732 8.5064e+11   83    3 8.5185e+11 8.5055e+11  0.15%   8.7  825s
 53945 35463 8.5069e+11  113    1 8.5185e+11 8.5055e+11  0.15%   8.7  830s
 54889 36082 8.5078e+11  143    1 8.5185e+11 8.5055e+11  0.15%   8.6  837s
 55835 36719 8.5127e+11  173    1 8.5185e+11 8.5055e+11  0.15%   8.6  843s
 56790 37387 8.5137e+11  203    1 8.5185e+11 8.5055e+11  0.15%   8.6  848s
 57751 37388 8.5126e+11  147    2 8.5185e+11 8.5055e+11  0.15%   8.5  984s
 57752 37389 8.5065e+11   78    2 8.5185e+11 8.5055e+11  0.15%   8.5  985s
 57753 37389 8.5125e+11  162    3 8.5185e+11 8.5055e+11  0.15%   8.5  996s
 57755 37391 8.5106e+11   74    3 8.5185e+11 8.5055e+11  0.15%   8.5 1000s
 57757 37392 8.5092e+11  110    2 8.5185e+11 8.5055e+11  0.15%   8.5 1009s
 57758 37393 8.5081e+11   86    2 8.5185e+11 8.5055e+11  0.15%   8.5 1011s
 57759 37393 8.5147e+11   88    2 8.5185e+11 8.5055e+11  0.15%   8.5 1018s
 57760 37394 8.5097e+11  131    2 8.5185e+11 8.5055e+11  0.15%   8.5 1020s
 57761 37395 8.5087e+11  104    2 8.5185e+11 8.5055e+11  0.15%   8.5 1027s
 57763 37396 8.5056e+11   43    2 8.5185e+11 8.5055e+11  0.15%   8.5 1036s
 57764 37397 8.5056e+11   29    2 8.5185e+11 8.5055e+11  0.15%   8.5 1045s
 57765 37397 8.5056e+11   28    2 8.5185e+11 8.5055e+11  0.15%   8.5 1052s
 57766 37398 8.5127e+11  175    2 8.5185e+11 8.5055e+11  0.15%   8.5 1058s
 57767 37402 8.5055e+11   29    1 8.5185e+11 8.5055e+11  0.15%   8.9 1061s
 57797 37452 8.5055e+11   33    1 8.5185e+11 8.5055e+11  0.15%   8.9 1065s
 57861 37494 8.5055e+11   34    2 8.5185e+11 8.5055e+11  0.15%   8.9 1130s
 57925 37537 8.5055e+11   35    2 8.5185e+11 8.5055e+11  0.15%   8.9 1284s
 57957 37558 8.5055e+11   36    1 8.5185e+11 8.5055e+11  0.15%   8.9 1287s
 58053 37930 8.5055e+11   37    2 8.5185e+11 8.5055e+11  0.15%   8.9 1293s
 58393 38347 8.5055e+11   43    1 8.5185e+11 8.5055e+11  0.15%   8.8 1306s
 58923 39130 8.5055e+11   47    1 8.5185e+11 8.5055e+11  0.15%   8.8 1319s
 59883 39770 8.5056e+11   62    1 8.5185e+11 8.5055e+11  0.15%   8.8 1331s
 60843 40398 8.5062e+11   83    1 8.5185e+11 8.5055e+11  0.15%   8.8 1343s
 61801 40768 8.5067e+11  113    2 8.5185e+11 8.5055e+11  0.15%   8.7 1355s
 62713 40909 8.5071e+11  143    1 8.5185e+11 8.5055e+11  0.15%   8.7 1362s
 63613 41061 8.5126e+11  171    2 8.5185e+11 8.5055e+11  0.15%   8.8 1370s
 64494 41252 8.5129e+11  195    1 8.5185e+11 8.5055e+11  0.15%   8.8 1378s
 65432 41693 8.5137e+11  225    1 8.5185e+11 8.5055e+11  0.15%   8.9 1383s
 66392 42207 8.5144e+11  255    2 8.5185e+11 8.5055e+11  0.15%   8.9 1389s
 67352 42829 8.5055e+11   42    1 8.5185e+11 8.5055e+11  0.15%   8.9 1395s
 68312 43398 8.5061e+11   72    1 8.5185e+11 8.5055e+11  0.15%   8.9 1402s
 69272 43811 8.5065e+11  102    1 8.5185e+11 8.5055e+11  0.15%   8.8 1408s
 70231 44053 8.5070e+11  132    1 8.5185e+11 8.5055e+11  0.15%   8.9 1416s
 71163 44173 8.5080e+11  162    1 8.5185e+11 8.5055e+11  0.15%   9.0 1421s
 72123 44531 8.5127e+11  191    1 8.5185e+11 8.5055e+11  0.15%   9.0 1428s
 73083 45002 8.5137e+11  221    1 8.5185e+11 8.5055e+11  0.15%   9.0 1432s
 74043 45490 8.5143e+11  251    1 8.5185e+11 8.5055e+11  0.15%   8.9 1437s
 75003 46041 8.5055e+11   39    1 8.5185e+11 8.5055e+11  0.15%   8.9 1442s
 75963 46351 8.5057e+11   69    1 8.5185e+11 8.5055e+11  0.15%   8.8 1446s
 76923 46587 8.5064e+11   99    2 8.5185e+11 8.5055e+11  0.15%   8.8 1451s
 77883 46874 8.5070e+11  129    1 8.5185e+11 8.5055e+11  0.15%   8.7 1457s
 78843 47085 8.5078e+11  159    1 8.5185e+11 8.5055e+11  0.15%   8.7 1463s
 79803 47482 8.5127e+11  189    1 8.5185e+11 8.5055e+11  0.15%   8.7 1468s
 80761 47935 8.5137e+11  219    1 8.5185e+11 8.5055e+11  0.15%   8.7 1473s
 81709 48417 8.5143e+11  249    2 8.5185e+11 8.5055e+11  0.15%   8.7 1478s
 82668 49048 8.5055e+11   37    1 8.5185e+11 8.5055e+11  0.15%   8.6 1483s
 83628 49503 8.5057e+11   67    1 8.5185e+11 8.5055e+11  0.15%   8.6 1488s
 84588 49787 8.5064e+11   97    3 8.5185e+11 8.5055e+11  0.15%   8.6 1495s
 85547 50031 8.5069e+11  127    1 8.5185e+11 8.5055e+11  0.15%   8.5 1502s
 86507 49862 8.5078e+11  157    1 8.5185e+11 8.5055e+11  0.15%   8.5 1519s
 86731 50402 8.5078e+11  164    1 8.5185e+11 8.5055e+11  0.15%   8.5 1527s
 87691 50731 8.5128e+11  194    1 8.5185e+11 8.5055e+11  0.15%   8.5 1532s
 88648 51207 8.5137e+11  224    1 8.5185e+11 8.5055e+11  0.15%   8.4 1536s
 89608 51662 8.5144e+11  254    2 8.5185e+11 8.5055e+11  0.15%   8.4 1541s
 90567 52112 8.5055e+11   38    1 8.5185e+11 8.5055e+11  0.15%   8.4 1546s
 91527 52512 8.5057e+11   52    1 8.5185e+11 8.5055e+11  0.15%   8.4 1551s
 92487 52899 8.5065e+11   66    2 8.5185e+11 8.5055e+11  0.15%   8.3 1557s
 93441 53185 8.5088e+11   79    2 8.5185e+11 8.5055e+11  0.15%   8.3 1562s
 94390 53523 8.5112e+11   88    1 8.5185e+11 8.5055e+11  0.15%   8.3 1567s
 95317 53894 8.5182e+11  102    1 8.5185e+11 8.5055e+11  0.15%   8.3 1571s
 96271 54329 8.5057e+11   61    1 8.5185e+11 8.5055e+11  0.15%   8.3 1576s
 97230 54868 8.5064e+11   91    3 8.5185e+11 8.5055e+11  0.15%   8.2 1580s
 98149 55313 8.5069e+11  121    1 8.5185e+11 8.5055e+11  0.15%   8.3 1585s
 99929 55998 8.5125e+11  181    1 8.5185e+11 8.5055e+11  0.15%   8.4 1594s
 100865 56280 8.5137e+11  211    1 8.5185e+11 8.5055e+11  0.15%   8.3 1598s
 101825 56585 8.5142e+11  241    1 8.5185e+11 8.5055e+11  0.15%   8.3 1602s
 102785 56955 8.5144e+11  271    1 8.5185e+11 8.5055e+11  0.15%   8.3 1606s
 104435 57287 8.5069e+11  121    2 8.5185e+11 8.5055e+11  0.15%   8.2 1610s
 105665 58456 8.5088e+11  116    2 8.5185e+11 8.5055e+11  0.15%   8.2 1618s
 106625 58802 8.5097e+11  142    1 8.5185e+11 8.5055e+11  0.15%   8.2 1622s
 107585 59131 8.5124e+11  166    1 8.5185e+11 8.5055e+11  0.15%   8.2 1626s
 108545 59282 8.5128e+11  195    1 8.5185e+11 8.5055e+11  0.15%   8.2 1631s
 110458 59972 8.5143e+11  253    2 8.5185e+11 8.5055e+11  0.15%   8.1 1639s
 111418 60541 8.5055e+11   38    1 8.5185e+11 8.5055e+11  0.15%   8.1 1642s
 112378 61117 8.5057e+11   68    1 8.5185e+11 8.5055e+11  0.15%   8.1 1646s
 113338 61519 8.5064e+11   98    3 8.5185e+11 8.5055e+11  0.15%   8.0 1650s
 114298 61842 8.5069e+11  128    1 8.5185e+11 8.5055e+11  0.15%   8.0 1655s
 116218 62159 8.5127e+11  188    2 8.5185e+11 8.5055e+11  0.15%   8.0 1667s
 117178 62561 8.5137e+11  218    1 8.5185e+11 8.5055e+11  0.15%   7.9 1671s
 118138 63001 8.5143e+11  248    2 8.5185e+11 8.5055e+11  0.15%   7.9 1675s
 120052 63268 8.5065e+11   69    1 8.5185e+11 8.5055e+11  0.15%   7.9 1696s
 120084 64172 8.5069e+11   70    1 8.5185e+11 8.5055e+11  0.15%   7.9 1702s
 121038 64766 8.5091e+11   92    1 8.5185e+11 8.5055e+11  0.15%   7.9 1706s
 121998 65336 8.5096e+11  119    1 8.5185e+11 8.5055e+11  0.15%   7.9 1711s
 122958 65800 8.5099e+11  145    1 8.5185e+11 8.5055e+11  0.15%   7.8 1716s
 123902 66128 8.5154e+11  170    1 8.5185e+11 8.5055e+11  0.15%   7.9 1720s
 124814 66274 8.5055e+11   41    1 8.5185e+11 8.5055e+11  0.15%   8.0 1726s
 125718 66807 8.5061e+11   71    1 8.5185e+11 8.5055e+11  0.15%   8.0 1731s
 126678 67414 8.5064e+11  101    1 8.5185e+11 8.5055e+11  0.15%   8.0 1738s
 127629 68012 8.5071e+11  131    1 8.5185e+11 8.5055e+11  0.15%   8.0 1745s
 128567 68444 8.5078e+11  161    1 8.5185e+11 8.5055e+11  0.15%   8.0 1750s
 129490 68636 8.5127e+11  191    1 8.5185e+11 8.5055e+11  0.15%   8.1 1755s
 130327 68793 8.5137e+11  221    1 8.5185e+11 8.5055e+11  0.15%   8.3 1760s
 131214 68961 8.5144e+11  251    1 8.5185e+11 8.5055e+11  0.15%   8.4 1765s
 133125 69845 8.5062e+11   69    1 8.5185e+11 8.5055e+11  0.15%   8.3 1773s
 134085 70421 8.5066e+11   99    2 8.5185e+11 8.5055e+11  0.15%   8.3 1777s
 135045 70927 8.5071e+11  129    2 8.5185e+11 8.5055e+11  0.15%   8.3 1781s
 136005 70632 8.5078e+11  159    2 8.5185e+11 8.5055e+11  0.15%   8.3 1789s
 136037 71234 8.5078e+11  160    1 8.5185e+11 8.5055e+11  0.15%   8.3 1793s
 136997 71333 8.5127e+11  190    1 8.5185e+11 8.5055e+11  0.15%   8.2 1797s
 137957 71505 8.5137e+11  220    1 8.5185e+11 8.5055e+11  0.15%   8.2 1801s
 138917 71739 8.5143e+11  250    2 8.5185e+11 8.5055e+11  0.15%   8.2 1805s
 139877 72205 8.5055e+11   43    1 8.5185e+11 8.5055e+11  0.15%   8.2 1810s
 140837 72716 8.5062e+11   73    1 8.5185e+11 8.5055e+11  0.15%   8.2 1817s
 141793 73282 8.5066e+11  103    2 8.5185e+11 8.5055e+11  0.15%   8.2 1824s
 142741 73793 8.5071e+11  133    1 8.5185e+11 8.5055e+11  0.15%   8.1 1829s
 143701 74138 8.5078e+11  163    1 8.5185e+11 8.5055e+11  0.15%   8.1 1834s
 144661 74394 8.5128e+11  193    1 8.5185e+11 8.5055e+11  0.15%   8.1 1839s
 145614 74700 8.5137e+11  223    1 8.5185e+11 8.5055e+11  0.15%   8.1 1848s
 146568 74885 8.5144e+11  253    2 8.5185e+11 8.5055e+11  0.15%   8.1 1854s
 147524 74592 8.5055e+11   45    1 8.5185e+11 8.5055e+11  0.15%   8.1 1921s
 147556 75329 8.5055e+11   46    1 8.5185e+11 8.5055e+11  0.15%   8.1 1929s
 148511 75813 8.5067e+11   76    2 8.5185e+11 8.5055e+11  0.15%   8.1 1937s
 149466 76262 8.5080e+11  105    1 8.5185e+11 8.5055e+11  0.15%   8.1 1943s
 150416 76819 8.5082e+11  130    1 8.5185e+11 8.5055e+11  0.15%   8.1 1949s
 151355 77275 8.5087e+11  157    1 8.5185e+11 8.5055e+11  0.15%   8.1 1953s
 152304 77542 8.5096e+11  182    1 8.5185e+11 8.5055e+11  0.15%   8.1 1958s
 153264 77896 8.5055e+11   39    1 8.5185e+11 8.5055e+11  0.15%   8.1 1964s
 154198 78356 8.5058e+11   69    1 8.5185e+11 8.5055e+11  0.15%   8.1 1969s
 155108 78769 8.5064e+11   99    2 8.5185e+11 8.5055e+11  0.15%   8.2 1974s
 156021 79206 8.5070e+11  129    1 8.5185e+11 8.5055e+11  0.15%   8.3 1979s
 156977 79560 8.5078e+11  159    1 8.5185e+11 8.5055e+11  0.15%   8.2 1984s
 157937 79790 8.5127e+11  189    1 8.5185e+11 8.5055e+11  0.15%   8.2 1988s
 158897 80094 8.5137e+11  219    1 8.5185e+11 8.5055e+11  0.15%   8.2 1994s
 159854 80445 8.5144e+11  249    2 8.5185e+11 8.5055e+11  0.15%   8.2 2001s
 160814 80760 8.5055e+11   39    1 8.5185e+11 8.5055e+11  0.15%   8.2 2008s
 161773 81137 8.5062e+11   69    2 8.5185e+11 8.5055e+11  0.15%   8.2 2015s
 162726 81614 8.5065e+11   97    3 8.5185e+11 8.5055e+11  0.15%   8.2 2020s
 163674 81330 8.5123e+11  124    1 8.5185e+11 8.5055e+11  0.15%   8.2 2074s
 163712 82086 8.5068e+11  122    1 8.5185e+11 8.5055e+11  0.15%   8.2 2081s
 164669 82598 8.5078e+11  148    1 8.5185e+11 8.5055e+11  0.15%   8.2 2086s
 165629 82306 8.5126e+11  173    1 8.5185e+11 8.5055e+11  0.15%   8.2 2128s
 165661 82975 8.5126e+11  174    1 8.5185e+11 8.5055e+11  0.15%   8.2 2134s
 165871 82905 8.5074e+11  149    1 8.5185e+11 8.5055e+11  0.15%   8.2 2135s
 167556 83517 8.5140e+11  232    1 8.5185e+11 8.5055e+11  0.15%   8.2 2144s
 168499 83909 8.5144e+11  258    1 8.5185e+11 8.5055e+11  0.15%   8.2 2149s
 169374 84307 8.5055e+11   54    1 8.5185e+11 8.5055e+11  0.15%   8.4 2154s
 170267 84840 8.5060e+11   84    1 8.5185e+11 8.5055e+11  0.15%   8.4 2159s
 171212 85663 8.5084e+11  114    1 8.5185e+11 8.5055e+11  0.15%   8.4 2166s
 172172 86484 8.5088e+11  143    1 8.5185e+11 8.5055e+11  0.15%   8.4 2174s
 173123 87216 8.5093e+11  171    1 8.5185e+11 8.5055e+11  0.15%   8.4 2181s
 174081 87912 8.5151e+11  198    2 8.5185e+11 8.5055e+11  0.15%   8.4 2186s
 175035 88641 8.5152e+11  223    1 8.5185e+11 8.5055e+11  0.15%   8.4 2196s
 175994 89315 8.5057e+11   66    1 8.5185e+11 8.5055e+11  0.15%   8.4 2201s
 176932 89722 8.5063e+11   92    1 8.5185e+11 8.5055e+11  0.15%   8.4 2220s
 177518 90514 8.5066e+11  107    1 8.5185e+11 8.5055e+11  0.15%   8.4 2225s
 178478 91294 8.5071e+11  137    1 8.5185e+11 8.5055e+11  0.15%   8.4 2230s
 180398 92580 8.5129e+11  193    1 8.5185e+11 8.5055e+11  0.15%   8.4 2239s
 181352 93293 8.5138e+11  222    1 8.5185e+11 8.5055e+11  0.15%   8.4 2243s
 182310 93980 8.5144e+11  251    1 8.5185e+11 8.5055e+11  0.15%   8.4 2248s
 183268 94714 8.5055e+11   42    1 8.5185e+11 8.5055e+11  0.15%   8.4 2252s
 184191 95375 8.5063e+11   72    1 8.5185e+11 8.5055e+11  0.15%   8.5 2256s
 185139 96089 8.5086e+11  102    1 8.5185e+11 8.5055e+11  0.15%   8.5 2261s
 186099 96796 8.5123e+11  130    1 8.5185e+11 8.5055e+11  0.15%   8.5 2265s
 188009 98256 8.5146e+11  186    1 8.5185e+11 8.5055e+11  0.15%   8.5 2273s
 188916 99024 8.5057e+11   48    1 8.5185e+11 8.5055e+11  0.15%   8.6 2278s
