Set parameter TokenServer to value "license-1.hpc.nrel.gov"
Set parameter TimeLimit to value 3600
Set parameter MIPGap to value 0.001
Set parameter MIPGap to value 0.001
Set parameter TimeLimit to value 3600
Gurobi Optimizer version 9.5.1 build v9.5.1rc2 (linux64)
Thread count: 36 physical cores, 36 logical processors, using up to 32 threads
Optimize a model with 293486 rows, 1201980 columns and 2462920 nonzeros
Model fingerprint: 0x3ec277da
Variable types: 1188044 continuous, 13936 integer (13936 binary)
Coefficient statistics:
  Matrix range     [3e-06, 1e+06]
  Objective range  [1e-01, 1e+07]
  Bounds range     [4e+04, 1e+08]
  RHS range        [1e-03, 2e+05]
Presolve removed 269098 rows and 251384 columns
Presolve time: 4.10s
Presolved: 24388 rows, 950596 columns, 1927724 nonzeros
Variable types: 947112 continuous, 3484 integer (3484 binary)

Deterministic concurrent LP optimizer: primal and dual simplex
Showing first log only...


Root simplex log...

Iteration    Objective       Primal Inf.    Dual Inf.      Time
       0    2.4295264e+06   7.400970e+05   6.507471e+11      8s
   70820    2.2549051e+06   2.462404e+04   1.215535e+11     10s
  116129    2.2669666e+06   1.798614e+04   2.016259e+11     15s
  169028    2.2812410e+06   1.223019e+04   1.024260e+11     20s
  220507    2.3432965e+06   4.359245e+03   7.325934e+10     25s
  257870    3.3043925e+09   0.000000e+00   1.595230e+09     29s
Concurrent spin time: 0.03s

Solved with dual simplex

Root relaxation: objective 2.709970e+09, 72601 iterations, 23.23 seconds (22.17 work units)

    Nodes    |    Current Node    |     Objective Bounds      |     Work
 Expl Unexpl |  Obj  Depth IntInf | Incumbent    BestBd   Gap | It/Node Time

     0     0 2.7100e+09    0  105          - 2.7100e+09      -     -   30s
H    0     0                    2.938030e+09 2.7100e+09  7.76%     -   31s
     0     0 2.7137e+09    0  171 2.9380e+09 2.7137e+09  7.64%     -   49s
H    0     0                    2.913918e+09 2.7137e+09  6.87%     -   51s
H    0     0                    2.913460e+09 2.7137e+09  6.86%     -   51s
     0     0 2.7139e+09    0  172 2.9135e+09 2.7139e+09  6.85%     -   62s
     0     0 2.7139e+09    0  174 2.9135e+09 2.7139e+09  6.85%     -   62s
     0     0 2.7139e+09    0  173 2.9135e+09 2.7139e+09  6.85%     -   63s
     0     0 2.7139e+09    0  173 2.9135e+09 2.7139e+09  6.85%     -   63s
     0     0 2.7139e+09    0  173 2.9135e+09 2.7139e+09  6.85%     -   64s
     0     0 2.7139e+09    0  173 2.9135e+09 2.7139e+09  6.85%     -   64s
     0     0 2.7139e+09    0  173 2.9135e+09 2.7139e+09  6.85%     -   64s
     0     0 2.7139e+09    0  173 2.9135e+09 2.7139e+09  6.85%     -   64s
     0     0 2.7147e+09    0  172 2.9135e+09 2.7147e+09  6.82%     -   87s
H    0     0                    2.907790e+09 2.7147e+09  6.64%     -   88s
H    0     0                    2.907545e+09 2.7147e+09  6.63%     -   88s
H    0     0                    2.731742e+09 2.7147e+09  0.62%     -   94s
     0     0 2.7148e+09    0  180 2.7317e+09 2.7148e+09  0.62%     -  101s
     0     0 2.7148e+09    0  182 2.7317e+09 2.7148e+09  0.62%     -  105s
     0     0 2.7148e+09    0  182 2.7317e+09 2.7148e+09  0.62%     -  107s
     0     0 2.7148e+09    0  185 2.7317e+09 2.7148e+09  0.62%     -  109s
     0     0 2.7149e+09    0  195 2.7317e+09 2.7149e+09  0.62%     -  143s
     0     0 2.7149e+09    0  199 2.7317e+09 2.7149e+09  0.62%     -  160s
     0     0 2.7151e+09    0  203 2.7317e+09 2.7151e+09  0.61%     -  171s
     0     0 2.7151e+09    0  201 2.7317e+09 2.7151e+09  0.61%     -  174s
     0     0 2.7153e+09    0  210 2.7317e+09 2.7153e+09  0.60%     -  249s
     0     0 2.7153e+09    0  198 2.7317e+09 2.7153e+09  0.60%     -  269s
     0     0 2.7153e+09    0  199 2.7317e+09 2.7153e+09  0.60%     -  278s
     0     0 2.7153e+09    0  202 2.7317e+09 2.7153e+09  0.60%     -  284s
     0     0 2.7153e+09    0  203 2.7317e+09 2.7153e+09  0.60%     -  286s
     0     0 2.7156e+09    0  209 2.7317e+09 2.7156e+09  0.59%     -  370s
     0     0 2.7156e+09    0  192 2.7317e+09 2.7156e+09  0.59%     -  398s
     0     0 2.7156e+09    0  201 2.7317e+09 2.7156e+09  0.59%     -  412s
     0     0 2.7156e+09    0  201 2.7317e+09 2.7156e+09  0.59%     -  425s
     0     0 2.7156e+09    0  212 2.7317e+09 2.7156e+09  0.59%     -  432s
     0     0 2.7156e+09    0  224 2.7317e+09 2.7156e+09  0.59%     -  436s
     0     0 2.7158e+09    0  214 2.7317e+09 2.7158e+09  0.58%     -  559s
     0     0 2.7159e+09    0  214 2.7317e+09 2.7159e+09  0.58%     -  617s
     0     0 2.7159e+09    0  229 2.7317e+09 2.7159e+09  0.58%     -  645s
     0     0 2.7159e+09    0  214 2.7317e+09 2.7159e+09  0.58%     -  661s
     0     0 2.7159e+09    0  199 2.7317e+09 2.7159e+09  0.58%     -  676s
     0     0 2.7159e+09    0  207 2.7317e+09 2.7159e+09  0.58%     -  682s
     0     0 2.7161e+09    0  204 2.7317e+09 2.7161e+09  0.57%     -  768s
     0     0 2.7162e+09    0  210 2.7317e+09 2.7162e+09  0.57%     -  805s
     0     0 2.7162e+09    0  216 2.7317e+09 2.7162e+09  0.57%     -  824s
     0     0 2.7162e+09    0  211 2.7317e+09 2.7162e+09  0.57%     -  838s
     0     0 2.7162e+09    0  219 2.7317e+09 2.7162e+09  0.57%     -  849s
     0     0 2.7162e+09    0  218 2.7317e+09 2.7162e+09  0.57%     -  859s
     0     0 2.7164e+09    0  212 2.7317e+09 2.7164e+09  0.56%     -  973s
     0     0 2.7164e+09    0  222 2.7317e+09 2.7164e+09  0.56%     - 1031s
     0     0 2.7164e+09    0  214 2.7317e+09 2.7164e+09  0.56%     - 1046s
     0     0 2.7164e+09    0  216 2.7317e+09 2.7164e+09  0.56%     - 1067s
     0     0 2.7164e+09    0  220 2.7317e+09 2.7164e+09  0.56%     - 1075s
     0     0 2.7165e+09    0  192 2.7317e+09 2.7165e+09  0.56%     - 1191s
     0     0 2.7165e+09    0  195 2.7317e+09 2.7165e+09  0.56%     - 1235s
     0     0 2.7165e+09    0  207 2.7317e+09 2.7165e+09  0.56%     - 1263s
     0     0 2.7165e+09    0  217 2.7317e+09 2.7165e+09  0.56%     - 1278s
     0     0 2.7165e+09    0  204 2.7317e+09 2.7165e+09  0.56%     - 1285s
     0     0 2.7165e+09    0  186 2.7317e+09 2.7165e+09  0.56%     - 1423s
     0     0 2.7165e+09    0  193 2.7317e+09 2.7165e+09  0.56%     - 1451s
     0     0 2.7165e+09    0  202 2.7317e+09 2.7165e+09  0.56%     - 1468s
     0     0 2.7165e+09    0  189 2.7317e+09 2.7165e+09  0.56%     - 1477s
     0     0 2.7165e+09    0  218 2.7317e+09 2.7165e+09  0.56%     - 1594s
     0     0 2.7165e+09    0  218 2.7317e+09 2.7165e+09  0.56%     - 1623s
H    0     0                    2.727946e+09 2.7165e+09  0.42%     - 1671s
H    0     0                    2.727887e+09 2.7165e+09  0.42%     - 1716s
     0     2 2.7165e+09    0  218 2.7279e+09 2.7165e+09  0.42%     - 1721s
     1     4 2.7178e+09    1  252 2.7279e+09 2.7165e+09  0.42% 12036 1818s
     3     8 2.7179e+09    2  246 2.7279e+09 2.7171e+09  0.40%  8570 1922s
     7    16 2.7179e+09    3  257 2.7279e+09 2.7172e+09  0.39%  9861 2021s
    15    30 2.7180e+09    4  248 2.7279e+09 2.7173e+09  0.39% 14043 2581s
    31    59 2.7184e+09    5  213 2.7279e+09 2.7175e+09  0.38% 25829 3600s

Cutting planes:
  Implied bound: 13554
  MIR: 112
  Flow cover: 2634
  Flow path: 1316
  Network: 2
  RLT: 128
  Relax-and-lift: 352

Explored 60 nodes (2375620 simplex iterations) in 3600.36 seconds (4227.80 work units)
Thread count was 32 (of 36 available processors)

Solution count 8: 2.72789e+09 2.72795e+09 2.73174e+09 ... 2.93803e+09

Time limit reached
Best objective 2.727887140862e+09, best bound 2.717502592520e+09, gap 0.3807%

User-callback calls 520599, time in user-callback 0.10 sec
Set parameter TokenServer to value "license-1.hpc.nrel.gov"
Set parameter TimeLimit to value 3600
Set parameter MIPGap to value 0.001
Set parameter MIPGap to value 0.001
Set parameter TimeLimit to value 3600
Gurobi Optimizer version 9.5.1 build v9.5.1rc2 (linux64)
Thread count: 36 physical cores, 36 logical processors, using up to 32 threads
Optimize a model with 293486 rows, 1201980 columns and 2462920 nonzeros
Model fingerprint: 0xf564007c
Coefficient statistics:
  Matrix range     [3e-06, 1e+06]
  Objective range  [1e-01, 1e+07]
  Bounds range     [1e+00, 1e+08]
  RHS range        [1e-03, 2e+05]

Concurrent LP optimizer: primal simplex, dual simplex, and barrier
Showing barrier log only...

Presolve removed 289681 rows and 1158341 columns
Presolve time: 1.05s
Presolved: 3805 rows, 43639 columns, 86957 nonzeros

Ordering time: 0.00s

Barrier statistics:
 AA' NZ     : 4.332e+04
 Factor NZ  : 6.218e+04 (roughly 20 MB of memory)
 Factor Ops : 1.334e+06 (less than 1 second per iteration)
 Threads    : 30

                  Objective                Residual
Iter       Primal          Dual         Primal    Dual     Compl     Time
   0   2.87460452e+12 -9.26389420e+10  9.28e+07 1.24e+02  2.14e+08     1s
   1   7.23373910e+11 -2.97476056e+10  2.33e+07 2.84e-13  5.45e+07     1s
   2   1.49530438e+11 -4.03660787e+09  4.73e+06 3.41e-12  1.12e+07     1s
   3   4.73130054e+09 -2.93845632e+08  5.15e+04 2.22e-12  1.96e+05     1s
   4   3.19090684e+09  1.95869099e+09  5.17e+03 4.55e-13  3.45e+04     1s
   5   2.96310154e+09  2.44379528e+09  9.43e+02 2.27e-13  1.26e+04     1s
   6   2.82848882e+09  2.61949283e+09  1.33e+02 1.14e-13  4.80e+03     1s
   7   2.78587962e+09  2.68112593e+09  6.14e+01 7.52e-14  2.39e+03     1s
   8   2.74902796e+09  2.70911879e+09  1.53e+01 6.52e-14  9.05e+02     1s
   9   2.73996809e+09  2.71824872e+09  7.50e+00 7.80e-14  4.91e+02     1s
  10   2.73326885e+09  2.72398741e+09  2.87e+00 1.14e-13  2.10e+02     1s
  11   2.72997258e+09  2.72571184e+09  9.58e-01 6.70e-14  9.62e+01     1s
  12   2.72875279e+09  2.72710486e+09  3.44e-01 6.06e-14  3.72e+01     1s
  13   2.72815466e+09  2.72755253e+09  9.42e-02 7.83e-14  1.36e+01     1s
  14   2.72794129e+09  2.72779253e+09  1.42e-02 6.00e-14  3.36e+00     1s
  15   2.72791141e+09  2.72785272e+09  6.03e-03 6.24e-14  1.32e+00     1s
  16   2.72789187e+09  2.72787341e+09  1.05e-03 6.45e-14  4.17e-01     1s
  17   2.72788847e+09  2.72788379e+09  1.77e-04 5.97e-14  1.06e-01     1s
  18   2.72788731e+09  2.72788658e+09  9.88e-06 6.10e-14  1.65e-02     1s
  19   2.72788716e+09  2.72788708e+09  5.94e-07 5.68e-14  1.80e-03     1s
  20   2.72788714e+09  2.72788714e+09  1.39e-08 1.14e-13  5.21e-05     1s
  21   2.72788714e+09  2.72788714e+09  3.02e-09 1.28e-13  5.31e-08     1s
  22   2.72788714e+09  2.72788714e+09  6.55e-11 9.95e-14  9.72e-13     1s

Barrier solved model in 22 iterations and 1.29 seconds (0.75 work units)
Optimal objective 2.72788714e+09

Crossover log...

      27 DPushes remaining with DInf 0.0000000e+00                 1s
       0 DPushes remaining with DInf 0.0000000e+00                 1s

     220 PPushes remaining with PInf 0.0000000e+00                 1s
       0 PPushes remaining with PInf 0.0000000e+00                 1s

  Push phase complete: Pinf 0.0000000e+00, Dinf 1.6882495e-11      1s

Iteration    Objective       Primal Inf.    Dual Inf.      Time
     250    2.7278871e+09   0.000000e+00   0.000000e+00      2s

Solved with primal simplex
Solved in 10167 iterations and 1.84 seconds (0.81 work units)
Optimal objective  2.727887141e+09

User-callback calls 462, time in user-callback 0.00 sec
[ Info:  started timer at: 2023-03-25T11:35:43.077
[ Info: Reading /projects/pvsoiling/RELOG/Recycling_cap_40209_5/input/solver/case.json...
[ Info:          134 collection centers
[ Info:          268 candidate plant locations
[ Info: Building graph...
[ Info:           26 time periods
[ Info:          268 process nodes
[ Info:         4288 shipping nodes (plant)
[ Info:          134 shipping nodes (collection)
[ Info:        40200 arcs
[ Info: Building optimization model...
[ Info: Optimizing MILP...
[ Info: Re-optimizing with integer variables fixed...
[ Info: Extracting solution...
[ Info:       3650.629599903s: 1 hour, 50 seconds, 629 milliseconds
