Set parameter TokenServer to value "license-1.hpc.nrel.gov"
Set parameter TimeLimit to value 3600
Set parameter MIPGap to value 0.001
Set parameter MIPGap to value 0.001
Set parameter TimeLimit to value 3600
Gurobi Optimizer version 9.5.1 build v9.5.1rc2 (linux64)
Thread count: 36 physical cores, 36 logical processors, using up to 32 threads
Optimize a model with 91884 rows, 1144312 columns and 2343626 nonzeros
Model fingerprint: 0x116ee4be
Variable types: 1128244 continuous, 16068 integer (16068 binary)
Coefficient statistics:
  Matrix range     [1e+00, 5e+04]
  Objective range  [3e-01, 1e+09]
  Bounds range     [5e+04, 1e+08]
  RHS range        [8e-01, 8e+05]
Warning: Model contains large objective coefficients
         Consider reformulating model or setting NumericFocus parameter
         to avoid numerical issues.
Presolve removed 78516 rows and 59104 columns (presolve time = 5s) ...
Presolve removed 78516 rows and 59104 columns
Presolve time: 5.83s
Presolved: 13368 rows, 1085208 columns, 2177523 nonzeros
Variable types: 1075320 continuous, 9888 integer (9888 binary)

Deterministic concurrent LP optimizer: primal and dual simplex
Showing first log only...


Root simplex log...

Iteration    Objective       Primal Inf.    Dual Inf.      Time
       0    4.3554231e+11   6.801034e+05   2.806926e+10      9s
  103854    4.6232318e+11   2.875195e+05   4.213082e+10     10s
  392912    5.2965570e+11   1.290819e+05   2.256145e+10     15s
Concurrent spin time: 0.00s

Solved with dual simplex

Root relaxation: objective 7.063794e+11, 102694 iterations, 10.70 seconds (8.20 work units)

    Nodes    |    Current Node    |     Objective Bounds      |     Work
 Expl Unexpl |  Obj  Depth IntInf | Incumbent    BestBd   Gap | It/Node Time

     0     0 7.0638e+11    0   21          - 7.0638e+11      -     -   19s
H    0     0                    7.086994e+11 7.0638e+11  0.33%     -   20s
     0     0 7.0638e+11    0   23 7.0870e+11 7.0638e+11  0.33%     -   24s
H    0     0                    7.080698e+11 7.0638e+11  0.24%     -   26s
     0     0 7.0638e+11    0   23 7.0807e+11 7.0638e+11  0.24%     -   27s
     0     0 7.0638e+11    0   15 7.0807e+11 7.0638e+11  0.24%     -   29s
H    0     0                    7.078604e+11 7.0638e+11  0.21%     -   30s
     0     0 7.0638e+11    0   15 7.0786e+11 7.0638e+11  0.21%     -   31s
     0     0 7.0638e+11    0   15 7.0786e+11 7.0638e+11  0.21%     -   33s
     0     0 7.0638e+11    0   15 7.0786e+11 7.0638e+11  0.21%     -   35s
     0     0 7.0638e+11    0   15 7.0786e+11 7.0638e+11  0.21%     -   37s
     0     0 7.0638e+11    0   15 7.0786e+11 7.0638e+11  0.21%     -   44s
H    0     0                    7.078586e+11 7.0638e+11  0.21%     -   48s
     0     2 7.0638e+11    0   15 7.0786e+11 7.0638e+11  0.21%     -   54s
     1     4 7.0638e+11    1   21 7.0786e+11 7.0638e+11  0.21%  71.0   55s
H   31    64                    7.078586e+11 7.0638e+11  0.21%  94.9   65s
H   32    64                    7.078585e+11 7.0638e+11  0.21%  92.8   65s
H   34    64                    7.078572e+11 7.0638e+11  0.21%  89.4   65s
H   95   128                    7.078572e+11 7.0638e+11  0.21%  83.8  127s
H  111   128                    7.078571e+11 7.0638e+11  0.21%  81.3  127s
   127   160 7.0638e+11    8   18 7.0786e+11 7.0638e+11  0.21%  77.6  225s
   224   425 7.0638e+11   11   18 7.0786e+11 7.0638e+11  0.21%  63.6  234s
   424  1038 7.0638e+11   17   15 7.0786e+11 7.0638e+11  0.21%  52.2  254s
  1037  1936 7.0640e+11   38   15 7.0786e+11 7.0638e+11  0.21%  58.1  279s
  1935  2365 7.0641e+11   64   12 7.0786e+11 7.0638e+11  0.21%  52.5  328s
  2364  3226 7.0640e+11   64   12 7.0786e+11 7.0638e+11  0.21%  48.0  351s
  3225  4069 7.0642e+11   91   17 7.0786e+11 7.0638e+11  0.21%  44.8  370s
  4075  4861 7.0643e+11  120   10 7.0786e+11 7.0638e+11  0.21%  42.1  391s
  4922  4950 7.0643e+11  149   10 7.0786e+11 7.0638e+11  0.21%  39.4  423s
  5018  5730 7.0643e+11  152   10 7.0786e+11 7.0638e+11  0.21%  39.0  447s
  5880  6541 7.0643e+11  181   10 7.0786e+11 7.0638e+11  0.21%  35.9  462s
  6733  7397 7.0644e+11  210   10 7.0786e+11 7.0638e+11  0.21%  33.7  476s
  7589  8246 7.0644e+11  239   18 7.0786e+11 7.0638e+11  0.21%  31.7  490s
  8438  9102 7.0645e+11  268   10 7.0786e+11 7.0638e+11  0.21%  30.6  500s
  9294  9960 7.0646e+11  297   11 7.0786e+11 7.0638e+11  0.21%  29.8  510s
 10152 10821 7.0646e+11  326   10 7.0786e+11 7.0638e+11  0.21%  28.5  526s
 11062 11674 7.0647e+11  355   11 7.0786e+11 7.0638e+11  0.21%  27.0  539s
 11638 11674 7.0763e+11  142   10 7.0786e+11 7.0638e+11  0.21%  26.1  540s
 11937 12592 7.0648e+11  384   10 7.0786e+11 7.0638e+11  0.21%  25.8  556s
 12865 13454 7.0649e+11  413   11 7.0786e+11 7.0638e+11  0.21%  25.0  569s
 13793 14218 7.0650e+11  442   12 7.0786e+11 7.0638e+11  0.21%  24.2  583s
 14714 14219 7.0657e+11   91   15 7.0786e+11 7.0638e+11  0.21%  24.1  634s
 14715 14220 7.0642e+11   21   15 7.0786e+11 7.0638e+11  0.21%  24.1  635s
 14716 14220 7.0695e+11  453   21 7.0786e+11 7.0638e+11  0.21%  24.1  656s
 14718 14222 7.0658e+11  160   15 7.0786e+11 7.0638e+11  0.21%  24.1  662s
 14720 14223 7.0662e+11   63   13 7.0786e+11 7.0638e+11  0.21%  24.1  667s
 14721 14224 7.0695e+11  392   13 7.0786e+11 7.0638e+11  0.21%  24.1  671s
 14723 14225 7.0643e+11   23   13 7.0786e+11 7.0638e+11  0.21%  24.1  676s
 14725 14226 7.0748e+11  432   15 7.0786e+11 7.0638e+11  0.21%  24.1  683s
 14726 14227 7.0668e+11  232   15 7.0786e+11 7.0638e+11  0.21%  24.1  686s
 14729 14229 7.0732e+11  322   15 7.0786e+11 7.0638e+11  0.21%  24.1  692s
 14730 14230 7.0685e+11  105   15 7.0786e+11 7.0638e+11  0.21%  24.1  695s
 14732 14231 7.0650e+11  106   15 7.0786e+11 7.0638e+11  0.21%  24.1  715s
 14735 14238 7.0638e+11   13   21 7.0786e+11 7.0638e+11  0.21%  30.9  721s
 14747 14258 7.0638e+11   15   22 7.0786e+11 7.0638e+11  0.21%  30.9  725s
 14763 14285 7.0638e+11   16   22 7.0786e+11 7.0638e+11  0.21%  30.9  730s
 14827 14327 7.0639e+11   17   22 7.0786e+11 7.0638e+11  0.21%  30.9  921s
 14859 14349 7.0639e+11   18   21 7.0786e+11 7.0638e+11  0.21%  30.9 1013s
 14923 14421 7.0639e+11   19   22 7.0786e+11 7.0638e+11  0.21%  31.0 1017s
 14985 14456 7.0640e+11   20   22 7.0786e+11 7.0638e+11  0.21%  31.2 1043s
 15040 14815 7.0640e+11   21   22 7.0786e+11 7.0638e+11  0.21%  31.2 1056s
 15418 15313 7.0640e+11   27   28 7.0786e+11 7.0638e+11  0.21%  31.3 1074s
 16042 15602 7.0641e+11   43   22 7.0786e+11 7.0638e+11  0.21%  31.9 1111s
 16539 16360 7.0641e+11   67   17 7.0786e+11 7.0638e+11  0.21%  32.7 1132s
 17486 16914 7.0641e+11   82   17 7.0786e+11 7.0638e+11  0.21%  33.0 1152s
 18356 17537 7.0642e+11   97   17 7.0786e+11 7.0638e+11  0.21%  33.1 1170s
 19269 18118 7.0642e+11  113   28 7.0786e+11 7.0638e+11  0.21%  33.5 1185s
 20168 18655 7.0655e+11  131   21 7.0786e+11 7.0638e+11  0.21%  33.5 1205s
 21068 19177 7.0657e+11  152   15 7.0786e+11 7.0638e+11  0.21%  33.0 1221s
 21949 19758 7.0643e+11  178   16 7.0786e+11 7.0638e+11  0.21%  32.8 1240s
 22874 20280 7.0644e+11  203   16 7.0786e+11 7.0638e+11  0.21%  32.3 1257s
 23745 20896 7.0644e+11  233   15 7.0786e+11 7.0638e+11  0.21%  31.6 1276s
 24687 21483 7.0645e+11  263   16 7.0786e+11 7.0638e+11  0.21%  30.9 1292s
 25647 22004 7.0646e+11  293   16 7.0786e+11 7.0638e+11  0.21%  30.1 1309s
 26503 22620 7.0647e+11  323   15 7.0786e+11 7.0638e+11  0.21%  29.6 1320s
 27448 23178 7.0648e+11  353   16 7.0786e+11 7.0638e+11  0.21%  29.1 1334s
 28398 23626 7.0649e+11  382   14 7.0786e+11 7.0638e+11  0.21%  30.6 1344s
 29342 23882 infeasible  407      7.0786e+11 7.0638e+11  0.21%  33.4 1367s
 30302 24296 7.0732e+11  422   22 7.0786e+11 7.0638e+11  0.21%  35.9 1376s
 31206 24676 7.0744e+11  439   13 7.0786e+11 7.0638e+11  0.21%  37.5 1386s
 32045 25035 7.0760e+11  455   15 7.0786e+11 7.0638e+11  0.21%  39.8 1396s
 32911 24771 7.0771e+11  472   13 7.0786e+11 7.0638e+11  0.21%  41.3 1442s
 32946 25480     cutoff  472      7.0786e+11 7.0638e+11  0.21%  41.4 1452s
 33858 26003 7.0638e+11   21   13 7.0786e+11 7.0638e+11  0.21%  42.8 1462s
 34750 26502 7.0639e+11   36   13 7.0786e+11 7.0638e+11  0.21%  44.0 1471s
 35619 27036 7.0639e+11   49   13 7.0786e+11 7.0638e+11  0.21%  45.4 1479s
 36521 27570 7.0641e+11   63   13 7.0786e+11 7.0638e+11  0.21%  46.6 1488s
 37436 28059 7.0641e+11   78   19 7.0786e+11 7.0638e+11  0.21%  47.3 1498s
 38323 28439 7.0641e+11   89   18 7.0786e+11 7.0638e+11  0.21%  47.8 1532s
 39084 29052 7.0642e+11  103   12 7.0786e+11 7.0638e+11  0.21%  47.9 1540s
 40021 29606 7.0642e+11  127   16 7.0786e+11 7.0638e+11  0.21%  47.7 1547s
 40950 30183 7.0657e+11  154   10 7.0786e+11 7.0638e+11  0.21%  47.4 1555s
 41902 30778 7.0659e+11  180   10 7.0786e+11 7.0638e+11  0.21%  47.0 1561s
 42862 31385 7.0643e+11  206   11 7.0786e+11 7.0638e+11  0.21%  46.4 1567s
 43819 31959 7.0644e+11  236   10 7.0786e+11 7.0638e+11  0.21%  45.7 1573s
 44774 32464 7.0645e+11  266   10 7.0786e+11 7.0638e+11  0.21%  44.9 1580s
 45729 32954 7.0645e+11  296   10 7.0786e+11 7.0638e+11  0.21%  44.4 1586s
 46689 33359 7.0646e+11  326   10 7.0786e+11 7.0638e+11  0.21%  44.3 1593s
 47623 33692 7.0647e+11  356   11 7.0786e+11 7.0638e+11  0.21%  44.6 1600s
 48558 33981 7.0649e+11  386   10 7.0786e+11 7.0638e+11  0.21%  45.1 1607s
 49503 34289 7.0715e+11  412   16 7.0786e+11 7.0638e+11  0.21%  45.6 1614s
 50437 34643 7.0740e+11  434   14 7.0786e+11 7.0638e+11  0.21%  46.3 1621s
 51392 35010 7.0756e+11  456   21 7.0786e+11 7.0638e+11  0.21%  46.7 1627s
 52340 35407 7.0766e+11  471   19 7.0786e+11 7.0638e+11  0.21%  47.1 1633s
 53243 35928 7.0638e+11   27   17 7.0786e+11 7.0638e+11  0.21%  47.5 1639s
 54136 36521 7.0648e+11   57   13 7.0786e+11 7.0638e+11  0.21%  47.6 1646s
 55057 37062 7.0674e+11   82   17 7.0786e+11 7.0638e+11  0.21%  47.6 1652s
 55938 37620 7.0690e+11   95   13 7.0786e+11 7.0638e+11  0.21%  47.6 1658s
 56803 37363 7.0776e+11  104   11 7.0786e+11 7.0638e+11  0.21%  47.7 1708s
 56835 38164 7.0693e+11  103   14 7.0786e+11 7.0638e+11  0.21%  47.7 1719s
 57663 38824 7.0697e+11  113   14 7.0786e+11 7.0638e+11  0.21%  47.6 1726s
 58531 38825 7.0655e+11  116   15 7.0786e+11 7.0638e+11  0.21%  47.4 2050s
 58533 38826 7.0652e+11  166   21 7.0786e+11 7.0638e+11  0.21%  47.4 2074s
 58534 38827 7.0653e+11  124   18 7.0786e+11 7.0638e+11  0.21%  47.4 2077s
 58535 38828 7.0648e+11  116   13 7.0786e+11 7.0638e+11  0.21%  47.4 2080s
 58537 38829 7.0658e+11  199   13 7.0786e+11 7.0638e+11  0.21%  47.4 2092s
 58538 38830 7.0673e+11  263   13 7.0786e+11 7.0638e+11  0.21%  47.4 2103s
 58539 38830 7.0672e+11  194   11 7.0786e+11 7.0638e+11  0.21%  47.3 2115s
 58540 38831 7.0669e+11  258   11 7.0786e+11 7.0638e+11  0.21%  47.3 2128s
 58541 38832 7.0781e+11  243   11 7.0786e+11 7.0638e+11  0.21%  47.3 2139s
 58542 38832 7.0699e+11  379   11 7.0786e+11 7.0638e+11  0.21%  47.3 2212s
 58543 38836 7.0638e+11   22   11 7.0786e+11 7.0638e+11  0.21%  49.0 2217s
 58549 38846 7.0638e+11   24   12 7.0786e+11 7.0638e+11  0.21%  49.0 2220s
 58573 38886 7.0638e+11   26   12 7.0786e+11 7.0638e+11  0.21%  48.9 2261s
 58637 38929 7.0639e+11   27   16 7.0786e+11 7.0638e+11  0.21%  48.9 2391s
 58669 38950 7.0640e+11   28   16 7.0786e+11 7.0638e+11  0.21%  48.9 2638s
 58701 38971 7.0639e+11   28   16 7.0786e+11 7.0638e+11  0.21%  48.9 2719s
 58733 39025 7.0639e+11   29   17 7.0786e+11 7.0638e+11  0.21%  49.0 2722s
 58797 39227 7.0640e+11   30   16 7.0786e+11 7.0638e+11  0.21%  49.0 2735s
 59021 39664 7.0646e+11   33   16 7.0786e+11 7.0638e+11  0.21%  48.9 2757s
 59532 39778 7.0640e+11   45   24 7.0786e+11 7.0638e+11  0.21%  48.9 2780s
 59817 40149 7.0650e+11   57   16 7.0786e+11 7.0638e+11  0.21%  48.9 2797s
 60285 40591 7.0640e+11   68   12 7.0786e+11 7.0638e+11  0.21%  48.9 2814s
 60903 41118 7.0641e+11   83   15 7.0786e+11 7.0638e+11  0.21%  49.0 2840s
 61658 41748 7.0645e+11   99   23 7.0786e+11 7.0638e+11  0.21%  49.0 2861s
 62570 42305 7.0653e+11  117   14 7.0786e+11 7.0638e+11  0.21%  48.7 2883s
 63466 42873 7.0656e+11  138   14 7.0786e+11 7.0638e+11  0.21%  48.5 2905s
 64363 43218 7.0642e+11  160   15 7.0786e+11 7.0638e+11  0.21%  48.2 2952s
 65007 43842 7.0642e+11  184   15 7.0786e+11 7.0638e+11  0.21%  47.8 2974s
 65880 44410 7.0643e+11  213   14 7.0786e+11 7.0638e+11  0.21%  47.4 2993s
 66776 44990 7.0644e+11  243   15 7.0786e+11 7.0638e+11  0.21%  47.2 3014s
 67665 45578 7.0645e+11  273   20 7.0786e+11 7.0638e+11  0.21%  46.8 3030s
 68554 46170 7.0646e+11  303   15 7.0786e+11 7.0638e+11  0.21%  46.4 3044s
 69455 46747 7.0646e+11  333   15 7.0786e+11 7.0638e+11  0.21%  46.2 3057s
 70349 46846 7.0648e+11  363   14 7.0786e+11 7.0638e+11  0.21%  46.0 3099s
 70783 46790 7.0648e+11  364   14 7.0786e+11 7.0638e+11  0.21%  46.2 3125s
 70879 47574 7.0648e+11  367   13 7.0786e+11 7.0638e+11  0.21%  46.2 3146s
 71838 48039 7.0713e+11  395   14 7.0786e+11 7.0638e+11  0.21%  46.7 3158s
 72798 48390 infeasible  410      7.0786e+11 7.0638e+11  0.21%  47.7 3171s
 73758 48869 7.0730e+11  428   28 7.0786e+11 7.0638e+11  0.21%  48.5 3184s
 74717 49295 infeasible  446      7.0786e+11 7.0638e+11  0.21%  49.0 3195s
 75659 49733 7.0756e+11  465   20 7.0786e+11 7.0638e+11  0.21%  49.5 3205s
 76614 50248     cutoff  482      7.0786e+11 7.0638e+11  0.21%  49.8 3215s
 77567 50824 7.0640e+11   44   11 7.0786e+11 7.0638e+11  0.21%  49.8 3225s
 78519 51409 7.0641e+11   74   16 7.0786e+11 7.0638e+11  0.21%  49.6 3236s
 79475 51997 7.0641e+11  104   16 7.0786e+11 7.0638e+11  0.21%  49.4 3246s
 80419 51841 7.0641e+11  134   11 7.0786e+11 7.0638e+11  0.21%  49.3 3294s
 80578 52677 7.0641e+11  154   11 7.0786e+11 7.0638e+11  0.21%  49.2 3305s
 81509 53228 7.0642e+11  184   11 7.0786e+11 7.0638e+11  0.21%  49.1 3315s
 82465 53769 7.0643e+11  214   10 7.0786e+11 7.0638e+11  0.21%  48.9 3325s
 83419 54297 7.0644e+11  244   11 7.0786e+11 7.0638e+11  0.21%  48.6 3336s
 84370 54837 7.0644e+11  274   10 7.0786e+11 7.0638e+11  0.21%  48.4 3344s
 85319 55349 7.0645e+11  304   10 7.0786e+11 7.0638e+11  0.21%  48.3 3351s
 86269 55863 7.0645e+11  334   10 7.0786e+11 7.0638e+11  0.21%  48.5 3357s
 87217 56353 7.0647e+11  364    9 7.0786e+11 7.0638e+11  0.21%  48.8 3364s
 88175 56917 7.0648e+11  394   10 7.0786e+11 7.0638e+11  0.21%  48.9 3378s
 89135 57452 7.0729e+11  423   40 7.0786e+11 7.0638e+11  0.21%  48.9 3386s
 90056 58031 7.0747e+11  449   20 7.0786e+11 7.0638e+11  0.21%  48.8 3392s
 90971 58575 7.0767e+11  475   33 7.0786e+11 7.0638e+11  0.21%  48.8 3399s
 91873 59214 7.0639e+11   40   17 7.0786e+11 7.0638e+11  0.21%  48.7 3404s
 92815 59794 7.0649e+11   70   15 7.0786e+11 7.0638e+11  0.21%  48.4 3411s
 93714 60309 7.0715e+11   90   13 7.0786e+11 7.0638e+11  0.21%  48.2 3420s
 94566 60941 7.0750e+11  110    9 7.0786e+11 7.0638e+11  0.21%  48.0 3427s
 95486 61553 7.0753e+11  137    9 7.0786e+11 7.0638e+11  0.21%  47.7 3433s
 96417 62115 7.0754e+11  167   32 7.0786e+11 7.0638e+11  0.21%  47.5 3440s
 97298 62665 7.0756e+11  192   13 7.0786e+11 7.0638e+11  0.21%  47.4 3468s
 98160 63224 7.0757e+11  221   15 7.0786e+11 7.0638e+11  0.21%  47.2 3475s
 99090 63706 7.0766e+11  251   16 7.0786e+11 7.0638e+11  0.21%  47.1 3481s
 99977 64139 7.0771e+11  281   18 7.0786e+11 7.0638e+11  0.21%  47.3 3488s
 100819 63888 7.0775e+11  311   23 7.0786e+11 7.0638e+11  0.21%  47.7 3533s
 100851 64636 7.0775e+11  312   16 7.0786e+11 7.0638e+11  0.21%  47.8 3540s
 101714 65015 7.0782e+11  342   23 7.0786e+11 7.0638e+11  0.21%  48.2 3547s
 102555 65542 7.0639e+11   37   17 7.0786e+11 7.0638e+11  0.21%  48.7 3555s
 103394 66086 7.0661e+11   48   23 7.0786e+11 7.0638e+11  0.21%  49.0 3563s
 104275 66635 7.0686e+11   60   17 7.0786e+11 7.0638e+11  0.21%  49.2 3571s
 105152 67164 7.0725e+11   71   14 7.0786e+11 7.0638e+11  0.21%  49.3 3579s
 105989 67650 7.0728e+11   76   15 7.0786e+11 7.0638e+11  0.21%  49.4 3586s
 106840 68088 7.0760e+11   88   17 7.0786e+11 7.0638e+11  0.21%  49.5 3594s
 107729 68471 7.0769e+11   93   12 7.0786e+11 7.0638e+11  0.21%  49.4 3600s

Cutting planes:
  Lift-and-project: 26
  Implied bound: 62
  MIR: 56
  Flow cover: 19
  Relax-and-lift: 67

Explored 108580 nodes (5460244 simplex iterations) in 3600.41 seconds (2455.44 work units)
Thread count was 32 (of 36 available processors)

Solution count 4: 7.07857e+11 7.07857e+11 7.0807e+11 7.08699e+11 

Time limit reached
Best objective 7.078571188121e+11, best bound 7.063820403608e+11, gap 0.2084%

User-callback calls 1104222, time in user-callback 0.64 sec
Set parameter TokenServer to value "license-1.hpc.nrel.gov"
Set parameter TimeLimit to value 3600
Set parameter MIPGap to value 0.001
Set parameter MIPGap to value 0.001
Set parameter TimeLimit to value 3600
Gurobi Optimizer version 9.5.1 build v9.5.1rc2 (linux64)
Thread count: 36 physical cores, 36 logical processors, using up to 32 threads
Optimize a model with 91884 rows, 1144312 columns and 2343626 nonzeros
Model fingerprint: 0x425b1673
Coefficient statistics:
  Matrix range     [1e+00, 5e+04]
  Objective range  [3e-01, 1e+09]
  Bounds range     [1e+00, 1e+08]
  RHS range        [8e-01, 8e+05]
Warning: Model contains large objective coefficients
         Consider reformulating model or setting NumericFocus parameter
         to avoid numerical issues.

Concurrent LP optimizer: primal simplex, dual simplex, and barrier
Showing barrier log only...

Presolve removed 85364 rows and 734304 columns
Presolve time: 1.32s
Presolved: 6520 rows, 410008 columns, 816976 nonzeros

Ordering time: 0.01s

Barrier statistics:
 AA' NZ     : 4.070e+05
 Factor NZ  : 7.783e+05 (roughly 170 MB of memory)
 Factor Ops : 1.227e+08 (less than 1 second per iteration)
 Threads    : 30

                  Objective                Residual
Iter       Primal          Dual         Primal    Dual     Compl     Time
   0   1.90800405e+12  3.53268781e+11  2.10e+06 2.46e+02  3.84e+07     2s
   1   7.64053717e+11  5.02768355e+11  7.17e+04 2.03e-12  1.75e+06     2s
   2   7.21963640e+11  6.36916274e+11  1.93e+03 7.59e-11  2.32e+05     2s
   3   7.18689903e+11  6.76574020e+11  6.10e+02 3.59e-11  1.08e+05     2s
   4   7.16403753e+11  6.96528765e+11  2.85e+02 1.41e-11  5.03e+04     2s
   5   7.14084100e+11  7.01365606e+11  1.29e+02 9.55e-12  3.16e+04     2s
   6   7.12976854e+11  7.03338588e+11  8.75e+01 7.73e-12  2.38e+04     2s
   7   7.12519122e+11  7.04781752e+11  7.67e+01 5.91e-12  1.91e+04     2s
   8   7.11524640e+11  7.06280997e+11  5.60e+01 3.18e-12  1.29e+04     2s
   9   7.10717581e+11  7.06752780e+11  4.02e+01 2.27e-12  9.71e+03     2s
  10   7.09556866e+11  7.07223096e+11  2.11e+01 1.99e-12  5.69e+03     2s
  11   7.08943218e+11  7.07476620e+11  1.24e+01 1.96e-12  3.57e+03     2s

Barrier performed 11 iterations in 2.06 seconds (1.27 work units)
Barrier solve interrupted - model solved by another algorithm


Solved with primal simplex
Solved in 69763 iterations and 2.07 seconds (1.21 work units)
Optimal objective  7.078571188e+11

User-callback calls 137, time in user-callback 0.00 sec
[ Info:  started timer at: 2023-03-29T19:15:46.928
[ Info: Reading /projects/pvsoiling/RELOG/Manufacturing_cap_NAICS_05/input/solver/case.json...
[ Info:          134 collection centers
[ Info:          309 candidate plant locations
[ Info: Building graph...
[ Info:           26 time periods
[ Info:          309 process nodes
[ Info:          309 shipping nodes (plant)
[ Info:          134 shipping nodes (collection)
[ Info:        41715 arcs
[ Info: Building optimization model...
[ Info: Optimizing MILP...
[ Info: Re-optimizing with integer variables fixed...
[ Info: Extracting solution...
[ Info:       3652.805985898s: 1 hour, 52 seconds, 805 milliseconds
