Set parameter TokenServer to value "license-1.hpc.nrel.gov"
Set parameter TimeLimit to value 3600
Set parameter MIPGap to value 0.001
Set parameter MIPGap to value 0.001
Set parameter TimeLimit to value 3600
Gurobi Optimizer version 9.5.1 build v9.5.1rc2 (linux64)
Thread count: 36 physical cores, 36 logical processors, using up to 32 threads
Optimize a model with 293486 rows, 1201980 columns and 2462920 nonzeros
Model fingerprint: 0x3dd85274
Variable types: 1188044 continuous, 13936 integer (13936 binary)
Coefficient statistics:
  Matrix range     [3e-06, 1e+06]
  Objective range  [1e-01, 6e+06]
  Bounds range     [7e+03, 1e+08]
  RHS range        [1e-03, 2e+05]
Presolve removed 269098 rows and 251384 columns
Presolve time: 4.13s
Presolved: 24388 rows, 950596 columns, 1924240 nonzeros
Variable types: 947112 continuous, 3484 integer (3484 binary)

Deterministic concurrent LP optimizer: primal and dual simplex
Showing first log only...


Root simplex log...

Iteration    Objective       Primal Inf.    Dual Inf.      Time
       0    2.9800494e+06   8.604375e+05   7.469246e+11      8s
   88562    2.2043978e+09   0.000000e+00   6.638627e+08     10s
  184056    2.0119409e+09   0.000000e+00   2.201753e+08     15s
  275533    2.0075965e+09   0.000000e+00   0.000000e+00     20s
Concurrent spin time: 0.96s

Solved with primal simplex

Root relaxation: objective 2.007597e+09, 275533 iterations, 14.81 seconds (15.12 work units)

    Nodes    |    Current Node    |     Objective Bounds      |     Work
 Expl Unexpl |  Obj  Depth IntInf | Incumbent    BestBd   Gap | It/Node Time

     0     0 2.0076e+09    0  330          - 2.0076e+09      -     -   23s
H    0     0                    2.104780e+09 2.0076e+09  4.62%     -   24s
H    0     0                    2.086414e+09 2.0076e+09  3.78%     -   27s
H    0     0                    2.023338e+09 2.0076e+09  0.78%     -   30s
H    0     0                    2.022017e+09 2.0076e+09  0.71%     -   31s
     0     0 2.0080e+09    0  419 2.0220e+09 2.0080e+09  0.69%     -   41s
     0     0 2.0081e+09    0  410 2.0220e+09 2.0081e+09  0.69%     -   51s
     0     0 2.0081e+09    0  414 2.0220e+09 2.0081e+09  0.69%     -   55s
     0     0 2.0081e+09    0  414 2.0220e+09 2.0081e+09  0.69%     -   56s
     0     0 2.0081e+09    0  413 2.0220e+09 2.0081e+09  0.69%     -   57s
     0     0 2.0084e+09    0  409 2.0220e+09 2.0084e+09  0.67%     -   94s
     0     0 2.0085e+09    0  432 2.0220e+09 2.0085e+09  0.67%     -  118s
     0     0 2.0085e+09    0  446 2.0220e+09 2.0085e+09  0.67%     -  129s
     0     0 2.0085e+09    0  452 2.0220e+09 2.0085e+09  0.67%     -  138s
     0     0 2.0085e+09    0  454 2.0220e+09 2.0085e+09  0.67%     -  141s
     0     0 2.0085e+09    0  457 2.0220e+09 2.0085e+09  0.67%     -  145s
     0     0 2.0085e+09    0  463 2.0220e+09 2.0085e+09  0.67%     -  147s
     0     0 2.0085e+09    0  460 2.0220e+09 2.0085e+09  0.67%     -  149s
     0     0 2.0087e+09    0  483 2.0220e+09 2.0087e+09  0.66%     -  233s
     0     0 2.0087e+09    0  494 2.0220e+09 2.0087e+09  0.66%     -  294s
     0     0 2.0087e+09    0  490 2.0220e+09 2.0087e+09  0.66%     -  316s
     0     0 2.0087e+09    0  503 2.0220e+09 2.0087e+09  0.66%     -  332s
     0     0 2.0087e+09    0  494 2.0220e+09 2.0087e+09  0.66%     -  347s
     0     0 2.0087e+09    0  493 2.0220e+09 2.0087e+09  0.66%     -  352s
     0     0 2.0090e+09    0  466 2.0220e+09 2.0090e+09  0.65%     -  547s
H    0     0                    2.021065e+09 2.0090e+09  0.60%     -  591s
     0     0 2.0090e+09    0  467 2.0211e+09 2.0090e+09  0.60%     -  649s
     0     0 2.0090e+09    0  467 2.0211e+09 2.0090e+09  0.60%     -  682s
     0     0 2.0090e+09    0  477 2.0211e+09 2.0090e+09  0.60%     -  713s
     0     0 2.0090e+09    0  474 2.0211e+09 2.0090e+09  0.60%     -  736s
     0     0 2.0090e+09    0  473 2.0211e+09 2.0090e+09  0.60%     -  748s
     0     0 2.0090e+09    0  476 2.0211e+09 2.0090e+09  0.60%     -  755s
     0     0 2.0092e+09    0  458 2.0211e+09 2.0092e+09  0.59%     - 1153s
     0     0 2.0092e+09    0  478 2.0211e+09 2.0092e+09  0.59%     - 1260s
     0     0 2.0092e+09    0  469 2.0211e+09 2.0092e+09  0.59%     - 1346s
     0     0 2.0092e+09    0  478 2.0211e+09 2.0092e+09  0.59%     - 1388s
     0     0 2.0092e+09    0  472 2.0211e+09 2.0092e+09  0.59%     - 1420s
     0     0 2.0092e+09    0  470 2.0211e+09 2.0092e+09  0.59%     - 1448s
     0     0 2.0092e+09    0  466 2.0211e+09 2.0092e+09  0.59%     - 1456s
     0     0 2.0093e+09    0  509 2.0211e+09 2.0093e+09  0.58%     - 1724s
H    0     0                    2.019060e+09 2.0093e+09  0.48%     - 1732s
     0     0 2.0093e+09    0  507 2.0191e+09 2.0093e+09  0.48%     - 1888s
     0     0 2.0094e+09    0  518 2.0191e+09 2.0094e+09  0.48%     - 1955s
     0     0 2.0094e+09    0  533 2.0191e+09 2.0094e+09  0.48%     - 2005s
     0     0 2.0094e+09    0  524 2.0191e+09 2.0094e+09  0.48%     - 2032s
     0     0 2.0094e+09    0  524 2.0191e+09 2.0094e+09  0.48%     - 2051s
     0     0 2.0094e+09    0  524 2.0191e+09 2.0094e+09  0.48%     - 2060s
     0     0 2.0095e+09    0  520 2.0191e+09 2.0095e+09  0.48%     - 2386s
     0     0 2.0095e+09    0  538 2.0191e+09 2.0095e+09  0.48%     - 2550s
     0     0 2.0095e+09    0  554 2.0191e+09 2.0095e+09  0.47%     - 2636s
     0     0 2.0095e+09    0  534 2.0191e+09 2.0095e+09  0.47%     - 2692s
     0     0 2.0095e+09    0  531 2.0191e+09 2.0095e+09  0.47%     - 2723s
     0     0 2.0095e+09    0  532 2.0191e+09 2.0095e+09  0.47%     - 2744s
     0     0          -    0      2.0191e+09 2.0095e+09  0.47%     - 3600s

Cutting planes:
  Implied bound: 7329
  MIR: 97
  Flow cover: 2054
  Flow path: 960
  Network: 16
  RLT: 125
  Relax-and-lift: 364

Explored 1 nodes (548121 simplex iterations) in 3600.10 seconds (4375.52 work units)
Thread count was 32 (of 36 available processors)

Solution count 5: 2.01906e+09 2.02106e+09 2.02334e+09 ... 2.10478e+09

Time limit reached
Best objective 2.019060292731e+09, best bound 2.009488669871e+09, gap 0.4741%

User-callback calls 28103, time in user-callback 0.03 sec
Set parameter TokenServer to value "license-1.hpc.nrel.gov"
Set parameter TimeLimit to value 3600
Set parameter MIPGap to value 0.001
Set parameter MIPGap to value 0.001
Set parameter TimeLimit to value 3600
Gurobi Optimizer version 9.5.1 build v9.5.1rc2 (linux64)
Thread count: 36 physical cores, 36 logical processors, using up to 32 threads
Optimize a model with 293486 rows, 1201980 columns and 2462920 nonzeros
Model fingerprint: 0xacd5f9b8
Coefficient statistics:
  Matrix range     [3e-06, 1e+06]
  Objective range  [1e-01, 6e+06]
  Bounds range     [1e+00, 1e+08]
  RHS range        [1e-03, 2e+05]

Concurrent LP optimizer: primal simplex, dual simplex, and barrier
Showing barrier log only...

Presolve removed 288850 rows and 1009209 columns
Presolve time: 1.24s
Presolved: 4636 rows, 192771 columns, 384122 nonzeros

Ordering time: 0.03s

Barrier statistics:
 AA' NZ     : 1.911e+05
 Factor NZ  : 3.884e+05 (roughly 80 MB of memory)
 Factor Ops : 4.158e+07 (less than 1 second per iteration)
 Threads    : 30

                  Objective                Residual
Iter       Primal          Dual         Primal    Dual     Compl     Time
   0   1.29088783e+13 -4.13069436e+11  9.82e+07 2.84e-14  2.88e+08     1s
   1   3.25004274e+12 -1.30510731e+11  2.47e+07 2.84e-13  7.36e+07     1s
   2   6.83230886e+11 -6.47923999e+09  5.19e+06 3.33e-12  1.55e+07     1s
   3   1.21166331e+10 -3.50196188e+09  7.35e+04 1.34e-12  2.49e+05     1s
   4   3.58782886e+09 -2.40841511e+08  8.89e+03 8.78e-12  3.86e+04     2s
   5   2.49608316e+09  1.18683395e+09  1.13e+03 2.81e-12  8.69e+03     2s
   6   2.27162434e+09  1.57161596e+09  1.48e+02 1.62e-12  3.79e+03     2s
   7   2.18967559e+09  1.79370301e+09  5.80e+01 9.09e-13  2.09e+03     2s
   8   2.13475784e+09  1.90620455e+09  2.87e+01 4.55e-13  1.19e+03     2s
   9   2.10212125e+09  1.94836962e+09  1.56e+01 3.13e-13  7.97e+02     2s
  10   2.06981874e+09  1.98316168e+09  7.84e+00 2.56e-13  4.47e+02     2s
  11   2.05899806e+09  1.99784030e+09  5.68e+00 2.56e-13  3.15e+02     2s
  12   2.04099921e+09  2.00571941e+09  2.83e+00 3.41e-13  1.81e+02     2s
  13   2.03777934e+09  2.01116667e+09  2.38e+00 4.33e-13  1.36e+02     2s
  14   2.03159435e+09  2.01318513e+09  1.55e+00 3.62e-13  9.43e+01     2s
  15   2.02406975e+09  2.01499758e+09  6.00e-01 2.49e-13  4.64e+01     2s
  16   2.02272831e+09  2.01584823e+09  4.44e-01 2.84e-13  3.52e+01     2s
  17   2.02102074e+09  2.01690387e+09  2.57e-01 2.84e-13  2.10e+01     2s
  18   2.01977719e+09  2.01743906e+09  1.32e-01 2.34e-13  1.19e+01     2s
  19   2.01882208e+09  2.01785401e+09  4.21e-02 2.42e-13  4.94e+00     2s
  20   2.01855457e+09  2.01803722e+09  1.96e-02 2.49e-13  2.64e+00     2s

Barrier performed 20 iterations in 1.96 seconds (1.47 work units)
Barrier solve interrupted - model solved by another algorithm


Solved with primal simplex
Solved in 31045 iterations and 2.04 seconds (1.15 work units)
Optimal objective  2.018283737e+09

User-callback calls 272, time in user-callback 0.00 sec
[ Info:  started timer at: 2023-03-25T11:35:43.060
[ Info: Reading /projects/pvsoiling/RELOG/Recycling_40209_05/input/solver/case.json...
[ Info:          134 collection centers
[ Info:          268 candidate plant locations
[ Info: Building graph...
[ Info:           26 time periods
[ Info:          268 process nodes
[ Info:         4288 shipping nodes (plant)
[ Info:          134 shipping nodes (collection)
[ Info:        40200 arcs
[ Info: Building optimization model...
[ Info: Optimizing MILP...
[ Info: Re-optimizing with integer variables fixed...
[ Info: Extracting solution...
[ Info:       3650.880829351s: 1 hour, 50 seconds, 880 milliseconds
