Set parameter TokenServer to value "license-1.hpc.nrel.gov"
Set parameter TimeLimit to value 3600
Set parameter MIPGap to value 0.001
Set parameter MIPGap to value 0.001
Set parameter TimeLimit to value 3600
Gurobi Optimizer version 9.5.1 build v9.5.1rc2 (linux64)
Thread count: 36 physical cores, 36 logical processors, using up to 32 threads
Optimize a model with 84446 rows, 992940 columns and 2037872 nonzeros
Model fingerprint: 0x4dd9da32
Variable types: 979004 continuous, 13936 integer (13936 binary)
Coefficient statistics:
  Matrix range     [1e+00, 1e+05]
  Objective range  [2e-01, 8e+08]
  Bounds range     [1e+05, 1e+08]
  RHS range        [8e-01, 2e+06]
Presolve removed 73460 rows and 56548 columns
Presolve time: 4.70s
Presolved: 10986 rows, 936392 columns, 1878948 nonzeros
Variable types: 933176 continuous, 3216 integer (3216 binary)

Deterministic concurrent LP optimizer: primal and dual simplex
Showing first log only...


Root simplex log...

Iteration    Objective       Primal Inf.    Dual Inf.      Time
       0    5.2332562e+11   8.205850e+05   1.891560e+10      8s
  149483    5.7020739e+11   1.681180e+05   1.378909e+11     10s
Concurrent spin time: 0.00s

Solved with dual simplex

Root relaxation: objective 8.739225e+11, 67434 iterations, 6.76 seconds (4.72 work units)

    Nodes    |    Current Node    |     Objective Bounds      |     Work
 Expl Unexpl |  Obj  Depth IntInf | Incumbent    BestBd   Gap | It/Node Time

     0     0 8.7392e+11    0    6          - 8.7392e+11      -     -   13s
H    0     0                    8.752610e+11 8.7392e+11  0.15%     -   13s
     0     0 8.7392e+11    0    3 8.7526e+11 8.7392e+11  0.15%     -   16s
     0     0 8.7392e+11    0    3 8.7526e+11 8.7392e+11  0.15%     -   20s
     0     2 8.7392e+11    0    3 8.7526e+11 8.7392e+11  0.15%     -   25s
    31    64 8.7393e+11    5    3 8.7526e+11 8.7392e+11  0.15%   5.4   31s
    95   128 8.7393e+11    7    3 8.7526e+11 8.7392e+11  0.15%   4.7   48s
   127   160 8.7393e+11    8    3 8.7526e+11 8.7392e+11  0.15%   4.4   50s
   159   192 8.7395e+11    8    3 8.7526e+11 8.7392e+11  0.15%   4.6   96s
   191   224 8.7395e+11    9    3 8.7526e+11 8.7392e+11  0.15%   4.6  100s
   423  1057 8.7397e+11   15    3 8.7526e+11 8.7392e+11  0.15%   4.5  115s
  1056  1719 8.7400e+11   34    3 8.7526e+11 8.7392e+11  0.15%   5.2  127s
  1730  2347 8.7402e+11   53    3 8.7526e+11 8.7392e+11  0.15%   5.3  139s
  2414  3063 8.7409e+11   74    3 8.7526e+11 8.7392e+11  0.15%   5.6  150s
  3178  3908 8.7413e+11  107    3 8.7526e+11 8.7392e+11  0.15%   5.3  159s
  4092  4797 8.7420e+11  140    3 8.7526e+11 8.7392e+11  0.15%   5.3  166s
  5073  5679 8.7484e+11  172    6 8.7526e+11 8.7392e+11  0.15%   5.4  172s
  6030  6552 8.7392e+11    7    3 8.7526e+11 8.7392e+11  0.15%   5.8  178s
  6986  7426 8.7406e+11   38    3 8.7526e+11 8.7392e+11  0.15%   6.8  186s
  7929  8352 8.7409e+11   69    3 8.7526e+11 8.7392e+11  0.15%   8.3  194s
  8878  9214 8.7416e+11   99    3 8.7526e+11 8.7392e+11  0.15%   8.6  200s
  9829  9462 8.7471e+11  127    6 8.7526e+11 8.7392e+11  0.15%   9.1  214s
 10211 10092 8.7472e+11  138    3 8.7526e+11 8.7392e+11  0.15%   9.4  221s
 11190 10119 8.7479e+11  170    3 8.7526e+11 8.7392e+11  0.15%   9.7  283s
 11223 10120 8.7401e+11   47    3 8.7526e+11 8.7392e+11  0.15%   9.8  304s
 11224 10121 8.7426e+11   81    3 8.7526e+11 8.7392e+11  0.15%   9.8  305s
 11225 10121 8.7401e+11   15    2 8.7526e+11 8.7392e+11  0.15%   9.8  316s
 11226 10122 8.7434e+11   93    1 8.7526e+11 8.7392e+11  0.15%   9.8  320s
 11235 10137 8.7392e+11   16    1 8.7526e+11 8.7392e+11  0.15%  13.5  325s
 11323 10220 8.7395e+11   19    1 8.7526e+11 8.7392e+11  0.15%  13.4  347s
 11387 10262 8.7395e+11   20    1 8.7526e+11 8.7392e+11  0.15%  13.3  379s
 11419 10313 8.7393e+11   21    1 8.7526e+11 8.7392e+11  0.15%  13.3  380s
 11693 10934 8.7395e+11   25    1 8.7526e+11 8.7392e+11  0.15%  13.1  389s
 12193 11400 8.7402e+11   36    1 8.7526e+11 8.7392e+11  0.15%  12.8  398s
 12825 11747 8.7404e+11   50    1 8.7526e+11 8.7392e+11  0.15%  12.4  406s
 13384 11593 8.7406e+11   64    1 8.7526e+11 8.7392e+11  0.15%  12.1  437s
 13416 12277 8.7402e+11   65    1 8.7526e+11 8.7392e+11  0.15%  12.0  447s
 14159 12672 8.7408e+11   80    2 8.7526e+11 8.7392e+11  0.15%  11.7  457s
 14840 13117 8.7408e+11   95    1 8.7526e+11 8.7392e+11  0.15%  11.4  468s
 15833 13301 8.7414e+11  118    1 8.7526e+11 8.7392e+11  0.15%  11.0  474s
 16778 13526 8.7422e+11  141    2 8.7526e+11 8.7392e+11  0.15%  11.0  481s
 17676 13698 8.7429e+11  153    1 8.7526e+11 8.7392e+11  0.15%  11.5  495s
 18396 14076 8.7430e+11  161    2 8.7526e+11 8.7392e+11  0.15%  13.1  502s
 19368 14564 8.7458e+11  178    1 8.7526e+11 8.7392e+11  0.15%  14.9  511s
 20385 14864 8.7461e+11  209    1 8.7526e+11 8.7392e+11  0.15%  14.9  519s
 21473 15191 8.7469e+11  243    1 8.7526e+11 8.7392e+11  0.15%  14.8  526s
 22561 15607 8.7398e+11   47    1 8.7526e+11 8.7392e+11  0.15%  14.4  532s
 23649 16213 8.7402e+11   81    1 8.7526e+11 8.7392e+11  0.15%  13.9  537s
 24737 16561 8.7413e+11  115    1 8.7526e+11 8.7392e+11  0.15%  13.5  542s
 25825 16681 8.7462e+11  149    1 8.7526e+11 8.7392e+11  0.15%  13.1  547s
 26912 16335 8.7471e+11  183    2 8.7526e+11 8.7392e+11  0.15%  13.0  580s
 26944 16682 8.7471e+11  184    1 8.7526e+11 8.7392e+11  0.15%  12.9  585s
 28032 16336 8.7481e+11  218    3 8.7526e+11 8.7392e+11  0.15%  12.8  630s
 28077 16768 8.7481e+11  219    4 8.7526e+11 8.7392e+11  0.15%  12.7  635s
 29165 17207 8.7394e+11   24    1 8.7526e+11 8.7393e+11  0.15%  13.2  644s
 30253 17704 8.7399e+11   58    1 8.7526e+11 8.7393e+11  0.15%  13.1  651s
 31322 18192 8.7405e+11   92    2 8.7526e+11 8.7393e+11  0.15%  13.2  657s
 32351 18347 8.7461e+11  126    1 8.7526e+11 8.7393e+11  0.15%  13.0  663s
 33393 18665 8.7464e+11  160    1 8.7526e+11 8.7393e+11  0.15%  12.9  668s
 34454 18983 8.7471e+11  194    1 8.7526e+11 8.7393e+11  0.15%  12.9  673s
 35539 19315 8.7482e+11  228    1 8.7526e+11 8.7393e+11  0.15%  12.8  678s
 36627 19864 8.7396e+11   28    1 8.7526e+11 8.7393e+11  0.15%  12.9  683s
 37711 20388 8.7399e+11   62    1 8.7526e+11 8.7393e+11  0.15%  12.7  689s
 38781 20943 8.7406e+11   96    1 8.7526e+11 8.7393e+11  0.15%  12.6  696s
 39846 21434 8.7455e+11  122    1 8.7526e+11 8.7393e+11  0.15%  12.6  704s
 40904 22107 8.7458e+11  156    1 8.7526e+11 8.7393e+11  0.15%  12.7  709s
 41992 22931 8.7465e+11  190    1 8.7526e+11 8.7393e+11  0.15%  12.5  715s
 43071 23611 8.7475e+11  224    1 8.7526e+11 8.7393e+11  0.15%  12.6  722s
 44031 24376 8.7393e+11   22    1 8.7526e+11 8.7393e+11  0.15%  13.0  727s
 45119 25092 8.7398e+11   56    1 8.7526e+11 8.7393e+11  0.15%  12.8  732s
 46207 25183 8.7405e+11   90    1 8.7526e+11 8.7393e+11  0.15%  12.6  747s
 46335 25206 8.7405e+11   94    1 8.7526e+11 8.7393e+11  0.15%  12.6  778s
 46367 25794 8.7405e+11   95    1 8.7526e+11 8.7393e+11  0.15%  12.6  783s
 47454 26251 8.7461e+11  129    1 8.7526e+11 8.7393e+11  0.15%  12.5  789s
 48447 26898 8.7464e+11  163    1 8.7526e+11 8.7393e+11  0.15%  12.5  793s
 49501 27471 8.7471e+11  197    1 8.7526e+11 8.7393e+11  0.15%  12.5  798s
 50539 28083 8.7484e+11  231    1 8.7526e+11 8.7393e+11  0.15%  12.9  803s
 51607 28742 8.7398e+11   40    1 8.7526e+11 8.7393e+11  0.15%  12.9  808s
 52694 29485 8.7400e+11   74    2 8.7526e+11 8.7393e+11  0.15%  12.7  813s
 53782 29955 8.7408e+11  108    1 8.7526e+11 8.7393e+11  0.15%  12.8  819s
 54762 30570 8.7463e+11  138    1 8.7526e+11 8.7393e+11  0.15%  12.7  825s
 55850 31221 8.7465e+11  172    1 8.7526e+11 8.7393e+11  0.15%  12.6  831s
 56927 31744 8.7476e+11  206    1 8.7526e+11 8.7393e+11  0.15%  12.5  837s
 58002 31762 8.7485e+11  240    1 8.7526e+11 8.7393e+11  0.15%  12.8  884s
 58037 31763 8.7447e+11   91    3 8.7526e+11 8.7393e+11  0.15%  12.8  928s
 58039 31764 8.7425e+11   93    2 8.7526e+11 8.7393e+11  0.15%  12.8  938s
 58040 31765 8.7487e+11  166    1 8.7526e+11 8.7393e+11  0.15%  12.8  943s
 58041 31766 8.7432e+11  130    1 8.7526e+11 8.7393e+11  0.15%  12.8  948s
 58042 31766 8.7521e+11  191    1 8.7526e+11 8.7393e+11  0.15%  12.8  952s
 58045 31773 8.7393e+11   26    1 8.7526e+11 8.7393e+11  0.15%  13.5  955s
 58137 31863 8.7395e+11   30    1 8.7526e+11 8.7393e+11  0.15%  13.4  986s
 58201 31905 8.7395e+11   31    1 8.7526e+11 8.7393e+11  0.15%  13.4 1065s
 58464 32669 8.7395e+11   36    1 8.7526e+11 8.7393e+11  0.15%  13.4 1080s
 59084 33238 8.7402e+11   48    1 8.7526e+11 8.7393e+11  0.15%  13.3 1091s
 59860 33641 8.7404e+11   65    1 8.7526e+11 8.7393e+11  0.15%  13.2 1100s
 60530 34037 8.7407e+11   80    1 8.7526e+11 8.7393e+11  0.15%  13.1 1112s
 61192 34329 8.7408e+11   94    2 8.7526e+11 8.7393e+11  0.15%  13.0 1120s
 61719 34647 8.7417e+11  103    1 8.7526e+11 8.7393e+11  0.15%  13.0 1130s
 62729 34753 8.7414e+11  126    1 8.7526e+11 8.7393e+11  0.15%  12.9 1138s
 63686 34915 8.7422e+11  150    3 8.7526e+11 8.7393e+11  0.15%  12.8 1147s
 64605 35197 8.7429e+11  165    2 8.7526e+11 8.7393e+11  0.15%  12.9 1156s
 65491 35757 8.7430e+11  172    2 8.7526e+11 8.7393e+11  0.15%  13.5 1162s
 66404 36321 8.7458e+11  182    1 8.7526e+11 8.7393e+11  0.15%  13.9 1170s
 67386 36479 8.7461e+11  214    1 8.7526e+11 8.7393e+11  0.15%  13.9 1178s
 68360 36733 8.7467e+11  247    1 8.7526e+11 8.7393e+11  0.15%  14.0 1186s
 69448 37213 8.7397e+11   58    1 8.7526e+11 8.7393e+11  0.15%  13.9 1192s
 70536 37707 8.7405e+11   92    1 8.7526e+11 8.7393e+11  0.15%  13.8 1197s
 71624 37917 8.7411e+11  126    1 8.7526e+11 8.7393e+11  0.15%  13.6 1202s
 72712 38114 8.7426e+11  160    2 8.7526e+11 8.7393e+11  0.15%  13.8 1207s
 73754 38309 8.7464e+11  184    6 8.7526e+11 8.7393e+11  0.15%  14.0 1214s
 74802 38551 8.7519e+11  214    1 8.7526e+11 8.7393e+11  0.15%  14.1 1220s
 75890 38959 8.7397e+11   49    2 8.7526e+11 8.7393e+11  0.15%  14.2 1225s
 78066 40011 8.7410e+11  117    1 8.7526e+11 8.7393e+11  0.15%  14.0 1235s
 79154 40254 8.7420e+11  151    1 8.7526e+11 8.7393e+11  0.15%  13.9 1243s
 80154 39945 8.7427e+11  171    1 8.7526e+11 8.7393e+11  0.15%  14.2 1287s
 80186 40554 8.7427e+11  172    1 8.7526e+11 8.7393e+11  0.15%  14.2 1293s
 81130 40811 8.7467e+11  191    2 8.7526e+11 8.7393e+11  0.15%  14.7 1300s
 82139 40490 8.7525e+11  223    1 8.7526e+11 8.7393e+11  0.15%  15.1 1316s
 82175 41249 8.7525e+11  224    1 8.7526e+11 8.7393e+11  0.15%  15.1 1322s
 83259 41757 8.7398e+11   63    1 8.7526e+11 8.7393e+11  0.15%  15.1 1327s
 84347 42210 8.7405e+11   97    1 8.7526e+11 8.7393e+11  0.15%  14.9 1332s
 85435 42362 8.7415e+11  131    1 8.7526e+11 8.7393e+11  0.15%  14.8 1339s
 86523 42317 8.7464e+11  165    1 8.7526e+11 8.7393e+11  0.15%  14.7 1345s
 87611 42484 8.7471e+11  199    1 8.7526e+11 8.7393e+11  0.15%  14.7 1355s
 88699 42811 8.7481e+11  233    2 8.7526e+11 8.7393e+11  0.15%  14.6 1361s
 89772 43257 8.7394e+11   38    1 8.7526e+11 8.7393e+11  0.15%  14.7 1366s
 90849 43808 8.7399e+11   72    1 8.7526e+11 8.7393e+11  0.15%  14.7 1371s
 91904 44231 8.7405e+11  106    1 8.7526e+11 8.7393e+11  0.15%  14.7 1376s
 92954 44218 8.7461e+11  140    1 8.7526e+11 8.7393e+11  0.15%  14.6 1381s
 94021 44197 8.7464e+11  174    1 8.7526e+11 8.7393e+11  0.15%  14.6 1385s
 95091 44362 8.7471e+11  208    1 8.7526e+11 8.7393e+11  0.15%  14.6 1390s
 96170 44020 8.7484e+11  242    1 8.7526e+11 8.7393e+11  0.15%  14.6 1409s
 96208 44641 8.7484e+11  243    1 8.7526e+11 8.7393e+11  0.15%  14.6 1415s
 97257 45159 8.7396e+11   45    1 8.7526e+11 8.7393e+11  0.15%  14.7 1420s
 98345 45650 8.7400e+11   79    1 8.7526e+11 8.7393e+11  0.15%  14.6 1426s
 99433 45982 8.7407e+11  113    1 8.7526e+11 8.7393e+11  0.15%  14.5 1430s
 100521 45910 8.7462e+11  147    1 8.7526e+11 8.7393e+11  0.15%  14.4 1435s
 102697 46227 8.7476e+11  215    1 8.7526e+11 8.7393e+11  0.15%  14.3 1446s
 103760 46565 8.7485e+11  249    2 8.7526e+11 8.7393e+11  0.15%  14.3 1452s
 104830 47098 8.7431e+11   47    1 8.7526e+11 8.7393e+11  0.15%  14.5 1459s
 105898 47470 8.7460e+11   56    1 8.7526e+11 8.7393e+11  0.15%  14.4 1466s
 106918 47480 8.7511e+11   70    1 8.7526e+11 8.7393e+11  0.15%  14.3 1472s
 107969 47852 8.7395e+11   35    1 8.7526e+11 8.7394e+11  0.15%  14.3 1477s
 109057 48437 8.7413e+11   69    1 8.7526e+11 8.7394e+11  0.15%  14.2 1482s
 110145 49055 8.7436e+11  100    1 8.7526e+11 8.7394e+11  0.15%  14.2 1487s
 111233 49180 8.7456e+11  131    1 8.7526e+11 8.7394e+11  0.15%  14.1 1494s
 112318 49194 8.7445e+11  158    1 8.7526e+11 8.7394e+11  0.15%  14.0 1500s
 113406 49317 8.7525e+11  181    1 8.7526e+11 8.7394e+11  0.15%  13.9 1505s
 114492 49564 8.7398e+11   58    1 8.7526e+11 8.7394e+11  0.15%  13.9 1510s
 115580 50086 8.7405e+11   92    1 8.7526e+11 8.7394e+11  0.15%  14.0 1515s
 116668 50583 8.7415e+11  126    2 8.7526e+11 8.7394e+11  0.15%  13.9 1525s
 117756 51049 8.7462e+11  160    1 8.7526e+11 8.7394e+11  0.15%  13.9 1530s
 118844 51222 8.7470e+11  194    2 8.7526e+11 8.7394e+11  0.15%  13.8 1536s
 119932 50911 8.7480e+11  228    1 8.7526e+11 8.7394e+11  0.15%  13.7 1552s
 120060 51282 8.7481e+11  232    2 8.7526e+11 8.7394e+11  0.15%  13.7 1558s
 121062 51872 8.7396e+11   40    1 8.7526e+11 8.7394e+11  0.15%  13.7 1564s
 122150 52520 8.7399e+11   74    1 8.7526e+11 8.7394e+11  0.15%  13.7 1569s
 123238 53110 8.7406e+11  108    1 8.7526e+11 8.7394e+11  0.15%  13.6 1575s
 125414 54153 8.7458e+11  169    1 8.7526e+11 8.7394e+11  0.15%  13.4 1584s
 126502 54637 8.7465e+11  203    1 8.7526e+11 8.7394e+11  0.15%  13.4 1589s
 127590 54877 8.7476e+11  237    1 8.7526e+11 8.7394e+11  0.15%  13.4 1594s
 128652 55469 8.7405e+11   42    1 8.7526e+11 8.7394e+11  0.15%  13.7 1599s
 129740 56119 8.7428e+11   76    1 8.7526e+11 8.7394e+11  0.15%  13.6 1604s
 130828 56636 8.7431e+11  107    1 8.7526e+11 8.7394e+11  0.15%  13.6 1608s
 131916 56613 8.7437e+11  140    2 8.7526e+11 8.7394e+11  0.15%  13.5 1613s
 133004 56904 8.7494e+11  172    1 8.7526e+11 8.7394e+11  0.15%  13.4 1618s
 134092 57451 8.7398e+11   57    1 8.7526e+11 8.7394e+11  0.15%  13.4 1623s
 135180 57969 8.7401e+11   91    1 8.7526e+11 8.7394e+11  0.15%  13.3 1629s
 136266 58065 8.7407e+11  125    1 8.7526e+11 8.7394e+11  0.15%  13.3 1635s
 137345 58110 8.7463e+11  159    1 8.7526e+11 8.7394e+11  0.15%  13.2 1641s
 138418 58260 8.7471e+11  193    2 8.7526e+11 8.7394e+11  0.15%  13.1 1646s
 139503 58486 8.7480e+11  227    1 8.7526e+11 8.7394e+11  0.15%  13.1 1651s
 140580 59021 8.7396e+11   35    1 8.7526e+11 8.7394e+11  0.15%  13.2 1656s
 141668 59568 8.7401e+11   66    1 8.7526e+11 8.7394e+11  0.15%  13.2 1661s
 142756 60107 8.7406e+11   95    1 8.7526e+11 8.7394e+11  0.15%  13.1 1667s
 143843 60324 8.7417e+11  127    1 8.7526e+11 8.7394e+11  0.15%  13.1 1673s
 144871 60557 8.7466e+11  161    1 8.7526e+11 8.7394e+11  0.15%  13.1 1678s
 145864 60869 8.7474e+11  195    1 8.7526e+11 8.7394e+11  0.15%  13.2 1689s
 146838 61265 8.7483e+11  228    1 8.7526e+11 8.7394e+11  0.15%  13.2 1694s
 147893 61648 8.7398e+11   52    1 8.7526e+11 8.7394e+11  0.15%  13.3 1700s
 148981 62012 8.7400e+11   86    2 8.7526e+11 8.7394e+11  0.15%  13.2 1707s
 150069 62325 8.7407e+11  120    1 8.7526e+11 8.7394e+11  0.15%  13.2 1711s
 151142 62718 8.7462e+11  154    1 8.7526e+11 8.7394e+11  0.15%  13.1 1716s
 152190 62982 8.7471e+11  188    2 8.7526e+11 8.7394e+11  0.15%  13.2 1722s
 153188 63296 8.7476e+11  222    2 8.7526e+11 8.7394e+11  0.15%  13.3 1727s
 154177 64035 infeasible  251      8.7526e+11 8.7394e+11  0.15%  13.4 1733s
 155264 64641 8.7401e+11   65    1 8.7526e+11 8.7395e+11  0.15%  13.4 1737s
 156341 65430 8.7431e+11   98    1 8.7526e+11 8.7395e+11  0.15%  13.3 1744s
 157412 66381 8.7434e+11  129    1 8.7526e+11 8.7395e+11  0.15%  13.3 1750s
 158468 67318 8.7440e+11  160    1 8.7526e+11 8.7395e+11  0.15%  13.3 1756s
 159515 68144 8.7399e+11   42    1 8.7526e+11 8.7395e+11  0.15%  13.3 1763s
 160448 68759 8.7402e+11   75    1 8.7526e+11 8.7395e+11  0.15%  13.5 1769s
 161361 69284 8.7409e+11  107    1 8.7526e+11 8.7395e+11  0.15%  13.7 1774s
 162335 69798 8.7464e+11  139    1 8.7526e+11 8.7395e+11  0.15%  13.8 1780s
 163423 70589 8.7467e+11  173    1 8.7526e+11 8.7395e+11  0.15%  13.8 1787s
 164511 71412 8.7474e+11  206    1 8.7526e+11 8.7395e+11  0.15%  13.7 1792s
 165599 72114 8.7484e+11  238    1 8.7526e+11 8.7395e+11  0.15%  13.7 1797s
 166685 72726 8.7406e+11   63    1 8.7526e+11 8.7395e+11  0.15%  13.6 1802s
 167751 73368 8.7444e+11   96    1 8.7526e+11 8.7395e+11  0.15%  13.6 1807s
 168781 74045 8.7446e+11  129    2 8.7526e+11 8.7395e+11  0.15%  13.6 1814s
 169781 74830 8.7453e+11  156    1 8.7526e+11 8.7395e+11  0.15%  13.7 1819s
 170865 75565 8.7396e+11   42    1 8.7526e+11 8.7396e+11  0.15%  13.7 1825s
 171949 76389 8.7399e+11   76    1 8.7526e+11 8.7396e+11  0.15%  13.6 1830s
 172947 77120 8.7407e+11  110    1 8.7526e+11 8.7396e+11  0.15%  13.6 1837s
 173894 77776 8.7461e+11  144    1 8.7526e+11 8.7396e+11  0.15%  13.7 1842s
 174820 78266 8.7464e+11  178    1 8.7526e+11 8.7396e+11  0.15%  13.9 1850s
 175757 78897 8.7475e+11  212    1 8.7526e+11 8.7396e+11  0.15%  14.1 1858s
 176797 79757 8.7484e+11  246    2 8.7526e+11 8.7396e+11  0.15%  14.1 1863s
 177828 80634 8.7415e+11   54    1 8.7526e+11 8.7396e+11  0.15%  14.2 1869s
 178881 81485 8.7417e+11   87    1 8.7526e+11 8.7396e+11  0.15%  14.2 1875s
 179969 82060 8.7424e+11  117    1 8.7526e+11 8.7396e+11  0.15%  14.2 1882s
 181007 82430 8.7479e+11  150    1 8.7526e+11 8.7396e+11  0.15%  14.2 1889s
 182091 83098 8.7481e+11  183    1 8.7526e+11 8.7396e+11  0.15%  14.1 1894s
 183179 84071 8.7406e+11   47    1 8.7526e+11 8.7396e+11  0.15%  14.1 1898s
 184267 85101 8.7427e+11   81    1 8.7526e+11 8.7396e+11  0.15%  14.0 1904s
 185323 86001 8.7459e+11  111    1 8.7526e+11 8.7396e+11  0.15%  14.1 1909s
 186290 86515 8.7489e+11  143    1 8.7526e+11 8.7396e+11  0.15%  14.2 1914s
 187282 86847 8.7492e+11  176    1 8.7526e+11 8.7396e+11  0.15%  14.2 1920s
 188297 87519 8.7398e+11   66    1 8.7526e+11 8.7396e+11  0.15%  14.3 1925s
 189385 88474 8.7405e+11  100    1 8.7526e+11 8.7396e+11  0.15%  14.2 1931s
 190473 89207 8.7460e+11  134    1 8.7526e+11 8.7396e+11  0.15%  14.2 1936s
 191297 90117 8.7463e+11  168    1 8.7526e+11 8.7396e+11  0.15%  14.2 1943s
 192294 90606 8.7470e+11  202    1 8.7526e+11 8.7396e+11  0.15%  14.2 1949s
 193269 91080 8.7481e+11  236    1 8.7526e+11 8.7396e+11  0.15%  14.3 1955s
 195374 92981 8.7402e+11   76    1 8.7526e+11 8.7396e+11  0.15%  14.3 1965s
 196462 93957 8.7410e+11  110    1 8.7526e+11 8.7396e+11  0.15%  14.3 1970s
 198292 94808 8.7418e+11  133    1 8.7526e+11 8.7396e+11  0.15%  14.4 1975s
 199360 96260 8.7468e+11  203    1 8.7526e+11 8.7396e+11  0.15%  14.7 1984s
 200262 96642 8.7479e+11  237    1 8.7526e+11 8.7396e+11  0.15%  14.9 1991s
 201271 97409 8.7402e+11   40    1 8.7526e+11 8.7396e+11  0.15%  15.0 1999s
 202043 97409 8.7399e+11   39    1 8.7526e+11 8.7396e+11  0.15%  14.9 2000s
 202305 98380 8.7401e+11   62    1 8.7526e+11 8.7396e+11  0.15%  14.9 2006s
 203376 98410 8.7405e+11   93    1 8.7526e+11 8.7396e+11  0.15%  14.9 2024s
 203408 99408 8.7406e+11   94    1 8.7526e+11 8.7396e+11  0.15%  14.9 2033s
 204473 99436 8.7416e+11  128    1 8.7526e+11 8.7396e+11  0.15%  14.9 2052s
 204505 100297 8.7418e+11  129    3 8.7526e+11 8.7396e+11  0.15%  14.9 2057s
 205593 101015 8.7466e+11  160    1 8.7526e+11 8.7396e+11  0.15%  14.9 2062s
 206576 101744 8.7474e+11  194    1 8.7526e+11 8.7396e+11  0.15%  15.0 2068s
 207588 102266 8.7484e+11  228    3 8.7526e+11 8.7396e+11  0.15%  15.1 2073s
 208663 102873 8.7401e+11   56    2 8.7526e+11 8.7396e+11  0.15%  15.1 2079s
 209749 103829 8.7404e+11   90    1 8.7526e+11 8.7396e+11  0.15%  15.1 2084s
 210837 104820 8.7410e+11  124    1 8.7526e+11 8.7396e+11  0.15%  15.0 2089s
 211911 105554 8.7466e+11  158    1 8.7526e+11 8.7396e+11  0.15%  15.0 2095s
 212909 106036 8.7474e+11  192    1 8.7526e+11 8.7396e+11  0.15%  15.1 2100s
 213963 106424 8.7479e+11  226    1 8.7526e+11 8.7396e+11  0.15%  15.1 2105s
 215002 107058 8.7427e+11   47    1 8.7526e+11 8.7396e+11  0.15%  15.1 2111s
 216044 108030 8.7462e+11   60    1 8.7526e+11 8.7396e+11  0.15%  15.1 2117s
 217126 108876 8.7516e+11   76    1 8.7526e+11 8.7396e+11  0.15%  15.1 2124s
 218195 109653 8.7524e+11   85    1 8.7526e+11 8.7396e+11  0.15%  15.1 2130s
 219268 110262 8.7400e+11   51    1 8.7526e+11 8.7396e+11  0.15%  15.0 2136s
 220263 110819 8.7403e+11   85    2 8.7526e+11 8.7396e+11  0.15%  15.1 2142s
 221257 111258 8.7410e+11  119    1 8.7526e+11 8.7396e+11  0.15%  15.1 2147s
 222341 111855 8.7466e+11  153    1 8.7526e+11 8.7396e+11  0.15%  15.1 2152s
 223429 112726 8.7474e+11  187    2 8.7526e+11 8.7396e+11  0.15%  15.1 2157s
 224505 113634 8.7479e+11  221    1 8.7526e+11 8.7396e+11  0.15%  15.0 2161s
 225573 114509 8.7399e+11   48    1 8.7526e+11 8.7396e+11  0.15%  15.0 2166s
 226577 115130 8.7403e+11   82    1 8.7526e+11 8.7396e+11  0.15%  15.1 2171s
 227491 115586 8.7410e+11  116    1 8.7526e+11 8.7396e+11  0.15%  15.2 2176s
 228385 116014 8.7465e+11  150    1 8.7526e+11 8.7396e+11  0.15%  15.4 2182s
 229382 116848 8.7467e+11  184    1 8.7526e+11 8.7396e+11  0.15%  15.4 2187s
 230469 116875 8.7479e+11  218    2 8.7526e+11 8.7396e+11  0.15%  15.4 2237s
 230501 117808 8.7479e+11  219    1 8.7526e+11 8.7396e+11  0.15%  15.4 2242s
 231589 118661 8.7399e+11   44    1 8.7526e+11 8.7396e+11  0.15%  15.3 2248s
 232677 119152 8.7402e+11   78    1 8.7526e+11 8.7396e+11  0.15%  15.3 2253s
 233765 119574 8.7410e+11  112    1 8.7526e+11 8.7396e+11  0.15%  15.2 2261s
 234853 120223 8.7465e+11  146    1 8.7526e+11 8.7396e+11  0.15%  15.2 2265s
 235916 121040 8.7467e+11  180    1 8.7526e+11 8.7396e+11  0.15%  15.2 2270s
 236965 121943 8.7479e+11  214    1 8.7526e+11 8.7396e+11  0.15%  15.2 2275s
 238041 122790 8.7399e+11   40    1 8.7526e+11 8.7396e+11  0.15%  15.1 2280s
 238994 123507 8.7402e+11   74    1 8.7526e+11 8.7396e+11  0.15%  15.2 2286s
 239833 123980 8.7409e+11  108    1 8.7526e+11 8.7396e+11  0.15%  15.4 2292s
 240695 124444 8.7464e+11  142    1 8.7526e+11 8.7396e+11  0.15%  15.6 2299s
 241690 125272 8.7467e+11  176    1 8.7526e+11 8.7396e+11  0.15%  15.6 2304s
 242763 126145 8.7478e+11  210    1 8.7526e+11 8.7396e+11  0.15%  15.6 2309s
 243851 126937 8.7396e+11   37    1 8.7526e+11 8.7396e+11  0.15%  15.5 2314s
 244923 127508 8.7401e+11   68    1 8.7526e+11 8.7396e+11  0.15%  15.5 2319s
 245946 128016 8.7409e+11  100    1 8.7526e+11 8.7396e+11  0.15%  15.5 2323s
 246966 128564 8.7419e+11  134    3 8.7526e+11 8.7396e+11  0.15%  15.6 2328s
 248019 129254 8.7429e+11  163    1 8.7526e+11 8.7396e+11  0.15%  15.6 2333s
 249034 130073 8.7432e+11  179    2 8.7526e+11 8.7396e+11  0.15%  15.6 2339s
 250112 130780 8.7456e+11  201    1 8.7526e+11 8.7396e+11  0.15%  15.6 2345s
 251187 131399 8.7463e+11  235    1 8.7526e+11 8.7396e+11  0.15%  15.5 2352s
 252256 132051 8.7397e+11   38    1 8.7526e+11 8.7396e+11  0.15%  15.5 2358s
 253336 132853 8.7402e+11   72    1 8.7526e+11 8.7396e+11  0.15%  15.5 2365s
 254421 133724 8.7408e+11  106    1 8.7526e+11 8.7396e+11  0.15%  15.4 2373s
 255472 134475 8.7464e+11  140    1 8.7526e+11 8.7396e+11  0.15%  15.4 2381s
 256516 135132 8.7467e+11  174    1 8.7526e+11 8.7396e+11  0.15%  15.4 2387s
 257573 135715 8.7474e+11  208    1 8.7526e+11 8.7396e+11  0.15%  15.4 2393s
 258658 136428 infeasible  236      8.7526e+11 8.7396e+11  0.15%  15.4 2400s
 259711 137179 8.7405e+11   67    1 8.7526e+11 8.7396e+11  0.15%  15.4 2406s
 260731 137795 8.7412e+11   97    1 8.7526e+11 8.7396e+11  0.15%  15.4 2414s
 261777 138430 8.7420e+11  127    1 8.7526e+11 8.7396e+11  0.15%  15.4 2421s
 262865 139159 8.7469e+11  161    1 8.7526e+11 8.7396e+11  0.15%  15.3 2431s
 263951 139959 8.7477e+11  193    1 8.7526e+11 8.7396e+11  0.15%  15.3 2436s
 265039 140662 8.7487e+11  227    1 8.7526e+11 8.7396e+11  0.15%  15.2 2442s
 266126 141087 8.7459e+11   50    1 8.7526e+11 8.7396e+11  0.15%  15.2 2447s
 267026 141700 8.7459e+11   56    1 8.7526e+11 8.7396e+11  0.15%  15.2 2455s
 268089 142322 8.7507e+11   67    2 8.7526e+11 8.7396e+11  0.15%  15.1 2463s
 269100 143085 8.7515e+11   82    1 8.7526e+11 8.7396e+11  0.15%  15.1 2469s
 270127 143965 8.7399e+11   41    1 8.7526e+11 8.7396e+11  0.15%  15.2 2477s
 271150 144645 8.7402e+11   75    1 8.7526e+11 8.7396e+11  0.15%  15.1 2483s
 272181 145241 8.7409e+11  109    1 8.7526e+11 8.7396e+11  0.15%  15.2 2492s
 273143 145873 8.7464e+11  143    1 8.7526e+11 8.7396e+11  0.15%  15.2 2497s
 274169 146549 8.7467e+11  177    1 8.7526e+11 8.7396e+11  0.15%  15.2 2503s
 275242 147253 8.7479e+11  211    1 8.7526e+11 8.7396e+11  0.15%  15.2 2508s
 276307 147880 8.7397e+11   36    1 8.7526e+11 8.7396e+11  0.15%  15.2 2513s
 277395 148560 8.7402e+11   70    2 8.7526e+11 8.7396e+11  0.15%  15.1 2519s
 278483 149362 8.7408e+11  104    1 8.7526e+11 8.7396e+11  0.15%  15.1 2526s
 279545 150071 8.7464e+11  138    1 8.7526e+11 8.7396e+11  0.15%  15.1 2531s
 280595 150748 8.7467e+11  172    1 8.7526e+11 8.7396e+11  0.15%  15.1 2538s
 281656 151357 8.7474e+11  206    1 8.7526e+11 8.7396e+11  0.15%  15.1 2542s
 282744 152079 8.7485e+11  240    1 8.7526e+11 8.7396e+11  0.15%  15.1 2549s
 283788 153002 8.7412e+11   65    1 8.7526e+11 8.7396e+11  0.15%  15.0 2554s
 284835 153965 8.7446e+11   99    1 8.7526e+11 8.7396e+11  0.15%  15.1 2560s
 285880 154736 8.7428e+11  125    1 8.7526e+11 8.7396e+11  0.15%  15.1 2566s
 286922 155225 8.7436e+11  154    1 8.7526e+11 8.7396e+11  0.15%  15.1 2574s
 287935 155835 8.7493e+11  187    2 8.7526e+11 8.7396e+11  0.15%  15.1 2580s
 289010 156556 8.7396e+11   44    1 8.7526e+11 8.7396e+11  0.15%  15.1 2585s
 290095 157371 8.7399e+11   78    1 8.7526e+11 8.7396e+11  0.15%  15.1 2591s
 291148 158321 8.7410e+11  112    1 8.7526e+11 8.7396e+11  0.15%  15.1 2597s
 292209 159082 8.7419e+11  146    2 8.7526e+11 8.7396e+11  0.15%  15.1 2605s
 293209 159715 8.7427e+11  167    2 8.7526e+11 8.7396e+11  0.15%  15.1 2612s
 294202 160237 8.7464e+11  186    2 8.7526e+11 8.7396e+11  0.15%  15.1 2619s
 295169 160951 8.7519e+11  208    1 8.7526e+11 8.7396e+11  0.15%  15.2 2627s
 296200 161764 8.7408e+11   42    1 8.7526e+11 8.7396e+11  0.15%  15.2 2633s
 297288 162546 8.7401e+11   66    1 8.7526e+11 8.7396e+11  0.15%  15.2 2641s
 298303 163377 8.7408e+11   97    1 8.7526e+11 8.7396e+11  0.15%  15.2 2648s
 299323 164143 8.7418e+11  131    1 8.7526e+11 8.7396e+11  0.15%  15.2 2656s
 300395 164802 8.7467e+11  163    1 8.7526e+11 8.7396e+11  0.15%  15.2 2662s
 301435 165448 8.7474e+11  197    1 8.7526e+11 8.7396e+11  0.15%  15.2 2667s
 302462 166064 8.7484e+11  231    3 8.7526e+11 8.7396e+11  0.15%  15.3 2673s
 303516 166811 8.7401e+11   60    1 8.7526e+11 8.7396e+11  0.15%  15.3 2681s
 304601 167607 8.7409e+11   94    1 8.7526e+11 8.7396e+11  0.15%  15.3 2688s
 305633 168423 8.7414e+11  128    1 8.7526e+11 8.7396e+11  0.15%  15.3 2696s
 306580 169133 8.7428e+11  159    2 8.7526e+11 8.7396e+11  0.15%  15.4 2701s
 307514 169744 8.7466e+11  180    2 8.7526e+11 8.7396e+11  0.15%  15.5 2706s
 308502 169765 8.7521e+11  198    1 8.7526e+11 8.7396e+11  0.15%  15.5 2721s
 308534 170404 8.7521e+11  199    1 8.7526e+11 8.7396e+11  0.15%  15.5 2728s
 309547 171115 8.7398e+11   57    1 8.7526e+11 8.7396e+11  0.15%  15.6 2734s
 310625 171863 8.7401e+11   91    1 8.7526e+11 8.7396e+11  0.15%  15.6 2739s
 311698 172740 8.7407e+11  125    1 8.7526e+11 8.7396e+11  0.15%  15.5 2744s
 312712 173543 8.7462e+11  159    1 8.7526e+11 8.7396e+11  0.15%  15.6 2751s
 313683 174273 8.7471e+11  193    2 8.7526e+11 8.7396e+11  0.15%  15.7 2757s
 314684 174801 8.7480e+11  227    1 8.7526e+11 8.7396e+11  0.15%  15.7 2763s
 315755 175456 8.7396e+11   37    2 8.7526e+11 8.7396e+11  0.15%  15.7 2768s
 316764 176285 8.7399e+11   71    1 8.7526e+11 8.7396e+11  0.15%  15.7 2772s
 317760 177058 8.7406e+11  105    1 8.7526e+11 8.7396e+11  0.15%  15.8 2780s
 318813 177755 8.7416e+11  139    1 8.7526e+11 8.7396e+11  0.15%  15.8 2787s
 319863 178371 8.7427e+11  165    1 8.7526e+11 8.7396e+11  0.15%  15.8 2793s
 320921 178873 8.7457e+11  195    1 8.7526e+11 8.7396e+11  0.15%  15.8 2798s
 322008 179556 8.7459e+11  229    2 8.7526e+11 8.7396e+11  0.15%  15.8 2809s
 323027 180491 8.7466e+11  263    1 8.7526e+11 8.7396e+11  0.15%  15.8 2817s
 324059 181433 8.7407e+11   69    1 8.7526e+11 8.7396e+11  0.15%  15.8 2823s
 325135 182070 8.7409e+11   99    2 8.7526e+11 8.7396e+11  0.15%  15.8 2830s
 326191 182420 8.7417e+11  131    1 8.7526e+11 8.7396e+11  0.15%  15.7 2837s
 327279 182955 8.7473e+11  162    1 8.7526e+11 8.7396e+11  0.15%  15.7 2842s
 328367 183758 8.7480e+11  196    1 8.7526e+11 8.7396e+11  0.15%  15.7 2847s
 329455 184710 infeasible  223      8.7526e+11 8.7396e+11  0.15%  15.7 2852s
 330543 185439 8.7402e+11   68    1 8.7526e+11 8.7396e+11  0.15%  15.6 2858s
 331631 185817 8.7408e+11  102    2 8.7526e+11 8.7396e+11  0.15%  15.6 2865s
 332537 186286 8.7417e+11  127    1 8.7526e+11 8.7396e+11  0.15%  15.6 2871s
 333601 186791 8.7466e+11  161    1 8.7526e+11 8.7396e+11  0.15%  15.5 2876s
 334678 187485 8.7474e+11  195    1 8.7526e+11 8.7396e+11  0.15%  15.5 2882s
 335761 188322 8.7484e+11  229    3 8.7526e+11 8.7396e+11  0.15%  15.5 2887s
 336826 189149 8.7401e+11   56    2 8.7526e+11 8.7396e+11  0.15%  15.5 2892s
 337877 189729 8.7405e+11   90    1 8.7526e+11 8.7396e+11  0.15%  15.5 2896s
 338964 190151 8.7411e+11  124    2 8.7526e+11 8.7396e+11  0.15%  15.5 2904s
 340007 190650 8.7466e+11  158    1 8.7526e+11 8.7396e+11  0.15%  15.5 2909s
 341063 191346 8.7474e+11  192    1 8.7526e+11 8.7396e+11  0.15%  15.5 2914s
 342136 192204 8.7479e+11  226    1 8.7526e+11 8.7396e+11  0.15%  15.5 2919s
 343205 193052 8.7423e+11   45    2 8.7526e+11 8.7396e+11  0.15%  15.4 2926s
 344208 193076 8.7466e+11   60    1 8.7526e+11 8.7396e+11  0.15%  15.5 2977s
 344240 193697 8.7473e+11   61    1 8.7526e+11 8.7396e+11  0.15%  15.5 2984s
 345221 194234 8.7512e+11   88    1 8.7526e+11 8.7396e+11  0.15%  15.5 2991s
 346249 194988 8.7408e+11   41    2 8.7526e+11 8.7396e+11  0.15%  15.5 2997s
 347311 195012 8.7461e+11   59    1 8.7526e+11 8.7396e+11  0.15%  15.5 3041s
 347347 195761 8.7471e+11   59    1 8.7526e+11 8.7396e+11  0.15%  15.5 3049s
 348196 196493 8.7511e+11   69    1 8.7526e+11 8.7396e+11  0.15%  15.5 3055s
 349259 197156 8.7526e+11   94    1 8.7526e+11 8.7396e+11  0.15%  15.5 3061s
 350337 197919 8.7445e+11   52    1 8.7526e+11 8.7396e+11  0.15%  15.5 3068s
 351388 198526 8.7479e+11   63    1 8.7526e+11 8.7396e+11  0.15%  15.5 3077s
 352421 199112 8.7508e+11   73    1 8.7526e+11 8.7396e+11  0.15%  15.5 3083s
 353449 199733 8.7509e+11  100    1 8.7526e+11 8.7396e+11  0.15%  15.5 3091s
 354508 200542 8.7396e+11   47    2 8.7526e+11 8.7396e+11  0.15%  15.5 3097s
 355595 201433 8.7400e+11   81    1 8.7526e+11 8.7396e+11  0.15%  15.4 3103s
 356650 202200 8.7407e+11  115    1 8.7526e+11 8.7396e+11  0.15%  15.4 3110s
 357627 202638 8.7462e+11  149    1 8.7526e+11 8.7396e+11  0.15%  15.5 3118s
 358577 202978 8.7464e+11  183    1 8.7526e+11 8.7396e+11  0.15%  15.5 3124s
 359614 203512 8.7476e+11  217    1 8.7526e+11 8.7396e+11  0.15%  15.5 3130s
 360701 204374 8.7485e+11  251    2 8.7526e+11 8.7396e+11  0.15%  15.5 3135s
 361789 205342 8.7401e+11   62    1 8.7526e+11 8.7396e+11  0.15%  15.5 3142s
 362873 206217 8.7408e+11   96    1 8.7526e+11 8.7396e+11  0.15%  15.5 3148s
 363905 206888 8.7419e+11  130    2 8.7526e+11 8.7396e+11  0.15%  15.5 3155s
 364807 207448 8.7467e+11  164    2 8.7526e+11 8.7396e+11  0.15%  15.5 3161s
 365648 208038 8.7474e+11  198    1 8.7526e+11 8.7396e+11  0.15%  15.7 3168s
 366727 208484 8.7485e+11  232    3 8.7526e+11 8.7396e+11  0.15%  15.7 3175s
 367804 209302 8.7401e+11   61    1 8.7526e+11 8.7396e+11  0.15%  15.7 3183s
 368878 210114 8.7406e+11   95    1 8.7526e+11 8.7396e+11  0.15%  15.6 3194s
 369818 210629 8.7419e+11  129    3 8.7526e+11 8.7396e+11  0.15%  15.6 3200s
 370891 211250 8.7467e+11  163    1 8.7526e+11 8.7396e+11  0.15%  15.6 3207s
 371919 212087 8.7474e+11  197    2 8.7526e+11 8.7396e+11  0.15%  15.6 3214s
 373005 212916 8.7485e+11  231    3 8.7526e+11 8.7396e+11  0.15%  15.6 3220s
 374075 213790 8.7401e+11   58    1 8.7526e+11 8.7396e+11  0.15%  15.6 3227s
 375123 214455 8.7409e+11   92    1 8.7526e+11 8.7396e+11  0.15%  15.6 3233s
 376198 215056 8.7414e+11  126    1 8.7526e+11 8.7396e+11  0.15%  15.6 3238s
 377241 215601 8.7428e+11  160    2 8.7526e+11 8.7396e+11  0.15%  15.6 3243s
 378221 216235 8.7466e+11  181    2 8.7526e+11 8.7396e+11  0.15%  15.7 3248s
 379221 216970 8.7521e+11  199    1 8.7526e+11 8.7396e+11  0.15%  15.7 3253s
 380275 217872 8.7400e+11   48    1 8.7526e+11 8.7396e+11  0.15%  15.7 3262s
 381363 218712 8.7418e+11   81    1 8.7526e+11 8.7396e+11  0.15%  15.7 3267s
 382447 219401 8.7441e+11  110    1 8.7526e+11 8.7396e+11  0.15%  15.6 3274s
 383499 220055 8.7427e+11  138    1 8.7526e+11 8.7396e+11  0.15%  15.6 3279s
 384577 220801 8.7484e+11  171    1 8.7526e+11 8.7396e+11  0.15%  15.6 3285s
 385564 221714 8.7491e+11  205    1 8.7526e+11 8.7396e+11  0.15%  15.7 3291s
 386543 222484 8.7416e+11   62    1 8.7526e+11 8.7396e+11  0.15%  15.7 3298s
 387589 222995 8.7417e+11   90    1 8.7526e+11 8.7396e+11  0.15%  15.7 3304s
 388640 223560 8.7425e+11  121    1 8.7526e+11 8.7396e+11  0.15%  15.7 3309s
 389721 224239 8.7480e+11  155    1 8.7526e+11 8.7396e+11  0.15%  15.7 3316s
 390804 225003 8.7488e+11  189    2 8.7526e+11 8.7396e+11  0.15%  15.7 3326s
 391795 225729 8.7400e+11   51    1 8.7526e+11 8.7396e+11  0.15%  15.6 3334s
 392813 226102 8.7403e+11   85    1 8.7526e+11 8.7396e+11  0.15%  15.6 3342s
 393635 226727 8.7409e+11  105    1 8.7526e+11 8.7396e+11  0.15%  15.6 3348s
 394714 227463 8.7419e+11  139    2 8.7526e+11 8.7396e+11  0.15%  15.6 3353s
 395782 228265 8.7429e+11  166    2 8.7526e+11 8.7396e+11  0.15%  15.6 3363s
 396832 228926 8.7458e+11  187    1 8.7526e+11 8.7396e+11  0.15%  15.6 3370s
 397913 229457 8.7461e+11  221    1 8.7526e+11 8.7396e+11  0.15%  15.6 3377s
 398961 230028 8.7399e+11   37    1 8.7526e+11 8.7396e+11  0.15%  15.6 3385s
 399944 230659 8.7408e+11   70    1 8.7526e+11 8.7396e+11  0.15%  15.6 3391s
 401022 231423 8.7426e+11  101    1 8.7526e+11 8.7396e+11  0.15%  15.6 3397s
 402109 232188 8.7417e+11  131    1 8.7526e+11 8.7396e+11  0.15%  15.6 3403s
 403154 232923 8.7473e+11  162    1 8.7526e+11 8.7396e+11  0.15%  15.6 3409s
 404224 233752 8.7480e+11  196    1 8.7526e+11 8.7396e+11  0.15%  15.5 3414s
 405311 234383 infeasible  223      8.7526e+11 8.7396e+11  0.15%  15.5 3419s
 406399 235210 8.7408e+11   70    1 8.7526e+11 8.7397e+11  0.15%  15.5 3424s
 407487 236040 8.7411e+11  104    1 8.7526e+11 8.7397e+11  0.15%  15.5 3431s
 408575 236842 8.7417e+11  136    1 8.7526e+11 8.7397e+11  0.15%  15.4 3436s
 409660 237391 8.7473e+11  168    1 8.7526e+11 8.7397e+11  0.15%  15.4 3443s
 410729 237825 8.7480e+11  200    1 8.7526e+11 8.7397e+11  0.15%  15.4 3448s
 411792 238368 8.7399e+11   35    1 8.7526e+11 8.7397e+11  0.15%  15.4 3454s
 412879 238978 8.7402e+11   69    1 8.7526e+11 8.7397e+11  0.15%  15.4 3458s
 413967 239708 8.7409e+11  103    1 8.7526e+11 8.7397e+11  0.15%  15.3 3464s
 415055 240527 8.7464e+11  137    1 8.7526e+11 8.7397e+11  0.15%  15.3 3470s
 416143 241374 8.7467e+11  171    1 8.7526e+11 8.7397e+11  0.15%  15.3 3475s
 417209 242162 8.7473e+11  205    1 8.7526e+11 8.7397e+11  0.15%  15.3 3480s
 418149 242955 8.7484e+11  239    1 8.7526e+11 8.7397e+11  0.15%  15.3 3486s
 419067 243635 8.7418e+11   63    1 8.7526e+11 8.7397e+11  0.15%  15.4 3491s
 420063 244382 8.7421e+11   93    1 8.7526e+11 8.7397e+11  0.15%  15.4 3496s
 421141 245116 8.7428e+11  125    1 8.7526e+11 8.7397e+11  0.15%  15.4 3502s
 422218 245976 8.7483e+11  155    1 8.7526e+11 8.7397e+11  0.15%  15.4 3508s
 423306 246673 8.7491e+11  189    1 8.7526e+11 8.7397e+11  0.15%  15.4 3514s
 424394 247481 8.7399e+11   46    1 8.7526e+11 8.7397e+11  0.15%  15.4 3519s
 425482 248353 8.7402e+11   80    1 8.7526e+11 8.7397e+11  0.15%  15.3 3523s
 426570 249207 8.7410e+11  114    1 8.7526e+11 8.7397e+11  0.15%  15.3 3528s
 427650 249952 8.7465e+11  148    2 8.7526e+11 8.7397e+11  0.15%  15.3 3534s
 428707 250649 8.7467e+11  182    1 8.7526e+11 8.7397e+11  0.15%  15.3 3542s
 429730 250674 8.7478e+11  216    1 8.7526e+11 8.7397e+11  0.15%  15.3 3561s
 429762 251371 8.7478e+11  217    1 8.7526e+11 8.7397e+11  0.15%  15.3 3566s
 430850 252076 8.7399e+11   45    1 8.7526e+11 8.7397e+11  0.15%  15.3 3574s
 431911 252808 8.7402e+11   79    1 8.7526e+11 8.7397e+11  0.15%  15.3 3580s
 432999 253322 8.7410e+11  113    1 8.7526e+11 8.7397e+11  0.15%  15.2 3586s
 434087 253868 8.7465e+11  147    1 8.7526e+11 8.7397e+11  0.15%  15.2 3591s
 435175 254666 8.7467e+11  181    1 8.7526e+11 8.7397e+11  0.15%  15.2 3596s
 436263 255199 8.7478e+11  215    1 8.7526e+11 8.7397e+11  0.15%  15.2 3600s

Cutting planes:
  Implied bound: 2
  Flow cover: 1

Explored 437057 nodes (6688379 simplex iterations) in 3600.39 seconds (2178.76 work units)
Thread count was 32 (of 36 available processors)

Solution count 1: 8.75261e+11 

Time limit reached
Best objective 8.752609548069e+11, best bound 8.739668002277e+11, gap 0.1479%

User-callback calls 1232124, time in user-callback 0.85 sec
Set parameter TokenServer to value "license-1.hpc.nrel.gov"
Set parameter TimeLimit to value 3600
Set parameter MIPGap to value 0.001
Set parameter MIPGap to value 0.001
Set parameter TimeLimit to value 3600
Gurobi Optimizer version 9.5.1 build v9.5.1rc2 (linux64)
Thread count: 36 physical cores, 36 logical processors, using up to 32 threads
Optimize a model with 84446 rows, 992940 columns and 2037872 nonzeros
Model fingerprint: 0x4f3d4d23
Coefficient statistics:
  Matrix range     [1e+00, 1e+05]
  Objective range  [2e-01, 8e+08]
  Bounds range     [1e+00, 1e+08]
  RHS range        [8e-01, 2e+06]

Concurrent LP optimizer: primal simplex, dual simplex, and barrier
Showing barrier log only...

Presolve removed 76648 rows and 410612 columns
Presolve time: 1.30s
Presolved: 7798 rows, 582328 columns, 1160340 nonzeros

Ordering time: 0.02s

Barrier statistics:
 AA' NZ     : 5.780e+05
 Factor NZ  : 1.063e+06 (roughly 240 MB of memory)
 Factor Ops : 1.876e+08 (less than 1 second per iteration)
 Threads    : 30

                  Objective                Residual
Iter       Primal          Dual         Primal    Dual     Compl     Time
   0   3.82094050e+12 -3.20599338e+11  4.74e+06 2.55e+02  8.17e+07     2s
   1   1.00877346e+12  4.78207886e+11  1.45e+05 2.27e-12  3.12e+06     2s
   2   9.15003365e+11  7.30733710e+11  4.91e+03 3.23e-01  3.83e+05     2s
   3   9.10541768e+11  7.94356946e+11  2.80e+03 1.82e-12  2.33e+05     2s
   4   8.99513813e+11  8.30464253e+11  9.78e+02 1.23e+00  1.29e+05     2s
   5   8.94933452e+11  8.48830546e+11  6.68e+02 1.82e-12  8.54e+04     2s
   6   8.87500050e+11  8.60836214e+11  2.28e+02 4.44e-01  4.75e+04     2s
   7   8.85827736e+11  8.65701560e+11  1.82e+02 2.85e-01  3.58e+04     2s
   8   8.81713906e+11  8.70120952e+11  7.60e+01 1.95e-01  2.03e+04     2s
   9   8.80095630e+11  8.72217874e+11  5.18e+01 1.21e-01  1.37e+04     2s

Barrier performed 9 iterations in 2.25 seconds (1.37 work units)
Barrier solve interrupted - model solved by another algorithm


Solved with primal simplex
Solved in 63428 iterations and 2.26 seconds (1.32 work units)
Optimal objective  8.752609548e+11

User-callback calls 142, time in user-callback 0.00 sec
[ Info:  started timer at: 2023-03-27T04:10:51.054
[ Info: Reading /projects/pvsoiling/RELOG/Manufacturing_cap_40209_1/input/solver/case.json...
[ Info:          134 collection centers
[ Info:          268 candidate plant locations
[ Info: Building graph...
[ Info:           26 time periods
[ Info:          268 process nodes
[ Info:          268 shipping nodes (plant)
[ Info:          134 shipping nodes (collection)
[ Info:        36180 arcs
[ Info: Building optimization model...
[ Info: Optimizing MILP...
[ Info: Re-optimizing with integer variables fixed...
[ Info: Extracting solution...
[ Info:       3655.293057279s: 1 hour, 55 seconds, 293 milliseconds
