Set parameter TokenServer to value "license-1.hpc.nrel.gov"
Set parameter TimeLimit to value 3600
Set parameter MIPGap to value 0.001
Set parameter MIPGap to value 0.001
Set parameter TimeLimit to value 3600
Gurobi Optimizer version 9.5.1 build v9.5.1rc2 (linux64)
Thread count: 36 physical cores, 36 logical processors, using up to 32 threads
Optimize a model with 337848 rows, 1385332 columns and 2838644 nonzeros
Model fingerprint: 0x892e93c1
Variable types: 1369264 continuous, 16068 integer (16068 binary)
Coefficient statistics:
  Matrix range     [3e-06, 1e+06]
  Objective range  [2e-01, 1e+07]
  Bounds range     [7e+03, 1e+08]
  RHS range        [1e-03, 2e+05]
Presolve removed 310262 rows and 289309 columns
Presolve time: 4.97s
Presolved: 27586 rows, 1096023 columns, 2218620 nonzeros
Variable types: 1092006 continuous, 4017 integer (4017 binary)

Deterministic concurrent LP optimizer: primal simplex, dual simplex, and barrier
Showing barrier log only...

Root barrier log...

Ordering time: 0.63s
Ordering time: 2.53s

Barrier statistics:
 Dense cols : 248
 AA' NZ     : 1.177e+06
 Factor NZ  : 1.455e+07 (roughly 600 MB of memory)
 Factor Ops : 3.030e+10 (less than 1 second per iteration)
 Threads    : 29

                  Objective                Residual
Iter       Primal          Dual         Primal    Dual     Compl     Time
   0   1.99828245e+13 -4.59255775e+13  2.49e+06 7.42e+03  1.05e+09    15s
   1   8.48497486e+12 -2.09493311e+13  1.05e+06 3.12e-01  4.38e+08    16s
   2   1.40651183e+12 -8.12907897e+12  1.74e+05 3.12e+02  7.35e+07    16s
   3   5.31460061e+10 -1.62278812e+12  6.01e+03 3.86e+01  3.13e+06    16s
   4   5.86106428e+09 -1.80571372e+11  1.30e+02 2.05e+00  1.32e+05    17s
   5   5.67872929e+09 -1.41978980e+11  1.09e+02 1.57e+00  1.04e+05    17s
   6   5.48276862e+09 -1.03479578e+11  8.64e+01 1.10e+00  7.70e+04    17s
   7   4.86532829e+09 -8.07586595e+10  2.25e+01 8.46e-01  4.55e+04    17s
   8   4.53731263e+09 -5.46491619e+10  9.92e+00 5.70e-01  2.94e+04    18s
   9   3.93640849e+09 -1.62901819e+10  3.76e+00 1.71e-01  9.87e+03    18s
  10   3.29775280e+09 -4.08078991e+09  1.83e+00 5.39e-02  3.56e+03    18s
  11   3.15520424e+09 -3.49509083e+09  1.47e+00 4.84e-02  3.18e+03    18s
  12   3.06293594e+09 -3.35002601e+09  1.24e+00 4.73e-02  3.04e+03    19s
  13   3.01207507e+09 -2.67276530e+09  1.12e+00 4.07e-02  2.69e+03    19s
  14   2.93831823e+09 -2.50704495e+09  9.41e-01 3.95e-02  2.56e+03    19s
  15   2.80497478e+09 -1.89997594e+09  9.53e-01 3.43e-02  2.19e+03    19s
  16   2.64465955e+09 -7.22403982e+08  2.39e+00 2.31e-02  1.55e+03    20s
  17   2.52793036e+09  5.72503151e+08  4.81e-01 1.23e-02  8.96e+02    20s
  18   2.41924073e+09  1.02911221e+09  5.53e-01 9.16e-03  6.35e+02    21s
  19   2.33799982e+09  1.27762013e+09  3.83e-01 6.84e-03  4.83e+02    21s
  20   2.27198601e+09  1.53703625e+09  2.74e-01 4.55e-03  3.35e+02    21s
  21   2.24307985e+09  1.63725507e+09  2.35e-01 3.45e-03  2.76e+02    22s
  22   2.16428177e+09  1.69112181e+09  1.57e-01 2.79e-03  2.15e+02    22s
  23   2.11363184e+09  1.77080982e+09  1.30e-01 1.85e-03  1.56e+02    22s
  24   2.06059684e+09  1.82237571e+09  8.58e-02 1.08e-03  1.08e+02    23s
  25   2.02108151e+09  1.85905837e+09  7.45e-02 6.73e-04  7.35e+01    23s
  26   1.98578373e+09  1.87362960e+09  5.71e-02 5.16e-04  5.09e+01    24s
  27   1.96391706e+09  1.88987835e+09  3.61e-02 3.58e-04  3.36e+01    24s
  28   1.94919421e+09  1.89960306e+09  2.37e-02 2.46e-04  2.25e+01    25s
  29   1.93770363e+09  1.90561490e+09  1.51e-02 1.73e-04  1.45e+01    25s
  30   1.92943930e+09  1.91025785e+09  8.80e-03 1.06e-04  8.69e+00    26s
  31   1.92608839e+09  1.91266174e+09  6.39e-03 6.90e-05  6.08e+00    26s
  32   1.92366036e+09  1.91377363e+09  4.69e-03 4.98e-05  4.48e+00    27s
  33   1.92190997e+09  1.91457678e+09  3.51e-03 3.51e-05  3.32e+00    27s
  34   1.92047783e+09  1.91513803e+09  2.57e-03 2.44e-05  2.42e+00    27s
  35   1.91982767e+09  1.91553049e+09  2.15e-03 1.67e-05  1.95e+00    27s
  36   1.91918421e+09  1.91575836e+09  1.74e-03 1.19e-05  1.55e+00    27s
  37   1.91840165e+09  1.91584923e+09  1.25e-03 9.96e-06  1.16e+00    28s
  38   1.91785655e+09  1.91597520e+09  9.19e-04 7.27e-06  8.52e-01    28s
  39   1.91765636e+09  1.91606894e+09  7.97e-04 5.18e-06  7.19e-01    28s
  40   1.91720791e+09  1.91612916e+09  5.28e-04 3.80e-06  4.89e-01    28s
  41   1.91701278e+09  1.91618305e+09  4.18e-04 2.54e-06  3.76e-01    29s
  42   1.91668680e+09  1.91621994e+09  2.30e-04 1.71e-06  2.11e-01    29s
  43   1.91650764e+09  1.91624270e+09  1.31e-04 1.18e-06  1.20e-01    30s
  44   1.91641882e+09  1.91626448e+09  7.79e-05 6.15e-07  6.99e-02    30s

Barrier performed 44 iterations in 29.90 seconds (27.56 work units)
Barrier solve interrupted - model solved by another algorithm

Concurrent spin time: 5.11s (can be avoided by choosing Method=3)

Solved with primal simplex

Root relaxation: objective 1.916286e+09, 313876 iterations, 27.31 seconds (19.75 work units)
Total elapsed time = 35.22s

    Nodes    |    Current Node    |     Objective Bounds      |     Work
 Expl Unexpl |  Obj  Depth IntInf | Incumbent    BestBd   Gap | It/Node Time

     0     0 1.9163e+09    0  422          - 1.9163e+09      -     -   36s
H    0     0                    2.099873e+09 1.9163e+09  8.74%     -   38s
H    0     0                    2.079272e+09 1.9163e+09  7.84%     -   42s
H    0     0                    2.078810e+09 1.9163e+09  7.82%     -   47s
     0     0 1.9168e+09    0  460 2.0788e+09 1.9168e+09  7.79%     -   63s
H    0     0                    2.078568e+09 1.9168e+09  7.78%     -   67s
     0     0 1.9168e+09    0  435 2.0786e+09 1.9168e+09  7.78%     -   77s
     0     0 1.9168e+09    0  441 2.0786e+09 1.9168e+09  7.78%     -   79s
     0     0 1.9168e+09    0  441 2.0786e+09 1.9168e+09  7.78%     -   80s
     0     0 1.9174e+09    0  499 2.0786e+09 1.9174e+09  7.76%     -  160s
     0     0 1.9174e+09    0  501 2.0786e+09 1.9174e+09  7.75%     -  196s
     0     0 1.9175e+09    0  517 2.0786e+09 1.9175e+09  7.75%     -  212s
     0     0 1.9175e+09    0  528 2.0786e+09 1.9175e+09  7.75%     -  222s
     0     0 1.9175e+09    0  526 2.0786e+09 1.9175e+09  7.75%     -  228s
     0     0 1.9175e+09    0  526 2.0786e+09 1.9175e+09  7.75%     -  230s
     0     0 1.9178e+09    0  524 2.0786e+09 1.9178e+09  7.74%     -  375s
     0     0 1.9178e+09    0  538 2.0786e+09 1.9178e+09  7.73%     -  455s
     0     0 1.9178e+09    0  554 2.0786e+09 1.9178e+09  7.73%     -  487s
     0     0 1.9178e+09    0  560 2.0786e+09 1.9178e+09  7.73%     -  507s
     0     0 1.9179e+09    0  563 2.0786e+09 1.9179e+09  7.73%     -  526s
     0     0 1.9179e+09    0  562 2.0786e+09 1.9179e+09  7.73%     -  535s
     0     0 1.9179e+09    0  573 2.0786e+09 1.9179e+09  7.73%     -  549s
     0     0 1.9179e+09    0  569 2.0786e+09 1.9179e+09  7.73%     -  569s
     0     0 1.9179e+09    0  582 2.0786e+09 1.9179e+09  7.73%     -  575s
     0     0 1.9181e+09    0  607 2.0786e+09 1.9181e+09  7.72%     -  832s
H    0     0                    1.928006e+09 1.9181e+09  0.51%     -  837s
     0     0 1.9182e+09    0  659 1.9280e+09 1.9182e+09  0.51%     -  944s
     0     0 1.9182e+09    0  648 1.9280e+09 1.9182e+09  0.51%     - 1007s
     0     0 1.9182e+09    0  624 1.9280e+09 1.9182e+09  0.51%     - 1040s
     0     0 1.9182e+09    0  635 1.9280e+09 1.9182e+09  0.51%     - 1064s
     0     0 1.9182e+09    0  621 1.9280e+09 1.9182e+09  0.51%     - 1092s
     0     0 1.9182e+09    0  648 1.9280e+09 1.9182e+09  0.51%     - 1118s
     0     0 1.9182e+09    0  635 1.9280e+09 1.9182e+09  0.51%     - 1128s
     0     0 1.9182e+09    0  649 1.9280e+09 1.9182e+09  0.51%     - 1136s
     0     0 1.9184e+09    0  675 1.9280e+09 1.9184e+09  0.50%     - 1432s
H    0     0                    1.927791e+09 1.9184e+09  0.49%     - 1436s
     0     0 1.9184e+09    0  694 1.9278e+09 1.9184e+09  0.49%     - 1592s
     0     0 1.9184e+09    0  731 1.9278e+09 1.9184e+09  0.49%     - 1733s
     0     0 1.9184e+09    0  721 1.9278e+09 1.9184e+09  0.49%     - 1792s
     0     0 1.9184e+09    0  703 1.9278e+09 1.9184e+09  0.49%     - 1832s
     0     0 1.9184e+09    0  714 1.9278e+09 1.9184e+09  0.49%     - 1863s
     0     0 1.9184e+09    0  725 1.9278e+09 1.9184e+09  0.49%     - 1885s
     0     0 1.9186e+09    0  732 1.9278e+09 1.9186e+09  0.48%     - 3562s
H    0     0                    1.927149e+09 1.9186e+09  0.45%     - 3574s
     0     0          -    0      1.9271e+09 1.9186e+09  0.45%     - 3600s

Cutting planes:
  Implied bound: 7210
  MIR: 144
  Flow cover: 2146
  Flow path: 1067
  Network: 11
  RLT: 136
  Relax-and-lift: 223

Explored 1 nodes (528042 simplex iterations) in 3600.07 seconds (4114.20 work units)
Thread count was 32 (of 36 available processors)

Solution count 7: 1.92715e+09 1.92779e+09 1.92801e+09 ... 2.09987e+09

Time limit reached
Best objective 1.927148633249e+09, best bound 1.918553481790e+09, gap 0.4460%

User-callback calls 21441, time in user-callback 0.02 sec
Set parameter TokenServer to value "license-1.hpc.nrel.gov"
Set parameter TimeLimit to value 3600
Set parameter MIPGap to value 0.001
Set parameter MIPGap to value 0.001
Set parameter TimeLimit to value 3600
Gurobi Optimizer version 9.5.1 build v9.5.1rc2 (linux64)
Thread count: 36 physical cores, 36 logical processors, using up to 32 threads
Optimize a model with 337848 rows, 1385332 columns and 2838644 nonzeros
Model fingerprint: 0xa7b831bf
Coefficient statistics:
  Matrix range     [3e-06, 1e+06]
  Objective range  [2e-01, 1e+07]
  Bounds range     [1e+00, 1e+08]
  RHS range        [1e-03, 2e+05]

Concurrent LP optimizer: primal simplex, dual simplex, and barrier
Showing barrier log only...

Presolve removed 333479 rows and 1192693 columns
Presolve time: 1.39s
Presolved: 4369 rows, 192639 columns, 383857 nonzeros

Ordering time: 0.03s

Barrier statistics:
 AA' NZ     : 1.907e+05
 Factor NZ  : 3.870e+05 (roughly 80 MB of memory)
 Factor Ops : 4.157e+07 (less than 1 second per iteration)
 Threads    : 30

                  Objective                Residual
Iter       Primal          Dual         Primal    Dual     Compl     Time
   0   1.29563002e+13 -3.51623388e+11  9.48e+07 2.84e-14  2.46e+08     1s
   1   3.26546041e+12 -1.07060873e+11  2.39e+07 2.84e-13  6.31e+07     2s
   2   8.59207959e+11 -5.35506107e+09  6.27e+06 5.63e-12  1.67e+07     2s
   3   6.65313406e+09 -2.91377371e+09  3.11e+04 1.28e-12  1.09e+05     2s
   4   3.06587279e+09 -1.28054351e+08  5.23e+03 4.83e-12  2.55e+04     2s
   5   2.31760863e+09  1.09884254e+09  5.14e+02 2.13e-12  6.95e+03     2s
   6   2.13088127e+09  1.53102312e+09  2.41e+01 1.05e-12  3.09e+03     2s
   7   2.07436737e+09  1.70455892e+09  1.23e+01 6.25e-13  1.90e+03     2s
   8   2.01088412e+09  1.80090425e+09  2.90e+00 3.69e-13  1.07e+03     2s
   9   1.98872912e+09  1.86240803e+09  1.65e+00 9.52e-13  6.46e+02     2s
  10   1.95485831e+09  1.89575706e+09  3.88e-01 9.95e-13  3.02e+02     2s
  11   1.94841204e+09  1.90765419e+09  2.73e-01 1.90e-12  2.08e+02     2s
  12   1.93377491e+09  1.91628567e+09  4.61e-02 1.62e-12  8.93e+01     2s
  13   1.93041499e+09  1.91920352e+09  2.14e-02 1.17e-12  5.72e+01     2s
  14   1.92820259e+09  1.92323536e+09  8.03e-03 9.95e-13  2.54e+01     2s
  15   1.92703725e+09  1.92471504e+09  2.92e-03 1.45e-12  1.19e+01     2s
  16   1.92654590e+09  1.92535080e+09  1.18e-03 5.40e-13  6.10e+00     2s
  17   1.92635122e+09  1.92579861e+09  5.64e-04 3.13e-13  2.82e+00     2s
  18   1.92623379e+09  1.92594100e+09  2.85e-04 2.56e-13  1.49e+00     2s
  19   1.92615063e+09  1.92603120e+09  8.91e-05 1.99e-13  6.10e-01     2s
  20   1.92612488e+09  1.92605957e+09  3.87e-05 1.42e-13  3.33e-01     2s
  21   1.92610444e+09  1.92608803e+09  2.90e-06 8.53e-14  8.38e-02     2s
  22   1.92610240e+09  1.92609510e+09  8.54e-07 5.68e-14  3.72e-02     2s
  23   1.92610114e+09  1.92610051e+09  6.47e-08 5.68e-14  3.25e-03     2s
  24   1.92610105e+09  1.92610091e+09  1.71e-08 8.53e-14  6.88e-04     2s
  25   1.92610100e+09  1.92610099e+09  3.32e-08 8.53e-14  1.61e-05     2s
  26   1.92610099e+09  1.92610099e+09  7.57e-09 1.42e-13  1.61e-08     2s

Barrier performed 26 iterations in 2.19 seconds (1.76 work units)
Barrier solve interrupted - model solved by another algorithm


Solved with primal simplex
Solved in 28390 iterations and 2.21 seconds (1.23 work units)
Optimal objective  1.926100995e+09

User-callback calls 229, time in user-callback 0.00 sec
[ Info:  started timer at: 2023-03-25T11:35:43.040
[ Info: Reading /projects/pvsoiling/RELOG/Recycling_NAICS_05/input/solver/case.json...
[ Info:          134 collection centers
[ Info:          309 candidate plant locations
[ Info: Building graph...
[ Info:           26 time periods
[ Info:          309 process nodes
[ Info:         4944 shipping nodes (plant)
[ Info:          134 shipping nodes (collection)
[ Info:        46350 arcs
[ Info: Building optimization model...
[ Info: Optimizing MILP...
[ Info: Re-optimizing with integer variables fixed...
[ Info: Extracting solution...
[ Info:       3653.476955235s: 1 hour, 53 seconds, 476 milliseconds
