Set parameter TokenServer to value "license-1.hpc.nrel.gov"
Set parameter TimeLimit to value 3600
Set parameter MIPGap to value 0.001
Set parameter MIPGap to value 0.001
Set parameter TimeLimit to value 3600
Gurobi Optimizer version 9.5.1 build v9.5.1rc2 (linux64)
Thread count: 36 physical cores, 36 logical processors, using up to 32 threads
Optimize a model with 332904 rows, 1385332 columns and 2833700 nonzeros
Model fingerprint: 0x3441a6d8
Variable types: 1369264 continuous, 16068 integer (16068 binary)
Coefficient statistics:
  Matrix range     [3e-06, 1e+06]
  Objective range  [2e-01, 1e+07]
  Bounds range     [7e+03, 1e+08]
  RHS range        [1e-03, 2e+05]
Presolve removed 303464 rows and 282820 columns (presolve time = 5s) ...
Presolve removed 303464 rows and 282820 columns
Presolve time: 5.68s
Presolved: 29440 rows, 1102512 columns, 2234070 nonzeros
Variable types: 1092006 continuous, 10506 integer (10506 binary)

Deterministic concurrent LP optimizer: primal simplex, dual simplex, and barrier
Showing barrier log only...

Root barrier log...

Ordering time: 2.05s
Ordering time: 4.08s

Barrier statistics:
 AA' NZ     : 1.179e+06
 Factor NZ  : 1.638e+07 (roughly 600 MB of memory)
 Factor Ops : 3.054e+10 (less than 1 second per iteration)
 Threads    : 29

                  Objective                Residual
Iter       Primal          Dual         Primal    Dual     Compl     Time
   0   8.58357472e+13 -1.01489212e+14  2.49e+06 3.42e+03  2.32e+09    18s
   1   1.22142606e+13 -4.69321792e+13  3.53e+05 1.86e-09  3.39e+08    18s
   2   2.75120024e+12 -1.42596879e+13  7.95e+04 7.39e-07  7.68e+07    19s
   3   1.58390080e+11 -2.67744071e+12  4.45e+03 5.72e-08  5.02e+06    19s
   4   1.48365175e+10 -2.79165929e+11  2.92e+02 2.58e-09  3.54e+05    20s
   5   9.23364457e+09 -1.78877326e+11  1.34e+02 3.73e-09  1.78e+05    20s
   6   6.48532442e+09 -1.39192034e+11  5.74e+01 1.86e-09  1.04e+05    20s
   7   5.76259169e+09 -1.03913113e+11  3.82e+01 1.86e-09  7.27e+04    20s
   8   5.24026997e+09 -8.33572322e+10  2.55e+01 1.86e-09  5.45e+04    21s
   9   4.87571572e+09 -6.57214210e+10  1.59e+01 1.86e-09  4.03e+04    21s
  10   4.46083068e+09 -4.27860455e+10  7.16e+00 1.86e-09  2.46e+04    21s
  11   3.67782046e+09 -2.29117942e+10  4.01e+00 1.86e-09  1.34e+04    21s
  12   3.37841082e+09 -1.17852798e+10  2.85e+00 1.86e-09  7.59e+03    21s
  13   3.28829463e+09 -1.01734043e+10  2.50e+00 1.86e-09  6.69e+03    22s
  14   3.20014590e+09 -8.72536998e+09  2.17e+00 3.73e-09  5.88e+03    22s
  15   2.99755618e+09 -7.08614093e+09  1.42e+00 3.73e-09  4.84e+03    22s
  16   2.93512647e+09 -4.73400751e+09  1.22e+00 3.73e-09  3.67e+03    22s
  17   2.81716854e+09 -2.90467004e+09  8.73e-01 1.86e-09  2.71e+03    23s
  18   2.78255698e+09 -1.78322977e+09  7.96e-01 1.86e-09  2.16e+03    23s
  19   2.67116095e+09 -1.25536033e+09  5.55e-01 1.86e-09  1.83e+03    23s
  20   2.59714950e+09 -3.85110117e+08  4.41e-01 3.73e-09  1.39e+03    24s
  21   2.53166416e+09  2.32894068e+08  3.53e-01 1.86e-09  1.07e+03    24s
  22   2.48978424e+09  5.52915519e+08  3.07e-01 1.86e-09  8.96e+02    25s
  23   2.46651059e+09  8.26880299e+08  2.84e-01 1.86e-09  7.57e+02    25s
  24   2.42853932e+09  1.06866026e+09  2.54e-01 3.73e-09  6.27e+02    25s
  25   2.39190243e+09  1.20807240e+09  2.76e-01 3.73e-09  5.45e+02    26s
  26   2.34326182e+09  1.35270219e+09  2.40e-01 3.73e-09  4.55e+02    26s
  27   2.31318295e+09  1.39827410e+09  2.23e-01 3.73e-09  4.20e+02    26s
  28   2.27571116e+09  1.48625009e+09  1.92e-01 3.73e-09  3.62e+02    27s
  29   2.24618496e+09  1.56486257e+09  1.76e-01 1.86e-09  3.12e+02    27s
  30   2.19042244e+09  1.61123756e+09  1.44e-01 1.86e-09  2.64e+02    27s
  31   2.17737082e+09  1.63540247e+09  1.38e-01 1.86e-09  2.47e+02    28s
  32   2.13518151e+09  1.66626456e+09  1.35e-01 3.73e-09  2.14e+02    28s
  33   2.10570355e+09  1.68554120e+09  1.37e-01 3.73e-09  1.91e+02    29s
  34   2.07120784e+09  1.71836807e+09  3.35e-01 3.73e-09  1.60e+02    29s
  35   2.04780466e+09  1.75069822e+09  4.55e-01 1.86e-09  1.35e+02    29s
  36   2.02481085e+09  1.78278014e+09  4.35e-01 3.73e-09  1.10e+02    30s
  37   2.00388888e+09  1.79915016e+09  4.35e-01 1.86e-09  9.27e+01    30s
  38   1.98231013e+09  1.81522735e+09  2.78e-01 1.86e-09  7.55e+01    30s
  39   1.96701652e+09  1.82245342e+09  2.38e-01 1.86e-09  6.53e+01    31s
  40   1.94563064e+09  1.83290105e+09  2.12e-01 1.86e-09  5.09e+01    31s
  41   1.93307577e+09  1.84187015e+09  1.74e-01 3.73e-09  4.11e+01    32s
  42   1.92934986e+09  1.84366982e+09  1.65e-01 1.86e-09  3.86e+01    32s
  43   1.91673503e+09  1.84829547e+09  1.31e-01 1.86e-09  3.08e+01    33s
  44   1.90800641e+09  1.85324993e+09  1.08e-01 3.73e-09  2.46e+01    33s
  45   1.89582407e+09  1.85663210e+09  7.72e-02 1.86e-09  1.76e+01    34s
  46   1.88774747e+09  1.85911413e+09  5.67e-02 1.86e-09  1.29e+01    35s
  47   1.88122938e+09  1.86086695e+09  4.04e-02 1.86e-09  9.13e+00    35s
  48   1.87639858e+09  1.86209195e+09  2.82e-02 1.86e-09  6.41e+00    36s
  49   1.87265889e+09  1.86275117e+09  1.90e-02 1.86e-09  4.44e+00    36s
  50   1.87001171e+09  1.86353230e+09  1.28e-02 1.86e-09  2.90e+00    37s
  51   1.86757776e+09  1.86389969e+09  6.88e-03 3.73e-09  1.65e+00    37s
  52   1.86605352e+09  1.86414780e+09  3.36e-03 1.86e-09  8.53e-01    38s
  53   1.86525827e+09  1.86434823e+09  1.51e-03 1.86e-09  4.07e-01    38s
  54   1.86489167e+09  1.86439939e+09  7.27e-04 1.86e-09  2.21e-01    38s
  55   1.86477661e+09  1.86444030e+09  4.91e-04 1.86e-09  1.51e-01    38s
  56   1.86471239e+09  1.86446253e+09  3.65e-04 1.86e-09  1.12e-01    39s
  57   1.86465174e+09  1.86447198e+09  2.49e-04 1.86e-09  8.06e-02    39s
  58   1.86461202e+09  1.86448324e+09  1.76e-04 3.73e-09  5.77e-02    39s
  59   1.86458023e+09  1.86448656e+09  1.19e-04 3.73e-09  4.20e-02    39s
  60   1.86456085e+09  1.86449516e+09  8.56e-05 1.86e-09  2.94e-02    39s
  61   1.86454623e+09  1.86449906e+09  6.09e-05 1.86e-09  2.11e-02    40s
  62   1.86453399e+09  1.86450181e+09  4.08e-05 1.86e-09  1.44e-02    40s
  63   1.86452834e+09  1.86450344e+09  3.16e-05 1.86e-09  1.12e-02    40s
  64   1.86452062e+09  1.86450505e+09  1.93e-05 1.86e-09  6.98e-03    40s
  65   1.86451516e+09  1.86450596e+09  1.07e-05 1.86e-09  4.12e-03    40s
  66   1.86451284e+09  1.86450676e+09  7.17e-06 1.86e-09  2.73e-03    41s
  67   1.86451020e+09  1.86450723e+09  3.23e-06 1.86e-09  1.33e-03    41s
  68   1.86450937e+09  1.86450741e+09  2.02e-06 1.86e-09  8.78e-04    41s
  69   1.86450873e+09  1.86450756e+09  1.09e-06 1.86e-09  5.22e-04    41s
  70   1.86450833e+09  1.86450772e+09  5.37e-07 1.86e-09  2.76e-04    41s
  71   1.86450807e+09  1.86450781e+09  1.86e-07 1.86e-09  1.17e-04    42s
  72   1.86450799e+09  1.86450786e+09  7.13e-08 1.86e-09  5.50e-05    42s
  73   1.86450795e+09  1.86450789e+09  2.56e-08 1.86e-09  2.79e-05    42s
  74   1.86450794e+09  1.86450791e+09  1.61e-08 1.86e-09  1.46e-05    42s
  75   1.86450793e+09  1.86450792e+09  6.78e-09 1.86e-09  4.15e-06    43s
  76   1.86450793e+09  1.86450793e+09  1.34e-09 3.73e-09  4.83e-07    43s
  77   1.86450793e+09  1.86450793e+09  5.02e-10 1.86e-09  3.48e-09    43s

Barrier solved model in 77 iterations and 42.98 seconds (43.15 work units)
Optimal objective 1.86450793e+09


Root crossover log...

   23920 DPushes remaining with DInf 6.2886882e-03                43s
       0 DPushes remaining with DInf 0.0000000e+00                44s

    1292 PPushes remaining with PInf 3.9726343e-05                44s
       0 PPushes remaining with PInf 0.0000000e+00                44s

  Push phase complete: Pinf 0.0000000e+00, Dinf 8.5337890e+04     44s


Root simplex log...

Iteration    Objective       Primal Inf.    Dual Inf.      Time
   19504    1.8645079e+09   0.000000e+00   8.533789e+04     44s
   19506    1.8645079e+09   0.000000e+00   0.000000e+00     44s
   19506    1.8645079e+09   0.000000e+00   0.000000e+00     44s
Concurrent spin time: 9.42s (can be avoided by choosing Method=3)

Solved with barrier

Root relaxation: objective 1.864508e+09, 19506 iterations, 45.77 seconds (35.25 work units)

    Nodes    |    Current Node    |     Objective Bounds      |     Work
 Expl Unexpl |  Obj  Depth IntInf | Incumbent    BestBd   Gap | It/Node Time

     0     0 1.8645e+09    0  617          - 1.8645e+09      -     -   56s
H    0     0                    2.061073e+09 1.8645e+09  9.54%     -   58s
H    0     0                    2.032222e+09 1.8645e+09  8.25%     -   61s
H    0     0                    2.024419e+09 1.8645e+09  7.90%     -   66s
H    0     0                    2.017722e+09 1.8645e+09  7.59%     -   67s
     0     0 1.8652e+09    0  843 2.0177e+09 1.8652e+09  7.56%     -   80s
     0     0 1.8653e+09    0  871 2.0177e+09 1.8653e+09  7.56%     -   95s
     0     0 1.8653e+09    0  865 2.0177e+09 1.8653e+09  7.56%     -   99s
     0     0 1.8653e+09    0  860 2.0177e+09 1.8653e+09  7.56%     -  101s
     0     0 1.8653e+09    0  856 2.0177e+09 1.8653e+09  7.56%     -  102s
     0     0 1.8660e+09    0  825 2.0177e+09 1.8660e+09  7.52%     -  145s
     0     0 1.8661e+09    0  832 2.0177e+09 1.8661e+09  7.51%     -  183s
     0     0 1.8661e+09    0  832 2.0177e+09 1.8661e+09  7.51%     -  202s
     0     0 1.8661e+09    0  823 2.0177e+09 1.8661e+09  7.51%     -  212s
     0     0 1.8662e+09    0  832 2.0177e+09 1.8662e+09  7.51%     -  219s
     0     0 1.8662e+09    0  845 2.0177e+09 1.8662e+09  7.51%     -  224s
     0     0 1.8662e+09    0  834 2.0177e+09 1.8662e+09  7.51%     -  231s
     0     0 1.8662e+09    0  843 2.0177e+09 1.8662e+09  7.51%     -  236s
     0     0 1.8662e+09    0  836 2.0177e+09 1.8662e+09  7.51%     -  240s
     0     0 1.8662e+09    0  835 2.0177e+09 1.8662e+09  7.51%     -  242s
     0     0 1.8665e+09    0  865 2.0177e+09 1.8665e+09  7.49%     -  365s
H    0     0                    1.874171e+09 1.8665e+09  0.41%     -  371s
     0     0 1.8666e+09    0  855 1.8742e+09 1.8666e+09  0.41%     -  455s
     0     0 1.8666e+09    0  870 1.8742e+09 1.8666e+09  0.40%     -  493s
     0     0 1.8666e+09    0  856 1.8742e+09 1.8666e+09  0.40%     -  511s
     0     0 1.8666e+09    0  850 1.8742e+09 1.8666e+09  0.40%     -  528s
     0     0 1.8666e+09    0  855 1.8742e+09 1.8666e+09  0.40%     -  538s
     0     0 1.8666e+09    0  849 1.8742e+09 1.8666e+09  0.40%     -  545s
     0     0 1.8666e+09    0  861 1.8742e+09 1.8666e+09  0.40%     -  548s
     0     0 1.8668e+09    0  953 1.8742e+09 1.8668e+09  0.39%     -  798s
H    0     0                    1.873674e+09 1.8668e+09  0.36%     -  806s
     0     0 1.8669e+09    0  927 1.8737e+09 1.8669e+09  0.36%     -  911s
     0     0 1.8669e+09    0  938 1.8737e+09 1.8669e+09  0.36%     -  960s
     0     0 1.8669e+09    0  965 1.8737e+09 1.8669e+09  0.36%     -  991s
     0     0 1.8669e+09    0  957 1.8737e+09 1.8669e+09  0.36%     - 1011s
     0     0 1.8669e+09    0  988 1.8737e+09 1.8669e+09  0.36%     - 1023s
     0     0 1.8669e+09    0  991 1.8737e+09 1.8669e+09  0.36%     - 1032s
     0     0 1.8669e+09    0  999 1.8737e+09 1.8669e+09  0.36%     - 1042s
     0     0 1.8669e+09    0  981 1.8737e+09 1.8669e+09  0.36%     - 1050s
     0     0 1.8671e+09    0 1024 1.8737e+09 1.8671e+09  0.35%     - 1284s
     0     0 1.8671e+09    0 1025 1.8737e+09 1.8671e+09  0.35%     - 1403s
     0     0 1.8671e+09    0 1058 1.8737e+09 1.8671e+09  0.35%     - 1455s
     0     0 1.8672e+09    0 1026 1.8737e+09 1.8672e+09  0.35%     - 1490s
     0     0 1.8672e+09    0 1018 1.8737e+09 1.8672e+09  0.35%     - 1510s
     0     0 1.8672e+09    0 1041 1.8737e+09 1.8672e+09  0.35%     - 1523s
     0     0 1.8672e+09    0 1029 1.8737e+09 1.8672e+09  0.35%     - 1539s
     0     0 1.8672e+09    0 1038 1.8737e+09 1.8672e+09  0.35%     - 1549s
     0     0 1.8672e+09    0 1026 1.8737e+09 1.8672e+09  0.35%     - 1557s
     0     0 1.8673e+09    0 1045 1.8737e+09 1.8673e+09  0.34%     - 1965s
H    0     0                    1.873380e+09 1.8673e+09  0.32%     - 1982s
     0     0 1.8673e+09    0 1039 1.8734e+09 1.8673e+09  0.32%     - 2077s
     0     0 1.8673e+09    0 1067 1.8734e+09 1.8673e+09  0.32%     - 2151s
     0     0 1.8673e+09    0 1094 1.8734e+09 1.8673e+09  0.32%     - 2210s
     0     0 1.8673e+09    0 1057 1.8734e+09 1.8673e+09  0.32%     - 2248s
     0     0 1.8673e+09    0 1068 1.8734e+09 1.8673e+09  0.32%     - 2269s
     0     0 1.8674e+09    0 1083 1.8734e+09 1.8674e+09  0.32%     - 2843s
H    0     0                    1.873218e+09 1.8674e+09  0.31%     - 2851s
     0     0 1.8674e+09    0 1062 1.8732e+09 1.8674e+09  0.31%     - 3128s
     0     0 1.8674e+09    0 1081 1.8732e+09 1.8674e+09  0.31%     - 3235s
     0     0 1.8674e+09    0 1083 1.8732e+09 1.8674e+09  0.31%     - 3282s
     0     0          -    0      1.8732e+09 1.8674e+09  0.31%     - 3600s

Cutting planes:
  Implied bound: 9405
  MIR: 134
  Flow cover: 1994
  Flow path: 1840
  Network: 19
  RLT: 342
  Relax-and-lift: 603

Explored 1 nodes (217589 simplex iterations) in 3600.07 seconds (4180.21 work units)
Thread count was 32 (of 36 available processors)

Solution count 8: 1.87322e+09 1.87338e+09 1.87367e+09 ... 2.06107e+09

Time limit reached
Best objective 1.873217599045e+09, best bound 1.867405380232e+09, gap 0.3103%

User-callback calls 33167, time in user-callback 0.02 sec
Set parameter TokenServer to value "license-1.hpc.nrel.gov"
Set parameter TimeLimit to value 3600
Set parameter MIPGap to value 0.001
Set parameter MIPGap to value 0.001
Set parameter TimeLimit to value 3600
Gurobi Optimizer version 9.5.1 build v9.5.1rc2 (linux64)
Thread count: 36 physical cores, 36 logical processors, using up to 32 threads
Optimize a model with 332904 rows, 1385332 columns and 2833700 nonzeros
Model fingerprint: 0x1b2f7c32
Coefficient statistics:
  Matrix range     [3e-06, 1e+06]
  Objective range  [2e-01, 1e+07]
  Bounds range     [1e+00, 1e+08]
  RHS range        [1e-03, 2e+05]

Concurrent LP optimizer: primal simplex, dual simplex, and barrier
Showing barrier log only...

Presolve removed 328981 rows and 1253349 columns
Presolve time: 1.40s
Presolved: 3923 rows, 131983 columns, 262991 nonzeros

Ordering time: 0.02s

Barrier statistics:
 AA' NZ     : 1.305e+05
 Factor NZ  : 2.556e+05 (roughly 60 MB of memory)
 Factor Ops : 2.246e+07 (less than 1 second per iteration)
 Threads    : 30

                  Objective                Residual
Iter       Primal          Dual         Primal    Dual     Compl     Time
   0   9.10573970e+12 -2.27929542e+11  9.47e+07 2.84e-14  2.48e+08     1s
   1   2.18450585e+12 -7.11176826e+10  2.27e+07 2.84e-13  6.05e+07     1s
   2   4.28483682e+11 -8.55079377e+09  4.43e+06 3.41e-12  1.20e+07     2s
   3   4.20636001e+10 -2.28148680e+09  4.13e+05 1.19e-12  1.14e+06     2s
   4   1.25337075e+10 -3.09158657e+08  1.06e+05 7.99e-12  3.01e+05     2s
   5   5.40695294e+09  6.30962779e+08  3.24e+04 6.57e-12  9.44e+04     2s
   6   2.83236181e+09  1.24657979e+09  6.73e+03 3.15e-12  2.27e+04     2s
   7   2.31359051e+09  1.52247028e+09  2.13e+03 1.68e-12  8.84e+03     2s
   8   2.08161718e+09  1.72761797e+09  5.71e+02 6.54e-13  3.25e+03     2s
   9   2.00227625e+09  1.79684448e+09  2.65e+02 3.69e-13  1.75e+03     2s
  10   1.93246789e+09  1.83250390e+09  6.09e+01 1.99e-13  7.80e+02     2s
  11   1.91345558e+09  1.85236201e+09  3.44e+01 1.71e-13  4.68e+02     2s
  12   1.90153024e+09  1.85790322e+09  2.16e+01 1.71e-13  3.32e+02     2s
  13   1.89101139e+09  1.86518832e+09  1.19e+01 1.85e-13  1.94e+02     2s
  14   1.88495468e+09  1.86916456e+09  7.25e+00 1.71e-13  1.18e+02     2s
  15   1.87970237e+09  1.87093807e+09  3.69e+00 1.14e-13  6.54e+01     2s
  16   1.87659881e+09  1.87204751e+09  1.78e+00 9.95e-14  3.39e+01     2s
  17   1.87473475e+09  1.87266149e+09  7.39e-01 1.71e-13  1.54e+01     2s
  18   1.87418441e+09  1.87291720e+09  4.51e-01 1.14e-13  9.41e+00     2s
  19   1.87368872e+09  1.87304051e+09  2.08e-01 7.11e-14  4.81e+00     2s
  20   1.87351392e+09  1.87313243e+09  1.27e-01 8.53e-14  2.83e+00     2s
  21   1.87337168e+09  1.87316535e+09  6.29e-02 8.53e-14  1.53e+00     2s
  22   1.87326961e+09  1.87319018e+09  2.02e-02 8.53e-14  5.90e-01     2s
  23   1.87324873e+09  1.87320555e+09  1.17e-02 8.53e-14  3.20e-01     2s

Barrier performed 23 iterations in 1.93 seconds (1.35 work units)
Barrier solve interrupted - model solved by another algorithm


Solved with dual simplex
Solved in 5440 iterations and 2.16 seconds (1.33 work units)
Optimal objective  1.873217599e+09

User-callback calls 216, time in user-callback 0.00 sec
[ Info:  started timer at: 2023-03-28T02:29:41.977
[ Info: Reading /projects/pvsoiling/RELOG/Recycling_NAICS_05/input/solver/case.json...
[ Info:          134 collection centers
[ Info:          309 candidate plant locations
[ Info: Building graph...
[ Info:           26 time periods
[ Info:          309 process nodes
[ Info:         4944 shipping nodes (plant)
[ Info:          134 shipping nodes (collection)
[ Info:        46350 arcs
[ Info: Building optimization model...
[ Info: Optimizing MILP...
[ Info: Re-optimizing with integer variables fixed...
[ Info: Extracting solution...
[ Info:        3653.51135192s: 1 hour, 53 seconds, 511 milliseconds
