Set parameter TokenServer to value "license-1.hpc.nrel.gov"
Set parameter TimeLimit to value 3600
Set parameter MIPGap to value 0.001
Set parameter MIPGap to value 0.001
Set parameter TimeLimit to value 3600
Gurobi Optimizer version 9.5.1 build v9.5.1rc2 (linux64)
Thread count: 36 physical cores, 36 logical processors, using up to 32 threads
Optimize a model with 79596 rows, 989456 columns and 2026080 nonzeros
Model fingerprint: 0xb423a11a
Variable types: 975520 continuous, 13936 integer (13936 binary)
Coefficient statistics:
  Matrix range     [1e+00, 1e+05]
  Objective range  [2e-01, 4e+08]
  Bounds range     [1e+05, 1e+08]
  RHS range        [8e-01, 2e+06]
Presolve removed 69146 rows and 56012 columns
Presolve time: 3.58s
Presolved: 10450 rows, 933444 columns, 1873320 nonzeros
Variable types: 933176 continuous, 268 integer (268 binary)

Deterministic concurrent LP optimizer: primal and dual simplex
Showing first log only...


Root simplex log...

Iteration    Objective       Primal Inf.    Dual Inf.      Time
       0    2.7695760e+11   2.892134e+06   1.654951e+11      7s
Concurrent spin time: 0.01s

Solved with dual simplex

Root relaxation: objective 4.401318e+11, 18377 iterations, 2.33 seconds (1.57 work units)

    Nodes    |    Current Node    |     Objective Bounds      |     Work
 Expl Unexpl |  Obj  Depth IntInf | Incumbent    BestBd   Gap | It/Node Time

     0     0 4.4013e+11    0    2          - 4.4013e+11      -     -    7s
H    0     0                    4.408010e+11 4.4013e+11  0.15%     -    8s
     0     0 4.4013e+11    0    1 4.4080e+11 4.4013e+11  0.15%     -   13s
     0     0 4.4013e+11    0    1 4.4080e+11 4.4013e+11  0.15%     -   16s
     0     2 4.4013e+11    0    1 4.4080e+11 4.4013e+11  0.15%     -   17s
    15    32 4.4014e+11    4    1 4.4080e+11 4.4013e+11  0.15%   5.9   20s
    95   128 4.4014e+11    7    1 4.4080e+11 4.4013e+11  0.15%   4.0   35s
   159   192 4.4015e+11    9    1 4.4080e+11 4.4013e+11  0.15%   4.0   73s
   191   224 4.4015e+11   10    1 4.4080e+11 4.4013e+11  0.15%   4.0   76s
   386   771 4.4015e+11   14    1 4.4080e+11 4.4013e+11  0.15%   3.9   92s
   770  1803 4.4016e+11   26    1 4.4080e+11 4.4013e+11  0.15%   4.2  103s
  1802  2586 4.4017e+11   55    1 4.4080e+11 4.4013e+11  0.15%   4.6  112s
  2621  3132 4.4019e+11   76    1 4.4080e+11 4.4013e+11  0.15%   4.6  120s
  3355  3787 4.4023e+11   95    1 4.4080e+11 4.4013e+11  0.15%   4.6  126s
  4395  4403 4.4048e+11  128    1 4.4080e+11 4.4013e+11  0.15%   5.0  131s
  5417  5021 4.4052e+11  162    1 4.4080e+11 4.4013e+11  0.15%   5.7  136s
  6432  5661 4.4055e+11  196    1 4.4080e+11 4.4013e+11  0.15%   6.7  142s
  7448  6454 4.4013e+11    9    1 4.4080e+11 4.4013e+11  0.15%  11.0  149s
  8456  7316 4.4016e+11   43    1 4.4080e+11 4.4013e+11  0.15%  12.1  154s
  9544  7337 4.4020e+11   77    1 4.4080e+11 4.4013e+11  0.15%  12.1  198s
  9584  7338 4.4029e+11  112    1 4.4080e+11 4.4013e+11  0.15%  12.2  203s
  9586  7339 4.4024e+11   79    2 4.4080e+11 4.4013e+11  0.15%  12.1  213s
  9587  7340 4.4055e+11  192    1 4.4080e+11 4.4013e+11  0.15%  12.1  215s
  9596  7355 4.4013e+11   14    1 4.4080e+11 4.4013e+11  0.15%  14.0  220s
  9684  7438 4.4015e+11   17    1 4.4080e+11 4.4013e+11  0.15%  13.9  235s
  9748  7480 4.4015e+11   18    1 4.4080e+11 4.4013e+11  0.15%  13.9  259s
  9843  7572 4.4015e+11   20    1 4.4080e+11 4.4013e+11  0.15%  13.8  260s
 10119  8213 4.4015e+11   24    1 4.4080e+11 4.4013e+11  0.15%  13.5  269s
 10636  8602 4.4020e+11   33    1 4.4080e+11 4.4013e+11  0.15%  13.1  277s
 11198  8839 4.4016e+11   45    1 4.4080e+11 4.4013e+11  0.15%  12.7  283s
 11629  9314 4.4016e+11   52    1 4.4080e+11 4.4013e+11  0.15%  12.5  292s
 12269  9676 4.4022e+11   67    1 4.4080e+11 4.4013e+11  0.15%  12.1  299s
 12944 10018 4.4019e+11   86    1 4.4080e+11 4.4013e+11  0.15%  11.8  307s
 13581  9826 4.4033e+11  106    1 4.4080e+11 4.4013e+11  0.15%  11.5  331s
 13613 10325 4.4023e+11  107    1 4.4080e+11 4.4013e+11  0.15%  11.5  337s
 14647 10435 infeasible  137      4.4080e+11 4.4013e+11  0.15%  11.2  344s
 15341 10204 4.4017e+11   65    1 4.4080e+11 4.4013e+11  0.15%  11.0  345s
 15652 10494 infeasible  166      4.4080e+11 4.4013e+11  0.15%  11.0  350s
 16659 10633 4.4052e+11  191    1 4.4080e+11 4.4013e+11  0.15%  11.1  357s
 17667 11003 4.4057e+11  219    1 4.4080e+11 4.4013e+11  0.15%  12.3  362s
 18689 10690 4.4014e+11   23    1 4.4080e+11 4.4013e+11  0.15%  12.9  386s
 18721 11557 4.4014e+11   24    1 4.4080e+11 4.4013e+11  0.15%  12.9  393s
 19791 12127 4.4024e+11   58    2 4.4080e+11 4.4013e+11  0.15%  13.2  400s
 20879 12446 4.4054e+11   92    1 4.4080e+11 4.4013e+11  0.15%  13.2  405s
 21944 12660 4.4060e+11  123    2 4.4080e+11 4.4013e+11  0.15%  13.8  412s
 23024 13122 4.4063e+11  154    1 4.4080e+11 4.4013e+11  0.15%  13.8  417s
 24112 13803 4.4015e+11   39    1 4.4080e+11 4.4013e+11  0.15%  13.7  422s
 25200 13500 4.4019e+11   73    2 4.4080e+11 4.4013e+11  0.15%  13.3  470s
 26351 14678 4.4023e+11  113    1 4.4080e+11 4.4013e+11  0.15%  13.1  479s
 27429 14943 4.4029e+11  147    2 4.4080e+11 4.4013e+11  0.15%  13.1  484s
 28488 15112 4.4047e+11  171    2 4.4080e+11 4.4013e+11  0.15%  13.3  499s
 29411 15291 4.4019e+11   34    1 4.4080e+11 4.4013e+11  0.15%  13.3  506s
 30499 15771 4.4021e+11   68    1 4.4080e+11 4.4013e+11  0.15%  13.2  511s
 31587 16362 4.4025e+11  102    1 4.4080e+11 4.4013e+11  0.15%  13.1  515s
 33733 17848 4.4034e+11  163    4 4.4080e+11 4.4013e+11  0.15%  12.8  524s
 34794 18620 4.4052e+11  185    2 4.4080e+11 4.4013e+11  0.15%  12.7  528s
 35866 19593 4.4078e+11  210    1 4.4080e+11 4.4013e+11  0.15%  12.7  533s
 36954 20481 4.4016e+11   50    1 4.4080e+11 4.4014e+11  0.15%  12.4  537s
 38042 21070 4.4020e+11   84    1 4.4080e+11 4.4014e+11  0.15%  12.2  542s
 39129 21477 4.4025e+11  117    2 4.4080e+11 4.4014e+11  0.15%  12.0  546s
 40212 21979 4.4029e+11  146    2 4.4080e+11 4.4014e+11  0.15%  11.9  551s
 41280 22523 4.4032e+11  163    1 4.4080e+11 4.4014e+11  0.15%  12.2  556s
 42291 23318     cutoff  177      4.4080e+11 4.4014e+11  0.15%  13.1  560s
 44434 25288 4.4017e+11   61    1 4.4080e+11 4.4014e+11  0.15%  13.0  568s
 45522 25876 4.4020e+11   95    1 4.4080e+11 4.4014e+11  0.15%  12.8  572s
 46610 26142 4.4045e+11  122    1 4.4080e+11 4.4014e+11  0.15%  12.6  576s
 47698 26515 4.4046e+11  156    1 4.4080e+11 4.4014e+11  0.15%  12.5  580s
 48786 27199 4.4050e+11  190    1 4.4080e+11 4.4014e+11  0.15%  12.5  585s
 49872 27800 4.4055e+11  224    1 4.4080e+11 4.4014e+11  0.15%  12.9  590s
 50587 28624 4.4055e+11  225    1 4.4080e+11 4.4014e+11  0.15%  13.1  595s
 52748 30003 4.4016e+11   47    1 4.4080e+11 4.4014e+11  0.15%  13.4  604s
 53836 30552 4.4019e+11   81    2 4.4080e+11 4.4014e+11  0.15%  13.2  608s
 54924 31041 4.4026e+11  115    1 4.4080e+11 4.4014e+11  0.15%  13.2  613s
 56005 31849 4.4049e+11  149    1 4.4080e+11 4.4014e+11  0.15%  13.3  617s
 57076 32740 4.4052e+11  183    1 4.4080e+11 4.4014e+11  0.15%  13.2  622s
 58146 33636 4.4057e+11  217    1 4.4080e+11 4.4014e+11  0.15%  13.1  627s
 59235 33637 4.4057e+11  223    1 4.4080e+11 4.4014e+11  0.15%  13.0  660s
 59237 33638 4.4063e+11  120    2 4.4080e+11 4.4014e+11  0.15%  13.0  671s
 59239 33640 4.4022e+11   69    1 4.4080e+11 4.4014e+11  0.15%  13.0  678s
 59241 33644 4.4014e+11   23    1 4.4080e+11 4.4014e+11  0.15%  13.3  681s
 59271 33694 4.4014e+11   27    1 4.4080e+11 4.4014e+11  0.15%  13.3  685s
 59367 33758 4.4014e+11   29    1 4.4080e+11 4.4014e+11  0.15%  13.3  709s
 59399 33779 4.4015e+11   29    1 4.4080e+11 4.4014e+11  0.15%  13.3  710s
 59431 33801 4.4014e+11   30    1 4.4080e+11 4.4014e+11  0.15%  13.3  750s
 59463 33822 4.4015e+11   30    1 4.4080e+11 4.4014e+11  0.15%  13.3  792s
 59559 34111 4.4015e+11   32    1 4.4080e+11 4.4014e+11  0.15%  13.3  800s
 59816 34835 4.4015e+11   36    1 4.4080e+11 4.4014e+11  0.15%  13.2  817s
 60626 35396 4.4016e+11   50    1 4.4080e+11 4.4014e+11  0.15%  13.1  827s
 61457 35587 4.4016e+11   67    1 4.4080e+11 4.4014e+11  0.15%  13.1  835s
 62045 36014 4.4022e+11   78    1 4.4080e+11 4.4014e+11  0.15%  13.0  844s
 62836 36533 4.4030e+11  101    1 4.4080e+11 4.4014e+11  0.15%  12.9  853s
 63880 36508 4.4047e+11  132    1 4.4080e+11 4.4014e+11  0.15%  12.8  868s
 64653 36595 4.4048e+11  154    1 4.4080e+11 4.4014e+11  0.15%  12.7  877s
 65667 36668 4.4052e+11  184    2 4.4080e+11 4.4014e+11  0.15%  12.7  886s
 66683 37022 infeasible  217      4.4080e+11 4.4014e+11  0.15%  12.9  893s
 67709 37524 4.4022e+11   51    1 4.4080e+11 4.4014e+11  0.15%  13.1  899s
 68797 38060 4.4034e+11   85    1 4.4080e+11 4.4014e+11  0.15%  13.1  905s
 69885 38347 4.4061e+11  119    1 4.4080e+11 4.4014e+11  0.15%  13.3  911s
 70958 38694 4.4014e+11   36    1 4.4080e+11 4.4014e+11  0.15%  13.6  918s
 72032 39074 4.4024e+11   70    2 4.4080e+11 4.4014e+11  0.15%  13.7  924s
 73120 39473 4.4064e+11  104    1 4.4080e+11 4.4014e+11  0.15%  13.6  930s
 74208 40026 4.4014e+11   32    1 4.4080e+11 4.4014e+11  0.15%  13.5  936s
 75296 40532 4.4043e+11   66    2 4.4080e+11 4.4014e+11  0.15%  13.5  941s
 76384 40889 4.4061e+11  100    1 4.4080e+11 4.4014e+11  0.15%  13.3  946s
 77472 41298 4.4019e+11   81    1 4.4080e+11 4.4014e+11  0.15%  13.2  953s
 78560 41557 4.4027e+11   98    1 4.4080e+11 4.4014e+11  0.15%  13.1  959s
 79648 41815 4.4029e+11  115    1 4.4080e+11 4.4014e+11  0.15%  13.0  966s
 80736 42189 4.4031e+11  132    1 4.4080e+11 4.4014e+11  0.15%  13.0  971s
 81824 42520 4.4025e+11  154    1 4.4080e+11 4.4014e+11  0.15%  13.0  976s
 82912 42821 4.4057e+11  186    2 4.4080e+11 4.4014e+11  0.15%  13.0  981s
 84000 43043 4.4060e+11  219    1 4.4080e+11 4.4014e+11  0.15%  12.9  985s
 86176 43300 4.4018e+11   91    1 4.4080e+11 4.4014e+11  0.15%  12.7  994s
 87264 43592 4.4023e+11  125    1 4.4080e+11 4.4014e+11  0.15%  12.7  998s
 88352 44027 4.4049e+11  159    1 4.4080e+11 4.4014e+11  0.15%  12.7 1005s
 89440 44335 4.4052e+11  193    1 4.4080e+11 4.4014e+11  0.15%  12.7 1011s
 90528 44622 4.4058e+11  227    1 4.4080e+11 4.4014e+11  0.15%  12.6 1017s
 91616 44761 4.4016e+11   38    1 4.4080e+11 4.4014e+11  0.15%  12.6 1023s
 92701 45103 4.4017e+11   72    1 4.4080e+11 4.4014e+11  0.15%  12.5 1029s
 93786 45635 4.4020e+11  106    1 4.4080e+11 4.4014e+11  0.15%  12.6 1034s
 94874 46093 4.4048e+11  140    1 4.4080e+11 4.4014e+11  0.15%  12.5 1039s
 95962 46396 4.4050e+11  174    1 4.4080e+11 4.4014e+11  0.15%  12.5 1043s
 97043 46767 4.4055e+11  208    1 4.4080e+11 4.4014e+11  0.15%  12.4 1049s
 98126 47110 4.4059e+11  242    2 4.4080e+11 4.4014e+11  0.15%  12.3 1054s
 99210 47471 4.4017e+11   54    2 4.4080e+11 4.4014e+11  0.15%  12.3 1060s
 100269 47634 4.4018e+11   88    1 4.4080e+11 4.4014e+11  0.15%  12.3 1065s
 101313 47792 4.4021e+11  122    1 4.4080e+11 4.4014e+11  0.15%  12.2 1070s
 102355 48205 4.4049e+11  156    1 4.4080e+11 4.4014e+11  0.15%  12.2 1075s
 103435 48702 4.4053e+11  190    1 4.4080e+11 4.4014e+11  0.15%  12.2 1080s
 104511 48364 4.4057e+11  224    1 4.4080e+11 4.4014e+11  0.15%  12.2 1123s
 104543 49014 4.4058e+11  225    2 4.4080e+11 4.4014e+11  0.15%  12.2 1129s
 105617 49415 4.4016e+11   39    1 4.4080e+11 4.4014e+11  0.15%  12.2 1135s
 106698 49864 4.4017e+11   73    1 4.4080e+11 4.4014e+11  0.15%  12.1 1140s
 108874 50266 4.4045e+11  133    1 4.4080e+11 4.4014e+11  0.15%  11.9 1148s
 109962 50346 4.4047e+11  167    1 4.4080e+11 4.4014e+11  0.15%  11.9 1153s
 111050 50580 4.4050e+11  201    1 4.4080e+11 4.4014e+11  0.15%  11.9 1159s
 112135 50928 4.4056e+11  235    1 4.4080e+11 4.4014e+11  0.15%  11.9 1165s
 113174 51337 4.4061e+11  265    1 4.4080e+11 4.4014e+11  0.15%  12.2 1172s
 114241 51823 4.4017e+11   59    1 4.4080e+11 4.4014e+11  0.15%  12.2 1179s
 115320 52303 4.4019e+11   93    1 4.4080e+11 4.4014e+11  0.15%  12.1 1187s
 116394 52540 4.4025e+11  127    3 4.4080e+11 4.4014e+11  0.15%  12.1 1194s
 117468 52837 4.4050e+11  161    1 4.4080e+11 4.4014e+11  0.15%  12.2 1202s
 118556 52949 4.4053e+11  195    1 4.4080e+11 4.4014e+11  0.15%  12.1 1207s
 119644 53102 4.4058e+11  229    3 4.4080e+11 4.4014e+11  0.15%  12.1 1212s
 120729 53480 4.4017e+11   43    1 4.4080e+11 4.4014e+11  0.15%  12.1 1217s
 121816 54040 4.4038e+11   77    1 4.4080e+11 4.4014e+11  0.15%  12.1 1224s
 122874 54015 4.4056e+11  111    1 4.4080e+11 4.4014e+11  0.15%  12.0 1239s
 123226 54718 4.4070e+11  122    1 4.4080e+11 4.4014e+11  0.15%  12.0 1245s
 124305 55188 4.4017e+11   34    1 4.4080e+11 4.4014e+11  0.15%  12.0 1252s
 125371 55607 4.4043e+11   68    1 4.4080e+11 4.4014e+11  0.15%  11.9 1258s
 126459 55908 4.4056e+11  102    1 4.4080e+11 4.4014e+11  0.15%  11.9 1265s
 127547 56512 4.4079e+11  136    1 4.4080e+11 4.4014e+11  0.15%  11.8 1271s
 128634 57035 4.4030e+11   60    1 4.4080e+11 4.4014e+11  0.15%  11.9 1276s
 129722 57478 4.4031e+11   94    1 4.4080e+11 4.4014e+11  0.15%  12.0 1281s
 130810 57830 4.4061e+11  128    1 4.4080e+11 4.4014e+11  0.15%  11.9 1285s
 131897 58154 4.4071e+11  162    1 4.4080e+11 4.4014e+11  0.15%  11.8 1291s
 132985 58459 4.4016e+11   52    1 4.4080e+11 4.4014e+11  0.15%  11.8 1296s
 134066 58737 4.4017e+11   86    1 4.4080e+11 4.4014e+11  0.15%  11.8 1301s
 135144 59100 4.4021e+11  120    2 4.4080e+11 4.4014e+11  0.15%  11.8 1307s
 136223 59315 4.4045e+11  146    1 4.4080e+11 4.4014e+11  0.15%  11.9 1313s
 137266 59572 4.4048e+11  180    1 4.4080e+11 4.4014e+11  0.15%  12.0 1319s
 138333 60101 4.4052e+11  214    2 4.4080e+11 4.4014e+11  0.15%  12.0 1324s
 139421 60502 4.4058e+11  248    2 4.4080e+11 4.4014e+11  0.15%  12.1 1329s
 140507 61084 4.4016e+11   47    1 4.4080e+11 4.4015e+11  0.15%  12.1 1333s
 141595 61568 4.4017e+11   81    1 4.4080e+11 4.4015e+11  0.15%  12.0 1337s
 142652 61845 4.4021e+11  115    1 4.4080e+11 4.4015e+11  0.15%  12.1 1342s
 143648 61532 4.4049e+11  149    1 4.4080e+11 4.4015e+11  0.15%  12.2 1360s
 143680 61991 4.4049e+11  150    1 4.4080e+11 4.4015e+11  0.15%  12.2 1365s
 145070 62175 4.4030e+11  160    2 4.4080e+11 4.4015e+11  0.15%  12.3 1370s
 146730 63159 4.4018e+11   38    1 4.4080e+11 4.4015e+11  0.15%  12.6 1381s
 147817 63789 4.4036e+11   72    1 4.4080e+11 4.4015e+11  0.15%  12.6 1386s
 148876 64373 4.4049e+11  106    1 4.4080e+11 4.4015e+11  0.15%  12.6 1392s
 149887 64711 4.4053e+11  137    1 4.4080e+11 4.4015e+11  0.15%  12.8 1398s
 150896 64957 4.4017e+11   55    1 4.4080e+11 4.4015e+11  0.15%  12.8 1403s
 151975 65617 4.4018e+11   89    1 4.4080e+11 4.4015e+11  0.15%  12.8 1407s
 153063 66294 4.4021e+11  123    1 4.4080e+11 4.4015e+11  0.15%  12.7 1412s
 154147 66863 4.4049e+11  157    2 4.4080e+11 4.4015e+11  0.15%  12.7 1416s
 155171 67153 4.4053e+11  191    2 4.4080e+11 4.4015e+11  0.15%  12.9 1421s
 156064 67606 4.4058e+11  225    2 4.4080e+11 4.4015e+11  0.15%  13.3 1426s
 157067 67989 4.4015e+11   39    1 4.4080e+11 4.4015e+11  0.15%  13.5 1430s
 158100 68193 4.4016e+11   73    1 4.4080e+11 4.4015e+11  0.15%  13.5 1435s
 159185 68846 4.4020e+11  107    1 4.4080e+11 4.4015e+11  0.15%  13.5 1440s
 160265 69537 4.4026e+11  141    1 4.4080e+11 4.4015e+11  0.15%  13.5 1445s
 161289 70352 4.4029e+11  166    3 4.4080e+11 4.4015e+11  0.15%  13.6 1450s
 163284 71490 4.4015e+11   33    1 4.4080e+11 4.4015e+11  0.15%  13.9 1459s
 164238 72217 4.4018e+11   67    1 4.4080e+11 4.4015e+11  0.15%  14.0 1464s
 165317 73185 4.4021e+11  101    2 4.4080e+11 4.4015e+11  0.15%  14.0 1469s
 166404 74054 4.4050e+11  135    1 4.4080e+11 4.4015e+11  0.15%  14.0 1473s
 167441 74595 4.4051e+11  169    1 4.4080e+11 4.4015e+11  0.15%  14.1 1478s
 168466 75197 4.4054e+11  203    1 4.4080e+11 4.4015e+11  0.15%  14.1 1483s
 169549 76166 4.4060e+11  237    1 4.4080e+11 4.4015e+11  0.15%  14.1 1487s
 170637 77050 4.4018e+11   62    1 4.4080e+11 4.4015e+11  0.15%  14.0 1491s
 171725 77071 4.4021e+11   96    1 4.4080e+11 4.4015e+11  0.15%  14.0 1542s
 171757 77588 4.4021e+11   97    2 4.4080e+11 4.4015e+11  0.15%  14.0 1547s
 172567 78194 4.4021e+11  102    1 4.4080e+11 4.4015e+11  0.15%  14.0 1553s
 173653 78873 4.4050e+11  136    1 4.4080e+11 4.4015e+11  0.15%  13.9 1559s
 174715 79593 4.4051e+11  170    1 4.4080e+11 4.4015e+11  0.15%  13.9 1565s
 175801 80478 4.4054e+11  204    1 4.4080e+11 4.4015e+11  0.15%  13.8 1573s
 176884 81130 4.4060e+11  238    1 4.4080e+11 4.4015e+11  0.15%  13.8 1579s
 177892 81696 infeasible  237      4.4080e+11 4.4015e+11  0.15%  13.8 1583s
 178956 82464 4.4018e+11   62    1 4.4080e+11 4.4015e+11  0.15%  13.8 1588s
 180029 83424 4.4022e+11   96    1 4.4080e+11 4.4015e+11  0.15%  13.8 1592s
 181113 84309 4.4028e+11  130    1 4.4080e+11 4.4015e+11  0.15%  13.7 1596s
 182189 85008 4.4051e+11  164    1 4.4080e+11 4.4015e+11  0.15%  13.7 1601s
 183229 85694 4.4054e+11  198    1 4.4080e+11 4.4015e+11  0.15%  13.7 1608s
 184257 86465 4.4060e+11  232    1 4.4080e+11 4.4015e+11  0.15%  13.7 1612s
 185330 87379 4.4020e+11   57    1 4.4080e+11 4.4015e+11  0.15%  13.7 1618s
 186411 88245 4.4039e+11   91    1 4.4080e+11 4.4015e+11  0.15%  13.7 1626s
 187422 88951 4.4054e+11  125    1 4.4080e+11 4.4015e+11  0.15%  13.8 1632s
 188425 89594 4.4065e+11  159    1 4.4080e+11 4.4015e+11  0.15%  13.8 1641s
 189431 90585 4.4016e+11   55    1 4.4080e+11 4.4015e+11  0.15%  13.9 1646s
 190519 91368 4.4018e+11   89    1 4.4080e+11 4.4015e+11  0.15%  13.8 1650s
 191607 92143 4.4025e+11  123    3 4.4080e+11 4.4015e+11  0.15%  13.8 1655s
 192677 92171 4.4048e+11  157    2 4.4080e+11 4.4015e+11  0.15%  13.9 1669s
 192709 92854 4.4048e+11  158    1 4.4080e+11 4.4015e+11  0.15%  13.9 1673s
 193638 93356 4.4052e+11  192    2 4.4080e+11 4.4015e+11  0.15%  14.1 1678s
 194559 93895 4.4058e+11  226    1 4.4080e+11 4.4015e+11  0.15%  14.3 1684s
 195634 94815 4.4017e+11   40    1 4.4080e+11 4.4015e+11  0.15%  14.3 1689s
 196718 95727 4.4019e+11   74    1 4.4080e+11 4.4015e+11  0.15%  14.2 1693s
 197806 96600 4.4022e+11  108    1 4.4080e+11 4.4015e+11  0.15%  14.2 1697s
 198893 97277 4.4050e+11  142    1 4.4080e+11 4.4015e+11  0.15%  14.2 1702s
 199934 97804 4.4051e+11  176    2 4.4080e+11 4.4015e+11  0.15%  14.2 1706s
 200882 98255 4.4057e+11  210    1 4.4080e+11 4.4015e+11  0.15%  14.4 1711s
 201858 98891 4.4015e+11   33    1 4.4080e+11 4.4015e+11  0.15%  14.6 1717s
 202888 99805 4.4019e+11   67    1 4.4080e+11 4.4015e+11  0.15%  14.6 1722s
 203962 100669 4.4022e+11  101    2 4.4080e+11 4.4015e+11  0.15%  14.6 1728s
 205008 101296 4.4050e+11  135    1 4.4080e+11 4.4015e+11  0.15%  14.6 1736s
 206018 101919 4.4051e+11  169    1 4.4080e+11 4.4015e+11  0.15%  14.6 1740s
 207042 102621 4.4054e+11  203    1 4.4080e+11 4.4015e+11  0.15%  14.7 1745s
 208116 103457 4.4060e+11  237    1 4.4080e+11 4.4015e+11  0.15%  14.7 1750s
 210239 104989 4.4022e+11   94    1 4.4080e+11 4.4015e+11  0.15%  14.7 1758s
 211261 105708 4.4027e+11  128    2 4.4080e+11 4.4015e+11  0.15%  14.8 1762s
 212318 106519 4.4051e+11  162    1 4.4080e+11 4.4015e+11  0.15%  14.8 1767s
 213349 107301 4.4054e+11  196    1 4.4080e+11 4.4015e+11  0.15%  14.8 1772s
 214330 107993 4.4060e+11  230    2 4.4080e+11 4.4015e+11  0.15%  15.0 1776s
 215311 108830 4.4016e+11   55    2 4.4080e+11 4.4015e+11  0.15%  15.1 1782s
 216379 109727 4.4020e+11   89    1 4.4080e+11 4.4015e+11  0.15%  15.1 1788s
 217403 110375 4.4023e+11  123    1 4.4080e+11 4.4015e+11  0.15%  15.2 1794s
 218403 110860 4.4029e+11  156    2 4.4080e+11 4.4015e+11  0.15%  15.3 1799s
 219453 111609 4.4046e+11  178    2 4.4080e+11 4.4015e+11  0.15%  15.3 1804s
 220517 112475 4.4080e+11  201    1 4.4080e+11 4.4015e+11  0.15%  15.3 1809s
 221571 113174 4.4018e+11   61    1 4.4080e+11 4.4015e+11  0.15%  15.3 1814s
 222659 114041 4.4022e+11   95    1 4.4080e+11 4.4015e+11  0.15%  15.2 1818s
 223747 114930 4.4027e+11  129    1 4.4080e+11 4.4015e+11  0.15%  15.2 1823s
 224831 115691 4.4051e+11  163    1 4.4080e+11 4.4015e+11  0.15%  15.2 1827s
 225894 116384 4.4054e+11  197    1 4.4080e+11 4.4015e+11  0.15%  15.2 1832s
 226955 117117 4.4060e+11  231    1 4.4080e+11 4.4015e+11  0.15%  15.2 1838s
 227952 117938 4.4016e+11   56    1 4.4080e+11 4.4015e+11  0.15%  15.3 1844s
 228952 118566 4.4020e+11   90    2 4.4080e+11 4.4015e+11  0.15%  15.4 1849s
 229939 119325 4.4024e+11  124    1 4.4080e+11 4.4015e+11  0.15%  15.4 1854s
 230983 120013 4.4029e+11  157    2 4.4080e+11 4.4015e+11  0.15%  15.4 1859s
 232026 120746 4.4046e+11  178    2 4.4080e+11 4.4015e+11  0.15%  15.4 1863s
 233086 121479 4.4080e+11  201    1 4.4080e+11 4.4015e+11  0.15%  15.4 1868s
 234154 122309 4.4022e+11   59    2 4.4080e+11 4.4015e+11  0.15%  15.4 1875s
 235210 122865 4.4040e+11   93    1 4.4080e+11 4.4015e+11  0.15%  15.4 1880s
 237314 124163 4.4017e+11   72    1 4.4080e+11 4.4015e+11  0.15%  15.4 1889s
 238380 125054 4.4021e+11  106    1 4.4080e+11 4.4015e+11  0.15%  15.4 1893s
 239455 125770 4.4048e+11  140    1 4.4080e+11 4.4015e+11  0.15%  15.4 1898s
 240502 126321 4.4049e+11  174    1 4.4080e+11 4.4015e+11  0.15%  15.4 1902s
 241519 126868 4.4055e+11  208    1 4.4080e+11 4.4015e+11  0.15%  15.5 1907s
 242536 127570 4.4059e+11  242    2 4.4080e+11 4.4015e+11  0.15%  15.5 1911s
 243611 128560 4.4018e+11   57    1 4.4080e+11 4.4015e+11  0.15%  15.5 1915s
 245771 130191 4.4047e+11  122    1 4.4080e+11 4.4015e+11  0.15%  15.4 1924s
 246764 130867 4.4018e+11   44    1 4.4080e+11 4.4015e+11  0.15%  15.5 1928s
 247757 131683 4.4035e+11   78    1 4.4080e+11 4.4015e+11  0.15%  15.6 1933s
 248811 132590 4.4050e+11  112    1 4.4080e+11 4.4015e+11  0.15%  15.6 1937s
 249862 133295 4.4077e+11  146    1 4.4080e+11 4.4015e+11  0.15%  15.6 1942s
 250921 133946 4.4018e+11   63    2 4.4080e+11 4.4015e+11  0.15%  15.6 1946s
 251991 134666 4.4021e+11   97    2 4.4080e+11 4.4015e+11  0.15%  15.5 1950s
 253070 135463 4.4027e+11  131    2 4.4080e+11 4.4015e+11  0.15%  15.5 1956s
 254128 136307 4.4031e+11  162    2 4.4080e+11 4.4015e+11  0.15%  15.6 1961s
 255102 137117 4.4044e+11  176    1 4.4080e+11 4.4015e+11  0.15%  15.7 1967s
 256120 137750 4.4045e+11  210    1 4.4080e+11 4.4015e+11  0.15%  15.7 1972s
 257094 138393 4.4048e+11  244    1 4.4080e+11 4.4015e+11  0.15%  15.8 1978s
 258112 139211 4.4017e+11   42    1 4.4080e+11 4.4015e+11  0.15%  15.8 1985s
 259179 140160 4.4018e+11   59    1 4.4080e+11 4.4015e+11  0.15%  15.8 1991s
 260233 140987 4.4019e+11   76    1 4.4080e+11 4.4015e+11  0.15%  15.8 1999s
 261202 141882 4.4020e+11   91    1 4.4080e+11 4.4015e+11  0.15%  15.9 2005s
 262265 142644 4.4023e+11  117    1 4.4080e+11 4.4015e+11  0.15%  15.9 2013s
 263343 143184 4.4050e+11  148    1 4.4080e+11 4.4015e+11  0.15%  15.8 2021s
 264414 143636 4.4051e+11  178    1 4.4080e+11 4.4015e+11  0.15%  15.8 2039s
 265152 144241 4.4054e+11  198    1 4.4080e+11 4.4015e+11  0.15%  15.8 2046s
 266224 144932 4.4060e+11  231    1 4.4080e+11 4.4015e+11  0.15%  15.8 2052s
 267312 145746 4.4018e+11   53    1 4.4080e+11 4.4015e+11  0.15%  15.8 2058s
 268400 146642 4.4019e+11   87    1 4.4080e+11 4.4015e+11  0.15%  15.9 2063s
 269472 147552 4.4023e+11  121    2 4.4080e+11 4.4015e+11  0.15%  15.9 2069s
 270558 148382 4.4047e+11  147    1 4.4080e+11 4.4015e+11  0.15%  15.9 2075s
 271611 149122 4.4050e+11  181    1 4.4080e+11 4.4015e+11  0.15%  16.0 2081s
 272677 149710 4.4054e+11  215    2 4.4080e+11 4.4015e+11  0.15%  16.0 2086s
 273715 150325 4.4060e+11  249    2 4.4080e+11 4.4015e+11  0.15%  16.1 2091s
 274788 151192 4.4026e+11   61    1 4.4080e+11 4.4016e+11  0.15%  16.1 2096s
 275869 151825 4.4066e+11   95    2 4.4080e+11 4.4016e+11  0.15%  16.1 2101s
 276957 152618 4.4076e+11  128    1 4.4080e+11 4.4016e+11  0.15%  16.1 2105s
 278018 153459 4.4018e+11   67    1 4.4080e+11 4.4016e+11  0.15%  16.1 2110s
 279074 154323 4.4022e+11  101    1 4.4080e+11 4.4016e+11  0.15%  16.1 2115s
 281235 155876 4.4031e+11  165    4 4.4080e+11 4.4016e+11  0.15%  16.1 2124s
 282287 156528 4.4045e+11  188    1 4.4080e+11 4.4016e+11  0.15%  16.1 2128s
 283331 157161 4.4046e+11  222    2 4.4080e+11 4.4016e+11  0.15%  16.2 2133s
 284399 157178 4.4050e+11  256    1 4.4080e+11 4.4016e+11  0.15%  16.2 2169s
 284431 157822 4.4050e+11  257    1 4.4080e+11 4.4016e+11  0.15%  16.2 2174s
 285513 158555 4.4034e+11   62    1 4.4080e+11 4.4016e+11  0.15%  16.2 2178s
 286601 159356 4.4053e+11   96    1 4.4080e+11 4.4016e+11  0.15%  16.2 2183s
 287689 160070 4.4071e+11  129    1 4.4080e+11 4.4016e+11  0.15%  16.1 2188s
 288762 160807 4.4020e+11   41    1 4.4080e+11 4.4016e+11  0.15%  16.1 2194s
 289838 161437 4.4032e+11   49    1 4.4080e+11 4.4016e+11  0.15%  16.1 2200s
 290878 162066 4.4077e+11   70    1 4.4080e+11 4.4016e+11  0.15%  16.1 2206s
 291898 162751 4.4079e+11   88    1 4.4080e+11 4.4016e+11  0.15%  16.1 2212s
 292965 163635 4.4018e+11   65    1 4.4080e+11 4.4016e+11  0.15%  16.2 2220s
 294045 164535 4.4022e+11   99    1 4.4080e+11 4.4016e+11  0.15%  16.1 2226s
 295133 165222 4.4050e+11  133    1 4.4080e+11 4.4016e+11  0.15%  16.1 2232s
 296212 165821 4.4051e+11  167    1 4.4080e+11 4.4016e+11  0.15%  16.1 2237s
 297278 166374 4.4055e+11  201    1 4.4080e+11 4.4016e+11  0.15%  16.0 2241s
 298341 167046 4.4060e+11  235    1 4.4080e+11 4.4016e+11  0.15%  16.0 2246s
 299414 167944 4.4018e+11   60    1 4.4080e+11 4.4016e+11  0.15%  16.0 2250s
 301575 169462 4.4027e+11  128    2 4.4080e+11 4.4016e+11  0.15%  16.0 2259s
 302657 170028 4.4051e+11  162    1 4.4080e+11 4.4016e+11  0.15%  16.0 2263s
 303689 170689 4.4055e+11  196    1 4.4080e+11 4.4016e+11  0.15%  16.0 2268s
 304698 171387 4.4060e+11  230    2 4.4080e+11 4.4016e+11  0.15%  16.0 2273s
 305688 172166 4.4018e+11   54    2 4.4080e+11 4.4016e+11  0.15%  16.1 2278s
 306695 173035 4.4020e+11   88    1 4.4080e+11 4.4016e+11  0.15%  16.1 2283s
 307752 173950 4.4023e+11  122    1 4.4080e+11 4.4016e+11  0.15%  16.1 2288s
 308831 174709 4.4051e+11  156    1 4.4080e+11 4.4016e+11  0.15%  16.0 2293s
 309870 175295 4.4055e+11  190    1 4.4080e+11 4.4016e+11  0.15%  16.1 2298s
 310836 175777 4.4058e+11  224    1 4.4080e+11 4.4016e+11  0.15%  16.2 2302s
 311763 176398 4.4017e+11   47    2 4.4080e+11 4.4016e+11  0.15%  16.3 2307s
 312739 177170 4.4019e+11   81    1 4.4080e+11 4.4016e+11  0.15%  16.3 2311s
 313772 178032 4.4024e+11  115    1 4.4080e+11 4.4016e+11  0.15%  16.4 2316s
 314845 178772 4.4029e+11  149    2 4.4080e+11 4.4016e+11  0.15%  16.3 2320s
 315895 179337 4.4033e+11  173    2 4.4080e+11 4.4016e+11  0.15%  16.4 2326s
 316859 179951 4.4033e+11  174    1 4.4080e+11 4.4016e+11  0.15%  16.3 2330s
 317887 180506 4.4045e+11  203    1 4.4080e+11 4.4016e+11  0.15%  16.4 2335s
 318867 181143 4.4049e+11  237    1 4.4080e+11 4.4016e+11  0.15%  16.5 2340s
 319866 181791 4.4016e+11   45    2 4.4080e+11 4.4016e+11  0.15%  16.6 2345s
 320923 182702 4.4017e+11   79    1 4.4080e+11 4.4016e+11  0.15%  16.6 2350s
 322009 183653 4.4023e+11  113    1 4.4080e+11 4.4016e+11  0.15%  16.5 2357s
 323097 184394 4.4028e+11  147    2 4.4080e+11 4.4016e+11  0.15%  16.5 2362s
 324139 184899 4.4030e+11  169    2 4.4080e+11 4.4016e+11  0.15%  16.5 2367s
 325078 185609     cutoff  188      4.4080e+11 4.4016e+11  0.15%  16.6 2373s
 326049 186278 4.4018e+11   52    1 4.4080e+11 4.4016e+11  0.15%  16.7 2379s
 327090 187038 4.4019e+11   86    1 4.4080e+11 4.4016e+11  0.15%  16.7 2384s
 328154 187897 4.4025e+11  120    1 4.4080e+11 4.4016e+11  0.15%  16.6 2389s
 329223 188710 4.4050e+11  154    2 4.4080e+11 4.4016e+11  0.15%  16.6 2394s
 330283 189055 4.4054e+11  188    1 4.4080e+11 4.4016e+11  0.15%  16.6 2410s
 330763 189679 4.4054e+11  203    1 4.4080e+11 4.4016e+11  0.15%  16.7 2416s
 331772 189696 4.4060e+11  237    1 4.4080e+11 4.4016e+11  0.15%  16.8 2500s
 331808 190132 4.4060e+11  238    1 4.4080e+11 4.4016e+11  0.15%  16.8 2506s
 332639 190802 4.4018e+11   51    1 4.4080e+11 4.4016e+11  0.15%  16.8 2511s
 333695 191587 4.4019e+11   85    1 4.4080e+11 4.4016e+11  0.15%  16.9 2516s
 334783 192406 4.4024e+11  119    1 4.4080e+11 4.4016e+11  0.15%  16.8 2521s
 335871 193104 4.4029e+11  153    1 4.4080e+11 4.4016e+11  0.15%  16.8 2525s
 336950 193727 4.4048e+11  181    1 4.4080e+11 4.4016e+11  0.15%  16.8 2530s
 338020 194351 4.4075e+11  208    1 4.4080e+11 4.4016e+11  0.15%  16.8 2535s
 339095 195042 4.4016e+11   48    1 4.4080e+11 4.4016e+11  0.15%  16.8 2540s
 340166 195735 4.4017e+11   82    1 4.4080e+11 4.4016e+11  0.15%  16.8 2545s
 341233 196383 4.4021e+11  116    1 4.4080e+11 4.4016e+11  0.15%  16.8 2550s
 342286 196983 4.4049e+11  150    1 4.4080e+11 4.4016e+11  0.15%  16.8 2555s
 344461 198582 4.4055e+11  218    1 4.4080e+11 4.4016e+11  0.15%  16.7 2564s
 345502 199500 4.4016e+11   37    1 4.4080e+11 4.4016e+11  0.15%  16.8 2568s
 346517 200124 4.4041e+11   71    2 4.4080e+11 4.4016e+11  0.15%  16.8 2573s
 347512 200694 4.4054e+11  105    1 4.4080e+11 4.4016e+11  0.15%  16.9 2579s
 348497 201374 4.4077e+11  139    1 4.4080e+11 4.4016e+11  0.15%  17.0 2584s
 349568 202167 4.4018e+11   52    1 4.4080e+11 4.4016e+11  0.15%  16.9 2589s
 350654 203020 4.4019e+11   86    1 4.4080e+11 4.4016e+11  0.15%  16.9 2594s
 351734 203766 4.4025e+11  120    1 4.4080e+11 4.4016e+11  0.15%  16.9 2601s
 352808 204362 4.4050e+11  154    2 4.4080e+11 4.4016e+11  0.15%  16.9 2606s
 353890 205066 4.4054e+11  188    1 4.4080e+11 4.4016e+11  0.15%  16.8 2610s
 356060 206389 4.4016e+11   59    1 4.4080e+11 4.4016e+11  0.15%  16.8 2619s
 357118 206983 4.4020e+11   93    1 4.4080e+11 4.4016e+11  0.15%  16.8 2624s
 358169 207624 4.4025e+11  127    1 4.4080e+11 4.4016e+11  0.15%  16.8 2630s
 359221 208306 4.4046e+11  154    1 4.4080e+11 4.4016e+11  0.15%  16.8 2636s
 360268 209189 4.4050e+11  188    1 4.4080e+11 4.4016e+11  0.15%  16.8 2643s
 361326 209943 4.4054e+11  222    1 4.4080e+11 4.4016e+11  0.15%  16.7 2649s
 362371 210410 4.4059e+11  256    2 4.4080e+11 4.4016e+11  0.15%  16.7 2655s
 363421 211106 4.4018e+11   51    1 4.4080e+11 4.4016e+11  0.15%  16.7 2660s
 364481 211847 4.4019e+11   85    2 4.4080e+11 4.4016e+11  0.15%  16.7 2665s
 365527 212549 4.4023e+11  119    1 4.4080e+11 4.4016e+11  0.15%  16.7 2670s
 366568 213130 4.4048e+11  147    1 4.4080e+11 4.4016e+11  0.15%  16.7 2675s
 367610 213681 4.4050e+11  181    1 4.4080e+11 4.4016e+11  0.15%  16.7 2680s
 368675 214378 4.4054e+11  215    2 4.4080e+11 4.4016e+11  0.15%  16.7 2685s
 369763 215075 4.4060e+11  249    1 4.4080e+11 4.4016e+11  0.15%  16.7 2690s
 370815 215899 4.4019e+11   65    1 4.4080e+11 4.4016e+11  0.15%  16.8 2695s
 372912 217348 4.4050e+11  133    1 4.4080e+11 4.4016e+11  0.15%  16.7 2704s
 373983 217910 4.4052e+11  167    1 4.4080e+11 4.4016e+11  0.15%  16.7 2709s
 375053 218396 4.4055e+11  201    1 4.4080e+11 4.4016e+11  0.15%  16.7 2713s
 376118 218927 4.4060e+11  235    1 4.4080e+11 4.4016e+11  0.15%  16.7 2718s
 377154 219804 4.4018e+11   61    1 4.4080e+11 4.4016e+11  0.15%  16.7 2723s
 378201 219830 4.4021e+11   95    1 4.4080e+11 4.4016e+11  0.15%  16.7 2763s
 378233 220747 4.4021e+11   96    2 4.4080e+11 4.4016e+11  0.15%  16.7 2769s
 379301 221622 4.4045e+11  126    1 4.4080e+11 4.4016e+11  0.15%  16.7 2774s
 379471 221622 4.4075e+11  216    1 4.4080e+11 4.4016e+11  0.15%  16.7 2775s
 380376 222109 4.4047e+11  156    1 4.4080e+11 4.4016e+11  0.15%  16.7 2781s
 381401 222601 4.4051e+11  190    1 4.4080e+11 4.4016e+11  0.15%  16.7 2789s
 382466 223028 4.4056e+11  224    1 4.4080e+11 4.4016e+11  0.15%  16.7 2794s
 383538 223621 4.4018e+11   46    1 4.4080e+11 4.4016e+11  0.15%  16.7 2799s
 384616 224566 4.4020e+11   80    1 4.4080e+11 4.4016e+11  0.15%  16.8 2803s
 385704 225503 4.4023e+11  114    2 4.4080e+11 4.4016e+11  0.15%  16.7 2808s
 386792 226192 4.4052e+11  148    2 4.4080e+11 4.4016e+11  0.15%  16.7 2812s
 387874 226675 4.4053e+11  182    1 4.4080e+11 4.4016e+11  0.15%  16.7 2816s
 388885 227063 4.4059e+11  216    1 4.4080e+11 4.4016e+11  0.15%  16.7 2821s
 389885 227506 4.4032e+11   55    1 4.4080e+11 4.4016e+11  0.15%  16.8 2825s
 390926 228372 4.4045e+11   89    1 4.4080e+11 4.4016e+11  0.15%  16.8 2830s
 393083 230363 4.4017e+11   44    1 4.4080e+11 4.4016e+11  0.15%  16.7 2838s
 394171 230921 4.4022e+11   78    1 4.4080e+11 4.4016e+11  0.15%  16.7 2843s
 395259 231555 4.4042e+11  112    1 4.4080e+11 4.4016e+11  0.15%  16.7 2849s
 396346 232222 4.4050e+11  145    2 4.4080e+11 4.4016e+11  0.15%  16.6 2854s
 397434 233037 4.4017e+11   46    1 4.4080e+11 4.4016e+11  0.15%  16.6 2858s
 398513 233731 4.4026e+11   80    1 4.4080e+11 4.4016e+11  0.15%  16.6 2863s
 399588 234285 4.4064e+11  114    2 4.4080e+11 4.4016e+11  0.15%  16.6 2867s
 400669 234843 4.4076e+11  148    1 4.4080e+11 4.4016e+11  0.15%  16.5 2872s
 401747 235519 4.4018e+11   49    2 4.4080e+11 4.4016e+11  0.15%  16.5 2879s
 402815 236201 4.4020e+11   63    1 4.4080e+11 4.4016e+11  0.15%  16.5 2885s
 403875 236935 4.4019e+11   78    1 4.4080e+11 4.4016e+11  0.15%  16.5 2891s
 404933 237674 4.4022e+11   94    1 4.4080e+11 4.4016e+11  0.15%  16.5 2897s
 406003 238331 4.4025e+11  116    1 4.4080e+11 4.4016e+11  0.15%  16.4 2902s
 407087 238884 4.4036e+11  143    1 4.4080e+11 4.4016e+11  0.15%  16.4 2908s
 408139 239426 4.4031e+11  160    2 4.4080e+11 4.4016e+11  0.15%  16.4 2913s
 409164 240108 4.4032e+11  173    2 4.4080e+11 4.4016e+11  0.15%  16.4 2917s
 410175 240130 4.4049e+11  186    2 4.4080e+11 4.4016e+11  0.15%  16.5 2966s
 410209 240862 4.4049e+11  187    2 4.4080e+11 4.4016e+11  0.15%  16.5 2973s
 411171 241560 4.4075e+11  211    1 4.4080e+11 4.4016e+11  0.15%  16.5 2983s
 412117 242224 4.4021e+11   44    1 4.4080e+11 4.4016e+11  0.15%  16.5 2989s
 413204 242980 4.4026e+11   78    1 4.4080e+11 4.4016e+11  0.15%  16.5 2997s
 414276 243758 4.4059e+11  112    1 4.4080e+11 4.4016e+11  0.15%  16.5 3004s
 415360 244583 4.4068e+11  146    1 4.4080e+11 4.4016e+11  0.15%  16.4 3010s
 416446 245484 4.4036e+11   64    1 4.4080e+11 4.4016e+11  0.15%  16.4 3015s
 417534 246076 4.4053e+11   98    1 4.4080e+11 4.4016e+11  0.15%  16.4 3020s
 418621 246520 4.4071e+11  131    1 4.4080e+11 4.4016e+11  0.15%  16.4 3025s
 419708 247225 4.4018e+11   49    1 4.4080e+11 4.4016e+11  0.15%  16.3 3034s
 420780 248132 4.4019e+11   82    1 4.4080e+11 4.4016e+11  0.15%  16.3 3040s
 422956 249374 4.4050e+11  150    1 4.4080e+11 4.4016e+11  0.15%  16.3 3049s
 424044 249749 4.4054e+11  184    1 4.4080e+11 4.4016e+11  0.15%  16.2 3055s
 425132 250208 4.4057e+11  218    1 4.4080e+11 4.4016e+11  0.15%  16.2 3063s
 426187 250990 4.4026e+11   44    1 4.4080e+11 4.4016e+11  0.15%  16.2 3070s
 427245 251839 4.4038e+11   78    1 4.4080e+11 4.4016e+11  0.15%  16.2 3076s
 428324 252663 4.4068e+11  112    2 4.4080e+11 4.4016e+11  0.15%  16.2 3084s
 429405 253480 4.4017e+11   43    1 4.4080e+11 4.4016e+11  0.15%  16.2 3091s
 430484 254132 4.4019e+11   77    1 4.4080e+11 4.4016e+11  0.15%  16.2 3098s
 431563 254563 4.4022e+11  111    1 4.4080e+11 4.4016e+11  0.15%  16.1 3103s
 432641 254980 4.4050e+11  145    1 4.4080e+11 4.4016e+11  0.15%  16.1 3108s
 433711 255576 4.4051e+11  179    1 4.4080e+11 4.4016e+11  0.15%  16.1 3112s
 434788 256452 4.4057e+11  213    2 4.4080e+11 4.4016e+11  0.15%  16.1 3116s
 435876 257076 4.4020e+11   41    1 4.4080e+11 4.4016e+11  0.15%  16.1 3121s
 436762 257705 4.4039e+11   64    1 4.4080e+11 4.4016e+11  0.15%  16.1 3126s
 437844 258567 4.4070e+11   98    1 4.4080e+11 4.4016e+11  0.15%  16.0 3132s
 438909 259607 4.4018e+11   48    2 4.4080e+11 4.4016e+11  0.15%  16.0 3137s
 439997 260330 4.4019e+11   82    1 4.4080e+11 4.4016e+11  0.15%  16.0 3142s
 441085 260700 4.4023e+11  116    1 4.4080e+11 4.4016e+11  0.15%  16.0 3148s
 442173 260990 4.4051e+11  150    1 4.4080e+11 4.4016e+11  0.15%  15.9 3152s
 443260 261543 4.4055e+11  184    2 4.4080e+11 4.4016e+11  0.15%  15.9 3158s
 444334 262378 4.4058e+11  218    1 4.4080e+11 4.4016e+11  0.15%  15.9 3164s
 445368 263344 4.4030e+11   48    1 4.4080e+11 4.4016e+11  0.15%  15.9 3170s
 446435 264132 4.4055e+11   82    1 4.4080e+11 4.4016e+11  0.15%  15.9 3175s
 448607 265284 4.4069e+11  147    1 4.4080e+11 4.4016e+11  0.15%  15.8 3185s
 449658 266001 4.4018e+11   43    1 4.4080e+11 4.4016e+11  0.15%  15.8 3191s
 450729 266928 4.4020e+11   77    1 4.4080e+11 4.4016e+11  0.15%  15.8 3198s
 451807 267750 4.4023e+11  111    1 4.4080e+11 4.4016e+11  0.15%  15.8 3206s
 452846 268631 4.4051e+11  145    1 4.4080e+11 4.4016e+11  0.15%  15.7 3213s
 453934 269473 4.4052e+11  179    1 4.4080e+11 4.4016e+11  0.15%  15.7 3220s
 455022 270019 4.4058e+11  213    1 4.4080e+11 4.4016e+11  0.15%  15.7 3227s
 456105 270244 4.4023e+11   47    1 4.4080e+11 4.4016e+11  0.15%  15.7 3244s
 456649 270726 4.4032e+11   64    1 4.4080e+11 4.4016e+11  0.15%  15.7 3249s
 457737 271150 4.4056e+11   98    1 4.4080e+11 4.4016e+11  0.15%  15.6 3254s
 458825 271932 4.4078e+11  132    1 4.4080e+11 4.4016e+11  0.15%  15.6 3259s
 459913 272999 4.4019e+11   57    2 4.4080e+11 4.4016e+11  0.15%  15.6 3265s
 461001 274049 4.4020e+11   91    1 4.4080e+11 4.4016e+11  0.15%  15.6 3270s
 462089 274464 4.4024e+11  125    1 4.4080e+11 4.4016e+11  0.15%  15.6 3275s
 463177 274850 4.4052e+11  159    1 4.4080e+11 4.4016e+11  0.15%  15.6 3280s
 464255 275273 4.4056e+11  193    1 4.4080e+11 4.4016e+11  0.15%  15.5 3285s
 465335 275981 4.4061e+11  227    1 4.4080e+11 4.4016e+11  0.15%  15.5 3290s
 466420 276938 4.4019e+11   60    1 4.4080e+11 4.4016e+11  0.15%  15.5 3295s
 467508 277911 4.4021e+11   94    1 4.4080e+11 4.4016e+11  0.15%  15.5 3300s
 469665 278728 4.4052e+11  162    1 4.4080e+11 4.4016e+11  0.15%  15.5 3309s
 470718 279101 4.4055e+11  196    2 4.4080e+11 4.4016e+11  0.15%  15.5 3316s
 471777 279733 4.4061e+11  230    2 4.4080e+11 4.4016e+11  0.15%  15.5 3320s
 472838 280720 4.4021e+11   71    1 4.4080e+11 4.4016e+11  0.15%  15.5 3325s
 474987 282108 4.4047e+11  137    2 4.4080e+11 4.4016e+11  0.15%  15.5 3334s
 476070 282851 4.4050e+11  165    1 4.4080e+11 4.4016e+11  0.15%  15.4 3339s
 477158 283871 4.4019e+11   50    1 4.4080e+11 4.4016e+11  0.15%  15.4 3344s
 478246 284850 4.4020e+11   84    1 4.4080e+11 4.4016e+11  0.15%  15.4 3348s
 479334 285476 4.4024e+11  118    1 4.4080e+11 4.4016e+11  0.15%  15.4 3353s
 480393 285876 4.4049e+11  143    1 4.4080e+11 4.4016e+11  0.15%  15.4 3358s
 481440 286278 4.4050e+11  177    1 4.4080e+11 4.4016e+11  0.15%  15.4 3363s
 482517 286882 4.4055e+11  211    1 4.4080e+11 4.4016e+11  0.15%  15.4 3367s
 483601 287704 4.4061e+11  245    1 4.4080e+11 4.4016e+11  0.15%  15.4 3372s
 484688 288706 4.4026e+11   63    2 4.4080e+11 4.4016e+11  0.15%  15.4 3377s
 485776 289542 4.4054e+11   97    2 4.4080e+11 4.4016e+11  0.15%  15.4 3381s
 486858 289964 4.4066e+11  131    2 4.4080e+11 4.4016e+11  0.15%  15.4 3386s
 487920 290610 4.4017e+11   41    1 4.4080e+11 4.4016e+11  0.15%  15.4 3391s
 488986 291419 4.4019e+11   75    1 4.4080e+11 4.4016e+11  0.15%  15.4 3396s
 490061 292196 4.4022e+11  109    1 4.4080e+11 4.4016e+11  0.15%  15.4 3401s
 491142 292813 4.4051e+11  143    1 4.4080e+11 4.4016e+11  0.15%  15.4 3406s
 492209 293561 4.4052e+11  177    1 4.4080e+11 4.4016e+11  0.15%  15.3 3413s
 493279 294259 4.4057e+11  211    1 4.4080e+11 4.4016e+11  0.15%  15.3 3419s
 494350 294282 4.4017e+11   42    1 4.4080e+11 4.4016e+11  0.15%  15.3 3444s
 494382 295118 4.4017e+11   43    1 4.4080e+11 4.4016e+11  0.15%  15.3 3451s
 495457 295922 4.4019e+11   77    1 4.4080e+11 4.4016e+11  0.15%  15.3 3457s
 496542 296516 4.4023e+11  111    1 4.4080e+11 4.4016e+11  0.15%  15.3 3463s
 497630 297082 4.4050e+11  145    1 4.4080e+11 4.4016e+11  0.15%  15.3 3469s
 498704 297679 4.4051e+11  179    1 4.4080e+11 4.4016e+11  0.15%  15.3 3475s
 499764 298160 4.4057e+11  213    2 4.4080e+11 4.4016e+11  0.15%  15.3 3483s
 500829 298876 4.4017e+11   40    1 4.4080e+11 4.4016e+11  0.15%  15.3 3488s
 501892 299578 4.4019e+11   74    1 4.4080e+11 4.4016e+11  0.15%  15.3 3493s
 502958 300128 4.4022e+11  108    1 4.4080e+11 4.4016e+11  0.15%  15.3 3499s
 504040 300815 4.4050e+11  142    1 4.4080e+11 4.4016e+11  0.15%  15.3 3504s
 505128 301544 4.4051e+11  176    2 4.4080e+11 4.4016e+11  0.15%  15.2 3510s
 506203 302144 4.4057e+11  210    1 4.4080e+11 4.4016e+11  0.15%  15.2 3515s
 507287 302767 4.4019e+11   35    1 4.4080e+11 4.4016e+11  0.15%  15.2 3521s
 508374 303228 4.4020e+11   69    1 4.4080e+11 4.4016e+11  0.15%  15.2 3527s
 509279 303980 4.4023e+11   92    2 4.4080e+11 4.4016e+11  0.15%  15.2 3532s
 510365 304856 4.4027e+11  126    1 4.4080e+11 4.4016e+11  0.15%  15.2 3537s
 511366 305602 4.4032e+11  157    2 4.4080e+11 4.4016e+11  0.15%  15.2 3544s
 512301 305932 4.4049e+11  178    1 4.4080e+11 4.4016e+11  0.15%  15.3 3549s
 513312 306687 4.4076e+11  200    1 4.4080e+11 4.4016e+11  0.15%  15.3 3556s
 514382 307704 4.4017e+11   39    1 4.4080e+11 4.4016e+11  0.15%  15.3 3562s
 515469 308391 4.4033e+11   73    1 4.4080e+11 4.4016e+11  0.15%  15.3 3568s
 516557 308973 4.4070e+11  107    1 4.4080e+11 4.4016e+11  0.15%  15.2 3573s
 517643 309776 4.4079e+11  140    1 4.4080e+11 4.4016e+11  0.15%  15.2 3577s
 518731 310627 4.4032e+11   68    1 4.4080e+11 4.4016e+11  0.15%  15.2 3584s
 519817 311259 4.4048e+11  102    1 4.4080e+11 4.4016e+11  0.15%  15.2 3590s
 521993 312300 4.4017e+11   41    1 4.4080e+11 4.4016e+11  0.15%  15.2 3599s
 523081 312317 4.4060e+11  230    2 4.4080e+11 4.4016e+11  0.15%  15.1 3600s

Cutting planes:
  Implied bound: 2
  Flow cover: 1

Explored 523109 nodes (7941748 simplex iterations) in 3600.35 seconds (2411.09 work units)
Thread count was 32 (of 36 available processors)

Solution count 1: 4.40801e+11 

Time limit reached
Best objective 4.408009997134e+11, best bound 4.401609470597e+11, gap 0.1452%

User-callback calls 1430584, time in user-callback 0.37 sec
Set parameter TokenServer to value "license-1.hpc.nrel.gov"
Set parameter TimeLimit to value 3600
Set parameter MIPGap to value 0.001
Set parameter MIPGap to value 0.001
Set parameter TimeLimit to value 3600
Gurobi Optimizer version 9.5.1 build v9.5.1rc2 (linux64)
Thread count: 36 physical cores, 36 logical processors, using up to 32 threads
Optimize a model with 79596 rows, 989456 columns and 2026080 nonzeros
Model fingerprint: 0x7928b4f1
Coefficient statistics:
  Matrix range     [1e+00, 1e+05]
  Objective range  [2e-01, 4e+08]
  Bounds range     [1e+00, 1e+08]
  RHS range        [8e-01, 2e+06]

Concurrent LP optimizer: primal simplex, dual simplex, and barrier
Showing barrier log only...

Presolve removed 71798 rows and 407128 columns
Presolve time: 1.19s
Presolved: 7798 rows, 582328 columns, 1160340 nonzeros

Ordering time: 0.01s

Barrier statistics:
 AA' NZ     : 5.780e+05
 Factor NZ  : 1.063e+06 (roughly 240 MB of memory)
 Factor Ops : 1.876e+08 (less than 1 second per iteration)
 Threads    : 30

                  Objective                Residual
Iter       Primal          Dual         Primal    Dual     Compl     Time
   0   3.04463517e+12 -1.51127854e+11  4.74e+06 2.54e+02  4.06e+07     2s
   1   5.45639226e+11  2.47202871e+11  1.44e+05 1.36e-12  1.55e+06     2s
   2   4.65678306e+11  3.69608550e+11  5.65e+03 2.45e-01  2.01e+05     2s
   3   4.61861885e+11  4.00914996e+11  2.68e+03 1.11e+00  1.20e+05     2s
   4   4.57088276e+11  4.15228703e+11  1.14e+03 7.82e-01  7.76e+04     2s
   5   4.54344108e+11  4.26876026e+11  8.18e+02 3.64e-01  5.07e+04     2s
   6   4.50279089e+11  4.32596012e+11  4.10e+02 3.24e-01  3.18e+04     2s
   7   4.48235458e+11  4.34800822e+11  2.69e+02 2.33e-01  2.39e+04     2s
   8   4.47054179e+11  4.36791280e+11  2.11e+02 1.29e-01  1.82e+04     2s

Barrier performed 8 iterations in 2.08 seconds (1.32 work units)
Barrier solve interrupted - model solved by another algorithm


Solved with primal simplex
Solved in 55834 iterations and 2.09 seconds (1.29 work units)
Optimal objective  4.408009997e+11

User-callback calls 122, time in user-callback 0.00 sec
[ Info:  started timer at: 2023-03-24T10:39:37.073
[ Info: Reading /projects/pvsoiling/RELOG/Manufacturing_40209_0.5/input/solver/case.json...
[ Info:          134 collection centers
[ Info:          268 candidate plant locations
[ Info: Building graph...
[ Info:               26 time periods
[ Info:              268 process nodes
[ Info:              268 shipping nodes (plant)
[ Info:              134 shipping nodes (collection)
[ Info:            36180 arcs
[ Info: Building optimization model...
[ Info: Optimizing MILP...
[ Info: Re-optimizing with integer variables fixed...
[ Info: Extracting solution...
[ Info:       3645.933537178s: 1 hour, 45 seconds, 933 milliseconds
