Set parameter TokenServer to value "license-1.hpc.nrel.gov"
Set parameter TimeLimit to value 3600
Set parameter MIPGap to value 0.001
Set parameter MIPGap to value 0.001
Set parameter TimeLimit to value 3600
Gurobi Optimizer version 9.5.1 build v9.5.1rc2 (linux64)
Thread count: 36 physical cores, 36 logical processors, using up to 32 threads
Optimize a model with 91884 rows, 1144312 columns and 2343626 nonzeros
Model fingerprint: 0xb1a9958e
Variable types: 1128244 continuous, 16068 integer (16068 binary)
Coefficient statistics:
  Matrix range     [1e+00, 1e+05]
  Objective range  [3e-01, 3e+09]
  Bounds range     [1e+05, 1e+08]
  RHS range        [8e-01, 2e+06]
Warning: Model contains large objective coefficients
         Consider reformulating model or setting NumericFocus parameter
         to avoid numerical issues.
Presolve removed 78514 rows and 58486 columns (presolve time = 5s) ...
Presolve removed 78514 rows and 58486 columns
Presolve time: 5.74s
Presolved: 13370 rows, 1085826 columns, 2178759 nonzeros
Variable types: 1075938 continuous, 9888 integer (9888 binary)

Deterministic concurrent LP optimizer: primal and dual simplex
Showing first log only...


Root simplex log...

Iteration    Objective       Primal Inf.    Dual Inf.      Time
       0    9.4637745e+11   8.513869e+05   3.476316e+10      9s
  126818    1.0124037e+12   2.567255e+05   5.522409e+10     10s
  488376    1.0832941e+12   1.208584e+05   3.492116e+10     15s
Concurrent spin time: 0.00s

Solved with dual simplex

Root relaxation: objective 1.694942e+12, 90932 iterations, 8.74 seconds (7.09 work units)

    Nodes    |    Current Node    |     Objective Bounds      |     Work
 Expl Unexpl |  Obj  Depth IntInf | Incumbent    BestBd   Gap | It/Node Time

     0     0 1.6949e+12    0   21          - 1.6949e+12      -     -   17s
H    0     0                    1.701775e+12 1.6949e+12  0.40%     -   17s
     0     0 1.6949e+12    0   14 1.7018e+12 1.6949e+12  0.40%     -   22s
H    0     0                    1.697566e+12 1.6949e+12  0.15%     -   24s
     0     0 1.6949e+12    0    7 1.6976e+12 1.6949e+12  0.15%     -   26s
     0     0 1.6949e+12    0   14 1.6976e+12 1.6949e+12  0.15%     -   27s
     0     0 1.6949e+12    0    7 1.6976e+12 1.6949e+12  0.15%     -   29s
     0     0 1.6949e+12    0    7 1.6976e+12 1.6949e+12  0.15%     -   31s
     0     0 1.6949e+12    0    7 1.6976e+12 1.6949e+12  0.15%     -   33s
     0     0 1.6949e+12    0    7 1.6976e+12 1.6949e+12  0.15%     -   34s
     0     0 1.6949e+12    0    7 1.6976e+12 1.6949e+12  0.15%     -   38s
     0     2 1.6949e+12    0    7 1.6976e+12 1.6949e+12  0.15%     -   45s
    15    32 1.6949e+12    4    7 1.6976e+12 1.6949e+12  0.15%   7.4   50s
    95   128 1.6949e+12    7    7 1.6976e+12 1.6949e+12  0.15%   9.4   55s
   159   192 1.6949e+12    9    7 1.6976e+12 1.6949e+12  0.15%   7.5  120s
   191   224 1.6949e+12   10    7 1.6976e+12 1.6949e+12  0.15%   7.0  125s
   364   397 1.6949e+12   14    7 1.6976e+12 1.6949e+12  0.15%   5.6  224s
   396   461 1.6949e+12   15    7 1.6976e+12 1.6949e+12  0.15%   5.6  235s
   460  1274 1.6949e+12   17    7 1.6976e+12 1.6949e+12  0.15%   5.6  253s
  1273  2202 1.6950e+12   42    7 1.6976e+12 1.6949e+12  0.15%   9.0  270s
  2201  3114 1.6952e+12   68    7 1.6976e+12 1.6949e+12  0.15%   9.9  285s
  3113  3996 1.6953e+12   96   14 1.6976e+12 1.6949e+12  0.15%  10.2  298s
  4000  4803 1.6954e+12  125    7 1.6976e+12 1.6949e+12  0.15%   9.9  312s
  4835  5307 1.6956e+12  154   14 1.6976e+12 1.6949e+12  0.15%   9.5  320s
  5516  5715 1.6968e+12  182    7 1.6976e+12 1.6949e+12  0.15%   9.6  327s
  6194  6245 1.6949e+12   10    7 1.6976e+12 1.6949e+12  0.15%  10.1  335s
  6853  6823 1.6951e+12   38    7 1.6976e+12 1.6949e+12  0.15%  11.4  343s
  7520  7459 1.6952e+12   67   14 1.6976e+12 1.6949e+12  0.15%  12.0  351s
  8163  8008 1.6954e+12   92    7 1.6976e+12 1.6949e+12  0.15%  13.8  359s
  8766  8494 1.6955e+12  121   14 1.6976e+12 1.6949e+12  0.15%  15.4  368s
  9370  9014 1.6956e+12  150    7 1.6976e+12 1.6949e+12  0.15%  18.3  376s
 10001  9578 1.6959e+12  179    7 1.6976e+12 1.6949e+12  0.15%  21.5  385s
 10797 10217 1.6975e+12  189    7 1.6976e+12 1.6949e+12  0.15%  23.5  403s
 11627 10218 1.6953e+12   60    7 1.6976e+12 1.6949e+12  0.15%  25.4  440s
 11629 10219 1.6949e+12   13   15 1.6976e+12 1.6949e+12  0.15%  25.3  455s
 11631 10221 1.6965e+12  180   10 1.6976e+12 1.6949e+12  0.15%  25.3  460s
 11634 10223 1.6960e+12  105   10 1.6976e+12 1.6949e+12  0.15%  25.3  466s
 11637 10225 1.6951e+12   34   10 1.6976e+12 1.6949e+12  0.15%  25.3  471s
 11639 10226 1.6954e+12   59    5 1.6976e+12 1.6949e+12  0.15%  25.3  476s
 11641 10227 1.6962e+12   91    5 1.6976e+12 1.6949e+12  0.15%  25.3  484s
 11642 10228 1.6956e+12  130    5 1.6976e+12 1.6949e+12  0.15%  25.3  485s
 11645 10230 1.6954e+12   78    5 1.6976e+12 1.6949e+12  0.15%  25.3  490s
 11648 10232 1.6954e+12  126    5 1.6976e+12 1.6949e+12  0.15%  25.3  500s
 11655 10246 1.6949e+12   12    5 1.6976e+12 1.6949e+12  0.15%  29.6  505s
 11743 10328 1.6949e+12   15   10 1.6976e+12 1.6949e+12  0.15%  29.4  571s
 11807 10371 1.6949e+12   16   10 1.6976e+12 1.6949e+12  0.15%  29.3  656s
 11902 10434 1.6949e+12   18    5 1.6976e+12 1.6949e+12  0.15%  29.1  674s
 11934 10785 1.6949e+12   18   10 1.6976e+12 1.6949e+12  0.15%  29.0  683s
 12295 11624 1.6949e+12   24   10 1.6976e+12 1.6949e+12  0.15%  28.4  703s
 13255 12264 1.6949e+12   39    5 1.6976e+12 1.6949e+12  0.15%  27.1  721s
 14215 12866 1.6951e+12   54    5 1.6976e+12 1.6949e+12  0.15%  26.1  737s
 15137 13469 1.6951e+12   70    5 1.6976e+12 1.6949e+12  0.15%  25.3  751s
 16054 13960 1.6953e+12   96    5 1.6976e+12 1.6949e+12  0.15%  24.3  758s
 16947 14138 1.6954e+12  126    4 1.6976e+12 1.6949e+12  0.15%  23.5  768s
 17837 14306 1.6955e+12  156    4 1.6976e+12 1.6949e+12  0.15%  22.7  776s
 18728 14633 1.6967e+12  185    4 1.6976e+12 1.6949e+12  0.15%  22.0  782s
 19610 15119 1.6968e+12  215    4 1.6976e+12 1.6949e+12  0.15%  21.7  789s
 20495 15633 1.6950e+12   43    5 1.6976e+12 1.6949e+12  0.15%  21.4  795s
 21391 16269 1.6952e+12   71    5 1.6976e+12 1.6949e+12  0.15%  21.1  802s
 22351 16889 1.6955e+12   96   10 1.6976e+12 1.6949e+12  0.15%  20.6  806s
 23311 17169 1.6956e+12  123    8 1.6976e+12 1.6949e+12  0.15%  20.0  811s
 24271 17347 1.6956e+12  151    8 1.6976e+12 1.6949e+12  0.15%  19.5  816s
 25225 17753 1.6968e+12  178    5 1.6976e+12 1.6949e+12  0.15%  19.1  824s
 26159 18204 1.6968e+12  201    4 1.6976e+12 1.6949e+12  0.15%  19.1  830s
 27114 18674 1.6949e+12   29    5 1.6976e+12 1.6949e+12  0.15%  18.9  836s
 28074 19114 1.6952e+12   59    5 1.6976e+12 1.6949e+12  0.15%  18.8  843s
 29027 19450 1.6954e+12   86    5 1.6976e+12 1.6949e+12  0.15%  18.6  854s
 29987 19901 1.6955e+12  112    9 1.6976e+12 1.6949e+12  0.15%  18.3  860s
 30937 20337 1.6956e+12  138    8 1.6976e+12 1.6949e+12  0.15%  18.1  868s
 31867 20798 1.6957e+12  165    4 1.6976e+12 1.6949e+12  0.15%  17.9  874s
 32824 21334 1.6950e+12   31   10 1.6976e+12 1.6949e+12  0.15%  17.6  879s
 33777 21780 1.6950e+12   61    5 1.6976e+12 1.6949e+12  0.15%  17.4  884s
 34721 22184 1.6954e+12   88    5 1.6976e+12 1.6949e+12  0.15%  17.1  892s
 35641 22622 1.6954e+12  117    5 1.6976e+12 1.6949e+12  0.15%  16.9  897s
 36584 23144 1.6955e+12  143    8 1.6976e+12 1.6949e+12  0.15%  16.7  903s
 37528 23589 1.6957e+12  170    4 1.6976e+12 1.6949e+12  0.15%  16.6  911s
 38442 24030 1.6969e+12  191    4 1.6976e+12 1.6949e+12  0.15%  16.4  916s
 39366 24534 1.6949e+12   28    5 1.6976e+12 1.6949e+12  0.15%  16.2  923s
 40298 24633 1.6951e+12   56   10 1.6976e+12 1.6949e+12  0.15%  16.0  939s
 40793 25147 1.6952e+12   71    5 1.6976e+12 1.6949e+12  0.15%  15.9  946s
 41748 25469 1.6954e+12   99    5 1.6976e+12 1.6949e+12  0.15%  15.7  951s
 42692 26001 1.6955e+12  129    9 1.6976e+12 1.6949e+12  0.15%  15.6  957s
 43640 26799 1.6957e+12  159    5 1.6976e+12 1.6949e+12  0.15%  15.5  961s
 44600 27530 1.6967e+12  183    4 1.6976e+12 1.6949e+12  0.15%  15.3  966s
 45560 28291 1.6968e+12  213    4 1.6976e+12 1.6949e+12  0.15%  15.2  970s
 46520 29123 1.6949e+12   37    5 1.6976e+12 1.6949e+12  0.15%  15.0  975s
 47451 29831 1.6951e+12   66    5 1.6976e+12 1.6949e+12  0.15%  15.1  980s
 48319 30476 1.6954e+12   94    4 1.6976e+12 1.6949e+12  0.15%  15.4  985s
 50163 31973 1.6956e+12  154    8 1.6976e+12 1.6949e+12  0.15%  15.5  994s
 51114 32623 1.6967e+12  178    4 1.6976e+12 1.6949e+12  0.15%  15.5  998s
 52055 33296 1.6968e+12  208    4 1.6976e+12 1.6949e+12  0.15%  15.4 1003s
 53015 34047 1.6949e+12   30    5 1.6976e+12 1.6949e+12  0.15%  15.3 1008s
 53973 34826 1.6951e+12   58   10 1.6976e+12 1.6949e+12  0.15%  15.2 1013s
 54933 35622 1.6954e+12   86    5 1.6976e+12 1.6949e+12  0.15%  15.1 1017s
 55893 36359 1.6955e+12  116    4 1.6976e+12 1.6949e+12  0.15%  14.9 1022s
 56853 37136 1.6956e+12  146    4 1.6976e+12 1.6949e+12  0.15%  14.8 1028s
 57804 37822 1.6957e+12  176    4 1.6976e+12 1.6949e+12  0.15%  14.7 1033s

Cutting planes:
  Lift-and-project: 1
  Implied bound: 5
  MIR: 3
  Flow cover: 4
  Relax-and-lift: 3

Explored 58750 nodes (950797 simplex iterations) in 1138.10 seconds (732.60 work units)
Thread count was 32 (of 36 available processors)

Solution count 2: 1.69757e+12 1.70177e+12 

Optimal solution found (tolerance 1.00e-03)
Best objective 1.697566283835e+12, best bound 1.697566283835e+12, gap 0.0000%

User-callback calls 311486, time in user-callback 0.16 sec
Set parameter TokenServer to value "license-1.hpc.nrel.gov"
Set parameter TimeLimit to value 3600
Set parameter MIPGap to value 0.001
Set parameter MIPGap to value 0.001
Set parameter TimeLimit to value 3600
Gurobi Optimizer version 9.5.1 build v9.5.1rc2 (linux64)
Thread count: 36 physical cores, 36 logical processors, using up to 32 threads
Optimize a model with 91884 rows, 1144312 columns and 2343626 nonzeros
Model fingerprint: 0x060ab803
Coefficient statistics:
  Matrix range     [1e+00, 1e+05]
  Objective range  [3e-01, 3e+09]
  Bounds range     [1e+00, 1e+08]
  RHS range        [8e-01, 2e+06]
Warning: Model contains large objective coefficients
         Consider reformulating model or setting NumericFocus parameter
         to avoid numerical issues.

Concurrent LP optimizer: primal simplex, dual simplex, and barrier
Showing barrier log only...

Presolve removed 84086 rows and 561984 columns
Presolve time: 1.43s
Presolved: 7798 rows, 582328 columns, 1160340 nonzeros

Ordering time: 0.02s

Barrier statistics:
 AA' NZ     : 5.780e+05
 Factor NZ  : 1.063e+06 (roughly 240 MB of memory)
 Factor Ops : 1.876e+08 (less than 1 second per iteration)
 Threads    : 30

                  Objective                Residual
Iter       Primal          Dual         Primal    Dual     Compl     Time
   0   5.46049955e+12 -5.55503046e+11  4.74e+06 2.69e+02  1.54e+08     2s
   1   1.89297067e+12  9.57510121e+11  1.44e+05 4.08e-12  5.84e+06     2s
   2   1.76611394e+12  1.43475660e+12  5.15e+03 2.98e-10  7.03e+05     2s
   3   1.75318231e+12  1.56714807e+12  2.59e+03 1.61e-10  3.78e+05     2s
   4   1.73890952e+12  1.63030855e+12  1.02e+03 9.37e-11  2.06e+05     2s
   5   1.73023858e+12  1.66393178e+12  6.10e+02 5.37e-11  1.24e+05     2s
   6   1.71961724e+12  1.67802586e+12  2.99e+02 3.18e-11  7.54e+04     2s
   7   1.71568004e+12  1.68341423e+12  2.21e+02 2.36e-11  5.80e+04     2s
   8   1.71032602e+12  1.68811853e+12  1.31e+02 1.73e-11  3.94e+04     2s

Barrier performed 8 iterations in 2.29 seconds (1.38 work units)
Barrier solve interrupted - model solved by another algorithm


Solved with primal simplex
Solved in 68596 iterations and 2.30 seconds (1.39 work units)
Optimal objective  1.697566284e+12

User-callback calls 131, time in user-callback 0.00 sec
[ Info:  started timer at: 2023-03-27T13:33:34.237
[ Info: Reading /projects/pvsoiling/RELOG/Manufacturing_NAICS_2/input/solver/case.json...
[ Info:          134 collection centers
[ Info:          309 candidate plant locations
[ Info: Building graph...
[ Info:           26 time periods
[ Info:          309 process nodes
[ Info:          309 shipping nodes (plant)
[ Info:          134 shipping nodes (collection)
[ Info:        41715 arcs
[ Info: Building optimization model...
[ Info: Optimizing MILP...
[ Info: Re-optimizing with integer variables fixed...
[ Info: Extracting solution...
[ Info:       1188.424207539s: 19 minutes, 48 seconds, 424 milliseconds
