Set parameter TokenServer to value "license-1.hpc.nrel.gov"
Set parameter TimeLimit to value 3600
Set parameter MIPGap to value 0.001
Set parameter MIPGap to value 0.001
Set parameter TimeLimit to value 3600
Gurobi Optimizer version 9.5.1 build v9.5.1rc2 (linux64)
Thread count: 36 physical cores, 36 logical processors, using up to 32 threads
Optimize a model with 332904 rows, 1385332 columns and 2833700 nonzeros
Model fingerprint: 0x8a54633d
Variable types: 1369264 continuous, 16068 integer (16068 binary)
Coefficient statistics:
  Matrix range     [3e-06, 1e+06]
  Objective range  [2e-01, 2e+08]
  Bounds range     [7e+03, 1e+08]
  RHS range        [1e-03, 2e+05]
Presolve removed 303464 rows and 282820 columns (presolve time = 5s) ...
Presolve removed 303464 rows and 282820 columns
Presolve time: 5.64s
Presolved: 29440 rows, 1102512 columns, 2234070 nonzeros
Variable types: 1092006 continuous, 10506 integer (10506 binary)

Deterministic concurrent LP optimizer: primal simplex, dual simplex, and barrier
Showing barrier log only...

Root barrier log...

Ordering time: 2.05s
Ordering time: 4.15s

Barrier statistics:
 AA' NZ     : 1.179e+06
 Factor NZ  : 1.638e+07 (roughly 600 MB of memory)
 Factor Ops : 3.054e+10 (less than 1 second per iteration)
 Threads    : 29

                  Objective                Residual
Iter       Primal          Dual         Primal    Dual     Compl     Time
   0   1.60547730e+15 -1.94739714e+15  2.49e+06 8.49e+03  4.46e+10    18s
   1   2.28389918e+14 -9.00559637e+14  3.53e+05 2.98e-08  6.50e+09    19s
   2   5.14623359e+13 -2.73589528e+14  7.95e+04 1.64e-05  1.47e+09    19s
   3   2.95381143e+12 -5.13486030e+13  4.45e+03 1.06e-06  9.63e+07    20s
   4   2.67966474e+11 -5.36628409e+12  2.93e+02 5.32e-08  6.79e+06    21s
   5   1.64492579e+11 -3.44535458e+12  1.36e+02 4.47e-08  3.45e+06    21s
   6   1.12777554e+11 -2.69274531e+12  5.96e+01 2.98e-08  2.02e+06    21s
   7   9.86652476e+10 -2.02966967e+12  3.97e+01 2.98e-08  1.42e+06    21s
   8   8.97169305e+10 -1.59837095e+12  2.83e+01 2.98e-08  1.07e+06    21s
   9   8.05770925e+10 -1.29485657e+12  1.60e+01 5.96e-08  7.84e+05    22s
  10   7.44635104e+10 -8.23210445e+11  9.12e+00 4.47e-08  4.85e+05    22s
  11   5.80958789e+10 -4.02594207e+11  4.75e+00 2.98e-08  2.40e+05    22s
  12   5.12805797e+10 -1.64135840e+11  3.07e+00 2.98e-08  1.12e+05    23s
  13   4.79297523e+10 -9.59478468e+10  2.30e+00 2.98e-08  7.36e+04    23s
  14   4.61200438e+10 -5.51561770e+10  1.87e+00 2.98e-08  5.14e+04    23s
  15   4.41861945e+10 -4.54350457e+10  1.42e+00 2.98e-08  4.45e+04    23s
  16   4.29785016e+10 -3.73378052e+10  1.16e+00 5.96e-08  3.93e+04    23s
  17   4.04346429e+10 -1.47326809e+10  3.55e+00 5.96e-08  2.63e+04    24s
  18   4.00442367e+10 -8.46889356e+09  5.44e+00 2.98e-08  2.31e+04    24s
  19   3.93911790e+10  2.41014128e+09  6.15e+00 2.98e-08  1.76e+04    24s
  20   3.86126343e+10  6.73233901e+09  7.06e+00 2.98e-08  1.50e+04    25s
  21   3.77793108e+10  1.16159273e+10  6.34e+00 5.96e-08  1.23e+04    25s
  22   3.70399200e+10  1.53878506e+10  5.93e+00 5.96e-08  1.01e+04    25s
  23   3.65736223e+10  2.05982154e+10  5.63e+00 2.98e-08  7.43e+03    26s
  24   3.61502735e+10  2.24591039e+10  5.02e+00 2.98e-08  6.35e+03    26s
  25   3.58840672e+10  2.36140250e+10  4.74e+00 5.96e-08  5.68e+03    27s
  26   3.53779114e+10  2.59683181e+10  4.26e+00 2.98e-08  4.34e+03    27s
  27   3.50686721e+10  2.75665581e+10  4.19e+00 2.98e-08  3.45e+03    27s
  28   3.45476225e+10  2.83629536e+10  3.66e+00 5.96e-08  2.84e+03    28s
  29   3.42437295e+10  2.91236611e+10  3.69e+00 2.98e-08  2.34e+03    28s
  30   3.40310803e+10  2.94837226e+10  3.46e+00 5.96e-08  2.08e+03    29s
  31   3.38861807e+10  2.98805572e+10  3.28e+00 2.98e-08  1.83e+03    29s
  32   3.36077546e+10  3.02447769e+10  2.91e+00 5.96e-08  1.53e+03    29s
  33   3.34947993e+10  3.04981310e+10  2.81e+00 2.98e-08  1.36e+03    30s
  34   3.32988224e+10  3.07577620e+10  2.88e+00 5.96e-08  1.15e+03    30s
  35   3.31163172e+10  3.10348675e+10  2.65e+00 5.96e-08  9.42e+02    31s
  36   3.29704568e+10  3.11738344e+10  2.39e+00 2.98e-08  8.12e+02    31s
  37   3.28532034e+10  3.13086203e+10  2.18e+00 2.98e-08  6.97e+02    32s
  38   3.27241197e+10  3.14161506e+10  1.82e+00 2.98e-08  5.90e+02    32s
  39   3.26265111e+10  3.15115975e+10  1.59e+00 5.96e-08  5.02e+02    32s
  40   3.25488655e+10  3.16089769e+10  1.46e+00 2.98e-08  4.22e+02    33s
  41   3.24901019e+10  3.16583745e+10  1.48e+00 2.98e-08  3.73e+02    33s
  42   3.24176054e+10  3.16932324e+10  1.89e+00 2.98e-08  3.24e+02    34s
  43   3.23496704e+10  3.17276861e+10  1.65e+00 2.98e-08  2.78e+02    34s
  44   3.22909002e+10  3.17428365e+10  1.45e+00 4.47e-08  2.45e+02    35s
  45   3.22488422e+10  3.17654970e+10  1.30e+00 4.47e-08  2.16e+02    36s
  46   3.22246597e+10  3.17871510e+10  1.22e+00 2.98e-08  1.95e+02    36s
  47   3.21218893e+10  3.17988788e+10  8.60e-01 2.98e-08  1.44e+02    37s
  48   3.20932166e+10  3.18115709e+10  7.65e-01 2.98e-08  1.25e+02    38s

Barrier performed 48 iterations in 37.77 seconds (33.72 work units)
Barrier solve interrupted - model solved by another algorithm

Concurrent spin time: 0.23s

Solved with primal simplex

Root relaxation: objective 3.186115e+10, 1019851 iterations, 30.15 seconds (23.83 work units)

    Nodes    |    Current Node    |     Objective Bounds      |     Work
 Expl Unexpl |  Obj  Depth IntInf | Incumbent    BestBd   Gap | It/Node Time

     0     0 3.1861e+10    0   56          - 3.1861e+10      -     -   39s
H    0     0                    3.200478e+10 3.1861e+10  0.45%     -   40s
H    0     0                    3.196634e+10 3.1861e+10  0.33%     -   43s
H    0     0                    3.195502e+10 3.1861e+10  0.29%     -   64s
     0     0 3.1861e+10    0   63 3.1955e+10 3.1861e+10  0.29%     -   69s
     0     0 3.1861e+10    0   62 3.1955e+10 3.1861e+10  0.29%     -   73s
     0     0 3.1861e+10    0   62 3.1955e+10 3.1861e+10  0.29%     -   74s
     0     0 3.1861e+10    0   62 3.1955e+10 3.1861e+10  0.29%     -   80s
     0     0 3.1861e+10    0   47 3.1955e+10 3.1861e+10  0.29%     -   84s
     0     0 3.1861e+10    0   50 3.1955e+10 3.1861e+10  0.29%     -   86s
     0     0 3.1861e+10    0   44 3.1955e+10 3.1861e+10  0.29%     -   91s
     0     0 3.1861e+10    0   48 3.1955e+10 3.1861e+10  0.29%     -   93s
     0     0 3.1861e+10    0   45 3.1955e+10 3.1861e+10  0.29%     -   97s
     0     0 3.1861e+10    0   35 3.1955e+10 3.1861e+10  0.29%     -   98s
     0     0 3.1861e+10    0   37 3.1955e+10 3.1861e+10  0.29%     -  102s
     0     0 3.1861e+10    0   40 3.1955e+10 3.1861e+10  0.29%     -  104s
     0     0 3.1861e+10    0   34 3.1955e+10 3.1861e+10  0.29%     -  106s
     0     0 3.1861e+10    0   52 3.1955e+10 3.1861e+10  0.29%     -  108s
     0     0 3.1861e+10    0   50 3.1955e+10 3.1861e+10  0.29%     -  111s
     0     0 3.1861e+10    0   34 3.1955e+10 3.1861e+10  0.29%     -  113s
     0     0 3.1861e+10    0   34 3.1955e+10 3.1861e+10  0.29%     -  169s
H    0     0                    3.194451e+10 3.1861e+10  0.26%     -  179s
H    0     0                    3.193987e+10 3.1861e+10  0.25%     -  184s
     0     2 3.1861e+10    0   34 3.1940e+10 3.1861e+10  0.25%     -  186s
     1     4 3.1861e+10    1   47 3.1940e+10 3.1861e+10  0.25%   184  191s
     7    16 3.1861e+10    3   32 3.1940e+10 3.1861e+10  0.25%   212  196s
    31    64 3.1861e+10    5   31 3.1940e+10 3.1861e+10  0.25%   251  206s
    63    96 3.1861e+10    6   33 3.1940e+10 3.1861e+10  0.25%   221  211s
   127   160 3.1861e+10    8   37 3.1940e+10 3.1861e+10  0.25%   167  217s
   159   192 3.1861e+10    9   37 3.1940e+10 3.1861e+10  0.25%   161  491s
H  182   192                    3.193974e+10 3.1861e+10  0.25%   160  491s
   191   227 3.1861e+10   10   37 3.1940e+10 3.1861e+10  0.25%   164  498s
   226   401 3.1861e+10   11   35 3.1940e+10 3.1861e+10  0.25%   151  510s
   400   824 3.1861e+10   14   33 3.1940e+10 3.1861e+10  0.25%   124  541s
   823  1486 3.1862e+10   20   38 3.1940e+10 3.1861e+10  0.25%   105  603s
H  838  1486                    3.193973e+10 3.1861e+10  0.25%   107  603s
H  856  1486                    3.193971e+10 3.1861e+10  0.25%   107  603s
H 1039  1486                    3.193970e+10 3.1861e+10  0.25%   110  603s
  1485  2159 3.1862e+10   31   33 3.1940e+10 3.1861e+10  0.25%   115  687s
  2158  2920 3.1863e+10   54   32 3.1940e+10 3.1861e+10  0.25%   147  748s
H 2866  2920                    3.193967e+10 3.1861e+10  0.25%   158  748s
  2919  3593 3.1863e+10   82   34 3.1940e+10 3.1861e+10  0.25%   159  814s
H 3129  3593                    3.193964e+10 3.1861e+10  0.25%   161  815s
  3596  3873 3.1864e+10  110   33 3.1940e+10 3.1861e+10  0.25%   168  879s
  3877  4619 3.1864e+10  138   34 3.1940e+10 3.1861e+10  0.25%   166  942s
  4639  5341 3.1865e+10  166   36 3.1940e+10 3.1861e+10  0.25%   162  996s
  5414  6163 3.1865e+10  194   30 3.1940e+10 3.1861e+10  0.25%   167 1035s
  6304  7009 3.1865e+10  222   30 3.1940e+10 3.1861e+10  0.25%   160 1069s
  7198  7850 3.1866e+10  250   30 3.1940e+10 3.1861e+10  0.25%   148 1099s
  8093  8676 3.1866e+10  278   30 3.1940e+10 3.1861e+10  0.25%   141 1125s
  8981  9527 3.1866e+10  306   26 3.1940e+10 3.1861e+10  0.25%   134 1152s
  9877 10369 3.1866e+10  334   23 3.1940e+10 3.1861e+10  0.25%   127 1178s
 10762 11235 3.1867e+10  362   25 3.1940e+10 3.1861e+10  0.25%   121 1200s
 11647 12109 3.1867e+10  390   25 3.1940e+10 3.1861e+10  0.25%   115 1224s
 12521 12942 3.1867e+10  418   25 3.1940e+10 3.1861e+10  0.25%   111 1244s
 13363 13807 3.1868e+10  446   28 3.1940e+10 3.1861e+10  0.25%   106 1265s
 14242 14652 3.1868e+10  474   27 3.1940e+10 3.1861e+10  0.25%   103 1285s
 15119 14653 3.1869e+10  345   34 3.1940e+10 3.1861e+10  0.25%   100 1482s
 15121 14654 3.1862e+10   47   55 3.1940e+10 3.1861e+10  0.25%   100 1578s
 15122 14655 3.1862e+10   22   61 3.1940e+10 3.1861e+10  0.25%   100 1630s
 15123 14656 3.1867e+10  288   54 3.1940e+10 3.1861e+10  0.25%   100 1651s
 15125 14657 3.1861e+10   14   65 3.1940e+10 3.1861e+10  0.25%   100 1716s
 15126 14658 3.1868e+10  429   30 3.1940e+10 3.1861e+10  0.25%   100 1752s
 15127 14658 3.1868e+10  383   36 3.1940e+10 3.1861e+10  0.25%   100 1797s
 15128 14659 3.1890e+10   90   35 3.1940e+10 3.1861e+10  0.25%   100 1863s
 15129 14660 3.1894e+10  468   33 3.1940e+10 3.1861e+10  0.25%   100 1909s
 15130 14660 3.1868e+10  489   33 3.1940e+10 3.1861e+10  0.25%   100 1964s
 15131 14661 3.1875e+10  142   30 3.1940e+10 3.1861e+10  0.25%   100 2013s
 15132 14662 3.1865e+10  168   44 3.1940e+10 3.1861e+10  0.25%   100 2070s
 15133 14662 3.1892e+10  390   40 3.1940e+10 3.1861e+10  0.25%   100 2141s
 15134 14663 3.1935e+10  152   30 3.1940e+10 3.1861e+10  0.25%   100 2195s
 15135 14664 3.1937e+10  104   30 3.1940e+10 3.1861e+10  0.25%   100 2247s
 15136 14664 3.1869e+10  197   30 3.1940e+10 3.1861e+10  0.25%   100 2294s
 15137 14665 3.1862e+10   37   30 3.1940e+10 3.1861e+10  0.25%   100 2341s
 15138 14666 3.1872e+10  130   30 3.1940e+10 3.1861e+10  0.25%   100 2380s
 15139 14666 3.1866e+10  302   30 3.1940e+10 3.1861e+10  0.25%   100 2424s
 15140 14667 3.1866e+10  165   30 3.1940e+10 3.1861e+10  0.25%   100 2470s
 15141 14668 3.1865e+10  175   30 3.1940e+10 3.1861e+10  0.25%   100 2506s
 15142 14668 3.1864e+10  153   30 3.1940e+10 3.1861e+10  0.25%   100 2567s
 15143 14669 3.1869e+10  341   30 3.1940e+10 3.1861e+10  0.25%   100 2592s
 15144 14670 3.1868e+10  433   30 3.1940e+10 3.1861e+10  0.25%   100 2658s
 15145 14673 3.1861e+10   10   32 3.1940e+10 3.1861e+10  0.25%   159 2673s
 15147 14677 3.1861e+10   11   30 3.1940e+10 3.1861e+10  0.24%   159 2681s
 15151 14683 3.1861e+10   12   32 3.1940e+10 3.1861e+10  0.24%   159 2692s
 15159 14697 3.1861e+10   13   30 3.1940e+10 3.1861e+10  0.24%   159 2696s
 15175 14723 3.1861e+10   14   30 3.1940e+10 3.1861e+10  0.24%   159 2729s
H15178 13988                    3.193964e+10 3.1861e+10  0.24%   159 2729s
 15207 14011 3.1861e+10   15   30 3.1940e+10 3.1861e+10  0.24%   159 2735s
 15239 14032 3.1862e+10   15   30 3.1940e+10 3.1861e+10  0.24%   159 2747s
 15271 14053 3.1861e+10   16   30 3.1940e+10 3.1861e+10  0.24%   159 2772s
 15303 14075 3.1862e+10   16   30 3.1940e+10 3.1862e+10  0.24%   159 2822s
 15335 14126 3.1862e+10   17   30 3.1940e+10 3.1862e+10  0.24%   158 2827s
 15397 14308 3.1862e+10   18   30 3.1940e+10 3.1862e+10  0.24%   158 2837s
 15600 14739 3.1865e+10   21   30 3.1940e+10 3.1862e+10  0.24%   157 2867s
 16098 15282 3.1862e+10   34   34 3.1940e+10 3.1862e+10  0.24%   155 2905s
 16807 15865 3.1862e+10   50   30 3.1940e+10 3.1862e+10  0.24%   153 2939s
 17627 16378 3.1863e+10   66   31 3.1940e+10 3.1862e+10  0.24%   150 2975s
 18413 16939 3.1863e+10   82   31 3.1940e+10 3.1862e+10  0.24%   147 3004s
 19236 17511 3.1864e+10   98   32 3.1940e+10 3.1862e+10  0.24%   145 3033s
 20082 17965 3.1864e+10  114   32 3.1940e+10 3.1862e+10  0.24%   142 3068s
 20831 17746 3.1864e+10  130   35 3.1940e+10 3.1862e+10  0.24%   140 3457s
 20863 18187 3.1880e+10  130   32 3.1940e+10 3.1862e+10  0.24%   140 3503s
 21334 18733 3.1864e+10  144   34 3.1940e+10 3.1862e+10  0.24%   139 3535s
 22165 19238 3.1864e+10  160   32 3.1940e+10 3.1862e+10  0.24%   137 3564s
 23072 19713 3.1864e+10  176   30 3.1940e+10 3.1862e+10  0.24%   135 3595s
 23976 19650 3.1865e+10  192   30 3.1940e+10 3.1862e+10  0.24%   133 3600s

Cutting planes:
  Gomory: 1
  Lift-and-project: 3
  Implied bound: 654
  Projected implied bound: 4
  MIR: 119
  Flow cover: 195
  Flow path: 41
  RLT: 14
  Relax-and-lift: 225

Explored 24235 nodes (4238017 simplex iterations) in 3600.36 seconds (2692.87 work units)
Thread count was 32 (of 36 available processors)

Solution count 10: 3.19396e+10 3.19397e+10 3.19397e+10 ... 3.19663e+10

Time limit reached
Best objective 3.193963900115e+10, best bound 3.186159909511e+10, gap 0.2443%

User-callback calls 1333485, time in user-callback 0.41 sec
Set parameter TokenServer to value "license-1.hpc.nrel.gov"
Set parameter TimeLimit to value 3600
Set parameter MIPGap to value 0.001
Set parameter MIPGap to value 0.001
Set parameter TimeLimit to value 3600
Gurobi Optimizer version 9.5.1 build v9.5.1rc2 (linux64)
Thread count: 36 physical cores, 36 logical processors, using up to 32 threads
Optimize a model with 332904 rows, 1385332 columns and 2833700 nonzeros
Model fingerprint: 0xe4cca76d
Coefficient statistics:
  Matrix range     [3e-06, 1e+06]
  Objective range  [2e-01, 2e+08]
  Bounds range     [1e+00, 1e+08]
  RHS range        [1e-03, 2e+05]

Concurrent LP optimizer: primal simplex, dual simplex, and barrier
Showing barrier log only...

Presolve removed 328994 rows and 1254715 columns
Presolve time: 1.43s
Presolved: 3910 rows, 130617 columns, 260272 nonzeros

Ordering time: 0.02s

Barrier statistics:
 AA' NZ     : 1.295e+05
 Factor NZ  : 2.503e+05 (roughly 60 MB of memory)
 Factor Ops : 2.140e+07 (less than 1 second per iteration)
 Threads    : 30

                  Objective                Residual
Iter       Primal          Dual         Primal    Dual     Compl     Time
   0   1.18740499e+13 -1.16577909e+12  1.06e+08 1.49e+02  1.17e+09     2s
   1   3.37054104e+12 -3.84556782e+11  3.00e+07 1.82e-12  3.32e+08     2s
   2   6.29494839e+11 -4.60339361e+09  5.35e+06 4.55e-12  5.97e+07     2s
   3   9.30082611e+10  1.35538540e+10  5.43e+05 8.19e-12  6.15e+06     2s
   4   5.70067823e+10  1.72206839e+10  2.21e+05 4.96e-11  2.55e+06     2s
   5   4.21351823e+10  2.26977676e+10  8.81e+04 4.55e-11  1.02e+06     2s
   6   3.66885451e+10  2.37345665e+10  3.97e+04 3.18e-11  4.85e+05     2s
   7   3.54823137e+10  2.66302206e+10  2.89e+04 3.55e-11  3.35e+05     2s
   8   3.41938188e+10  2.85121288e+10  1.76e+04 3.59e-11  1.98e+05     2s
   9   3.25314528e+10  2.96207444e+10  3.16e+03 1.82e-11  4.76e+04     2s
  10   3.21734623e+10  3.11496834e+10  5.13e+02 7.73e-12  1.08e+04     2s
  11   3.20939320e+10  3.15457563e+10  1.68e+02 3.64e-12  4.87e+03     2s
  12   3.20407078e+10  3.17927996e+10  5.46e+01 1.36e-12  2.02e+03     2s
  13   3.20158172e+10  3.18579333e+10  3.18e+01 9.09e-13  1.25e+03     2s
  14   3.19879273e+10  3.18947377e+10  1.37e+01 9.09e-13  7.20e+02     2s
  15   3.19684445e+10  3.19182460e+10  5.51e+00 9.09e-13  3.82e+02     2s
  16   3.19585051e+10  3.19300294e+10  2.81e+00 9.09e-13  2.16e+02     2s
  17   3.19508046e+10  3.19360039e+10  1.42e+00 5.58e-13  1.12e+02     2s
  18   3.19464583e+10  3.19377613e+10  7.87e-01 6.08e-13  6.55e+01     2s
  19   3.19444719e+10  3.19388952e+10  5.28e-01 6.47e-13  4.19e+01     2s
  20   3.19427521e+10  3.19391120e+10  3.27e-01 6.64e-13  2.73e+01     2s
  21   3.19412731e+10  3.19394422e+10  1.62e-01 9.09e-13  1.37e+01     2s
  22   3.19403082e+10  3.19395363e+10  6.27e-02 9.09e-13  5.80e+00     2s
  23   3.19399940e+10  3.19395915e+10  3.19e-02 5.09e-13  3.02e+00     2s
  24   3.19398310e+10  3.19396195e+10  1.66e-02 5.35e-13  1.59e+00     2s
  25   3.19397380e+10  3.19396307e+10  8.30e-03 9.09e-13  8.05e-01     2s
  26   3.19396685e+10  3.19396355e+10  2.18e-03 4.91e-13  2.48e-01     2s
  27   3.19396482e+10  3.19396379e+10  6.39e-04 9.09e-13  7.78e-02     2s

Barrier performed 27 iterations in 2.11 seconds (1.50 work units)
Barrier solve interrupted - model solved by another algorithm


Solved with primal simplex
Solved in 44051 iterations and 2.25 seconds (1.38 work units)
Optimal objective  3.193963900e+10

User-callback calls 327, time in user-callback 0.00 sec
[ Info:  started timer at: 2023-03-28T02:29:41.759
[ Info: Reading /projects/pvsoiling/RELOG/Recycling_NAICS_10/input/solver/case.json...
[ Info:          134 collection centers
[ Info:          309 candidate plant locations
[ Info: Building graph...
[ Info:           26 time periods
[ Info:          309 process nodes
[ Info:         4944 shipping nodes (plant)
[ Info:          134 shipping nodes (collection)
[ Info:        46350 arcs
[ Info: Building optimization model...
[ Info: Optimizing MILP...
[ Info: Re-optimizing with integer variables fixed...
[ Info: Extracting solution...
[ Info:       3657.388062975s: 1 hour, 57 seconds, 388 milliseconds
