Set parameter TokenServer to value "license-1.hpc.nrel.gov"
Set parameter TimeLimit to value 3600
Set parameter MIPGap to value 0.001
Set parameter MIPGap to value 0.001
Set parameter TimeLimit to value 3600
Gurobi Optimizer version 9.5.1 build v9.5.1rc2 (linux64)
Thread count: 36 physical cores, 36 logical processors, using up to 32 threads
Optimize a model with 332260 rows, 1381848 columns and 2818080 nonzeros
Model fingerprint: 0x53aabadb
Variable types: 1365780 continuous, 16068 integer (16068 binary)
Coefficient statistics:
  Matrix range     [3e-06, 7e+03]
  Objective range  [2e-01, 2e+08]
  Bounds range     [7e+03, 1e+08]
  RHS range        [1e-03, 2e+05]
Presolve removed 313017 rows and 289533 columns
Presolve time: 3.73s
Presolved: 19243 rows, 1092315 columns, 2192046 nonzeros
Variable types: 1092006 continuous, 309 integer (309 binary)

Deterministic concurrent LP optimizer: primal and dual simplex
Showing first log only...


Root simplex log...

Iteration    Objective       Primal Inf.    Dual Inf.      Time
       0    3.0652044e+10   8.476602e+05   8.102291e+11      8s
  149867    3.4759063e+10   0.000000e+00   3.238108e+09     10s
  261003    3.4524108e+10   0.000000e+00   0.000000e+00     13s
Concurrent spin time: 0.01s

Solved with primal simplex

Root relaxation: objective 3.452411e+10, 261003 iterations, 7.52 seconds (6.67 work units)

    Nodes    |    Current Node    |     Objective Bounds      |     Work
 Expl Unexpl |  Obj  Depth IntInf | Incumbent    BestBd   Gap | It/Node Time

     0     0 3.4524e+10    0    1          - 3.4524e+10      -     -   13s
H    0     0                    3.465338e+10 3.4524e+10  0.37%     -   14s
     0     0 3.4524e+10    0    1 3.4653e+10 3.4524e+10  0.37%     -   19s
     0     0 3.4524e+10    0    1 3.4653e+10 3.4524e+10  0.37%     -   24s
     0     0 3.4524e+10    0    1 3.4653e+10 3.4524e+10  0.37%     -   28s
     0     2 3.4524e+10    0    1 3.4653e+10 3.4524e+10  0.37%     -   36s
    10    16 3.4526e+10    3    2 3.4653e+10 3.4524e+10  0.37%   131   40s
    63    96 3.4524e+10    6    1 3.4653e+10 3.4524e+10  0.37%   113   45s
    95   128 3.4524e+10    7    1 3.4653e+10 3.4524e+10  0.37%   104   55s
   191   224 3.4525e+10   10    1 3.4653e+10 3.4524e+10  0.37%   106   62s
   223   256 3.4525e+10   11    1 3.4653e+10 3.4524e+10  0.37%   107  127s
   255   468 3.4525e+10   12    1 3.4653e+10 3.4524e+10  0.37%   109  134s
   417   468 3.4527e+10   12    1 3.4653e+10 3.4524e+10  0.37%  93.8  135s
   467   742 3.4525e+10   20    3 3.4653e+10 3.4524e+10  0.37%  93.0  148s
   741  1088 3.4525e+10   33    2 3.4653e+10 3.4524e+10  0.37%  95.4  164s
  1087  1798 3.4527e+10   49    2 3.4653e+10 3.4524e+10  0.37%   106  179s
  1797  2477 3.4528e+10   76    1 3.4653e+10 3.4524e+10  0.37%  90.7  192s
  2476  3130 3.4528e+10  105    1 3.4653e+10 3.4524e+10  0.37%  82.3  206s
  3129  3818 3.4531e+10  130    1 3.4653e+10 3.4524e+10  0.37%  75.9  219s
  3829  4450 3.4532e+10  155    1 3.4653e+10 3.4524e+10  0.37%  68.3  232s
  4512  5059 3.4534e+10  182    1 3.4653e+10 3.4524e+10  0.37%  66.0  246s
  5167  5700 3.4536e+10  205    1 3.4653e+10 3.4524e+10  0.37%  64.4  259s
  5915  6280 3.4610e+10  231    1 3.4653e+10 3.4524e+10  0.37%  68.4  272s
  6671  6303     cutoff  252      3.4653e+10 3.4524e+10  0.37%  79.5  317s
  6710  6779 3.4617e+10  254    2 3.4653e+10 3.4524e+10  0.37%  80.7  330s
  7403  7131     cutoff  273      3.4653e+10 3.4524e+10  0.37%  98.6  344s
  8087  7764 3.4525e+10    7    1 3.4653e+10 3.4524e+10  0.37%   106  358s
  8804  8517 3.4528e+10   34    1 3.4653e+10 3.4524e+10  0.37%   108  375s
  9575  9146 3.4537e+10   53    1 3.4653e+10 3.4524e+10  0.37%   110  391s
 10261  9812 3.4542e+10   65    2 3.4653e+10 3.4524e+10  0.37%   114  408s
 11038 10290 3.4563e+10   84    1 3.4653e+10 3.4524e+10  0.37%   115  426s
 11730 10699 3.4595e+10   99    1 3.4653e+10 3.4524e+10  0.37%   120  442s
 12559 11158 3.4636e+10  127    1 3.4653e+10 3.4524e+10  0.37%   120  456s
 13388 11159 3.4546e+10   50    1 3.4653e+10 3.4524e+10  0.37%   119  558s
 13390 11160 3.4534e+10   40    1 3.4653e+10 3.4524e+10  0.37%   119  572s
 13391 11161 3.4532e+10   17    1 3.4653e+10 3.4524e+10  0.37%   119  576s
 13393 11162 3.4551e+10   76    1 3.4653e+10 3.4524e+10  0.37%   119  580s
 13395 11167 3.4524e+10   10    1 3.4653e+10 3.4524e+10  0.37%   133  587s
 13401 11177 3.4524e+10   12    2 3.4653e+10 3.4524e+10  0.37%   133  590s
 13425 11217 3.4524e+10   14    1 3.4653e+10 3.4524e+10  0.37%   133  597s
 13457 11238 3.4524e+10   15    1 3.4653e+10 3.4524e+10  0.37%   133  600s
 13489 11259 3.4526e+10   15    2 3.4653e+10 3.4524e+10  0.37%   132  609s
 13521 11281 3.4524e+10   16    1 3.4653e+10 3.4524e+10  0.37%   132  612s
 13553 11302 3.4526e+10   16    1 3.4653e+10 3.4524e+10  0.37%   132  651s
 13640 11378 3.4525e+10   18    1 3.4653e+10 3.4524e+10  0.37%   132  655s
 13690 11560 3.4525e+10   19    1 3.4653e+10 3.4524e+10  0.37%   132  662s
 13889 11670 3.4530e+10   23    1 3.4653e+10 3.4524e+10  0.37%   132  674s
 14065 12037 3.4525e+10   27    1 3.4653e+10 3.4524e+10  0.37%   131  694s
 14491 12523 3.4525e+10   41    3 3.4653e+10 3.4524e+10  0.37%   131  713s
 15119 13010 3.4537e+10   55    1 3.4653e+10 3.4524e+10  0.37%   129  732s
 15815 12810 3.4528e+10   70    3 3.4653e+10 3.4524e+10  0.37%   127  762s
 15847 13543 3.4548e+10   70    2 3.4653e+10 3.4524e+10  0.37%   127  778s
 16591 13977 3.4528e+10   85    1 3.4653e+10 3.4524e+10  0.37%   125  794s
 17276 14453 3.4550e+10   99    2 3.4653e+10 3.4524e+10  0.37%   122  809s
 18029 14859 3.4528e+10  114    1 3.4653e+10 3.4524e+10  0.37%   120  826s
 18741 15353 3.4566e+10  128    1 3.4653e+10 3.4524e+10  0.37%   118  840s
 19524 15758 3.4531e+10  143    1 3.4653e+10 3.4524e+10  0.37%   118  854s
 20305 15524 3.4571e+10  157    1 3.4653e+10 3.4524e+10  0.37%   120  955s
 20340 16009 3.4531e+10  158    2 3.4653e+10 3.4524e+10  0.37%   120  970s
 21043 16268 3.4577e+10  172    2 3.4653e+10 3.4524e+10  0.37%   122  986s
 21802 16572 3.4533e+10  187    1 3.4653e+10 3.4524e+10  0.37%   123 1002s
 22441 16952 3.4587e+10  201    2 3.4653e+10 3.4524e+10  0.37%   124 1019s
 23110 17357 3.4536e+10  216    1 3.4653e+10 3.4524e+10  0.37%   125 1037s
 23823 17668     cutoff  230      3.4653e+10 3.4524e+10  0.37%   126 1055s
 24548 17903 3.4611e+10  245    1 3.4653e+10 3.4524e+10  0.37%   128 1072s
 25239 18126     cutoff  259      3.4653e+10 3.4524e+10  0.37%   130 1090s
 25950 18308 3.4619e+10  274    1 3.4653e+10 3.4524e+10  0.37%   131 1109s
 26722 18456     cutoff  288      3.4653e+10 3.4524e+10  0.37%   133 1127s
 27475 18645 3.4525e+10   23    1 3.4653e+10 3.4525e+10  0.37%   133 1144s
 28227 18854 3.4526e+10   52    1 3.4653e+10 3.4525e+10  0.37%   132 1163s
 28924 19230 3.4528e+10   81    3 3.4653e+10 3.4525e+10  0.37%   132 1186s
 29763 19523 3.4528e+10  110    1 3.4653e+10 3.4525e+10  0.37%   132 1201s
 30465 19712 3.4531e+10  139    1 3.4653e+10 3.4525e+10  0.37%   132 1240s
 30943 20222 3.4531e+10  157    2 3.4653e+10 3.4525e+10  0.37%   133 1262s
 31713 20574 3.4533e+10  186    3 3.4653e+10 3.4525e+10  0.37%   134 1281s
 32493 20895 3.4536e+10  215    1 3.4653e+10 3.4525e+10  0.37%   134 1299s
 33260 21164 3.4611e+10  243    1 3.4653e+10 3.4525e+10  0.37%   134 1314s
 34077 20916 3.4618e+10  272    1 3.4653e+10 3.4525e+10  0.37%   134 1426s
 34111 21420 3.4619e+10  273    2 3.4653e+10 3.4525e+10  0.37%   134 1441s
 34932 21649     cutoff  295      3.4653e+10 3.4525e+10  0.37%   133 1455s
 35676 21879 3.4540e+10   41    2 3.4653e+10 3.4525e+10  0.37%   132 1469s
 36356 22207 3.4552e+10   58    1 3.4653e+10 3.4525e+10  0.37%   132 1483s
 37046 22590 3.4556e+10   68    1 3.4653e+10 3.4525e+10  0.37%   132 1500s
 37719 22917 3.4575e+10   78    1 3.4653e+10 3.4525e+10  0.37%   132 1518s
 38356 23185 3.4638e+10   88    2 3.4653e+10 3.4525e+10  0.37%   133 1531s
 38899 23613 3.4644e+10   95    2 3.4653e+10 3.4525e+10  0.37%   133 1548s
 39626 23893 3.4646e+10  123    2 3.4653e+10 3.4525e+10  0.37%   134 1563s
 40363 24171 3.4647e+10  152    1 3.4653e+10 3.4525e+10  0.37%   133 1579s
 41093 24435 3.4650e+10  180    1 3.4653e+10 3.4525e+10  0.37%   133 1595s
 41721 24784 3.4526e+10   24    1 3.4653e+10 3.4525e+10  0.37%   133 1610s
 42410 25128 3.4527e+10   32    1 3.4653e+10 3.4525e+10  0.37%   133 1626s
 43058 25528 3.4530e+10   43    1 3.4653e+10 3.4525e+10  0.37%   133 1643s
 43725 25924 3.4533e+10   53    2 3.4653e+10 3.4525e+10  0.37%   133 1660s
 44368 26329 3.4541e+10   63    1 3.4653e+10 3.4525e+10  0.37%   134 1675s
 45075 26694 3.4547e+10   72    1 3.4653e+10 3.4525e+10  0.37%   134 1690s
 45790 26481 3.4558e+10   82    1 3.4653e+10 3.4525e+10  0.37%   133 1720s
 45826 27102 3.4559e+10   83    1 3.4653e+10 3.4525e+10  0.37%   133 1734s
 46579 27405 3.4567e+10  112    2 3.4653e+10 3.4525e+10  0.37%   133 1746s
 47288 27886 3.4569e+10  141    2 3.4653e+10 3.4525e+10  0.37%   132 1760s
 48081 28410 3.4570e+10  170    3 3.4653e+10 3.4525e+10  0.37%   132 1774s
 48815 28933 3.4571e+10  199    1 3.4653e+10 3.4525e+10  0.37%   131 1788s
 49512 29465 3.4573e+10  228    3 3.4653e+10 3.4525e+10  0.37%   131 1801s
 50259 29957 3.4575e+10  257    1 3.4653e+10 3.4525e+10  0.37%   130 1816s
 50980 30526 3.4527e+10   29    1 3.4653e+10 3.4525e+10  0.37%   130 1830s
 51628 31140 3.4528e+10   34    1 3.4653e+10 3.4525e+10  0.37%   130 1843s
 52278 31775 3.4528e+10   41    1 3.4653e+10 3.4525e+10  0.37%   129 1859s
 52929 32479 3.4529e+10   46    1 3.4653e+10 3.4525e+10  0.37%   130 1874s
 53633 33125 3.4529e+10   51    1 3.4653e+10 3.4525e+10  0.37%   130 1889s
 54367 33808 3.4529e+10   57    3 3.4653e+10 3.4525e+10  0.37%   130 1902s
 55096 33840 3.4529e+10   63    2 3.4653e+10 3.4525e+10  0.37%   130 1996s
 55128 34542 3.4538e+10   63    1 3.4653e+10 3.4525e+10  0.37%   130 2011s
 55871 35202 3.4529e+10   69    1 3.4653e+10 3.4525e+10  0.37%   129 2027s
 56573 35872 3.4530e+10   75    1 3.4653e+10 3.4525e+10  0.37%   129 2041s
 57294 36523 3.4531e+10   82    4 3.4653e+10 3.4525e+10  0.37%   129 2056s
 58048 36524 3.4637e+10  105    1 3.4653e+10 3.4525e+10  0.37%   129 2245s
 58050 36525 3.4575e+10  172    1 3.4653e+10 3.4525e+10  0.37%   129 2261s
 58051 36526 3.4573e+10  190    1 3.4653e+10 3.4525e+10  0.37%   129 2265s
 58053 36527 3.4632e+10  288    1 3.4653e+10 3.4525e+10  0.37%   129 2270s
 58054 36528 3.4548e+10   84    1 3.4653e+10 3.4525e+10  0.37%   129 2279s
 58055 36529 3.4579e+10  178    1 3.4653e+10 3.4525e+10  0.37%   129 2281s
 58056 36529 3.4527e+10   34    1 3.4653e+10 3.4525e+10  0.37%   129 2289s
 58057 36530 3.4623e+10  260    1 3.4653e+10 3.4525e+10  0.37%   129 2291s
 58058 36531 3.4537e+10   53    1 3.4653e+10 3.4525e+10  0.37%   129 2300s
 58060 36532 3.4528e+10   33    1 3.4653e+10 3.4525e+10  0.37%   129 2311s
 58062 36533 3.4548e+10   84    1 3.4653e+10 3.4525e+10  0.37%   129 2323s
 58063 36534 3.4566e+10  143    1 3.4653e+10 3.4525e+10  0.37%   129 2325s
 58064 36535 3.4548e+10   75    1 3.4653e+10 3.4525e+10  0.37%   129 2334s
 58065 36535 3.4565e+10   72    1 3.4653e+10 3.4525e+10  0.37%   129 2347s
 58066 36536 3.4550e+10  101    1 3.4653e+10 3.4525e+10  0.37%   129 2357s
 58067 36537 3.4528e+10   32    1 3.4653e+10 3.4525e+10  0.37%   129 2366s
 58068 36537 3.4567e+10  117    1 3.4653e+10 3.4525e+10  0.37%   129 2373s
 58069 36541 3.4525e+10   23    1 3.4653e+10 3.4525e+10  0.37%   132 2377s
 58075 36551 3.4525e+10   25    2 3.4653e+10 3.4525e+10  0.37%   132 2382s
 58099 36591 3.4525e+10   27    1 3.4653e+10 3.4525e+10  0.37%   132 2390s
 58163 36634 3.4526e+10   28    2 3.4653e+10 3.4525e+10  0.37%   132 2399s
 58195 36655 3.4525e+10   29    1 3.4653e+10 3.4525e+10  0.37%   132 2401s
 58227 36676 3.4526e+10   29    1 3.4653e+10 3.4525e+10  0.37%   132 2607s
 58259 36717 3.4525e+10   30    1 3.4653e+10 3.4525e+10  0.37%   132 2610s
 58310 36732 3.4525e+10   31    1 3.4653e+10 3.4525e+10  0.37%   132 2822s
 58342 36753 3.4526e+10   31    1 3.4653e+10 3.4525e+10  0.37%   132 3043s
 58374 37073 3.4525e+10   32    1 3.4653e+10 3.4525e+10  0.37%   132 3064s
 58705 37234 3.4525e+10   38    3 3.4653e+10 3.4525e+10  0.37%   132 3089s
 58976 37575 3.4525e+10   43    3 3.4653e+10 3.4525e+10  0.37%   132 3137s
 59407 38281 3.4525e+10   50    2 3.4653e+10 3.4525e+10  0.37%   132 3174s
 60257 38765 3.4537e+10   64    1 3.4653e+10 3.4525e+10  0.37%   132 3204s
 61033 39248 3.4527e+10   79    1 3.4653e+10 3.4525e+10  0.37%   131 3229s
 61826 39670 3.4548e+10   93    1 3.4653e+10 3.4525e+10  0.37%   131 3250s
 62603 40084 3.4528e+10  108    1 3.4653e+10 3.4525e+10  0.37%   130 3271s
 63433 40525 3.4550e+10  122    2 3.4653e+10 3.4525e+10  0.37%   129 3289s
 64264 40986 3.4529e+10  137    1 3.4653e+10 3.4525e+10  0.37%   128 3303s
 65091 41359 3.4566e+10  151    2 3.4653e+10 3.4525e+10  0.37%   128 3322s
 65855 41464 3.4531e+10  166    3 3.4653e+10 3.4525e+10  0.37%   129 3377s
 66347 41898 3.4532e+10  174    1 3.4653e+10 3.4525e+10  0.37%   129 3394s
 67181 42308 3.4577e+10  188    2 3.4653e+10 3.4525e+10  0.37%   129 3411s
 68025 42820 3.4534e+10  203    2 3.4653e+10 3.4525e+10  0.37%   129 3430s
 68882 43308 3.4587e+10  217    1 3.4653e+10 3.4525e+10  0.37%   128 3449s
 69702 43737 3.4536e+10  232    1 3.4653e+10 3.4525e+10  0.37%   128 3465s
 70534 44026     cutoff  246      3.4653e+10 3.4525e+10  0.37%   128 3481s
 71399 44294 3.4611e+10  261    1 3.4653e+10 3.4525e+10  0.37%   128 3494s
 72290 44523     cutoff  275      3.4653e+10 3.4525e+10  0.37%   127 3507s
 73143 44826 3.4624e+10  290    1 3.4653e+10 3.4525e+10  0.37%   127 3523s
 73973 45129     cutoff  304      3.4653e+10 3.4525e+10  0.37%   127 3540s
 74710 45388 3.4527e+10   44    1 3.4653e+10 3.4525e+10  0.37%   128 3558s
 75299 45831 3.4546e+10   69    1 3.4653e+10 3.4525e+10  0.37%   129 3576s
 75968 46156 3.4564e+10   93    1 3.4653e+10 3.4525e+10  0.37%   129 3596s
 76562 46164 3.4589e+10  107    2 3.4653e+10 3.4525e+10  0.37%   130 3600s

Cutting planes:
  Implied bound: 8
  MIR: 8
  Flow cover: 8
  Relax-and-lift: 1

Explored 76781 nodes (10238093 simplex iterations) in 3600.46 seconds (2448.12 work units)
Thread count was 32 (of 36 available processors)

Solution count 1: 3.46534e+10 

Time limit reached
Best objective 3.465338415234e+10, best bound 3.452517552267e+10, gap 0.3700%

User-callback calls 931358, time in user-callback 0.43 sec
Set parameter TokenServer to value "license-1.hpc.nrel.gov"
Set parameter TimeLimit to value 3600
Set parameter MIPGap to value 0.001
Set parameter MIPGap to value 0.001
Set parameter TimeLimit to value 3600
Gurobi Optimizer version 9.5.1 build v9.5.1rc2 (linux64)
Thread count: 36 physical cores, 36 logical processors, using up to 32 threads
Optimize a model with 332260 rows, 1381848 columns and 2818080 nonzeros
Model fingerprint: 0x631f9861
Coefficient statistics:
  Matrix range     [3e-06, 7e+03]
  Objective range  [2e-01, 2e+08]
  Bounds range     [1e+00, 1e+08]
  RHS range        [1e-03, 2e+05]

Concurrent LP optimizer: primal simplex, dual simplex, and barrier
Showing barrier log only...

Presolve removed 326670 rows and 1095513 columns
Presolve time: 1.45s
Presolved: 5590 rows, 286335 columns, 570564 nonzeros

Ordering time: 0.05s

Barrier statistics:
 AA' NZ     : 2.842e+05
 Factor NZ  : 5.821e+05 (roughly 120 MB of memory)
 Factor Ops : 6.366e+07 (less than 1 second per iteration)
 Threads    : 30

                  Objective                Residual
Iter       Primal          Dual         Primal    Dual     Compl     Time
   0   2.33403962e+13 -2.89003479e+12  9.36e+07 1.49e+02  1.05e+09     2s
   1   6.31828223e+12 -8.86521621e+11  2.52e+07 2.73e-12  2.85e+08     2s
   2   1.44837930e+12 -3.17268235e+10  5.67e+06 1.18e-11  6.43e+07     2s
   3   3.85359370e+10  5.25422908e+09  1.26e+04 2.27e-11  2.46e+05     2s
   4   3.54090316e+10  2.66707481e+10  2.51e+02 4.55e-12  3.24e+04     2s
   5   3.52579290e+10  3.07456262e+10  2.88e+01 2.73e-12  1.58e+04     2s
   6   3.51467680e+10  3.17105455e+10  1.06e+01 2.27e-12  1.19e+04     2s
   7   3.50905341e+10  3.30061067e+10  6.35e+00 3.03e-12  7.26e+03     2s
   8   3.50028793e+10  3.31099417e+10  2.91e+00 3.27e-12  6.55e+03     2s
   9   3.49270555e+10  3.40014135e+10  1.32e+00 4.04e-12  3.20e+03     2s
  10   3.48728983e+10  3.41875459e+10  8.23e-01 6.65e-12  2.37e+03     2s
  11   3.48242680e+10  3.43935112e+10  4.90e-01 1.14e-11  1.49e+03     2s
  12   3.47673771e+10  3.45255168e+10  2.35e-01 1.60e-11  8.36e+02     2s
  13   3.47129360e+10  3.45807905e+10  9.15e-02 1.77e-11  4.56e+02     2s
  14   3.46957517e+10  3.46103242e+10  5.54e-02 1.81e-11  2.95e+02     2s
  15   3.46753965e+10  3.46289642e+10  2.11e-02 2.50e-11  1.60e+02     2s

Barrier performed 15 iterations in 2.24 seconds (1.55 work units)
Barrier solve interrupted - model solved by another algorithm


Solved with primal simplex
Solved in 52605 iterations and 2.24 seconds (1.49 work units)
Optimal objective  3.465338415e+10

User-callback calls 253, time in user-callback 0.00 sec
[ Info:  started timer at: 2023-03-22T17:36:30.536
[ Info: Reading /projects/pvsoiling/RELOG/Recycling_NAICS_10/input/solver/case.json...
[ Info:          134 collection centers
[ Info:          309 candidate plant locations
[ Info: Building graph...
[ Info:               26 time periods
[ Info:              309 process nodes
[ Info:             4944 shipping nodes (plant)
[ Info:              134 shipping nodes (collection)
[ Info:            46350 arcs
[ Info: Building optimization model...
[ Info: Optimizing MILP...
[ Info: Re-optimizing with integer variables fixed...
[ Info: Extracting solution...
[ Info:       3647.862229857s: 1 hour, 47 seconds, 862 milliseconds
