Set parameter TokenServer to value "license-1.hpc.nrel.gov"
Set parameter TimeLimit to value 3600
Set parameter MIPGap to value 0.001
Set parameter MIPGap to value 0.001
Set parameter TimeLimit to value 3600
Gurobi Optimizer version 9.5.1 build v9.5.1rc2 (linux64)
Thread count: 36 physical cores, 36 logical processors, using up to 32 threads
Optimize a model with 91240 rows, 1140828 columns and 2336040 nonzeros
Model fingerprint: 0x31defb55
Variable types: 1124760 continuous, 16068 integer (16068 binary)
Coefficient statistics:
  Matrix range     [1e+00, 1e+05]
  Objective range  [3e-01, 7e+08]
  Bounds range     [1e+05, 1e+08]
  RHS range        [8e-01, 2e+06]
Presolve removed 71999 rows and 49131 columns
Presolve time: 4.02s
Presolved: 19241 rows, 1091697 columns, 2190810 nonzeros
Variable types: 1091388 continuous, 309 integer (309 binary)

Deterministic concurrent LP optimizer: primal and dual simplex
Showing first log only...


Root simplex log...

Iteration    Objective       Primal Inf.    Dual Inf.      Time
       0    3.7457632e+11   1.363017e+07   1.030988e+12      9s
  106103    3.5167169e+11   0.000000e+00   1.428728e+09     10s
  326467    3.1349620e+11   0.000000e+00   9.252585e+09     15s
  472797    3.0772564e+11   0.000000e+00   1.219486e+09     20s
  585900    3.0502468e+11   0.000000e+00   2.420422e+10     25s
  686936    3.0426621e+11   0.000000e+00   2.056917e+03     30s
  688594    3.0426548e+11   0.000000e+00   0.000000e+00     31s
Concurrent spin time: 2.14s

Solved with primal simplex

Root relaxation: objective 3.042655e+11, 688594 iterations, 27.09 seconds (24.85 work units)

    Nodes    |    Current Node    |     Objective Bounds      |     Work
 Expl Unexpl |  Obj  Depth IntInf | Incumbent    BestBd   Gap | It/Node Time

     0     0 3.0427e+11    0    4          - 3.0427e+11      -     -   33s
H    0     0                    3.061919e+11 3.0427e+11  0.63%     -   54s
     0     0 3.0427e+11    0    5 3.0619e+11 3.0427e+11  0.63%     -   59s
H    0     0                    3.044174e+11 3.0427e+11  0.05%     -   76s

Cutting planes:
  Implied bound: 85
  Flow cover: 5

Explored 1 nodes (689349 simplex iterations) in 76.70 seconds (89.02 work units)
Thread count was 32 (of 36 available processors)

Solution count 2: 3.04417e+11 3.06192e+11 

Optimal solution found (tolerance 1.00e-03)
Best objective 3.044173522103e+11, best bound 3.042710790313e+11, gap 0.0481%

User-callback calls 21048, time in user-callback 0.02 sec
Set parameter TokenServer to value "license-1.hpc.nrel.gov"
Set parameter TimeLimit to value 3600
Set parameter MIPGap to value 0.001
Set parameter MIPGap to value 0.001
Set parameter TimeLimit to value 3600
Gurobi Optimizer version 9.5.1 build v9.5.1rc2 (linux64)
Thread count: 36 physical cores, 36 logical processors, using up to 32 threads
Optimize a model with 91240 rows, 1140828 columns and 2336040 nonzeros
Model fingerprint: 0xc30338f0
Coefficient statistics:
  Matrix range     [1e+00, 1e+05]
  Objective range  [3e-01, 7e+08]
  Bounds range     [1e+00, 1e+08]
  RHS range        [8e-01, 2e+06]

Concurrent LP optimizer: primal simplex, dual simplex, and barrier
Showing barrier log only...

Presolve removed 86666 rows and 992442 columns
Presolve time: 1.14s
Presolved: 4574 rows, 148386 columns, 295680 nonzeros

Ordering time: 0.02s

Barrier statistics:
 AA' NZ     : 1.473e+05
 Factor NZ  : 2.612e+05 (roughly 60 MB of memory)
 Factor Ops : 1.552e+07 (less than 1 second per iteration)
 Threads    : 30

                  Objective                Residual
Iter       Primal          Dual         Primal    Dual     Compl     Time
   0   2.23253384e+13 -9.79876434e+11  1.20e+08 2.42e+02  1.03e+09     1s
   1   4.22578703e+12 -3.90303824e+11  2.14e+07 1.36e-12  1.86e+08     1s
   2   1.02583736e+12  5.11467325e+10  3.89e+06 6.87e-11  3.47e+07     1s
   3   3.97765206e+11  1.93664510e+11  4.59e+05 5.41e-11  4.59e+06     1s
   4   3.15807164e+11  2.66150450e+11  1.60e+04 2.50e-11  4.30e+05     1s
   5   3.11561887e+11  2.88642091e+11  2.19e+03 1.09e-11  1.63e+05     1s
   6   3.08363906e+11  2.99258708e+11  2.25e+02 4.09e-12  6.12e+04     1s
   7   3.06927856e+11  3.02353620e+11  7.94e+01 1.36e-12  3.06e+04     1s
   8   3.06070554e+11  3.03275131e+11  3.87e+01 9.09e-13  1.86e+04     1s
   9   3.05623290e+11  3.03615734e+11  2.55e+01 9.09e-13  1.34e+04     1s
  10   3.05105129e+11  3.04135018e+11  1.27e+01 9.09e-13  6.45e+03     1s
  11   3.04886816e+11  3.04275374e+11  7.86e+00 9.09e-13  4.06e+03     1s
  12   3.04712179e+11  3.04328867e+11  4.53e+00 7.75e-13  2.55e+03     1s
  13   3.04572871e+11  3.04359123e+11  2.16e+00 8.12e-13  1.42e+03     1s
  14   3.04528261e+11  3.04381657e+11  1.48e+00 9.09e-13  9.73e+02     1s
  15   3.04490583e+11  3.04397026e+11  9.36e-01 6.54e-13  6.21e+02     2s
  16   3.04462524e+11  3.04406541e+11  5.57e-01 7.29e-13  3.72e+02     2s
  17   3.04444187e+11  3.04411872e+11  3.18e-01 6.64e-13  2.15e+02     2s
  18   3.04435201e+11  3.04414243e+11  2.09e-01 9.09e-13  1.39e+02     2s
  19   3.04427411e+11  3.04415746e+11  1.15e-01 9.09e-13  7.74e+01     2s
  20   3.04422171e+11  3.04416565e+11  5.36e-02 5.86e-13  3.72e+01     2s
  21   3.04418970e+11  3.04417041e+11  1.72e-02 5.61e-13  1.28e+01     2s
  22   3.04417912e+11  3.04417170e+11  5.50e-03 6.20e-13  4.92e+00     2s
  23   3.04417604e+11  3.04417221e+11  2.24e-03 9.09e-13  2.54e+00     2s
  24   3.04417367e+11  3.04417311e+11  5.01e-05 9.09e-13  3.74e-01     2s
  25   3.04417355e+11  3.04417343e+11  8.00e-06 4.94e-13  7.81e-02     2s
  26   3.04417353e+11  3.04417351e+11  9.01e-07 9.09e-13  9.07e-03     2s
  27   3.04417352e+11  3.04417352e+11  4.42e-07 7.43e-12  5.30e-04     2s
  28   3.04417352e+11  3.04417352e+11  4.45e-08 5.88e-12  1.44e-06     2s
  29   3.04417352e+11  3.04417352e+11  8.29e-10 5.12e-13  2.25e-11     2s

Barrier solved model in 29 iterations and 1.76 seconds (1.08 work units)
Optimal objective 3.04417352e+11

Crossover log...

       0 DPushes remaining with DInf 0.0000000e+00                 2s

     776 PPushes remaining with PInf 0.0000000e+00                 2s
       0 PPushes remaining with PInf 0.0000000e+00                 2s

  Push phase complete: Pinf 0.0000000e+00, Dinf 3.5925041e-11      2s

Iteration    Objective       Primal Inf.    Dual Inf.      Time
     779    3.0441735e+11   0.000000e+00   0.000000e+00      2s

Solved with barrier
Solved in 779 iterations and 2.28 seconds (1.22 work units)
Optimal objective  3.044173522e+11

User-callback calls 1054, time in user-callback 0.00 sec
[ Info:  started timer at: 2023-03-22T17:22:50.609
[ Info: Reading /projects/pvsoiling/RELOG/Manufacturing_NAICS_0.5/input/solver/case.json...
[ Info:          134 collection centers
[ Info:          309 candidate plant locations
[ Info: Building graph...
[ Info:               26 time periods
[ Info:              309 process nodes
[ Info:              309 shipping nodes (plant)
[ Info:              134 shipping nodes (collection)
[ Info:            41715 arcs
[ Info: Building optimization model...
[ Info: Optimizing MILP...
[ Info: Re-optimizing with integer variables fixed...
[ Info: Extracting solution...
[ Info:        120.665414006s: 2 minutes, 665 milliseconds
