Set parameter TokenServer to value "license-1.hpc.nrel.gov"
Set parameter TimeLimit to value 3600
Set parameter MIPGap to value 0.001
Set parameter MIPGap to value 0.001
Set parameter TimeLimit to value 3600
Gurobi Optimizer version 9.5.1 build v9.5.1rc2 (linux64)
Thread count: 36 physical cores, 36 logical processors, using up to 32 threads
Optimize a model with 91240 rows, 1140828 columns and 2336040 nonzeros
Model fingerprint: 0x4f88b447
Variable types: 1124760 continuous, 16068 integer (16068 binary)
Coefficient statistics:
  Matrix range     [1e+00, 1e+05]
  Objective range  [3e-01, 3e+09]
  Bounds range     [1e+05, 1e+08]
  RHS range        [8e-01, 2e+06]
Warning: Model contains large objective coefficients
         Consider reformulating model or setting NumericFocus parameter
         to avoid numerical issues.
Presolve removed 79724 rows and 64581 columns
Presolve time: 4.30s
Presolved: 11516 rows, 1076247 columns, 2159910 nonzeros
Variable types: 1075938 continuous, 309 integer (309 binary)

Deterministic concurrent LP optimizer: primal and dual simplex
Showing first log only...


Root simplex log...

Iteration    Objective       Primal Inf.    Dual Inf.      Time
       0    3.8903998e+11   2.388103e+06   1.968965e+11      9s
Concurrent spin time: 0.19s

Solved with dual simplex

Root relaxation: objective 1.694942e+12, 23387 iterations, 3.31 seconds (2.39 work units)

    Nodes    |    Current Node    |     Objective Bounds      |     Work
 Expl Unexpl |  Obj  Depth IntInf | Incumbent    BestBd   Gap | It/Node Time

     0     0 1.6949e+12    0    3          - 1.6949e+12      -     -    9s
H    0     0                    1.701775e+12 1.6949e+12  0.40%     -   10s
H    0     0                    1.697566e+12 1.6949e+12  0.15%     -   12s
     0     0 1.6949e+12    0    2 1.6976e+12 1.6949e+12  0.15%     -   14s
     0     0 1.6949e+12    0    1 1.6976e+12 1.6949e+12  0.15%     -   17s
     0     0 1.6949e+12    0    2 1.6976e+12 1.6949e+12  0.15%     -   18s
     0     0 1.6949e+12    0    1 1.6976e+12 1.6949e+12  0.15%     -   20s
     0     0 1.6949e+12    0    1 1.6976e+12 1.6949e+12  0.15%     -   21s
     0     0 1.6949e+12    0    1 1.6976e+12 1.6949e+12  0.15%     -   22s
     0     0 1.6949e+12    0    1 1.6976e+12 1.6949e+12  0.15%     -   24s
     0     0 1.6949e+12    0    1 1.6976e+12 1.6949e+12  0.15%     -   26s
     0     2 1.6949e+12    0    1 1.6976e+12 1.6949e+12  0.15%     -   28s
     3     8 1.6949e+12    2    1 1.6976e+12 1.6949e+12  0.15%   9.0   30s
    31    64 1.6949e+12    5    1 1.6976e+12 1.6949e+12  0.15%   9.6   35s
   159   192 1.6949e+12    9    1 1.6976e+12 1.6949e+12  0.15%   6.5  138s
   191   224 1.6949e+12   10    1 1.6976e+12 1.6949e+12  0.15%   6.1  141s
   351   788 1.6949e+12   14    1 1.6976e+12 1.6949e+12  0.15%   4.9  150s
   787  1680 1.6949e+12   24    2 1.6976e+12 1.6949e+12  0.15%   5.3  167s
  1679  2608 1.6951e+12   50    1 1.6976e+12 1.6949e+12  0.15%   6.6  178s
  2607  3524 1.6952e+12   79    1 1.6976e+12 1.6949e+12  0.15%   6.7  190s
  3530  4353 1.6953e+12  108    3 1.6976e+12 1.6949e+12  0.15%   6.3  201s
  4425  4937 1.6954e+12  137    1 1.6976e+12 1.6949e+12  0.15%   6.3  207s
  5314  5381 1.6964e+12  165    1 1.6976e+12 1.6949e+12  0.15%   7.6  214s
  6164  5995 1.6966e+12  194    1 1.6976e+12 1.6949e+12  0.15%   9.3  221s
  7088  6684 1.6967e+12  223    1 1.6976e+12 1.6949e+12  0.15%   9.8  227s
  8016  7578 1.6949e+12   10    1 1.6976e+12 1.6949e+12  0.15%   9.5  232s
  8944  8496 1.6951e+12   39    1 1.6976e+12 1.6949e+12  0.15%   9.2  236s
  9873  8497 1.6950e+12   36    1 1.6976e+12 1.6949e+12  0.15%   8.8  243s
  9875  8498 1.6953e+12   46    3 1.6976e+12 1.6949e+12  0.15%   8.8  253s
  9876  8499 1.6952e+12   62    1 1.6976e+12 1.6949e+12  0.15%   8.8  255s
  9879  8501 1.6949e+12    9    1 1.6976e+12 1.6949e+12  0.15%   8.8  260s
  9895  8529 1.6949e+12   18    1 1.6976e+12 1.6949e+12  0.15%  11.0  265s
  9975  8598 1.6949e+12   20    2 1.6976e+12 1.6949e+12  0.15%  11.0  293s
 10039  8641 1.6949e+12   21    2 1.6976e+12 1.6949e+12  0.15%  11.0  320s
 10328  9323 1.6949e+12   26    2 1.6976e+12 1.6949e+12  0.15%  10.8  330s
 10850  9958 1.6949e+12   34    2 1.6976e+12 1.6949e+12  0.15%  10.5  344s
 11659 10649 1.6950e+12   49    2 1.6976e+12 1.6949e+12  0.15%  10.3  357s
 12619 11286 1.6951e+12   72    1 1.6976e+12 1.6949e+12  0.15%  10.0  370s
 13577 10997 1.6952e+12  102    1 1.6976e+12 1.6949e+12  0.15%   9.7  397s
 13609 11735 1.6952e+12  103    2 1.6976e+12 1.6949e+12  0.15%   9.7  408s
 14415 11993 1.6953e+12  133    1 1.6976e+12 1.6949e+12  0.15%   9.5  415s
 15338 11979 1.6964e+12  160    2 1.6976e+12 1.6949e+12  0.15%   9.5  422s
 16249 12074 1.6965e+12  186    1 1.6976e+12 1.6949e+12  0.15%   9.8  429s
 17209 12311 1.6966e+12  216    1 1.6976e+12 1.6949e+12  0.15%   9.8  434s
 18169 12807 1.6967e+12  246    2 1.6976e+12 1.6949e+12  0.15%   9.7  438s
 19129 13424 1.6949e+12   33    1 1.6976e+12 1.6949e+12  0.15%   9.5  442s
 20089 13967 1.6952e+12   63    1 1.6976e+12 1.6949e+12  0.15%   9.3  447s
 21049 14440 1.6952e+12   89    2 1.6976e+12 1.6949e+12  0.15%   9.3  453s
 22009 14849 1.6954e+12  118    1 1.6976e+12 1.6949e+12  0.15%   9.1  459s
 22969 15064 1.6955e+12  146    1 1.6976e+12 1.6949e+12  0.15%   9.0  466s
 23925 15183 1.6965e+12  175    1 1.6976e+12 1.6949e+12  0.15%   9.0  474s
 24856 15471 1.6967e+12  204    2 1.6976e+12 1.6949e+12  0.15%   9.4  531s
 25709 15976 1.6949e+12   23    1 1.6976e+12 1.6949e+12  0.15%   9.5  538s
 26669 16567 1.6950e+12   32    1 1.6976e+12 1.6949e+12  0.15%   9.5  546s
 27629 17122 1.6952e+12   47    2 1.6976e+12 1.6949e+12  0.15%   9.5  553s
 28589 17561 1.6954e+12   57    1 1.6976e+12 1.6949e+12  0.15%   9.4  559s
 29549 17922 1.6962e+12   74    1 1.6976e+12 1.6949e+12  0.15%   9.3  568s
 30509 18157 1.6972e+12   84    1 1.6976e+12 1.6949e+12  0.15%   9.3  572s
 31430 18429 1.6974e+12   97    1 1.6976e+12 1.6949e+12  0.15%   9.6  579s
 32369 18885 1.6949e+12   25    1 1.6976e+12 1.6949e+12  0.15%   9.6  584s
 33329 19298 1.6950e+12   47    2 1.6976e+12 1.6949e+12  0.15%   9.5  588s
 34289 19758 1.6951e+12   75    1 1.6976e+12 1.6949e+12  0.15%   9.4  593s
 35245 20112 1.6952e+12  103    1 1.6976e+12 1.6949e+12  0.15%   9.3  597s
 36191 20804 1.6953e+12  133    1 1.6976e+12 1.6949e+12  0.15%   9.3  602s
 37142 21436 1.6954e+12  163    1 1.6976e+12 1.6949e+12  0.15%   9.2  608s
 38099 21993 1.6965e+12  182    1 1.6976e+12 1.6949e+12  0.15%   9.1  615s
 39059 22638 1.6966e+12  212    2 1.6976e+12 1.6949e+12  0.15%   9.1  620s
 40979 24133 1.6949e+12   34    1 1.6976e+12 1.6949e+12  0.15%   8.9  628s
 41927 24988 1.6951e+12   64    2 1.6976e+12 1.6949e+12  0.15%   8.9  632s
 42856 25613 1.6952e+12   94    1 1.6976e+12 1.6949e+12  0.15%   9.1  641s
 43708 26239 1.6953e+12  124    1 1.6976e+12 1.6949e+12  0.15%   9.1  645s
 45626 27363 1.6964e+12  184    1 1.6976e+12 1.6949e+12  0.15%   9.0  653s
 46586 27957 1.6966e+12  214    1 1.6976e+12 1.6949e+12  0.15%   8.9  657s
 47546 28613 1.6967e+12  244    1 1.6976e+12 1.6949e+12  0.15%   8.8  661s
 48506 29354 1.6949e+12   34    1 1.6976e+12 1.6949e+12  0.15%   8.8  665s
 49466 30158 1.6951e+12   64    1 1.6976e+12 1.6949e+12  0.15%   8.7  671s
 50426 30839 1.6952e+12   94    1 1.6976e+12 1.6949e+12  0.15%   8.7  676s
 51386 31498 1.6953e+12  124    1 1.6976e+12 1.6949e+12  0.15%   8.6  682s
 52346 32140 1.6955e+12  154    1 1.6976e+12 1.6949e+12  0.15%   8.5  686s
 53268 32684 1.6964e+12  184    1 1.6976e+12 1.6949e+12  0.15%   8.5  691s
 54190 33291 1.6966e+12  214    1 1.6976e+12 1.6949e+12  0.15%   8.7  695s
 55086 33901 1.6967e+12  244    1 1.6976e+12 1.6949e+12  0.15%   8.8  702s
 56029 33927 1.6949e+12   32    1 1.6976e+12 1.6949e+12  0.15%   8.8  740s
 56061 34651 1.6949e+12   33    1 1.6976e+12 1.6949e+12  0.15%   8.8  746s
 57006 35142 1.6951e+12   63    1 1.6976e+12 1.6949e+12  0.15%   8.7  762s
 57582 35985 1.6951e+12   81    3 1.6976e+12 1.6949e+12  0.15%   8.7  768s
 58543 35986 1.6963e+12  154    1 1.6976e+12 1.6949e+12  0.15%   8.6  855s
 58545 35987 1.6957e+12  111    3 1.6976e+12 1.6949e+12  0.15%   8.6  867s
 58546 35988 1.6953e+12   67    1 1.6976e+12 1.6949e+12  0.15%   8.6  870s
 58549 35990 1.6960e+12  156    1 1.6976e+12 1.6949e+12  0.15%   8.6  880s
 58551 35991 1.6956e+12   95    2 1.6976e+12 1.6949e+12  0.15%   8.6  888s
 58552 35992 1.6953e+12   59    2 1.6976e+12 1.6949e+12  0.15%   8.6  890s
 58553 35993 1.6957e+12  101    2 1.6976e+12 1.6949e+12  0.15%   8.6  897s
 58554 35993 1.6949e+12   36    2 1.6976e+12 1.6949e+12  0.15%   8.6  906s
 58555 35994 1.6964e+12  166    2 1.6976e+12 1.6949e+12  0.15%   8.6  915s
 58556 35995 1.6966e+12  212    2 1.6976e+12 1.6949e+12  0.15%   8.6  932s
 58558 35996 1.6965e+12  189    2 1.6976e+12 1.6949e+12  0.15%   8.6  940s
 58559 35997 1.6960e+12  160    2 1.6976e+12 1.6949e+12  0.15%   8.6  948s
 58560 35997 1.6950e+12   39    2 1.6976e+12 1.6949e+12  0.15%   8.6  953s
 58561 36001 1.6949e+12   29    1 1.6976e+12 1.6949e+12  0.15%   9.0  955s
 58591 36051 1.6949e+12   33    1 1.6976e+12 1.6949e+12  0.15%   9.0  960s
 58655 36094 1.6949e+12   34    2 1.6976e+12 1.6949e+12  0.15%   9.0  975s
 58719 36136 1.6949e+12   35    2 1.6976e+12 1.6949e+12  0.15%   9.0 1104s
 58751 36158 1.6949e+12   36    1 1.6976e+12 1.6949e+12  0.15%   9.0 1135s
 58847 36519 1.6949e+12   37    2 1.6976e+12 1.6949e+12  0.15%   9.0 1141s
 59176 36909 1.6949e+12   42    2 1.6976e+12 1.6949e+12  0.15%   9.0 1154s
 59676 37702 1.6949e+12   46    1 1.6976e+12 1.6949e+12  0.15%   8.9 1166s
 60636 38342 1.6950e+12   61    1 1.6976e+12 1.6949e+12  0.15%   8.9 1179s
 61596 38974 1.6951e+12   81    1 1.6976e+12 1.6949e+12  0.15%   8.9 1192s
 62554 39348 1.6952e+12  111    2 1.6976e+12 1.6949e+12  0.15%   8.8 1200s
 63472 39062 1.6953e+12  141    1 1.6976e+12 1.6949e+12  0.15%   8.8 1252s
 63504 39405 1.6953e+12  142    1 1.6976e+12 1.6949e+12  0.15%   8.8 1261s
 64413 39374 infeasible  170      1.6976e+12 1.6949e+12  0.15%   8.8 1269s
 65312 39534 1.6964e+12  198    1 1.6976e+12 1.6949e+12  0.15%   8.9 1276s
 66272 39935 1.6966e+12  228    1 1.6976e+12 1.6949e+12  0.15%   8.9 1282s
 67232 40456 1.6967e+12  258    1 1.6976e+12 1.6949e+12  0.15%   8.9 1287s
 68192 41084 1.6949e+12   44    1 1.6976e+12 1.6949e+12  0.15%   8.8 1294s
 69152 41633 1.6950e+12   63    1 1.6976e+12 1.6949e+12  0.15%   8.8 1301s
 70112 41863 1.6951e+12   90    1 1.6976e+12 1.6949e+12  0.15%   8.7 1309s
 71072 42014 1.6952e+12  117    1 1.6976e+12 1.6949e+12  0.15%   8.7 1314s
 72032 42286 1.6953e+12  147    2 1.6976e+12 1.6949e+12  0.15%   8.6 1320s
 72992 42505 1.6954e+12  177    1 1.6976e+12 1.6949e+12  0.15%   8.6 1325s
 73952 42847 1.6965e+12  196    1 1.6976e+12 1.6949e+12  0.15%   8.6 1331s
 74912 43325 1.6966e+12  220    1 1.6976e+12 1.6949e+12  0.15%   8.5 1337s
 75872 43844 1.6967e+12  250    1 1.6976e+12 1.6949e+12  0.15%   8.5 1343s
 76832 44466 1.6949e+12   38    2 1.6976e+12 1.6949e+12  0.15%   8.5 1349s
 77792 44976 1.6950e+12   68    1 1.6976e+12 1.6949e+12  0.15%   8.5 1358s
 78739 45108 1.6951e+12   93    1 1.6976e+12 1.6949e+12  0.15%   8.5 1366s
 79682 45220 1.6952e+12  119    1 1.6976e+12 1.6949e+12  0.15%   8.5 1371s
 80623 45590 1.6953e+12  145    2 1.6976e+12 1.6949e+12  0.15%   8.5 1375s
 81571 45886 1.6954e+12  173    2 1.6976e+12 1.6949e+12  0.15%   8.5 1395s
 83429 46802 1.6968e+12  227    1 1.6976e+12 1.6949e+12  0.15%   8.4 1403s
 84389 47293 1.6949e+12   57    1 1.6976e+12 1.6949e+12  0.15%   8.4 1407s
 85349 47631 1.6951e+12   87    1 1.6976e+12 1.6949e+12  0.15%   8.3 1411s
 86309 47923 1.6952e+12  117    2 1.6976e+12 1.6949e+12  0.15%   8.3 1415s
 88229 48348 1.6964e+12  177    1 1.6976e+12 1.6949e+12  0.15%   8.3 1427s
 89189 48769 1.6966e+12  207    1 1.6976e+12 1.6949e+12  0.15%   8.2 1432s
 90142 49182 1.6967e+12  237    1 1.6976e+12 1.6949e+12  0.15%   8.2 1436s
 91074 49666 1.6967e+12  267    1 1.6976e+12 1.6949e+12  0.15%   8.3 1441s
 92003 50088 1.6949e+12   55    1 1.6976e+12 1.6949e+12  0.15%   8.3 1447s
 92957 50321 1.6950e+12   76    1 1.6976e+12 1.6949e+12  0.15%   8.3 1451s
 93915 50556 1.6951e+12   97    1 1.6976e+12 1.6949e+12  0.15%   8.2 1456s
 94857 50842 1.6953e+12  127    3 1.6976e+12 1.6949e+12  0.15%   8.3 1460s
 96752 51565 1.6956e+12  187    1 1.6976e+12 1.6949e+12  0.15%   8.3 1468s
 97704 51272 1.6965e+12  200    2 1.6976e+12 1.6949e+12  0.15%   8.2 1488s
 97737 51932 1.6965e+12  201    1 1.6976e+12 1.6949e+12  0.15%   8.2 1492s
 98697 52383 1.6966e+12  231    2 1.6976e+12 1.6949e+12  0.15%   8.2 1496s
 99657 52775 1.6967e+12  261    1 1.6976e+12 1.6949e+12  0.15%   8.2 1500s
 101577 53258 1.6951e+12   80    1 1.6976e+12 1.6949e+12  0.15%   8.2 1508s
 102524 53565 1.6952e+12  110    2 1.6976e+12 1.6949e+12  0.15%   8.2 1511s
 103427 53884 1.6953e+12  140    1 1.6976e+12 1.6949e+12  0.15%   8.3 1516s
 104359 54246 1.6964e+12  170    1 1.6976e+12 1.6949e+12  0.15%   8.4 1520s
 105309 54584 1.6965e+12  200    1 1.6976e+12 1.6949e+12  0.15%   8.3 1525s
 106263 55006 1.6966e+12  230    2 1.6976e+12 1.6949e+12  0.15%   8.3 1530s
 107221 55466 1.6967e+12  260    1 1.6976e+12 1.6949e+12  0.15%   8.3 1535s
 108168 55955 1.6949e+12   46    1 1.6976e+12 1.6949e+12  0.15%   8.3 1540s
 109101 56305 1.6951e+12   76    2 1.6976e+12 1.6949e+12  0.15%   8.3 1546s
 110043 56455 1.6952e+12  106    2 1.6976e+12 1.6949e+12  0.15%   8.3 1551s
 110997 56155 1.6953e+12  136    2 1.6976e+12 1.6949e+12  0.15%   8.3 1596s
 111030 56720 1.6953e+12  137    1 1.6976e+12 1.6949e+12  0.15%   8.3 1601s
 111990 57018 1.6963e+12  166    1 1.6976e+12 1.6949e+12  0.15%   8.3 1607s
 112938 57362 1.6964e+12  196    2 1.6976e+12 1.6949e+12  0.15%   8.3 1612s
 113887 57889 1.6966e+12  226    1 1.6976e+12 1.6949e+12  0.15%   8.3 1617s
 114846 58457 1.6967e+12  256    1 1.6976e+12 1.6949e+12  0.15%   8.3 1624s
 115803 58981 1.6949e+12   43    1 1.6976e+12 1.6949e+12  0.15%   8.2 1628s
 116763 59344 1.6950e+12   73    1 1.6976e+12 1.6949e+12  0.15%   8.2 1632s
 117723 59675 1.6952e+12   99    1 1.6976e+12 1.6949e+12  0.15%   8.2 1639s
 118473 59425 1.6954e+12  176    1 1.6976e+12 1.6949e+12  0.15%   8.2 1640s
 118683 59916 1.6953e+12  128    1 1.6976e+12 1.6949e+12  0.15%   8.2 1645s
 119643 60137 1.6954e+12  155    1 1.6976e+12 1.6949e+12  0.15%   8.2 1653s
 120539 60478 1.6955e+12  171    1 1.6976e+12 1.6949e+12  0.15%   8.2 1659s
 121475 60918 1.6958e+12  186    1 1.6976e+12 1.6949e+12  0.15%   8.2 1664s
 122427 61440 1.6967e+12  206    1 1.6976e+12 1.6949e+12  0.15%   8.3 1670s
 123387 62038 1.6970e+12  236    1 1.6976e+12 1.6949e+12  0.15%   8.3 1678s
 124332 62655 1.6950e+12   51    1 1.6976e+12 1.6949e+12  0.15%   8.3 1685s
 125271 63208 1.6951e+12   81    1 1.6976e+12 1.6949e+12  0.15%   8.3 1691s
 126216 63654 1.6954e+12  109    2 1.6976e+12 1.6949e+12  0.15%   8.3 1697s
 127164 63986 1.6955e+12  134    1 1.6976e+12 1.6949e+12  0.15%   8.4 1704s
 128073 64325 1.6956e+12  163    2 1.6976e+12 1.6949e+12  0.15%   8.3 1710s
 129008 64695 1.6957e+12  189    1 1.6976e+12 1.6949e+12  0.15%   8.3 1717s
 129916 65098 1.6949e+12   47    1 1.6976e+12 1.6949e+12  0.15%   8.3 1723s
 130849 65478 1.6951e+12   75    1 1.6976e+12 1.6949e+12  0.15%   8.3 1730s
 131766 65862 1.6952e+12  101    2 1.6976e+12 1.6949e+12  0.15%   8.3 1736s
 132716 66089 1.6953e+12  130    1 1.6976e+12 1.6949e+12  0.15%   8.3 1742s
 133671 66311 1.6962e+12  156    1 1.6976e+12 1.6949e+12  0.15%   8.3 1759s
 134522 66790 1.6964e+12  181    1 1.6976e+12 1.6949e+12  0.15%   8.3 1765s
 135468 67237 1.6966e+12  211    1 1.6976e+12 1.6949e+12  0.15%   8.3 1770s
 136418 67618 1.6967e+12  239    2 1.6976e+12 1.6949e+12  0.15%   8.3 1775s
 137375 67923 1.6967e+12  264    1 1.6976e+12 1.6949e+12  0.15%   8.3 1780s
 138319 68163 1.6950e+12   45    1 1.6976e+12 1.6949e+12  0.15%   8.4 1785s
 139247 68341 1.6950e+12   54    2 1.6976e+12 1.6949e+12  0.15%   8.4 1790s
 140207 68601 1.6952e+12   65    1 1.6976e+12 1.6949e+12  0.15%   8.4 1795s
 141167 69023 1.6956e+12   77    1 1.6976e+12 1.6949e+12  0.15%   8.4 1800s
 142126 68723 1.6966e+12   88    1 1.6976e+12 1.6949e+12  0.15%   8.4 1844s
 142165 69524 1.6966e+12   89    1 1.6976e+12 1.6949e+12  0.15%   8.4 1849s
 143124 70010 1.6973e+12  103    2 1.6976e+12 1.6949e+12  0.15%   8.4 1853s
 144077 70457 1.6974e+12  125    1 1.6976e+12 1.6949e+12  0.15%   8.4 1857s
 145010 70869 1.6949e+12   54    1 1.6976e+12 1.6949e+12  0.15%   8.4 1861s
 145965 71058 1.6951e+12   84    1 1.6976e+12 1.6949e+12  0.15%   8.4 1866s
 146911 71174 1.6952e+12  114    2 1.6976e+12 1.6949e+12  0.15%   8.4 1873s
 147871 71460 1.6954e+12  144    1 1.6976e+12 1.6949e+12  0.15%   8.4 1878s
 148831 71858 1.6964e+12  174    1 1.6976e+12 1.6949e+12  0.15%   8.4 1883s
 149791 72333 1.6965e+12  204    1 1.6976e+12 1.6949e+12  0.15%   8.4 1888s
 150747 72783 1.6966e+12  234    1 1.6976e+12 1.6949e+12  0.15%   8.4 1893s
 151680 73131 1.6967e+12  264    1 1.6976e+12 1.6949e+12  0.15%   8.4 1898s
 152620 73478 1.6950e+12   44    1 1.6976e+12 1.6949e+12  0.15%   8.4 1903s
 153572 73770 1.6950e+12   55    1 1.6976e+12 1.6949e+12  0.15%   8.4 1908s
 154531 74052 1.6952e+12   65    1 1.6976e+12 1.6949e+12  0.15%   8.4 1913s
 155491 74340 1.6956e+12   80    1 1.6976e+12 1.6949e+12  0.15%   8.3 1917s
 156450 74707 1.6971e+12   98    1 1.6976e+12 1.6949e+12  0.15%   8.3 1922s
 157408 75165     cutoff  106      1.6976e+12 1.6949e+12  0.15%   8.3 1927s
 158366 75672 1.6975e+12  132    1 1.6976e+12 1.6949e+12  0.15%   8.3 1931s
 159304 76089 1.6950e+12   62    1 1.6976e+12 1.6949e+12  0.15%   8.3 1935s
 161171 76877 1.6952e+12  115    2 1.6976e+12 1.6949e+12  0.15%   8.4 1943s
 162097 77128 1.6953e+12  141    2 1.6976e+12 1.6949e+12  0.15%   8.4 1946s
 163034 77370 1.6964e+12  170    1 1.6976e+12 1.6949e+12  0.15%   8.4 1951s
 163990 77069 1.6965e+12  199    1 1.6976e+12 1.6949e+12  0.15%   8.4 1985s
 164383 77581 1.6974e+12  229    1 1.6976e+12 1.6949e+12  0.15%   8.4 1990s
 165943 78557 1.6967e+12  254    1 1.6976e+12 1.6949e+12  0.15%   8.4 1998s
 166894 79054 1.6950e+12   43    1 1.6976e+12 1.6949e+12  0.15%   8.4 2002s
 167844 79817 1.6951e+12   73    1 1.6976e+12 1.6949e+12  0.15%   8.4 2007s
 168804 80423 1.6952e+12  103    1 1.6976e+12 1.6949e+12  0.15%   8.4 2011s
 169762 80961 1.6953e+12  133    1 1.6976e+12 1.6949e+12  0.15%   8.3 2016s
 170722 81532 1.6955e+12  163    1 1.6976e+12 1.6949e+12  0.15%   8.3 2020s
 171672 82180 1.6960e+12  183    2 1.6976e+12 1.6949e+12  0.15%   8.3 2025s
 172627 82912 1.6972e+12  207    1 1.6976e+12 1.6949e+12  0.15%   8.3 2030s
