Set parameter TokenServer to value "license-1.hpc.nrel.gov"
Set parameter TimeLimit to value 3600
Set parameter MIPGap to value 0.001
Set parameter MIPGap to value 0.001
Set parameter TimeLimit to value 3600
Gurobi Optimizer version 9.5.1 build v9.5.1rc2 (linux64)
Thread count: 36 physical cores, 36 logical processors, using up to 32 threads
Optimize a model with 289198 rows, 1201980 columns and 2458632 nonzeros
Model fingerprint: 0xe41adf4f
Variable types: 1188044 continuous, 13936 integer (13936 binary)
Coefficient statistics:
  Matrix range     [3e-06, 1e+06]
  Objective range  [1e-01, 1e+07]
  Bounds range     [1e+04, 1e+08]
  RHS range        [1e-03, 2e+05]
Presolve removed 263202 rows and 245756 columns (presolve time = 5s) ...
Presolve removed 263202 rows and 245756 columns
Presolve time: 5.33s
Presolved: 25996 rows, 956224 columns, 1938980 nonzeros
Variable types: 947112 continuous, 9112 integer (9112 binary)

Deterministic concurrent LP optimizer: primal and dual simplex
Showing first log only...


Root simplex log...

Iteration    Objective       Primal Inf.    Dual Inf.      Time
       0    2.4384311e+06   9.155115e+05   8.087074e+11     10s
   38092    2.3514584e+06   1.511577e+05   5.460373e+10     10s
  129324    2.6568765e+06   2.190023e+03   5.885023e+10     15s
  143660    6.0491567e+09   0.000000e+00   4.956000e+09     16s
  210178    3.3808869e+09   0.000000e+00   1.818128e+09     20s
  277502    3.1657193e+09   0.000000e+00   1.996546e+09     25s
  364936    3.0905997e+09   0.000000e+00   3.754062e+07     30s
  455925    3.0694535e+09   0.000000e+00   0.000000e+00     34s
Concurrent spin time: 4.69s

Solved with primal simplex

Root relaxation: objective 3.069454e+09, 455925 iterations, 31.25 seconds (27.11 work units)

    Nodes    |    Current Node    |     Objective Bounds      |     Work
 Expl Unexpl |  Obj  Depth IntInf | Incumbent    BestBd   Gap | It/Node Time

     0     0 3.0695e+09    0  296          - 3.0695e+09      -     -   41s
H    0     0                    3.246090e+09 3.0695e+09  5.44%     -   43s
H    0     0                    3.230478e+09 3.0695e+09  4.98%     -   45s
H    0     0                    3.226648e+09 3.0695e+09  4.87%     -   49s
H    0     0                    3.216264e+09 3.0695e+09  4.56%     -   49s
     0     0 3.0708e+09    0  423 3.2163e+09 3.0708e+09  4.52%     -   74s
     0     0 3.0710e+09    0  428 3.2163e+09 3.0710e+09  4.52%     -   88s
     0     0 3.0710e+09    0  427 3.2163e+09 3.0710e+09  4.52%     -   90s
     0     0 3.0710e+09    0  428 3.2163e+09 3.0710e+09  4.52%     -   91s
     0     0 3.0710e+09    0  428 3.2163e+09 3.0710e+09  4.52%     -   92s
     0     0 3.0710e+09    0  423 3.2163e+09 3.0710e+09  4.52%     -   93s
     0     0 3.0710e+09    0  429 3.2163e+09 3.0710e+09  4.52%     -   94s
     0     0 3.0710e+09    0  431 3.2163e+09 3.0710e+09  4.52%     -   95s
     0     0 3.0710e+09    0  431 3.2163e+09 3.0710e+09  4.52%     -   96s
     0     0 3.0710e+09    0  440 3.2163e+09 3.0710e+09  4.52%     -   96s
     0     0 3.0710e+09    0  440 3.2163e+09 3.0710e+09  4.52%     -   97s
     0     0 3.0710e+09    0  431 3.2163e+09 3.0710e+09  4.52%     -   98s
     0     0 3.0710e+09    0  416 3.2163e+09 3.0710e+09  4.52%     -   99s
     0     0 3.0710e+09    0  418 3.2163e+09 3.0710e+09  4.52%     -   99s
     0     0 3.0720e+09    0  509 3.2163e+09 3.0720e+09  4.49%     -  146s
     0     0 3.0722e+09    0  494 3.2163e+09 3.0722e+09  4.48%     -  180s
     0     0 3.0723e+09    0  487 3.2163e+09 3.0723e+09  4.48%     -  192s
     0     0 3.0723e+09    0  487 3.2163e+09 3.0723e+09  4.48%     -  199s
     0     0 3.0723e+09    0  484 3.2163e+09 3.0723e+09  4.48%     -  206s
     0     0 3.0723e+09    0  491 3.2163e+09 3.0723e+09  4.48%     -  209s
     0     0 3.0723e+09    0  488 3.2163e+09 3.0723e+09  4.48%     -  211s
     0     0 3.0723e+09    0  489 3.2163e+09 3.0723e+09  4.48%     -  213s
     0     0 3.0729e+09    0  513 3.2163e+09 3.0729e+09  4.46%     -  354s
H    0     0                    3.178676e+09 3.0729e+09  3.33%     -  378s
H    0     0                    3.175800e+09 3.0729e+09  3.24%     -  379s
H    0     0                    3.167481e+09 3.0729e+09  2.99%     -  379s
     0     0 3.0730e+09    0  512 3.1675e+09 3.0730e+09  2.98%     -  422s
     0     0 3.0730e+09    0  500 3.1675e+09 3.0730e+09  2.98%     -  441s
     0     0 3.0730e+09    0  508 3.1675e+09 3.0730e+09  2.98%     -  449s
     0     0 3.0730e+09    0  501 3.1675e+09 3.0730e+09  2.98%     -  455s
     0     0 3.0732e+09    0  487 3.1675e+09 3.0732e+09  2.98%     -  611s
H    0     0                    3.167146e+09 3.0732e+09  2.97%     -  616s
     0     0 3.0732e+09    0  484 3.1671e+09 3.0732e+09  2.97%     -  678s
     0     0 3.0732e+09    0  494 3.1671e+09 3.0732e+09  2.97%     -  705s
     0     0 3.0732e+09    0  473 3.1671e+09 3.0732e+09  2.97%     -  723s
     0     0 3.0732e+09    0  463 3.1671e+09 3.0732e+09  2.97%     -  742s
     0     0 3.0732e+09    0  466 3.1671e+09 3.0732e+09  2.97%     -  753s
     0     0 3.0733e+09    0  482 3.1671e+09 3.0733e+09  2.96%     -  964s
     0     0 3.0734e+09    0  450 3.1671e+09 3.0734e+09  2.96%     - 1067s
     0     0 3.0734e+09    0  466 3.1671e+09 3.0734e+09  2.96%     - 1132s
     0     0 3.0734e+09    0  441 3.1671e+09 3.0734e+09  2.96%     - 1158s
     0     0 3.0734e+09    0  435 3.1671e+09 3.0734e+09  2.96%     - 1179s
     0     0 3.0734e+09    0  477 3.1671e+09 3.0734e+09  2.96%     - 1191s
     0     0 3.0735e+09    0  463 3.1671e+09 3.0735e+09  2.96%     - 1431s
H    0     0                    3.155769e+09 3.0735e+09  2.61%     - 1436s
     0     0 3.0736e+09    0  488 3.1558e+09 3.0736e+09  2.61%     - 1528s
     0     0 3.0736e+09    0  500 3.1558e+09 3.0736e+09  2.60%     - 1579s
     0     0 3.0736e+09    0  480 3.1558e+09 3.0736e+09  2.60%     - 1613s
     0     0 3.0736e+09    0  472 3.1558e+09 3.0736e+09  2.60%     - 1635s
     0     0 3.0737e+09    0  435 3.1558e+09 3.0737e+09  2.60%     - 2022s
     0     0 3.0738e+09    0  454 3.1558e+09 3.0738e+09  2.60%     - 2138s
     0     0 3.0738e+09    0  476 3.1558e+09 3.0738e+09  2.60%     - 2195s
     0     0 3.0738e+09    0  494 3.1558e+09 3.0738e+09  2.60%     - 2237s
     0     0 3.0738e+09    0  478 3.1558e+09 3.0738e+09  2.60%     - 2296s
     0     0 3.0738e+09    0  469 3.1558e+09 3.0738e+09  2.60%     - 2329s
     0     0 3.0738e+09    0  463 3.1558e+09 3.0738e+09  2.60%     - 2354s
     0     0 3.0739e+09    0  409 3.1558e+09 3.0739e+09  2.59%     - 2863s
H    0     0                    3.142865e+09 3.0739e+09  2.19%     - 2892s
H    0     0                    3.141961e+09 3.0739e+09  2.16%     - 2893s
H    0     0                    3.139581e+09 3.0739e+09  2.09%     - 2898s
     0     0 3.0740e+09    0  447 3.1396e+09 3.0740e+09  2.09%     - 3088s
     0     0 3.0740e+09    0  447 3.1396e+09 3.0740e+09  2.09%     - 3227s
     0     0 3.0740e+09    0  429 3.1396e+09 3.0740e+09  2.09%     - 3326s
     0     0 3.0740e+09    0  401 3.1396e+09 3.0740e+09  2.09%     - 3391s
     0     0 3.0740e+09    0  432 3.1396e+09 3.0740e+09  2.09%     - 3447s
     0     0 3.0740e+09    0  407 3.1396e+09 3.0740e+09  2.09%     - 3481s
     0     0          -    0      3.1396e+09 3.0740e+09  2.09%     - 3600s

Cutting planes:
  Implied bound: 8041
  MIR: 110
  Flow cover: 1695
  Flow path: 853
  Network: 6
  RLT: 250
  Relax-and-lift: 797

Explored 1 nodes (706409 simplex iterations) in 3600.06 seconds (4043.26 work units)
Thread count was 32 (of 36 available processors)

Solution count 10: 3.13958e+09 3.14196e+09 3.14286e+09 ... 3.22665e+09

Time limit reached
Best objective 3.139580986055e+09, best bound 3.074036594029e+09, gap 2.0877%

User-callback calls 41719, time in user-callback 0.03 sec
Set parameter TokenServer to value "license-1.hpc.nrel.gov"
Set parameter TimeLimit to value 3600
Set parameter MIPGap to value 0.001
Set parameter MIPGap to value 0.001
Set parameter TimeLimit to value 3600
Gurobi Optimizer version 9.5.1 build v9.5.1rc2 (linux64)
Thread count: 36 physical cores, 36 logical processors, using up to 32 threads
Optimize a model with 289198 rows, 1201980 columns and 2458632 nonzeros
Model fingerprint: 0x27671ffe
Coefficient statistics:
  Matrix range     [3e-06, 1e+06]
  Objective range  [1e-01, 1e+07]
  Bounds range     [7e-06, 1e+08]
  RHS range        [1e-03, 2e+05]

Concurrent LP optimizer: primal simplex, dual simplex, and barrier
Showing barrier log only...

Presolve removed 285044 rows and 1110903 columns
Presolve time: 1.29s
Presolved: 4154 rows, 91077 columns, 181484 nonzeros

Ordering time: 0.01s

Barrier statistics:
 AA' NZ     : 9.041e+04
 Factor NZ  : 1.514e+05 (roughly 40 MB of memory)
 Factor Ops : 6.922e+06 (less than 1 second per iteration)
 Threads    : 30

                  Objective                Residual
Iter       Primal          Dual         Primal    Dual     Compl     Time
   0   5.86125190e+12 -2.11507498e+11  9.43e+07 1.47e+02  2.48e+08     1s
   1   1.54330997e+12 -6.77085687e+10  2.48e+07 3.98e-13  6.59e+07     1s
   2   3.58256969e+11 -5.17311819e+09  5.70e+06 1.65e-12  1.53e+07     1s
   3   1.07208548e+10 -1.11743344e+09  1.16e+05 4.21e-12  3.56e+05     1s
   4   3.90782775e+09  1.68466205e+09  6.85e+03 6.37e-12  3.62e+04     1s
   5   3.51636530e+09  2.47213176e+09  1.78e+03 3.52e-12  1.39e+04     1s
   6   3.37667148e+09  2.88209156e+09  6.11e+02 2.27e-12  6.03e+03     1s
   7   3.30085357e+09  2.96806224e+09  2.84e+02 9.66e-13  3.87e+03     1s
   8   3.21521016e+09  3.04354246e+09  5.04e+01 3.75e-12  1.90e+03     2s
   9   3.18756182e+09  3.09515401e+09  2.49e+01 4.55e-13  1.01e+03     2s
  10   3.16567910e+09  3.12029709e+09  1.08e+01 2.63e-13  4.95e+02     2s
  11   3.15731321e+09  3.13050204e+09  6.43e+00 2.79e-13  2.92e+02     2s
  12   3.14501871e+09  3.13459829e+09  1.18e+00 2.84e-13  1.13e+02     2s
  13   3.14290178e+09  3.13757033e+09  6.42e-01 5.12e-13  5.77e+01     2s
  14   3.14129850e+09  3.13856101e+09  3.07e-01 5.12e-13  2.96e+01     2s
  15   3.13999497e+09  3.13897327e+09  6.97e-02 5.12e-13  1.11e+01     2s
  16   3.13974144e+09  3.13924550e+09  3.33e-02 5.12e-13  5.36e+00     2s
  17   3.13954870e+09  3.13939136e+09  8.72e-03 5.68e-13  1.70e+00     2s
  18   3.13950147e+09  3.13943510e+09  3.62e-03 4.23e-13  7.18e-01     2s
  19   3.13947859e+09  3.13945477e+09  1.33e-03 2.70e-13  2.58e-01     2s
  20   3.13947176e+09  3.13945978e+09  6.81e-04 2.13e-13  1.30e-01     2s
  21   3.13946516e+09  3.13946162e+09  9.63e-05 1.28e-13  3.83e-02     2s
  22   3.13946436e+09  3.13946313e+09  4.02e-05 1.14e-13  1.33e-02     2s
  23   3.13946385e+09  3.13946355e+09  1.15e-05 1.42e-13  3.29e-03     2s
  24   3.13946363e+09  3.13946359e+09  8.34e-07 1.42e-13  3.78e-04     2s
  25   3.13946361e+09  3.13946361e+09  8.46e-08 1.14e-13  3.42e-05     2s
  26   3.13946361e+09  3.13946361e+09  7.00e-09 1.42e-13  1.13e-06     2s
  27   3.13946361e+09  3.13946361e+09  1.28e-09 3.55e-13  2.74e-09     2s

Barrier solved model in 27 iterations and 1.77 seconds (0.99 work units)
Optimal objective 3.13946361e+09


Solved with primal simplex
Solved in 19173 iterations and 1.87 seconds (0.94 work units)
Optimal objective  3.139463613e+09

User-callback calls 296, time in user-callback 0.00 sec
[ Info:  started timer at: 2023-03-28T00:05:28.966
[ Info: Reading /projects/pvsoiling/RELOG/Recycling_cap_40209_2/input/solver/case.json...
[ Info:          134 collection centers
[ Info:          268 candidate plant locations
[ Info: Building graph...
[ Info:           26 time periods
[ Info:          268 process nodes
[ Info:         4288 shipping nodes (plant)
[ Info:          134 shipping nodes (collection)
[ Info:        40200 arcs
[ Info: Building optimization model...
[ Info: Optimizing MILP...
[ Info: Re-optimizing with integer variables fixed...
[ Info: Extracting solution...
[ Info:       3651.962094227s: 1 hour, 51 seconds, 962 milliseconds
