Set parameter TokenServer to value "license-1.hpc.nrel.gov"
Set parameter TimeLimit to value 3600
Set parameter MIPGap to value 0.001
Set parameter MIPGap to value 0.001
Set parameter TimeLimit to value 3600
Gurobi Optimizer version 9.5.1 build v9.5.1rc2 (linux64)
Thread count: 36 physical cores, 36 logical processors, using up to 32 threads
Optimize a model with 91884 rows, 1144312 columns and 2343626 nonzeros
Model fingerprint: 0x01d7b6e3
Variable types: 1128244 continuous, 16068 integer (16068 binary)
Coefficient statistics:
  Matrix range     [1e+00, 1e+05]
  Objective range  [3e-01, 1e+06]
  Bounds range     [1e+05, 1e+08]
  RHS range        [8e-01, 2e+06]
Presolve removed 72871 rows and 60268 columns (presolve time = 5s) ...
Presolve removed 72871 rows and 60268 columns
Presolve time: 5.39s
Presolved: 19013 rows, 1084044 columns, 2175492 nonzeros
Variable types: 1075938 continuous, 8106 integer (8106 binary)

Deterministic concurrent LP optimizer: primal and dual simplex
Showing first log only...

Concurrent spin time: 0.05s

Solved with dual simplex

Root relaxation: objective 2.296032e+09, 10436 iterations, 2.26 seconds (1.57 work units)

    Nodes    |    Current Node    |     Objective Bounds      |     Work
 Expl Unexpl |  Obj  Depth IntInf | Incumbent    BestBd   Gap | It/Node Time

     0     0 2.2960e+09    0 1836          - 2.2960e+09      -     -   11s
H    0     0                    2.368704e+09 2.2960e+09  3.07%     -   12s
H    0     0                    2.363738e+09 2.2960e+09  2.86%     -   13s
H    0     0                    2.363491e+09 2.2960e+09  2.85%     -   15s
     0     0 2.3101e+09    0 1782 2.3635e+09 2.3101e+09  2.26%     -   19s
H    0     0                    2.359384e+09 2.3101e+09  2.09%     -   21s
H    0     0                    2.337386e+09 2.3101e+09  1.17%     -   22s
     0     0 2.3120e+09    0 1582 2.3374e+09 2.3120e+09  1.09%     -   24s
     0     0 2.3120e+09    0 1560 2.3374e+09 2.3120e+09  1.08%     -   25s
     0     0 2.3120e+09    0 1508 2.3374e+09 2.3120e+09  1.08%     -   26s
     0     0 2.3150e+09    0 1605 2.3374e+09 2.3150e+09  0.96%     -   30s
     0     0 2.3152e+09    0 1533 2.3374e+09 2.3152e+09  0.95%     -   31s
     0     0 2.3152e+09    0 1474 2.3374e+09 2.3152e+09  0.95%     -   32s
     0     0 2.3152e+09    0 1474 2.3374e+09 2.3152e+09  0.95%     -   32s
     0     0 2.3169e+09    0 1510 2.3374e+09 2.3169e+09  0.88%     -   35s
H    0     0                    2.321976e+09 2.3169e+09  0.22%     -   36s
     0     0 2.3169e+09    0 1433 2.3220e+09 2.3169e+09  0.22%     -   37s
     0     0 2.3169e+09    0 1482 2.3220e+09 2.3169e+09  0.22%     -   38s
     0     0 2.3178e+09    0 1465 2.3220e+09 2.3178e+09  0.18%     -   42s
H    0     0                    2.321926e+09 2.3178e+09  0.18%     -   44s
     0     0 2.3179e+09    0 1605 2.3219e+09 2.3179e+09  0.18%     -   46s
     0     0 2.3179e+09    0 1613 2.3219e+09 2.3179e+09  0.18%     -   47s
     0     0 2.3183e+09    0 1665 2.3219e+09 2.3183e+09  0.16%     -   50s
H    0     0                    2.320731e+09 2.3183e+09  0.11%     -   52s
     0     0 2.3183e+09    0 1578 2.3207e+09 2.3183e+09  0.10%     -   53s
     0     0 2.3183e+09    0 1600 2.3207e+09 2.3183e+09  0.10%     -   54s
     0     0 2.3183e+09    0 1626 2.3207e+09 2.3183e+09  0.10%     -   54s
     0     0 2.3186e+09    0 1484 2.3207e+09 2.3186e+09  0.09%     -   58s

Cutting planes:
  Implied bound: 3873
  MIR: 76
  Flow cover: 378
  Relax-and-lift: 1250

Explored 1 nodes (19745 simplex iterations) in 58.56 seconds (38.58 work units)
Thread count was 32 (of 36 available processors)

Solution count 8: 2.32073e+09 2.32193e+09 2.32198e+09 ... 2.3687e+09

Optimal solution found (tolerance 1.00e-03)
Best objective 2.320730691133e+09, best bound 2.318589188558e+09, gap 0.0923%

User-callback calls 6195, time in user-callback 0.01 sec
Set parameter TokenServer to value "license-1.hpc.nrel.gov"
Set parameter TimeLimit to value 3600
Set parameter MIPGap to value 0.001
Set parameter MIPGap to value 0.001
Set parameter TimeLimit to value 3600
Gurobi Optimizer version 9.5.1 build v9.5.1rc2 (linux64)
Thread count: 36 physical cores, 36 logical processors, using up to 32 threads
Optimize a model with 91884 rows, 1144312 columns and 2343626 nonzeros
Model fingerprint: 0x88596d46
Coefficient statistics:
  Matrix range     [1e+00, 1e+05]
  Objective range  [3e-01, 1e+06]
  Bounds range     [1e+00, 1e+08]
  RHS range        [8e-01, 2e+06]

Concurrent LP optimizer: primal simplex, dual simplex, and barrier
Showing barrier log only...

Presolve removed 83836 rows and 528238 columns
Presolve time: 1.38s
Presolved: 8048 rows, 616074 columns, 1227582 nonzeros

Ordering time: 0.01s

Barrier statistics:
 AA' NZ     : 6.115e+05
 Factor NZ  : 1.100e+06 (roughly 260 MB of memory)
 Factor Ops : 1.929e+08 (less than 1 second per iteration)
 Threads    : 30

                  Objective                Residual
Iter       Primal          Dual         Primal    Dual     Compl     Time
   0   1.29870213e+12 -4.47312894e+10  2.48e+06 1.33e-14  3.11e+06     2s
   1   7.58578403e+10 -2.32860581e+10  1.23e+05 3.85e+01  2.12e+05     2s
   2   1.57026250e+10 -9.55262514e+09  1.19e+04 2.01e+01  4.82e+04     2s
   3   8.92299028e+09 -4.65912154e+09  3.73e+03 1.28e+01  2.53e+04     2s

Barrier performed 3 iterations in 1.87 seconds (1.06 work units)
Barrier solve interrupted - model solved by another algorithm


Solved with dual simplex
Solved in 5269 iterations and 1.97 seconds (0.92 work units)
Optimal objective  2.320730691e+09

User-callback calls 109, time in user-callback 0.00 sec
[ Info:  started timer at: 2023-03-27T13:33:34.256
[ Info: Reading /projects/pvsoiling/RELOG/Manufacturing_NAICS_0001/input/solver/case.json...
[ Info:          134 collection centers
[ Info:          309 candidate plant locations
[ Info: Building graph...
[ Info:           26 time periods
[ Info:          309 process nodes
[ Info:          309 shipping nodes (plant)
[ Info:          134 shipping nodes (collection)
[ Info:        41715 arcs
[ Info: Building optimization model...
[ Info: Optimizing MILP...
[ Info: Re-optimizing with integer variables fixed...
[ Info: Extracting solution...
[ Info:        108.444891744s: 1 minute, 48 seconds, 444 milliseconds
