Set parameter TokenServer to value "license-1.hpc.nrel.gov"
Set parameter TimeLimit to value 3600
Set parameter MIPGap to value 0.001
Set parameter MIPGap to value 0.001
Set parameter TimeLimit to value 3600
Gurobi Optimizer version 9.5.1 build v9.5.1rc2 (linux64)
Thread count: 36 physical cores, 36 logical processors, using up to 32 threads
Optimize a model with 91240 rows, 1140828 columns and 2336040 nonzeros
Model fingerprint: 0x4f88b447
Variable types: 1124760 continuous, 16068 integer (16068 binary)
Coefficient statistics:
  Matrix range     [1e+00, 1e+05]
  Objective range  [3e-01, 3e+09]
  Bounds range     [1e+05, 1e+08]
  RHS range        [8e-01, 2e+06]
Warning: Model contains large objective coefficients
         Consider reformulating model or setting NumericFocus parameter
         to avoid numerical issues.
Presolve removed 79724 rows and 64581 columns
Presolve time: 4.87s
Presolved: 11516 rows, 1076247 columns, 2159910 nonzeros
Variable types: 1075938 continuous, 309 integer (309 binary)

Deterministic concurrent LP optimizer: primal and dual simplex
Showing first log only...


Root simplex log...

Iteration    Objective       Primal Inf.    Dual Inf.      Time
       0    3.8903998e+11   2.388103e+06   1.968965e+11      9s
   51237    2.4139067e+12   0.000000e+00   2.975757e+09     10s
Concurrent spin time: 0.21s

Solved with dual simplex

Root relaxation: objective 1.694942e+12, 23387 iterations, 3.62 seconds (2.39 work units)

    Nodes    |    Current Node    |     Objective Bounds      |     Work
 Expl Unexpl |  Obj  Depth IntInf | Incumbent    BestBd   Gap | It/Node Time

     0     0 1.6949e+12    0    3          - 1.6949e+12      -     -   10s
H    0     0                    1.701775e+12 1.6949e+12  0.40%     -   11s
H    0     0                    1.697566e+12 1.6949e+12  0.15%     -   14s
     0     0 1.6949e+12    0    2 1.6976e+12 1.6949e+12  0.15%     -   15s
     0     0 1.6949e+12    0    1 1.6976e+12 1.6949e+12  0.15%     -   19s
     0     0 1.6949e+12    0    2 1.6976e+12 1.6949e+12  0.15%     -   20s
     0     0 1.6949e+12    0    1 1.6976e+12 1.6949e+12  0.15%     -   22s
     0     0 1.6949e+12    0    1 1.6976e+12 1.6949e+12  0.15%     -   23s
     0     0 1.6949e+12    0    1 1.6976e+12 1.6949e+12  0.15%     -   24s
     0     0 1.6949e+12    0    1 1.6976e+12 1.6949e+12  0.15%     -   26s
     0     0 1.6949e+12    0    1 1.6976e+12 1.6949e+12  0.15%     -   28s
     0     2 1.6949e+12    0    1 1.6976e+12 1.6949e+12  0.15%     -   31s
    15    32 1.6949e+12    4    1 1.6976e+12 1.6949e+12  0.15%   8.6   35s
    95   128 1.6949e+12    7    1 1.6976e+12 1.6949e+12  0.15%   8.2   40s
   159   192 1.6949e+12    9    1 1.6976e+12 1.6949e+12  0.15%   6.5  155s
   223   352 1.6949e+12   11    1 1.6976e+12 1.6949e+12  0.15%   5.7  161s
   351   788 1.6949e+12   14    1 1.6976e+12 1.6949e+12  0.15%   4.9  169s
   787  1680 1.6949e+12   24    2 1.6976e+12 1.6949e+12  0.15%   5.3  187s
  1679  2608 1.6951e+12   50    1 1.6976e+12 1.6949e+12  0.15%   6.6  199s
  2607  3524 1.6952e+12   79    1 1.6976e+12 1.6949e+12  0.15%   6.7  212s
  3530  4353 1.6953e+12  108    3 1.6976e+12 1.6949e+12  0.15%   6.3  223s
  4425  4937 1.6954e+12  137    1 1.6976e+12 1.6949e+12  0.15%   6.3  231s
  5314  5381 1.6964e+12  165    1 1.6976e+12 1.6949e+12  0.15%   7.6  238s
  6164  5995 1.6966e+12  194    1 1.6976e+12 1.6949e+12  0.15%   9.3  245s
  7088  6684 1.6967e+12  223    1 1.6976e+12 1.6949e+12  0.15%   9.8  251s
  8016  7578 1.6949e+12   10    1 1.6976e+12 1.6949e+12  0.15%   9.5  257s
  8944  8496 1.6951e+12   39    1 1.6976e+12 1.6949e+12  0.15%   9.2  262s
  9873  8497 1.6950e+12   36    1 1.6976e+12 1.6949e+12  0.15%   8.8  269s
  9874  8498 1.6960e+12  112    1 1.6976e+12 1.6949e+12  0.15%   8.8  270s
  9875  8498 1.6953e+12   46    3 1.6976e+12 1.6949e+12  0.15%   8.8  280s
  9878  8500 1.6954e+12   69    1 1.6976e+12 1.6949e+12  0.15%   8.8  287s
  9881  8505 1.6949e+12   15    1 1.6976e+12 1.6949e+12  0.15%  11.0  290s
  9911  8555 1.6949e+12   19    1 1.6976e+12 1.6949e+12  0.15%  11.0  295s
  9975  8598 1.6949e+12   20    2 1.6976e+12 1.6949e+12  0.15%  11.0  323s
 10039  8641 1.6949e+12   21    2 1.6976e+12 1.6949e+12  0.15%  11.0  352s
 10132  8867 1.6949e+12   23    1 1.6976e+12 1.6949e+12  0.15%  10.9  356s
 10328  9323 1.6949e+12   26    2 1.6976e+12 1.6949e+12  0.15%  10.8  362s
 10850  9958 1.6949e+12   34    2 1.6976e+12 1.6949e+12  0.15%  10.5  376s
 11659 10649 1.6950e+12   49    2 1.6976e+12 1.6949e+12  0.15%  10.3  388s
 12619 11286 1.6951e+12   72    1 1.6976e+12 1.6949e+12  0.15%  10.0  401s
 13577 10997 1.6952e+12  102    1 1.6976e+12 1.6949e+12  0.15%   9.7  431s
 13609 11735 1.6952e+12  103    2 1.6976e+12 1.6949e+12  0.15%   9.7  443s
 14415 11993 1.6953e+12  133    1 1.6976e+12 1.6949e+12  0.15%   9.5  451s
 15338 11979 1.6964e+12  160    2 1.6976e+12 1.6949e+12  0.15%   9.5  458s
 16249 12074 1.6965e+12  186    1 1.6976e+12 1.6949e+12  0.15%   9.8  465s
 17209 12311 1.6966e+12  216    1 1.6976e+12 1.6949e+12  0.15%   9.8  470s
 18169 12807 1.6967e+12  246    2 1.6976e+12 1.6949e+12  0.15%   9.7  475s
 20089 13967 1.6952e+12   63    1 1.6976e+12 1.6949e+12  0.15%   9.3  484s
 21049 14440 1.6952e+12   89    2 1.6976e+12 1.6949e+12  0.15%   9.3  491s
 22009 14849 1.6954e+12  118    1 1.6976e+12 1.6949e+12  0.15%   9.1  497s
 22969 15064 1.6955e+12  146    1 1.6976e+12 1.6949e+12  0.15%   9.0  505s
 23925 15183 1.6965e+12  175    1 1.6976e+12 1.6949e+12  0.15%   9.0  515s
 24856 15471 1.6967e+12  204    2 1.6976e+12 1.6949e+12  0.15%   9.4  575s
 25709 15976 1.6949e+12   23    1 1.6976e+12 1.6949e+12  0.15%   9.5  584s
 26669 16567 1.6950e+12   32    1 1.6976e+12 1.6949e+12  0.15%   9.5  593s
 27629 17122 1.6952e+12   47    2 1.6976e+12 1.6949e+12  0.15%   9.5  602s
 28589 17561 1.6954e+12   57    1 1.6976e+12 1.6949e+12  0.15%   9.4  609s
 29549 17922 1.6962e+12   74    1 1.6976e+12 1.6949e+12  0.15%   9.3  619s
 30509 18157 1.6972e+12   84    1 1.6976e+12 1.6949e+12  0.15%   9.3  625s
 31430 18429 1.6974e+12   97    1 1.6976e+12 1.6949e+12  0.15%   9.6  632s
 32369 18885 1.6949e+12   25    1 1.6976e+12 1.6949e+12  0.15%   9.6  638s
 33329 19298 1.6950e+12   47    2 1.6976e+12 1.6949e+12  0.15%   9.5  644s
 34289 19758 1.6951e+12   75    1 1.6976e+12 1.6949e+12  0.15%   9.4  649s
 35245 20112 1.6952e+12  103    1 1.6976e+12 1.6949e+12  0.15%   9.3  654s
 36191 20804 1.6953e+12  133    1 1.6976e+12 1.6949e+12  0.15%   9.3  658s
 37142 21436 1.6954e+12  163    1 1.6976e+12 1.6949e+12  0.15%   9.2  665s
 38099 21993 1.6965e+12  182    1 1.6976e+12 1.6949e+12  0.15%   9.1  673s
 39059 22638 1.6966e+12  212    2 1.6976e+12 1.6949e+12  0.15%   9.1  678s
 40019 23369 1.6967e+12  242    1 1.6976e+12 1.6949e+12  0.15%   9.0  683s
 40979 24133 1.6949e+12   34    1 1.6976e+12 1.6949e+12  0.15%   8.9  688s
 41927 24988 1.6951e+12   64    2 1.6976e+12 1.6949e+12  0.15%   8.9  692s
 42856 25613 1.6952e+12   94    1 1.6976e+12 1.6949e+12  0.15%   9.1  701s
 43708 26239 1.6953e+12  124    1 1.6976e+12 1.6949e+12  0.15%   9.1  706s
 44666 26865 1.6963e+12  154    1 1.6976e+12 1.6949e+12  0.15%   9.0  711s
 45626 27363 1.6964e+12  184    1 1.6976e+12 1.6949e+12  0.15%   9.0  715s
 46646 27957 1.6954e+12  149    2 1.6976e+12 1.6949e+12  0.15%   8.9  720s
 48506 29354 1.6949e+12   34    1 1.6976e+12 1.6949e+12  0.15%   8.8  729s
 49466 30158 1.6951e+12   64    1 1.6976e+12 1.6949e+12  0.15%   8.7  735s
 50426 30839 1.6952e+12   94    1 1.6976e+12 1.6949e+12  0.15%   8.7  741s
 51386 31498 1.6953e+12  124    1 1.6976e+12 1.6949e+12  0.15%   8.6  747s
 52346 32140 1.6955e+12  154    1 1.6976e+12 1.6949e+12  0.15%   8.5  752s
 53268 32684 1.6964e+12  184    1 1.6976e+12 1.6949e+12  0.15%   8.5  756s
 54190 33291 1.6966e+12  214    1 1.6976e+12 1.6949e+12  0.15%   8.7  761s
 55086 33901 1.6967e+12  244    1 1.6976e+12 1.6949e+12  0.15%   8.8  769s
 56029 33927 1.6949e+12   32    1 1.6976e+12 1.6949e+12  0.15%   8.8  809s
 56061 34651 1.6949e+12   33    1 1.6976e+12 1.6949e+12  0.15%   8.8  815s
 57006 35142 1.6951e+12   63    1 1.6976e+12 1.6949e+12  0.15%   8.7  833s
 57582 35985 1.6951e+12   81    3 1.6976e+12 1.6949e+12  0.15%   8.7  837s
 58543 35986 1.6963e+12  154    1 1.6976e+12 1.6949e+12  0.15%   8.6  932s
 58545 35987 1.6957e+12  111    3 1.6976e+12 1.6949e+12  0.15%   8.6  945s
 58548 35989 1.6957e+12  118    1 1.6976e+12 1.6949e+12  0.15%   8.6  950s
 58549 35990 1.6960e+12  156    1 1.6976e+12 1.6949e+12  0.15%   8.6  959s
 58550 35991 1.6954e+12  110    2 1.6976e+12 1.6949e+12  0.15%   8.6  960s
 58551 35991 1.6956e+12   95    2 1.6976e+12 1.6949e+12  0.15%   8.6  968s
 58552 35992 1.6953e+12   59    2 1.6976e+12 1.6949e+12  0.15%   8.6  970s
 58553 35993 1.6957e+12  101    2 1.6976e+12 1.6949e+12  0.15%   8.6  978s
 58554 35993 1.6949e+12   36    2 1.6976e+12 1.6949e+12  0.15%   8.6  988s
 58555 35994 1.6964e+12  166    2 1.6976e+12 1.6949e+12  0.15%   8.6  997s
 58556 35995 1.6966e+12  212    2 1.6976e+12 1.6949e+12  0.15%   8.6 1015s
 58558 35996 1.6965e+12  189    2 1.6976e+12 1.6949e+12  0.15%   8.6 1025s
 58559 35997 1.6960e+12  160    2 1.6976e+12 1.6949e+12  0.15%   8.6 1033s
 58560 35997 1.6950e+12   39    2 1.6976e+12 1.6949e+12  0.15%   8.6 1038s
 58561 36001 1.6949e+12   29    1 1.6976e+12 1.6949e+12  0.15%   9.0 1041s
 58591 36051 1.6949e+12   33    1 1.6976e+12 1.6949e+12  0.15%   9.0 1046s
 58655 36094 1.6949e+12   34    2 1.6976e+12 1.6949e+12  0.15%   9.0 1060s
 58719 36136 1.6949e+12   35    2 1.6976e+12 1.6949e+12  0.15%   9.0 1195s
 58751 36158 1.6949e+12   36    1 1.6976e+12 1.6949e+12  0.15%   9.0 1228s
 58847 36519 1.6949e+12   37    2 1.6976e+12 1.6949e+12  0.15%   9.0 1234s
 59176 36909 1.6949e+12   42    2 1.6976e+12 1.6949e+12  0.15%   9.0 1246s
 59676 37702 1.6949e+12   46    1 1.6976e+12 1.6949e+12  0.15%   8.9 1259s
 60636 38342 1.6950e+12   61    1 1.6976e+12 1.6949e+12  0.15%   8.9 1271s
 61596 38974 1.6951e+12   81    1 1.6976e+12 1.6949e+12  0.15%   8.9 1284s
 62554 39348 1.6952e+12  111    2 1.6976e+12 1.6949e+12  0.15%   8.8 1294s
 63472 39062 1.6953e+12  141    1 1.6976e+12 1.6949e+12  0.15%   8.8 1348s
 63504 39405 1.6953e+12  142    1 1.6976e+12 1.6949e+12  0.15%   8.8 1357s
 64413 39374 infeasible  170      1.6976e+12 1.6949e+12  0.15%   8.8 1366s
 65312 39534 1.6964e+12  198    1 1.6976e+12 1.6949e+12  0.15%   8.9 1372s
 66272 39935 1.6966e+12  228    1 1.6976e+12 1.6949e+12  0.15%   8.9 1378s
 67232 40456 1.6967e+12  258    1 1.6976e+12 1.6949e+12  0.15%   8.9 1382s
 68192 41084 1.6949e+12   44    1 1.6976e+12 1.6949e+12  0.15%   8.8 1389s
 69152 41633 1.6950e+12   63    1 1.6976e+12 1.6949e+12  0.15%   8.8 1395s
 70112 41863 1.6951e+12   90    1 1.6976e+12 1.6949e+12  0.15%   8.7 1404s
 71072 42014 1.6952e+12  117    1 1.6976e+12 1.6949e+12  0.15%   8.7 1409s
 72032 42286 1.6953e+12  147    2 1.6976e+12 1.6949e+12  0.15%   8.6 1414s
 72092 42266 1.6953e+12  150    3 1.6976e+12 1.6949e+12  0.15%   8.6 1415s
 72992 42505 1.6954e+12  177    1 1.6976e+12 1.6949e+12  0.15%   8.6 1421s
 73952 42847 1.6965e+12  196    1 1.6976e+12 1.6949e+12  0.15%   8.6 1427s
 74912 43325 1.6966e+12  220    1 1.6976e+12 1.6949e+12  0.15%   8.5 1433s
 75872 43844 1.6967e+12  250    1 1.6976e+12 1.6949e+12  0.15%   8.5 1439s
 76832 44466 1.6949e+12   38    2 1.6976e+12 1.6949e+12  0.15%   8.5 1446s
 77792 44976 1.6950e+12   68    1 1.6976e+12 1.6949e+12  0.15%   8.5 1455s
 78739 45108 1.6951e+12   93    1 1.6976e+12 1.6949e+12  0.15%   8.5 1464s
 79682 45220 1.6952e+12  119    1 1.6976e+12 1.6949e+12  0.15%   8.5 1470s
 80623 45590 1.6953e+12  145    2 1.6976e+12 1.6949e+12  0.15%   8.5 1476s
 81571 45886 1.6954e+12  173    2 1.6976e+12 1.6949e+12  0.15%   8.5 1499s
 82469 46288 1.6956e+12  197    1 1.6976e+12 1.6949e+12  0.15%   8.4 1503s
 83429 46802 1.6968e+12  227    1 1.6976e+12 1.6949e+12  0.15%   8.4 1508s
 84389 47293 1.6949e+12   57    1 1.6976e+12 1.6949e+12  0.15%   8.4 1514s
 85349 47631 1.6951e+12   87    1 1.6976e+12 1.6949e+12  0.15%   8.3 1518s
 86309 47923 1.6952e+12  117    2 1.6976e+12 1.6949e+12  0.15%   8.3 1523s
 87269 48096 1.6953e+12  147    1 1.6976e+12 1.6949e+12  0.15%   8.3 1529s
 88229 48348 1.6964e+12  177    1 1.6976e+12 1.6949e+12  0.15%   8.3 1538s
 89189 48769 1.6966e+12  207    1 1.6976e+12 1.6949e+12  0.15%   8.2 1544s
 90142 49182 1.6967e+12  237    1 1.6976e+12 1.6949e+12  0.15%   8.2 1550s
 91074 49666 1.6967e+12  267    1 1.6976e+12 1.6949e+12  0.15%   8.3 1556s
 92003 50088 1.6949e+12   55    1 1.6976e+12 1.6949e+12  0.15%   8.3 1561s
 92957 50321 1.6950e+12   76    1 1.6976e+12 1.6949e+12  0.15%   8.3 1566s
 93915 50556 1.6951e+12   97    1 1.6976e+12 1.6949e+12  0.15%   8.2 1571s
 94857 50842 1.6953e+12  127    3 1.6976e+12 1.6949e+12  0.15%   8.3 1576s
 95792 51137 1.6954e+12  157    1 1.6976e+12 1.6949e+12  0.15%   8.3 1580s
 96752 51565 1.6956e+12  187    1 1.6976e+12 1.6949e+12  0.15%   8.3 1585s
 97704 51272 1.6965e+12  200    2 1.6976e+12 1.6949e+12  0.15%   8.2 1607s
 97737 51932 1.6965e+12  201    1 1.6976e+12 1.6949e+12  0.15%   8.2 1611s
 98697 52383 1.6966e+12  231    2 1.6976e+12 1.6949e+12  0.15%   8.2 1616s
 99657 52775 1.6967e+12  261    1 1.6976e+12 1.6949e+12  0.15%   8.2 1620s
 100617 52991 1.6949e+12   50    1 1.6976e+12 1.6949e+12  0.15%   8.2 1625s
 101577 53258 1.6951e+12   80    1 1.6976e+12 1.6949e+12  0.15%   8.2 1630s
 103427 53884 1.6953e+12  140    1 1.6976e+12 1.6949e+12  0.15%   8.3 1639s
 104359 54246 1.6964e+12  170    1 1.6976e+12 1.6949e+12  0.15%   8.4 1644s
 105309 54584 1.6965e+12  200    1 1.6976e+12 1.6949e+12  0.15%   8.3 1650s
 106263 55006 1.6966e+12  230    2 1.6976e+12 1.6949e+12  0.15%   8.3 1656s
 107221 55466 1.6967e+12  260    1 1.6976e+12 1.6949e+12  0.15%   8.3 1662s
 108168 55955 1.6949e+12   46    1 1.6976e+12 1.6949e+12  0.15%   8.3 1668s
 109101 56305 1.6951e+12   76    2 1.6976e+12 1.6949e+12  0.15%   8.3 1675s
 110043 56455 1.6952e+12  106    2 1.6976e+12 1.6949e+12  0.15%   8.3 1681s
 110997 56155 1.6953e+12  136    2 1.6976e+12 1.6949e+12  0.15%   8.3 1730s
 111030 56720 1.6953e+12  137    1 1.6976e+12 1.6949e+12  0.15%   8.3 1736s
 111990 57018 1.6963e+12  166    1 1.6976e+12 1.6949e+12  0.15%   8.3 1743s
 112938 57362 1.6964e+12  196    2 1.6976e+12 1.6949e+12  0.15%   8.3 1749s
 113887 57889 1.6966e+12  226    1 1.6976e+12 1.6949e+12  0.15%   8.3 1755s
 114846 58457 1.6967e+12  256    1 1.6976e+12 1.6949e+12  0.15%   8.3 1763s
 115803 58981 1.6949e+12   43    1 1.6976e+12 1.6949e+12  0.15%   8.2 1769s
 116763 59344 1.6950e+12   73    1 1.6976e+12 1.6949e+12  0.15%   8.2 1775s
 117723 59675 1.6952e+12   99    1 1.6976e+12 1.6949e+12  0.15%   8.2 1785s
 118683 59916 1.6953e+12  128    1 1.6976e+12 1.6949e+12  0.15%   8.2 1791s
 119643 60137 1.6954e+12  155    1 1.6976e+12 1.6949e+12  0.15%   8.2 1801s
 120539 60478 1.6955e+12  171    1 1.6976e+12 1.6949e+12  0.15%   8.2 1808s
 121475 60918 1.6958e+12  186    1 1.6976e+12 1.6949e+12  0.15%   8.2 1815s
 122427 61440 1.6967e+12  206    1 1.6976e+12 1.6949e+12  0.15%   8.3 1822s
 123387 62038 1.6970e+12  236    1 1.6976e+12 1.6949e+12  0.15%   8.3 1831s
 124332 62655 1.6950e+12   51    1 1.6976e+12 1.6949e+12  0.15%   8.3 1840s
 125271 63208 1.6951e+12   81    1 1.6976e+12 1.6949e+12  0.15%   8.3 1847s
 126216 63654 1.6954e+12  109    2 1.6976e+12 1.6949e+12  0.15%   8.3 1854s
 127164 63986 1.6955e+12  134    1 1.6976e+12 1.6949e+12  0.15%   8.4 1863s
 128073 64325 1.6956e+12  163    2 1.6976e+12 1.6949e+12  0.15%   8.3 1870s
 129008 64695 1.6957e+12  189    1 1.6976e+12 1.6949e+12  0.15%   8.3 1879s
 129916 65098 1.6949e+12   47    1 1.6976e+12 1.6949e+12  0.15%   8.3 1887s
 130849 65478 1.6951e+12   75    1 1.6976e+12 1.6949e+12  0.15%   8.3 1896s
 131766 65862 1.6952e+12  101    2 1.6976e+12 1.6949e+12  0.15%   8.3 1903s
 132716 66089 1.6953e+12  130    1 1.6976e+12 1.6949e+12  0.15%   8.3 1910s
 133671 66311 1.6962e+12  156    1 1.6976e+12 1.6949e+12  0.15%   8.3 1930s
 134522 66790 1.6964e+12  181    1 1.6976e+12 1.6949e+12  0.15%   8.3 1937s
 135468 67237 1.6966e+12  211    1 1.6976e+12 1.6949e+12  0.15%   8.3 1943s
 136418 67618 1.6967e+12  239    2 1.6976e+12 1.6949e+12  0.15%   8.3 1949s
 137375 67923 1.6967e+12  264    1 1.6976e+12 1.6949e+12  0.15%   8.3 1953s
 138319 68163 1.6950e+12   45    1 1.6976e+12 1.6949e+12  0.15%   8.4 1959s
 139247 68341 1.6950e+12   54    2 1.6976e+12 1.6949e+12  0.15%   8.4 1964s
 139547 68241     cutoff  196      1.6976e+12 1.6949e+12  0.15%   8.4 1965s
 140207 68601 1.6952e+12   65    1 1.6976e+12 1.6949e+12  0.15%   8.4 1970s
 141167 69023 1.6956e+12   77    1 1.6976e+12 1.6949e+12  0.15%   8.4 1976s
 142126 68723 1.6966e+12   88    1 1.6976e+12 1.6949e+12  0.15%   8.4 2022s
 142165 69524 1.6966e+12   89    1 1.6976e+12 1.6949e+12  0.15%   8.4 2028s
 143124 70010 1.6973e+12  103    2 1.6976e+12 1.6949e+12  0.15%   8.4 2034s
 144077 70457 1.6974e+12  125    1 1.6976e+12 1.6949e+12  0.15%   8.4 2038s
 145010 70869 1.6949e+12   54    1 1.6976e+12 1.6949e+12  0.15%   8.4 2044s
 145965 71058 1.6951e+12   84    1 1.6976e+12 1.6949e+12  0.15%   8.4 2049s
 146911 71174 1.6952e+12  114    2 1.6976e+12 1.6949e+12  0.15%   8.4 2058s
 147871 71460 1.6954e+12  144    1 1.6976e+12 1.6949e+12  0.15%   8.4 2065s
 148831 71858 1.6964e+12  174    1 1.6976e+12 1.6949e+12  0.15%   8.4 2070s
 149791 72333 1.6965e+12  204    1 1.6976e+12 1.6949e+12  0.15%   8.4 2077s
 150747 72783 1.6966e+12  234    1 1.6976e+12 1.6949e+12  0.15%   8.4 2083s
 151680 73131 1.6967e+12  264    1 1.6976e+12 1.6949e+12  0.15%   8.4 2089s
 152620 73478 1.6950e+12   44    1 1.6976e+12 1.6949e+12  0.15%   8.4 2095s
 153572 73770 1.6950e+12   55    1 1.6976e+12 1.6949e+12  0.15%   8.4 2101s
 154531 74052 1.6952e+12   65    1 1.6976e+12 1.6949e+12  0.15%   8.4 2106s
 155491 74340 1.6956e+12   80    1 1.6976e+12 1.6949e+12  0.15%   8.3 2112s
 156450 74707 1.6971e+12   98    1 1.6976e+12 1.6949e+12  0.15%   8.3 2117s
 157408 75165     cutoff  106      1.6976e+12 1.6949e+12  0.15%   8.3 2122s
 158366 75672 1.6975e+12  132    1 1.6976e+12 1.6949e+12  0.15%   8.3 2127s
 159304 76089 1.6950e+12   62    1 1.6976e+12 1.6949e+12  0.15%   8.3 2133s
 160233 76507 1.6951e+12   87    1 1.6976e+12 1.6949e+12  0.15%   8.3 2138s
 161171 76877 1.6952e+12  115    2 1.6976e+12 1.6949e+12  0.15%   8.4 2143s
 162097 77128 1.6953e+12  141    2 1.6976e+12 1.6949e+12  0.15%   8.4 2147s
 163034 77370 1.6964e+12  170    1 1.6976e+12 1.6949e+12  0.15%   8.4 2153s
 163990 77069 1.6965e+12  199    1 1.6976e+12 1.6949e+12  0.15%   8.4 2194s
 164023 77701 1.6965e+12  200    1 1.6976e+12 1.6949e+12  0.15%   8.4 2199s
 164983 78131 1.6966e+12  228    1 1.6976e+12 1.6949e+12  0.15%   8.4 2204s
 165943 78557 1.6967e+12  254    1 1.6976e+12 1.6949e+12  0.15%   8.4 2209s
 166894 79054 1.6950e+12   43    1 1.6976e+12 1.6949e+12  0.15%   8.4 2214s
 167844 79817 1.6951e+12   73    1 1.6976e+12 1.6949e+12  0.15%   8.4 2219s
 168804 80423 1.6952e+12  103    1 1.6976e+12 1.6949e+12  0.15%   8.4 2224s
 169704 80423 1.6974e+12  225    2 1.6976e+12 1.6949e+12  0.15%   8.3 2225s
 169762 80961 1.6953e+12  133    1 1.6976e+12 1.6949e+12  0.15%   8.3 2230s
 170722 81532 1.6955e+12  163    1 1.6976e+12 1.6949e+12  0.15%   8.3 2235s
 171672 82180 1.6960e+12  183    2 1.6976e+12 1.6949e+12  0.15%   8.3 2241s
 172627 82912 1.6972e+12  207    1 1.6976e+12 1.6949e+12  0.15%   8.3 2246s
 173581 83782 1.6975e+12  234    1 1.6976e+12 1.6949e+12  0.15%   8.3 2252s
 174536 84508 1.6950e+12   57    1 1.6976e+12 1.6949e+12  0.15%   8.3 2257s
 175492 85188 1.6951e+12   84    1 1.6976e+12 1.6949e+12  0.15%   8.3 2263s
 176434 85798 1.6952e+12  112    2 1.6976e+12 1.6949e+12  0.15%   8.3 2272s
 177375 86313 1.6953e+12  137    2 1.6976e+12 1.6949e+12  0.15%   8.4 2277s
 178277 86860 1.6963e+12  166    1 1.6976e+12 1.6949e+12  0.15%   8.5 2283s
 179231 87493 1.6964e+12  195    1 1.6976e+12 1.6949e+12  0.15%   8.5 2289s
 180183 88296 1.6966e+12  223    1 1.6976e+12 1.6949e+12  0.15%   8.5 2295s
 181143 89174 1.6967e+12  251    2 1.6976e+12 1.6949e+12  0.15%   8.5 2302s
 182094 89204 1.6949e+12   41    1 1.6976e+12 1.6949e+12  0.15%   8.5 2353s
 182126 89966 1.6949e+12   42    1 1.6976e+12 1.6949e+12  0.15%   8.5 2360s
 183045 90647 1.6950e+12   53    2 1.6976e+12 1.6949e+12  0.15%   8.5 2366s
 183981 91165 1.6952e+12   61    2 1.6976e+12 1.6949e+12  0.15%   8.5 2372s
 184939 91645 1.6954e+12   76    1 1.6976e+12 1.6949e+12  0.15%   8.5 2377s
 185899 92267 1.6955e+12   85    1 1.6976e+12 1.6949e+12  0.15%   8.5 2383s
 186858 92958 1.6963e+12   95    2 1.6976e+12 1.6949e+12  0.15%   8.5 2388s
 187818 93744 1.6974e+12  117    1 1.6976e+12 1.6949e+12  0.15%   8.5 2393s
 188775 94568 1.6949e+12   41    1 1.6976e+12 1.6949e+12  0.15%   8.5 2398s
 189707 95134 1.6951e+12   71    1 1.6976e+12 1.6949e+12  0.15%   8.5 2418s
 190411 95903 1.6951e+12   93    3 1.6976e+12 1.6949e+12  0.15%   8.5 2423s
 191366 96503 1.6952e+12  123    1 1.6976e+12 1.6949e+12  0.15%   8.5 2427s
 192314 97034 1.6954e+12  153    1 1.6976e+12 1.6949e+12  0.15%   8.5 2432s
 193232 97575 1.6964e+12  183    1 1.6976e+12 1.6949e+12  0.15%   8.6 2437s
 194190 98152 1.6966e+12  213    1 1.6976e+12 1.6949e+12  0.15%   8.6 2442s
 195117 98902 1.6967e+12  243    1 1.6976e+12 1.6949e+12  0.15%   8.6 2448s
 196077 99587 1.6967e+12  273    1 1.6976e+12 1.6949e+12  0.15%   8.6 2455s
 197034 100408 1.6950e+12   65    1 1.6976e+12 1.6949e+12  0.15%   8.6 2460s
 197994 101214 1.6954e+12   92    1 1.6976e+12 1.6949e+12  0.15%   8.6 2465s
 199914 102427 1.6953e+12  145    1 1.6976e+12 1.6949e+12  0.15%   8.6 2475s
 201828 103461 1.6964e+12  198    1 1.6976e+12 1.6949e+12  0.15%   8.6 2484s
 202760 104114 1.6965e+12  226    1 1.6976e+12 1.6949e+12  0.15%   8.6 2489s
 203703 104729 1.6966e+12  255    1 1.6976e+12 1.6949e+12  0.15%   8.6 2494s
 204660 105526 1.6967e+12  282    2 1.6976e+12 1.6949e+12  0.15%   8.6 2498s
 205620 106335 1.6950e+12   58    1 1.6976e+12 1.6949e+12  0.15%   8.6 2506s
 206580 107004 1.6951e+12   88    1 1.6976e+12 1.6949e+12  0.15%   8.6 2511s
 207540 107026 1.6952e+12  118    1 1.6976e+12 1.6949e+12  0.15%   8.6 2555s
 207572 107716 1.6952e+12  119    1 1.6976e+12 1.6949e+12  0.15%   8.6 2560s
 208532 108314 1.6954e+12  149    2 1.6976e+12 1.6949e+12  0.15%   8.6 2565s
 209492 108753 1.6964e+12  179    1 1.6976e+12 1.6949e+12  0.15%   8.5 2570s
 211412 110086 1.6967e+12  239    1 1.6976e+12 1.6949e+12  0.15%   8.5 2579s
 212372 110860 1.6967e+12  269    1 1.6976e+12 1.6949e+12  0.15%   8.5 2584s
 213332 111638 1.6950e+12   61    1 1.6976e+12 1.6949e+12  0.15%   8.5 2588s
 214290 112290 1.6951e+12   91    1 1.6976e+12 1.6949e+12  0.15%   8.5 2593s
 215236 112944 1.6952e+12  121    2 1.6976e+12 1.6949e+12  0.15%   8.5 2598s
 216189 113583 1.6954e+12  151    1 1.6976e+12 1.6949e+12  0.15%   8.5 2602s
 217145 114034 1.6964e+12  181    1 1.6976e+12 1.6949e+12  0.15%   8.5 2607s
 218105 114665 1.6966e+12  211    1 1.6976e+12 1.6949e+12  0.15%   8.5 2611s
 219065 115503 1.6967e+12  241    1 1.6976e+12 1.6949e+12  0.15%   8.4 2616s
 220025 116302 1.6967e+12  271    1 1.6976e+12 1.6949e+12  0.15%   8.4 2621s
 220985 117100 1.6950e+12   59    1 1.6976e+12 1.6949e+12  0.15%   8.4 2626s
 221945 117901 1.6954e+12   89    1 1.6976e+12 1.6949e+12  0.15%   8.4 2631s
 222905 118542 1.6955e+12  117    1 1.6976e+12 1.6949e+12  0.15%   8.4 2636s
 223847 119110 1.6956e+12  144    1 1.6976e+12 1.6949e+12  0.15%   8.4 2643s
 224771 119741 1.6957e+12  170    1 1.6976e+12 1.6949e+12  0.15%   8.4 2649s
 225707 120438 1.6968e+12  198    1 1.6976e+12 1.6949e+12  0.15%   8.4 2654s
 226662 121255 1.6950e+12   59    1 1.6976e+12 1.6949e+12  0.15%   8.4 2659s
 227382 121255 1.6969e+12   98    1 1.6976e+12 1.6949e+12  0.15%   8.4 2660s
 227619 121285 1.6954e+12   87    1 1.6976e+12 1.6949e+12  0.15%   8.4 2710s
 227651 122146 1.6960e+12   88    1 1.6976e+12 1.6949e+12  0.15%   8.4 2715s
 228599 122844 1.6954e+12  116    1 1.6976e+12 1.6949e+12  0.15%   8.4 2721s
 229520 123500 1.6955e+12  142    1 1.6976e+12 1.6949e+12  0.15%   8.5 2726s
 230475 124099 1.6957e+12  170    1 1.6976e+12 1.6949e+12  0.15%   8.5 2731s
 231424 124671 1.6967e+12  198    1 1.6976e+12 1.6949e+12  0.15%   8.4 2736s
 232384 125392 1.6969e+12  228    1 1.6976e+12 1.6949e+12  0.15%   8.4 2741s
 233341 126176 1.6950e+12   71    1 1.6976e+12 1.6949e+12  0.15%   8.4 2746s
 234291 127010 1.6952e+12  101    1 1.6976e+12 1.6949e+12  0.15%   8.4 2750s
 235251 127838 1.6953e+12  131    1 1.6976e+12 1.6949e+12  0.15%   8.4 2759s
 236205 128481 1.6954e+12  161    2 1.6976e+12 1.6949e+12  0.15%   8.5 2763s
 237093 128934 1.6956e+12  191    1 1.6976e+12 1.6949e+12  0.15%   8.5 2768s
 238046 129419 1.6968e+12  221    1 1.6976e+12 1.6949e+12  0.15%   8.5 2774s
 238989 130062 1.6950e+12   44    1 1.6976e+12 1.6949e+12  0.15%   8.5 2779s
 239949 130788 1.6952e+12   61    1 1.6976e+12 1.6949e+12  0.15%   8.5 2785s
 240901 131543 1.6953e+12   75    1 1.6976e+12 1.6949e+12  0.15%   8.5 2791s
 241853 132336 1.6960e+12   88    1 1.6976e+12 1.6949e+12  0.15%   8.5 2797s
 242808 133105 1.6975e+12  100    1 1.6976e+12 1.6949e+12  0.15%   8.5 2802s
 243757 133686 1.6949e+12   39    1 1.6976e+12 1.6949e+12  0.15%   8.5 2808s
 244689 134267 1.6951e+12   69    1 1.6976e+12 1.6949e+12  0.15%   8.5 2812s
 245591 134864 1.6952e+12   99    2 1.6976e+12 1.6949e+12  0.15%   8.6 2817s
 246535 135369 1.6953e+12  129    2 1.6976e+12 1.6949e+12  0.15%   8.6 2822s
 247483 136056 1.6954e+12  159    1 1.6976e+12 1.6949e+12  0.15%   8.6 2828s
 248440 136818 1.6964e+12  189    1 1.6976e+12 1.6949e+12  0.15%   8.6 2834s
 248890 136818 1.6949e+12   40    1 1.6976e+12 1.6949e+12  0.15%   8.6 2835s
 249400 137553 1.6966e+12  219    2 1.6976e+12 1.6949e+12  0.15%   8.6 2840s
 250360 138333 1.6967e+12  249    2 1.6976e+12 1.6949e+12  0.15%   8.6 2845s
 251292 139043 1.6949e+12   42    1 1.6976e+12 1.6949e+12  0.15%   8.6 2850s
 252582 139637 1.6963e+12  190    1 1.6976e+12 1.6949e+12  0.15%   8.6 2855s
 254091 140719 1.6953e+12  132    1 1.6976e+12 1.6949e+12  0.15%   8.6 2863s
 255051 141327 1.6954e+12  162    1 1.6976e+12 1.6949e+12  0.15%   8.6 2868s
 256011 142000 1.6964e+12  192    1 1.6976e+12 1.6949e+12  0.15%   8.6 2872s
 256971 142762 1.6966e+12  222    1 1.6976e+12 1.6949e+12  0.15%   8.6 2876s
 257931 143580 1.6967e+12  252    2 1.6976e+12 1.6949e+12  0.15%   8.6 2881s
 258891 144254 1.6949e+12   41    1 1.6976e+12 1.6949e+12  0.15%   8.6 2888s
 259840 144276 1.6950e+12   71    1 1.6976e+12 1.6949e+12  0.15%   8.6 2911s
 259872 144860 1.6951e+12   72    1 1.6976e+12 1.6949e+12  0.15%   8.6 2916s
 260821 145421 1.6952e+12  102    1 1.6976e+12 1.6949e+12  0.15%   8.6 2922s
 261739 145920 1.6953e+12  132    1 1.6976e+12 1.6949e+12  0.15%   8.6 2927s
 262649 146516 1.6955e+12  162    1 1.6976e+12 1.6949e+12  0.15%   8.6 2932s
 263573 147220 1.6960e+12  181    3 1.6976e+12 1.6949e+12  0.15%   8.7 2938s
 264520 147988 1.6972e+12  203    1 1.6976e+12 1.6949e+12  0.15%   8.7 2949s
 265453 148889 1.6974e+12  229    1 1.6976e+12 1.6949e+12  0.15%   8.7 2954s
 266398 149036 1.6950e+12   55    1 1.6976e+12 1.6949e+12  0.15%   8.7 2971s
 266558 149925 1.6950e+12   60    2 1.6976e+12 1.6949e+12  0.15%   8.7 2977s
 267510 150635 1.6951e+12   90    1 1.6976e+12 1.6949e+12  0.15%   8.7 2983s
 268469 151204 1.6952e+12  115    2 1.6976e+12 1.6949e+12  0.15%   8.7 2989s
 269408 151221 1.6953e+12  143    2 1.6976e+12 1.6949e+12  0.15%   8.8 3047s
 269440 151690 1.6960e+12  143    1 1.6976e+12 1.6949e+12  0.15%   8.8 3054s
 270396 152315 1.6954e+12  172    1 1.6976e+12 1.6949e+12  0.15%   8.8 3059s
 271356 153056 1.6967e+12  202    2 1.6976e+12 1.6949e+12  0.15%   8.8 3064s
 272316 153884 1.6968e+12  230    2 1.6976e+12 1.6949e+12  0.15%   8.8 3069s
 273276 154769 1.6950e+12   63    1 1.6976e+12 1.6949e+12  0.15%   8.8 3074s
 274236 155606 1.6951e+12   90    1 1.6976e+12 1.6949e+12  0.15%   8.8 3079s
 275188 156238 1.6952e+12  116    1 1.6976e+12 1.6949e+12  0.15%   8.8 3084s
 276107 156669 1.6953e+12  142    1 1.6976e+12 1.6949e+12  0.15%   8.8 3089s
 277066 157138 1.6964e+12  171    2 1.6976e+12 1.6949e+12  0.15%   8.8 3094s
 278019 157723 1.6965e+12  200    1 1.6976e+12 1.6949e+12  0.15%   8.8 3099s
 278979 158485 1.6966e+12  230    2 1.6976e+12 1.6949e+12  0.15%   8.8 3103s
 279939 159315 1.6967e+12  260    1 1.6976e+12 1.6949e+12  0.15%   8.8 3108s
 280899 160215 1.6950e+12   48    1 1.6976e+12 1.6949e+12  0.15%   8.8 3112s
 281859 160931 1.6951e+12   78    1 1.6976e+12 1.6949e+12  0.15%   8.8 3118s
 282800 161464 1.6952e+12  108    2 1.6976e+12 1.6949e+12  0.15%   8.8 3123s
 283703 161993 1.6953e+12  138    2 1.6976e+12 1.6949e+12  0.15%   8.9 3128s
 284658 162509 1.6955e+12  168    1 1.6976e+12 1.6949e+12  0.15%   8.9 3133s
 285592 163209 1.6960e+12  187    1 1.6976e+12 1.6949e+12  0.15%   8.9 3138s
 286533 164024 1.6973e+12  213    1 1.6976e+12 1.6949e+12  0.15%   8.9 3144s
 287473 164860 1.6975e+12  241    1 1.6976e+12 1.6949e+12  0.15%   8.9 3150s
 288431 165744 1.6950e+12   60    1 1.6976e+12 1.6949e+12  0.15%   8.9 3155s
 289387 166422 1.6950e+12   87    1 1.6976e+12 1.6949e+12  0.15%   8.9 3160s
 290456 166805 1.6953e+12   93    1 1.6976e+12 1.6949e+12  0.15%   8.9 3165s
 291254 167234 1.6954e+12  144    2 1.6976e+12 1.6949e+12  0.15%   8.9 3170s
 292804 167854 1.6975e+12  235    1 1.6976e+12 1.6949e+12  0.15%   8.9 3175s
 293164 168503 1.6965e+12  197    1 1.6976e+12 1.6949e+12  0.15%   8.9 3181s
 294124 169337 1.6966e+12  223    1 1.6976e+12 1.6949e+12  0.15%   8.9 3191s
 295084 170170 1.6967e+12  253    2 1.6976e+12 1.6949e+12  0.15%   8.9 3196s
 296044 170338 1.6950e+12   51    1 1.6976e+12 1.6949e+12  0.15%   8.9 3244s
 296233 171226 1.6950e+12   57    1 1.6976e+12 1.6949e+12  0.15%   8.9 3251s
 297187 172083 1.6952e+12   87    2 1.6976e+12 1.6949e+12  0.15%   8.9 3257s
 298147 172650 1.6953e+12  117    1 1.6976e+12 1.6949e+12  0.15%   8.9 3264s
 299100 173122 1.6954e+12  147    1 1.6976e+12 1.6949e+12  0.15%   8.9 3270s
 300052 173601 1.6956e+12  176    1 1.6976e+12 1.6949e+12  0.15%   8.9 3276s
 300986 174217 1.6963e+12  195    1 1.6976e+12 1.6949e+12  0.15%   8.9 3282s
 301943 174939 1.6974e+12  224    1 1.6976e+12 1.6949e+12  0.15%   8.9 3288s
 302902 175716 1.6949e+12   50    1 1.6976e+12 1.6949e+12  0.15%   8.9 3294s
 303862 176511 1.6950e+12   74    2 1.6976e+12 1.6949e+12  0.15%   8.9 3299s
 304822 177316 1.6952e+12  101    1 1.6976e+12 1.6949e+12  0.15%   8.9 3304s
 305782 177947 1.6953e+12  131    1 1.6976e+12 1.6949e+12  0.15%   8.9 3309s
 306142 177947 1.6956e+12  183    1 1.6976e+12 1.6949e+12  0.15%   8.9 3310s
 306742 178617 1.6954e+12  161    1 1.6976e+12 1.6949e+12  0.15%   8.9 3316s
 307696 179179 1.6956e+12  191    1 1.6976e+12 1.6949e+12  0.15%   8.9 3322s
 308644 179743 1.6966e+12  210    1 1.6976e+12 1.6949e+12  0.15%   8.9 3328s
 309603 180420 1.6967e+12  240    1 1.6976e+12 1.6949e+12  0.15%   8.9 3334s
 310413 180420 1.6974e+12  223    2 1.6976e+12 1.6949e+12  0.15%   8.9 3335s
 310561 181179 1.6968e+12  270    1 1.6976e+12 1.6949e+12  0.15%   8.9 3341s
 311515 181927 1.6950e+12   64    1 1.6976e+12 1.6949e+12  0.15%   8.9 3347s
 312462 182669 1.6951e+12   94    3 1.6976e+12 1.6949e+12  0.15%   8.8 3353s
 313405 183385 1.6952e+12  124    1 1.6976e+12 1.6949e+12  0.15%   8.9 3359s
 314306 184044 1.6954e+12  154    1 1.6976e+12 1.6949e+12  0.15%   8.9 3365s
 315229 184554 1.6964e+12  184    1 1.6976e+12 1.6949e+12  0.15%   8.9 3371s
 316147 185113 1.6966e+12  214    1 1.6976e+12 1.6949e+12  0.15%   9.0 3377s
 317104 185863 1.6967e+12  244    1 1.6976e+12 1.6949e+12  0.15%   8.9 3382s
 318063 186705 infeasible  273      1.6976e+12 1.6949e+12  0.15%   8.9 3388s
 319016 187527 1.6951e+12   52    1 1.6976e+12 1.6949e+12  0.15%   8.9 3394s
 319957 188321 1.6953e+12   68    1 1.6976e+12 1.6949e+12  0.15%   9.0 3401s
 320910 188345 1.6959e+12   83    1 1.6976e+12 1.6949e+12  0.15%   9.0 3549s
 320944 188372 1.6958e+12   83    1 1.6976e+12 1.6949e+12  0.15%   9.0 3600s

Cutting planes:
  Implied bound: 4
  MIR: 6
  Flow cover: 4
  Relax-and-lift: 1

Explored 320977 nodes (2898695 simplex iterations) in 3600.46 seconds (2131.10 work units)
Thread count was 32 (of 36 available processors)

Solution count 2: 1.69757e+12 1.70177e+12 

Time limit reached
Best objective 1.697566286461e+12, best bound 1.694945407481e+12, gap 0.1544%

User-callback calls 1224620, time in user-callback 0.40 sec
Set parameter TokenServer to value "license-1.hpc.nrel.gov"
Set parameter TimeLimit to value 3600
Set parameter MIPGap to value 0.001
Set parameter MIPGap to value 0.001
Set parameter TimeLimit to value 3600
Gurobi Optimizer version 9.5.1 build v9.5.1rc2 (linux64)
Thread count: 36 physical cores, 36 logical processors, using up to 32 threads
Optimize a model with 91240 rows, 1140828 columns and 2336040 nonzeros
Model fingerprint: 0x311f7f81
Coefficient statistics:
  Matrix range     [1e+00, 1e+05]
  Objective range  [3e-01, 3e+09]
  Bounds range     [1e+00, 1e+08]
  RHS range        [8e-01, 2e+06]
Warning: Model contains large objective coefficients
         Consider reformulating model or setting NumericFocus parameter
         to avoid numerical issues.

Concurrent LP optimizer: primal simplex, dual simplex, and barrier
Showing barrier log only...

Presolve removed 83442 rows and 558500 columns
Presolve time: 1.54s
Presolved: 7798 rows, 582328 columns, 1160340 nonzeros

Ordering time: 0.02s

Barrier statistics:
 AA' NZ     : 5.780e+05
 Factor NZ  : 1.063e+06 (roughly 240 MB of memory)
 Factor Ops : 1.876e+08 (less than 1 second per iteration)
 Threads    : 30

                  Objective                Residual
Iter       Primal          Dual         Primal    Dual     Compl     Time
   0   5.46049955e+12 -5.55503038e+11  4.74e+06 2.69e+02  1.54e+08     2s
   1   1.89297067e+12  9.57510124e+11  1.44e+05 5.46e-12  5.84e+06     2s
   2   1.76611394e+12  1.43475663e+12  5.15e+03 2.48e-10  7.03e+05     2s
   3   1.75318231e+12  1.56714811e+12  2.59e+03 1.24e-10  3.78e+05     2s
   4   1.73890953e+12  1.63030852e+12  1.02e+03 7.09e-11  2.06e+05     2s
   5   1.73023855e+12  1.66393181e+12  6.10e+02 3.73e-11  1.24e+05     2s
   6   1.71961722e+12  1.67802592e+12  2.99e+02 2.46e-11  7.54e+04     2s
   7   1.71568000e+12  1.68341434e+12  2.21e+02 1.64e-11  5.80e+04     2s
   8   1.71032604e+12  1.68811857e+12  1.31e+02 1.36e-11  3.94e+04     3s
   9   1.70706352e+12  1.69039091e+12  8.88e+01 1.00e-11  2.94e+04     3s

Barrier performed 9 iterations in 2.59 seconds (1.44 work units)
Barrier solve interrupted - model solved by another algorithm


Solved with primal simplex
Solved in 68385 iterations and 2.60 seconds (1.40 work units)
Optimal objective  1.697566286e+12

User-callback calls 140, time in user-callback 0.00 sec
[ Info:  started timer at: 2023-03-22T17:25:15.252
[ Info: Reading /projects/pvsoiling/RELOG/Manufacturing_NAICS_2/input/solver/case.json...
[ Info:          134 collection centers
[ Info:          309 candidate plant locations
[ Info: Building graph...
[ Info:               26 time periods
[ Info:              309 process nodes
[ Info:              309 shipping nodes (plant)
[ Info:              134 shipping nodes (collection)
[ Info:            41715 arcs
[ Info: Building optimization model...
[ Info: Optimizing MILP...
[ Info: Re-optimizing with integer variables fixed...
[ Info: Extracting solution...
[ Info:       3650.509427781s: 1 hour, 50 seconds, 509 milliseconds
