Set parameter TokenServer to value "license-1.hpc.nrel.gov"
Set parameter TimeLimit to value 3600
Set parameter MIPGap to value 0.001
Set parameter MIPGap to value 0.001
Set parameter TimeLimit to value 3600
Gurobi Optimizer version 9.5.1 build v9.5.1rc2 (linux64)
Thread count: 36 physical cores, 36 logical processors, using up to 32 threads
Optimize a model with 79596 rows, 989456 columns and 2026080 nonzeros
Model fingerprint: 0x6df9cc7d
Variable types: 975520 continuous, 13936 integer (13936 binary)
Coefficient statistics:
  Matrix range     [1e+00, 1e+05]
  Objective range  [2e-01, 8e+08]
  Bounds range     [1e+05, 1e+08]
  RHS range        [8e-01, 2e+06]
Presolve removed 69146 rows and 56012 columns
Presolve time: 3.53s
Presolved: 10450 rows, 933444 columns, 1873320 nonzeros
Variable types: 933176 continuous, 268 integer (268 binary)

Deterministic concurrent LP optimizer: primal and dual simplex
Showing first log only...


Root simplex log...

Iteration    Objective       Primal Inf.    Dual Inf.      Time
       0    5.4596089e+11   2.922196e+06   1.666806e+11      7s
Concurrent spin time: 0.00s

Solved with dual simplex

Root relaxation: objective 8.739225e+11, 20009 iterations, 2.47 seconds (1.74 work units)

    Nodes    |    Current Node    |     Objective Bounds      |     Work
 Expl Unexpl |  Obj  Depth IntInf | Incumbent    BestBd   Gap | It/Node Time

     0     0 8.7392e+11    0    2          - 8.7392e+11      -     -    7s
H    0     0                    8.752610e+11 8.7392e+11  0.15%     -    8s
     0     0 8.7392e+11    0    1 8.7526e+11 8.7392e+11  0.15%     -   12s
     0     0 8.7392e+11    0    1 8.7526e+11 8.7392e+11  0.15%     -   15s
     0     2 8.7392e+11    0    1 8.7526e+11 8.7392e+11  0.15%     -   17s
    15    32 8.7393e+11    4    1 8.7526e+11 8.7392e+11  0.15%   5.5   20s
    95   128 8.7393e+11    7    1 8.7526e+11 8.7392e+11  0.15%   4.0   45s
   159   192 8.7395e+11    8    1 8.7526e+11 8.7392e+11  0.15%   4.1   81s
   223   391 8.7395e+11   10    1 8.7526e+11 8.7392e+11  0.15%   4.3   86s
   390   647 8.7397e+11   14    1 8.7526e+11 8.7392e+11  0.15%   4.2   97s
   646  1735 8.7399e+11   21    1 8.7526e+11 8.7392e+11  0.15%   4.5  109s
   850  1735 8.7397e+11   23    1 8.7526e+11 8.7392e+11  0.15%   4.5  110s
  1734  2629 8.7402e+11   55    1 8.7526e+11 8.7392e+11  0.15%   4.7  118s
  2662  3413 8.7408e+11   85    1 8.7526e+11 8.7392e+11  0.15%   5.1  126s
  3453  3926 8.7418e+11  109    1 8.7526e+11 8.7392e+11  0.15%   5.0  132s
  4440  4445 8.7422e+11  126    3 8.7526e+11 8.7392e+11  0.15%   5.7  137s
  5400  5056 8.7428e+11  139    1 8.7526e+11 8.7392e+11  0.15%   7.2  142s
  6334  5791 8.7430e+11  147    3 8.7526e+11 8.7392e+11  0.15%   8.9  147s
  7294  6631 8.7458e+11  162    1 8.7526e+11 8.7392e+11  0.15%  14.1  153s
  8316  7390 8.7461e+11  196    1 8.7526e+11 8.7392e+11  0.15%  14.1  158s
  9389  8150 8.7475e+11  230    1 8.7526e+11 8.7392e+11  0.15%  15.2  162s
 10474  8757 8.7397e+11   37    1 8.7526e+11 8.7392e+11  0.15%  14.9  167s
 11541  8758 8.7420e+11   70    1 8.7526e+11 8.7392e+11  0.15%  16.7  181s
 11543  8759 8.7406e+11   35    2 8.7526e+11 8.7392e+11  0.15%  16.7  188s
 11544  8760 8.7452e+11  105    1 8.7526e+11 8.7392e+11  0.15%  16.7  192s
 11546  8761 8.7425e+11   69    1 8.7526e+11 8.7392e+11  0.15%  16.7  195s
 11577  8815 8.7393e+11   20    1 8.7526e+11 8.7392e+11  0.15%  18.4  200s
 11641  8858 8.7395e+11   21    1 8.7526e+11 8.7392e+11  0.15%  18.4  213s
 11737  8922 8.7393e+11   23    1 8.7526e+11 8.7392e+11  0.15%  18.2  231s
 11832  9196 8.7397e+11   24    1 8.7526e+11 8.7392e+11  0.15%  18.1  235s
 12075  9700 8.7397e+11   29    1 8.7526e+11 8.7392e+11  0.15%  17.9  242s
 12660 10169 8.7399e+11   42    1 8.7526e+11 8.7392e+11  0.15%  17.3  250s
 13324  9980 8.7404e+11   56    1 8.7526e+11 8.7392e+11  0.15%  16.7  267s
 13356 10460 8.7400e+11   57    1 8.7526e+11 8.7392e+11  0.15%  16.6  275s
 13861 10914 8.7407e+11   71    1 8.7526e+11 8.7392e+11  0.15%  16.3  286s
 14516 11426 8.7408e+11   85    2 8.7526e+11 8.7392e+11  0.15%  15.8  295s
 15261 11685 8.7408e+11  103    1 8.7526e+11 8.7392e+11  0.15%  15.2  303s
 16266 11766 8.7419e+11  130    1 8.7526e+11 8.7392e+11  0.15%  14.8  308s
 17209 11920 8.7423e+11  149    1 8.7526e+11 8.7392e+11  0.15%  14.7  313s
 18125 12201 8.7429e+11  160    2 8.7526e+11 8.7392e+11  0.15%  14.9  320s
 19035 12752 8.7432e+11  169    3 8.7526e+11 8.7392e+11  0.15%  16.4  326s
 20041 13216 8.7460e+11  194    1 8.7526e+11 8.7392e+11  0.15%  16.9  331s
 21090 13578 8.7464e+11  227    1 8.7526e+11 8.7392e+11  0.15%  17.2  337s
 22178 13726 8.7393e+11   23    1 8.7526e+11 8.7392e+11  0.15%  16.7  385s
 23241 14035 8.7417e+11   56    1 8.7526e+11 8.7392e+11  0.15%  16.2  390s
 24329 14425 8.7420e+11   87    1 8.7526e+11 8.7392e+11  0.15%  15.8  396s
 25417 14852 8.7427e+11  118    1 8.7526e+11 8.7392e+11  0.15%  15.5  402s
 26505 15302 8.7484e+11  148    1 8.7526e+11 8.7392e+11  0.15%  15.6  408s
 27593 15633 8.7492e+11  182    2 8.7526e+11 8.7392e+11  0.15%  15.4  414s
 28658 15292 8.7402e+11   34    1 8.7526e+11 8.7393e+11  0.15%  15.5  431s
 28691 15849 8.7402e+11   35    1 8.7526e+11 8.7393e+11  0.15%  15.5  438s
 29773 16289 8.7411e+11   67    1 8.7526e+11 8.7393e+11  0.15%  15.4  447s
 30861 16898 8.7415e+11   98    1 8.7526e+11 8.7393e+11  0.15%  15.3  451s
 31949 17399 8.7426e+11  129    1 8.7526e+11 8.7393e+11  0.15%  14.9  455s
 33036 17563 8.7477e+11  163    1 8.7526e+11 8.7393e+11  0.15%  14.7  460s
 34077 17227 8.7483e+11  197    1 8.7526e+11 8.7393e+11  0.15%  14.9  491s
 34109 17617 8.7483e+11  198    1 8.7526e+11 8.7393e+11  0.15%  14.9  495s
 35131 17784 8.7396e+11   31    1 8.7526e+11 8.7393e+11  0.15%  15.1  500s
 36185 18043 8.7413e+11   63    1 8.7526e+11 8.7393e+11  0.15%  15.1  507s
 37252 18546 8.7419e+11   95    2 8.7526e+11 8.7393e+11  0.15%  15.2  513s
 38335 18661 8.7475e+11  127    2 8.7526e+11 8.7393e+11  0.15%  15.1  529s
 38719 19531 8.7476e+11  139    2 8.7526e+11 8.7393e+11  0.15%  15.0  534s
 39801 20329 8.7478e+11  172    1 8.7526e+11 8.7393e+11  0.15%  14.8  539s
 40889 20781 8.7490e+11  204    1 8.7526e+11 8.7393e+11  0.15%  14.5  543s
 41977 21368 8.7397e+11   38    1 8.7526e+11 8.7393e+11  0.15%  14.3  547s
 43065 22024 8.7399e+11   72    1 8.7526e+11 8.7393e+11  0.15%  14.0  552s
 44153 22767 8.7411e+11  106    1 8.7526e+11 8.7393e+11  0.15%  13.8  557s
 45241 23601 8.7420e+11  140    2 8.7526e+11 8.7393e+11  0.15%  13.9  561s
 46308 24423 8.7429e+11  164    3 8.7526e+11 8.7393e+11  0.15%  13.9  566s
 47363 24441 8.7467e+11  181    1 8.7526e+11 8.7393e+11  0.15%  13.9  578s
 47401 25219     cutoff  182      8.7526e+11 8.7393e+11  0.15%  13.9  583s
 48483 25983 8.7520e+11  212    1 8.7526e+11 8.7393e+11  0.15%  13.8  588s
 49568 26746 8.7420e+11   47    1 8.7526e+11 8.7393e+11  0.15%  13.8  593s
 50654 27578 8.7431e+11   81    1 8.7526e+11 8.7393e+11  0.15%  13.8  597s
 51742 28361 8.7433e+11  111    1 8.7526e+11 8.7393e+11  0.15%  13.8  602s
 52813 29239 8.7440e+11  141    1 8.7526e+11 8.7393e+11  0.15%  14.0  607s
 53901 29972 8.7498e+11  169    1 8.7526e+11 8.7393e+11  0.15%  13.8  611s
 54989 30743 8.7398e+11   53    1 8.7526e+11 8.7393e+11  0.15%  13.7  617s
 56077 31603 8.7405e+11   87    1 8.7526e+11 8.7393e+11  0.15%  13.5  623s
 57165 32368 8.7416e+11  121    2 8.7526e+11 8.7393e+11  0.15%  13.4  628s
 58253 33170 8.7464e+11  155    1 8.7526e+11 8.7393e+11  0.15%  13.3  633s
 59340 33171 8.7463e+11  140    1 8.7526e+11 8.7393e+11  0.15%  13.3  667s
 59342 33172 8.7419e+11   83    2 8.7526e+11 8.7393e+11  0.15%  13.3  676s
 59344 33174 8.7431e+11  112    1 8.7526e+11 8.7393e+11  0.15%  13.3  683s
 59345 33174 8.7396e+11   26    1 8.7526e+11 8.7393e+11  0.15%  13.3  687s
 59348 33181 8.7393e+11   32    1 8.7526e+11 8.7393e+11  0.15%  13.6  690s
 59440 33271 8.7395e+11   36    1 8.7526e+11 8.7393e+11  0.15%  13.6  715s
 59504 33313 8.7395e+11   37    1 8.7526e+11 8.7393e+11  0.15%  13.6  780s
 59769 34026 8.7397e+11   41    1 8.7526e+11 8.7393e+11  0.15%  13.6  792s
 60337 34516 8.7399e+11   53    1 8.7526e+11 8.7393e+11  0.15%  13.5  802s
 61016 34928 8.7400e+11   68    1 8.7526e+11 8.7393e+11  0.15%  13.4  812s
 61684 35058 8.7406e+11   82    1 8.7526e+11 8.7393e+11  0.15%  13.3  820s
 62095 35682 8.7404e+11   96    1 8.7526e+11 8.7393e+11  0.15%  13.2  830s
 62888 35953 8.7408e+11  111    2 8.7526e+11 8.7393e+11  0.15%  13.1  847s
 63909 35991 8.7414e+11  134    1 8.7526e+11 8.7393e+11  0.15%  13.0  855s
 64888 36061 8.7422e+11  157    2 8.7526e+11 8.7393e+11  0.15%  13.0  861s
 65820 36363 8.7429e+11  172    2 8.7526e+11 8.7393e+11  0.15%  13.1  867s
 66738 36947 8.7430e+11  182    1 8.7526e+11 8.7393e+11  0.15%  13.5  873s
 67730 37474     cutoff  203      8.7526e+11 8.7393e+11  0.15%  13.8  880s
 68768 37900 8.7462e+11  236    1 8.7526e+11 8.7393e+11  0.15%  13.9  886s
 69856 38376 8.7477e+11  270    2 8.7526e+11 8.7393e+11  0.15%  13.9  891s
 70944 38496 8.7416e+11   48    1 8.7526e+11 8.7393e+11  0.15%  13.7  896s
 72032 38620 8.7431e+11   63    1 8.7526e+11 8.7393e+11  0.15%  13.7  902s
 73120 38751 8.7485e+11   78    1 8.7526e+11 8.7393e+11  0.15%  13.6  907s
 74208 39071 8.7507e+11  104    1 8.7526e+11 8.7393e+11  0.15%  13.5  912s
 75296 39727 8.7515e+11  134    1 8.7526e+11 8.7393e+11  0.15%  13.6  916s
 76384 39397 8.7398e+11   62    2 8.7526e+11 8.7393e+11  0.15%  13.5  951s
 76416 39429 8.7398e+11   63    1 8.7526e+11 8.7393e+11  0.15%  13.5  996s
 76459 40442 8.7398e+11   64    1 8.7526e+11 8.7393e+11  0.15%  13.5 1000s
 77547 40721 8.7402e+11   98    1 8.7526e+11 8.7393e+11  0.15%  13.3 1005s
 78635 40606 8.7413e+11  132    1 8.7526e+11 8.7393e+11  0.15%  13.2 1010s
 80811 40918 8.7471e+11  200    2 8.7526e+11 8.7393e+11  0.15%  13.0 1019s
 81899 41343 8.7480e+11  234    1 8.7526e+11 8.7393e+11  0.15%  13.0 1023s
 82987 41926 8.7394e+11   44    1 8.7526e+11 8.7393e+11  0.15%  13.1 1029s
 84075 42336 8.7399e+11   78    1 8.7526e+11 8.7393e+11  0.15%  13.0 1034s
 85161 42484 8.7405e+11  112    1 8.7526e+11 8.7393e+11  0.15%  12.9 1038s
 86235 42563 8.7461e+11  146    1 8.7526e+11 8.7393e+11  0.15%  12.8 1044s
 87296 42731 8.7464e+11  180    1 8.7526e+11 8.7393e+11  0.15%  12.9 1049s
 88377 43030 8.7471e+11  214    1 8.7526e+11 8.7393e+11  0.15%  12.9 1056s
 89465 43569 8.7484e+11  248    1 8.7526e+11 8.7393e+11  0.15%  13.0 1062s
 90552 44049 8.7402e+11   43    1 8.7526e+11 8.7393e+11  0.15%  13.0 1068s
 91618 44345 8.7420e+11   55    1 8.7526e+11 8.7393e+11  0.15%  13.0 1073s
 92648 44445 8.7466e+11   73    1 8.7526e+11 8.7393e+11  0.15%  13.0 1079s
 93694 44522 8.7525e+11   86    1 8.7526e+11 8.7393e+11  0.15%  13.0 1088s
 94692 44886 8.7398e+11   59    1 8.7526e+11 8.7393e+11  0.15%  12.9 1096s
 95755 44552 8.7400e+11   93    2 8.7526e+11 8.7393e+11  0.15%  12.9 1142s
 95792 45376 8.7400e+11   94    1 8.7526e+11 8.7393e+11  0.15%  12.9 1146s
 96880 45856 8.7407e+11  128    1 8.7526e+11 8.7393e+11  0.15%  12.9 1152s
 97968 46117 8.7462e+11  162    1 8.7526e+11 8.7393e+11  0.15%  12.8 1157s
 99053 46164 8.7470e+11  196    1 8.7526e+11 8.7393e+11  0.15%  12.8 1162s
 100141 46246 8.7476e+11  230    1 8.7526e+11 8.7393e+11  0.15%  12.7 1166s
 101229 46322 infeasible  255      8.7526e+11 8.7393e+11  0.15%  12.7 1180s
 102197 46713 8.7398e+11   67    1 8.7526e+11 8.7393e+11  0.15%  12.7 1185s
 104373 47622 8.7415e+11  135    3 8.7526e+11 8.7393e+11  0.15%  12.7 1194s
 105461 47847 8.7464e+11  169    1 8.7526e+11 8.7393e+11  0.15%  12.7 1198s
 106542 47876 8.7471e+11  203    1 8.7526e+11 8.7393e+11  0.15%  12.6 1203s
 107626 48020 8.7481e+11  237    3 8.7526e+11 8.7393e+11  0.15%  12.6 1208s
 108714 48235 8.7396e+11   47    1 8.7526e+11 8.7393e+11  0.15%  12.6 1214s
 109800 48692 8.7399e+11   81    1 8.7526e+11 8.7393e+11  0.15%  12.7 1219s
 110884 48360 8.7406e+11  115    1 8.7526e+11 8.7393e+11  0.15%  12.7 1269s
 110917 49401 8.7406e+11  116    1 8.7526e+11 8.7393e+11  0.15%  12.7 1274s
 111997 49814 8.7461e+11  150    1 8.7526e+11 8.7393e+11  0.15%  12.7 1279s
 113073 50028 8.7464e+11  184    1 8.7526e+11 8.7393e+11  0.15%  12.6 1283s
 114155 50053 8.7476e+11  218    1 8.7526e+11 8.7393e+11  0.15%  12.6 1287s
 115243 50115 8.7485e+11  252    2 8.7526e+11 8.7393e+11  0.15%  12.5 1292s
 116331 50572 8.7397e+11   60    1 8.7526e+11 8.7394e+11  0.15%  12.6 1297s
 117414 51243 8.7418e+11   93    1 8.7526e+11 8.7394e+11  0.15%  12.6 1305s
 118491 51904 8.7425e+11  125    1 8.7526e+11 8.7394e+11  0.15%  12.6 1310s
 119564 52265 8.7481e+11  154    2 8.7526e+11 8.7394e+11  0.15%  12.5 1315s
 120650 52227 8.7483e+11  187    1 8.7526e+11 8.7394e+11  0.15%  12.4 1321s
 121737 52291 8.7394e+11   41    1 8.7526e+11 8.7394e+11  0.15%  12.4 1326s
 122820 52789 8.7399e+11   75    1 8.7526e+11 8.7394e+11  0.15%  12.3 1331s
 123900 53382 8.7405e+11  109    1 8.7526e+11 8.7394e+11  0.15%  12.3 1337s
 124963 53867 8.7461e+11  143    1 8.7526e+11 8.7394e+11  0.15%  12.3 1343s
 125994 53971 8.7464e+11  177    1 8.7526e+11 8.7394e+11  0.15%  12.2 1350s
 127016 54115 8.7470e+11  211    1 8.7526e+11 8.7394e+11  0.15%  12.2 1355s
 128077 54565 8.7481e+11  245    1 8.7526e+11 8.7394e+11  0.15%  12.1 1360s
 129156 55209 8.7408e+11   53    1 8.7526e+11 8.7394e+11  0.15%  12.1 1365s
 130244 55717 8.7417e+11   83    1 8.7526e+11 8.7394e+11  0.15%  12.0 1370s
 132420 55963 8.7435e+11  143    1 8.7526e+11 8.7394e+11  0.15%  11.9 1379s
 133508 56219 8.7482e+11  177    1 8.7526e+11 8.7394e+11  0.15%  11.9 1383s
 134596 56833 8.7488e+11  210    1 8.7526e+11 8.7394e+11  0.15%  11.8 1388s
 135684 57491 8.7398e+11   69    1 8.7526e+11 8.7394e+11  0.15%  11.8 1392s
 136772 57668 8.7402e+11  100    1 8.7526e+11 8.7394e+11  0.15%  11.7 1397s
 137860 57674 8.7413e+11  132    1 8.7526e+11 8.7394e+11  0.15%  11.7 1401s
 138937 57715 8.7462e+11  165    1 8.7526e+11 8.7394e+11  0.15%  11.7 1405s
 140013 57860 8.7471e+11  197    2 8.7526e+11 8.7394e+11  0.15%  11.6 1410s
 141094 58382 8.7476e+11  229    1 8.7526e+11 8.7394e+11  0.15%  11.8 1415s
 143270 59336 8.7406e+11   67    1 8.7526e+11 8.7394e+11  0.15%  11.7 1423s
 144358 59495 8.7443e+11   97    2 8.7526e+11 8.7394e+11  0.15%  11.6 1427s
 145438 59570 8.7435e+11  128    1 8.7526e+11 8.7394e+11  0.15%  11.6 1431s
 146511 59682 8.7490e+11  161    1 8.7526e+11 8.7394e+11  0.15%  11.6 1438s
 147599 60135 8.7394e+11   43    1 8.7526e+11 8.7394e+11  0.15%  11.6 1442s
 148681 60791 8.7399e+11   77    1 8.7526e+11 8.7394e+11  0.15%  11.6 1446s
 149743 61357 8.7405e+11  111    1 8.7526e+11 8.7394e+11  0.15%  11.6 1451s
 150792 61744 8.7461e+11  145    1 8.7526e+11 8.7394e+11  0.15%  11.6 1455s
 151828 61953 8.7464e+11  179    1 8.7526e+11 8.7394e+11  0.15%  11.8 1460s
 152659 62203 8.7471e+11  213    1 8.7526e+11 8.7394e+11  0.15%  12.2 1465s
 153386 62437 8.7484e+11  247    1 8.7526e+11 8.7394e+11  0.15%  12.5 1470s
 154348 62964 8.7408e+11   47    1 8.7526e+11 8.7394e+11  0.15%  12.7 1476s
 155436 63553 8.7458e+11   68    1 8.7526e+11 8.7394e+11  0.15%  12.7 1481s
 156515 63967 8.7518e+11   76    1 8.7526e+11 8.7394e+11  0.15%  12.6 1487s
 157602 64056 8.7396e+11   48    1 8.7526e+11 8.7394e+11  0.15%  12.6 1491s
 158690 64158 8.7399e+11   82    1 8.7526e+11 8.7394e+11  0.15%  12.5 1496s
 159766 64675 8.7407e+11  116    1 8.7526e+11 8.7394e+11  0.15%  12.5 1500s
 160850 65338 8.7461e+11  150    1 8.7526e+11 8.7394e+11  0.15%  12.5 1505s
 161924 66158 8.7464e+11  184    1 8.7526e+11 8.7394e+11  0.15%  12.5 1510s
 162997 66976 8.7476e+11  218    1 8.7526e+11 8.7394e+11  0.15%  12.5 1515s
 164080 67841 8.7485e+11  252    2 8.7526e+11 8.7394e+11  0.15%  12.4 1521s
 165151 67920 8.7398e+11   63    1 8.7526e+11 8.7395e+11  0.15%  12.5 1536s
 165247 68563 8.7398e+11   66    1 8.7526e+11 8.7395e+11  0.15%  12.5 1542s
 166101 69222 8.7403e+11  100    1 8.7526e+11 8.7395e+11  0.15%  12.7 1546s
 166947 69825 8.7414e+11  134    1 8.7526e+11 8.7395e+11  0.15%  13.1 1551s
 167908 70709 8.7457e+11  160    1 8.7526e+11 8.7395e+11  0.15%  13.2 1556s
 168950 71524 8.7465e+11  194    1 8.7526e+11 8.7395e+11  0.15%  13.3 1561s
 170014 72350 8.7470e+11  228    1 8.7526e+11 8.7395e+11  0.15%  13.2 1566s
 171102 73200 8.7520e+11  254    1 8.7526e+11 8.7395e+11  0.15%  13.2 1572s
 172169 74061 8.7401e+11   68    1 8.7526e+11 8.7396e+11  0.15%  13.2 1577s
 173224 74913 8.7405e+11   98    1 8.7526e+11 8.7396e+11  0.15%  13.2 1582s
 174311 75662 8.7437e+11  132    1 8.7526e+11 8.7396e+11  0.15%  13.2 1587s
 175387 76405 8.7465e+11  162    1 8.7526e+11 8.7396e+11  0.15%  13.2 1596s
 176459 76998 8.7474e+11  196    1 8.7526e+11 8.7396e+11  0.15%  13.2 1601s
 177373 77521 infeasible  228      8.7526e+11 8.7396e+11  0.15%  13.5 1607s
 178188 78064 8.7408e+11   51    1 8.7526e+11 8.7396e+11  0.15%  13.7 1613s
 179250 78909 8.7441e+11   85    2 8.7526e+11 8.7396e+11  0.15%  13.7 1619s
 180337 79727 8.7454e+11  118    1 8.7526e+11 8.7396e+11  0.15%  13.6 1625s
 181395 80563 8.7458e+11  151    1 8.7526e+11 8.7396e+11  0.15%  13.6 1631s
 182483 81252 8.7470e+11  184    1 8.7526e+11 8.7396e+11  0.15%  13.6 1635s
 183571 81835 8.7400e+11   65    1 8.7526e+11 8.7396e+11  0.15%  13.6 1641s
 184659 82465 8.7408e+11   99    1 8.7526e+11 8.7396e+11  0.15%  13.5 1645s
 186812 83864 8.7428e+11  167    2 8.7526e+11 8.7396e+11  0.15%  13.5 1654s
 187880 84613 8.7458e+11  188    1 8.7526e+11 8.7396e+11  0.15%  13.5 1658s
 188898 85442 8.7461e+11  222    1 8.7526e+11 8.7396e+11  0.15%  13.6 1662s
 189940 86236 8.7469e+11  256    1 8.7526e+11 8.7396e+11  0.15%  13.6 1667s
 190962 86837 8.7400e+11   55    1 8.7526e+11 8.7396e+11  0.15%  13.7 1672s
 191950 87518 8.7403e+11   89    1 8.7526e+11 8.7396e+11  0.15%  13.8 1677s
 192954 88285 8.7410e+11  123    1 8.7526e+11 8.7396e+11  0.15%  13.9 1682s
 194017 89157 8.7465e+11  157    1 8.7526e+11 8.7396e+11  0.15%  13.8 1686s
 195104 89851 8.7470e+11  191    1 8.7526e+11 8.7396e+11  0.15%  13.8 1691s
 196188 90553 8.7479e+11  225    1 8.7526e+11 8.7396e+11  0.15%  13.8 1697s
 197241 91360 8.7396e+11   51    1 8.7526e+11 8.7396e+11  0.15%  13.8 1703s
 198264 92226 8.7399e+11   85    1 8.7526e+11 8.7396e+11  0.15%  13.8 1708s
 199292 93131 8.7410e+11  119    1 8.7526e+11 8.7396e+11  0.15%  13.9 1712s
 200368 93771 8.7419e+11  153    2 8.7526e+11 8.7396e+11  0.15%  13.9 1718s
 201297 94509 8.7427e+11  172    3 8.7526e+11 8.7396e+11  0.15%  14.0 1724s
 202202 95172 8.7464e+11  190    3 8.7526e+11 8.7396e+11  0.15%  14.2 1730s
 203164 95928 8.7517e+11  213    1 8.7526e+11 8.7396e+11  0.15%  14.4 1736s
 204155 96696 8.7408e+11   51    1 8.7526e+11 8.7396e+11  0.15%  14.4 1741s
 205208 97450 8.7426e+11   82    1 8.7526e+11 8.7396e+11  0.15%  14.4 1748s
 206283 98199 8.7433e+11  112    1 8.7526e+11 8.7396e+11  0.15%  14.4 1753s
 207335 98832 8.7479e+11  141    2 8.7526e+11 8.7396e+11  0.15%  14.4 1757s
 208423 99485 8.7491e+11  172    1 8.7526e+11 8.7396e+11  0.15%  14.4 1762s
 209511 100182 8.7413e+11   55    1 8.7526e+11 8.7396e+11  0.15%  14.3 1766s
 210599 100934 8.7416e+11   86    1 8.7526e+11 8.7396e+11  0.15%  14.3 1770s
 211687 101619 8.7424e+11  119    1 8.7526e+11 8.7396e+11  0.15%  14.2 1775s
 213863 102974 8.7481e+11  183    1 8.7526e+11 8.7396e+11  0.15%  14.1 1784s
 214951 103664 8.7397e+11   41    1 8.7526e+11 8.7396e+11  0.15%  14.1 1788s
 216026 104418 8.7427e+11   72    1 8.7526e+11 8.7396e+11  0.15%  14.0 1792s
 217082 105182 8.7422e+11  103    1 8.7526e+11 8.7396e+11  0.15%  14.1 1797s
 218106 105853 8.7431e+11  134    1 8.7526e+11 8.7396e+11  0.15%  14.1 1801s
 219132 106694 8.7481e+11  168    1 8.7526e+11 8.7396e+11  0.15%  14.1 1806s
 220220 107432 8.7488e+11  201    1 8.7526e+11 8.7396e+11  0.15%  14.1 1811s
 221295 108164 8.7400e+11   60    2 8.7526e+11 8.7396e+11  0.15%  14.1 1816s
 222350 108837 8.7402e+11   94    1 8.7526e+11 8.7396e+11  0.15%  14.1 1821s
 223392 109445 8.7414e+11  128    1 8.7526e+11 8.7396e+11  0.15%  14.1 1825s
 224435 110022 8.7423e+11  162    2 8.7526e+11 8.7396e+11  0.15%  14.1 1830s
 226559 111379 8.7460e+11  212    1 8.7526e+11 8.7396e+11  0.15%  14.1 1839s
 227618 112154 8.7467e+11  246    2 8.7526e+11 8.7396e+11  0.15%  14.1 1844s
 228691 112935 8.7397e+11   45    1 8.7526e+11 8.7396e+11  0.15%  14.1 1848s
 229779 113509 8.7402e+11   79    1 8.7526e+11 8.7396e+11  0.15%  14.0 1853s
 230860 114123 8.7409e+11  113    1 8.7526e+11 8.7396e+11  0.15%  14.0 1859s
 231870 114888 8.7464e+11  147    1 8.7526e+11 8.7396e+11  0.15%  14.1 1865s
 232852 115608 8.7467e+11  181    1 8.7526e+11 8.7396e+11  0.15%  14.1 1870s
 233882 116407 8.7474e+11  215    1 8.7526e+11 8.7396e+11  0.15%  14.1 1876s
 234953 117249 8.7397e+11   44    1 8.7526e+11 8.7396e+11  0.15%  14.1 1884s
 236029 117835 8.7402e+11   78    1 8.7526e+11 8.7396e+11  0.15%  14.1 1889s
 236952 118483 8.7408e+11  103    1 8.7526e+11 8.7396e+11  0.15%  14.1 1895s
 238004 118999 8.7418e+11  137    1 8.7526e+11 8.7396e+11  0.15%  14.1 1901s
 239039 119657 8.7467e+11  171    1 8.7526e+11 8.7396e+11  0.15%  14.1 1907s
 240102 120323 8.7474e+11  205    1 8.7526e+11 8.7396e+11  0.15%  14.1 1911s
 241189 121063 8.7484e+11  239    2 8.7526e+11 8.7396e+11  0.15%  14.1 1916s
 242274 121736 8.7410e+11   65    1 8.7526e+11 8.7396e+11  0.15%  14.1 1922s
 243301 122448 8.7412e+11   95    1 8.7526e+11 8.7396e+11  0.15%  14.1 1926s
 244365 123064 8.7419e+11  125    1 8.7526e+11 8.7396e+11  0.15%  14.1 1931s
 245453 123688 8.7474e+11  158    1 8.7526e+11 8.7396e+11  0.15%  14.0 1935s
 246541 124413 8.7483e+11  191    1 8.7526e+11 8.7396e+11  0.15%  14.0 1941s
 247629 125222 infeasible  224      8.7526e+11 8.7396e+11  0.15%  14.0 1948s
 248709 125248 8.7420e+11   65    1 8.7526e+11 8.7396e+11  0.15%  13.9 1994s
 248741 125909 8.7420e+11   66    1 8.7526e+11 8.7396e+11  0.15%  13.9 2000s
 249781 126450 8.7423e+11   97    1 8.7526e+11 8.7396e+11  0.15%  14.0 2007s
 250793 127083 8.7429e+11  125    1 8.7526e+11 8.7396e+11  0.15%  14.0 2013s
 251874 127679 8.7485e+11  156    1 8.7526e+11 8.7396e+11  0.15%  14.0 2018s
 252960 128441 8.7487e+11  190    1 8.7526e+11 8.7396e+11  0.15%  13.9 2025s
 254032 129344 8.7396e+11   47    1 8.7526e+11 8.7396e+11  0.15%  13.9 2032s
 255064 130117 8.7399e+11   81    1 8.7526e+11 8.7396e+11  0.15%  13.9 2038s
 256032 130747 8.7406e+11  115    1 8.7526e+11 8.7396e+11  0.15%  14.0 2043s
 257001 131241 8.7419e+11  149    1 8.7526e+11 8.7396e+11  0.15%  14.1 2049s
 258006 131891 8.7427e+11  172    2 8.7526e+11 8.7396e+11  0.15%  14.2 2057s
 259052 132621 8.7457e+11  202    1 8.7526e+11 8.7396e+11  0.15%  14.2 2063s
 260129 133246 8.7459e+11  236    1 8.7526e+11 8.7396e+11  0.15%  14.1 2069s
 261202 133971 8.7466e+11  270    1 8.7526e+11 8.7396e+11  0.15%  14.1 2079s
 262250 134776 8.7415e+11   67    2 8.7526e+11 8.7396e+11  0.15%  14.1 2084s
 263338 135610 8.7417e+11   99    1 8.7526e+11 8.7396e+11  0.15%  14.0 2092s
 264402 136392 8.7425e+11  125    1 8.7526e+11 8.7396e+11  0.15%  14.0 2103s
 265468 136997 8.7480e+11  157    1 8.7526e+11 8.7396e+11  0.15%  14.0 2110s
 266555 137646 8.7482e+11  190    1 8.7526e+11 8.7396e+11  0.15%  14.0 2118s
 267621 138411 8.7405e+11   55    1 8.7526e+11 8.7396e+11  0.15%  14.0 2125s
 268680 139140 8.7439e+11   64    1 8.7526e+11 8.7396e+11  0.15%  13.9 2133s
 269722 139796 8.7497e+11   73    1 8.7526e+11 8.7396e+11  0.15%  13.9 2138s
 270755 140478 8.7396e+11   47    1 8.7526e+11 8.7396e+11  0.15%  13.9 2143s
 271818 141335 8.7423e+11   81    1 8.7526e+11 8.7396e+11  0.15%  14.0 2148s
 272894 142117 8.7425e+11  112    1 8.7526e+11 8.7396e+11  0.15%  13.9 2153s
 273964 142882 8.7432e+11  142    1 8.7526e+11 8.7396e+11  0.15%  14.0 2159s
 275046 143608 8.7489e+11  171    2 8.7526e+11 8.7396e+11  0.15%  13.9 2163s
 276106 144306 8.7399e+11   54    1 8.7526e+11 8.7396e+11  0.15%  13.9 2168s
 277194 144744 8.7402e+11   88    1 8.7526e+11 8.7396e+11  0.15%  13.9 2185s
 277910 145461 8.7409e+11  110    2 8.7526e+11 8.7396e+11  0.15%  13.9 2190s
 278955 146349 8.7419e+11  144    1 8.7526e+11 8.7396e+11  0.15%  14.0 2196s
 279981 147159 8.7429e+11  173    2 8.7526e+11 8.7396e+11  0.15%  14.0 2202s
 280997 147737 8.7467e+11  194    2 8.7526e+11 8.7396e+11  0.15%  14.1 2209s
 282054 148329 8.7522e+11  219    1 8.7526e+11 8.7396e+11  0.15%  14.1 2215s
 283141 149149 8.7415e+11   64    1 8.7526e+11 8.7396e+11  0.15%  14.0 2220s
 284229 149975 8.7424e+11   98    1 8.7526e+11 8.7396e+11  0.15%  14.0 2225s
 285317 150652 8.7426e+11  129    1 8.7526e+11 8.7396e+11  0.15%  14.0 2230s
 286394 151271 8.7434e+11  159    1 8.7526e+11 8.7396e+11  0.15%  14.0 2235s
 287473 151944 8.7493e+11  191    1 8.7526e+11 8.7396e+11  0.15%  14.0 2240s
 288492 152734 8.7398e+11   73    1 8.7526e+11 8.7396e+11  0.15%  14.0 2246s
 289455 153475 8.7406e+11  107    1 8.7526e+11 8.7396e+11  0.15%  14.1 2251s
 290370 154288 8.7416e+11  139    2 8.7526e+11 8.7396e+11  0.15%  14.1 2257s
 291453 154975 8.7426e+11  168    2 8.7526e+11 8.7396e+11  0.15%  14.1 2262s
 292538 155660 8.7456e+11  199    1 8.7526e+11 8.7396e+11  0.15%  14.1 2266s
 293626 156422 8.7459e+11  233    2 8.7526e+11 8.7396e+11  0.15%  14.1 2274s
 294703 157221 8.7466e+11  267    1 8.7526e+11 8.7396e+11  0.15%  14.1 2278s
 295714 157994 8.7417e+11   64    1 8.7526e+11 8.7396e+11  0.15%  14.1 2284s
 296664 158664 8.7419e+11   93    1 8.7526e+11 8.7396e+11  0.15%  14.2 2289s
