Set parameter TokenServer to value "license-1.hpc.nrel.gov"
Set parameter TimeLimit to value 3600
Set parameter MIPGap to value 0.001
Set parameter MIPGap to value 0.001
Set parameter TimeLimit to value 3600
Gurobi Optimizer version 9.5.1 build v9.5.1rc2 (linux64)
Thread count: 36 physical cores, 36 logical processors, using up to 32 threads
Optimize a model with 84446 rows, 992940 columns and 2037872 nonzeros
Model fingerprint: 0x887e8b21
Variable types: 979004 continuous, 13936 integer (13936 binary)
Coefficient statistics:
  Matrix range     [1e+00, 1e+05]
  Objective range  [2e-01, 4e+08]
  Bounds range     [1e+05, 1e+08]
  RHS range        [8e-01, 2e+06]
Presolve removed 73460 rows and 56548 columns
Presolve time: 4.17s
Presolved: 10986 rows, 936392 columns, 1878948 nonzeros
Variable types: 933176 continuous, 3216 integer (3216 binary)

Deterministic concurrent LP optimizer: primal and dual simplex
Showing first log only...


Root simplex log...

Iteration    Objective       Primal Inf.    Dual Inf.      Time
       0    2.6772950e+11   8.197738e+05   1.859136e+10      7s
  150795    3.1859458e+11   1.022514e+05   5.404133e+10     10s
Concurrent spin time: 0.00s

Solved with dual simplex

Root relaxation: objective 4.401317e+11, 70538 iterations, 6.34 seconds (4.59 work units)

    Nodes    |    Current Node    |     Objective Bounds      |     Work
 Expl Unexpl |  Obj  Depth IntInf | Incumbent    BestBd   Gap | It/Node Time

     0     0 4.4013e+11    0    6          - 4.4013e+11      -     -   12s
H    0     0                    4.408010e+11 4.4013e+11  0.15%     -   12s
     0     0 4.4013e+11    0    3 4.4080e+11 4.4013e+11  0.15%     -   15s
     0     0 4.4013e+11    0    3 4.4080e+11 4.4013e+11  0.15%     -   18s
     0     2 4.4013e+11    0    3 4.4080e+11 4.4013e+11  0.15%     -   24s
     3     8 4.4013e+11    2    3 4.4080e+11 4.4013e+11  0.15%   6.0   25s
    95   128 4.4014e+11    7    3 4.4080e+11 4.4013e+11  0.15%   4.3   40s
   159   192 4.4015e+11    8    3 4.4080e+11 4.4013e+11  0.15%   4.3   84s
   191   224 4.4015e+11    9    3 4.4080e+11 4.4013e+11  0.15%   4.4   87s
   223   421 4.4015e+11   10    3 4.4080e+11 4.4013e+11  0.15%   4.6   91s
   420  1032 4.4016e+11   15    3 4.4080e+11 4.4013e+11  0.15%   4.4  102s
  1031  1782 4.4017e+11   32    3 4.4080e+11 4.4013e+11  0.15%   5.1  114s
  1784  2409 4.4018e+11   54    3 4.4080e+11 4.4013e+11  0.15%   5.5  124s
  2458  3021 4.4021e+11   73    3 4.4080e+11 4.4013e+11  0.15%   5.9  135s
  3145  3696 4.4024e+11   91    3 4.4080e+11 4.4013e+11  0.15%   5.9  145s
  4003  4199 4.4026e+11  109    3 4.4080e+11 4.4013e+11  0.15%   6.2  153s
  4842  4731 4.4028e+11  123    3 4.4080e+11 4.4013e+11  0.15%   7.3  160s
  5620  5171 4.4030e+11  133    6 4.4080e+11 4.4013e+11  0.15%   9.0  167s
  6363  5646 4.4031e+11  141    6 4.4080e+11 4.4013e+11  0.15%  12.2  173s
  7065  6281 4.4031e+11  150    3 4.4080e+11 4.4013e+11  0.15%  14.1  181s
  7850  6782 4.4048e+11  161    3 4.4080e+11 4.4013e+11  0.15%  16.8  197s
  8496  6832 4.4072e+11  174    3 4.4080e+11 4.4013e+11  0.15%  19.2  251s
  8596  7430 4.4072e+11  177    3 4.4080e+11 4.4013e+11  0.15%  19.1  256s
  9652  8169 4.4076e+11  210    6 4.4080e+11 4.4013e+11  0.15%  17.7  261s
 10709  8170 4.4014e+11    7    3 4.4080e+11 4.4013e+11  0.15%  16.6  282s
 10711  8171 4.4075e+11  126    2 4.4080e+11 4.4013e+11  0.15%  16.6  289s
 10712  8172 4.4037e+11  127    1 4.4080e+11 4.4013e+11  0.15%  16.6  293s
 10714  8173 4.4024e+11   50    1 4.4080e+11 4.4013e+11  0.15%  16.6  296s
 10729  8200 4.4014e+11   15    1 4.4080e+11 4.4013e+11  0.15%  18.3  300s
 10809  8270 4.4015e+11   17    1 4.4080e+11 4.4013e+11  0.15%  18.2  313s
 10873  8312 4.4015e+11   18    1 4.4080e+11 4.4013e+11  0.15%  18.1  315s
 10905  8334 4.4014e+11   19    1 4.4080e+11 4.4013e+11  0.15%  18.1  332s
 11000  8642 4.4015e+11   20    1 4.4080e+11 4.4013e+11  0.15%  17.9  336s
 11277  9103 4.4018e+11   24    1 4.4080e+11 4.4013e+11  0.15%  17.6  343s
 11830  9458 4.4020e+11   34    1 4.4080e+11 4.4013e+11  0.15%  17.0  351s
 12370  9744 4.4020e+11   46    1 4.4080e+11 4.4013e+11  0.15%  16.5  358s
 12836  9621 4.4021e+11   54    1 4.4080e+11 4.4013e+11  0.15%  16.1  375s
 12868 10263 4.4016e+11   55    1 4.4080e+11 4.4013e+11  0.15%  16.1  383s
 13590 10707 4.4023e+11   71    1 4.4080e+11 4.4013e+11  0.15%  15.6  392s
 14399 11196 4.4020e+11   96    1 4.4080e+11 4.4013e+11  0.15%  14.9  400s
 15436 11477 4.4047e+11  126    1 4.4080e+11 4.4013e+11  0.15%  14.4  406s
 16459 11684 4.4063e+11  155    1 4.4080e+11 4.4013e+11  0.15%  14.0  414s
 17465 11931 4.4052e+11  182    1 4.4080e+11 4.4013e+11  0.15%  13.9  420s
 18450 12314 4.4055e+11  209    1 4.4080e+11 4.4013e+11  0.15%  14.9  426s
 19392 12821 4.4079e+11  233    1 4.4080e+11 4.4013e+11  0.15%  16.4  433s
 20359 13364 4.4016e+11   44    1 4.4080e+11 4.4013e+11  0.15%  17.2  440s
 21447 13829 4.4018e+11   78    1 4.4080e+11 4.4013e+11  0.15%  16.7  446s
 22535 13521 4.4021e+11  112    1 4.4080e+11 4.4013e+11  0.15%  16.5  496s
 22623 14098 4.4026e+11  120    1 4.4080e+11 4.4013e+11  0.15%  16.5  502s
 23710 13746 4.4049e+11  154    1 4.4080e+11 4.4013e+11  0.15%  16.3  519s
 23742 14209 4.4049e+11  155    1 4.4080e+11 4.4013e+11  0.15%  16.3  527s
 24829 14667 4.4053e+11  189    1 4.4080e+11 4.4013e+11  0.15%  16.1  534s
 25917 15227 4.4058e+11  223    2 4.4080e+11 4.4013e+11  0.15%  15.7  542s
 27005 15874 4.4014e+11   23    1 4.4080e+11 4.4013e+11  0.15%  15.5  548s
 28093 16220 4.4016e+11   48    1 4.4080e+11 4.4013e+11  0.15%  15.2  552s
 29174 16558 4.4019e+11   70    1 4.4080e+11 4.4013e+11  0.15%  14.9  562s
 30262 16963 4.4020e+11   86    1 4.4080e+11 4.4013e+11  0.15%  14.6  568s
 31335 17311 4.4025e+11  120    2 4.4080e+11 4.4013e+11  0.15%  14.7  575s
 32340 17902 4.4029e+11  147    2 4.4080e+11 4.4013e+11  0.15%  15.9  580s
 34468 18836 4.4043e+11  192    1 4.4080e+11 4.4013e+11  0.15%  16.0  589s
 35542 19227 4.4046e+11  226    2 4.4080e+11 4.4013e+11  0.15%  15.9  594s
 36615 20229 4.4017e+11   26    1 4.4080e+11 4.4014e+11  0.15%  15.6  598s
 37702 21142 4.4041e+11   60    1 4.4080e+11 4.4014e+11  0.15%  15.3  603s
 38788 21784 4.4066e+11   94    2 4.4080e+11 4.4014e+11  0.15%  15.1  609s
 39844 22578 4.4076e+11  128    1 4.4080e+11 4.4014e+11  0.15%  14.9  615s
 40915 23407 4.4016e+11   35    1 4.4080e+11 4.4014e+11  0.15%  14.7  620s
 41995 24179 4.4017e+11   69    1 4.4080e+11 4.4014e+11  0.15%  14.5  625s
 43083 24671 4.4021e+11  103    1 4.4080e+11 4.4014e+11  0.15%  14.3  630s
 44171 25267 4.4048e+11  137    2 4.4080e+11 4.4014e+11  0.15%  14.2  635s
 45259 25913 4.4050e+11  171    1 4.4080e+11 4.4014e+11  0.15%  14.0  640s
 46337 26661 4.4055e+11  205    1 4.4080e+11 4.4014e+11  0.15%  14.2  646s
 47425 27576 infeasible  232      4.4080e+11 4.4014e+11  0.15%  14.3  652s
 48513 28324 4.4016e+11   51    1 4.4080e+11 4.4014e+11  0.15%  14.1  656s
 49600 28912 4.4020e+11   85    1 4.4080e+11 4.4014e+11  0.15%  14.1  662s
 50670 29850 4.4046e+11  119    1 4.4080e+11 4.4014e+11  0.15%  14.2  668s
 51754 30844 4.4049e+11  153    1 4.4080e+11 4.4014e+11  0.15%  14.1  675s
 52825 31610 4.4052e+11  187    2 4.4080e+11 4.4014e+11  0.15%  14.0  684s
 53789 32016 4.4058e+11  221    1 4.4080e+11 4.4014e+11  0.15%  13.8  689s
 54867 32591 4.4016e+11   34    2 4.4080e+11 4.4014e+11  0.15%  13.6  694s
 55955 33309 4.4018e+11   68    1 4.4080e+11 4.4014e+11  0.15%  13.5  700s
 57035 33980 4.4021e+11  102    1 4.4080e+11 4.4014e+11  0.15%  13.4  706s
 58123 33981 4.4033e+11  103    3 4.4080e+11 4.4014e+11  0.15%  13.4  738s
 58125 33982 4.4032e+11  121    2 4.4080e+11 4.4014e+11  0.15%  13.4  746s
 58126 33983 4.4034e+11   46    1 4.4080e+11 4.4014e+11  0.15%  13.4  750s
 58128 33984 4.4060e+11  156    1 4.4080e+11 4.4014e+11  0.15%  13.4  758s
 58129 33988 4.4014e+11   23    1 4.4080e+11 4.4014e+11  0.15%  13.7  761s
 58191 34059 4.4014e+11   28    1 4.4080e+11 4.4014e+11  0.15%  13.7  765s
 58287 34123 4.4015e+11   29    1 4.4080e+11 4.4014e+11  0.15%  13.7  785s
 58351 34166 4.4015e+11   30    1 4.4080e+11 4.4014e+11  0.15%  13.7  824s
 58383 34187 4.4015e+11   31    1 4.4080e+11 4.4014e+11  0.15%  13.7  859s
 58415 34481 4.4015e+11   31    1 4.4080e+11 4.4014e+11  0.15%  13.7  863s
 58719 35246 4.4015e+11   36    1 4.4080e+11 4.4014e+11  0.15%  13.6  875s
 59586 35750 4.4020e+11   51    1 4.4080e+11 4.4014e+11  0.15%  13.5  884s
 60383 35961 4.4022e+11   68    1 4.4080e+11 4.4014e+11  0.15%  13.4  891s
 60910 36401 4.4022e+11   78    1 4.4080e+11 4.4014e+11  0.15%  13.4  901s
 61642 36937 4.4019e+11  100    1 4.4080e+11 4.4014e+11  0.15%  13.3  908s
 62686 37194 4.4046e+11  130    1 4.4080e+11 4.4014e+11  0.15%  13.1  914s
 63720 37377 4.4049e+11  159    1 4.4080e+11 4.4014e+11  0.15%  13.0  924s
 64731 37715 4.4052e+11  188    2 4.4080e+11 4.4014e+11  0.15%  13.0  931s
 65737 38092 4.4055e+11  221    1 4.4080e+11 4.4014e+11  0.15%  13.1  938s
 66681 38688 4.4014e+11   30    1 4.4080e+11 4.4014e+11  0.15%  13.4  943s
 67706 39203 4.4021e+11   64    2 4.4080e+11 4.4014e+11  0.15%  13.5  950s
 68794 39525 4.4026e+11   98    1 4.4080e+11 4.4014e+11  0.15%  13.5  966s
 69624 39917 4.4050e+11  124    1 4.4080e+11 4.4014e+11  0.15%  13.6  973s
 70710 40226 4.4060e+11  157    1 4.4080e+11 4.4014e+11  0.15%  13.7  977s
 71798 40577 4.4015e+11   40    1 4.4080e+11 4.4014e+11  0.15%  13.6  981s
 72886 40981 4.4036e+11   74    1 4.4080e+11 4.4014e+11  0.15%  13.5  986s
 73974 41110 4.4058e+11  108    1 4.4080e+11 4.4014e+11  0.15%  13.4  990s
 76150 41966 4.4029e+11   65    1 4.4080e+11 4.4014e+11  0.15%  13.3  998s
 77238 42313 4.4047e+11   99    1 4.4080e+11 4.4014e+11  0.15%  13.2 1003s
 78325 42799 4.4057e+11  133    1 4.4080e+11 4.4014e+11  0.15%  13.2 1009s
 79403 43234 4.4061e+11  166    1 4.4080e+11 4.4014e+11  0.15%  13.2 1015s
 80478 43524 4.4015e+11   47    1 4.4080e+11 4.4014e+11  0.15%  13.2 1021s
 81566 43908 4.4017e+11   81    1 4.4080e+11 4.4014e+11  0.15%  13.1 1025s
 82654 44586 4.4021e+11  115    1 4.4080e+11 4.4014e+11  0.15%  13.0 1030s
 84830 45371 4.4046e+11  175    1 4.4080e+11 4.4014e+11  0.15%  12.7 1038s
 85913 45396 4.4052e+11  209    1 4.4080e+11 4.4014e+11  0.15%  12.7 1043s
 86990 45437 4.4057e+11  243    1 4.4080e+11 4.4014e+11  0.15%  12.7 1050s
 88078 45711 4.4015e+11   36    1 4.4080e+11 4.4014e+11  0.15%  12.8 1055s
 90254 46951 4.4020e+11  104    1 4.4080e+11 4.4014e+11  0.15%  12.9 1063s
 91342 47267 4.4048e+11  138    1 4.4080e+11 4.4014e+11  0.15%  12.8 1067s
 92404 47295 4.4049e+11  172    1 4.4080e+11 4.4014e+11  0.15%  12.8 1072s
 93436 47489 4.4052e+11  206    1 4.4080e+11 4.4014e+11  0.15%  12.9 1076s
 94484 47845 4.4059e+11  240    1 4.4080e+11 4.4014e+11  0.15%  12.9 1080s
 95572 48353 4.4017e+11   51    1 4.4080e+11 4.4014e+11  0.15%  13.0 1085s
 97741 49332 4.4021e+11  119    1 4.4080e+11 4.4014e+11  0.15%  12.9 1093s
 98829 49441 4.4049e+11  153    1 4.4080e+11 4.4014e+11  0.15%  12.8 1097s
 99909 49505 4.4053e+11  187    2 4.4080e+11 4.4014e+11  0.15%  12.7 1101s
 100982 49699 4.4056e+11  221    1 4.4080e+11 4.4014e+11  0.15%  12.7 1106s
 102061 50079 4.4015e+11   34    2 4.4080e+11 4.4014e+11  0.15%  12.7 1111s
 103139 50699 4.4019e+11   68    1 4.4080e+11 4.4014e+11  0.15%  12.8 1115s
 104215 51262 4.4041e+11  102    1 4.4080e+11 4.4014e+11  0.15%  12.8 1120s
 105285 51590 4.4062e+11  136    1 4.4080e+11 4.4014e+11  0.15%  12.8 1126s
 106312 52209 4.4015e+11   33    1 4.4080e+11 4.4014e+11  0.15%  12.7 1130s
 107384 52901 4.4017e+11   67    1 4.4080e+11 4.4014e+11  0.15%  12.7 1135s
 109508 53475 4.4048e+11  135    1 4.4080e+11 4.4014e+11  0.15%  12.7 1144s
 110581 53856 4.4050e+11  169    1 4.4080e+11 4.4014e+11  0.15%  12.6 1148s
 111669 54330 4.4053e+11  203    1 4.4080e+11 4.4014e+11  0.15%  12.6 1153s
 112748 54756 4.4059e+11  237    1 4.4080e+11 4.4014e+11  0.15%  12.6 1160s
 113823 55414 4.4016e+11   52    1 4.4080e+11 4.4014e+11  0.15%  12.6 1166s
 114911 56136 4.4018e+11   86    1 4.4080e+11 4.4014e+11  0.15%  12.5 1171s
 115998 55947 4.4023e+11  120    1 4.4080e+11 4.4014e+11  0.15%  12.5 1188s
 116190 56595 4.4026e+11  126    1 4.4080e+11 4.4014e+11  0.15%  12.4 1193s
 117278 56242 4.4049e+11  160    1 4.4080e+11 4.4014e+11  0.15%  12.4 1230s
 117310 56537 4.4049e+11  161    1 4.4080e+11 4.4014e+11  0.15%  12.4 1235s
 118398 56522 4.4052e+11  195    1 4.4080e+11 4.4014e+11  0.15%  12.3 1240s
 119483 56654 4.4058e+11  229    3 4.4080e+11 4.4014e+11  0.15%  12.3 1246s
 120571 57097 4.4020e+11   42    1 4.4080e+11 4.4014e+11  0.15%  12.4 1251s
 121659 57689 4.4041e+11   76    1 4.4080e+11 4.4014e+11  0.15%  12.4 1256s
 122747 57962 4.4066e+11  110    1 4.4080e+11 4.4014e+11  0.15%  12.4 1261s
 123835 57617 4.4023e+11   54    1 4.4080e+11 4.4014e+11  0.15%  12.3 1318s
 123867 58495 4.4023e+11   55    1 4.4080e+11 4.4014e+11  0.15%  12.3 1323s
 124955 59077 4.4046e+11   89    1 4.4080e+11 4.4014e+11  0.15%  12.2 1328s
 126043 59499 4.4062e+11  123    1 4.4080e+11 4.4014e+11  0.15%  12.2 1333s
 127131 59639 4.4015e+11   37    1 4.4080e+11 4.4014e+11  0.15%  12.1 1338s
 128204 59851 4.4017e+11   71    1 4.4080e+11 4.4014e+11  0.15%  12.1 1343s
 129267 60170 4.4020e+11  105    1 4.4080e+11 4.4014e+11  0.15%  12.1 1348s
 130341 60401 4.4048e+11  139    1 4.4080e+11 4.4014e+11  0.15%  12.1 1354s
 131427 60857 4.4049e+11  173    1 4.4080e+11 4.4014e+11  0.15%  12.1 1359s
 132515 61306 4.4053e+11  207    1 4.4080e+11 4.4014e+11  0.15%  12.1 1363s
 133603 61654 4.4059e+11  241    1 4.4080e+11 4.4014e+11  0.15%  12.0 1368s
 134691 61880 4.4016e+11   55    1 4.4080e+11 4.4014e+11  0.15%  12.0 1373s
 135710 62345 4.4018e+11   89    1 4.4080e+11 4.4014e+11  0.15%  12.2 1379s
 136706 62847 4.4024e+11  123    1 4.4080e+11 4.4014e+11  0.15%  12.3 1384s
 137772 63361 4.4046e+11  150    1 4.4080e+11 4.4014e+11  0.15%  12.3 1390s
 138818 63761 4.4050e+11  184    2 4.4080e+11 4.4014e+11  0.15%  12.4 1395s
 139828 63990 4.4052e+11  218    1 4.4080e+11 4.4014e+11  0.15%  12.5 1401s
 140844 64153 4.4059e+11  252    2 4.4080e+11 4.4014e+11  0.15%  12.6 1406s
 141919 64601 4.4016e+11   48    1 4.4080e+11 4.4015e+11  0.15%  12.6 1410s
 143007 65115 4.4043e+11   82    1 4.4080e+11 4.4015e+11  0.15%  12.5 1416s
 144095 65519 4.4071e+11  116    1 4.4080e+11 4.4015e+11  0.15%  12.5 1421s
 145168 66048 4.4017e+11   54    2 4.4080e+11 4.4015e+11  0.15%  12.5 1429s
 146245 66693 4.4018e+11   88    1 4.4080e+11 4.4015e+11  0.15%  12.5 1434s
 147329 67213 4.4021e+11  122    1 4.4080e+11 4.4015e+11  0.15%  12.5 1439s
 148338 67463 4.4049e+11  156    1 4.4080e+11 4.4015e+11  0.15%  12.6 1445s
 149291 67639 4.4053e+11  190    1 4.4080e+11 4.4015e+11  0.15%  12.8 1450s
 150289 67846 4.4057e+11  224    1 4.4080e+11 4.4015e+11  0.15%  12.9 1455s
 151354 68348 4.4016e+11   41    1 4.4080e+11 4.4015e+11  0.15%  13.0 1460s
 153493 69642 4.4021e+11  109    1 4.4080e+11 4.4015e+11  0.15%  13.0 1469s
 154549 69961 4.4049e+11  143    1 4.4080e+11 4.4015e+11  0.15%  13.1 1474s
 155452 70162 4.4050e+11  177    1 4.4080e+11 4.4015e+11  0.15%  13.3 1479s
 156353 70369 4.4056e+11  211    1 4.4080e+11 4.4015e+11  0.15%  13.6 1484s
 157326 70887 4.4060e+11  245    1 4.4080e+11 4.4015e+11  0.15%  13.8 1489s
 158391 71581 4.4016e+11   62    1 4.4080e+11 4.4015e+11  0.15%  13.8 1495s
 159475 72285 4.4020e+11   96    1 4.4080e+11 4.4015e+11  0.15%  13.7 1500s
 160559 73016 4.4025e+11  130    3 4.4080e+11 4.4015e+11  0.15%  13.8 1505s
 161550 73924 4.4029e+11  160    4 4.4080e+11 4.4015e+11  0.15%  14.0 1510s
 163424 74632 4.4074e+11  120    1 4.4080e+11 4.4015e+11  0.15%  14.4 1515s
 163458 75037 4.4015e+11   36    1 4.4080e+11 4.4015e+11  0.15%  14.4 1520s
 164505 75941 4.4017e+11   70    1 4.4080e+11 4.4015e+11  0.15%  14.5 1525s
 166663 77876 4.4026e+11  138    1 4.4080e+11 4.4015e+11  0.15%  14.4 1534s
 167744 78320 4.4029e+11  165    2 4.4080e+11 4.4015e+11  0.15%  14.4 1538s
 168775 78914 4.4048e+11  186    1 4.4080e+11 4.4015e+11  0.15%  14.5 1543s
 169803 79624 4.4019e+11   43    1 4.4080e+11 4.4015e+11  0.15%  14.5 1547s
 170882 80543 4.4023e+11   77    1 4.4080e+11 4.4015e+11  0.15%  14.5 1552s
 171970 81149 4.4059e+11  111    1 4.4080e+11 4.4015e+11  0.15%  14.5 1557s
 172867 81941 4.4063e+11  145    1 4.4080e+11 4.4015e+11  0.15%  14.4 1561s
 173941 82559 4.4029e+11   62    1 4.4080e+11 4.4015e+11  0.15%  14.4 1565s
 175010 83260 4.4052e+11   96    1 4.4080e+11 4.4015e+11  0.15%  14.4 1573s
 176030 83969 4.4069e+11  130    2 4.4080e+11 4.4015e+11  0.15%  14.5 1579s
 177092 84815 4.4017e+11   48    1 4.4080e+11 4.4015e+11  0.15%  14.5 1583s
 178166 85617 4.4018e+11   82    1 4.4080e+11 4.4015e+11  0.15%  14.5 1589s
 179213 86539 4.4024e+11  116    1 4.4080e+11 4.4015e+11  0.15%  14.6 1593s
 180277 87274 4.4028e+11  150    1 4.4080e+11 4.4015e+11  0.15%  14.6 1599s
 181354 87931 4.4032e+11  175    2 4.4080e+11 4.4015e+11  0.15%  14.6 1605s
 182411 88657     cutoff  193      4.4080e+11 4.4015e+11  0.15%  14.6 1611s
 183468 89497 4.4078e+11  221    1 4.4080e+11 4.4015e+11  0.15%  14.6 1616s
 184520 90292 4.4018e+11   58    1 4.4080e+11 4.4015e+11  0.15%  14.6 1622s
 185594 91087 4.4020e+11   92    1 4.4080e+11 4.4015e+11  0.15%  14.5 1627s
 186674 91655 4.4025e+11  126    1 4.4080e+11 4.4015e+11  0.15%  14.5 1632s
 187707 92183 4.4051e+11  160    1 4.4080e+11 4.4015e+11  0.15%  14.5 1637s
 188723 92692 4.4054e+11  194    1 4.4080e+11 4.4015e+11  0.15%  14.6 1652s
 189460 93578 4.4057e+11  217    2 4.4080e+11 4.4015e+11  0.15%  14.6 1657s
 190516 94557 4.4017e+11   42    1 4.4080e+11 4.4015e+11  0.15%  14.7 1662s
 191595 95231 4.4018e+11   76    1 4.4080e+11 4.4015e+11  0.15%  14.7 1667s
 192634 95923 4.4021e+11  110    1 4.4080e+11 4.4015e+11  0.15%  14.7 1671s
 193663 96742 4.4028e+11  144    1 4.4080e+11 4.4015e+11  0.15%  14.8 1675s
 194688 97501 4.4032e+11  173    2 4.4080e+11 4.4015e+11  0.15%  14.9 1680s
 195675 98253 4.4072e+11  191    1 4.4080e+11 4.4015e+11  0.15%  15.1 1685s
 197837 100191 4.4017e+11   53    1 4.4080e+11 4.4015e+11  0.15%  15.0 1693s
 198842 100832 4.4021e+11   87    2 4.4080e+11 4.4015e+11  0.15%  15.1 1698s
 199848 101440 4.4024e+11  121    1 4.4080e+11 4.4015e+11  0.15%  15.2 1703s
 200902 102153 4.4030e+11  155    3 4.4080e+11 4.4015e+11  0.15%  15.3 1707s
 201931 102970 4.4043e+11  174    1 4.4080e+11 4.4015e+11  0.15%  15.3 1711s
 203010 103828 4.4046e+11  208    1 4.4080e+11 4.4015e+11  0.15%  15.3 1715s
 204089 104514 4.4049e+11  242    1 4.4080e+11 4.4015e+11  0.15%  15.3 1722s
 205128 105369 4.4017e+11   38    2 4.4080e+11 4.4015e+11  0.15%  15.4 1727s
 206202 106278 4.4018e+11   72    1 4.4080e+11 4.4015e+11  0.15%  15.3 1731s
 207279 107206 4.4021e+11  106    1 4.4080e+11 4.4015e+11  0.15%  15.3 1735s
 209376 108798 4.4031e+11  165    4 4.4080e+11 4.4015e+11  0.15%  15.4 1744s
 210414 109456 4.4044e+11  186    1 4.4080e+11 4.4015e+11  0.15%  15.4 1749s
 211461 110112 4.4046e+11  220    2 4.4080e+11 4.4015e+11  0.15%  15.4 1755s
 212507 111047 4.4049e+11  254    1 4.4080e+11 4.4015e+11  0.15%  15.4 1760s
 213550 111966 4.4045e+11   48    2 4.4080e+11 4.4015e+11  0.15%  15.4 1766s
 214547 112920 4.4068e+11   59    1 4.4080e+11 4.4015e+11  0.15%  15.4 1771s
 215578 113772 4.4078e+11   74    1 4.4080e+11 4.4015e+11  0.15%  15.4 1776s
 216547 114720 4.4026e+11   57    1 4.4080e+11 4.4015e+11  0.15%  15.6 1781s
 217606 115466 4.4043e+11   91    1 4.4080e+11 4.4015e+11  0.15%  15.6 1785s
 218638 115942 4.4070e+11  125    2 4.4080e+11 4.4015e+11  0.15%  15.7 1790s
 219649 116819 4.4016e+11   47    1 4.4080e+11 4.4015e+11  0.15%  15.8 1795s
 221753 118721 4.4023e+11  115    1 4.4080e+11 4.4015e+11  0.15%  15.8 1803s
 222840 119562 4.4028e+11  149    1 4.4080e+11 4.4015e+11  0.15%  15.7 1807s
 223825 120300 4.4031e+11  172    1 4.4080e+11 4.4015e+11  0.15%  15.9 1812s
 224796 120996 4.4044e+11  201    1 4.4080e+11 4.4015e+11  0.15%  16.0 1816s
 225852 121581 4.4047e+11  235    2 4.4080e+11 4.4015e+11  0.15%  16.0 1820s
 228025 123600 4.4019e+11   71    1 4.4080e+11 4.4015e+11  0.15%  16.0 1828s
 229105 124426 4.4022e+11  105    1 4.4080e+11 4.4015e+11  0.15%  16.0 1833s
 230107 124833 4.4050e+11  139    1 4.4080e+11 4.4015e+11  0.15%  16.1 1837s
 231066 125361 4.4051e+11  173    1 4.4080e+11 4.4015e+11  0.15%  16.2 1841s
 232089 126175 4.4054e+11  207    1 4.4080e+11 4.4015e+11  0.15%  16.2 1846s
 233174 127245 infeasible  234      4.4080e+11 4.4015e+11  0.15%  16.2 1853s
 234259 128138 4.4019e+11   50    1 4.4080e+11 4.4015e+11  0.15%  16.1 1859s
 235339 128948 4.4018e+11   65    1 4.4080e+11 4.4015e+11  0.15%  16.1 1864s
 236405 129714 4.4021e+11   79    1 4.4080e+11 4.4015e+11  0.15%  16.0 1869s
 237429 130311 4.4021e+11   94    1 4.4080e+11 4.4015e+11  0.15%  16.1 1874s
 238457 131051 4.4021e+11  112    1 4.4080e+11 4.4015e+11  0.15%  16.1 1879s
 239540 132061 4.4034e+11  137    1 4.4080e+11 4.4015e+11  0.15%  16.0 1883s
 240621 132993 4.4040e+11  158    1 4.4080e+11 4.4015e+11  0.15%  16.0 1888s
 241690 133591 4.4042e+11  167    1 4.4080e+11 4.4015e+11  0.15%  16.0 1893s
 242743 134525 4.4033e+11  176    1 4.4080e+11 4.4015e+11  0.15%  16.0 1899s
 243807 135371 4.4072e+11  191    1 4.4080e+11 4.4015e+11  0.15%  15.9 1904s
 244827 136098     cutoff  218      4.4080e+11 4.4015e+11  0.15%  15.9 1910s
 245887 136916 4.4018e+11   56    1 4.4080e+11 4.4015e+11  0.15%  15.9 1915s
 246928 136945 4.4022e+11   90    2 4.4080e+11 4.4015e+11  0.15%  15.9 1958s
 246960 137773 4.4022e+11   91    1 4.4080e+11 4.4015e+11  0.15%  15.9 1965s
 247885 138562 4.4024e+11  125    1 4.4080e+11 4.4015e+11  0.15%  16.0 1970s
 248871 139221 4.4031e+11  158    2 4.4080e+11 4.4015e+11  0.15%  16.2 1975s
 249848 139907 4.4048e+11  181    1 4.4080e+11 4.4015e+11  0.15%  16.3 1983s
 250835 140543 4.4074e+11  203    1 4.4080e+11 4.4015e+11  0.15%  16.4 1990s
 251856 141300 4.4016e+11   36    1 4.4080e+11 4.4015e+11  0.15%  16.4 1996s
 252938 142208 4.4019e+11   70    1 4.4080e+11 4.4015e+11  0.15%  16.3 2000s
 254025 143104 4.4022e+11  104    1 4.4080e+11 4.4015e+11  0.15%  16.3 2006s
 255096 143682 4.4050e+11  138    1 4.4080e+11 4.4015e+11  0.15%  16.3 2012s
 256156 144214 4.4051e+11  172    1 4.4080e+11 4.4015e+11  0.15%  16.3 2017s
 257216 144721 4.4055e+11  206    1 4.4080e+11 4.4015e+11  0.15%  16.3 2025s
 258162 145458 infeasible  235      4.4080e+11 4.4015e+11  0.15%  16.4 2030s
 259161 146228 4.4018e+11   68    1 4.4080e+11 4.4015e+11  0.15%  16.5 2035s
 260224 147249 4.4022e+11  102    2 4.4080e+11 4.4015e+11  0.15%  16.5 2040s
 261312 148002 4.4027e+11  136    2 4.4080e+11 4.4015e+11  0.15%  16.4 2046s
 262317 148578 4.4031e+11  162    2 4.4080e+11 4.4015e+11  0.15%  16.5 2054s
 263309 149125 4.4048e+11  185    1 4.4080e+11 4.4015e+11  0.15%  16.5 2060s
 264347 149853 4.4075e+11  209    1 4.4080e+11 4.4015e+11  0.15%  16.6 2065s
