Set parameter TokenServer to value "license-1.hpc.nrel.gov"
Set parameter TimeLimit to value 3600
Set parameter MIPGap to value 0.001
Set parameter MIPGap to value 0.001
Set parameter TimeLimit to value 3600
Gurobi Optimizer version 9.5.1 build v9.5.1rc2 (linux64)
Thread count: 36 physical cores, 36 logical processors, using up to 32 threads
Optimize a model with 80158 rows, 992940 columns and 2033584 nonzeros
Model fingerprint: 0x5af84e33
Variable types: 979004 continuous, 13936 integer (13936 binary)
Coefficient statistics:
  Matrix range     [1e+00, 1e+05]
  Objective range  [2e-01, 4e+08]
  Bounds range     [1e+05, 1e+08]
  RHS range        [8e-01, 2e+06]
Presolve removed 68100 rows and 51188 columns
Presolve time: 4.90s
Presolved: 12058 rows, 941752 columns, 1889668 nonzeros
Variable types: 933176 continuous, 8576 integer (8576 binary)

Deterministic concurrent LP optimizer: primal and dual simplex
Showing first log only...


Root simplex log...

Iteration    Objective       Primal Inf.    Dual Inf.      Time
       0    2.5925812e+11   8.587989e+05   1.869542e+10      8s
  209181    3.1986087e+11   8.021617e+04   1.622793e+10     10s
Concurrent spin time: 0.00s

Solved with dual simplex

Root relaxation: objective 4.401317e+11, 73584 iterations, 6.51 seconds (4.95 work units)

    Nodes    |    Current Node    |     Objective Bounds      |     Work
 Expl Unexpl |  Obj  Depth IntInf | Incumbent    BestBd   Gap | It/Node Time

     0     0 4.4013e+11    0   14          - 4.4013e+11      -     -   13s
H    0     0                    4.408010e+11 4.4013e+11  0.15%     -   14s
     0     0 4.4013e+11    0    7 4.4080e+11 4.4013e+11  0.15%     -   17s
     0     0 4.4013e+11    0    7 4.4080e+11 4.4013e+11  0.15%     -   23s
     0     2 4.4013e+11    0    7 4.4080e+11 4.4013e+11  0.15%     -   29s
     1     4 4.4013e+11    1    7 4.4080e+11 4.4013e+11  0.15%  13.0   30s
    31    64 4.4014e+11    5    7 4.4080e+11 4.4013e+11  0.15%   9.7   35s
    95   128 4.4014e+11    7    7 4.4080e+11 4.4013e+11  0.15%  11.3   46s
   159   192 4.4015e+11    8    7 4.4080e+11 4.4013e+11  0.15%   9.3  104s
   179   192 4.4015e+11    9    7 4.4080e+11 4.4013e+11  0.15%  11.4  105s
   223   406 4.4015e+11   10    7 4.4080e+11 4.4013e+11  0.15%  12.9  112s
   405   973 4.4017e+11   15    7 4.4080e+11 4.4013e+11  0.15%  15.1  124s
   972  1229 4.4017e+11   34    7 4.4080e+11 4.4013e+11  0.15%  10.7  141s
  1228  2043 4.4017e+11   42    7 4.4080e+11 4.4013e+11  0.15%   9.9  158s
  2067  2872 4.4018e+11   65    7 4.4080e+11 4.4013e+11  0.15%   9.0  173s
  2937  3705 4.4024e+11   96    7 4.4080e+11 4.4013e+11  0.15%   8.9  186s
  3852  4390 4.4027e+11  129   14 4.4080e+11 4.4013e+11  0.15%   8.6  195s
  4851  4831 4.4059e+11  161    7 4.4080e+11 4.4013e+11  0.15%   8.2  201s
  5841  5392 4.4062e+11  194   14 4.4080e+11 4.4013e+11  0.15%   8.0  208s
  6819  6145 4.4016e+11   33    7 4.4080e+11 4.4013e+11  0.15%   8.9  215s
  7791  6968 4.4018e+11   66    7 4.4080e+11 4.4013e+11  0.15%  10.3  222s
  8761  7588 4.4023e+11   99    7 4.4080e+11 4.4013e+11  0.15%  10.4  229s
  9729  7589 4.4022e+11   35    7 4.4080e+11 4.4013e+11  0.15%  10.6  239s
  9730  7590 4.4021e+11   59    7 4.4080e+11 4.4013e+11  0.15%  10.6  240s
  9731  7590 4.4021e+11   45   10 4.4080e+11 4.4013e+11  0.15%  10.6  250s
  9733  7592 4.4030e+11   71    5 4.4080e+11 4.4013e+11  0.15%  10.6  255s
  9735  7596 4.4013e+11   16    5 4.4080e+11 4.4013e+11  0.15%  15.7  261s
  9765  7646 4.4014e+11   20    5 4.4080e+11 4.4013e+11  0.15%  15.7  265s
  9829  7689 4.4015e+11   21    5 4.4080e+11 4.4013e+11  0.15%  15.7  278s
  9861  7710 4.4014e+11   22    5 4.4080e+11 4.4013e+11  0.15%  15.7  280s
  9893  7731 4.4015e+11   22    5 4.4080e+11 4.4013e+11  0.15%  15.6  310s
 10002  7911 4.4015e+11   24    5 4.4080e+11 4.4013e+11  0.15%  15.7  315s
 10141  8394 4.4015e+11   27    5 4.4080e+11 4.4013e+11  0.15%  15.8  325s
 10670  8978 4.4019e+11   38    5 4.4080e+11 4.4013e+11  0.15%  15.4  339s
 11431  9421 4.4017e+11   54    5 4.4080e+11 4.4013e+11  0.15%  14.9  351s
 12153  9391 4.4021e+11   69    5 4.4080e+11 4.4013e+11  0.15%  14.4  367s
 12440 10229 4.4021e+11   70    5 4.4080e+11 4.4013e+11  0.15%  14.4  379s
 13394  9943 4.4022e+11   87    5 4.4080e+11 4.4013e+11  0.15%  13.8  408s
 13426 10685 4.4030e+11   87    4 4.4080e+11 4.4013e+11  0.15%  13.8  418s
 14441 10959 4.4023e+11  104    5 4.4080e+11 4.4013e+11  0.15%  13.4  427s
 15443 11095 4.4024e+11  121    4 4.4080e+11 4.4013e+11  0.15%  13.0  434s
 16423 11265 4.4027e+11  144    9 4.4080e+11 4.4013e+11  0.15%  12.8  440s
 17398 11572 4.4058e+11  175    4 4.4080e+11 4.4013e+11  0.15%  13.4  446s
 18376 12027 infeasible  201      4.4080e+11 4.4013e+11  0.15%  13.7  453s
 19348 12503 4.4022e+11   39    5 4.4080e+11 4.4013e+11  0.15%  13.8  460s
 20323 12708 4.4043e+11   72    5 4.4080e+11 4.4013e+11  0.15%  13.7  468s
 21296 12904 4.4057e+11  105    5 4.4080e+11 4.4013e+11  0.15%  13.6  476s
 22257 13260 4.4069e+11  130    4 4.4080e+11 4.4013e+11  0.15%  13.8  483s
 23313 12933 4.4014e+11   22    5 4.4080e+11 4.4013e+11  0.15%  13.8  506s
 23346 13017 4.4014e+11   23    5 4.4080e+11 4.4013e+11  0.15%  13.8  557s
 23447 13873 4.4014e+11   28    5 4.4080e+11 4.4013e+11  0.15%  13.8  563s
 24503 14328 4.4030e+11   61    5 4.4080e+11 4.4013e+11  0.15%  13.6  569s
 25559 14188 4.4054e+11   94    5 4.4080e+11 4.4013e+11  0.15%  13.4  583s
 25871 14902 4.4068e+11  103    5 4.4080e+11 4.4013e+11  0.15%  13.3  589s
 26927 15333 4.4070e+11  130    4 4.4080e+11 4.4013e+11  0.15%  13.1  596s
 27983 15785 4.4014e+11   24    5 4.4080e+11 4.4013e+11  0.15%  13.0  602s
 29039 16258 4.4016e+11   57    9 4.4080e+11 4.4013e+11  0.15%  12.8  610s
 30095 16612 4.4020e+11   90    9 4.4080e+11 4.4013e+11  0.15%  12.6  615s
 31149 17062 4.4046e+11  123    5 4.4080e+11 4.4013e+11  0.15%  12.7  620s
 33216 18155 4.4052e+11  189    8 4.4080e+11 4.4013e+11  0.15%  12.8  629s
 34238 18728 4.4057e+11  222   12 4.4080e+11 4.4013e+11  0.15%  12.9  635s
 35271 19273 4.4018e+11   33    5 4.4080e+11 4.4013e+11  0.15%  12.9  641s
 36323 19922 4.4037e+11   66   10 4.4080e+11 4.4013e+11  0.15%  12.8  647s
 37378 20612 4.4043e+11   99    5 4.4080e+11 4.4013e+11  0.15%  12.6  653s
 38428 21404 4.4078e+11  132    5 4.4080e+11 4.4013e+11  0.15%  12.9  659s
 39445 22230 4.4017e+11   45    5 4.4080e+11 4.4013e+11  0.15%  13.1  665s
 40479 23071 4.4018e+11   76    5 4.4080e+11 4.4013e+11  0.15%  13.0  671s
 41503 23891 4.4023e+11  103    5 4.4080e+11 4.4013e+11  0.15%  12.8  676s
 42539 24748 4.4027e+11  136    4 4.4080e+11 4.4013e+11  0.15%  12.8  681s
 43573 25535 4.4032e+11  169   12 4.4080e+11 4.4013e+11  0.15%  12.8  686s
 44622 26196 4.4056e+11  189    4 4.4080e+11 4.4013e+11  0.15%  12.8  691s
 45678 26917 4.4062e+11  222    4 4.4080e+11 4.4013e+11  0.15%  12.7  696s
 46734 27760 4.4031e+11   46    5 4.4080e+11 4.4014e+11  0.15%  12.8  700s
 47790 28380 4.4059e+11   79   10 4.4080e+11 4.4014e+11  0.15%  12.7  705s
 48844 28829 4.4067e+11  112    8 4.4080e+11 4.4014e+11  0.15%  12.6  713s
 49870 29419 4.4017e+11   29    5 4.4080e+11 4.4014e+11  0.15%  12.5  718s
 50926 30096 4.4028e+11   62    5 4.4080e+11 4.4014e+11  0.15%  12.5  723s
 51981 30115 4.4064e+11   94    5 4.4080e+11 4.4014e+11  0.15%  12.7  769s
 52017 30936 4.4064e+11   95    4 4.4080e+11 4.4014e+11  0.15%  12.7  775s
 53067 31597 4.4067e+11  126    4 4.4080e+11 4.4014e+11  0.15%  12.6  791s
 53867 32405 4.4017e+11   27    5 4.4080e+11 4.4014e+11  0.15%  12.5  796s
 54921 33137 4.4033e+11   60    5 4.4080e+11 4.4014e+11  0.15%  12.5  802s
 55974 33866 4.4042e+11   93    5 4.4080e+11 4.4014e+11  0.15%  12.5  809s
 57025 34767 4.4044e+11  122    5 4.4080e+11 4.4014e+11  0.15%  12.4  815s
 58079 34768 4.4034e+11  115    7 4.4080e+11 4.4014e+11  0.15%  12.4  861s
 58081 34769 4.4021e+11   43   10 4.4080e+11 4.4014e+11  0.15%  12.4  872s
 58082 34770 4.4056e+11  236    5 4.4080e+11 4.4014e+11  0.15%  12.4  877s
 58083 34771 4.4038e+11  127    5 4.4080e+11 4.4014e+11  0.15%  12.4  882s
 58084 34771 4.4049e+11   96    5 4.4080e+11 4.4014e+11  0.15%  12.4  886s
 58091 34785 4.4014e+11   28    5 4.4080e+11 4.4014e+11  0.15%  13.2  890s
 58179 34868 4.4015e+11   31    5 4.4080e+11 4.4014e+11  0.15%  13.2  907s
 58243 34910 4.4015e+11   32    5 4.4080e+11 4.4014e+11  0.15%  13.2  965s
 58330 34968 4.4015e+11   33    5 4.4080e+11 4.4014e+11  0.15%  13.2 1035s
 58567 35940 4.4016e+11   37    5 4.4080e+11 4.4014e+11  0.15%  13.2 1059s
 59413 36518 4.4017e+11   54    5 4.4080e+11 4.4014e+11  0.15%  13.1 1074s
 60274 36973 4.4021e+11   70    5 4.4080e+11 4.4014e+11  0.15%  13.0 1086s
 61128 37515 4.4018e+11   87    5 4.4080e+11 4.4014e+11  0.15%  13.0 1099s
 61999 37872 4.4026e+11  103    5 4.4080e+11 4.4014e+11  0.15%  12.9 1108s
 62954 38069 4.4027e+11  120    5 4.4080e+11 4.4014e+11  0.15%  12.9 1117s
 63880 38143 4.4028e+11  143    5 4.4080e+11 4.4014e+11  0.15%  12.8 1132s
 64570 37951 4.4041e+11  163    4 4.4080e+11 4.4014e+11  0.15%  12.8 1184s
 64636 38228 4.4041e+11  164    4 4.4080e+11 4.4014e+11  0.15%  12.8 1191s
 65528 38535 4.4032e+11  193    4 4.4080e+11 4.4014e+11  0.15%  13.1 1199s
 66446 39029 4.4017e+11   40    5 4.4080e+11 4.4014e+11  0.15%  13.2 1207s
 67444 39563 4.4038e+11   73    5 4.4080e+11 4.4014e+11  0.15%  13.4 1212s
 68500 39918 4.4049e+11  106    5 4.4080e+11 4.4014e+11  0.15%  13.7 1218s
 69556 40289 4.4058e+11  137    4 4.4080e+11 4.4014e+11  0.15%  13.8 1225s
 70598 40648 4.4023e+11   53    5 4.4080e+11 4.4014e+11  0.15%  14.0 1230s
 71654 40886 4.4049e+11   86   10 4.4080e+11 4.4014e+11  0.15%  13.9 1235s
 72710 41281 4.4068e+11  119    4 4.4080e+11 4.4014e+11  0.15%  13.9 1240s
 73766 41714 4.4072e+11  152    4 4.4080e+11 4.4014e+11  0.15%  13.8 1245s
 74822 42175 4.4016e+11   57    5 4.4080e+11 4.4014e+11  0.15%  13.8 1251s
 75878 42633 4.4018e+11   90    4 4.4080e+11 4.4014e+11  0.15%  13.8 1258s
 76910 42957 4.4023e+11  123    4 4.4080e+11 4.4014e+11  0.15%  14.0 1268s
 77909 43128 4.4048e+11  155    5 4.4080e+11 4.4014e+11  0.15%  14.1 1275s
 78955 43362 4.4052e+11  188    8 4.4080e+11 4.4014e+11  0.15%  14.1 1284s
 80004 43761 4.4055e+11  221    4 4.4080e+11 4.4014e+11  0.15%  14.0 1292s
 81060 44283 4.4014e+11   34    5 4.4080e+11 4.4014e+11  0.15%  14.0 1297s
 82116 43983 4.4016e+11   67    5 4.4080e+11 4.4014e+11  0.15%  14.0 1314s
 82171 44876 4.4017e+11   68    8 4.4080e+11 4.4014e+11  0.15%  14.0 1319s
 83227 45175 4.4020e+11  101    8 4.4080e+11 4.4014e+11  0.15%  13.9 1326s
 84273 45275 4.4046e+11  134    5 4.4080e+11 4.4014e+11  0.15%  13.9 1332s
 85296 45442 4.4049e+11  167    5 4.4080e+11 4.4014e+11  0.15%  14.0 1337s
 86312 45866 4.4052e+11  200    4 4.4080e+11 4.4014e+11  0.15%  14.1 1344s
 87361 46447 4.4058e+11  233    8 4.4080e+11 4.4014e+11  0.15%  14.4 1352s
 88417 46964 4.4015e+11   43    5 4.4080e+11 4.4014e+11  0.15%  14.3 1357s
 89467 47274 4.4017e+11   76    5 4.4080e+11 4.4014e+11  0.15%  14.3 1361s
 90523 47233 4.4020e+11  109    4 4.4080e+11 4.4014e+11  0.15%  14.2 1366s
 91576 47299 4.4026e+11  142    4 4.4080e+11 4.4014e+11  0.15%  14.1 1370s
 92622 47471 4.4029e+11  165    9 4.4080e+11 4.4014e+11  0.15%  14.1 1376s
 93648 47920 4.4047e+11  183    2 4.4080e+11 4.4014e+11  0.15%  14.3 1381s
 94685 48505 4.4016e+11   37    5 4.4080e+11 4.4014e+11  0.15%  14.4 1387s
 95726 48187 4.4032e+11   70    5 4.4080e+11 4.4014e+11  0.15%  14.3 1441s
 95758 49086 4.4032e+11   71   10 4.4080e+11 4.4014e+11  0.15%  14.3 1446s
 96797 49325 4.4048e+11  104   10 4.4080e+11 4.4014e+11  0.15%  14.2 1454s
 97833 49469 4.4065e+11  137    5 4.4080e+11 4.4014e+11  0.15%  14.2 1459s
 98889 49983 4.4069e+11  169    5 4.4080e+11 4.4014e+11  0.15%  14.1 1463s
 99945 50506 4.4016e+11   57    5 4.4080e+11 4.4014e+11  0.15%  14.1 1468s
 101001 50921 4.4017e+11   90    5 4.4080e+11 4.4014e+11  0.15%  14.0 1473s
 102053 51050 4.4021e+11  123    4 4.4080e+11 4.4014e+11  0.15%  14.0 1478s
 103070 51199 4.4048e+11  155    5 4.4080e+11 4.4014e+11  0.15%  14.0 1482s
 104061 51352 4.4052e+11  188    8 4.4080e+11 4.4014e+11  0.15%  14.1 1489s
 105056 51708 4.4055e+11  221    4 4.4080e+11 4.4014e+11  0.15%  14.2 1496s
 106103 52287 4.4014e+11   36    5 4.4080e+11 4.4014e+11  0.15%  14.2 1503s
 107140 52425 4.4017e+11   69    4 4.4080e+11 4.4014e+11  0.15%  14.1 1518s
 107684 53073 4.4017e+11   86    9 4.4080e+11 4.4014e+11  0.15%  14.1 1523s
 108740 53192 4.4021e+11  119    4 4.4080e+11 4.4014e+11  0.15%  14.0 1528s
 109796 53333 4.4048e+11  151    5 4.4080e+11 4.4014e+11  0.15%  14.0 1532s
 110852 53478 4.4050e+11  184    4 4.4080e+11 4.4014e+11  0.15%  13.9 1537s
 111908 53669 4.4055e+11  217    4 4.4080e+11 4.4014e+11  0.15%  13.9 1541s
 112963 54186 infeasible  249      4.4080e+11 4.4014e+11  0.15%  14.0 1546s
 114008 54739 4.4032e+11   64    5 4.4080e+11 4.4014e+11  0.15%  13.9 1551s
 115058 55121 4.4033e+11   97    5 4.4080e+11 4.4014e+11  0.15%  13.9 1556s
 116113 55577 4.4051e+11  130    4 4.4080e+11 4.4014e+11  0.15%  13.9 1562s
 117168 56121 4.4054e+11  160    4 4.4080e+11 4.4014e+11  0.15%  13.8 1570s
 118224 56647 4.4016e+11   49    5 4.4080e+11 4.4014e+11  0.15%  13.8 1575s
 119268 57124 4.4017e+11   82    5 4.4080e+11 4.4014e+11  0.15%  13.7 1580s
 121362 57503 4.4048e+11  148    5 4.4080e+11 4.4014e+11  0.15%  13.6 1589s
 122385 57716 4.4050e+11  181    5 4.4080e+11 4.4014e+11  0.15%  13.6 1594s
 123393 58060 4.4055e+11  214    4 4.4080e+11 4.4014e+11  0.15%  13.8 1599s
 124408 58511 4.4060e+11  247    4 4.4080e+11 4.4014e+11  0.15%  14.0 1605s
 125448 58957 4.4016e+11   60    5 4.4080e+11 4.4014e+11  0.15%  14.0 1611s
 126481 59326 4.4019e+11   93    4 4.4080e+11 4.4014e+11  0.15%  14.0 1616s
 127535 59433 4.4024e+11  126   12 4.4080e+11 4.4014e+11  0.15%  13.9 1620s
 129622 59745 4.4052e+11  191    8 4.4080e+11 4.4014e+11  0.15%  13.9 1629s
 130664 60029 4.4055e+11  224    4 4.4080e+11 4.4014e+11  0.15%  13.9 1635s
 131676 60613 4.4015e+11   39    5 4.4080e+11 4.4014e+11  0.15%  14.0 1642s
 132696 61108 4.4017e+11   72    4 4.4080e+11 4.4014e+11  0.15%  13.9 1649s
 133690 61516 4.4020e+11  105    4 4.4080e+11 4.4014e+11  0.15%  13.9 1654s
 134738 61610 4.4048e+11  137    5 4.4080e+11 4.4014e+11  0.15%  13.8 1659s
 135792 61837 4.4050e+11  170    5 4.4080e+11 4.4014e+11  0.15%  13.8 1664s
 136845 62077 4.4053e+11  203    4 4.4080e+11 4.4014e+11  0.15%  13.7 1669s
 137854 62584 4.4058e+11  236    4 4.4080e+11 4.4014e+11  0.15%  13.8 1674s
 138844 62254 4.4036e+11  177    7 4.4080e+11 4.4014e+11  0.15%  13.8 1675s
 138866 63116 4.4016e+11   55   10 4.4080e+11 4.4014e+11  0.15%  13.8 1681s
 139849 63593 4.4017e+11   88    4 4.4080e+11 4.4014e+11  0.15%  13.9 1689s
 140811 63840 4.4021e+11  121    4 4.4080e+11 4.4014e+11  0.15%  13.9 1695s
 141788 64047 4.4048e+11  153    5 4.4080e+11 4.4014e+11  0.15%  13.9 1701s
 142761 64339 4.4052e+11  186    8 4.4080e+11 4.4014e+11  0.15%  13.9 1707s
 143739 64761 4.4055e+11  219    8 4.4080e+11 4.4014e+11  0.15%  14.0 1713s
 144764 65262 infeasible  245      4.4080e+11 4.4014e+11  0.15%  14.0 1719s
 145791 65748 4.4018e+11   66    5 4.4080e+11 4.4015e+11  0.15%  14.0 1724s
 146823 66146 4.4022e+11   89    5 4.4080e+11 4.4015e+11  0.15%  13.9 1732s
 147879 66321 4.4024e+11  120    5 4.4080e+11 4.4015e+11  0.15%  13.9 1738s
 148879 66596 4.4027e+11  147    4 4.4080e+11 4.4015e+11  0.15%  13.8 1742s
 149934 66862 4.4032e+11  180   12 4.4080e+11 4.4015e+11  0.15%  13.8 1747s
 150967 67212 4.4053e+11  204    4 4.4080e+11 4.4015e+11  0.15%  13.8 1752s
 151977 67515 4.4060e+11  237    4 4.4080e+11 4.4015e+11  0.15%  13.8 1756s
 152999 67993 4.4016e+11   62    5 4.4080e+11 4.4015e+11  0.15%  13.9 1762s
 154035 68421 4.4018e+11   95    4 4.4080e+11 4.4015e+11  0.15%  13.9 1767s
 155042 68823 4.4024e+11  128    4 4.4080e+11 4.4015e+11  0.15%  14.0 1771s
 155997 69060 4.4049e+11  160    5 4.4080e+11 4.4015e+11  0.15%  14.1 1776s
 156954 69397 4.4053e+11  193    8 4.4080e+11 4.4015e+11  0.15%  14.1 1781s
 157988 69895 4.4056e+11  226    4 4.4080e+11 4.4015e+11  0.15%  14.2 1786s
 159040 70453 4.4017e+11   41    5 4.4080e+11 4.4015e+11  0.15%  14.2 1791s
 160080 70817 4.4037e+11   74    5 4.4080e+11 4.4015e+11  0.15%  14.2 1796s
 161118 71128 4.4063e+11  107    4 4.4080e+11 4.4015e+11  0.15%  14.1 1802s
 162131 71679 4.4067e+11  139    4 4.4080e+11 4.4015e+11  0.15%  14.2 1808s
 163150 72538 4.4018e+11   61    5 4.4080e+11 4.4015e+11  0.15%  14.2 1816s
 164153 73082 4.4020e+11   94    4 4.4080e+11 4.4015e+11  0.15%  14.1 1832s
 164729 73856 4.4022e+11  112    4 4.4080e+11 4.4015e+11  0.15%  14.2 1838s
 165669 74407 4.4050e+11  144    5 4.4080e+11 4.4015e+11  0.15%  14.3 1844s
 166610 74937 4.4051e+11  177    5 4.4080e+11 4.4015e+11  0.15%  14.4 1850s
 167658 75413 4.4057e+11  210    4 4.4080e+11 4.4015e+11  0.15%  14.3 1855s
 168711 76158 4.4017e+11   40    5 4.4080e+11 4.4015e+11  0.15%  14.3 1862s
 169762 76932 4.4018e+11   73    4 4.4080e+11 4.4015e+11  0.15%  14.3 1868s
 170811 77783 4.4022e+11  106    5 4.4080e+11 4.4015e+11  0.15%  14.3 1874s
 171827 78634 4.4050e+11  139    5 4.4080e+11 4.4015e+11  0.15%  14.4 1880s
 172763 79461 4.4051e+11  172    5 4.4080e+11 4.4015e+11  0.15%  14.5 1886s
 173701 80189 4.4054e+11  205    4 4.4080e+11 4.4015e+11  0.15%  14.7 1893s
 174719 80776 4.4060e+11  238    4 4.4080e+11 4.4015e+11  0.15%  14.7 1899s
 175774 81448 4.4039e+11   64    5 4.4080e+11 4.4015e+11  0.15%  14.7 1908s
 176826 82038 4.4051e+11   97    4 4.4080e+11 4.4015e+11  0.15%  14.7 1914s
 177858 82640 4.4055e+11  126    4 4.4080e+11 4.4015e+11  0.15%  14.7 1920s
 178897 83496 4.4016e+11   50    5 4.4080e+11 4.4015e+11  0.15%  14.7 1926s
 179953 84471 4.4024e+11   83    5 4.4080e+11 4.4015e+11  0.15%  14.7 1931s
 181009 85498 4.4040e+11  116    4 4.4080e+11 4.4015e+11  0.15%  14.6 1936s
 182065 86261 4.4044e+11  149    4 4.4080e+11 4.4015e+11  0.15%  14.6 1941s
 183121 86910 4.4016e+11   56    5 4.4080e+11 4.4015e+11  0.15%  14.5 1946s
 184171 87602 4.4020e+11   89    8 4.4080e+11 4.4015e+11  0.15%  14.5 1950s
 185214 88300 4.4022e+11  122    4 4.4080e+11 4.4015e+11  0.15%  14.5 1955s
 187263 89670 4.4033e+11  176    8 4.4080e+11 4.4015e+11  0.15%  14.5 1964s
 188268 90376 4.4046e+11  196    5 4.4080e+11 4.4015e+11  0.15%  14.5 1968s
 189301 91052 4.4051e+11  226    2 4.4080e+11 4.4015e+11  0.15%  14.6 1973s
 190338 91680 4.4016e+11   38    5 4.4080e+11 4.4015e+11  0.15%  14.6 1978s
 191353 92519 4.4018e+11   68    4 4.4080e+11 4.4015e+11  0.15%  14.6 1983s
 192352 93334 4.4022e+11  101    4 4.4080e+11 4.4015e+11  0.15%  14.6 1988s
 193331 94188 4.4045e+11  131    5 4.4080e+11 4.4015e+11  0.15%  14.6 1993s
 194367 94765 4.4048e+11  162    5 4.4080e+11 4.4015e+11  0.15%  14.7 1998s
 195392 95403 4.4051e+11  195    4 4.4080e+11 4.4015e+11  0.15%  14.7 2003s
 196403 96087 4.4057e+11  228    4 4.4080e+11 4.4015e+11  0.15%  14.7 2008s
 197349 96972 infeasible  255      4.4080e+11 4.4015e+11  0.15%  14.8 2013s
 198310 97855 4.4017e+11   64    5 4.4080e+11 4.4015e+11  0.15%  14.9 2017s
 199254 98737 4.4021e+11   97    8 4.4080e+11 4.4015e+11  0.15%  15.0 2022s
 200245 99534 4.4025e+11  130    4 4.4080e+11 4.4015e+11  0.15%  15.1 2027s
 201217 100220 4.4030e+11  160    6 4.4080e+11 4.4015e+11  0.15%  15.2 2032s
 202156 100799 4.4043e+11  182    4 4.4080e+11 4.4015e+11  0.15%  15.3 2037s
 203096 101664 4.4049e+11  203    5 4.4080e+11 4.4015e+11  0.15%  15.5 2042s
 204111 102568 4.4055e+11  234    2 4.4080e+11 4.4015e+11  0.15%  15.5 2047s
 205164 103519 4.4025e+11   59    5 4.4080e+11 4.4015e+11  0.15%  15.5 2057s
 206193 104149 4.4067e+11   92    5 4.4080e+11 4.4015e+11  0.15%  15.5 2062s
 207210 104878 4.4016e+11   51    5 4.4080e+11 4.4015e+11  0.15%  15.5 2068s
 208256 105693 4.4017e+11   84    4 4.4080e+11 4.4015e+11  0.15%  15.5 2073s
 209312 106545 4.4021e+11  117    4 4.4080e+11 4.4015e+11  0.15%  15.5 2078s
 210368 107344 4.4048e+11  149    5 4.4080e+11 4.4015e+11  0.15%  15.5 2083s
 211388 108087 4.4049e+11  182    5 4.4080e+11 4.4015e+11  0.15%  15.6 2088s
 212349 108772 4.4055e+11  215    4 4.4080e+11 4.4015e+11  0.15%  15.6 2094s
 213220 109559 4.4060e+11  248    8 4.4080e+11 4.4015e+11  0.15%  15.8 2099s
 214115 110389 4.4040e+11   65    5 4.4080e+11 4.4015e+11  0.15%  16.0 2105s
 215078 111225 4.4049e+11   98    5 4.4080e+11 4.4015e+11  0.15%  16.1 2110s
 216091 112067 4.4074e+11  131    4 4.4080e+11 4.4015e+11  0.15%  16.2 2115s
 217147 112923 4.4022e+11   75    5 4.4080e+11 4.4015e+11  0.15%  16.2 2120s
 218202 113568 4.4044e+11  108    5 4.4080e+11 4.4015e+11  0.15%  16.1 2125s
 219242 114103 4.4067e+11  141    9 4.4080e+11 4.4015e+11  0.15%  16.1 2130s
 220277 114901 4.4024e+11   48    5 4.4080e+11 4.4015e+11  0.15%  16.1 2135s
 221323 115867 4.4035e+11   81    5 4.4080e+11 4.4015e+11  0.15%  16.1 2140s
 222379 116699 4.4040e+11  114    5 4.4080e+11 4.4015e+11  0.15%  16.0 2145s
 223424 117431 4.4064e+11  144    4 4.4080e+11 4.4015e+11  0.15%  16.0 2150s
 224480 118321 4.4017e+11   48    5 4.4080e+11 4.4015e+11  0.15%  16.0 2155s
 225535 119228 4.4019e+11   81    5 4.4080e+11 4.4015e+11  0.15%  15.9 2160s
 226555 119957 4.4023e+11  114    4 4.4080e+11 4.4015e+11  0.15%  16.0 2165s
 227544 120531 4.4047e+11  141    5 4.4080e+11 4.4015e+11  0.15%  16.0 2170s
 228561 120968 4.4048e+11  174    5 4.4080e+11 4.4015e+11  0.15%  16.0 2175s
 229616 121558 4.4051e+11  207    4 4.4080e+11 4.4015e+11  0.15%  16.0 2180s
 230672 122209 4.4057e+11  239    4 4.4080e+11 4.4015e+11  0.15%  16.0 2186s
 231728 122945 4.4017e+11   47    5 4.4080e+11 4.4015e+11  0.15%  16.0 2192s
 232772 123722 4.4019e+11   80    4 4.4080e+11 4.4015e+11  0.15%  16.0 2197s
 233810 124460 4.4023e+11  113    4 4.4080e+11 4.4015e+11  0.15%  16.0 2203s
 234839 125070 4.4050e+11  145    5 4.4080e+11 4.4015e+11  0.15%  16.0 2213s
 235842 125688 4.4051e+11  178    5 4.4080e+11 4.4015e+11  0.15%  16.0 2219s
 236873 126531 4.4057e+11  211    4 4.4080e+11 4.4015e+11  0.15%  16.0 2225s
 237893 126623 4.4015e+11   38    5 4.4080e+11 4.4015e+11  0.15%  16.0 2240s
 237989 127611 4.4017e+11   41    5 4.4080e+11 4.4015e+11  0.15%  16.0 2246s
 239045 128414 4.4018e+11   74    5 4.4080e+11 4.4015e+11  0.15%  15.9 2253s
 240083 129051 4.4022e+11  107    8 4.4080e+11 4.4015e+11  0.15%  15.9 2260s
 241075 129619 4.4027e+11  140    4 4.4080e+11 4.4015e+11  0.15%  16.0 2267s
 241997 130158 4.4031e+11  168   12 4.4080e+11 4.4015e+11  0.15%  16.1 2273s
 243017 130848 4.4060e+11  199    5 4.4080e+11 4.4015e+11  0.15%  16.2 2279s
 244066 131622     cutoff  230      4.4080e+11 4.4015e+11  0.15%  16.2 2284s
 245122 132541 4.4015e+11   46    5 4.4080e+11 4.4015e+11  0.15%  16.1 2289s
 246178 133335 4.4031e+11   79   10 4.4080e+11 4.4015e+11  0.15%  16.1 2293s
 247207 133982 4.4056e+11  112    5 4.4080e+11 4.4015e+11  0.15%  16.1 2298s
 248169 134758 4.4064e+11  145    4 4.4080e+11 4.4015e+11  0.15%  16.2 2303s
 249134 135596 4.4020e+11   51    5 4.4080e+11 4.4015e+11  0.15%  16.3 2308s
 250179 136494 4.4051e+11   84    5 4.4080e+11 4.4015e+11  0.15%  16.3 2313s
 251229 137307 4.4068e+11  117    5 4.4080e+11 4.4015e+11  0.15%  16.3 2318s
 252226 137898 4.4072e+11  150    4 4.4080e+11 4.4015e+11  0.15%  16.3 2322s
 253263 138390 4.4018e+11   63    5 4.4080e+11 4.4015e+11  0.15%  16.3 2327s
 254319 138987 4.4020e+11   96    4 4.4080e+11 4.4015e+11  0.15%  16.3 2331s
 255375 139623 4.4025e+11  129    4 4.4080e+11 4.4015e+11  0.15%  16.3 2335s
 256421 140328 4.4050e+11  161    5 4.4080e+11 4.4015e+11  0.15%  16.3 2340s
 258466 141643 4.4060e+11  227    8 4.4080e+11 4.4015e+11  0.15%  16.3 2350s
 259462 142289 4.4021e+11   41    5 4.4080e+11 4.4015e+11  0.15%  16.3 2356s
 260458 143029 4.4038e+11   52    5 4.4080e+11 4.4015e+11  0.15%  16.3 2362s
 261430 143735 4.4054e+11   59    5 4.4080e+11 4.4015e+11  0.15%  16.3 2369s
 262377 144549 4.4080e+11   76    4 4.4080e+11 4.4015e+11  0.15%  16.4 2375s
 263424 145423 4.4016e+11   39    5 4.4080e+11 4.4015e+11  0.15%  16.4 2380s
 264435 146271 4.4019e+11   72    4 4.4080e+11 4.4015e+11  0.15%  16.4 2389s
 265428 146931 4.4022e+11  105    4 4.4080e+11 4.4015e+11  0.15%  16.4 2395s
 266469 147333 4.4050e+11  137    5 4.4080e+11 4.4015e+11  0.15%  16.4 2400s
 267507 147914 4.4051e+11  170    5 4.4080e+11 4.4015e+11  0.15%  16.4 2405s
 268538 148582 4.4054e+11  203    4 4.4080e+11 4.4015e+11  0.15%  16.4 2410s
 269569 149475 4.4060e+11  236    8 4.4080e+11 4.4015e+11  0.15%  16.4 2416s
 270621 150295 4.4017e+11   75    4 4.4080e+11 4.4015e+11  0.15%  16.4 2421s
 271667 151107 4.4020e+11  108    4 4.4080e+11 4.4015e+11  0.15%  16.4 2427s
 272700 151743 4.4048e+11  140    5 4.4080e+11 4.4015e+11  0.15%  16.3 2433s
 273727 152298 4.4049e+11  173    5 4.4080e+11 4.4015e+11  0.15%  16.3 2439s
 274743 152314 4.4052e+11  206    4 4.4080e+11 4.4015e+11  0.15%  16.3 2481s
 274775 152865 4.4052e+11  207    4 4.4080e+11 4.4015e+11  0.15%  16.3 2487s
 275772 153552 4.4058e+11  240    4 4.4080e+11 4.4015e+11  0.15%  16.3 2494s
 276757 154455 4.4022e+11   56    5 4.4080e+11 4.4016e+11  0.15%  16.4 2500s
 277783 155304 4.4037e+11   89    5 4.4080e+11 4.4016e+11  0.15%  16.4 2505s
 278828 155900 4.4059e+11  122    5 4.4080e+11 4.4016e+11  0.15%  16.3 2511s
 279874 156702 4.4017e+11   47    5 4.4080e+11 4.4016e+11  0.15%  16.3 2516s
 280929 157556 4.4018e+11   80    5 4.4080e+11 4.4016e+11  0.15%  16.3 2521s
 281985 158419 4.4022e+11  113    4 4.4080e+11 4.4016e+11  0.15%  16.3 2526s
 283040 159152 4.4028e+11  146    4 4.4080e+11 4.4016e+11  0.15%  16.2 2531s
 284067 159925 4.4031e+11  169    6 4.4080e+11 4.4016e+11  0.15%  16.2 2537s
 285076 160736 4.4047e+11  186    6 4.4080e+11 4.4016e+11  0.15%  16.2 2543s
 286087 161390 4.4051e+11  209    2 4.4080e+11 4.4016e+11  0.15%  16.2 2549s
 287122 161905     cutoff  238      4.4080e+11 4.4016e+11  0.15%  16.2 2555s
 288159 162536 4.4031e+11   62    5 4.4080e+11 4.4016e+11  0.15%  16.2 2561s
 289198 163241 4.4045e+11   73    5 4.4080e+11 4.4016e+11  0.15%  16.2 2567s
 290213 164047 4.4075e+11   88    5 4.4080e+11 4.4016e+11  0.15%  16.2 2573s
 291234 164802 4.4080e+11   97    5 4.4080e+11 4.4016e+11  0.15%  16.2 2578s
 292281 165544 4.4017e+11   56   10 4.4080e+11 4.4016e+11  0.15%  16.2 2583s
 293337 166185 4.4044e+11   89    5 4.4080e+11 4.4016e+11  0.15%  16.1 2591s
 294393 166637 4.4068e+11  122    4 4.4080e+11 4.4016e+11  0.15%  16.1 2596s
 295442 167254 4.4071e+11  155    4 4.4080e+11 4.4016e+11  0.15%  16.1 2601s
 296498 167982 4.4018e+11   63    5 4.4080e+11 4.4016e+11  0.15%  16.0 2606s
 297526 168869 4.4021e+11   89    5 4.4080e+11 4.4016e+11  0.15%  16.0 2612s
 298506 169644 4.4024e+11  118    4 4.4080e+11 4.4016e+11  0.15%  16.1 2618s
 299395 170089 4.4027e+11  151    4 4.4080e+11 4.4016e+11  0.15%  16.1 2624s
 300363 170650 4.4054e+11  181    4 4.4080e+11 4.4016e+11  0.15%  16.1 2630s
 301415 171410 4.4057e+11  203    4 4.4080e+11 4.4016e+11  0.15%  16.1 2636s
 302471 172309 infeasible  231      4.4080e+11 4.4016e+11  0.15%  16.1 2641s
 303527 173003 4.4038e+11   69    5 4.4080e+11 4.4016e+11  0.15%  16.1 2646s
 304541 173548 4.4062e+11  102    5 4.4080e+11 4.4016e+11  0.15%  16.1 2651s
 305521 173969 4.4068e+11  135    4 4.4080e+11 4.4016e+11  0.15%  16.1 2656s
 306496 174751 4.4074e+11  168    4 4.4080e+11 4.4016e+11  0.15%  16.2 2663s
 307476 175659 4.4041e+11   76    5 4.4080e+11 4.4016e+11  0.15%  16.2 2671s
 308515 176471 4.4066e+11  108   10 4.4080e+11 4.4016e+11  0.15%  16.1 2676s
 309564 177315 4.4067e+11  141    4 4.4080e+11 4.4016e+11  0.15%  16.1 2681s
 310610 178096 4.4071e+11  174    4 4.4080e+11 4.4016e+11  0.15%  16.1 2699s
 311496 179006 4.4018e+11   55    5 4.4080e+11 4.4016e+11  0.15%  16.1 2704s
 312516 179522 4.4029e+11   88    5 4.4080e+11 4.4016e+11  0.15%  16.1 2710s
 313564 179771 4.4068e+11  121    5 4.4080e+11 4.4016e+11  0.15%  16.1 2715s
 314611 180212 4.4017e+11   39    5 4.4080e+11 4.4016e+11  0.15%  16.1 2721s
 315665 181066 4.4027e+11   52    5 4.4080e+11 4.4016e+11  0.15%  16.1 2728s
 316715 182024 4.4065e+11   66    5 4.4080e+11 4.4016e+11  0.15%  16.1 2734s
 317767 182995 4.4072e+11   73   10 4.4080e+11 4.4016e+11  0.15%  16.1 2740s
 318820 183669 4.4077e+11   84    4 4.4080e+11 4.4016e+11  0.15%  16.0 2746s
 319875 184099 4.4078e+11   93    4 4.4080e+11 4.4016e+11  0.15%  16.0 2752s
 320929 184813 4.4073e+11  102    5 4.4080e+11 4.4016e+11  0.15%  16.0 2757s
 321981 185629 4.4016e+11   40    5 4.4080e+11 4.4016e+11  0.15%  16.0 2762s
 323037 186486 4.4019e+11   73    5 4.4080e+11 4.4016e+11  0.15%  16.0 2771s
 324087 187170 4.4022e+11  106    4 4.4080e+11 4.4016e+11  0.15%  15.9 2775s
 325117 187599 4.4050e+11  138    5 4.4080e+11 4.4016e+11  0.15%  15.9 2780s
 327155 188592 4.4055e+11  204    4 4.4080e+11 4.4016e+11  0.15%  16.0 2789s
 328169 189333 4.4060e+11  237    4 4.4080e+11 4.4016e+11  0.15%  16.0 2795s
 329176 190266 4.4018e+11   66    5 4.4080e+11 4.4016e+11  0.15%  16.0 2800s
 330210 191099 4.4022e+11   99    4 4.4080e+11 4.4016e+11  0.15%  16.0 2805s
 332321 191829 4.4051e+11  164    5 4.4080e+11 4.4016e+11  0.15%  15.9 2854s
 332353 192308 4.4051e+11  165    5 4.4080e+11 4.4016e+11  0.15%  15.9 2858s
 333401 192690 4.4055e+11  198    4 4.4080e+11 4.4016e+11  0.15%  15.9 2863s
 334445 193206 4.4060e+11  231    8 4.4080e+11 4.4016e+11  0.15%  15.9 2869s
 335463 194070 4.4018e+11   60    5 4.4080e+11 4.4016e+11  0.15%  15.9 2875s
 336482 195022 4.4027e+11   93    5 4.4080e+11 4.4016e+11  0.15%  15.9 2882s
 337481 195857 4.4035e+11  122    4 4.4080e+11 4.4016e+11  0.15%  15.9 2888s
 338470 196650 4.4063e+11  152    5 4.4080e+11 4.4016e+11  0.15%  15.9 2894s
 339469 197507 4.4021e+11   59    5 4.4080e+11 4.4016e+11  0.15%  15.8 2901s
 340443 198412 4.4024e+11   92    5 4.4080e+11 4.4016e+11  0.15%  15.8 2907s
 341446 199164 4.4027e+11  125    4 4.4080e+11 4.4016e+11  0.15%  15.8 2913s
 342455 199770 4.4032e+11  158    8 4.4080e+11 4.4016e+11  0.15%  15.8 2918s
 343470 200485 4.4036e+11  188    9 4.4080e+11 4.4016e+11  0.15%  15.8 2923s
 344471 201211 4.4053e+11  207    2 4.4080e+11 4.4016e+11  0.15%  15.8 2928s
 345486 202093 4.4058e+11  232    2 4.4080e+11 4.4016e+11  0.15%  15.8 2934s
 346540 202791 4.4018e+11   58    5 4.4080e+11 4.4016e+11  0.15%  15.8 2939s
 347596 203420 4.4022e+11   91    8 4.4080e+11 4.4016e+11  0.15%  15.8 2943s
 348652 203986 4.4024e+11  124    8 4.4080e+11 4.4016e+11  0.15%  15.8 2948s
 349697 204548 4.4030e+11  157    8 4.4080e+11 4.4016e+11  0.15%  15.8 2953s
 350720 205078 4.4035e+11  180    4 4.4080e+11 4.4016e+11  0.15%  15.8 2957s
 351740 205806 4.4050e+11  198    5 4.4080e+11 4.4016e+11  0.15%  15.8 2962s
 352788 206593 4.4053e+11  228    2 4.4080e+11 4.4016e+11  0.15%  15.8 2971s
 353844 207499 4.4016e+11   45    5 4.4080e+11 4.4016e+11  0.15%  15.8 2976s
 354900 207523 4.4017e+11   78    5 4.4080e+11 4.4016e+11  0.15%  15.7 3024s
 354932 208080 4.4017e+11   79    5 4.4080e+11 4.4016e+11  0.15%  15.7 3030s
 355875 208605 4.4020e+11  111    4 4.4080e+11 4.4016e+11  0.15%  15.7 3036s
 356931 209152 4.4027e+11  144    4 4.4080e+11 4.4016e+11  0.15%  15.7 3040s
 357934 209854 4.4030e+11  170    4 4.4080e+11 4.4016e+11  0.15%  15.7 3045s
 358894 210755 4.4047e+11  190    7 4.4080e+11 4.4016e+11  0.15%  15.8 3051s
 359940 211529 4.4052e+11  220    2 4.4080e+11 4.4016e+11  0.15%  15.8 3056s
 360996 212269     cutoff  244      4.4080e+11 4.4016e+11  0.15%  15.8 3062s
 362040 212945 4.4018e+11   67    5 4.4080e+11 4.4016e+11  0.15%  15.8 3068s
 363076 213592 4.4033e+11  100    4 4.4080e+11 4.4016e+11  0.15%  15.7 3074s
 364090 214241 4.4035e+11  129    8 4.4080e+11 4.4016e+11  0.15%  15.7 3080s
 365115 215041 4.4063e+11  159    5 4.4080e+11 4.4016e+11  0.15%  15.7 3086s
 366158 215926 4.4017e+11   38    5 4.4080e+11 4.4016e+11  0.15%  15.7 3093s
 367188 216730 4.4021e+11   53    5 4.4080e+11 4.4016e+11  0.15%  15.7 3100s
 368223 217401 4.4020e+11   69    5 4.4080e+11 4.4016e+11  0.15%  15.7 3107s
 369258 218028 4.4020e+11   85    5 4.4080e+11 4.4016e+11  0.15%  15.7 3115s
 370240 218680 4.4032e+11   99    4 4.4080e+11 4.4016e+11  0.15%  15.7 3124s
 371220 219413 4.4034e+11  113    4 4.4080e+11 4.4016e+11  0.15%  15.7 3130s
 372232 220199 4.4026e+11  127    4 4.4080e+11 4.4016e+11  0.15%  15.7 3136s
 373267 220911 4.4027e+11  145    4 4.4080e+11 4.4016e+11  0.15%  15.7 3141s
 374323 221441 4.4030e+11  173    4 4.4080e+11 4.4016e+11  0.15%  15.6 3148s
 375378 221459 4.4061e+11  201    4 4.4080e+11 4.4016e+11  0.15%  15.6 3199s
 375410 222226 4.4061e+11  202    4 4.4080e+11 4.4016e+11  0.15%  15.6 3205s
 376455 223024 4.4029e+11   48    5 4.4080e+11 4.4016e+11  0.15%  15.6 3213s
 377450 223646 4.4055e+11   59    5 4.4080e+11 4.4016e+11  0.15%  15.6 3229s
 378411 224267 4.4074e+11   69    5 4.4080e+11 4.4016e+11  0.15%  15.6 3238s
 379428 225168 4.4023e+11   53    5 4.4080e+11 4.4016e+11  0.15%  15.6 3245s
 380472 226099 4.4032e+11   86    5 4.4080e+11 4.4016e+11  0.15%  15.6 3252s
 381513 226852 4.4062e+11  119   10 4.4080e+11 4.4016e+11  0.15%  15.6 3259s
 382545 227263 4.4064e+11  151    4 4.4080e+11 4.4016e+11  0.15%  15.5 3269s
 383575 227828 4.4069e+11  184    4 4.4080e+11 4.4016e+11  0.15%  15.5 3275s
 384600 228438 4.4018e+11   58    5 4.4080e+11 4.4016e+11  0.15%  15.5 3282s
 385615 229150 4.4020e+11   91    4 4.4080e+11 4.4016e+11  0.15%  15.5 3288s
 386639 229768 4.4025e+11  124    4 4.4080e+11 4.4016e+11  0.15%  15.5 3294s
 387651 230337 4.4050e+11  156   10 4.4080e+11 4.4016e+11  0.15%  15.5 3300s
 388674 230881 4.4054e+11  189    4 4.4080e+11 4.4016e+11  0.15%  15.5 3306s
 389707 231492 4.4057e+11  222    4 4.4080e+11 4.4016e+11  0.15%  15.5 3312s
 390657 232227 4.4019e+11   59    5 4.4080e+11 4.4016e+11  0.15%  15.5 3319s
 391611 233086 4.4020e+11   92    5 4.4080e+11 4.4016e+11  0.15%  15.5 3325s
 392622 233686 4.4024e+11  125    4 4.4080e+11 4.4016e+11  0.15%  15.5 3331s
 393635 234273 4.4052e+11  157    5 4.4080e+11 4.4016e+11  0.15%  15.5 3338s
 394630 234940 4.4056e+11  190    4 4.4080e+11 4.4016e+11  0.15%  15.5 3344s
 395635 235766 4.4058e+11  223    4 4.4080e+11 4.4016e+11  0.15%  15.5 3349s
 395734 235766 4.4019e+11   85    4 4.4080e+11 4.4016e+11  0.15%  15.5 3350s
 396688 236518 4.4018e+11   62    5 4.4080e+11 4.4016e+11  0.15%  15.5 3355s
 397732 237106 4.4021e+11   95    4 4.4080e+11 4.4016e+11  0.15%  15.5 3360s
 398760 237547 4.4026e+11  128    8 4.4080e+11 4.4016e+11  0.15%  15.5 3366s
 399792 238035 4.4050e+11  160    5 4.4080e+11 4.4016e+11  0.15%  15.5 3371s
 400836 238710 4.4054e+11  193    8 4.4080e+11 4.4016e+11  0.15%  15.5 3377s
 401874 239585 4.4058e+11  226    4 4.4080e+11 4.4016e+11  0.15%  15.5 3384s
 402898 240456 4.4022e+11   64    5 4.4080e+11 4.4016e+11  0.15%  15.5 3389s
 403934 241124 4.4023e+11   97    5 4.4080e+11 4.4016e+11  0.15%  15.5 3394s
 404981 241537 4.4026e+11  130    4 4.4080e+11 4.4016e+11  0.15%  15.4 3412s
 405781 242046 4.4032e+11  155    4 4.4080e+11 4.4016e+11  0.15%  15.4 3418s
 406818 242668 4.4036e+11  187    6 4.4080e+11 4.4016e+11  0.15%  15.5 3425s
 407816 243504 4.4053e+11  209    2 4.4080e+11 4.4016e+11  0.15%  15.5 3432s
 408845 244380 4.4058e+11  239    2 4.4080e+11 4.4016e+11  0.15%  15.5 3439s
 409896 245063 4.4017e+11   45    5 4.4080e+11 4.4016e+11  0.15%  15.5 3445s
 410937 245850 4.4019e+11   78    4 4.4080e+11 4.4016e+11  0.15%  15.5 3452s
 411961 246607 4.4022e+11  111    4 4.4080e+11 4.4016e+11  0.15%  15.5 3462s
 412975 247324 4.4049e+11  143    5 4.4080e+11 4.4016e+11  0.15%  15.5 3468s
 413994 248007 4.4051e+11  176    5 4.4080e+11 4.4016e+11  0.15%  15.5 3474s
 415005 248731 4.4054e+11  209    4 4.4080e+11 4.4016e+11  0.15%  15.5 3481s
 416028 249591 4.4060e+11  242    4 4.4080e+11 4.4016e+11  0.15%  15.5 3488s
 417019 250375 4.4020e+11   89    8 4.4080e+11 4.4016e+11  0.15%  15.5 3494s
 418017 251104 4.4022e+11  122    4 4.4080e+11 4.4016e+11  0.15%  15.5 3501s
 419020 251773 4.4028e+11  155    7 4.4080e+11 4.4016e+11  0.15%  15.5 3507s
 420023 252396 4.4030e+11  172    7 4.4080e+11 4.4016e+11  0.15%  15.5 3513s
 421024 253137 4.4046e+11  184    6 4.4080e+11 4.4016e+11  0.15%  15.5 3519s
 422025 253923 4.4048e+11  201    3 4.4080e+11 4.4016e+11  0.15%  15.5 3525s
 423055 254710 4.4051e+11  234    2 4.4080e+11 4.4016e+11  0.15%  15.5 3531s
 424100 255442 4.4055e+11  267    2 4.4080e+11 4.4016e+11  0.15%  15.4 3538s
 425108 256162 4.4020e+11   67    5 4.4080e+11 4.4016e+11  0.15%  15.4 3543s
 426153 256977 4.4021e+11  100    4 4.4080e+11 4.4016e+11  0.15%  15.4 3549s
 427205 257584 4.4024e+11  133    4 4.4080e+11 4.4016e+11  0.15%  15.4 3555s
 428226 258105 4.4053e+11  165    5 4.4080e+11 4.4016e+11  0.15%  15.4 3561s
 429220 258666 4.4056e+11  198    8 4.4080e+11 4.4016e+11  0.15%  15.4 3566s
 430259 259378 4.4018e+11   43    5 4.4080e+11 4.4016e+11  0.15%  15.4 3572s
 431287 260187 4.4019e+11   76    4 4.4080e+11 4.4016e+11  0.15%  15.4 3578s
 432311 261030 4.4022e+11  109    4 4.4080e+11 4.4016e+11  0.15%  15.4 3585s
 433346 261847 4.4050e+11  141    5 4.4080e+11 4.4016e+11  0.15%  15.4 3591s
 434376 262616 4.4052e+11  174    5 4.4080e+11 4.4016e+11  0.15%  15.4 3597s
 435396 262977 4.4055e+11  207    4 4.4080e+11 4.4016e+11  0.15%  15.4 3600s

Cutting planes:
  Implied bound: 2
  Flow cover: 1
  Relax-and-lift: 2

Explored 436041 nodes (6795019 simplex iterations) in 3600.31 seconds (2414.68 work units)
Thread count was 32 (of 36 available processors)

Solution count 1: 4.40801e+11 

Time limit reached
Best objective 4.408009967341e+11, best bound 4.401584269382e+11, gap 0.1458%

User-callback calls 1257549, time in user-callback 0.37 sec
Set parameter TokenServer to value "license-1.hpc.nrel.gov"
Set parameter TimeLimit to value 3600
Set parameter MIPGap to value 0.001
Set parameter MIPGap to value 0.001
Set parameter TimeLimit to value 3600
Gurobi Optimizer version 9.5.1 build v9.5.1rc2 (linux64)
Thread count: 36 physical cores, 36 logical processors, using up to 32 threads
Optimize a model with 80158 rows, 992940 columns and 2033584 nonzeros
Model fingerprint: 0xad7a9870
Coefficient statistics:
  Matrix range     [1e+00, 1e+05]
  Objective range  [2e-01, 4e+08]
  Bounds range     [1e+00, 1e+08]
  RHS range        [8e-01, 2e+06]

Concurrent LP optimizer: primal simplex, dual simplex, and barrier
Showing barrier log only...

Presolve removed 72360 rows and 410612 columns
Presolve time: 1.15s
Presolved: 7798 rows, 582328 columns, 1160340 nonzeros

Ordering time: 0.01s

Barrier statistics:
 AA' NZ     : 5.780e+05
 Factor NZ  : 1.063e+06 (roughly 240 MB of memory)
 Factor Ops : 1.876e+08 (less than 1 second per iteration)
 Threads    : 30

                  Objective                Residual
Iter       Primal          Dual         Primal    Dual     Compl     Time
   0   3.04463517e+12 -1.51127819e+11  4.74e+06 2.54e+02  4.06e+07     1s
   1   5.45639226e+11  2.47202889e+11  1.44e+05 9.09e-13  1.55e+06     2s
   2   4.65678320e+11  3.69608583e+11  5.65e+03 2.45e-01  2.01e+05     2s
   3   4.61861902e+11  4.00914988e+11  2.68e+03 1.11e+00  1.20e+05     2s
   4   4.57088284e+11  4.15228716e+11  1.14e+03 7.82e-01  7.76e+04     2s
   5   4.54344109e+11  4.26875990e+11  8.18e+02 3.64e-01  5.07e+04     2s
   6   4.50279091e+11  4.32595946e+11  4.10e+02 3.24e-01  3.18e+04     2s
   7   4.48235453e+11  4.34800847e+11  2.69e+02 2.33e-01  2.39e+04     2s
   8   4.47054132e+11  4.36791290e+11  2.11e+02 1.29e-01  1.82e+04     2s
   9   4.46278671e+11  4.37931950e+11  1.78e+02 7.01e-02  1.48e+04     2s

Barrier performed 9 iterations in 2.07 seconds (1.37 work units)
Barrier solve interrupted - model solved by another algorithm


Solved with primal simplex
Solved in 56367 iterations and 2.08 seconds (1.29 work units)
Optimal objective  4.408009967e+11

User-callback calls 131, time in user-callback 0.00 sec
[ Info:  started timer at: 2023-03-27T13:33:34.255
[ Info: Reading /projects/pvsoiling/RELOG/Manufacturing_40209_05/input/solver/case.json...
[ Info:          134 collection centers
[ Info:          268 candidate plant locations
[ Info: Building graph...
[ Info:           26 time periods
[ Info:          268 process nodes
[ Info:          268 shipping nodes (plant)
[ Info:          134 shipping nodes (collection)
[ Info:        36180 arcs
[ Info: Building optimization model...
[ Info: Optimizing MILP...
[ Info: Re-optimizing with integer variables fixed...
[ Info: Extracting solution...
[ Info:       3651.668510016s: 1 hour, 51 seconds, 668 milliseconds
