Set parameter TokenServer to value "license-1.hpc.nrel.gov"
Set parameter TimeLimit to value 3600
Set parameter MIPGap to value 0.001
Set parameter MIPGap to value 0.001
Set parameter TimeLimit to value 3600
Gurobi Optimizer version 9.5.1 build v9.5.1rc2 (linux64)
Thread count: 36 physical cores, 36 logical processors, using up to 32 threads
Optimize a model with 80158 rows, 992940 columns and 2033584 nonzeros
Model fingerprint: 0xab0d0968
Variable types: 979004 continuous, 13936 integer (13936 binary)
Coefficient statistics:
  Matrix range     [1e+00, 1e+05]
  Objective range  [2e-01, 2e+09]
  Bounds range     [1e+05, 1e+08]
  RHS range        [8e-01, 2e+06]
Warning: Model contains large objective coefficients
         Consider reformulating model or setting NumericFocus parameter
         to avoid numerical issues.
Presolve removed 68100 rows and 51188 columns
Presolve time: 4.95s
Presolved: 12058 rows, 941752 columns, 1889668 nonzeros
Variable types: 933176 continuous, 8576 integer (8576 binary)

Deterministic concurrent LP optimizer: primal and dual simplex
Showing first log only...


Root simplex log...

Iteration    Objective       Primal Inf.    Dual Inf.      Time
       0    9.9994612e+11   8.632597e+05   2.018911e+10      8s
  276748    1.0930594e+12   1.805943e+05   1.765923e+10     10s
Concurrent spin time: 0.00s

Solved with dual simplex

Root relaxation: objective 1.741023e+12, 86412 iterations, 7.55 seconds (5.76 work units)

    Nodes    |    Current Node    |     Objective Bounds      |     Work
 Expl Unexpl |  Obj  Depth IntInf | Incumbent    BestBd   Gap | It/Node Time

     0     0 1.7410e+12    0   14          - 1.7410e+12      -     -   14s
H    0     0                    1.743700e+12 1.7410e+12  0.15%     -   15s
     0     0 1.7410e+12    0    7 1.7437e+12 1.7410e+12  0.15%     -   18s
     0     0 1.7410e+12    0    7 1.7437e+12 1.7410e+12  0.15%     -   24s
     0     2 1.7410e+12    0    7 1.7437e+12 1.7410e+12  0.15%     -   30s
    31    64 1.7410e+12    5    7 1.7437e+12 1.7410e+12  0.15%   6.2   35s
    95   128 1.7410e+12    7    7 1.7437e+12 1.7410e+12  0.15%   6.7   48s
   127   160 1.7410e+12    8    7 1.7437e+12 1.7410e+12  0.15%   6.3   50s
   159   192 1.7411e+12    8    7 1.7437e+12 1.7410e+12  0.15%   6.4  113s
   191   224 1.7411e+12    9    7 1.7437e+12 1.7410e+12  0.15%   7.4  117s
   223   426 1.7411e+12   10    7 1.7437e+12 1.7410e+12  0.15%   8.4  120s
   425   958 1.7411e+12   15    7 1.7437e+12 1.7410e+12  0.15%  10.4  132s
   957  1514 1.7412e+12   30    7 1.7437e+12 1.7410e+12  0.15%   9.4  150s
  1514  2282 1.7412e+12   48    7 1.7437e+12 1.7410e+12  0.15%   8.9  165s
  2295  3280 1.7414e+12   69    7 1.7437e+12 1.7410e+12  0.15%   8.5  177s
  3293  4236 1.7414e+12  102    7 1.7437e+12 1.7410e+12  0.15%   8.3  187s
  4260  5000 1.7416e+12  135    7 1.7437e+12 1.7410e+12  0.15%   8.4  195s
  5258  5281 1.7428e+12  167    7 1.7437e+12 1.7410e+12  0.15%   8.0  200s
  6237  5914 1.7430e+12  200    7 1.7437e+12 1.7410e+12  0.15%   7.8  206s
  7207  6807 1.7411e+12   37    7 1.7437e+12 1.7410e+12  0.15%   8.5  211s
  8181  7694 1.7412e+12   70    7 1.7437e+12 1.7410e+12  0.15%   8.7  216s
  9148  8536 1.7414e+12  103    7 1.7437e+12 1.7410e+12  0.15%   8.9  222s
 10113  9018 1.7423e+12  134    7 1.7437e+12 1.7410e+12  0.15%   9.0  227s
 11078  9350 1.7425e+12  167   14 1.7437e+12 1.7410e+12  0.15%   8.7  233s
 12049  9694 1.7426e+12  200    7 1.7437e+12 1.7410e+12  0.15%   8.7  239s
 13017  9695 1.7416e+12   76    7 1.7437e+12 1.7410e+12  0.15%   9.4  264s
 13018  9696 1.7413e+12   37    7 1.7437e+12 1.7410e+12  0.15%   9.4  265s
 13019  9696 1.7417e+12   81   10 1.7437e+12 1.7410e+12  0.15%   9.4  275s
 13021  9698 1.7413e+12   32    5 1.7437e+12 1.7410e+12  0.15%   9.4  280s
 13023  9702 1.7410e+12   10    5 1.7437e+12 1.7410e+12  0.15%  13.9  286s
 13053  9752 1.7410e+12   14    5 1.7437e+12 1.7410e+12  0.15%  13.9  290s
 13117  9795 1.7411e+12   15    5 1.7437e+12 1.7410e+12  0.15%  13.9  304s
 13149  9816 1.7410e+12   16    5 1.7437e+12 1.7410e+12  0.15%  13.9  306s
 13181  9837 1.7411e+12   16    5 1.7437e+12 1.7410e+12  0.15%  13.9  370s
 13320  9938 1.7411e+12   18    5 1.7437e+12 1.7410e+12  0.15%  13.9  389s
 13360 10374 1.7411e+12   19    5 1.7437e+12 1.7410e+12  0.15%  13.9  397s
 13809 11204 1.7412e+12   28    5 1.7437e+12 1.7410e+12  0.15%  13.8  417s
 14789 11729 1.7413e+12   45    5 1.7437e+12 1.7410e+12  0.15%  13.3  432s
 15654 12296 1.7412e+12   63    5 1.7437e+12 1.7410e+12  0.15%  13.1  445s
 16532 12768 1.7414e+12   94    5 1.7437e+12 1.7410e+12  0.15%  12.8  454s
 17539 12862 1.7415e+12  127    4 1.7437e+12 1.7410e+12  0.15%  12.4  461s
 18517 12899 1.7416e+12  160    4 1.7437e+12 1.7410e+12  0.15%  12.1  467s
 19501 12966 1.7429e+12  192    4 1.7437e+12 1.7410e+12  0.15%  11.9  474s
 20476 13458 1.7411e+12   27    5 1.7437e+12 1.7410e+12  0.15%  12.6  480s
 21453 14032 1.7412e+12   60    5 1.7437e+12 1.7410e+12  0.15%  12.9  486s
 22428 14550 1.7413e+12   93    4 1.7437e+12 1.7410e+12  0.15%  13.0  493s
 23398 14964 1.7415e+12  126    4 1.7437e+12 1.7410e+12  0.15%  12.9  501s
 24365 14900 1.7417e+12  158    3 1.7437e+12 1.7410e+12  0.15%  13.6  513s
 25193 15045 1.7425e+12  166    7 1.7437e+12 1.7410e+12  0.15%  14.3  520s
 26138 15209 1.7435e+12  178    5 1.7437e+12 1.7410e+12  0.15%  14.6  526s
 27194 15711 1.7410e+12   18    5 1.7437e+12 1.7410e+12  0.15%  14.9  533s
 28237 16346 1.7412e+12   47    5 1.7437e+12 1.7410e+12  0.15%  15.2  539s
 29293 16550 1.7413e+12   79    5 1.7437e+12 1.7410e+12  0.15%  15.0  578s
 29857 17272 1.7413e+12   80    5 1.7437e+12 1.7410e+12  0.15%  14.8  585s
 30913 17443 1.7415e+12  110    4 1.7437e+12 1.7410e+12  0.15%  14.6  591s
 31969 17441 1.7417e+12  141    4 1.7437e+12 1.7410e+12  0.15%  14.4  596s
 33012 17107 1.7427e+12  170    8 1.7437e+12 1.7410e+12  0.15%  14.3  627s
 33044 17553 1.7427e+12  171    4 1.7437e+12 1.7410e+12  0.15%  14.3  633s
 34100 17974 1.7428e+12  203    4 1.7437e+12 1.7410e+12  0.15%  14.4  637s
 35156 18594 1.7411e+12   21    5 1.7437e+12 1.7410e+12  0.15%  14.5  642s
 36212 19183 1.7411e+12   54    5 1.7437e+12 1.7410e+12  0.15%  14.3  646s
 37268 19319 1.7413e+12   87    4 1.7437e+12 1.7410e+12  0.15%  14.1  651s
 38324 18978 1.7415e+12  120    4 1.7437e+12 1.7410e+12  0.15%  14.1  658s
 38361 19374 1.7415e+12  121    8 1.7437e+12 1.7410e+12  0.15%  14.1  662s
 39363 19417 1.7417e+12  150    3 1.7437e+12 1.7410e+12  0.15%  14.3  668s
 40325 19553 1.7425e+12  164    7 1.7437e+12 1.7410e+12  0.15%  14.8  674s
 41361 20037 1.7435e+12  182    5 1.7437e+12 1.7410e+12  0.15%  15.3  680s
 42417 20703 1.7411e+12   24    5 1.7437e+12 1.7410e+12  0.15%  15.1  685s
 43460 21652 1.7412e+12   57    5 1.7437e+12 1.7410e+12  0.15%  15.0  691s
 44511 22545 1.7413e+12   90    5 1.7437e+12 1.7410e+12  0.15%  14.8  698s
 45564 23255 1.7423e+12  119   10 1.7437e+12 1.7410e+12  0.15%  14.7  704s
 46616 23780 1.7423e+12  152    5 1.7437e+12 1.7410e+12  0.15%  14.5  709s
 47672 24160 1.7425e+12  185    8 1.7437e+12 1.7410e+12  0.15%  14.3  713s
 48728 24515 1.7427e+12  218    8 1.7437e+12 1.7410e+12  0.15%  14.4  768s
 49436 25340 1.7410e+12   18    5 1.7437e+12 1.7410e+12  0.15%  14.6  773s
 50492 26287 1.7411e+12   51    5 1.7437e+12 1.7410e+12  0.15%  14.5  779s
 51548 27222 1.7413e+12   84    4 1.7437e+12 1.7410e+12  0.15%  14.4  785s
 52604 27783 1.7415e+12  117    4 1.7437e+12 1.7410e+12  0.15%  14.3  791s
 53660 28254 1.7423e+12  145    5 1.7437e+12 1.7410e+12  0.15%  14.2  796s
 54716 28752 1.7425e+12  178    4 1.7437e+12 1.7410e+12  0.15%  14.0  801s
 55772 29361 1.7426e+12  211    4 1.7437e+12 1.7410e+12  0.15%  14.0  808s
 56824 30202 1.7410e+12   20    5 1.7437e+12 1.7410e+12  0.15%  14.1  818s
 57840 31102 1.7412e+12   35    5 1.7437e+12 1.7410e+12  0.15%  14.0  823s
 58897 31103 1.7425e+12  175    7 1.7437e+12 1.7410e+12  0.15%  13.9  868s
 58899 31104 1.7426e+12  202   10 1.7437e+12 1.7410e+12  0.15%  13.9  881s
 58900 31105 1.7418e+12  126    5 1.7437e+12 1.7410e+12  0.15%  13.9  885s
 58901 31106 1.7425e+12  184    5 1.7437e+12 1.7410e+12  0.15%  13.9  890s
 58903 31110 1.7410e+12   21    5 1.7437e+12 1.7410e+12  0.15%  14.8  897s
 58933 31160 1.7410e+12   25    5 1.7437e+12 1.7410e+12  0.15%  14.8  901s
 58997 31203 1.7411e+12   26    5 1.7437e+12 1.7410e+12  0.15%  14.8  917s
 59061 31245 1.7411e+12   27    5 1.7437e+12 1.7410e+12  0.15%  14.8  975s
 59093 31267 1.7410e+12   28    5 1.7437e+12 1.7410e+12  0.15%  14.8 1035s
 59188 31341 1.7411e+12   29    5 1.7437e+12 1.7410e+12  0.15%  14.8 1051s
 59231 31903 1.7411e+12   30    5 1.7437e+12 1.7410e+12  0.15%  14.8 1064s
 59807 32762 1.7412e+12   39    5 1.7437e+12 1.7410e+12  0.15%  14.8 1088s
 60858 33408 1.7413e+12   56    5 1.7437e+12 1.7410e+12  0.15%  14.6 1107s
 61860 33784 1.7412e+12   74    5 1.7437e+12 1.7410e+12  0.15%  14.5 1121s
 62877 33752 1.7414e+12  105    5 1.7437e+12 1.7410e+12  0.15%  14.4 1129s
 63870 33432 1.7415e+12  138    4 1.7437e+12 1.7410e+12  0.15%  14.3 1181s
 63902 33458 1.7415e+12  139    4 1.7437e+12 1.7410e+12  0.15%  14.3 1195s
 63998 33760 1.7415e+12  142    5 1.7437e+12 1.7410e+12  0.15%  14.3 1202s
 64982 33812 1.7417e+12  175    4 1.7437e+12 1.7410e+12  0.15%  14.2 1207s
 65951 34138 1.7429e+12  207    4 1.7437e+12 1.7410e+12  0.15%  14.3 1214s
 66929 34735 1.7411e+12   43    5 1.7437e+12 1.7410e+12  0.15%  14.5 1220s
 67905 35346 1.7412e+12   74    4 1.7437e+12 1.7410e+12  0.15%  14.5 1227s
 68890 35852 1.7415e+12  100    5 1.7437e+12 1.7410e+12  0.15%  14.4 1234s
 69946 36138 1.7415e+12  128    5 1.7437e+12 1.7410e+12  0.15%  14.5 1239s
 70977 36455 1.7417e+12  158    4 1.7437e+12 1.7410e+12  0.15%  14.5 1246s
 72028 36688 1.7419e+12  191    4 1.7437e+12 1.7410e+12  0.15%  14.5 1252s
 73070 36943 1.7421e+12  218    3 1.7437e+12 1.7410e+12  0.15%  14.9 1259s
 74105 37416     cutoff  233      1.7437e+12 1.7410e+12  0.15%  15.3 1266s
 75161 37975 1.7411e+12   46    5 1.7437e+12 1.7410e+12  0.15%  15.2 1272s
 76217 38418 1.7412e+12   79    8 1.7437e+12 1.7410e+12  0.15%  15.1 1277s
 77273 38683 1.7413e+12  112    4 1.7437e+12 1.7410e+12  0.15%  15.1 1283s
 78312 38956 1.7423e+12  136    5 1.7437e+12 1.7410e+12  0.15%  15.0 1289s
 79361 39242 1.7423e+12  169    5 1.7437e+12 1.7410e+12  0.15%  14.9 1295s
 80417 38913 1.7425e+12  202    4 1.7437e+12 1.7410e+12  0.15%  14.8 1315s
 80453 39523 1.7426e+12  203    4 1.7437e+12 1.7410e+12  0.15%  14.8 1320s
 82565 40197 1.7411e+12   43    5 1.7437e+12 1.7410e+12  0.15%  14.8 1341s
 83109 40831 1.7411e+12   60    5 1.7437e+12 1.7410e+12  0.15%  14.8 1346s
 84165 41252 1.7413e+12   93    4 1.7437e+12 1.7410e+12  0.15%  14.7 1350s
 85221 41474 1.7415e+12  126    8 1.7437e+12 1.7410e+12  0.15%  14.6 1355s
 86277 41591 1.7417e+12  159    6 1.7437e+12 1.7410e+12  0.15%  14.6 1360s
 87285 41801 1.7424e+12  175    3 1.7437e+12 1.7410e+12  0.15%  14.7 1365s
 88282 42152 1.7435e+12  203    5 1.7437e+12 1.7410e+12  0.15%  15.0 1375s
 89338 42645 1.7410e+12   33    5 1.7437e+12 1.7410e+12  0.15%  15.0 1380s
 90383 43125 1.7411e+12   66    9 1.7437e+12 1.7410e+12  0.15%  15.0 1385s
 92491 43145 1.7423e+12  130   10 1.7437e+12 1.7410e+12  0.15%  14.9 1419s
 92850 43436 1.7423e+12  142   10 1.7437e+12 1.7410e+12  0.15%  14.8 1424s
 93889 43554 1.7423e+12  175    5 1.7437e+12 1.7410e+12  0.15%  14.8 1429s
 94936 43832 1.7426e+12  208    4 1.7437e+12 1.7410e+12  0.15%  14.8 1434s
 95992 44284 1.7428e+12  241    8 1.7437e+12 1.7410e+12  0.15%  14.9 1438s
 97048 44809 1.7411e+12   49   10 1.7437e+12 1.7410e+12  0.15%  14.8 1443s
 98104 45277 1.7412e+12   79    4 1.7437e+12 1.7410e+12  0.15%  14.8 1448s
 99158 45354 1.7413e+12  109    4 1.7437e+12 1.7410e+12  0.15%  14.7 1454s
 100214 45389 1.7423e+12  138    5 1.7437e+12 1.7410e+12  0.15%  14.6 1459s
 101270 45485 1.7423e+12  171    5 1.7437e+12 1.7410e+12  0.15%  14.5 1464s
 102325 45772 1.7426e+12  204    4 1.7437e+12 1.7410e+12  0.15%  14.5 1469s
 103363 46268 1.7427e+12  235    4 1.7437e+12 1.7410e+12  0.15%  14.6 1475s
 104396 46675 1.7411e+12   43    5 1.7437e+12 1.7410e+12  0.15%  14.5 1480s
 105430 47097 1.7412e+12   76    5 1.7437e+12 1.7410e+12  0.15%  14.5 1486s
 106480 47441 1.7413e+12  109    4 1.7437e+12 1.7410e+12  0.15%  14.4 1490s
 107536 47705 1.7424e+12  142    5 1.7437e+12 1.7410e+12  0.15%  14.4 1495s
 108573 47877 1.7425e+12  175    5 1.7437e+12 1.7410e+12  0.15%  14.3 1500s
 109606 48055 1.7427e+12  208    4 1.7437e+12 1.7410e+12  0.15%  14.3 1505s
 110626 48380 1.7428e+12  241    4 1.7437e+12 1.7410e+12  0.15%  14.4 1510s
 111641 48064 1.7411e+12   45    5 1.7437e+12 1.7410e+12  0.15%  14.4 1554s
 111673 48747 1.7414e+12   46    5 1.7437e+12 1.7410e+12  0.15%  14.4 1559s
 112703 49143 1.7414e+12   75    5 1.7437e+12 1.7410e+12  0.15%  14.4 1564s
 113712 49541 1.7413e+12  102    4 1.7437e+12 1.7410e+12  0.15%  14.4 1569s
 114768 49818 1.7424e+12  132   10 1.7437e+12 1.7410e+12  0.15%  14.4 1574s
 115819 50004 1.7424e+12  164    5 1.7437e+12 1.7410e+12  0.15%  14.3 1579s
 116869 50051 1.7426e+12  196    8 1.7437e+12 1.7410e+12  0.15%  14.3 1584s
 117909 50299 1.7428e+12  226    8 1.7437e+12 1.7410e+12  0.15%  14.3 1597s
 118962 50580 1.7411e+12   36    5 1.7437e+12 1.7410e+12  0.15%  14.3 1604s
 119994 51098 1.7411e+12   64    4 1.7437e+12 1.7410e+12  0.15%  14.3 1609s
 121048 51597 1.7413e+12   93    4 1.7437e+12 1.7410e+12  0.15%  14.3 1613s
 121992 52081 1.7414e+12  122    4 1.7437e+12 1.7410e+12  0.15%  14.4 1618s
 122833 52546 1.7423e+12  142    5 1.7437e+12 1.7410e+12  0.15%  14.8 1623s
 123731 52796 1.7423e+12  169    5 1.7437e+12 1.7410e+12  0.15%  14.9 1629s
 124614 52931 1.7425e+12  199    4 1.7437e+12 1.7410e+12  0.15%  15.1 1636s
 125440 53201 1.7427e+12  229    4 1.7437e+12 1.7410e+12  0.15%  15.2 1642s
 126482 53631 1.7411e+12   40    5 1.7437e+12 1.7410e+12  0.15%  15.2 1647s
 127534 54178 1.7412e+12   73    5 1.7437e+12 1.7410e+12  0.15%  15.2 1652s
 128590 54481 1.7413e+12  106    4 1.7437e+12 1.7410e+12  0.15%  15.1 1658s
 129634 54148 1.7424e+12  139    5 1.7437e+12 1.7410e+12  0.15%  15.1 1703s
 129668 54575 1.7424e+12  140    5 1.7437e+12 1.7410e+12  0.15%  15.1 1709s
 130481 54304 1.7419e+12   53    5 1.7437e+12 1.7410e+12  0.15%  15.0 1710s
 130710 54632 1.7425e+12  173    5 1.7437e+12 1.7410e+12  0.15%  15.0 1715s
 131730 54652 1.7427e+12  206    4 1.7437e+12 1.7410e+12  0.15%  15.0 1721s
 132768 54977 1.7428e+12  239    4 1.7437e+12 1.7410e+12  0.15%  15.0 1727s
 133822 55548 1.7411e+12   49    5 1.7437e+12 1.7410e+12  0.15%  15.1 1733s
 134877 56198 1.7412e+12   82    4 1.7437e+12 1.7410e+12  0.15%  15.0 1738s
 135933 56255 1.7413e+12  115    4 1.7437e+12 1.7410e+12  0.15%  15.0 1743s
 136989 56206 1.7424e+12  148   10 1.7437e+12 1.7410e+12  0.15%  14.9 1748s
 138045 56152 1.7425e+12  181    4 1.7437e+12 1.7410e+12  0.15%  14.8 1752s
 139101 56206 1.7427e+12  214    4 1.7437e+12 1.7410e+12  0.15%  14.7 1756s
 140157 56710 1.7429e+12  247    8 1.7437e+12 1.7410e+12  0.15%  14.9 1760s
 141213 57301 1.7411e+12   55    5 1.7437e+12 1.7410e+12  0.15%  14.8 1765s
 142269 57883 1.7420e+12   85    4 1.7437e+12 1.7410e+12  0.15%  14.8 1770s
 144374 58540 1.7425e+12  141    4 1.7437e+12 1.7410e+12  0.15%  14.7 1779s
 145414 58682 1.7426e+12  171    4 1.7437e+12 1.7410e+12  0.15%  14.7 1784s
 146441 58862 1.7428e+12  199   12 1.7437e+12 1.7410e+12  0.15%  14.7 1789s
 147466 59356 1.7430e+12  225    6 1.7437e+12 1.7410e+12  0.15%  14.8 1798s
 148522 59925 1.7411e+12   52    5 1.7437e+12 1.7410e+12  0.15%  14.8 1803s
 149578 60462 1.7412e+12   85    4 1.7437e+12 1.7410e+12  0.15%  14.8 1808s
 150633 60588 1.7413e+12  118    8 1.7437e+12 1.7410e+12  0.15%  14.8 1812s
 151684 60709 1.7423e+12  143    5 1.7437e+12 1.7410e+12  0.15%  14.7 1818s
 152737 60957 1.7423e+12  176    5 1.7437e+12 1.7410e+12  0.15%  14.7 1823s
 153791 61507 1.7426e+12  209    4 1.7437e+12 1.7410e+12  0.15%  14.6 1828s
 154834 62360 1.7428e+12  242   12 1.7437e+12 1.7410e+12  0.15%  14.7 1832s
 155853 63188 1.7411e+12   52    5 1.7437e+12 1.7411e+12  0.15%  14.7 1839s
 156756 64057 1.7412e+12   85    4 1.7437e+12 1.7411e+12  0.15%  14.7 1844s
 157772 64736 1.7413e+12  118    8 1.7437e+12 1.7411e+12  0.15%  14.7 1849s
 158664 65231 1.7423e+12  144    5 1.7437e+12 1.7411e+12  0.15%  14.9 1854s
 159451 65724 1.7423e+12  177    5 1.7437e+12 1.7411e+12  0.15%  15.2 1860s
 160280 66267 1.7426e+12  210    4 1.7437e+12 1.7411e+12  0.15%  15.6 1866s
 161240 67076 1.7428e+12  243    8 1.7437e+12 1.7411e+12  0.15%  15.7 1871s
 162296 67987 1.7411e+12   54    5 1.7437e+12 1.7411e+12  0.15%  15.7 1876s
 163351 68776 1.7412e+12   87    4 1.7437e+12 1.7411e+12  0.15%  15.7 1883s
 164407 69198 1.7413e+12  120    4 1.7437e+12 1.7411e+12  0.15%  15.6 1889s
 165462 69458 1.7423e+12  148    5 1.7437e+12 1.7411e+12  0.15%  15.6 1896s
 166518 69788 1.7425e+12  181    4 1.7437e+12 1.7411e+12  0.15%  15.5 1901s
 167573 70363 1.7426e+12  214    4 1.7437e+12 1.7411e+12  0.15%  15.5 1907s
 168620 71169 1.7428e+12  247    4 1.7437e+12 1.7411e+12  0.15%  15.5 1913s
 169661 72044 1.7412e+12   55    5 1.7437e+12 1.7411e+12  0.15%  15.5 1918s
 170708 72745 1.7413e+12   88    4 1.7437e+12 1.7411e+12  0.15%  15.5 1925s
 171756 73201 1.7414e+12  121    4 1.7437e+12 1.7411e+12  0.15%  15.4 1931s
 172809 73511 1.7424e+12  150    5 1.7437e+12 1.7411e+12  0.15%  15.4 1936s
 173860 73922 1.7425e+12  183    4 1.7437e+12 1.7411e+12  0.15%  15.3 1941s
 174916 74487 1.7426e+12  216    4 1.7437e+12 1.7411e+12  0.15%  15.3 1946s
 175928 75228 infeasible  245      1.7437e+12 1.7411e+12  0.15%  15.4 1953s
 176919 76004 1.7412e+12   54    5 1.7437e+12 1.7411e+12  0.15%  15.4 1975s
 177878 76652 1.7413e+12   79    5 1.7437e+12 1.7411e+12  0.15%  15.4 1985s
 178934 77358 1.7414e+12  110    4 1.7437e+12 1.7411e+12  0.15%  15.4 1991s
 179990 78117 1.7429e+12  135    4 1.7437e+12 1.7411e+12  0.15%  15.3 1997s
 181046 78803 1.7425e+12  167    5 1.7437e+12 1.7411e+12  0.15%  15.3 2003s
 182102 79330 1.7426e+12  200    4 1.7437e+12 1.7411e+12  0.15%  15.2 2009s
 183158 79848 1.7428e+12  229    4 1.7437e+12 1.7411e+12  0.15%  15.2 2014s
 184214 80354 1.7411e+12   40    5 1.7437e+12 1.7411e+12  0.15%  15.2 2020s
 185270 80989 1.7412e+12   73    5 1.7437e+12 1.7411e+12  0.15%  15.1 2026s
 186316 81629 1.7414e+12  106    4 1.7437e+12 1.7411e+12  0.15%  15.2 2032s
 187309 82307 1.7423e+12  135    5 1.7437e+12 1.7411e+12  0.15%  15.2 2038s
 188332 83018 1.7424e+12  168    5 1.7437e+12 1.7411e+12  0.15%  15.2 2043s
 189388 83726 1.7425e+12  201    4 1.7437e+12 1.7411e+12  0.15%  15.2 2048s
 190444 84529 1.7427e+12  234    4 1.7437e+12 1.7411e+12  0.15%  15.2 2053s
 191499 85188 1.7411e+12   35    5 1.7437e+12 1.7411e+12  0.15%  15.2 2059s
 192476 85742 1.7412e+12   68    4 1.7437e+12 1.7411e+12  0.15%  15.2 2063s
 193406 86450 1.7414e+12  101    4 1.7437e+12 1.7411e+12  0.15%  15.3 2069s
 194420 87216 1.7424e+12  126    5 1.7437e+12 1.7411e+12  0.15%  15.4 2074s
 195476 87987 1.7424e+12  158    5 1.7437e+12 1.7411e+12  0.15%  15.4 2079s
 196532 88601 1.7425e+12  191    4 1.7437e+12 1.7411e+12  0.15%  15.3 2084s
 197588 89126 1.7427e+12  224    4 1.7437e+12 1.7411e+12  0.15%  15.3 2089s
 198644 89585 1.7411e+12   34    5 1.7437e+12 1.7411e+12  0.15%  15.2 2093s
 199700 90103 1.7412e+12   65    4 1.7437e+12 1.7411e+12  0.15%  15.2 2098s
 200756 90746 1.7413e+12   97    4 1.7437e+12 1.7411e+12  0.15%  15.2 2103s
 201811 91441 1.7415e+12  127    4 1.7437e+12 1.7411e+12  0.15%  15.2 2108s
 202867 92225 1.7425e+12  156    5 1.7437e+12 1.7411e+12  0.15%  15.2 2113s
 203919 92896 1.7426e+12  188    8 1.7437e+12 1.7411e+12  0.15%  15.2 2118s
 204851 93390 1.7427e+12  220    4 1.7437e+12 1.7411e+12  0.15%  15.3 2122s
 205708 93875 1.7411e+12   41    5 1.7437e+12 1.7411e+12  0.15%  15.5 2127s
 206690 94477 1.7412e+12   74    5 1.7437e+12 1.7411e+12  0.15%  15.6 2136s
 207745 95117 1.7414e+12  107    4 1.7437e+12 1.7411e+12  0.15%  15.5 2141s
 208801 95820 1.7423e+12  136    5 1.7437e+12 1.7411e+12  0.15%  15.5 2147s
 209844 96362 1.7424e+12  169    5 1.7437e+12 1.7411e+12  0.15%  15.5 2152s
 210878 96872 1.7425e+12  202    4 1.7437e+12 1.7411e+12  0.15%  15.5 2158s
 211899 97254 1.7428e+12  235    4 1.7437e+12 1.7411e+12  0.15%  15.5 2163s
 212933 97825 1.7412e+12   46    5 1.7437e+12 1.7411e+12  0.15%  15.4 2169s
 213985 98667 1.7412e+12   79    5 1.7437e+12 1.7411e+12  0.15%  15.5 2174s
 215039 99438 1.7414e+12  112    4 1.7437e+12 1.7411e+12  0.15%  15.4 2179s
 216095 100131 1.7424e+12  141    5 1.7437e+12 1.7411e+12  0.15%  15.4 2183s
 217151 100686 1.7424e+12  174    5 1.7437e+12 1.7411e+12  0.15%  15.4 2188s
 218142 101093 1.7426e+12  207    4 1.7437e+12 1.7411e+12  0.15%  15.4 2193s
 219027 101497 1.7428e+12  240    4 1.7437e+12 1.7411e+12  0.15%  15.6 2198s
 219881 102057 1.7412e+12   51    5 1.7437e+12 1.7411e+12  0.15%  15.7 2204s
 220884 102846 1.7412e+12   82    4 1.7437e+12 1.7411e+12  0.15%  15.7 2210s
 221927 103639 1.7414e+12  109    4 1.7437e+12 1.7411e+12  0.15%  15.7 2215s
 222973 104443 1.7424e+12  140    5 1.7437e+12 1.7411e+12  0.15%  15.7 2220s
 224018 105068 1.7425e+12  171    5 1.7437e+12 1.7411e+12  0.15%  15.6 2225s
 225067 105454 1.7426e+12  204    4 1.7437e+12 1.7411e+12  0.15%  15.6 2230s
 227098 106178 1.7412e+12   55    5 1.7437e+12 1.7411e+12  0.15%  15.6 2240s
 228129 106857 1.7413e+12   88    4 1.7437e+12 1.7411e+12  0.15%  15.6 2246s
 229184 107659 1.7414e+12  121    4 1.7437e+12 1.7411e+12  0.15%  15.6 2251s
 230233 108450 1.7424e+12  151    5 1.7437e+12 1.7411e+12  0.15%  15.6 2256s
 231260 109091 1.7425e+12  184    4 1.7437e+12 1.7411e+12  0.15%  15.6 2261s
 232236 109597 1.7426e+12  217    4 1.7437e+12 1.7411e+12  0.15%  15.6 2266s
 233191 109997 infeasible  246      1.7437e+12 1.7411e+12  0.15%  15.7 2272s
 234006 110542 1.7412e+12   58    5 1.7437e+12 1.7411e+12  0.15%  15.8 2277s
 234893 111418 1.7413e+12   89    4 1.7437e+12 1.7411e+12  0.15%  16.0 2282s
 235873 112257 1.7415e+12  122    4 1.7437e+12 1.7411e+12  0.15%  16.0 2291s
 236924 113000 1.7424e+12  149    5 1.7437e+12 1.7411e+12  0.15%  16.0 2296s
 237980 113473 1.7425e+12  182    4 1.7437e+12 1.7411e+12  0.15%  16.0 2300s
 239036 113868 1.7426e+12  215    4 1.7437e+12 1.7411e+12  0.15%  16.0 2305s
 241148 114667 1.7412e+12   58    5 1.7437e+12 1.7411e+12  0.15%  15.9 2314s
 242196 115434 1.7413e+12   90    5 1.7437e+12 1.7411e+12  0.15%  15.9 2320s
 243232 116270 1.7414e+12  121    4 1.7437e+12 1.7411e+12  0.15%  15.9 2325s
 244236 116942 1.7425e+12  151    5 1.7437e+12 1.7411e+12  0.15%  15.9 2332s
 245271 117384 1.7426e+12  184    8 1.7437e+12 1.7411e+12  0.15%  15.9 2337s
 246327 117756 1.7427e+12  216    4 1.7437e+12 1.7411e+12  0.15%  15.8 2342s
 247368 118191 1.7412e+12   36    5 1.7437e+12 1.7411e+12  0.15%  15.8 2347s
 248424 118795 1.7412e+12   68    5 1.7437e+12 1.7411e+12  0.15%  15.8 2353s
 249460 119564 1.7413e+12   98    8 1.7437e+12 1.7411e+12  0.15%  15.8 2359s
 250501 120463 1.7415e+12  125   12 1.7437e+12 1.7411e+12  0.15%  15.8 2363s
 251555 121315 1.7424e+12  153    5 1.7437e+12 1.7411e+12  0.15%  15.7 2369s
 252594 121983 1.7425e+12  186    4 1.7437e+12 1.7411e+12  0.15%  15.7 2375s
 253464 122502 1.7426e+12  219    4 1.7437e+12 1.7411e+12  0.15%  15.8 2381s
 254242 123214 infeasible  243      1.7437e+12 1.7411e+12  0.15%  16.0 2386s
 255149 123952 1.7412e+12   61    5 1.7437e+12 1.7411e+12  0.15%  16.2 2391s
 256194 124771 1.7415e+12   87    5 1.7437e+12 1.7411e+12  0.15%  16.2 2396s
 257250 125548 1.7415e+12  118    5 1.7437e+12 1.7411e+12  0.15%  16.1 2401s
 258305 126258 1.7420e+12  149    5 1.7437e+12 1.7411e+12  0.15%  16.1 2407s
 259343 126646 1.7421e+12  178    4 1.7437e+12 1.7411e+12  0.15%  16.1 2412s
 260379 127093 1.7423e+12  205    4 1.7437e+12 1.7411e+12  0.15%  16.0 2418s
 261433 127635 1.7412e+12   62    5 1.7437e+12 1.7411e+12  0.15%  16.0 2423s
 262476 128257 1.7413e+12   92    4 1.7437e+12 1.7411e+12  0.15%  16.0 2429s
 263492 129167 1.7415e+12  123    4 1.7437e+12 1.7411e+12  0.15%  16.0 2435s
 264546 129937 1.7424e+12  150    5 1.7437e+12 1.7411e+12  0.15%  16.0 2440s
 265602 130640 1.7425e+12  182    4 1.7437e+12 1.7411e+12  0.15%  15.9 2449s
 266657 131207 1.7426e+12  215    8 1.7437e+12 1.7411e+12  0.15%  15.9 2455s
 267701 131619 1.7428e+12  246    4 1.7437e+12 1.7411e+12  0.15%  15.9 2462s
 268728 132149 1.7415e+12   42    5 1.7437e+12 1.7411e+12  0.15%  15.8 2468s
 269758 132784 1.7426e+12   58    5 1.7437e+12 1.7411e+12  0.15%  15.8 2475s
 270745 133517 1.7436e+12   68    5 1.7437e+12 1.7411e+12  0.15%  15.8 2481s
 271763 134360 1.7412e+12   57    5 1.7437e+12 1.7411e+12  0.15%  15.8 2487s
 272763 135142 1.7413e+12   89    4 1.7437e+12 1.7411e+12  0.15%  15.8 2494s
 273772 135826 1.7414e+12  120    4 1.7437e+12 1.7411e+12  0.15%  15.8 2500s
 274819 136309 infeasible  149      1.7437e+12 1.7411e+12  0.15%  15.8 2506s
 275869 136725 1.7426e+12  185    4 1.7437e+12 1.7411e+12  0.15%  15.8 2512s
 276925 137234 1.7427e+12  216    4 1.7437e+12 1.7411e+12  0.15%  15.7 2518s
 277977 138038 1.7411e+12   34    5 1.7437e+12 1.7411e+12  0.15%  15.7 2524s
 279033 138982 1.7414e+12   65    5 1.7437e+12 1.7411e+12  0.15%  15.7 2529s
 280071 139804 1.7413e+12   94    8 1.7437e+12 1.7411e+12  0.15%  15.7 2533s
 281068 140358 1.7415e+12  124   12 1.7437e+12 1.7411e+12  0.15%  15.7 2538s
 282106 140671 1.7424e+12  148    5 1.7437e+12 1.7411e+12  0.15%  15.7 2554s
 282914 141070 1.7424e+12  173    5 1.7437e+12 1.7411e+12  0.15%  15.7 2559s
 283960 141595 1.7426e+12  204    4 1.7437e+12 1.7411e+12  0.15%  15.7 2563s
 284981 142407 infeasible  232      1.7437e+12 1.7411e+12  0.15%  15.7 2568s
 286021 143295 1.7412e+12   42    5 1.7437e+12 1.7411e+12  0.15%  15.8 2573s
 287016 144107 1.7412e+12   72    4 1.7437e+12 1.7411e+12  0.15%  15.8 2578s
 288016 144632 1.7414e+12  103    4 1.7437e+12 1.7411e+12  0.15%  15.9 2588s
 289030 145012 1.7424e+12  133    5 1.7437e+12 1.7411e+12  0.15%  15.9 2593s
 290076 145442 1.7425e+12  165    5 1.7437e+12 1.7411e+12  0.15%  15.9 2599s
 291129 145891 1.7426e+12  198    4 1.7437e+12 1.7411e+12  0.15%  15.8 2605s
 292167 146529 1.7429e+12  231    8 1.7437e+12 1.7411e+12  0.15%  15.8 2611s
 293211 147365 1.7412e+12   51    5 1.7437e+12 1.7411e+12  0.15%  15.8 2617s
 294267 148277 1.7412e+12   84    4 1.7437e+12 1.7411e+12  0.15%  15.8 2622s
 295323 148960 1.7414e+12  117    4 1.7437e+12 1.7411e+12  0.15%  15.8 2631s
 296278 149379 1.7424e+12  147    5 1.7437e+12 1.7411e+12  0.15%  15.9 2636s
 297087 149893 1.7425e+12  180    4 1.7437e+12 1.7411e+12  0.15%  15.9 2643s
 298003 150521 1.7426e+12  213    4 1.7437e+12 1.7411e+12  0.15%  16.0 2652s
 298985 151195 1.7428e+12  246    4 1.7437e+12 1.7411e+12  0.15%  16.1 2661s
 299987 152013 1.7412e+12   51   10 1.7437e+12 1.7411e+12  0.15%  16.1 2667s
 301043 152905 1.7412e+12   83    4 1.7437e+12 1.7411e+12  0.15%  16.1 2671s
 302099 153639 1.7414e+12  116    4 1.7437e+12 1.7411e+12  0.15%  16.0 2676s
 303155 154240 1.7425e+12  148    5 1.7437e+12 1.7411e+12  0.15%  16.0 2681s
 304209 154663 1.7426e+12  181    4 1.7437e+12 1.7411e+12  0.15%  16.0 2686s
 305265 155186 1.7427e+12  214    4 1.7437e+12 1.7411e+12  0.15%  16.0 2690s
 306311 155955 1.7411e+12   35    5 1.7437e+12 1.7411e+12  0.15%  16.0 2695s
 307361 156819 1.7412e+12   66    9 1.7437e+12 1.7411e+12  0.15%  15.9 2700s
 308412 157649 1.7413e+12   97    4 1.7437e+12 1.7411e+12  0.15%  15.9 2705s
 309446 158265 1.7416e+12  129    4 1.7437e+12 1.7411e+12  0.15%  15.9 2710s
 310451 158718 1.7425e+12  160   10 1.7437e+12 1.7411e+12  0.15%  15.9 2715s
 311469 158733 1.7426e+12  192    4 1.7437e+12 1.7411e+12  0.15%  15.9 2760s
 311501 159245 1.7426e+12  193    8 1.7437e+12 1.7411e+12  0.15%  15.9 2765s
 312556 159830 1.7429e+12  225    8 1.7437e+12 1.7411e+12  0.15%  15.9 2770s
 313612 160608 1.7412e+12   47    5 1.7437e+12 1.7411e+12  0.15%  15.9 2775s
 314667 161399 1.7412e+12   78    5 1.7437e+12 1.7411e+12  0.15%  15.9 2780s
 315723 162054 1.7414e+12  108    4 1.7437e+12 1.7411e+12  0.15%  15.9 2785s
 317835 163069 1.7425e+12  169    5 1.7437e+12 1.7411e+12  0.15%  15.8 2794s
 318889 163561 1.7426e+12  199    4 1.7437e+12 1.7411e+12  0.15%  15.8 2799s
 319945 164152 1.7429e+12  230    4 1.7437e+12 1.7411e+12  0.15%  15.8 2804s
 319978 164152 1.7429e+12  225    8 1.7437e+12 1.7411e+12  0.15%  15.8 2805s
 322029 165883 1.7413e+12   92    4 1.7437e+12 1.7411e+12  0.15%  15.8 2813s
 323020 166724 1.7415e+12  125    4 1.7437e+12 1.7411e+12  0.15%  15.8 2818s
 324000 167265 1.7424e+12  155    5 1.7437e+12 1.7411e+12  0.15%  15.8 2823s
 325017 167642 1.7426e+12  188    8 1.7437e+12 1.7411e+12  0.15%  15.8 2831s
 326069 168273 1.7427e+12  221    4 1.7437e+12 1.7411e+12  0.15%  15.8 2836s
 327121 169049 1.7411e+12   33    5 1.7437e+12 1.7411e+12  0.15%  15.8 2840s
 328263 169961 1.7414e+12  110    4 1.7437e+12 1.7411e+12  0.15%  15.9 2845s
 330077 171269 1.7423e+12  129    5 1.7437e+12 1.7411e+12  0.15%  15.9 2856s
 331108 171881 1.7424e+12  162    5 1.7437e+12 1.7411e+12  0.15%  15.9 2860s
 332002 172452 1.7425e+12  195    4 1.7437e+12 1.7411e+12  0.15%  16.0 2866s
 332778 173267 1.7427e+12  228    4 1.7437e+12 1.7411e+12  0.15%  16.1 2871s
 333693 174022 1.7414e+12   49    5 1.7437e+12 1.7411e+12  0.15%  16.2 2876s
 334749 174824 1.7414e+12   78    5 1.7437e+12 1.7411e+12  0.15%  16.2 2883s
 335798 175601 1.7415e+12  104    5 1.7437e+12 1.7411e+12  0.15%  16.2 2889s
 336854 176354 1.7415e+12  134    4 1.7437e+12 1.7411e+12  0.15%  16.2 2894s
 337907 177088 1.7417e+12  165    4 1.7437e+12 1.7411e+12  0.15%  16.1 2899s
 338880 177793 1.7429e+12  186    4 1.7437e+12 1.7411e+12  0.15%  16.2 2905s
 339755 178652 1.7430e+12  219    4 1.7437e+12 1.7411e+12  0.15%  16.3 2911s
 340701 179310 1.7413e+12   71    5 1.7437e+12 1.7411e+12  0.15%  16.4 2917s
 341718 179951 1.7415e+12  102   10 1.7437e+12 1.7411e+12  0.15%  16.4 2924s
 342742 180654 1.7415e+12  135    4 1.7437e+12 1.7411e+12  0.15%  16.4 2930s
 343793 181450 1.7417e+12  168    4 1.7437e+12 1.7411e+12  0.15%  16.4 2936s
 344844 182210 1.7429e+12  194    4 1.7437e+12 1.7411e+12  0.15%  16.4 2941s
 345896 182849 1.7412e+12   37    5 1.7437e+12 1.7411e+12  0.15%  16.4 2948s
 346933 183269 1.7412e+12   70    4 1.7437e+12 1.7411e+12  0.15%  16.3 2955s
 347975 183592 1.7414e+12  103    4 1.7437e+12 1.7411e+12  0.15%  16.3 2971s
 348567 184375 1.7414e+12  120    4 1.7437e+12 1.7411e+12  0.15%  16.3 2977s
 349623 185160 1.7424e+12  150    5 1.7437e+12 1.7411e+12  0.15%  16.3 2983s
 350651 185908 1.7425e+12  183    4 1.7437e+12 1.7411e+12  0.15%  16.3 2989s
 351673 186639 1.7426e+12  216    8 1.7437e+12 1.7411e+12  0.15%  16.3 2996s
 352717 187342 infeasible  245      1.7437e+12 1.7411e+12  0.15%  16.3 3002s
 353754 187991 1.7412e+12   59    5 1.7437e+12 1.7411e+12  0.15%  16.2 3008s
 354801 188587 1.7414e+12   88    5 1.7437e+12 1.7411e+12  0.15%  16.2 3017s
 355853 189130 1.7415e+12  121    4 1.7437e+12 1.7411e+12  0.15%  16.2 3022s
 356902 189780 1.7416e+12  154    4 1.7437e+12 1.7411e+12  0.15%  16.2 3027s
 357951 190433 1.7427e+12  178    5 1.7437e+12 1.7411e+12  0.15%  16.2 3033s
 358992 191115 1.7429e+12  204    4 1.7437e+12 1.7411e+12  0.15%  16.2 3038s
 359980 191760 1.7412e+12   46   10 1.7437e+12 1.7411e+12  0.15%  16.1 3044s
 361035 192312 1.7412e+12   79    5 1.7437e+12 1.7411e+12  0.15%  16.1 3048s
 362090 192813 1.7415e+12  112    4 1.7437e+12 1.7411e+12  0.15%  16.1 3053s
 363140 193380 1.7416e+12  145    8 1.7437e+12 1.7411e+12  0.15%  16.1 3058s
 364124 194070 1.7418e+12  165    3 1.7437e+12 1.7411e+12  0.15%  16.1 3063s
 365081 194912 1.7424e+12  179    3 1.7437e+12 1.7411e+12  0.15%  16.1 3069s
 366056 195748 1.7425e+12  198    3 1.7437e+12 1.7411e+12  0.15%  16.1 3075s
 367026 196486 1.7426e+12  216    2 1.7437e+12 1.7411e+12  0.15%  16.1 3081s
 367952 197143 1.7427e+12  245    2 1.7437e+12 1.7411e+12  0.15%  16.2 3086s
 368780 197959 1.7412e+12   56    5 1.7437e+12 1.7411e+12  0.15%  16.3 3092s
 369656 198837 1.7413e+12   89    4 1.7437e+12 1.7411e+12  0.15%  16.4 3098s
 370584 198865 1.7415e+12  122    4 1.7437e+12 1.7411e+12  0.15%  16.5 3150s
 370618 198894 1.7415e+12  123    4 1.7437e+12 1.7411e+12  0.15%  16.5 3197s
 370650 199660 1.7415e+12  124    4 1.7437e+12 1.7411e+12  0.15%  16.5 3204s
 371693 200260 1.7424e+12  153    5 1.7437e+12 1.7411e+12  0.15%  16.5 3209s
 372749 201016 1.7425e+12  186    4 1.7437e+12 1.7411e+12  0.15%  16.5 3214s
 373805 201787 1.7426e+12  219    4 1.7437e+12 1.7411e+12  0.15%  16.4 3220s
 374861 202651 1.7411e+12   34    5 1.7437e+12 1.7411e+12  0.15%  16.4 3225s
 375917 203364 1.7412e+12   67    5 1.7437e+12 1.7411e+12  0.15%  16.4 3230s
 376973 203981 1.7413e+12  100    4 1.7437e+12 1.7411e+12  0.15%  16.4 3235s
 378029 204514 1.7423e+12  129   10 1.7437e+12 1.7411e+12  0.15%  16.3 3241s
 379082 205027 1.7424e+12  162    5 1.7437e+12 1.7411e+12  0.15%  16.3 3246s
 380130 205688 1.7425e+12  195    4 1.7437e+12 1.7411e+12  0.15%  16.3 3251s
 381179 206527 1.7427e+12  228    8 1.7437e+12 1.7411e+12  0.15%  16.3 3256s
 382229 207427 1.7412e+12   45    5 1.7437e+12 1.7411e+12  0.15%  16.3 3261s
 383210 208229 1.7412e+12   78    5 1.7437e+12 1.7411e+12  0.15%  16.3 3266s
 384110 209059 1.7414e+12  111    4 1.7437e+12 1.7411e+12  0.15%  16.4 3275s
 385028 209886 1.7416e+12  144    4 1.7437e+12 1.7411e+12  0.15%  16.5 3281s
 385992 210713 1.7418e+12  172    6 1.7437e+12 1.7411e+12  0.15%  16.7 3287s
 387035 211557 1.7425e+12  202    3 1.7437e+12 1.7411e+12  0.15%  16.8 3293s
 388074 212418 1.7426e+12  232    2 1.7437e+12 1.7411e+12  0.15%  16.8 3299s
 389130 213363 1.7427e+12  265    2 1.7437e+12 1.7411e+12  0.15%  16.8 3304s
 390186 214295 1.7412e+12   49    5 1.7437e+12 1.7411e+12  0.15%  16.8 3309s
 391242 215010 1.7412e+12   82    4 1.7437e+12 1.7411e+12  0.15%  16.8 3314s
 392298 215655 1.7414e+12  115    4 1.7437e+12 1.7411e+12  0.15%  16.8 3320s
 393354 216235 1.7424e+12  145    5 1.7437e+12 1.7411e+12  0.15%  16.7 3325s
 394410 216859 1.7424e+12  178    5 1.7437e+12 1.7411e+12  0.15%  16.7 3330s
 395465 217578 1.7426e+12  211    4 1.7437e+12 1.7411e+12  0.15%  16.7 3336s
 396520 218276 1.7428e+12  244    8 1.7437e+12 1.7411e+12  0.15%  16.7 3341s
 397576 218970 1.7412e+12   57    5 1.7437e+12 1.7411e+12  0.15%  16.7 3346s
 398632 219717 1.7413e+12   90    5 1.7437e+12 1.7411e+12  0.15%  16.6 3350s
 399682 220453 1.7415e+12  123    4 1.7437e+12 1.7411e+12  0.15%  16.6 3355s
 400662 221238 1.7424e+12  152    5 1.7437e+12 1.7411e+12  0.15%  16.7 3360s
 401665 222059 1.7425e+12  185    4 1.7437e+12 1.7411e+12  0.15%  16.7 3367s
 402671 222841 1.7426e+12  218    4 1.7437e+12 1.7411e+12  0.15%  16.7 3373s
 403691 223566 1.7411e+12   35    5 1.7437e+12 1.7411e+12  0.15%  16.7 3380s
 404709 224285 1.7412e+12   65    9 1.7437e+12 1.7411e+12  0.15%  16.7 3385s
 405755 225030 1.7413e+12   98    8 1.7437e+12 1.7411e+12  0.15%  16.7 3393s
 406781 225840 1.7424e+12  129    5 1.7437e+12 1.7411e+12  0.15%  16.6 3399s
 407833 226552 1.7425e+12  162    5 1.7437e+12 1.7411e+12  0.15%  16.6 3404s
 408889 227180 1.7426e+12  195    4 1.7437e+12 1.7411e+12  0.15%  16.6 3409s
 409945 227929 1.7428e+12  228    8 1.7437e+12 1.7411e+12  0.15%  16.6 3414s
 410997 228631 1.7416e+12   42    5 1.7437e+12 1.7411e+12  0.15%  16.5 3420s
 412018 229381 1.7431e+12   58    5 1.7437e+12 1.7411e+12  0.15%  16.5 3426s
 412983 230221 1.7436e+12   64    5 1.7437e+12 1.7411e+12  0.15%  16.6 3435s
 413968 231199 1.7413e+12   66    5 1.7437e+12 1.7411e+12  0.15%  16.6 3441s
 415011 232025 1.7415e+12   98    5 1.7437e+12 1.7411e+12  0.15%  16.6 3447s
 416043 232669 1.7416e+12  131    5 1.7437e+12 1.7411e+12  0.15%  16.6 3452s
 417004 233468 1.7417e+12  164    4 1.7437e+12 1.7411e+12  0.15%  16.7 3459s
 417981 234281 1.7429e+12  192    4 1.7437e+12 1.7411e+12  0.15%  16.7 3465s
 419003 235091 1.7413e+12   46   10 1.7437e+12 1.7411e+12  0.15%  16.7 3471s
 419979 235667 1.7413e+12   75    5 1.7437e+12 1.7411e+12  0.15%  16.8 3519s
 420650 236561 1.7415e+12   98    4 1.7437e+12 1.7411e+12  0.15%  16.7 3526s
 421682 237497 1.7416e+12  129    4 1.7437e+12 1.7411e+12  0.15%  16.7 3532s
 422738 238434 1.7417e+12  158   12 1.7437e+12 1.7411e+12  0.15%  16.7 3537s
 423770 239147 1.7419e+12  175    6 1.7437e+12 1.7411e+12  0.15%  16.7 3544s
 424807 239835 1.7424e+12  198    6 1.7437e+12 1.7411e+12  0.15%  16.7 3549s
 424939 239835 1.7419e+12  168    6 1.7437e+12 1.7411e+12  0.15%  16.7 3550s
 425821 240642 1.7426e+12  229    3 1.7437e+12 1.7411e+12  0.15%  16.8 3557s
 426809 241517 1.7427e+12  250    4 1.7437e+12 1.7411e+12  0.15%  16.8 3563s
 427859 242331     cutoff  277      1.7437e+12 1.7411e+12  0.15%  16.8 3569s
 428893 243203 1.7413e+12   74    5 1.7437e+12 1.7411e+12  0.15%  16.8 3575s
 429945 243999 1.7415e+12  105    8 1.7437e+12 1.7411e+12  0.15%  16.8 3581s
 430963 244696 1.7419e+12  133    5 1.7437e+12 1.7411e+12  0.15%  16.8 3588s
 431954 245553 1.7417e+12  153    4 1.7437e+12 1.7411e+12  0.15%  16.8 3594s
 432994 246296 1.7419e+12  174    6 1.7437e+12 1.7411e+12  0.15%  16.8 3600s

Cutting planes:
  Implied bound: 2
  Flow cover: 1
  Relax-and-lift: 2

Explored 433978 nodes (7374963 simplex iterations) in 3600.61 seconds (2401.81 work units)
Thread count was 32 (of 36 available processors)

Solution count 1: 1.7437e+12 

Time limit reached
Best objective 1.743699549078e+12, best bound 1.741092532019e+12, gap 0.1495%

User-callback calls 1316965, time in user-callback 0.31 sec
Set parameter TokenServer to value "license-1.hpc.nrel.gov"
Set parameter TimeLimit to value 3600
Set parameter MIPGap to value 0.001
Set parameter MIPGap to value 0.001
Set parameter TimeLimit to value 3600
Gurobi Optimizer version 9.5.1 build v9.5.1rc2 (linux64)
Thread count: 36 physical cores, 36 logical processors, using up to 32 threads
Optimize a model with 80158 rows, 992940 columns and 2033584 nonzeros
Model fingerprint: 0x96999af1
Coefficient statistics:
  Matrix range     [1e+00, 1e+05]
  Objective range  [2e-01, 2e+09]
  Bounds range     [1e+00, 1e+08]
  RHS range        [8e-01, 2e+06]
Warning: Model contains large objective coefficients
         Consider reformulating model or setting NumericFocus parameter
         to avoid numerical issues.

Concurrent LP optimizer: primal simplex, dual simplex, and barrier
Showing barrier log only...

Presolve removed 72360 rows and 410612 columns
Presolve time: 1.10s
Presolved: 7798 rows, 582328 columns, 1160340 nonzeros

Ordering time: 0.01s

Barrier statistics:
 AA' NZ     : 5.780e+05
 Factor NZ  : 1.063e+06 (roughly 240 MB of memory)
 Factor Ops : 1.876e+08 (less than 1 second per iteration)
 Threads    : 30

                  Objective                Residual
Iter       Primal          Dual         Primal    Dual     Compl     Time
   0   5.37355117e+12 -6.59532262e+11  4.74e+06 2.56e+02  1.64e+08     1s
   1   1.93457153e+12  9.40111412e+11  1.45e+05 3.64e-12  6.25e+06     1s
   2   1.81398024e+12  1.44669113e+12  4.95e+03 8.47e-01  7.70e+05     2s
   3   1.80642249e+12  1.57359009e+12  2.82e+03 3.64e-12  4.71e+05     2s
   4   1.78613843e+12  1.65069315e+12  9.51e+02 2.53e+00  2.53e+05     2s
   5   1.77448629e+12  1.69291804e+12  5.15e+02 1.39e+00  1.50e+05     2s
   6   1.76269381e+12  1.71423788e+12  1.74e+02 6.33e-01  8.58e+04     2s
   7   1.76026885e+12  1.72482108e+12  1.36e+02 4.35e-01  6.25e+04     2s
   8   1.75718826e+12  1.73421781e+12  1.01e+02 1.44e-01  4.05e+04     2s
   9   1.75402430e+12  1.73709575e+12  6.77e+01 3.64e-12  2.96e+04     2s
  10   1.75304306e+12  1.73927195e+12  5.98e+01 7.28e-02  2.41e+04     2s
  11   1.74995462e+12  1.74121470e+12  3.88e+01 1.09e-01  1.52e+04     2s
  12   1.74816081e+12  1.74231964e+12  2.70e+01 6.25e-02  1.01e+04     2s
  13   1.74640697e+12  1.74272711e+12  1.55e+01 4.26e-02  6.37e+03     2s

Barrier performed 13 iterations in 2.38 seconds (1.77 work units)
Barrier solve interrupted - model solved by another algorithm


Solved with primal simplex
Solved in 66134 iterations and 2.38 seconds (1.32 work units)
Optimal objective  1.743699549e+12

User-callback calls 157, time in user-callback 0.00 sec
[ Info:  started timer at: 2023-03-27T13:33:34.236
[ Info: Reading /projects/pvsoiling/RELOG/Manufacturing_40209_2/input/solver/case.json...
[ Info:          134 collection centers
[ Info:          268 candidate plant locations
[ Info: Building graph...
[ Info:           26 time periods
[ Info:          268 process nodes
[ Info:          268 shipping nodes (plant)
[ Info:          134 shipping nodes (collection)
[ Info:        36180 arcs
[ Info: Building optimization model...
[ Info: Optimizing MILP...
[ Info: Re-optimizing with integer variables fixed...
[ Info: Extracting solution...
[ Info:       3654.555999957s: 1 hour, 54 seconds, 555 milliseconds
