Set parameter TokenServer to value "license-1.hpc.nrel.gov"
Set parameter TimeLimit to value 3600
Set parameter MIPGap to value 0.001
Set parameter MIPGap to value 0.001
Set parameter TimeLimit to value 3600
Gurobi Optimizer version 9.5.1 build v9.5.1rc2 (linux64)
Thread count: 36 physical cores, 36 logical processors, using up to 32 threads
Optimize a model with 332904 rows, 1385332 columns and 2833700 nonzeros
Model fingerprint: 0x0fa10d23
Variable types: 1369264 continuous, 16068 integer (16068 binary)
Coefficient statistics:
  Matrix range     [3e-06, 1e+06]
  Objective range  [2e-01, 2e+07]
  Bounds range     [1e+04, 1e+08]
  RHS range        [1e-03, 2e+05]
Presolve removed 303464 rows and 282820 columns (presolve time = 5s) ...
Presolve removed 303464 rows and 282820 columns
Presolve time: 5.67s
Presolved: 29440 rows, 1102512 columns, 2235615 nonzeros
Variable types: 1092006 continuous, 10506 integer (10506 binary)

Deterministic concurrent LP optimizer: primal simplex, dual simplex, and barrier
Showing barrier log only...

Root barrier log...

Ordering time: 1.29s
Ordering time: 2.78s

Barrier statistics:
 Dense cols : 2
 AA' NZ     : 1.179e+06
 Factor NZ  : 1.624e+07 (roughly 600 MB of memory)
 Factor Ops : 2.887e+10 (less than 1 second per iteration)
 Threads    : 29

                  Objective                Residual
Iter       Primal          Dual         Primal    Dual     Compl     Time
   0   2.72716852e+14 -2.78973778e+14  4.10e+06 1.80e+03  7.10e+09    17s
   1   4.20884697e+13 -1.16065534e+14  6.32e+05 3.73e-09  1.11e+09    17s
   2   1.37981609e+13 -3.16920769e+13  2.07e+05 5.48e-08  3.58e+08    18s
   3   3.52848276e+11 -7.52600518e+12  5.17e+03 5.50e-08  1.19e+07    18s
   4   3.22050168e+10 -7.32712491e+11  3.59e+02 3.77e-01  8.75e+05    19s
   5   2.45897359e+10 -5.70855600e+11  2.42e+02 2.65e-01  6.14e+05    19s
   6   1.36687315e+10 -3.28612512e+11  8.01e+01 1.25e-01  2.60e+05    19s
   7   1.03891965e+10 -1.90609797e+11  3.11e+01 5.29e-02  1.27e+05    19s
   8   8.93079038e+09 -1.10767116e+11  1.10e+01 2.27e-02  6.50e+04    20s
   9   7.94196333e+09 -4.82569160e+10  3.20e+00 6.06e-03  2.77e+04    20s
  10   5.49559984e+09 -2.15350620e+10  1.14e+00 6.86e-04  1.27e+04    20s
  11   4.87532330e+09 -9.83938670e+09  6.81e-01 2.50e-05  6.85e+03    20s
  12   4.58756061e+09 -5.71119915e+09  5.12e-01 2.72e-05  4.77e+03    21s
  13   4.25183090e+09 -2.93079677e+09  3.06e-01 7.25e-05  3.30e+03    21s
  14   4.05437856e+09 -1.81787178e+09  2.13e-01 3.73e-09  2.68e+03    21s
  15   3.92683091e+09 -4.65391839e+08  1.51e-01 7.45e-09  2.00e+03    22s
  16   3.77853677e+09  5.65556884e+08  9.90e-02 3.73e-09  1.46e+03    22s
  17   3.65342045e+09  1.36068057e+09  7.65e-02 3.73e-09  1.04e+03    22s
  18   3.56358849e+09  1.76096887e+09  6.21e-02 3.73e-09  8.15e+02    23s
  19   3.50773356e+09  1.96945256e+09  5.52e-02 3.73e-09  6.95e+02    23s
  20   3.45367038e+09  2.18460326e+09  4.75e-02 3.73e-09  5.73e+02    24s
  21   3.42798580e+09  2.29073776e+09  4.38e-02 3.73e-09  5.14e+02    24s
  22   3.40707730e+09  2.35213778e+09  4.13e-02 3.73e-09  4.76e+02    25s
  23   3.35839123e+09  2.48049935e+09  3.59e-02 3.73e-09  3.96e+02    25s
  24   3.31067526e+09  2.53915220e+09  2.76e-02 3.73e-09  3.48e+02    26s
  25   3.28586509e+09  2.60201060e+09  2.50e-02 3.73e-09  3.08e+02    26s
  26   3.27072667e+09  2.61460239e+09  2.35e-02 7.45e-09  2.96e+02    27s
  27   3.22362383e+09  2.71296797e+09  1.95e-02 3.73e-09  2.30e+02    27s
  28   3.16845452e+09  2.75965340e+09  1.67e-02 3.73e-09  1.84e+02    28s
  29   3.11867340e+09  2.80124395e+09  1.32e-02 3.73e-09  1.43e+02    29s
  30   3.07523543e+09  2.84277980e+09  9.68e-03 3.73e-09  1.05e+02    29s
  31   3.03974830e+09  2.86386381e+09  7.00e-03 3.73e-09  7.92e+01    30s
  32   3.01290955e+09  2.88242287e+09  5.24e-03 3.73e-09  5.87e+01    30s
  33   2.98238708e+09  2.89559068e+09  3.09e-03 3.73e-09  3.91e+01    31s
  34   2.96557377e+09  2.90341471e+09  2.11e-03 3.73e-09  2.80e+01    32s
  35   2.95331102e+09  2.91323126e+09  1.44e-03 3.73e-09  1.80e+01    32s
  36   2.94149346e+09  2.91672081e+09  1.66e-03 3.73e-09  1.11e+01    33s
  37   2.93738005e+09  2.91969930e+09  1.50e-03 3.73e-09  7.95e+00    34s
  38   2.93314273e+09  2.92124951e+09  7.50e-04 7.45e-09  5.35e+00    35s
  39   2.92985082e+09  2.92202021e+09  4.81e-04 3.73e-09  3.52e+00    35s
  40   2.92904447e+09  2.92223636e+09  4.13e-04 3.73e-09  3.06e+00    35s
  41   2.92819939e+09  2.92248719e+09  3.44e-04 3.73e-09  2.57e+00    35s
  42   2.92624387e+09  2.92296931e+09  1.87e-04 3.73e-09  1.47e+00    36s
  43   2.92526840e+09  2.92324704e+09  1.12e-04 3.73e-09  9.09e-01    36s
  44   2.92466362e+09  2.92336993e+09  6.77e-05 3.73e-09  5.82e-01    36s
  45   2.92422386e+09  2.92344538e+09  3.74e-05 3.73e-09  3.50e-01    36s
  46   2.92392571e+09  2.92352256e+09  1.78e-05 3.73e-09  1.81e-01    37s
  47   2.92378806e+09  2.92355942e+09  9.42e-06 3.73e-09  1.03e-01    37s
  48   2.92373186e+09  2.92358793e+09  6.15e-06 3.73e-09  6.47e-02    37s
  49   2.92368204e+09  2.92360044e+09  3.37e-06 3.73e-09  3.67e-02    37s
  50   2.92364847e+09  2.92360782e+09  1.53e-06 3.73e-09  1.83e-02    38s
  51   2.92363436e+09  2.92361219e+09  7.95e-07 3.73e-09  9.97e-03    38s
  52   2.92362755e+09  2.92361472e+09  4.48e-07 3.73e-09  5.77e-03    38s
  53   2.92362433e+09  2.92361625e+09  2.87e-07 3.73e-09  3.63e-03    38s
  54   2.92362159e+09  2.92361707e+09  1.52e-07 3.73e-09  2.03e-03    39s
  55   2.92361993e+09  2.92361750e+09  7.30e-08 3.73e-09  1.09e-03    39s
  56   2.92361921e+09  2.92361778e+09  4.36e-08 3.73e-09  6.40e-04    39s
  57   2.92361869e+09  2.92361793e+09  2.11e-08 3.73e-09  3.40e-04    39s
  58   2.92361842e+09  2.92361803e+09  1.16e-08 3.73e-09  1.71e-04    40s
  59   2.92361829e+09  2.92361812e+09  7.10e-09 3.73e-09  7.54e-05    40s
  60   2.92361816e+09  2.92361814e+09  2.92e-09 7.45e-09  9.70e-06    40s
  61   2.92361815e+09  2.92361815e+09  2.72e-09 3.73e-09  1.92e-06    40s
  62   2.92361815e+09  2.92361815e+09  1.81e-09 7.45e-09  1.88e-08    40s
  63   2.92361815e+09  2.92361815e+09  1.60e-10 3.73e-09  8.12e-12    41s

Barrier solved model in 63 iterations and 40.72 seconds (36.92 work units)
Optimal objective 2.92361815e+09


Root crossover log...

   27459 DPushes remaining with DInf 1.1186953e-04                41s
       0 DPushes remaining with DInf 0.0000000e+00                41s

     460 PPushes remaining with PInf 0.0000000e+00                41s
       0 PPushes remaining with PInf 0.0000000e+00                41s

  Push phase complete: Pinf 0.0000000e+00, Dinf 7.8704526e-09     41s


Root simplex log...

Iteration    Objective       Primal Inf.    Dual Inf.      Time
   21073    2.9236181e+09   0.000000e+00   0.000000e+00     41s
   21073    2.9236181e+09   0.000000e+00   0.000000e+00     42s
Concurrent spin time: 6.15s (can be avoided by choosing Method=3)

Solved with barrier

Root relaxation: objective 2.923618e+09, 21073 iterations, 40.15 seconds (28.90 work units)

    Nodes    |    Current Node    |     Objective Bounds      |     Work
 Expl Unexpl |  Obj  Depth IntInf | Incumbent    BestBd   Gap | It/Node Time

     0     0 2.9236e+09    0  250          - 2.9236e+09      -     -   51s
H    0     0                    3.161767e+09 2.9236e+09  7.53%     -   52s
H    0     0                    3.144349e+09 2.9236e+09  7.02%     -   54s
H    0     0                    3.141315e+09 2.9236e+09  6.93%     -   58s
H    0     0                    3.140851e+09 2.9236e+09  6.92%     -   59s
     0     0 2.9245e+09    0  301 3.1409e+09 2.9245e+09  6.89%     -   68s
     0     0 2.9246e+09    0  307 3.1409e+09 2.9246e+09  6.89%     -   75s
     0     0 2.9246e+09    0  302 3.1409e+09 2.9246e+09  6.89%     -   76s
     0     0 2.9246e+09    0  304 3.1409e+09 2.9246e+09  6.89%     -   77s
     0     0 2.9246e+09    0  303 3.1409e+09 2.9246e+09  6.89%     -   78s
     0     0 2.9246e+09    0  304 3.1409e+09 2.9246e+09  6.89%     -   78s
     0     0 2.9253e+09    0  304 3.1409e+09 2.9253e+09  6.86%     -  117s
H    0     0                    3.101023e+09 2.9253e+09  5.67%     -  118s
H    0     0                    3.100549e+09 2.9253e+09  5.65%     -  118s
     0     0 2.9254e+09    0  293 3.1005e+09 2.9254e+09  5.65%     -  133s
     0     0 2.9254e+09    0  303 3.1005e+09 2.9254e+09  5.65%     -  138s
     0     0 2.9254e+09    0  299 3.1005e+09 2.9254e+09  5.65%     -  141s
     0     0 2.9254e+09    0  299 3.1005e+09 2.9254e+09  5.65%     -  144s
     0     0 2.9254e+09    0  295 3.1005e+09 2.9254e+09  5.65%     -  146s
     0     0 2.9254e+09    0  300 3.1005e+09 2.9254e+09  5.65%     -  148s
     0     0 2.9254e+09    0  299 3.1005e+09 2.9254e+09  5.65%     -  151s
     0     0 2.9254e+09    0  302 3.1005e+09 2.9254e+09  5.65%     -  153s
     0     0 2.9254e+09    0  302 3.1005e+09 2.9254e+09  5.65%     -  155s
     0     0 2.9254e+09    0  302 3.1005e+09 2.9254e+09  5.65%     -  157s
     0     0 2.9254e+09    0  301 3.1005e+09 2.9254e+09  5.65%     -  161s
     0     0 2.9254e+09    0  304 3.1005e+09 2.9254e+09  5.65%     -  163s
     0     0 2.9254e+09    0  302 3.1005e+09 2.9254e+09  5.65%     -  166s
     0     0 2.9259e+09    0  291 3.1005e+09 2.9259e+09  5.63%     -  227s
H    0     0                    3.070573e+09 2.9259e+09  4.71%     -  244s
H    0     0                    3.069757e+09 2.9259e+09  4.69%     -  244s
H    0     0                    3.064420e+09 2.9259e+09  4.52%     -  244s
     0     0 2.9260e+09    0  293 3.0644e+09 2.9260e+09  4.52%     -  276s
     0     0 2.9260e+09    0  296 3.0644e+09 2.9260e+09  4.52%     -  299s
     0     0 2.9261e+09    0  300 3.0644e+09 2.9261e+09  4.52%     -  307s
     0     0 2.9261e+09    0  308 3.0644e+09 2.9261e+09  4.51%     -  314s
     0     0 2.9261e+09    0  311 3.0644e+09 2.9261e+09  4.51%     -  319s
     0     0 2.9261e+09    0  309 3.0644e+09 2.9261e+09  4.51%     -  323s
     0     0 2.9265e+09    0  342 3.0644e+09 2.9265e+09  4.50%     -  485s
H    0     0                    3.048006e+09 2.9265e+09  3.99%     -  502s
H    0     0                    3.045245e+09 2.9265e+09  3.90%     -  502s
H    0     0                    3.030199e+09 2.9265e+09  3.42%     -  502s
H    0     0                    3.029155e+09 2.9265e+09  3.39%     -  506s
     0     0 2.9266e+09    0  356 3.0292e+09 2.9266e+09  3.38%     -  548s
     0     0 2.9267e+09    0  334 3.0292e+09 2.9267e+09  3.38%     -  572s
     0     0 2.9267e+09    0  316 3.0292e+09 2.9267e+09  3.38%     -  617s
     0     0 2.9267e+09    0  329 3.0292e+09 2.9267e+09  3.38%     -  633s
     0     0 2.9267e+09    0  333 3.0292e+09 2.9267e+09  3.38%     -  645s
     0     0 2.9267e+09    0  332 3.0292e+09 2.9267e+09  3.38%     -  660s
     0     0 2.9267e+09    0  325 3.0292e+09 2.9267e+09  3.38%     -  671s
     0     0 2.9267e+09    0  322 3.0292e+09 2.9267e+09  3.38%     -  678s
     0     0 2.9267e+09    0  334 3.0292e+09 2.9267e+09  3.38%     -  682s
     0     0 2.9271e+09    0  375 3.0292e+09 2.9271e+09  3.37%     -  890s
     0     0 2.9271e+09    0  361 3.0292e+09 2.9271e+09  3.37%     -  942s
     0     0 2.9272e+09    0  368 3.0292e+09 2.9272e+09  3.37%     -  970s
     0     0 2.9272e+09    0  388 3.0292e+09 2.9272e+09  3.37%     -  993s
     0     0 2.9272e+09    0  397 3.0292e+09 2.9272e+09  3.37%     - 1005s
     0     0 2.9272e+09    0  391 3.0292e+09 2.9272e+09  3.37%     - 1017s
     0     0 2.9272e+09    0  398 3.0292e+09 2.9272e+09  3.37%     - 1028s
     0     0 2.9272e+09    0  393 3.0292e+09 2.9272e+09  3.37%     - 1034s
     0     0 2.9273e+09    0  391 3.0292e+09 2.9273e+09  3.36%     - 1206s
H    0     0                    2.990284e+09 2.9273e+09  2.11%     - 1207s
H    0     0                    2.979165e+09 2.9273e+09  1.74%     - 1238s
     0     0 2.9274e+09    0  377 2.9792e+09 2.9274e+09  1.74%     - 1296s
     0     0 2.9274e+09    0  397 2.9792e+09 2.9274e+09  1.74%     - 1335s
     0     0 2.9274e+09    0  390 2.9792e+09 2.9274e+09  1.74%     - 1354s
     0     0 2.9274e+09    0  408 2.9792e+09 2.9274e+09  1.74%     - 1371s
     0     0 2.9274e+09    0  384 2.9792e+09 2.9274e+09  1.74%     - 1386s
     0     0 2.9274e+09    0  363 2.9792e+09 2.9274e+09  1.74%     - 1397s
     0     0 2.9274e+09    0  381 2.9792e+09 2.9274e+09  1.74%     - 1412s
     0     0 2.9274e+09    0  389 2.9792e+09 2.9274e+09  1.74%     - 1420s
     0     0 2.9275e+09    0  419 2.9792e+09 2.9275e+09  1.73%     - 1620s
H    0     0                    2.978757e+09 2.9275e+09  1.72%     - 1622s
     0     0 2.9276e+09    0  423 2.9788e+09 2.9276e+09  1.72%     - 1738s
     0     0 2.9276e+09    0  429 2.9788e+09 2.9276e+09  1.72%     - 1799s
     0     0 2.9276e+09    0  417 2.9788e+09 2.9276e+09  1.72%     - 1836s
     0     0 2.9276e+09    0  455 2.9788e+09 2.9276e+09  1.72%     - 1859s
     0     0 2.9276e+09    0  383 2.9788e+09 2.9276e+09  1.72%     - 1875s
     0     0 2.9277e+09    0  430 2.9788e+09 2.9277e+09  1.71%     - 2088s
H    0     0                    2.975304e+09 2.9277e+09  1.60%     - 2090s
     0     0 2.9277e+09    0  282 2.9753e+09 2.9277e+09  1.60%     - 2216s
     0     0 2.9277e+09    0  195 2.9753e+09 2.9277e+09  1.60%     - 2245s
     0     0 2.9277e+09    0   60 2.9753e+09 2.9277e+09  1.60%     - 2331s
H    0     0                    2.945608e+09 2.9277e+09  0.61%     - 2356s
H    0     0                    2.945151e+09 2.9277e+09  0.59%     - 2357s
     0     0 2.9277e+09    0   52 2.9452e+09 2.9277e+09  0.59%     - 2361s
     0     0 2.9277e+09    0   91 2.9452e+09 2.9277e+09  0.59%     - 2435s
     0     0 2.9277e+09    0   91 2.9452e+09 2.9277e+09  0.59%     - 2449s
H    0     0                    2.940348e+09 2.9277e+09  0.43%     - 2634s
H    0     0                    2.939150e+09 2.9277e+09  0.39%     - 2642s
H    0     0                    2.934362e+09 2.9277e+09  0.23%     - 2685s
     0     2 2.9277e+09    0   91 2.9344e+09 2.9277e+09  0.23%     - 2693s
     1     4 2.9277e+09    1   89 2.9344e+09 2.9277e+09  0.23%  1271 2707s
     3     8 2.9278e+09    2   94 2.9344e+09 2.9278e+09  0.23%  2053 2756s
     7    16 2.9278e+09    3  136 2.9344e+09 2.9278e+09  0.22%  2878 3149s
    15    32 2.9278e+09    4   86 2.9344e+09 2.9278e+09  0.22%  5189 3228s
    31    64 2.9278e+09    5   87 2.9344e+09 2.9278e+09  0.22%  4277 3277s
    63    96 2.9278e+09    6   86 2.9344e+09 2.9278e+09  0.22%  2588 3323s
H   95   128                    2.934276e+09 2.9278e+09  0.22%  1977 3601s

Cutting planes:
  Implied bound: 8969
  MIR: 129
  Flow cover: 1168
  Flow path: 940
  Network: 4
  RLT: 184
  Relax-and-lift: 934

Explored 127 nodes (464275 simplex iterations) in 3601.91 seconds (4684.08 work units)
Thread count was 32 (of 36 available processors)

Solution count 10: 2.93428e+09 2.93436e+09 2.93915e+09 ... 2.99028e+09

Time limit reached
Best objective 2.934275503958e+09, best bound 2.927820171511e+09, gap 0.2200%

User-callback calls 384380, time in user-callback 0.13 sec
Set parameter TokenServer to value "license-1.hpc.nrel.gov"
Set parameter TimeLimit to value 3600
Set parameter MIPGap to value 0.001
Set parameter MIPGap to value 0.001
Set parameter TimeLimit to value 3600
Gurobi Optimizer version 9.5.1 build v9.5.1rc2 (linux64)
Thread count: 36 physical cores, 36 logical processors, using up to 32 threads
Optimize a model with 332904 rows, 1385332 columns and 2833700 nonzeros
Model fingerprint: 0x056b2ba3
Coefficient statistics:
  Matrix range     [3e-06, 1e+06]
  Objective range  [2e-01, 2e+07]
  Bounds range     [4e-12, 1e+08]
  RHS range        [1e-03, 2e+05]

Concurrent LP optimizer: primal simplex, dual simplex, and barrier
Showing barrier log only...

Presolve removed 329734 rows and 1319537 columns
Presolve time: 1.28s
Presolved: 3170 rows, 65795 columns, 131100 nonzeros

Ordering time: 0.01s

Barrier statistics:
 AA' NZ     : 6.451e+04
 Factor NZ  : 1.079e+05 (roughly 30 MB of memory)
 Factor Ops : 4.815e+06 (less than 1 second per iteration)
 Threads    : 30

                  Objective                Residual
Iter       Primal          Dual         Primal    Dual     Compl     Time
   0   4.41219280e+12 -1.57099824e+11  9.37e+07 1.66e+02  2.59e+08     1s
   1   1.11705326e+12 -4.85000584e+10  2.37e+07 4.26e-13  6.63e+07     1s
   2   1.68154849e+11 -5.83891476e+09  3.50e+06 2.05e-12  9.92e+06     1s
   3   4.63516757e+10 -4.76356271e+08  9.14e+05 3.92e-12  2.61e+06     1s
   4   1.90717237e+10 -6.86250849e+07  3.35e+05 3.41e-12  9.85e+05     1s
   5   8.96251185e+09  7.44395390e+08  1.20e+05 9.61e-12  3.70e+05     1s
   6   3.90914741e+09  1.87073457e+09  1.47e+04 4.60e-12  5.77e+04     1s
   7   3.38517933e+09  2.44427659e+09  4.84e+03 2.33e-12  2.15e+04     1s
   8   3.09384619e+09  2.72650668e+09  7.10e+02 1.48e-12  6.29e+03     1s
   9   3.00904570e+09  2.83944728e+09  1.60e+02 6.82e-13  2.64e+03     1s
  10   2.96808720e+09  2.89179226e+09  2.32e+01 3.41e-13  1.14e+03     1s
  11   2.95305029e+09  2.91627299e+09  8.65e+00 5.12e-13  5.47e+02     1s
  12   2.94128408e+09  2.92259485e+09  1.09e+00 5.12e-13  2.77e+02     1s
  13   2.93917489e+09  2.92930136e+09  6.50e-01 2.84e-13  1.46e+02     1s
  14   2.93686782e+09  2.93214970e+09  2.84e-01 3.27e-13  6.99e+01     2s
  15   2.93547802e+09  2.93327050e+09  1.15e-01 3.01e-12  3.27e+01     2s
  16   2.93472331e+09  2.93376895e+09  3.90e-02 1.19e-12  1.41e+01     2s
  17   2.93447361e+09  2.93405387e+09  1.70e-02 5.54e-13  6.21e+00     2s
  18   2.93431792e+09  2.93412472e+09  4.86e-03 3.92e-12  2.86e+00     2s
  19   2.93425159e+09  2.93422716e+09  1.74e-04 1.85e-13  3.62e-01     2s
  20   2.93424559e+09  2.93423874e+09  4.89e-05 7.56e-12  1.01e-01     2s
  21   2.93424358e+09  2.93424189e+09  8.88e-06 3.92e-12  2.52e-02     2s
  22   2.93424308e+09  2.93424291e+09  6.27e-07 1.48e-11  2.62e-03     2s
  23   2.93424301e+09  2.93424301e+09  1.65e-08 4.01e-12  1.15e-05     2s
  24   2.93424301e+09  2.93424301e+09  5.48e-09 5.47e-13  2.11e-07     2s
  25   2.93424301e+09  2.93424301e+09  1.22e-10 1.54e-12  2.85e-08     2s
  26   2.93424301e+09  2.93424301e+09  9.64e-11 1.14e-13  1.26e-09     2s

Barrier solved model in 26 iterations and 1.62 seconds (1.05 work units)
Optimal objective 2.93424301e+09

Crossover log...

       1 DPushes remaining with DInf 0.0000000e+00                 2s
       0 DPushes remaining with DInf 0.0000000e+00                 2s

     269 PPushes remaining with PInf 0.0000000e+00                 2s
       0 PPushes remaining with PInf 0.0000000e+00                 2s

  Push phase complete: Pinf 0.0000000e+00, Dinf 7.7307050e-12      2s

Iteration    Objective       Primal Inf.    Dual Inf.      Time
     273    2.9342430e+09   0.000000e+00   0.000000e+00      2s

Solved with dual simplex
Solved in 4584 iterations and 2.16 seconds (1.06 work units)
Optimal objective  2.934243013e+09

User-callback calls 520, time in user-callback 0.00 sec
[ Info:  started timer at: 2023-03-28T00:53:18.896
[ Info: Reading /projects/pvsoiling/RELOG/Recycling_cap_NAICS_2/input/solver/case.json...
[ Info:          134 collection centers
[ Info:          309 candidate plant locations
[ Info: Building graph...
[ Info:           26 time periods
[ Info:          309 process nodes
[ Info:         4944 shipping nodes (plant)
[ Info:          134 shipping nodes (collection)
[ Info:        46350 arcs
[ Info: Building optimization model...
[ Info: Optimizing MILP...
[ Info: Re-optimizing with integer variables fixed...
[ Info: Extracting solution...
[ Info:        3654.17428061s: 1 hour, 54 seconds, 174 milliseconds
