Set parameter TokenServer to value "license-1.hpc.nrel.gov"
Set parameter TimeLimit to value 3600
Set parameter MIPGap to value 0.001
Set parameter MIPGap to value 0.001
Set parameter TimeLimit to value 3600
Gurobi Optimizer version 9.5.1 build v9.5.1rc2 (linux64)
Thread count: 36 physical cores, 36 logical processors, using up to 32 threads
Optimize a model with 332260 rows, 1381848 columns and 2818080 nonzeros
Model fingerprint: 0xe747d4c9
Variable types: 1365780 continuous, 16068 integer (16068 binary)
Coefficient statistics:
  Matrix range     [3e-06, 1e+04]
  Objective range  [2e-01, 2e+07]
  Bounds range     [1e+04, 1e+08]
  RHS range        [1e-03, 2e+05]
Presolve removed 313017 rows and 289533 columns
Presolve time: 3.74s
Presolved: 19243 rows, 1092315 columns, 2192046 nonzeros
Variable types: 1092006 continuous, 309 integer (309 binary)

Deterministic concurrent LP optimizer: primal and dual simplex
Showing first log only...


Root simplex log...

Iteration    Objective       Primal Inf.    Dual Inf.      Time
       0    3.7346884e+09   7.724138e+05   7.846421e+11      8s
  122032    3.0859289e+09   0.000000e+00   1.788819e+08     10s
  203370    3.0530232e+09   0.000000e+00   0.000000e+00     13s
Concurrent spin time: 0.24s

Solved with primal simplex

Root relaxation: objective 3.053023e+09, 203370 iterations, 8.11 seconds (7.47 work units)

    Nodes    |    Current Node    |     Objective Bounds      |     Work
 Expl Unexpl |  Obj  Depth IntInf | Incumbent    BestBd   Gap | It/Node Time

     0     0 3.0530e+09    0   20          - 3.0530e+09      -     -   14s
H    0     0                    3.254530e+09 3.0530e+09  6.19%     -   15s
     0     0 3.0534e+09    0   22 3.2545e+09 3.0534e+09  6.18%     -   23s
     0     0 3.0534e+09    0   24 3.2545e+09 3.0534e+09  6.18%     -   27s
     0     0 3.0534e+09    0   24 3.2545e+09 3.0534e+09  6.18%     -   27s
     0     0 3.0534e+09    0   24 3.2545e+09 3.0534e+09  6.18%     -   28s
     0     0 3.0536e+09    0   19 3.2545e+09 3.0536e+09  6.17%     -   32s
H    0     0                    3.211763e+09 3.0536e+09  4.93%     -   33s
     0     0 3.0536e+09    0   19 3.2118e+09 3.0536e+09  4.92%     -   36s
     0     0 3.0536e+09    0   20 3.2118e+09 3.0536e+09  4.92%     -   36s
     0     0 3.0536e+09    0   19 3.2118e+09 3.0536e+09  4.92%     -   37s
     0     0 3.0536e+09    0   19 3.2118e+09 3.0536e+09  4.92%     -   37s
     0     0 3.0538e+09    0   19 3.2118e+09 3.0538e+09  4.92%     -   41s
H    0     0                    3.195499e+09 3.0538e+09  4.44%     -   42s
     0     0 3.0538e+09    0   18 3.1955e+09 3.0538e+09  4.43%     -   44s
     0     0 3.0538e+09    0   18 3.1955e+09 3.0538e+09  4.43%     -   45s
     0     0 3.0538e+09    0   18 3.1955e+09 3.0538e+09  4.43%     -   45s
     0     0 3.0538e+09    0   17 3.1955e+09 3.0538e+09  4.43%     -   46s
     0     0 3.0538e+09    0   17 3.1955e+09 3.0538e+09  4.43%     -   46s
     0     0 3.0539e+09    0   19 3.1955e+09 3.0539e+09  4.43%     -   50s
H    0     0                    3.146507e+09 3.0539e+09  2.94%     -   51s
     0     0 3.0539e+09    0   17 3.1465e+09 3.0539e+09  2.94%     -   54s
     0     0 3.0540e+09    0   15 3.1465e+09 3.0540e+09  2.94%     -   56s
     0     0 3.0540e+09    0   17 3.1465e+09 3.0540e+09  2.94%     -   57s
     0     0 3.0540e+09    0   17 3.1465e+09 3.0540e+09  2.94%     -   59s
     0     0 3.0540e+09    0   17 3.1465e+09 3.0540e+09  2.94%     -   60s
     0     0 3.0540e+09    0   18 3.1465e+09 3.0540e+09  2.94%     -   61s
     0     0 3.0540e+09    0   17 3.1465e+09 3.0540e+09  2.94%     -   61s
     0     0 3.0541e+09    0   16 3.1465e+09 3.0541e+09  2.94%     -   72s
H    0     0                    3.115370e+09 3.0541e+09  1.97%     -   72s
     0     0 3.0541e+09    0   18 3.1154e+09 3.0541e+09  1.97%     -   77s
     0     0 3.0541e+09    0    8 3.1154e+09 3.0541e+09  1.97%     -   78s
     0     0 3.0541e+09    0    9 3.1154e+09 3.0541e+09  1.97%     -   78s
     0     0 3.0541e+09    0    9 3.1154e+09 3.0541e+09  1.97%     -   80s
H    0     0                    3.098415e+09 3.0541e+09  1.43%     -   80s
     0     0 3.0541e+09    0   10 3.0984e+09 3.0541e+09  1.43%     -   83s
H    0     0                    3.098326e+09 3.0541e+09  1.43%     -   83s
     0     0 3.0541e+09    0   10 3.0983e+09 3.0541e+09  1.43%     -   86s
     0     0 3.0541e+09    0   11 3.0983e+09 3.0541e+09  1.43%     -   88s
     0     0 3.0541e+09    0   10 3.0983e+09 3.0541e+09  1.43%     -   90s
     0     0 3.0541e+09    0   10 3.0983e+09 3.0541e+09  1.43%     -   95s
H    0     0                    3.098182e+09 3.0541e+09  1.42%     -  102s
H    0     0                    3.082809e+09 3.0541e+09  0.93%     -  103s
H    0     0                    3.068241e+09 3.0541e+09  0.46%     -  104s
     0     2 3.0541e+09    0   10 3.0682e+09 3.0541e+09  0.46%     -  109s
     1     4 3.0541e+09    1    7 3.0682e+09 3.0541e+09  0.46%   139  110s
     3     8 3.0542e+09    2    5 3.0682e+09 3.0541e+09  0.46%  73.3  115s
    31    64 3.0542e+09    5    4 3.0682e+09 3.0542e+09  0.46%   140  123s
H   47    64                    3.067738e+09 3.0542e+09  0.44%   139  123s
    63    96 3.0542e+09    6    3 3.0677e+09 3.0542e+09  0.44%   168  129s
    95   128 3.0542e+09    7    4 3.0677e+09 3.0542e+09  0.44%   249  136s
H  112   128                    3.065853e+09 3.0542e+09  0.38%   241  136s
   127   160 3.0542e+09    8    3 3.0659e+09 3.0542e+09  0.38%   325  140s
H  159   192                    3.065838e+09 3.0542e+09  0.38%   336  348s
H  169   192                    3.065838e+09 3.0542e+09  0.38%   323  348s
   191   224 3.0542e+09   10    3 3.0658e+09 3.0542e+09  0.38%   339  358s
   223   370 3.0542e+09   11    3 3.0658e+09 3.0542e+09  0.38%   327  444s
   369   717 3.0542e+09   15    4 3.0658e+09 3.0542e+09  0.38%   280  467s
   716  1330 3.0542e+09   25    4 3.0658e+09 3.0542e+09  0.38%   222  495s
  1329  1362 3.0543e+09   47    3 3.0658e+09 3.0542e+09  0.38%   187  720s
  1361  1394 3.0543e+09   48    2 3.0658e+09 3.0542e+09  0.38%   188  939s
  1393  2205 3.0543e+09   49    1 3.0658e+09 3.0542e+09  0.38%   190  980s
  2209  2982 3.0543e+09   78    3 3.0658e+09 3.0542e+09  0.38%   168 1016s
  3083  3710 3.0544e+09  107    6 3.0658e+09 3.0542e+09  0.38%   167 1041s
  3971  4514 3.0545e+09  136    5 3.0658e+09 3.0542e+09  0.38%   146 1068s
  4865  5308 3.0546e+09  165    2 3.0658e+09 3.0542e+09  0.38%   129 1089s
  5756  6094 3.0547e+09  194    4 3.0658e+09 3.0542e+09  0.38%   115 1110s
  6605  6877 3.0548e+09  223    1 3.0658e+09 3.0542e+09  0.38%   108 1132s
  7433  7466 3.0550e+09  252    2 3.0658e+09 3.0542e+09  0.38%   103 1162s
  8142  8044 3.0568e+09   19    6 3.0658e+09 3.0542e+09  0.38%   117 1192s
  8746  8795 3.0580e+09   34    4 3.0658e+09 3.0542e+09  0.38%   128 1215s
  9546  9599 3.0607e+09   56    9 3.0658e+09 3.0542e+09  0.38%   133 1238s
 10377  9600 3.0638e+09  246   10 3.0658e+09 3.0542e+09  0.38%   133 1375s
 10379  9601 3.0549e+09   19   20 3.0658e+09 3.0542e+09  0.38%   133 1405s
 10380  9602 3.0548e+09   20   22 3.0658e+09 3.0542e+09  0.38%   133 1432s
 10381  9603 3.0583e+09  200   22 3.0658e+09 3.0542e+09  0.38%   133 1442s
 10382  9603 3.0558e+09   41   23 3.0658e+09 3.0542e+09  0.38%   133 1447s
 10383  9604 3.0581e+09  160   23 3.0658e+09 3.0542e+09  0.38%   133 1454s
 10384  9605 3.0605e+09  203   19 3.0658e+09 3.0542e+09  0.38%   133 1461s
 10385  9605 3.0591e+09  175    8 3.0658e+09 3.0542e+09  0.38%   133 1468s
 10386  9606 3.0543e+09   38   19 3.0658e+09 3.0542e+09  0.38%   132 1471s
 10388  9607 3.0626e+09   83   10 3.0658e+09 3.0542e+09  0.38%   132 1479s
 10389  9608 3.0552e+09   14    9 3.0658e+09 3.0542e+09  0.38%   132 1494s
 10390  9609 3.0546e+09   99    9 3.0658e+09 3.0542e+09  0.38%   132 1498s
 10391  9609 3.0558e+09   80    9 3.0658e+09 3.0542e+09  0.38%   132 1507s
 10392  9610 3.0548e+09   45    9 3.0658e+09 3.0542e+09  0.38%   132 1525s
 10394  9611 3.0547e+09   13    9 3.0658e+09 3.0542e+09  0.38%   132 1538s
 10395  9612 3.0612e+09   84    9 3.0658e+09 3.0542e+09  0.38%   132 1556s
 10396  9613 3.0599e+09  182    9 3.0658e+09 3.0542e+09  0.38%   132 1570s
 10397  9613 3.0597e+09  170    9 3.0658e+09 3.0542e+09  0.38%   132 1591s
 10398  9614 3.0616e+09  211    9 3.0658e+09 3.0542e+09  0.38%   132 1607s
 10399  9615 3.0607e+09  222    9 3.0658e+09 3.0542e+09  0.38%   132 1623s
 10400  9615 3.0544e+09   31    9 3.0658e+09 3.0542e+09  0.38%   132 1641s
 10401  9616 3.0545e+09   13    9 3.0658e+09 3.0542e+09  0.38%   132 1659s
 10402  9617 3.0640e+09  243    9 3.0658e+09 3.0542e+09  0.38%   132 1673s
 10403  9617 3.0556e+09   90    9 3.0658e+09 3.0542e+09  0.38%   132 1691s
 10404  9618 3.0644e+09  249    9 3.0658e+09 3.0542e+09  0.38%   132 1699s
 10405  9619 3.0568e+09  106    9 3.0658e+09 3.0542e+09  0.38%   132 1728s
 10406  9622 3.0542e+09   13    8 3.0658e+09 3.0542e+09  0.38%   154 1739s
 10408  9626 3.0542e+09   14    7 3.0658e+09 3.0542e+09  0.38%   154 1744s
 10412  9632 3.0542e+09   15    5 3.0658e+09 3.0542e+09  0.38%   154 1751s
 10420  9646 3.0542e+09   16    4 3.0658e+09 3.0542e+09  0.38%   154 1755s
 10436  9672 3.0542e+09   17    2 3.0658e+09 3.0542e+09  0.38%   154 1762s
 10468  9694 3.0542e+09   18    2 3.0658e+09 3.0542e+09  0.38%   154 1769s
 10500  9715 3.0543e+09   18    3 3.0658e+09 3.0542e+09  0.38%   155 1787s
 10532  9736 3.0542e+09   19    3 3.0658e+09 3.0542e+09  0.38%   155 1799s
 10564  9758 3.0544e+09   19    5 3.0658e+09 3.0542e+09  0.38%   156 1814s
 10596  9789 3.0542e+09   20    4 3.0658e+09 3.0542e+09  0.38%   156 1820s
 10638  9807 3.0545e+09   20    8 3.0658e+09 3.0542e+09  0.38%   156 1833s
 10670  9849 3.0542e+09   21    3 3.0658e+09 3.0542e+09  0.38%   157 1844s
 10723  9971 3.0542e+09   22    3 3.0658e+09 3.0542e+09  0.38%   157 1913s
 10862 10144 3.0542e+09   25    2 3.0658e+09 3.0542e+09  0.38%   157 1934s
 11031 10088 3.0549e+09   28    3 3.0658e+09 3.0542e+09  0.38%   158 1935s
 11082 10103 3.0542e+09   28    3 3.0658e+09 3.0542e+09  0.38%   158 2132s
 11114 10124 3.0545e+09   28    3 3.0658e+09 3.0542e+09  0.38%   158 2330s
 11146 10730 3.0542e+09   29    2 3.0658e+09 3.0542e+09  0.38%   159 2377s
 11762 10923 3.0542e+09   35    2 3.0658e+09 3.0542e+09  0.38%   161 2428s
 12166 11535 3.0542e+09   40    3 3.0658e+09 3.0542e+09  0.38%   161 2468s
 12917 11978 3.0542e+09   45    5 3.0658e+09 3.0542e+09  0.38%   165 2500s
 13663 12389 3.0548e+09   49   12 3.0658e+09 3.0542e+09  0.38%   166 2534s
 14446 12810 3.0542e+09   53    3 3.0658e+09 3.0542e+09  0.38%   163 2561s
 15241 13276 3.0543e+09   57    2 3.0658e+09 3.0542e+09  0.38%   160 2588s
 16030 13722 3.0543e+09   61    1 3.0658e+09 3.0542e+09  0.38%   157 2615s
 16782 14032 3.0543e+09   65    4 3.0658e+09 3.0542e+09  0.38%   155 2642s
 17543 14207 3.0543e+09   68    4 3.0658e+09 3.0542e+09  0.38%   156 2675s
 18140 14440 3.0543e+09   71    3 3.0658e+09 3.0542e+09  0.38%   161 2710s
 18651 14839 3.0543e+09   74    2 3.0658e+09 3.0542e+09  0.38%   168 2740s
 19319 15283 3.0543e+09   77    4 3.0658e+09 3.0542e+09  0.38%   173 2776s
 20087 15556 3.0543e+09   81    3 3.0658e+09 3.0542e+09  0.38%   173 2806s
 20834 15857 3.0543e+09   84    2 3.0658e+09 3.0542e+09  0.38%   174 2837s
 21577 16129 3.0543e+09   87    1 3.0658e+09 3.0542e+09  0.38%   174 2864s
 22301 16401 3.0543e+09   90    2 3.0658e+09 3.0542e+09  0.38%   175 2893s
 22983 16800 3.0543e+09   93    3 3.0658e+09 3.0542e+09  0.38%   176 2928s
 23717 17057 3.0543e+09   96    2 3.0658e+09 3.0542e+09  0.38%   177 2963s
 24339 17370 3.0543e+09   99    1 3.0658e+09 3.0542e+09  0.38%   180 2996s
 24951 17714 3.0543e+09  102    4 3.0658e+09 3.0542e+09  0.38%   183 3032s
 25577 18057 3.0544e+09  107    8 3.0658e+09 3.0542e+09  0.38%   185 3063s
 26239 18350 3.0544e+09  112    8 3.0658e+09 3.0542e+09  0.38%   187 3095s
 26884 18614 3.0544e+09  116    8 3.0658e+09 3.0542e+09  0.38%   189 3126s
 27530 18518 3.0544e+09  120    7 3.0658e+09 3.0542e+09  0.38%   192 3188s
 27658 18891 3.0544e+09  122    7 3.0658e+09 3.0542e+09  0.38%   194 3223s
 28249 19272 3.0544e+09  126    7 3.0658e+09 3.0542e+09  0.38%   197 3253s
 28890 19642 3.0544e+09  132    8 3.0658e+09 3.0542e+09  0.38%   199 3299s
 29218 19533 3.0543e+09   57    2 3.0658e+09 3.0542e+09  0.38%   202 3300s
 29579 19999 3.0544e+09  138    6 3.0658e+09 3.0542e+09  0.38%   204 3339s
 30273 20351 3.0545e+09  148    5 3.0658e+09 3.0542e+09  0.38%   207 3375s
 30951 20668 3.0545e+09  154    4 3.0658e+09 3.0542e+09  0.38%   210 3408s
 31616 20944 3.0545e+09  160    2 3.0658e+09 3.0542e+09  0.38%   211 3441s
 32263 21233 3.0545e+09  166    1 3.0658e+09 3.0542e+09  0.38%   213 3473s
 32855 21525 3.0545e+09  173    1 3.0658e+09 3.0542e+09  0.38%   216 3505s
 33435 21402 3.0546e+09  181    3 3.0658e+09 3.0542e+09  0.38%   219 3600s

Cutting planes:
  Lift-and-project: 12
  Implied bound: 1667
  MIR: 181
  Flow cover: 142
  Flow path: 56
  Relax-and-lift: 10

Explored 33525 nodes (7586197 simplex iterations) in 3600.71 seconds (2402.01 work units)
Thread count was 32 (of 36 available processors)

Solution count 10: 3.06584e+09 3.06585e+09 3.06824e+09 ... 3.25453e+09

Time limit reached
Best objective 3.065837510660e+09, best bound 3.054196026789e+09, gap 0.3797%

User-callback calls 785621, time in user-callback 0.37 sec
Set parameter TokenServer to value "license-1.hpc.nrel.gov"
Set parameter TimeLimit to value 3600
Set parameter MIPGap to value 0.001
Set parameter MIPGap to value 0.001
Set parameter TimeLimit to value 3600
Gurobi Optimizer version 9.5.1 build v9.5.1rc2 (linux64)
Thread count: 36 physical cores, 36 logical processors, using up to 32 threads
Optimize a model with 332260 rows, 1381848 columns and 2818080 nonzeros
Model fingerprint: 0x00aac232
Coefficient statistics:
  Matrix range     [3e-06, 1e+04]
  Objective range  [2e-01, 2e+07]
  Bounds range     [1e+00, 1e+08]
  RHS range        [1e-03, 2e+05]

Concurrent LP optimizer: primal simplex, dual simplex, and barrier
Showing barrier log only...

Presolve removed 327710 rows and 1236913 columns
Presolve time: 1.26s
Presolved: 4550 rows, 144935 columns, 288804 nonzeros

Ordering time: 0.02s

Barrier statistics:
 AA' NZ     : 1.439e+05
 Factor NZ  : 2.545e+05 (roughly 60 MB of memory)
 Factor Ops : 1.480e+07 (less than 1 second per iteration)
 Threads    : 30

                  Objective                Residual
Iter       Primal          Dual         Primal    Dual     Compl     Time
   0   9.77770512e+12 -3.83796547e+11  9.36e+07 1.66e+02  2.64e+08     1s
   1   2.52801055e+12 -1.20787625e+11  2.42e+07 4.55e-13  6.88e+07     1s
   2   5.41893036e+11 -8.49789271e+09  5.15e+06 4.04e-12  1.47e+07     1s
   3   4.66939424e+09 -2.82073072e+09  1.11e+04 4.60e-12  7.44e+04     1s
   4   3.52704153e+09  1.79811846e+09  1.05e+03 9.66e-13  1.36e+04     1s
   5   3.30793336e+09  2.50631638e+09  1.72e+02 5.12e-13  5.70e+03     1s
   6   3.18413767e+09  2.81352002e+09  1.12e+01 2.27e-13  2.53e+03     1s
   7   3.15687069e+09  2.93219058e+09  6.53e+00 5.97e-13  1.54e+03     1s
   8   3.10792364e+09  3.00868111e+09  1.05e+00 1.17e-12  6.77e+02     1s
   9   3.09547348e+09  3.03108534e+09  6.14e-01 1.80e-12  4.39e+02     1s
  10   3.08065879e+09  3.04990480e+09  2.07e-01 2.47e-12  2.10e+02     2s
  11   3.07545435e+09  3.05773520e+09  1.16e-01 3.35e-12  1.21e+02     2s
  12   3.07341638e+09  3.05999182e+09  8.92e-02 4.50e-12  9.15e+01     2s
  13   3.06812688e+09  3.06306182e+09  1.83e-02 5.34e-12  3.45e+01     2s
  14   3.06739037e+09  3.06422749e+09  1.15e-02 6.22e-12  2.15e+01     2s
  15   3.06637798e+09  3.06505499e+09  3.20e-03 5.98e-12  9.00e+00     2s
  16   3.06613723e+09  3.06537547e+09  1.58e-03 5.91e-12  5.18e+00     2s
  17   3.06595698e+09  3.06561702e+09  5.15e-04 3.50e-12  2.31e+00     2s
  18   3.06588700e+09  3.06575771e+09  1.84e-04 3.20e-12  8.79e-01     2s
  19   3.06585172e+09  3.06581381e+09  4.03e-05 1.83e-12  2.58e-01     2s
  20   3.06584487e+09  3.06582939e+09  1.91e-05 8.67e-13  1.05e-01     2s
  21   3.06583880e+09  3.06583574e+09  2.47e-06 6.11e-13  2.08e-02     2s
  22   3.06583778e+09  3.06583689e+09  4.65e-07 1.85e-13  6.04e-03     2s
  23   3.06583764e+09  3.06583730e+09  2.07e-07 1.14e-13  2.32e-03     2s
  24   3.06583752e+09  3.06583748e+09  7.35e-09 1.42e-13  2.18e-04     2s
  25   3.06583751e+09  3.06583751e+09  2.58e-09 1.42e-13  2.98e-05     2s
  26   3.06583751e+09  3.06583751e+09  2.13e-09 1.32e-13  2.19e-07     2s

Barrier performed 26 iterations in 1.77 seconds (1.30 work units)
Barrier solve interrupted - model solved by another algorithm


Solved with primal simplex
Solved in 24428 iterations and 1.94 seconds (1.15 work units)
Optimal objective  3.065837511e+09

User-callback calls 232, time in user-callback 0.00 sec
[ Info:  started timer at: 2023-03-24T13:05:16.660
[ Info: Reading /projects/pvsoiling/RELOG/Recycling_cap_NAICS_2/input/solver/case.json...
[ Info:          134 collection centers
[ Info:          309 candidate plant locations
[ Info: Building graph...
[ Info:               26 time periods
[ Info:              309 process nodes
[ Info:             4944 shipping nodes (plant)
[ Info:              134 shipping nodes (collection)
[ Info:            46350 arcs
[ Info: Building optimization model...
[ Info: Optimizing MILP...
[ Info: Re-optimizing with integer variables fixed...
[ Info: Extracting solution...
[ Info:       3648.464564993s: 1 hour, 48 seconds, 464 milliseconds
