Set parameter TokenServer to value "license-1.hpc.nrel.gov"
Set parameter TimeLimit to value 3600
Set parameter MIPGap to value 0.001
Set parameter MIPGap to value 0.001
Set parameter TimeLimit to value 3600
Gurobi Optimizer version 9.5.1 build v9.5.1rc2 (linux64)
Thread count: 36 physical cores, 36 logical processors, using up to 32 threads
Optimize a model with 91240 rows, 1140828 columns and 2336040 nonzeros
Model fingerprint: 0xba4ceba2
Variable types: 1124760 continuous, 16068 integer (16068 binary)
Coefficient statistics:
  Matrix range     [1e+00, 1e+05]
  Objective range  [3e-01, 1e+09]
  Bounds range     [1e+05, 1e+08]
  RHS range        [8e-01, 2e+06]
Warning: Model contains large objective coefficients
         Consider reformulating model or setting NumericFocus parameter
         to avoid numerical issues.
Presolve removed 79724 rows and 64581 columns
Presolve time: 4.87s
Presolved: 11516 rows, 1076247 columns, 2159910 nonzeros
Variable types: 1075938 continuous, 309 integer (309 binary)

Deterministic concurrent LP optimizer: primal and dual simplex
Showing first log only...


Root simplex log...

Iteration    Objective       Primal Inf.    Dual Inf.      Time
       0    3.8120966e+11   2.492058e+06   1.964678e+11     10s
   43807    1.2103657e+12   0.000000e+00   1.814559e+09     10s
Concurrent spin time: 0.39s

Solved with dual simplex

Root relaxation: objective 8.505426e+11, 21490 iterations, 3.50 seconds (2.23 work units)

    Nodes    |    Current Node    |     Objective Bounds      |     Work
 Expl Unexpl |  Obj  Depth IntInf | Incumbent    BestBd   Gap | It/Node Time

     0     0 8.5054e+11    0    3          - 8.5054e+11      -     -   10s
H    0     0                    8.539593e+11 8.5054e+11  0.40%     -   11s
H    0     0                    8.518558e+11 8.5054e+11  0.15%     -   14s
     0     0 8.5054e+11    0    2 8.5186e+11 8.5054e+11  0.15%     -   16s
     0     0 8.5054e+11    0    1 8.5186e+11 8.5054e+11  0.15%     -   20s
H    0     0                    8.518550e+11 8.5054e+11  0.15%     -   20s
H    0     0                    8.518550e+11 8.5054e+11  0.15%     -   21s
     0     0 8.5054e+11    0    1 8.5185e+11 8.5054e+11  0.15%     -   22s
     0     0 8.5054e+11    0    2 8.5185e+11 8.5054e+11  0.15%     -   23s
     0     0 8.5054e+11    0    2 8.5185e+11 8.5054e+11  0.15%     -   24s
     0     0 8.5054e+11    0    2 8.5185e+11 8.5054e+11  0.15%     -   26s
     0     0 8.5054e+11    0    2 8.5185e+11 8.5054e+11  0.15%     -   28s
     0     0 8.5054e+11    0    2 8.5185e+11 8.5054e+11  0.15%     -   31s
     0     2 8.5054e+11    0    2 8.5185e+11 8.5054e+11  0.15%     -   34s
     1     4 8.5054e+11    1    1 8.5185e+11 8.5054e+11  0.15%   6.0   35s
    31    64 8.5054e+11    5    1 8.5185e+11 8.5054e+11  0.15%   8.3   40s
   159   192 8.5054e+11    9    1 8.5185e+11 8.5054e+11  0.15%   6.9  157s
   191   224 8.5054e+11   10    1 8.5185e+11 8.5054e+11  0.15%   6.4  160s
   348   771 8.5054e+11   14    1 8.5185e+11 8.5054e+11  0.15%   5.0  170s
   770  1283 8.5055e+11   24    2 8.5185e+11 8.5054e+11  0.15%   5.5  187s
  1282  2211 8.5057e+11   37    1 8.5185e+11 8.5054e+11  0.15%   6.8  199s
  2210  3139 8.5064e+11   66    2 8.5185e+11 8.5054e+11  0.15%   6.8  210s
  3138  4020 8.5067e+11   95    1 8.5185e+11 8.5054e+11  0.15%   6.8  220s
  4055  4747 8.5078e+11  124    1 8.5185e+11 8.5054e+11  0.15%   6.5  227s
  4939  5365 8.5126e+11  152    1 8.5185e+11 8.5054e+11  0.15%   7.3  234s
  5817  5910 8.5137e+11  181    1 8.5185e+11 8.5054e+11  0.15%   8.2  240s
  6713  6609 8.5142e+11  210    2 8.5185e+11 8.5054e+11  0.15%  10.9  246s
  7641  7443 8.5144e+11  239    1 8.5185e+11 8.5054e+11  0.15%  12.0  251s
  8569  8371 8.5055e+11   27    1 8.5185e+11 8.5054e+11  0.15%  11.5  255s
  9498  8372 8.5107e+11  114    2 8.5185e+11 8.5054e+11  0.15%  11.1  263s
  9500  8373 8.5061e+11   44    3 8.5185e+11 8.5054e+11  0.15%  11.1  274s
  9501  8374 8.5073e+11   50    2 8.5185e+11 8.5054e+11  0.15%  11.1  276s
  9504  8376 8.5183e+11  244    2 8.5185e+11 8.5054e+11  0.15%  11.1  281s
  9508  8379 8.5057e+11   21    1 8.5185e+11 8.5054e+11  0.15%  11.1  286s
  9509  8379 8.5081e+11   67    1 8.5185e+11 8.5054e+11  0.15%  11.1  291s
  9511  8381 8.5061e+11   41    2 8.5185e+11 8.5054e+11  0.15%  11.1  299s
  9512  8381 8.5066e+11   59    2 8.5185e+11 8.5054e+11  0.15%  11.1  300s
  9515  8383 8.5182e+11  234    1 8.5185e+11 8.5054e+11  0.15%  11.1  305s
  9518  8385 8.5099e+11  117    2 8.5185e+11 8.5054e+11  0.15%  11.0  314s
  9519  8389 8.5054e+11   15    1 8.5185e+11 8.5054e+11  0.15%  13.2  316s
  9549  8439 8.5054e+11   19    1 8.5185e+11 8.5054e+11  0.15%  13.2  320s
  9613  8482 8.5054e+11   20    2 8.5185e+11 8.5054e+11  0.15%  13.1  380s
  9677  8524 8.5054e+11   21    2 8.5185e+11 8.5054e+11  0.15%  13.1  446s
  9741  8599 8.5054e+11   22    2 8.5185e+11 8.5054e+11  0.15%  13.0  450s
 10102  9707 8.5055e+11   28    2 8.5185e+11 8.5054e+11  0.15%  12.7  467s
 11033 10046 8.5055e+11   43    1 8.5185e+11 8.5054e+11  0.15%  12.2  478s
 11683 10790 8.5062e+11   56    2 8.5185e+11 8.5054e+11  0.15%  12.0  490s
 12643 11426 8.5064e+11   85    2 8.5185e+11 8.5054e+11  0.15%  11.6  503s
 13603 11136 8.5070e+11  115    1 8.5185e+11 8.5054e+11  0.15%  11.2  568s
 13635 11901 8.5070e+11  116    1 8.5185e+11 8.5054e+11  0.15%  11.2  578s
 14554 12001 8.5078e+11  146    1 8.5185e+11 8.5054e+11  0.15%  11.1  589s
 15465 12129 infeasible  169      8.5185e+11 8.5054e+11  0.15%  11.1  597s
 16420 12345 8.5137e+11  195    2 8.5185e+11 8.5054e+11  0.15%  11.2  603s
 17380 12820 infeasible  221      8.5185e+11 8.5054e+11  0.15%  11.0  609s
 18340 13339 infeasible  246      8.5185e+11 8.5054e+11  0.15%  10.9  616s
 19300 13966 8.5056e+11   34    2 8.5185e+11 8.5054e+11  0.15%  10.8  623s
 20260 14570 8.5065e+11   64    1 8.5185e+11 8.5054e+11  0.15%  10.6  631s
 21220 15080 8.5072e+11   94    1 8.5185e+11 8.5054e+11  0.15%  10.4  639s
 22180 15361 8.5075e+11  124    1 8.5185e+11 8.5054e+11  0.15%  10.2  645s
 23140 15526 8.5088e+11  154    2 8.5185e+11 8.5054e+11  0.15%  10.2  650s
 24092 15878 8.5175e+11  177    1 8.5185e+11 8.5054e+11  0.15%  10.3  655s
 25052 16413 8.5185e+11  207    1 8.5185e+11 8.5054e+11  0.15%  10.1  660s
 26012 16920 8.5055e+11   41    2 8.5185e+11 8.5054e+11  0.15%  10.0  665s
 26972 17519 8.5057e+11   62    1 8.5185e+11 8.5054e+11  0.15%   9.9  670s
 27932 17988 8.5065e+11   83    1 8.5185e+11 8.5054e+11  0.15%   9.7  676s
 28892 18229 8.5072e+11  113    3 8.5185e+11 8.5054e+11  0.15%   9.5  689s
 29762 17939 8.5184e+11  178    1 8.5185e+11 8.5054e+11  0.15%   9.4  690s
 29852 18571 8.5077e+11  143    1 8.5185e+11 8.5054e+11  0.15%   9.4  695s
 30812 18970 8.5086e+11  173    1 8.5185e+11 8.5054e+11  0.15%   9.3  700s
 31772 19292 8.5134e+11  186    2 8.5185e+11 8.5054e+11  0.15%   9.2  705s
 33692 20256 8.5144e+11  246    1 8.5185e+11 8.5054e+11  0.15%   9.1  714s
 34633 20759 8.5055e+11   35    1 8.5185e+11 8.5054e+11  0.15%   9.1  721s
 35566 21421 8.5057e+11   54    2 8.5185e+11 8.5054e+11  0.15%   9.2  726s
 36514 22091 8.5063e+11   78    1 8.5185e+11 8.5054e+11  0.15%   9.2  732s
 37451 22807 8.5070e+11  108    1 8.5185e+11 8.5054e+11  0.15%   9.3  737s
 38399 23626 8.5075e+11  138    1 8.5185e+11 8.5054e+11  0.15%   9.2  744s
 39350 24426 8.5086e+11  168    1 8.5185e+11 8.5054e+11  0.15%   9.1  749s
 40305 24636 8.5134e+11  185    2 8.5185e+11 8.5054e+11  0.15%   9.1  763s
 40561 25307 8.5134e+11  189    1 8.5185e+11 8.5054e+11  0.15%   9.1  769s
 41495 25948 8.5139e+11  219    1 8.5185e+11 8.5054e+11  0.15%   9.2  773s
 42430 26577 8.5144e+11  249    1 8.5185e+11 8.5054e+11  0.15%   9.3  778s
 43390 27285 8.5055e+11   38    2 8.5185e+11 8.5054e+11  0.15%   9.2  783s
 44350 27935 8.5063e+11   67    1 8.5185e+11 8.5054e+11  0.15%   9.1  787s
 45310 28690 8.5067e+11   94    1 8.5185e+11 8.5054e+11  0.15%   9.0  794s
 46270 29516 8.5072e+11  121    3 8.5185e+11 8.5054e+11  0.15%   9.0  800s
 47230 30311 8.5079e+11  149    1 8.5185e+11 8.5054e+11  0.15%   8.9  806s
 48190 31004 8.5128e+11  177    1 8.5185e+11 8.5054e+11  0.15%   8.9  811s
 49137 31642 8.5138e+11  207    1 8.5185e+11 8.5054e+11  0.15%   8.9  817s
 50086 32289 8.5145e+11  236    2 8.5185e+11 8.5054e+11  0.15%   8.9  822s
 51038 32312 8.5055e+11   22    2 8.5185e+11 8.5055e+11  0.15%   8.8  875s
 51072 33111 8.5055e+11   23    2 8.5185e+11 8.5055e+11  0.15%   8.8  881s
 52032 33958 8.5057e+11   53    1 8.5185e+11 8.5055e+11  0.15%   8.8  886s
 52992 34732 8.5064e+11   83    3 8.5185e+11 8.5055e+11  0.15%   8.7  890s
 53945 35463 8.5069e+11  113    1 8.5185e+11 8.5055e+11  0.15%   8.7  895s
 54889 36082 8.5078e+11  143    1 8.5185e+11 8.5055e+11  0.15%   8.6  901s
 55835 36719 8.5127e+11  173    1 8.5185e+11 8.5055e+11  0.15%   8.6  908s
 56790 37387 8.5137e+11  203    1 8.5185e+11 8.5055e+11  0.15%   8.6  913s
 57751 37388 8.5126e+11  147    2 8.5185e+11 8.5055e+11  0.15%   8.5 1056s
 57753 37389 8.5125e+11  162    3 8.5185e+11 8.5055e+11  0.15%   8.5 1068s
 57754 37390 8.5068e+11   60    3 8.5185e+11 8.5055e+11  0.15%   8.5 1071s
 57757 37392 8.5092e+11  110    2 8.5185e+11 8.5055e+11  0.15%   8.5 1083s
 57759 37393 8.5147e+11   88    2 8.5185e+11 8.5055e+11  0.15%   8.5 1092s
 57761 37395 8.5087e+11  104    2 8.5185e+11 8.5055e+11  0.15%   8.5 1102s
 57763 37396 8.5056e+11   43    2 8.5185e+11 8.5055e+11  0.15%   8.5 1111s
 57764 37397 8.5056e+11   29    2 8.5185e+11 8.5055e+11  0.15%   8.5 1121s
 57765 37397 8.5056e+11   28    2 8.5185e+11 8.5055e+11  0.15%   8.5 1129s
 57766 37398 8.5127e+11  175    2 8.5185e+11 8.5055e+11  0.15%   8.5 1134s
 57767 37402 8.5055e+11   29    1 8.5185e+11 8.5055e+11  0.15%   8.9 1137s
 57781 37425 8.5055e+11   32    1 8.5185e+11 8.5055e+11  0.15%   8.9 1140s
 57861 37494 8.5055e+11   34    2 8.5185e+11 8.5055e+11  0.15%   8.9 1214s
 57925 37537 8.5055e+11   35    2 8.5185e+11 8.5055e+11  0.15%   8.9 1369s
 57957 37558 8.5055e+11   36    1 8.5185e+11 8.5055e+11  0.15%   8.9 1372s
 58053 37930 8.5055e+11   37    2 8.5185e+11 8.5055e+11  0.15%   8.9 1378s
 58393 38347 8.5055e+11   43    1 8.5185e+11 8.5055e+11  0.15%   8.8 1393s
 58923 39130 8.5055e+11   47    1 8.5185e+11 8.5055e+11  0.15%   8.8 1406s
 59883 39770 8.5056e+11   62    1 8.5185e+11 8.5055e+11  0.15%   8.8 1419s
 60843 40398 8.5062e+11   83    1 8.5185e+11 8.5055e+11  0.15%   8.8 1431s
 61801 40768 8.5067e+11  113    2 8.5185e+11 8.5055e+11  0.15%   8.7 1445s
 62713 40909 8.5071e+11  143    1 8.5185e+11 8.5055e+11  0.15%   8.7 1454s
 63613 41061 8.5126e+11  171    2 8.5185e+11 8.5055e+11  0.15%   8.8 1463s
 64494 41252 8.5129e+11  195    1 8.5185e+11 8.5055e+11  0.15%   8.8 1471s
 65432 41693 8.5137e+11  225    1 8.5185e+11 8.5055e+11  0.15%   8.9 1478s
 66392 42207 8.5144e+11  255    2 8.5185e+11 8.5055e+11  0.15%   8.9 1485s
 67352 42829 8.5055e+11   42    1 8.5185e+11 8.5055e+11  0.15%   8.9 1491s
 68312 43398 8.5061e+11   72    1 8.5185e+11 8.5055e+11  0.15%   8.9 1498s
 69272 43811 8.5065e+11  102    1 8.5185e+11 8.5055e+11  0.15%   8.8 1505s
 70231 44053 8.5070e+11  132    1 8.5185e+11 8.5055e+11  0.15%   8.9 1514s
 71163 44173 8.5080e+11  162    1 8.5185e+11 8.5055e+11  0.15%   9.0 1520s
 72123 44531 8.5127e+11  191    1 8.5185e+11 8.5055e+11  0.15%   9.0 1528s
 73083 45002 8.5137e+11  221    1 8.5185e+11 8.5055e+11  0.15%   9.0 1535s
 74043 45490 8.5143e+11  251    1 8.5185e+11 8.5055e+11  0.15%   8.9 1541s
 75003 46041 8.5055e+11   39    1 8.5185e+11 8.5055e+11  0.15%   8.9 1548s
 75963 46351 8.5057e+11   69    1 8.5185e+11 8.5055e+11  0.15%   8.8 1553s
 76923 46587 8.5064e+11   99    2 8.5185e+11 8.5055e+11  0.15%   8.8 1560s
 77883 46874 8.5070e+11  129    1 8.5185e+11 8.5055e+11  0.15%   8.7 1566s
 78843 47085 8.5078e+11  159    1 8.5185e+11 8.5055e+11  0.15%   8.7 1574s
 79803 47482 8.5127e+11  189    1 8.5185e+11 8.5055e+11  0.15%   8.7 1579s
 80761 47935 8.5137e+11  219    1 8.5185e+11 8.5055e+11  0.15%   8.7 1586s
 81709 48417 8.5143e+11  249    2 8.5185e+11 8.5055e+11  0.15%   8.7 1592s
 82668 49048 8.5055e+11   37    1 8.5185e+11 8.5055e+11  0.15%   8.6 1598s
 83628 49503 8.5057e+11   67    1 8.5185e+11 8.5055e+11  0.15%   8.6 1604s
 84588 49787 8.5064e+11   97    3 8.5185e+11 8.5055e+11  0.15%   8.6 1612s
 85547 50031 8.5069e+11  127    1 8.5185e+11 8.5055e+11  0.15%   8.5 1619s
 86507 49862 8.5078e+11  157    1 8.5185e+11 8.5055e+11  0.15%   8.5 1635s
 86731 50402 8.5078e+11  164    1 8.5185e+11 8.5055e+11  0.15%   8.5 1645s
 87691 50731 8.5128e+11  194    1 8.5185e+11 8.5055e+11  0.15%   8.5 1650s
 88648 51207 8.5137e+11  224    1 8.5185e+11 8.5055e+11  0.15%   8.4 1655s
 89608 51662 8.5144e+11  254    2 8.5185e+11 8.5055e+11  0.15%   8.4 1660s
 90567 52112 8.5055e+11   38    1 8.5185e+11 8.5055e+11  0.15%   8.4 1666s
 91527 52512 8.5057e+11   52    1 8.5185e+11 8.5055e+11  0.15%   8.4 1671s
 92487 52899 8.5065e+11   66    2 8.5185e+11 8.5055e+11  0.15%   8.3 1677s
 93441 53185 8.5088e+11   79    2 8.5185e+11 8.5055e+11  0.15%   8.3 1683s
 94390 53523 8.5112e+11   88    1 8.5185e+11 8.5055e+11  0.15%   8.3 1689s
 95317 53894 8.5182e+11  102    1 8.5185e+11 8.5055e+11  0.15%   8.3 1694s
 96271 54329 8.5057e+11   61    1 8.5185e+11 8.5055e+11  0.15%   8.3 1700s
 98149 55313 8.5069e+11  121    1 8.5185e+11 8.5055e+11  0.15%   8.3 1709s
 99037 55729 8.5078e+11  151    1 8.5185e+11 8.5055e+11  0.15%   8.3 1714s
 99929 55998 8.5125e+11  181    1 8.5185e+11 8.5055e+11  0.15%   8.4 1719s
 100865 56280 8.5137e+11  211    1 8.5185e+11 8.5055e+11  0.15%   8.3 1724s
 101825 56585 8.5142e+11  241    1 8.5185e+11 8.5055e+11  0.15%   8.3 1729s
 102785 56955 8.5144e+11  271    1 8.5185e+11 8.5055e+11  0.15%   8.3 1733s
 103745 57517 8.5057e+11   60    1 8.5185e+11 8.5055e+11  0.15%   8.3 1737s
 104705 58076 8.5062e+11   89    1 8.5185e+11 8.5055e+11  0.15%   8.2 1741s
 105665 58456 8.5088e+11  116    2 8.5185e+11 8.5055e+11  0.15%   8.2 1746s
 106625 58802 8.5097e+11  142    1 8.5185e+11 8.5055e+11  0.15%   8.2 1751s
 107585 59131 8.5124e+11  166    1 8.5185e+11 8.5055e+11  0.15%   8.2 1755s
 108545 59282 8.5128e+11  195    1 8.5185e+11 8.5055e+11  0.15%   8.2 1760s
 109498 59575 8.5137e+11  224    1 8.5185e+11 8.5055e+11  0.15%   8.1 1765s
 110458 59972 8.5143e+11  253    2 8.5185e+11 8.5055e+11  0.15%   8.1 1770s
 112378 61117 8.5057e+11   68    1 8.5185e+11 8.5055e+11  0.15%   8.1 1778s
 113338 61519 8.5064e+11   98    3 8.5185e+11 8.5055e+11  0.15%   8.0 1783s
 114298 61842 8.5069e+11  128    1 8.5185e+11 8.5055e+11  0.15%   8.0 1788s
 115258 62033 8.5078e+11  158    1 8.5185e+11 8.5055e+11  0.15%   8.0 1792s
 116218 62159 8.5127e+11  188    2 8.5185e+11 8.5055e+11  0.15%   8.0 1801s
 117178 62561 8.5137e+11  218    1 8.5185e+11 8.5055e+11  0.15%   7.9 1806s
 118138 63001 8.5143e+11  248    2 8.5185e+11 8.5055e+11  0.15%   7.9 1811s
 119092 63556 8.5055e+11   39    1 8.5185e+11 8.5055e+11  0.15%   7.9 1815s
 120052 63268 8.5065e+11   69    1 8.5185e+11 8.5055e+11  0.15%   7.9 1833s
 120084 64172 8.5069e+11   70    1 8.5185e+11 8.5055e+11  0.15%   7.9 1839s
 121038 64766 8.5091e+11   92    1 8.5185e+11 8.5055e+11  0.15%   7.9 1844s
 121998 65336 8.5096e+11  119    1 8.5185e+11 8.5055e+11  0.15%   7.9 1849s
 122958 65800 8.5099e+11  145    1 8.5185e+11 8.5055e+11  0.15%   7.8 1854s
 123902 66128 8.5154e+11  170    1 8.5185e+11 8.5055e+11  0.15%   7.9 1859s
 124814 66274 8.5055e+11   41    1 8.5185e+11 8.5055e+11  0.15%   8.0 1865s
 125718 66807 8.5061e+11   71    1 8.5185e+11 8.5055e+11  0.15%   8.0 1871s
 126678 67414 8.5064e+11  101    1 8.5185e+11 8.5055e+11  0.15%   8.0 1877s
 127629 68012 8.5071e+11  131    1 8.5185e+11 8.5055e+11  0.15%   8.0 1884s
 128567 68444 8.5078e+11  161    1 8.5185e+11 8.5055e+11  0.15%   8.0 1888s
 129490 68636 8.5127e+11  191    1 8.5185e+11 8.5055e+11  0.15%   8.1 1894s
 130327 68793 8.5137e+11  221    1 8.5185e+11 8.5055e+11  0.15%   8.3 1899s
 131214 68961 8.5144e+11  251    1 8.5185e+11 8.5055e+11  0.15%   8.4 1904s
 132165 69354 8.5055e+11   39    1 8.5185e+11 8.5055e+11  0.15%   8.4 1908s
 133125 69845 8.5062e+11   69    1 8.5185e+11 8.5055e+11  0.15%   8.3 1913s
 134085 70421 8.5066e+11   99    2 8.5185e+11 8.5055e+11  0.15%   8.3 1917s
 135045 70927 8.5071e+11  129    2 8.5185e+11 8.5055e+11  0.15%   8.3 1921s
 136005 70632 8.5078e+11  159    2 8.5185e+11 8.5055e+11  0.15%   8.3 1931s
 136037 71234 8.5078e+11  160    1 8.5185e+11 8.5055e+11  0.15%   8.3 1935s
 137957 71505 8.5137e+11  220    1 8.5185e+11 8.5055e+11  0.15%   8.2 1943s
 138917 71739 8.5143e+11  250    2 8.5185e+11 8.5055e+11  0.15%   8.2 1948s
 139877 72205 8.5055e+11   43    1 8.5185e+11 8.5055e+11  0.15%   8.2 1954s
 140837 72716 8.5062e+11   73    1 8.5185e+11 8.5055e+11  0.15%   8.2 1961s
 141793 73282 8.5066e+11  103    2 8.5185e+11 8.5055e+11  0.15%   8.2 1969s
 142741 73793 8.5071e+11  133    1 8.5185e+11 8.5055e+11  0.15%   8.1 1975s
 143701 74138 8.5078e+11  163    1 8.5185e+11 8.5055e+11  0.15%   8.1 1981s
 144661 74394 8.5128e+11  193    1 8.5185e+11 8.5055e+11  0.15%   8.1 1986s
 145614 74700 8.5137e+11  223    1 8.5185e+11 8.5055e+11  0.15%   8.1 1995s
 146568 74885 8.5144e+11  253    2 8.5185e+11 8.5055e+11  0.15%   8.1 2002s
 147524 74592 8.5055e+11   45    1 8.5185e+11 8.5055e+11  0.15%   8.1 2072s
 147556 75329 8.5055e+11   46    1 8.5185e+11 8.5055e+11  0.15%   8.1 2081s
 148511 75813 8.5067e+11   76    2 8.5185e+11 8.5055e+11  0.15%   8.1 2088s
 149466 76262 8.5080e+11  105    1 8.5185e+11 8.5055e+11  0.15%   8.1 2094s
 150416 76819 8.5082e+11  130    1 8.5185e+11 8.5055e+11  0.15%   8.1 2100s
 151355 77275 8.5087e+11  157    1 8.5185e+11 8.5055e+11  0.15%   8.1 2106s
 152304 77542 8.5096e+11  182    1 8.5185e+11 8.5055e+11  0.15%   8.1 2112s
 153264 77896 8.5055e+11   39    1 8.5185e+11 8.5055e+11  0.15%   8.1 2118s
 154198 78356 8.5058e+11   69    1 8.5185e+11 8.5055e+11  0.15%   8.1 2123s
 155108 78769 8.5064e+11   99    2 8.5185e+11 8.5055e+11  0.15%   8.2 2130s
 156021 79206 8.5070e+11  129    1 8.5185e+11 8.5055e+11  0.15%   8.3 2136s
 156977 79560 8.5078e+11  159    1 8.5185e+11 8.5055e+11  0.15%   8.2 2142s
 157937 79790 8.5127e+11  189    1 8.5185e+11 8.5055e+11  0.15%   8.2 2148s
 158897 80094 8.5137e+11  219    1 8.5185e+11 8.5055e+11  0.15%   8.2 2154s
 159854 80445 8.5144e+11  249    2 8.5185e+11 8.5055e+11  0.15%   8.2 2162s
 160814 80760 8.5055e+11   39    1 8.5185e+11 8.5055e+11  0.15%   8.2 2169s
 161773 81137 8.5062e+11   69    2 8.5185e+11 8.5055e+11  0.15%   8.2 2176s
 162726 81614 8.5065e+11   97    3 8.5185e+11 8.5055e+11  0.15%   8.2 2182s
 163674 81330 8.5123e+11  124    1 8.5185e+11 8.5055e+11  0.15%   8.2 2236s
 163712 82086 8.5068e+11  122    1 8.5185e+11 8.5055e+11  0.15%   8.2 2244s
 164669 82598 8.5078e+11  148    1 8.5185e+11 8.5055e+11  0.15%   8.2 2250s
 165629 82306 8.5126e+11  173    1 8.5185e+11 8.5055e+11  0.15%   8.2 2293s
 165661 82975 8.5126e+11  174    1 8.5185e+11 8.5055e+11  0.15%   8.2 2300s
 166602 83237 infeasible  203      8.5185e+11 8.5055e+11  0.15%   8.2 2306s
 167556 83517 8.5140e+11  232    1 8.5185e+11 8.5055e+11  0.15%   8.2 2311s
 168499 83909 8.5144e+11  258    1 8.5185e+11 8.5055e+11  0.15%   8.2 2317s
 169374 84307 8.5055e+11   54    1 8.5185e+11 8.5055e+11  0.15%   8.4 2323s
 170267 84840 8.5060e+11   84    1 8.5185e+11 8.5055e+11  0.15%   8.4 2329s
 171212 85663 8.5084e+11  114    1 8.5185e+11 8.5055e+11  0.15%   8.4 2337s
 172172 86484 8.5088e+11  143    1 8.5185e+11 8.5055e+11  0.15%   8.4 2346s
 173123 87216 8.5093e+11  171    1 8.5185e+11 8.5055e+11  0.15%   8.4 2354s
 173812 87216 8.5099e+11  185    1 8.5185e+11 8.5055e+11  0.15%   8.4 2355s
 174081 87912 8.5151e+11  198    2 8.5185e+11 8.5055e+11  0.15%   8.4 2361s
 175035 88641 8.5152e+11  223    1 8.5185e+11 8.5055e+11  0.15%   8.4 2372s
 175994 89315 8.5057e+11   66    1 8.5185e+11 8.5055e+11  0.15%   8.4 2378s
 176932 89722 8.5063e+11   92    1 8.5185e+11 8.5055e+11  0.15%   8.4 2397s
 177518 90514 8.5066e+11  107    1 8.5185e+11 8.5055e+11  0.15%   8.4 2404s
 178478 91294 8.5071e+11  137    1 8.5185e+11 8.5055e+11  0.15%   8.4 2409s
 178628 91294 8.5082e+11  159    1 8.5185e+11 8.5055e+11  0.15%   8.4 2410s
 179438 91966 8.5078e+11  163    1 8.5185e+11 8.5055e+11  0.15%   8.4 2415s
 180398 92580 8.5129e+11  193    1 8.5185e+11 8.5055e+11  0.15%   8.4 2421s
 181352 93293 8.5138e+11  222    1 8.5185e+11 8.5055e+11  0.15%   8.4 2426s
 182310 93980 8.5144e+11  251    1 8.5185e+11 8.5055e+11  0.15%   8.4 2432s
 183268 94714 8.5055e+11   42    1 8.5185e+11 8.5055e+11  0.15%   8.4 2437s
 184191 95375 8.5063e+11   72    1 8.5185e+11 8.5055e+11  0.15%   8.5 2443s
 185139 96089 8.5086e+11  102    1 8.5185e+11 8.5055e+11  0.15%   8.5 2448s
 186099 96796 8.5123e+11  130    1 8.5185e+11 8.5055e+11  0.15%   8.5 2453s
 187059 97546 8.5105e+11  157    2 8.5185e+11 8.5055e+11  0.15%   8.5 2458s
 188009 98256 8.5146e+11  186    1 8.5185e+11 8.5055e+11  0.15%   8.5 2463s
 188916 99024 8.5057e+11   48    1 8.5185e+11 8.5055e+11  0.15%   8.6 2469s
 189867 99859 8.5064e+11   78    1 8.5185e+11 8.5055e+11  0.15%   8.6 2475s
 190827 100692 8.5072e+11  106    1 8.5185e+11 8.5055e+11  0.15%   8.5 2480s
 191787 100720 8.5077e+11  133    1 8.5185e+11 8.5055e+11  0.15%   8.5 2540s
 191820 101515 8.5077e+11  134    1 8.5185e+11 8.5055e+11  0.15%   8.5 2545s
 192780 102138 8.5081e+11  160    2 8.5185e+11 8.5055e+11  0.15%   8.5 2552s
 193729 102820 8.5138e+11  188    2 8.5185e+11 8.5055e+11  0.15%   8.5 2557s
 194671 103484 8.5147e+11  217    1 8.5185e+11 8.5055e+11  0.15%   8.5 2562s
 195630 104254 8.5055e+11   44    1 8.5185e+11 8.5055e+11  0.15%   8.5 2568s
 196590 105115 8.5062e+11   74    1 8.5185e+11 8.5055e+11  0.15%   8.5 2572s
 197550 105962 8.5066e+11  104    1 8.5185e+11 8.5055e+11  0.15%   8.5 2577s
 198510 106654 8.5071e+11  134    1 8.5185e+11 8.5055e+11  0.15%   8.5 2583s
 199470 107209 8.5078e+11  164    1 8.5185e+11 8.5055e+11  0.15%   8.5 2588s
 200430 107832 8.5128e+11  194    1 8.5185e+11 8.5055e+11  0.15%   8.5 2593s
 201374 108476 8.5137e+11  224    1 8.5185e+11 8.5055e+11  0.15%   8.5 2598s
 202312 109202 8.5144e+11  254    2 8.5185e+11 8.5055e+11  0.15%   8.5 2603s
 203250 110033 8.5055e+11   47    1 8.5185e+11 8.5055e+11  0.15%   8.5 2608s
 204210 110852 8.5064e+11   77    1 8.5185e+11 8.5055e+11  0.15%   8.5 2617s
 205170 111575 8.5088e+11  106    1 8.5185e+11 8.5055e+11  0.15%   8.5 2623s
 206123 112235 8.5103e+11  135    1 8.5185e+11 8.5055e+11  0.15%   8.5 2628s
 207053 112876 8.5109e+11  163    2 8.5185e+11 8.5055e+11  0.15%   8.5 2634s
 207995 113461 8.5112e+11  188    2 8.5185e+11 8.5055e+11  0.15%   8.5 2640s
 208940 114214 8.5123e+11  216    1 8.5185e+11 8.5055e+11  0.15%   8.5 2647s
 209879 114997 8.5055e+11   51    1 8.5185e+11 8.5055e+11  0.15%   8.5 2653s
 210824 115822 8.5067e+11   81    2 8.5185e+11 8.5055e+11  0.15%   8.5 2658s
 211784 116671 8.5090e+11  110    1 8.5185e+11 8.5055e+11  0.15%   8.4 2663s
 212744 117315 8.5096e+11  138    2 8.5185e+11 8.5055e+11  0.15%   8.4 2667s
 213704 117929 8.5099e+11  166    1 8.5185e+11 8.5055e+11  0.15%   8.4 2672s
 214656 118489 infeasible  191      8.5185e+11 8.5055e+11  0.15%   8.4 2679s
 215586 119064 8.5055e+11   40    1 8.5185e+11 8.5055e+11  0.15%   8.4 2684s
 216532 119863 8.5065e+11   55    1 8.5185e+11 8.5055e+11  0.15%   8.4 2690s
 217466 120700 8.5070e+11   67    2 8.5185e+11 8.5055e+11  0.15%   8.5 2697s
 218400 121532 8.5081e+11   77    1 8.5185e+11 8.5055e+11  0.15%   8.5 2703s
 219354 122421 8.5100e+11   87    1 8.5185e+11 8.5055e+11  0.15%   8.5 2709s
 220304 123098 8.5145e+11  100    1 8.5185e+11 8.5055e+11  0.15%   8.4 2715s
 221260 123783 8.5167e+11  106    1 8.5185e+11 8.5055e+11  0.15%   8.4 2722s
 222213 124605 8.5177e+11  125    2 8.5185e+11 8.5055e+11  0.15%   8.4 2728s
 223172 125474 8.5055e+11   45    1 8.5185e+11 8.5055e+11  0.15%   8.4 2734s
 224132 125530 8.5062e+11   75    1 8.5185e+11 8.5055e+11  0.15%   8.4 2752s
 224196 126357 8.5062e+11   77    1 8.5185e+11 8.5055e+11  0.15%   8.4 2757s
 225156 127053 8.5066e+11  107    1 8.5185e+11 8.5055e+11  0.15%   8.4 2763s
 226085 127666 8.5071e+11  137    2 8.5185e+11 8.5055e+11  0.15%   8.4 2768s
 226941 128090 8.5124e+11  167    1 8.5185e+11 8.5055e+11  0.15%   8.6 2774s
 227861 128696 8.5128e+11  197    1 8.5185e+11 8.5055e+11  0.15%   8.6 2780s
 228821 129594 8.5137e+11  227    1 8.5185e+11 8.5055e+11  0.15%   8.6 2785s
 229781 130451 8.5144e+11  257    2 8.5185e+11 8.5055e+11  0.15%   8.6 2790s
 230720 131340 8.5056e+11   48    1 8.5185e+11 8.5055e+11  0.15%   8.6 2795s
 231660 132110 8.5065e+11   78    1 8.5185e+11 8.5055e+11  0.15%   8.6 2800s
 232601 132595 8.5070e+11  108    2 8.5185e+11 8.5055e+11  0.15%   8.6 2805s
 233541 132611 8.5075e+11  138    1 8.5185e+11 8.5055e+11  0.15%   8.6 2858s
 233573 133135 8.5075e+11  139    1 8.5185e+11 8.5055e+11  0.15%   8.6 2863s
 234533 133778 8.5088e+11  169    2 8.5185e+11 8.5055e+11  0.15%   8.7 2868s
 235458 134433 8.5128e+11  189    1 8.5185e+11 8.5055e+11  0.15%   8.7 2874s
 236412 135332 8.5183e+11  212    1 8.5185e+11 8.5055e+11  0.15%   8.7 2880s
 237369 136208 8.5055e+11   54    1 8.5185e+11 8.5055e+11  0.15%   8.7 2885s
 238317 137067 8.5062e+11   84    1 8.5185e+11 8.5055e+11  0.15%   8.7 2891s
 239273 137861 8.5067e+11  114    2 8.5185e+11 8.5055e+11  0.15%   8.7 2897s
 240195 138406 8.5071e+11  144    1 8.5185e+11 8.5055e+11  0.15%   8.7 2902s
 241128 138785 8.5125e+11  174    1 8.5185e+11 8.5055e+11  0.15%   8.8 2908s
 242070 139303 8.5134e+11  204    1 8.5185e+11 8.5055e+11  0.15%   8.8 2913s
 243028 140106 8.5139e+11  234    1 8.5185e+11 8.5055e+11  0.15%   8.7 2918s
 243988 140969 8.5144e+11  264    1 8.5185e+11 8.5055e+11  0.15%   8.7 2922s
 244948 141790 8.5055e+11   52    1 8.5185e+11 8.5055e+11  0.15%   8.7 2927s
 245899 142542 8.5062e+11   82    1 8.5185e+11 8.5055e+11  0.15%   8.7 2932s
 246847 143224 8.5067e+11  112    1 8.5185e+11 8.5055e+11  0.15%   8.7 2936s
 247807 143817 8.5071e+11  142    2 8.5185e+11 8.5055e+11  0.15%   8.7 2941s
 248751 144490 8.5125e+11  172    1 8.5185e+11 8.5055e+11  0.15%   8.7 2946s
 249692 145262 8.5134e+11  202    2 8.5185e+11 8.5055e+11  0.15%   8.7 2951s
 250646 146062 8.5139e+11  232    1 8.5185e+11 8.5055e+11  0.15%   8.7 2956s
 251606 146853 8.5144e+11  262    1 8.5185e+11 8.5055e+11  0.15%   8.7 2960s
 252566 147673 8.5055e+11   54    1 8.5185e+11 8.5055e+11  0.15%   8.7 2965s
 253526 148468 8.5059e+11   80    2 8.5185e+11 8.5055e+11  0.15%   8.7 2970s
 254486 148495 8.5070e+11  109    1 8.5185e+11 8.5055e+11  0.15%   8.7 3015s
 254518 149236 8.5070e+11  110    1 8.5185e+11 8.5055e+11  0.15%   8.7 3020s
 255478 149891 8.5075e+11  140    1 8.5185e+11 8.5055e+11  0.15%   8.7 3026s
 256421 150571 8.5079e+11  170    1 8.5185e+11 8.5055e+11  0.15%   8.7 3032s
 257365 151276 8.5129e+11  195    1 8.5185e+11 8.5055e+11  0.15%   8.7 3037s
 258319 152168 8.5137e+11  219    1 8.5185e+11 8.5055e+11  0.15%   8.7 3043s
 259267 152929 8.5144e+11  249    2 8.5185e+11 8.5055e+11  0.15%   8.7 3049s
 260220 153663 8.5184e+11  271    1 8.5185e+11 8.5055e+11  0.15%   8.7 3055s
 261168 154360 8.5055e+11   54    1 8.5185e+11 8.5055e+11  0.15%   8.7 3060s
 262990 155584 8.5067e+11  114    1 8.5185e+11 8.5055e+11  0.15%   8.8 3073s
 263925 156271 8.5071e+11  144    2 8.5185e+11 8.5055e+11  0.15%   8.8 3078s
 264885 156969 8.5126e+11  174    1 8.5185e+11 8.5055e+11  0.15%   8.8 3083s
 265845 157701 8.5134e+11  204    1 8.5185e+11 8.5055e+11  0.15%   8.8 3088s
 266805 158465 8.5139e+11  234    1 8.5185e+11 8.5055e+11  0.15%   8.7 3094s
 267760 159206 8.5144e+11  264    1 8.5185e+11 8.5055e+11  0.15%   8.8 3100s
 268698 159795 8.5055e+11   56    1 8.5185e+11 8.5055e+11  0.15%   8.8 3106s
 269616 160385 8.5062e+11   86    1 8.5185e+11 8.5055e+11  0.15%   8.8 3111s
 270552 160849 8.5067e+11  116    2 8.5185e+11 8.5055e+11  0.15%   8.8 3117s
 271336 161582 8.5071e+11  137    1 8.5185e+11 8.5055e+11  0.15%   8.7 3122s
 272296 162387 8.5124e+11  167    1 8.5185e+11 8.5055e+11  0.15%   8.7 3127s
 273256 163158 8.5128e+11  197    1 8.5185e+11 8.5055e+11  0.15%   8.7 3132s
 274212 163878 8.5137e+11  227    1 8.5185e+11 8.5055e+11  0.15%   8.7 3136s
 275163 164455 8.5144e+11  257    2 8.5185e+11 8.5055e+11  0.15%   8.7 3141s
 276117 164976 8.5055e+11   52    1 8.5185e+11 8.5055e+11  0.15%   8.7 3146s
 277077 165571 8.5057e+11   78    1 8.5185e+11 8.5055e+11  0.15%   8.7 3151s
 278037 166312 8.5070e+11  107    1 8.5185e+11 8.5055e+11  0.15%   8.7 3157s
 278997 166335 8.5074e+11  137    1 8.5185e+11 8.5055e+11  0.15%   8.7 3239s
 279034 166361 8.5074e+11  138    2 8.5185e+11 8.5055e+11  0.15%   8.7 3284s
 279066 167118 8.5074e+11  139    1 8.5185e+11 8.5055e+11  0.15%   8.7 3291s
 280019 167956 8.5079e+11  169    1 8.5185e+11 8.5055e+11  0.15%   8.7 3298s
 280975 168783 8.5129e+11  194    1 8.5185e+11 8.5055e+11  0.15%   8.7 3304s
 281926 169520 8.5137e+11  219    1 8.5185e+11 8.5055e+11  0.15%   8.7 3310s
 282877 170136 8.5144e+11  249    1 8.5185e+11 8.5055e+11  0.15%   8.6 3316s
 283808 170732 8.5184e+11  271    1 8.5185e+11 8.5055e+11  0.15%   8.7 3323s
 284658 171352 8.5055e+11   59    1 8.5185e+11 8.5055e+11  0.15%   8.8 3328s
 285586 172096 8.5062e+11   89    1 8.5185e+11 8.5055e+11  0.15%   8.8 3334s
 286545 172954 8.5067e+11  119    1 8.5185e+11 8.5055e+11  0.15%   8.8 3342s
 287504 173722 8.5078e+11  149    1 8.5185e+11 8.5055e+11  0.15%   8.8 3350s
 288424 174373 8.5125e+11  179    1 8.5185e+11 8.5055e+11  0.15%   8.8 3355s
 289329 175040 8.5137e+11  209    2 8.5185e+11 8.5055e+11  0.15%   8.8 3361s
 290267 175065 8.5142e+11  239    2 8.5185e+11 8.5055e+11  0.15%   8.8 3418s
 290299 175709 8.5142e+11  240    1 8.5185e+11 8.5055e+11  0.15%   8.8 3426s
 291259 176248 8.5144e+11  270    1 8.5185e+11 8.5055e+11  0.15%   8.8 3431s
 292219 176867 8.5057e+11   61    1 8.5185e+11 8.5055e+11  0.15%   8.8 3440s
 293179 177631 8.5064e+11   91    2 8.5185e+11 8.5055e+11  0.15%   8.8 3445s
 294134 178348 8.5069e+11  121    2 8.5185e+11 8.5055e+11  0.15%   8.8 3450s
 295082 179192 8.5078e+11  151    1 8.5185e+11 8.5055e+11  0.15%   8.8 3456s
 296033 180015 8.5125e+11  181    1 8.5185e+11 8.5055e+11  0.15%   8.8 3463s
 296987 180886 8.5137e+11  211    1 8.5185e+11 8.5055e+11  0.15%   8.8 3469s
 297947 181692 8.5142e+11  241    1 8.5185e+11 8.5055e+11  0.15%   8.8 3475s
 298897 182194 8.5145e+11  271    1 8.5185e+11 8.5055e+11  0.15%   8.8 3480s
 299849 182757 8.5055e+11   61    1 8.5185e+11 8.5055e+11  0.15%   8.8 3485s
 300809 183365 8.5060e+11   87    1 8.5185e+11 8.5055e+11  0.15%   8.8 3491s
 301759 184104 8.5070e+11  116    1 8.5185e+11 8.5055e+11  0.15%   8.8 3498s
 302718 185031 8.5075e+11  146    2 8.5185e+11 8.5055e+11  0.15%   8.7 3504s
 303678 185943 8.5079e+11  176    1 8.5185e+11 8.5055e+11  0.15%   8.7 3510s
 304638 186814 8.5134e+11  196    1 8.5185e+11 8.5055e+11  0.15%   8.7 3515s
 305598 187576 8.5139e+11  226    2 8.5185e+11 8.5055e+11  0.15%   8.7 3521s
 306546 188203 8.5144e+11  256    1 8.5185e+11 8.5055e+11  0.15%   8.7 3527s
 307492 188678 8.5184e+11  273    1 8.5185e+11 8.5055e+11  0.15%   8.7 3534s
 308401 189428 8.5055e+11   60    1 8.5185e+11 8.5055e+11  0.15%   8.7 3539s
 309343 190290 8.5059e+11   83    1 8.5185e+11 8.5055e+11  0.15%   8.7 3544s
 310301 191190 8.5070e+11  102    1 8.5185e+11 8.5055e+11  0.15%   8.7 3551s
 311261 192094 8.5074e+11  132    1 8.5185e+11 8.5055e+11  0.15%   8.7 3557s
 312221 192958 8.5078e+11  162    2 8.5185e+11 8.5055e+11  0.15%   8.7 3564s
 313172 193633 8.5086e+11  192    1 8.5185e+11 8.5055e+11  0.15%   8.7 3570s
 314122 194048 8.5134e+11  202    1 8.5185e+11 8.5055e+11  0.15%   8.7 3576s
 315011 194060 8.5139e+11  232    1 8.5185e+11 8.5055e+11  0.15%   8.7 3600s

Cutting planes:
  Implied bound: 5
  MIR: 6
  Flow cover: 4

Explored 315043 nodes (2764671 simplex iterations) in 3600.42 seconds (2154.78 work units)
Thread count was 32 (of 36 available processors)

Solution count 2: 8.51855e+11 8.53959e+11 

Time limit reached
Best objective 8.518549584884e+11, best bound 8.505464512318e+11, gap 0.1536%

User-callback calls 1194569, time in user-callback 0.47 sec
Set parameter TokenServer to value "license-1.hpc.nrel.gov"
Set parameter TimeLimit to value 3600
Set parameter MIPGap to value 0.001
Set parameter MIPGap to value 0.001
Set parameter TimeLimit to value 3600
Gurobi Optimizer version 9.5.1 build v9.5.1rc2 (linux64)
Thread count: 36 physical cores, 36 logical processors, using up to 32 threads
Optimize a model with 91240 rows, 1140828 columns and 2336040 nonzeros
Model fingerprint: 0x6b607005
Coefficient statistics:
  Matrix range     [1e+00, 1e+05]
  Objective range  [3e-01, 1e+09]
  Bounds range     [1e+00, 1e+08]
  RHS range        [8e-01, 2e+06]
Warning: Model contains large objective coefficients
         Consider reformulating model or setting NumericFocus parameter
         to avoid numerical issues.

Concurrent LP optimizer: primal simplex, dual simplex, and barrier
Showing barrier log only...

Presolve removed 83442 rows and 558500 columns
Presolve time: 1.67s
Presolved: 7798 rows, 582328 columns, 1160340 nonzeros

Ordering time: 0.02s

Barrier statistics:
 AA' NZ     : 5.780e+05
 Factor NZ  : 1.063e+06 (roughly 240 MB of memory)
 Factor Ops : 1.876e+08 (less than 1 second per iteration)
 Threads    : 30

                  Objective                Residual
Iter       Primal          Dual         Primal    Dual     Compl     Time
   0   3.94665607e+12 -2.74738540e+11  4.74e+06 2.71e+02  7.73e+07     2s
   1   9.91406070e+11  4.85380184e+11  1.44e+05 2.73e-12  2.94e+06     2s
   2   8.92093973e+11  7.22848115e+11  5.45e+03 7.69e-11  3.60e+05     2s
   3   8.84635687e+11  7.88499742e+11  2.75e+03 3.96e-11  1.95e+05     2s
   4   8.76448440e+11  8.16261077e+11  1.09e+03 2.32e-11  1.14e+05     2s
   5   8.72152082e+11  8.33746728e+11  7.04e+02 1.23e-11  7.16e+04     2s
   6   8.65529667e+11  8.40361549e+11  3.19e+02 7.73e-12  4.53e+04     2s
   7   8.62721845e+11  8.45650093e+11  2.15e+02 3.18e-12  3.04e+04     3s
   8   8.58493293e+11  8.48133169e+11  9.85e+01 3.18e-12  1.82e+04     3s

Barrier performed 8 iterations in 2.60 seconds (1.38 work units)
Barrier solve interrupted - model solved by another algorithm


Solved with primal simplex
Solved in 65052 iterations and 2.61 seconds (1.43 work units)
Optimal objective  8.518549585e+11

User-callback calls 138, time in user-callback 0.00 sec
[ Info:  started timer at: 2023-03-22T17:23:18.878
[ Info: Reading /projects/pvsoiling/RELOG/Manufacturing_NAICS_1/input/solver/case.json...
[ Info:          134 collection centers
[ Info:          309 candidate plant locations
[ Info: Building graph...
[ Info:               26 time periods
[ Info:              309 process nodes
[ Info:              309 shipping nodes (plant)
[ Info:              134 shipping nodes (collection)
[ Info:            41715 arcs
[ Info: Building optimization model...
[ Info: Optimizing MILP...
[ Info: Re-optimizing with integer variables fixed...
[ Info: Extracting solution...
[ Info:       3652.593641723s: 1 hour, 52 seconds, 593 milliseconds
