Set parameter TokenServer to value "license-1.hpc.nrel.gov"
Set parameter TimeLimit to value 3600
Set parameter MIPGap to value 0.001
Set parameter MIPGap to value 0.001
Set parameter TimeLimit to value 3600
Gurobi Optimizer version 9.5.1 build v9.5.1rc2 (linux64)
Thread count: 36 physical cores, 36 logical processors, using up to 32 threads
Optimize a model with 332904 rows, 1385332 columns and 2833700 nonzeros
Model fingerprint: 0x314ecd8d
Variable types: 1369264 continuous, 16068 integer (16068 binary)
Coefficient statistics:
  Matrix range     [3e-06, 1e+06]
  Objective range  [2e-01, 2e+07]
  Bounds range     [7e+03, 1e+08]
  RHS range        [1e-03, 2e+05]
Presolve removed 303464 rows and 282820 columns (presolve time = 6s) ...
Presolve removed 303464 rows and 282820 columns
Presolve time: 6.36s
Presolved: 29440 rows, 1102512 columns, 2234070 nonzeros
Variable types: 1092006 continuous, 10506 integer (10506 binary)

Deterministic concurrent LP optimizer: primal simplex, dual simplex, and barrier
Showing barrier log only...

Root barrier log...

Ordering time: 2.22s
Ordering time: 4.48s

Barrier statistics:
 AA' NZ     : 1.179e+06
 Factor NZ  : 1.638e+07 (roughly 600 MB of memory)
 Factor Ops : 3.054e+10 (less than 1 second per iteration)
 Threads    : 29

                  Objective                Residual
Iter       Primal          Dual         Primal    Dual     Compl     Time
   0   1.65816881e+14 -1.98684866e+14  2.49e+06 1.47e+03  4.55e+09    19s
   1   2.35926350e+13 -9.18833242e+13  3.53e+05 3.73e-09  6.63e+08    20s
   2   5.27825112e+12 -2.79104650e+13  7.90e+04 1.53e-06  1.49e+08    20s
   3   3.04759335e+11 -5.22027179e+12  4.44e+03 1.46e-07  9.79e+06    21s
   4   2.81591439e+10 -5.45843171e+11  2.92e+02 4.08e-09  6.93e+05    21s
   5   1.74014376e+10 -3.50203874e+11  1.35e+02 3.73e-09  3.50e+05    22s
   6   1.20734591e+10 -2.73535371e+11  5.84e+01 3.73e-09  2.04e+05    22s
   7   1.06464308e+10 -2.05234381e+11  3.89e+01 3.73e-09  1.44e+05    22s
   8   9.62785447e+09 -1.63719602e+11  2.63e+01 7.45e-09  1.07e+05    22s
   9   8.84645520e+09 -1.31301900e+11  1.56e+01 7.45e-09  7.95e+04    23s
  10   7.59199937e+09 -8.67964187e+10  8.98e+00 3.73e-09  5.07e+04    23s
  11   6.29866713e+09 -2.49387015e+10  4.70e+00 3.73e-09  1.69e+04    23s
  12   5.52798933e+09 -1.69832195e+10  2.42e+00 3.73e-09  1.14e+04    24s
  13   5.37412021e+09 -1.07650123e+10  2.02e+00 3.73e-09  8.11e+03    24s
  14   5.18427083e+09 -7.06100945e+09  1.57e+00 3.73e-09  6.07e+03    24s
  15   5.04965428e+09 -4.63814505e+09  1.27e+00 3.73e-09  4.75e+03    24s
  16   4.95408262e+09 -2.53559336e+09  1.09e+00 3.73e-09  3.66e+03    25s
  17   4.55915331e+09 -8.04454495e+08  1.15e+00 7.45e-09  2.51e+03    25s
  18   4.38077610e+09  6.80874773e+08  1.10e+00 3.73e-09  1.71e+03    25s
  19   4.26571622e+09  1.41256010e+09  1.00e+00 7.45e-09  1.31e+03    26s
  20   4.19059761e+09  1.97679538e+09  9.10e-01 3.73e-09  1.02e+03    26s
  21   4.13568055e+09  2.19042955e+09  9.48e-01 3.73e-09  8.91e+02    27s
  22   4.04307925e+09  2.59028677e+09  1.08e+00 3.73e-09  6.62e+02    27s
  23   3.97414114e+09  2.97267877e+09  1.12e+00 7.45e-09  4.56e+02    28s
  24   3.86630862e+09  3.08439473e+09  1.27e+00 3.73e-09  3.55e+02    28s
  25   3.81662114e+09  3.22140928e+09  1.05e+00 7.45e-09  2.70e+02    28s
  26   3.77075652e+09  3.28697021e+09  9.46e-01 3.73e-09  2.19e+02    29s
  27   3.71809860e+09  3.35214343e+09  1.86e+00 3.73e-09  1.65e+02    29s
  28   3.66904325e+09  3.37982775e+09  3.04e+00 3.73e-09  1.31e+02    30s
  29   3.63216217e+09  3.41192127e+09  3.90e+00 7.45e-09  9.93e+01    30s
  30   3.59803674e+09  3.43288857e+09  3.94e+00 3.73e-09  7.44e+01    31s
  31   3.58026195e+09  3.45151323e+09  3.30e+00 3.73e-09  5.80e+01    32s
  32   3.55812187e+09  3.46577160e+09  2.30e+00 7.45e-09  4.15e+01    32s
  33   3.53805675e+09  3.47478977e+09  1.48e+00 3.73e-09  2.84e+01    33s
  34   3.52283074e+09  3.48358952e+09  8.77e-01 3.73e-09  1.76e+01    34s
  35   3.51440282e+09  3.48864309e+09  5.64e-01 3.73e-09  1.16e+01    35s
  36   3.50977994e+09  3.49113678e+09  4.09e-01 3.73e-09  8.37e+00    35s
  37   3.50678913e+09  3.49248399e+09  3.14e-01 3.73e-09  6.42e+00    36s
  38   3.50584635e+09  3.49287963e+09  2.82e-01 3.73e-09  5.82e+00    36s
  39   3.50300212e+09  3.49359197e+09  1.91e-01 3.73e-09  4.22e+00    36s
  40   3.50102934e+09  3.49424318e+09  1.29e-01 3.73e-09  3.05e+00    37s
  41   3.49938121e+09  3.49517572e+09  8.05e-02 3.73e-09  1.89e+00    37s
  42   3.49851398e+09  3.49549097e+09  5.58e-02 3.73e-09  1.36e+00    37s
  43   3.49777703e+09  3.49574470e+09  3.59e-02 3.73e-09  9.12e-01    38s
  44   3.49718253e+09  3.49589872e+09  2.08e-02 3.73e-09  5.76e-01    38s
  45   3.49682867e+09  3.49599456e+09  1.25e-02 3.73e-09  3.75e-01    38s
  46   3.49650005e+09  3.49608599e+09  5.40e-03 3.73e-09  1.86e-01    38s
  47   3.49642334e+09  3.49611944e+09  3.87e-03 3.73e-09  1.37e-01    39s
  48   3.49634053e+09  3.49614765e+09  2.29e-03 3.73e-09  8.67e-02    39s
  49   3.49631695e+09  3.49616416e+09  1.87e-03 3.73e-09  6.86e-02    39s
  50   3.49629213e+09  3.49616887e+09  1.45e-03 3.73e-09  5.54e-02    39s
  51   3.49626899e+09  3.49617335e+09  1.06e-03 3.73e-09  4.30e-02    40s
  52   3.49624699e+09  3.49618381e+09  7.05e-04 3.73e-09  2.84e-02    40s
  53   3.49622534e+09  3.49618888e+09  3.71e-04 3.73e-09  1.64e-02    40s
  54   3.49621754e+09  3.49619055e+09  2.55e-04 3.73e-09  1.21e-02    40s
  55   3.49620433e+09  3.49619472e+09  6.37e-05 3.73e-09  4.32e-03    41s
  56   3.49620266e+09  3.49619664e+09  4.20e-05 3.73e-09  2.71e-03    41s
  57   3.49620028e+09  3.49619748e+09  1.23e-05 3.73e-09  1.26e-03    41s
  58   3.49619951e+09  3.49619833e+09  4.06e-06 3.73e-09  5.35e-04    41s
  59   3.49619933e+09  3.49619868e+09  2.22e-06 3.73e-09  2.92e-04    42s
  60   3.49619928e+09  3.49619873e+09  1.70e-06 3.73e-09  2.46e-04    42s
  61   3.49619917e+09  3.49619878e+09  6.31e-07 3.73e-09  1.75e-04    42s
  62   3.49619913e+09  3.49619880e+09  3.41e-07 3.73e-09  1.51e-04    43s
  63   3.49619911e+09  3.49619898e+09  6.98e-08 3.73e-09  5.77e-05    43s
  64   3.49619910e+09  3.49619904e+09  1.65e-08 3.73e-09  2.73e-05    43s
  65   3.49619909e+09  3.49619908e+09  4.99e-09 3.73e-09  6.47e-06    44s
  66   3.49619909e+09  3.49619909e+09  4.95e-09 7.45e-09  7.35e-07    44s
  67   3.49619909e+09  3.49619909e+09  1.54e-09 7.45e-09  1.49e-08    44s
  68   3.49619909e+09  3.49619909e+09  1.71e-10 3.73e-09  3.56e-11    44s

Barrier solved model in 68 iterations and 44.44 seconds (35.36 work units)
Optimal objective 3.49619909e+09


Root crossover log...

   26021 DPushes remaining with DInf 1.0529462e-05                45s
       0 DPushes remaining with DInf 0.0000000e+00                45s

     731 PPushes remaining with PInf 0.0000000e+00                45s
       0 PPushes remaining with PInf 0.0000000e+00                45s

  Push phase complete: Pinf 0.0000000e+00, Dinf 1.1888156e-08     45s


Root simplex log...

Iteration    Objective       Primal Inf.    Dual Inf.      Time
   20455    3.4961991e+09   0.000000e+00   0.000000e+00     45s
   20455    3.4961991e+09   0.000000e+00   0.000000e+00     45s
Concurrent spin time: 0.49s

Solved with barrier

Root relaxation: objective 3.496199e+09, 20455 iterations, 37.36 seconds (27.36 work units)

    Nodes    |    Current Node    |     Objective Bounds      |     Work
 Expl Unexpl |  Obj  Depth IntInf | Incumbent    BestBd   Gap | It/Node Time

     0     0 3.4962e+09    0  275          - 3.4962e+09      -     -   49s
H    0     0                    3.656286e+09 3.4962e+09  4.38%     -   51s
H    0     0                    3.647626e+09 3.4962e+09  4.15%     -   58s
H    0     0                    3.644409e+09 3.4962e+09  4.07%     -   59s
     0     0 3.4967e+09    0  333 3.6444e+09 3.4967e+09  4.05%     -   68s
H    0     0                    3.643924e+09 3.4967e+09  4.04%     -   70s
     0     0 3.4967e+09    0  318 3.6439e+09 3.4967e+09  4.04%     -   76s
     0     0 3.4967e+09    0  309 3.6439e+09 3.4967e+09  4.04%     -   76s
     0     0 3.4967e+09    0  319 3.6439e+09 3.4967e+09  4.04%     -   77s
     0     0 3.4971e+09    0  312 3.6439e+09 3.4971e+09  4.03%     -   98s
H    0     0                    3.520436e+09 3.4971e+09  0.66%     -  103s
     0     0 3.4971e+09    0  309 3.5204e+09 3.4971e+09  0.66%     -  109s
     0     0 3.4971e+09    0  308 3.5204e+09 3.4971e+09  0.66%     -  112s
     0     0 3.4971e+09    0  307 3.5204e+09 3.4971e+09  0.66%     -  114s
     0     0 3.4971e+09    0  309 3.5204e+09 3.4971e+09  0.66%     -  116s
     0     0 3.4972e+09    0  309 3.5204e+09 3.4972e+09  0.66%     -  118s
     0     0 3.4972e+09    0  309 3.5204e+09 3.4972e+09  0.66%     -  120s
     0     0 3.4972e+09    0  310 3.5204e+09 3.4972e+09  0.66%     -  121s
     0     0 3.4972e+09    0  309 3.5204e+09 3.4972e+09  0.66%     -  123s
     0     0 3.4972e+09    0  311 3.5204e+09 3.4972e+09  0.66%     -  124s
     0     0 3.4974e+09    0  330 3.5204e+09 3.4974e+09  0.66%     -  167s
H    0     0                    3.509964e+09 3.4974e+09  0.36%     -  171s
H    0     0                    3.509121e+09 3.4974e+09  0.34%     -  173s
     0     0 3.4974e+09    0  330 3.5091e+09 3.4974e+09  0.33%     -  186s
     0     0 3.4974e+09    0  338 3.5091e+09 3.4974e+09  0.33%     -  196s
     0     0 3.4974e+09    0  334 3.5091e+09 3.4974e+09  0.33%     -  200s
     0     0 3.4974e+09    0  341 3.5091e+09 3.4974e+09  0.33%     -  205s
     0     0 3.4974e+09    0  336 3.5091e+09 3.4974e+09  0.33%     -  208s
     0     0 3.4974e+09    0  347 3.5091e+09 3.4974e+09  0.33%     -  210s
     0     0 3.4974e+09    0  340 3.5091e+09 3.4974e+09  0.33%     -  214s
     0     0 3.4974e+09    0  335 3.5091e+09 3.4974e+09  0.33%     -  218s
     0     0 3.4974e+09    0  336 3.5091e+09 3.4974e+09  0.33%     -  220s
     0     0 3.4976e+09    0  295 3.5091e+09 3.4976e+09  0.33%     -  294s
H    0     0                    3.508954e+09 3.4976e+09  0.32%     -  300s
H    0     0                    3.508503e+09 3.4976e+09  0.31%     -  309s
     0     0 3.4976e+09    0  302 3.5085e+09 3.4976e+09  0.31%     -  331s
     0     0 3.4976e+09    0  290 3.5085e+09 3.4976e+09  0.31%     -  352s
     0     0 3.4976e+09    0  289 3.5085e+09 3.4976e+09  0.31%     -  367s
     0     0 3.4976e+09    0  288 3.5085e+09 3.4976e+09  0.31%     -  379s
     0     0 3.4976e+09    0  277 3.5085e+09 3.4976e+09  0.31%     -  386s
     0     0 3.4976e+09    0  278 3.5085e+09 3.4976e+09  0.31%     -  390s
     0     0 3.4977e+09    0  302 3.5085e+09 3.4977e+09  0.31%     -  465s
H    0     0                    3.508180e+09 3.4977e+09  0.30%     -  473s
     0     0 3.4977e+09    0  294 3.5082e+09 3.4977e+09  0.30%     -  498s
     0     0 3.4977e+09    0  292 3.5082e+09 3.4977e+09  0.30%     -  512s
     0     0 3.4977e+09    0  306 3.5082e+09 3.4977e+09  0.30%     -  521s
     0     0 3.4977e+09    0  274 3.5082e+09 3.4977e+09  0.30%     -  527s
     0     0 3.4978e+09    0  290 3.5082e+09 3.4978e+09  0.29%     -  629s
H    0     0                    3.506810e+09 3.4978e+09  0.26%     -  667s
     0     0 3.4979e+09    0  273 3.5068e+09 3.4979e+09  0.26%     -  690s
     0     0 3.4979e+09    0  287 3.5068e+09 3.4979e+09  0.25%     -  708s
     0     0 3.4979e+09    0  258 3.5068e+09 3.4979e+09  0.25%     -  721s
     0     0 3.4979e+09    0  271 3.5068e+09 3.4979e+09  0.25%     -  729s
     0     0 3.4979e+09    0  259 3.5068e+09 3.4979e+09  0.25%     -  734s
     0     0 3.4979e+09    0  257 3.5068e+09 3.4979e+09  0.25%     -  738s
     0     0 3.4979e+09    0  337 3.5068e+09 3.4979e+09  0.25%     -  873s
H    0     0                    3.506654e+09 3.4979e+09  0.25%     -  878s
     0     0 3.4980e+09    0  316 3.5067e+09 3.4980e+09  0.25%     -  911s
     0     0 3.4980e+09    0  343 3.5067e+09 3.4980e+09  0.25%     -  936s
     0     0 3.4980e+09    0  327 3.5067e+09 3.4980e+09  0.25%     -  954s
     0     0 3.4980e+09    0  323 3.5067e+09 3.4980e+09  0.25%     -  967s
     0     0 3.4980e+09    0  328 3.5067e+09 3.4980e+09  0.25%     -  981s
     0     0 3.4980e+09    0  333 3.5067e+09 3.4980e+09  0.25%     - 1000s
     0     0 3.4980e+09    0  321 3.5067e+09 3.4980e+09  0.25%     - 1008s
     0     0 3.4980e+09    0  395 3.5067e+09 3.4980e+09  0.25%     - 1150s
H    0     0                    3.506433e+09 3.4980e+09  0.24%     - 1166s
     0     0 3.4980e+09    0  412 3.5064e+09 3.4980e+09  0.24%     - 1218s
     0     0 3.4981e+09    0  391 3.5064e+09 3.4981e+09  0.24%     - 1253s
     0     0 3.4981e+09    0  430 3.5064e+09 3.4981e+09  0.24%     - 1289s
     0     0 3.4981e+09    0  408 3.5064e+09 3.4981e+09  0.24%     - 1311s
     0     0 3.4981e+09    0  386 3.5064e+09 3.4981e+09  0.24%     - 1328s
     0     0 3.4981e+09    0  108 3.5064e+09 3.4981e+09  0.24%     - 1390s
     0     0 3.4981e+09    0  105 3.5064e+09 3.4981e+09  0.24%     - 1395s
     0     0 3.4981e+09    0  117 3.5064e+09 3.4981e+09  0.24%     - 1432s
     0     0 3.4981e+09    0  116 3.5064e+09 3.4981e+09  0.24%     - 1451s
H    0     0                    3.505235e+09 3.4981e+09  0.20%     - 1758s
     0     2 3.4981e+09    0  116 3.5052e+09 3.4981e+09  0.20%     - 1776s
     1     4 3.4981e+09    1  120 3.5052e+09 3.4981e+09  0.20%   561 1793s
     3     8 3.4982e+09    2  198 3.5052e+09 3.4981e+09  0.20%  1870 2294s
     7    16 3.4982e+09    3  209 3.5052e+09 3.4981e+09  0.20%  2786 2387s
    15    32 3.4982e+09    4  211 3.5052e+09 3.4981e+09  0.20%  2179 2532s
H   31    64                    3.505229e+09 3.4981e+09  0.20%  3020 2615s
H   48    64                    3.505227e+09 3.4981e+09  0.20%  2132 2615s
H   57    64                    3.505222e+09 3.4981e+09  0.20%  1892 2615s
    63    96 3.4982e+09    6   96 3.5052e+09 3.4981e+09  0.20%  1771 2659s
    95   128 3.4982e+09    7   96 3.5052e+09 3.4981e+09  0.20%  1551 2913s
   127   160 3.4983e+09    7   90 3.5052e+09 3.4981e+09  0.20%  1314 2997s
   159   192 3.4983e+09    8   87 3.5052e+09 3.4981e+09  0.20%  1210 3600s
H  174   192                    3.505201e+09 3.4981e+09  0.20%  1152 3600s

Cutting planes:
  Implied bound: 7765
  MIR: 129
  Flow cover: 1008
  Flow path: 654
  Network: 7
  RLT: 162
  Relax-and-lift: 711

Explored 191 nodes (344358 simplex iterations) in 3600.59 seconds (3769.43 work units)
Thread count was 32 (of 36 available processors)

Solution count 10: 3.5052e+09 3.50523e+09 3.50523e+09 ... 3.50895e+09

Time limit reached
Best objective 3.505200993931e+09, best bound 3.498116153546e+09, gap 0.2021%

User-callback calls 1167246, time in user-callback 0.25 sec
Set parameter TokenServer to value "license-1.hpc.nrel.gov"
Set parameter TimeLimit to value 3600
Set parameter MIPGap to value 0.001
Set parameter MIPGap to value 0.001
Set parameter TimeLimit to value 3600
Gurobi Optimizer version 9.5.1 build v9.5.1rc2 (linux64)
Thread count: 36 physical cores, 36 logical processors, using up to 32 threads
Optimize a model with 332904 rows, 1385332 columns and 2833700 nonzeros
Model fingerprint: 0xf94b968a
Coefficient statistics:
  Matrix range     [3e-06, 1e+06]
  Objective range  [2e-01, 2e+07]
  Bounds range     [1e+00, 1e+08]
  RHS range        [1e-03, 2e+05]

Concurrent LP optimizer: primal simplex, dual simplex, and barrier
Showing barrier log only...

Presolve removed 329123 rows and 1254571 columns
Presolve time: 1.49s
Presolved: 3781 rows, 130761 columns, 260555 nonzeros

Ordering time: 0.02s

Barrier statistics:
 AA' NZ     : 1.291e+05
 Factor NZ  : 2.482e+05 (roughly 60 MB of memory)
 Factor Ops : 2.106e+07 (less than 1 second per iteration)
 Threads    : 30

                  Objective                Residual
Iter       Primal          Dual         Primal    Dual     Compl     Time
   0   8.75010452e+12 -3.13218139e+11  9.42e+07 1.69e+02  2.63e+08     2s
   1   2.31341951e+12 -9.40070722e+10  2.49e+07 3.98e-13  7.02e+07     2s
   2   3.67428660e+11 -5.53571184e+09  3.91e+06 1.53e-12  1.12e+07     2s
   3   4.56673070e+10 -6.75444259e+08  4.49e+05 1.71e-12  1.30e+06     2s
   4   1.40964057e+10  1.03885318e+09  1.10e+05 1.05e-11  3.33e+05     2s
   5   6.36697042e+09  2.02736918e+09  2.71e+04 7.73e-12  8.74e+04     2s
   6   4.29122864e+09  2.76027707e+09  5.58e+03 3.18e-12  2.15e+04     2s
   7   3.89048930e+09  3.13306922e+09  1.91e+03 1.48e-12  8.57e+03     2s
   8   3.62668218e+09  3.35046367e+09  5.87e+01 8.53e-13  2.14e+03     2s
   9   3.58970938e+09  3.42918636e+09  2.98e+01 5.68e-13  1.23e+03     2s
  10   3.54409137e+09  3.46855751e+09  4.28e+00 2.84e-13  5.69e+02     2s
  11   3.53367243e+09  3.48211794e+09  2.43e+00 2.27e-13  3.88e+02     2s
  12   3.52194222e+09  3.49215079e+09  1.10e+00 3.27e-13  2.24e+02     2s
  13   3.51512768e+09  3.49869744e+09  5.36e-01 3.27e-13  1.23e+02     2s
  14   3.51125564e+09  3.50136438e+09  2.86e-01 3.27e-13  7.42e+01     2s
  15   3.50924920e+09  3.50311131e+09  1.77e-01 3.27e-13  4.61e+01     2s
  16   3.50761200e+09  3.50404518e+09  9.71e-02 2.27e-13  2.68e+01     2s
  17   3.50621586e+09  3.50453301e+09  3.60e-02 4.12e-13  1.26e+01     2s
  18   3.50567043e+09  3.50478422e+09  1.50e-02 1.85e-13  6.65e+00     2s
  19   3.50541063e+09  3.50501073e+09  6.22e-03 1.14e-13  3.00e+00     2s
  20   3.50530059e+09  3.50507920e+09  2.70e-03 1.14e-13  1.66e+00     2s
  21   3.50523178e+09  3.50516451e+09  6.58e-04 8.53e-14  5.05e-01     2s
  22   3.50521585e+09  3.50518578e+09  3.08e-04 1.14e-13  2.26e-01     2s
  23   3.50520258e+09  3.50519896e+09  2.23e-05 1.28e-13  2.72e-02     2s
  24   3.50520134e+09  3.50520032e+09  4.10e-06 1.14e-13  7.69e-03     2s
  25   3.50520106e+09  3.50520089e+09  5.01e-07 1.14e-13  1.28e-03     2s
  26   3.50520099e+09  3.50520099e+09  2.56e-08 1.42e-13  6.66e-06     2s

Barrier performed 26 iterations in 2.21 seconds (1.41 work units)
Barrier solve interrupted - model solved by another algorithm


Solved with primal simplex
Solved in 36256 iterations and 2.46 seconds (1.30 work units)
Optimal objective  3.505200994e+09

User-callback calls 314, time in user-callback 0.00 sec
[ Info:  started timer at: 2023-03-28T00:29:28.592
[ Info: Reading /projects/pvsoiling/RELOG/Recycling_cap_NAICS_1/input/solver/case.json...
[ Info:          134 collection centers
[ Info:          309 candidate plant locations
[ Info: Building graph...
[ Info:           26 time periods
[ Info:          309 process nodes
[ Info:         4944 shipping nodes (plant)
[ Info:          134 shipping nodes (collection)
[ Info:        46350 arcs
[ Info: Building optimization model...
[ Info: Optimizing MILP...
[ Info: Re-optimizing with integer variables fixed...
[ Info: Extracting solution...
[ Info:       3656.832971765s: 1 hour, 56 seconds, 832 milliseconds
