Set parameter TokenServer to value "license-1.hpc.nrel.gov"
Set parameter TimeLimit to value 3600
Set parameter MIPGap to value 0.001
Set parameter MIPGap to value 0.001
Set parameter TimeLimit to value 3600
Gurobi Optimizer version 9.5.1 build v9.5.1rc2 (linux64)
Thread count: 36 physical cores, 36 logical processors, using up to 32 threads
Optimize a model with 79596 rows, 989456 columns and 2026080 nonzeros
Model fingerprint: 0x6df9cc7d
Variable types: 975520 continuous, 13936 integer (13936 binary)
Coefficient statistics:
  Matrix range     [1e+00, 1e+05]
  Objective range  [2e-01, 8e+08]
  Bounds range     [1e+05, 1e+08]
  RHS range        [8e-01, 2e+06]
Presolve removed 69146 rows and 56012 columns
Presolve time: 4.08s
Presolved: 10450 rows, 933444 columns, 1873320 nonzeros
Variable types: 933176 continuous, 268 integer (268 binary)

Deterministic concurrent LP optimizer: primal and dual simplex
Showing first log only...


Root simplex log...

Iteration    Objective       Primal Inf.    Dual Inf.      Time
       0    5.4596089e+11   2.922196e+06   1.666806e+11      8s
Concurrent spin time: 0.00s

Solved with dual simplex

Root relaxation: objective 8.739225e+11, 20009 iterations, 2.73 seconds (1.74 work units)

    Nodes    |    Current Node    |     Objective Bounds      |     Work
 Expl Unexpl |  Obj  Depth IntInf | Incumbent    BestBd   Gap | It/Node Time

     0     0 8.7392e+11    0    2          - 8.7392e+11      -     -    8s
H    0     0                    8.752610e+11 8.7392e+11  0.15%     -    9s
     0     0 8.7392e+11    0    1 8.7526e+11 8.7392e+11  0.15%     -   14s
     0     0 8.7392e+11    0    1 8.7526e+11 8.7392e+11  0.15%     -   17s
     0     2 8.7392e+11    0    1 8.7526e+11 8.7392e+11  0.15%     -   19s
     1     4 8.7392e+11    1    1 8.7526e+11 8.7392e+11  0.15%   6.0   20s
    63    96 8.7393e+11    6    1 8.7526e+11 8.7392e+11  0.15%   4.5   25s
    95   128 8.7393e+11    7    1 8.7526e+11 8.7392e+11  0.15%   4.0   49s
   100   128 8.7392e+11    7    1 8.7526e+11 8.7392e+11  0.15%   3.9   50s
   159   192 8.7395e+11    8    1 8.7526e+11 8.7392e+11  0.15%   4.1   87s
   223   391 8.7395e+11   10    1 8.7526e+11 8.7392e+11  0.15%   4.3   92s
   390   647 8.7397e+11   14    1 8.7526e+11 8.7392e+11  0.15%   4.2  104s
   646  1735 8.7399e+11   21    1 8.7526e+11 8.7392e+11  0.15%   4.5  118s
  1734  2629 8.7402e+11   55    1 8.7526e+11 8.7392e+11  0.15%   4.7  128s
  2662  3413 8.7408e+11   85    1 8.7526e+11 8.7392e+11  0.15%   5.1  137s
  3453  3926 8.7418e+11  109    1 8.7526e+11 8.7392e+11  0.15%   5.0  144s
  4440  4445 8.7422e+11  126    3 8.7526e+11 8.7392e+11  0.15%   5.7  149s
  5400  5056 8.7428e+11  139    1 8.7526e+11 8.7392e+11  0.15%   7.2  155s
  6334  5791 8.7430e+11  147    3 8.7526e+11 8.7392e+11  0.15%   8.9  161s
  7294  6631 8.7458e+11  162    1 8.7526e+11 8.7392e+11  0.15%  14.1  167s
  8316  7390 8.7461e+11  196    1 8.7526e+11 8.7392e+11  0.15%  14.1  172s
  9389  8150 8.7475e+11  230    1 8.7526e+11 8.7392e+11  0.15%  15.2  178s
 10474  8757 8.7397e+11   37    1 8.7526e+11 8.7392e+11  0.15%  14.9  183s
 11541  8758 8.7420e+11   70    1 8.7526e+11 8.7392e+11  0.15%  16.7  199s
 11542  8759 8.7411e+11   62    1 8.7526e+11 8.7392e+11  0.15%  16.7  200s
 11543  8759 8.7406e+11   35    2 8.7526e+11 8.7392e+11  0.15%  16.7  206s
 11544  8760 8.7452e+11  105    1 8.7526e+11 8.7392e+11  0.15%  16.7  210s
 11547  8765 8.7392e+11   16    1 8.7526e+11 8.7392e+11  0.15%  18.5  216s
 11609  8836 8.7393e+11   21    1 8.7526e+11 8.7392e+11  0.15%  18.4  220s
 11641  8858 8.7395e+11   21    1 8.7526e+11 8.7392e+11  0.15%  18.4  232s
 11737  8922 8.7393e+11   23    1 8.7526e+11 8.7392e+11  0.15%  18.2  252s
 11832  9196 8.7397e+11   24    1 8.7526e+11 8.7392e+11  0.15%  18.1  256s
 12075  9700 8.7397e+11   29    1 8.7526e+11 8.7392e+11  0.15%  17.9  263s
 12660 10169 8.7399e+11   42    1 8.7526e+11 8.7392e+11  0.15%  17.3  272s
 13324  9980 8.7404e+11   56    1 8.7526e+11 8.7392e+11  0.15%  16.7  289s
 13356 10460 8.7400e+11   57    1 8.7526e+11 8.7392e+11  0.15%  16.6  298s
 13861 10914 8.7407e+11   71    1 8.7526e+11 8.7392e+11  0.15%  16.3  308s
 14516 11426 8.7408e+11   85    2 8.7526e+11 8.7392e+11  0.15%  15.8  318s
 15261 11685 8.7408e+11  103    1 8.7526e+11 8.7392e+11  0.15%  15.2  327s
 16266 11766 8.7419e+11  130    1 8.7526e+11 8.7392e+11  0.15%  14.8  333s
 17209 11920 8.7423e+11  149    1 8.7526e+11 8.7392e+11  0.15%  14.7  339s
 18125 12201 8.7429e+11  160    2 8.7526e+11 8.7392e+11  0.15%  14.9  346s
 19035 12752 8.7432e+11  169    3 8.7526e+11 8.7392e+11  0.15%  16.4  353s
 20041 13216 8.7460e+11  194    1 8.7526e+11 8.7392e+11  0.15%  16.9  359s
 21090 13578 8.7464e+11  227    1 8.7526e+11 8.7392e+11  0.15%  17.2  366s
 22178 13726 8.7393e+11   23    1 8.7526e+11 8.7392e+11  0.15%  16.7  416s
 23241 14035 8.7417e+11   56    1 8.7526e+11 8.7392e+11  0.15%  16.2  421s
 24329 14425 8.7420e+11   87    1 8.7526e+11 8.7392e+11  0.15%  15.8  428s
 25417 14852 8.7427e+11  118    1 8.7526e+11 8.7392e+11  0.15%  15.5  435s
 26505 15302 8.7484e+11  148    1 8.7526e+11 8.7392e+11  0.15%  15.6  442s
 27593 15633 8.7492e+11  182    2 8.7526e+11 8.7392e+11  0.15%  15.4  449s
 28658 15292 8.7402e+11   34    1 8.7526e+11 8.7393e+11  0.15%  15.5  466s
 28691 15849 8.7402e+11   35    1 8.7526e+11 8.7393e+11  0.15%  15.5  474s
 29773 16289 8.7411e+11   67    1 8.7526e+11 8.7393e+11  0.15%  15.4  485s
 31949 17399 8.7426e+11  129    1 8.7526e+11 8.7393e+11  0.15%  14.9  494s
 33036 17563 8.7477e+11  163    1 8.7526e+11 8.7393e+11  0.15%  14.7  500s
 34077 17227 8.7483e+11  197    1 8.7526e+11 8.7393e+11  0.15%  14.9  527s
 34109 17617 8.7483e+11  198    1 8.7526e+11 8.7393e+11  0.15%  14.9  532s
 35131 17784 8.7396e+11   31    1 8.7526e+11 8.7393e+11  0.15%  15.1  537s
 36185 18043 8.7413e+11   63    1 8.7526e+11 8.7393e+11  0.15%  15.1  545s
 37252 18546 8.7419e+11   95    2 8.7526e+11 8.7393e+11  0.15%  15.2  552s
 38335 18661 8.7475e+11  127    2 8.7526e+11 8.7393e+11  0.15%  15.1  568s
 38719 19531 8.7476e+11  139    2 8.7526e+11 8.7393e+11  0.15%  15.0  575s
 39801 20329 8.7478e+11  172    1 8.7526e+11 8.7393e+11  0.15%  14.8  580s
 40991 20781 8.7421e+11  130    1 8.7526e+11 8.7393e+11  0.15%  14.5  585s
 43065 22024 8.7399e+11   72    1 8.7526e+11 8.7393e+11  0.15%  14.0  594s
 44153 22767 8.7411e+11  106    1 8.7526e+11 8.7393e+11  0.15%  13.8  599s
 45241 23601 8.7420e+11  140    2 8.7526e+11 8.7393e+11  0.15%  13.9  604s
 46308 24423 8.7429e+11  164    3 8.7526e+11 8.7393e+11  0.15%  13.9  609s
 47363 24441 8.7467e+11  181    1 8.7526e+11 8.7393e+11  0.15%  13.9  621s
 47401 25219     cutoff  182      8.7526e+11 8.7393e+11  0.15%  13.9  626s
 48483 25983 8.7520e+11  212    1 8.7526e+11 8.7393e+11  0.15%  13.8  631s
 49568 26746 8.7420e+11   47    1 8.7526e+11 8.7393e+11  0.15%  13.8  636s
 50654 27578 8.7431e+11   81    1 8.7526e+11 8.7393e+11  0.15%  13.8  641s
 51742 28361 8.7433e+11  111    1 8.7526e+11 8.7393e+11  0.15%  13.8  646s
 52813 29239 8.7440e+11  141    1 8.7526e+11 8.7393e+11  0.15%  14.0  651s
 53901 29972 8.7498e+11  169    1 8.7526e+11 8.7393e+11  0.15%  13.8  655s
 54989 30743 8.7398e+11   53    1 8.7526e+11 8.7393e+11  0.15%  13.7  661s
 56077 31603 8.7405e+11   87    1 8.7526e+11 8.7393e+11  0.15%  13.5  667s
 57165 32368 8.7416e+11  121    2 8.7526e+11 8.7393e+11  0.15%  13.4  673s
 58253 33170 8.7464e+11  155    1 8.7526e+11 8.7393e+11  0.15%  13.3  677s
 59340 33171 8.7463e+11  140    1 8.7526e+11 8.7393e+11  0.15%  13.3  714s
 59341 33172 8.7449e+11  119    1 8.7526e+11 8.7393e+11  0.15%  13.3  715s
 59342 33172 8.7419e+11   83    2 8.7526e+11 8.7393e+11  0.15%  13.3  722s
 59343 33173 8.7438e+11   82    1 8.7526e+11 8.7393e+11  0.15%  13.3  727s
 59344 33174 8.7431e+11  112    1 8.7526e+11 8.7393e+11  0.15%  13.3  731s
 59345 33174 8.7396e+11   26    1 8.7526e+11 8.7393e+11  0.15%  13.3  735s
 59376 33228 8.7393e+11   35    1 8.7526e+11 8.7393e+11  0.15%  13.6  741s
 59440 33271 8.7395e+11   36    1 8.7526e+11 8.7393e+11  0.15%  13.6  763s
 59504 33313 8.7395e+11   37    1 8.7526e+11 8.7393e+11  0.15%  13.6  827s
 59599 33515 8.7395e+11   39    1 8.7526e+11 8.7393e+11  0.15%  13.6  831s
 59769 34026 8.7397e+11   41    1 8.7526e+11 8.7393e+11  0.15%  13.6  839s
 60337 34516 8.7399e+11   53    1 8.7526e+11 8.7393e+11  0.15%  13.5  849s
 61016 34928 8.7400e+11   68    1 8.7526e+11 8.7393e+11  0.15%  13.4  859s
 61684 35058 8.7406e+11   82    1 8.7526e+11 8.7393e+11  0.15%  13.3  868s
 62095 35682 8.7404e+11   96    1 8.7526e+11 8.7393e+11  0.15%  13.2  879s
 62888 35953 8.7408e+11  111    2 8.7526e+11 8.7393e+11  0.15%  13.1  898s
 63909 35991 8.7414e+11  134    1 8.7526e+11 8.7393e+11  0.15%  13.0  907s
 64888 36061 8.7422e+11  157    2 8.7526e+11 8.7393e+11  0.15%  13.0  914s
 65820 36363 8.7429e+11  172    2 8.7526e+11 8.7393e+11  0.15%  13.1  921s
 66738 36947 8.7430e+11  182    1 8.7526e+11 8.7393e+11  0.15%  13.5  928s
 67730 37474     cutoff  203      8.7526e+11 8.7393e+11  0.15%  13.8  936s
 68768 37900 8.7462e+11  236    1 8.7526e+11 8.7393e+11  0.15%  13.9  942s
 69856 38376 8.7477e+11  270    2 8.7526e+11 8.7393e+11  0.15%  13.9  948s
 70944 38496 8.7416e+11   48    1 8.7526e+11 8.7393e+11  0.15%  13.7  954s
 72032 38620 8.7431e+11   63    1 8.7526e+11 8.7393e+11  0.15%  13.7  960s
 73120 38751 8.7485e+11   78    1 8.7526e+11 8.7393e+11  0.15%  13.6  966s
 74208 39071 8.7507e+11  104    1 8.7526e+11 8.7393e+11  0.15%  13.5  971s
 75296 39727 8.7515e+11  134    1 8.7526e+11 8.7393e+11  0.15%  13.6  977s
 76384 39397 8.7398e+11   62    2 8.7526e+11 8.7393e+11  0.15%  13.5 1011s
 76416 39429 8.7398e+11   63    1 8.7526e+11 8.7393e+11  0.15%  13.5 1058s
 76459 40442 8.7398e+11   64    1 8.7526e+11 8.7393e+11  0.15%  13.5 1064s
 77547 40721 8.7402e+11   98    1 8.7526e+11 8.7393e+11  0.15%  13.3 1068s
 78635 40606 8.7413e+11  132    1 8.7526e+11 8.7393e+11  0.15%  13.2 1073s
 79723 40644 8.7463e+11  166    1 8.7526e+11 8.7393e+11  0.15%  13.1 1078s
 80811 40918 8.7471e+11  200    2 8.7526e+11 8.7393e+11  0.15%  13.0 1083s
 81899 41343 8.7480e+11  234    1 8.7526e+11 8.7393e+11  0.15%  13.0 1088s
 82987 41926 8.7394e+11   44    1 8.7526e+11 8.7393e+11  0.15%  13.1 1094s
 84075 42336 8.7399e+11   78    1 8.7526e+11 8.7393e+11  0.15%  13.0 1100s
 86235 42563 8.7461e+11  146    1 8.7526e+11 8.7393e+11  0.15%  12.8 1111s
 87296 42731 8.7464e+11  180    1 8.7526e+11 8.7393e+11  0.15%  12.9 1116s
 88377 43030 8.7471e+11  214    1 8.7526e+11 8.7393e+11  0.15%  12.9 1124s
 89465 43569 8.7484e+11  248    1 8.7526e+11 8.7393e+11  0.15%  13.0 1130s
 90552 44049 8.7402e+11   43    1 8.7526e+11 8.7393e+11  0.15%  13.0 1137s
 91618 44345 8.7420e+11   55    1 8.7526e+11 8.7393e+11  0.15%  13.0 1143s
 92648 44445 8.7466e+11   73    1 8.7526e+11 8.7393e+11  0.15%  13.0 1150s
 93694 44522 8.7525e+11   86    1 8.7526e+11 8.7393e+11  0.15%  13.0 1159s
 94692 44886 8.7398e+11   59    1 8.7526e+11 8.7393e+11  0.15%  12.9 1167s
 95755 44552 8.7400e+11   93    2 8.7526e+11 8.7393e+11  0.15%  12.9 1216s
 95792 45376 8.7400e+11   94    1 8.7526e+11 8.7393e+11  0.15%  12.9 1221s
 96880 45856 8.7407e+11  128    1 8.7526e+11 8.7393e+11  0.15%  12.9 1228s
 97968 46117 8.7462e+11  162    1 8.7526e+11 8.7393e+11  0.15%  12.8 1235s
 99053 46164 8.7470e+11  196    1 8.7526e+11 8.7393e+11  0.15%  12.8 1241s
 100141 46246 8.7476e+11  230    1 8.7526e+11 8.7393e+11  0.15%  12.7 1246s
 101229 46322 infeasible  255      8.7526e+11 8.7393e+11  0.15%  12.7 1263s
 102197 46713 8.7398e+11   67    1 8.7526e+11 8.7393e+11  0.15%  12.7 1268s
 103285 47182 8.7403e+11  101    1 8.7526e+11 8.7393e+11  0.15%  12.8 1273s
 104373 47622 8.7415e+11  135    3 8.7526e+11 8.7393e+11  0.15%  12.7 1278s
 105461 47847 8.7464e+11  169    1 8.7526e+11 8.7393e+11  0.15%  12.7 1283s
 106542 47876 8.7471e+11  203    1 8.7526e+11 8.7393e+11  0.15%  12.6 1289s
 107626 48020 8.7481e+11  237    3 8.7526e+11 8.7393e+11  0.15%  12.6 1295s
 108714 48235 8.7396e+11   47    1 8.7526e+11 8.7393e+11  0.15%  12.6 1301s
 109800 48692 8.7399e+11   81    1 8.7526e+11 8.7393e+11  0.15%  12.7 1306s
 110884 48360 8.7406e+11  115    1 8.7526e+11 8.7393e+11  0.15%  12.7 1360s
 110917 49401 8.7406e+11  116    1 8.7526e+11 8.7393e+11  0.15%  12.7 1365s
 111997 49814 8.7461e+11  150    1 8.7526e+11 8.7393e+11  0.15%  12.7 1370s
 113073 50028 8.7464e+11  184    1 8.7526e+11 8.7393e+11  0.15%  12.6 1375s
 114155 50053 8.7476e+11  218    1 8.7526e+11 8.7393e+11  0.15%  12.6 1380s
 115243 50115 8.7485e+11  252    2 8.7526e+11 8.7393e+11  0.15%  12.5 1385s
 116331 50572 8.7397e+11   60    1 8.7526e+11 8.7394e+11  0.15%  12.6 1390s
 117414 51243 8.7418e+11   93    1 8.7526e+11 8.7394e+11  0.15%  12.6 1398s
 118491 51904 8.7425e+11  125    1 8.7526e+11 8.7394e+11  0.15%  12.6 1404s
 119564 52265 8.7481e+11  154    2 8.7526e+11 8.7394e+11  0.15%  12.5 1409s
 120650 52227 8.7483e+11  187    1 8.7526e+11 8.7394e+11  0.15%  12.4 1415s
 121737 52291 8.7394e+11   41    1 8.7526e+11 8.7394e+11  0.15%  12.4 1420s
 122820 52789 8.7399e+11   75    1 8.7526e+11 8.7394e+11  0.15%  12.3 1426s
 123900 53382 8.7405e+11  109    1 8.7526e+11 8.7394e+11  0.15%  12.3 1433s
 124963 53867 8.7461e+11  143    1 8.7526e+11 8.7394e+11  0.15%  12.3 1439s
 125994 53971 8.7464e+11  177    1 8.7526e+11 8.7394e+11  0.15%  12.2 1445s
 127016 54115 8.7470e+11  211    1 8.7526e+11 8.7394e+11  0.15%  12.2 1451s
 128077 54565 8.7481e+11  245    1 8.7526e+11 8.7394e+11  0.15%  12.1 1456s
 129156 55209 8.7408e+11   53    1 8.7526e+11 8.7394e+11  0.15%  12.1 1461s
 130244 55717 8.7417e+11   83    1 8.7526e+11 8.7394e+11  0.15%  12.0 1466s
 131332 55977 8.7423e+11  112    2 8.7526e+11 8.7394e+11  0.15%  12.0 1471s
 132420 55963 8.7435e+11  143    1 8.7526e+11 8.7394e+11  0.15%  11.9 1476s
 133508 56219 8.7482e+11  177    1 8.7526e+11 8.7394e+11  0.15%  11.9 1481s
 134596 56833 8.7488e+11  210    1 8.7526e+11 8.7394e+11  0.15%  11.8 1486s
 135684 57491 8.7398e+11   69    1 8.7526e+11 8.7394e+11  0.15%  11.8 1491s
 136772 57668 8.7402e+11  100    1 8.7526e+11 8.7394e+11  0.15%  11.7 1495s
 137860 57674 8.7413e+11  132    1 8.7526e+11 8.7394e+11  0.15%  11.7 1500s
 138937 57715 8.7462e+11  165    1 8.7526e+11 8.7394e+11  0.15%  11.7 1505s
 141094 58382 8.7476e+11  229    1 8.7526e+11 8.7394e+11  0.15%  11.8 1514s
 142182 58937 8.7485e+11  259    1 8.7526e+11 8.7394e+11  0.15%  11.7 1519s
 143270 59336 8.7406e+11   67    1 8.7526e+11 8.7394e+11  0.15%  11.7 1523s
 144358 59495 8.7443e+11   97    2 8.7526e+11 8.7394e+11  0.15%  11.6 1528s
 145438 59570 8.7435e+11  128    1 8.7526e+11 8.7394e+11  0.15%  11.6 1532s
 146511 59682 8.7490e+11  161    1 8.7526e+11 8.7394e+11  0.15%  11.6 1540s
 147599 60135 8.7394e+11   43    1 8.7526e+11 8.7394e+11  0.15%  11.6 1545s
 149743 61357 8.7405e+11  111    1 8.7526e+11 8.7394e+11  0.15%  11.6 1554s
 150792 61744 8.7461e+11  145    1 8.7526e+11 8.7394e+11  0.15%  11.6 1558s
 151828 61953 8.7464e+11  179    1 8.7526e+11 8.7394e+11  0.15%  11.8 1563s
 152659 62203 8.7471e+11  213    1 8.7526e+11 8.7394e+11  0.15%  12.2 1568s
 153386 62437 8.7484e+11  247    1 8.7526e+11 8.7394e+11  0.15%  12.5 1574s
 154348 62964 8.7408e+11   47    1 8.7526e+11 8.7394e+11  0.15%  12.7 1580s
 155436 63553 8.7458e+11   68    1 8.7526e+11 8.7394e+11  0.15%  12.7 1586s
 156515 63967 8.7518e+11   76    1 8.7526e+11 8.7394e+11  0.15%  12.6 1591s
 157602 64056 8.7396e+11   48    1 8.7526e+11 8.7394e+11  0.15%  12.6 1595s
 158690 64158 8.7399e+11   82    1 8.7526e+11 8.7394e+11  0.15%  12.5 1600s
 160850 65338 8.7461e+11  150    1 8.7526e+11 8.7394e+11  0.15%  12.5 1609s
 161924 66158 8.7464e+11  184    1 8.7526e+11 8.7394e+11  0.15%  12.5 1615s
 162997 66976 8.7476e+11  218    1 8.7526e+11 8.7394e+11  0.15%  12.5 1620s
 164080 67841 8.7485e+11  252    2 8.7526e+11 8.7394e+11  0.15%  12.4 1626s
 165151 67920 8.7398e+11   63    1 8.7526e+11 8.7395e+11  0.15%  12.5 1641s
 165247 68563 8.7398e+11   66    1 8.7526e+11 8.7395e+11  0.15%  12.5 1646s
 166101 69222 8.7403e+11  100    1 8.7526e+11 8.7395e+11  0.15%  12.7 1652s
 166947 69825 8.7414e+11  134    1 8.7526e+11 8.7395e+11  0.15%  13.1 1657s
 167908 70709 8.7457e+11  160    1 8.7526e+11 8.7395e+11  0.15%  13.2 1662s
 168950 71524 8.7465e+11  194    1 8.7526e+11 8.7395e+11  0.15%  13.3 1667s
 170014 72350 8.7470e+11  228    1 8.7526e+11 8.7395e+11  0.15%  13.2 1672s
 171102 73200 8.7520e+11  254    1 8.7526e+11 8.7395e+11  0.15%  13.2 1677s
 172169 74061 8.7401e+11   68    1 8.7526e+11 8.7396e+11  0.15%  13.2 1682s
 173224 74913 8.7405e+11   98    1 8.7526e+11 8.7396e+11  0.15%  13.2 1687s
 174311 75662 8.7437e+11  132    1 8.7526e+11 8.7396e+11  0.15%  13.2 1693s
 175387 76405 8.7465e+11  162    1 8.7526e+11 8.7396e+11  0.15%  13.2 1701s
 176459 76998 8.7474e+11  196    1 8.7526e+11 8.7396e+11  0.15%  13.2 1707s
 177373 77521 infeasible  228      8.7526e+11 8.7396e+11  0.15%  13.5 1712s
 178188 78064 8.7408e+11   51    1 8.7526e+11 8.7396e+11  0.15%  13.7 1717s
 179250 78909 8.7441e+11   85    2 8.7526e+11 8.7396e+11  0.15%  13.7 1724s
 180337 79727 8.7454e+11  118    1 8.7526e+11 8.7396e+11  0.15%  13.6 1730s
 181395 80563 8.7458e+11  151    1 8.7526e+11 8.7396e+11  0.15%  13.6 1736s
 182483 81252 8.7470e+11  184    1 8.7526e+11 8.7396e+11  0.15%  13.6 1741s
 183571 81835 8.7400e+11   65    1 8.7526e+11 8.7396e+11  0.15%  13.6 1747s
 184659 82465 8.7408e+11   99    1 8.7526e+11 8.7396e+11  0.15%  13.5 1751s
 185738 83144 8.7414e+11  133    1 8.7526e+11 8.7396e+11  0.15%  13.5 1755s
 186812 83864 8.7428e+11  167    2 8.7526e+11 8.7396e+11  0.15%  13.5 1760s
 188898 85442 8.7461e+11  222    1 8.7526e+11 8.7396e+11  0.15%  13.6 1769s
 189940 86236 8.7469e+11  256    1 8.7526e+11 8.7396e+11  0.15%  13.6 1773s
 190962 86837 8.7400e+11   55    1 8.7526e+11 8.7396e+11  0.15%  13.7 1778s
 191950 87518 8.7403e+11   89    1 8.7526e+11 8.7396e+11  0.15%  13.8 1783s
 192954 88285 8.7410e+11  123    1 8.7526e+11 8.7396e+11  0.15%  13.9 1787s
 194017 89157 8.7465e+11  157    1 8.7526e+11 8.7396e+11  0.15%  13.8 1792s
 195104 89851 8.7470e+11  191    1 8.7526e+11 8.7396e+11  0.15%  13.8 1798s
 196188 90553 8.7479e+11  225    1 8.7526e+11 8.7396e+11  0.15%  13.8 1804s
 197241 91360 8.7396e+11   51    1 8.7526e+11 8.7396e+11  0.15%  13.8 1810s
 198264 92226 8.7399e+11   85    1 8.7526e+11 8.7396e+11  0.15%  13.8 1815s
 200368 93771 8.7419e+11  153    2 8.7526e+11 8.7396e+11  0.15%  13.9 1825s
 201297 94509 8.7427e+11  172    3 8.7526e+11 8.7396e+11  0.15%  14.0 1831s
 202202 95172 8.7464e+11  190    3 8.7526e+11 8.7396e+11  0.15%  14.2 1837s
 203164 95928 8.7517e+11  213    1 8.7526e+11 8.7396e+11  0.15%  14.4 1842s
 204155 96696 8.7408e+11   51    1 8.7526e+11 8.7396e+11  0.15%  14.4 1847s
 205208 97450 8.7426e+11   82    1 8.7526e+11 8.7396e+11  0.15%  14.4 1855s
 206283 98199 8.7433e+11  112    1 8.7526e+11 8.7396e+11  0.15%  14.4 1861s
 207335 98832 8.7479e+11  141    2 8.7526e+11 8.7396e+11  0.15%  14.4 1866s
 208423 99485 8.7491e+11  172    1 8.7526e+11 8.7396e+11  0.15%  14.4 1871s
 209511 100182 8.7413e+11   55    1 8.7526e+11 8.7396e+11  0.15%  14.3 1876s
 210599 100934 8.7416e+11   86    1 8.7526e+11 8.7396e+11  0.15%  14.3 1880s
 211687 101619 8.7424e+11  119    1 8.7526e+11 8.7396e+11  0.15%  14.2 1885s
 212775 102284 8.7479e+11  151    1 8.7526e+11 8.7396e+11  0.15%  14.2 1890s
 213863 102974 8.7481e+11  183    1 8.7526e+11 8.7396e+11  0.15%  14.1 1895s
 216026 104418 8.7427e+11   72    1 8.7526e+11 8.7396e+11  0.15%  14.0 1904s
 217082 105182 8.7422e+11  103    1 8.7526e+11 8.7396e+11  0.15%  14.1 1909s
 218106 105853 8.7431e+11  134    1 8.7526e+11 8.7396e+11  0.15%  14.1 1914s
 219132 106694 8.7481e+11  168    1 8.7526e+11 8.7396e+11  0.15%  14.1 1919s
 220220 107432 8.7488e+11  201    1 8.7526e+11 8.7396e+11  0.15%  14.1 1924s
 221295 108164 8.7400e+11   60    2 8.7526e+11 8.7396e+11  0.15%  14.1 1928s
 222350 108837 8.7402e+11   94    1 8.7526e+11 8.7396e+11  0.15%  14.1 1933s
 223392 109445 8.7414e+11  128    1 8.7526e+11 8.7396e+11  0.15%  14.1 1937s
 224435 110022 8.7423e+11  162    2 8.7526e+11 8.7396e+11  0.15%  14.1 1942s
 225486 110607 8.7430e+11  183    1 8.7526e+11 8.7396e+11  0.15%  14.1 1946s
 226559 111379 8.7460e+11  212    1 8.7526e+11 8.7396e+11  0.15%  14.1 1951s
 227618 112154 8.7467e+11  246    2 8.7526e+11 8.7396e+11  0.15%  14.1 1955s
 228691 112935 8.7397e+11   45    1 8.7526e+11 8.7396e+11  0.15%  14.1 1960s
 229779 113509 8.7402e+11   79    1 8.7526e+11 8.7396e+11  0.15%  14.0 1965s
 230860 114123 8.7409e+11  113    1 8.7526e+11 8.7396e+11  0.15%  14.0 1971s
 231870 114888 8.7464e+11  147    1 8.7526e+11 8.7396e+11  0.15%  14.1 1978s
 232852 115608 8.7467e+11  181    1 8.7526e+11 8.7396e+11  0.15%  14.1 1984s
 233882 116407 8.7474e+11  215    1 8.7526e+11 8.7396e+11  0.15%  14.1 1991s
 234953 117249 8.7397e+11   44    1 8.7526e+11 8.7396e+11  0.15%  14.1 2000s
 236029 117835 8.7402e+11   78    1 8.7526e+11 8.7396e+11  0.15%  14.1 2005s
 236952 118483 8.7408e+11  103    1 8.7526e+11 8.7396e+11  0.15%  14.1 2012s
 238004 118999 8.7418e+11  137    1 8.7526e+11 8.7396e+11  0.15%  14.1 2018s
 239039 119657 8.7467e+11  171    1 8.7526e+11 8.7396e+11  0.15%  14.1 2024s
 240102 120323 8.7474e+11  205    1 8.7526e+11 8.7396e+11  0.15%  14.1 2029s
 241189 121063 8.7484e+11  239    2 8.7526e+11 8.7396e+11  0.15%  14.1 2034s
 242274 121736 8.7410e+11   65    1 8.7526e+11 8.7396e+11  0.15%  14.1 2042s
 243301 122448 8.7412e+11   95    1 8.7526e+11 8.7396e+11  0.15%  14.1 2047s
 244365 123064 8.7419e+11  125    1 8.7526e+11 8.7396e+11  0.15%  14.1 2052s
 245453 123688 8.7474e+11  158    1 8.7526e+11 8.7396e+11  0.15%  14.0 2057s
 246541 124413 8.7483e+11  191    1 8.7526e+11 8.7396e+11  0.15%  14.0 2062s
 247629 125222 infeasible  224      8.7526e+11 8.7396e+11  0.15%  14.0 2070s
 248709 125248 8.7420e+11   65    1 8.7526e+11 8.7396e+11  0.15%  13.9 2124s
 248741 125909 8.7420e+11   66    1 8.7526e+11 8.7396e+11  0.15%  13.9 2130s
 249781 126450 8.7423e+11   97    1 8.7526e+11 8.7396e+11  0.15%  14.0 2137s
 250793 127083 8.7429e+11  125    1 8.7526e+11 8.7396e+11  0.15%  14.0 2144s
 251874 127679 8.7485e+11  156    1 8.7526e+11 8.7396e+11  0.15%  14.0 2150s
 252960 128441 8.7487e+11  190    1 8.7526e+11 8.7396e+11  0.15%  13.9 2159s
 254032 129344 8.7396e+11   47    1 8.7526e+11 8.7396e+11  0.15%  13.9 2167s
 255064 130117 8.7399e+11   81    1 8.7526e+11 8.7396e+11  0.15%  13.9 2173s
 256032 130747 8.7406e+11  115    1 8.7526e+11 8.7396e+11  0.15%  14.0 2178s
 257001 131241 8.7419e+11  149    1 8.7526e+11 8.7396e+11  0.15%  14.1 2184s
 258006 131891 8.7427e+11  172    2 8.7526e+11 8.7396e+11  0.15%  14.2 2193s
 259052 132621 8.7457e+11  202    1 8.7526e+11 8.7396e+11  0.15%  14.2 2199s
 260129 133246 8.7459e+11  236    1 8.7526e+11 8.7396e+11  0.15%  14.1 2207s
 261202 133971 8.7466e+11  270    1 8.7526e+11 8.7396e+11  0.15%  14.1 2216s
 262250 134776 8.7415e+11   67    2 8.7526e+11 8.7396e+11  0.15%  14.1 2220s
 263338 135610 8.7417e+11   99    1 8.7526e+11 8.7396e+11  0.15%  14.0 2228s
 264402 136392 8.7425e+11  125    1 8.7526e+11 8.7396e+11  0.15%  14.0 2239s
 265468 136997 8.7480e+11  157    1 8.7526e+11 8.7396e+11  0.15%  14.0 2247s
 266555 137646 8.7482e+11  190    1 8.7526e+11 8.7396e+11  0.15%  14.0 2253s
 267621 138411 8.7405e+11   55    1 8.7526e+11 8.7396e+11  0.15%  14.0 2261s
 268680 139140 8.7439e+11   64    1 8.7526e+11 8.7396e+11  0.15%  13.9 2268s
 269722 139796 8.7497e+11   73    1 8.7526e+11 8.7396e+11  0.15%  13.9 2274s
 270755 140478 8.7396e+11   47    1 8.7526e+11 8.7396e+11  0.15%  13.9 2279s
 271818 141335 8.7423e+11   81    1 8.7526e+11 8.7396e+11  0.15%  14.0 2284s
 272894 142117 8.7425e+11  112    1 8.7526e+11 8.7396e+11  0.15%  13.9 2290s
 273964 142882 8.7432e+11  142    1 8.7526e+11 8.7396e+11  0.15%  14.0 2295s
 275046 143608 8.7489e+11  171    2 8.7526e+11 8.7396e+11  0.15%  13.9 2300s
 276106 144306 8.7399e+11   54    1 8.7526e+11 8.7396e+11  0.15%  13.9 2305s
 277194 144744 8.7402e+11   88    1 8.7526e+11 8.7396e+11  0.15%  13.9 2322s
 277910 145461 8.7409e+11  110    2 8.7526e+11 8.7396e+11  0.15%  13.9 2327s
 278955 146349 8.7419e+11  144    1 8.7526e+11 8.7396e+11  0.15%  14.0 2333s
 279981 147159 8.7429e+11  173    2 8.7526e+11 8.7396e+11  0.15%  14.0 2340s
 280997 147737 8.7467e+11  194    2 8.7526e+11 8.7396e+11  0.15%  14.1 2346s
 282054 148329 8.7522e+11  219    1 8.7526e+11 8.7396e+11  0.15%  14.1 2352s
 283141 149149 8.7415e+11   64    1 8.7526e+11 8.7396e+11  0.15%  14.0 2357s
 284229 149975 8.7424e+11   98    1 8.7526e+11 8.7396e+11  0.15%  14.0 2362s
 285317 150652 8.7426e+11  129    1 8.7526e+11 8.7396e+11  0.15%  14.0 2367s
 286394 151271 8.7434e+11  159    1 8.7526e+11 8.7396e+11  0.15%  14.0 2372s
 287473 151944 8.7493e+11  191    1 8.7526e+11 8.7396e+11  0.15%  14.0 2377s
 288492 152734 8.7398e+11   73    1 8.7526e+11 8.7396e+11  0.15%  14.0 2383s
 289455 153475 8.7406e+11  107    1 8.7526e+11 8.7396e+11  0.15%  14.1 2388s
 290370 154288 8.7416e+11  139    2 8.7526e+11 8.7396e+11  0.15%  14.1 2394s
 291453 154975 8.7426e+11  168    2 8.7526e+11 8.7396e+11  0.15%  14.1 2399s
 292538 155660 8.7456e+11  199    1 8.7526e+11 8.7396e+11  0.15%  14.1 2404s
 293626 156422 8.7459e+11  233    2 8.7526e+11 8.7396e+11  0.15%  14.1 2411s
 294703 157221 8.7466e+11  267    1 8.7526e+11 8.7396e+11  0.15%  14.1 2416s
 295714 157994 8.7417e+11   64    1 8.7526e+11 8.7396e+11  0.15%  14.1 2421s
 296664 158664 8.7419e+11   93    1 8.7526e+11 8.7396e+11  0.15%  14.2 2427s
 297631 158780 8.7426e+11  124    1 8.7526e+11 8.7396e+11  0.15%  14.3 2464s
 297823 159347 8.7427e+11  130    1 8.7526e+11 8.7396e+11  0.15%  14.3 2471s
 298768 160074 8.7482e+11  161    1 8.7526e+11 8.7396e+11  0.15%  14.3 2478s
 299856 160874 infeasible  195      8.7526e+11 8.7396e+11  0.15%  14.3 2485s
 300944 161756 8.7399e+11   52    1 8.7526e+11 8.7396e+11  0.15%  14.2 2491s
 302027 162562 8.7402e+11   86    1 8.7526e+11 8.7396e+11  0.15%  14.2 2497s
 303030 163199 8.7413e+11  120    1 8.7526e+11 8.7396e+11  0.15%  14.3 2503s
 304025 163754 8.7422e+11  154    2 8.7526e+11 8.7396e+11  0.15%  14.4 2509s
 305011 164458 8.7430e+11  180    1 8.7526e+11 8.7396e+11  0.15%  14.5 2515s
 305991 165211 8.7469e+11  199    1 8.7526e+11 8.7396e+11  0.15%  14.6 2520s
 307064 166163 8.7523e+11  227    1 8.7526e+11 8.7396e+11  0.15%  14.6 2526s
 308152 167038 8.7399e+11   78    1 8.7526e+11 8.7396e+11  0.15%  14.6 2531s
 309232 167865 8.7406e+11  112    1 8.7526e+11 8.7396e+11  0.15%  14.6 2536s
 310251 168612 8.7461e+11  146    1 8.7526e+11 8.7396e+11  0.15%  14.6 2541s
 311191 169235 8.7464e+11  180    1 8.7526e+11 8.7396e+11  0.15%  14.8 2547s
 312158 169760 8.7471e+11  214    1 8.7526e+11 8.7396e+11  0.15%  14.9 2552s
 313181 170429 8.7484e+11  248    1 8.7526e+11 8.7396e+11  0.15%  14.9 2558s
 314196 171153 8.7401e+11   60    1 8.7526e+11 8.7396e+11  0.15%  15.0 2563s
 315264 171975 8.7403e+11   94    1 8.7526e+11 8.7396e+11  0.15%  15.0 2569s
 316344 172705 8.7411e+11  128    1 8.7526e+11 8.7396e+11  0.15%  15.0 2574s
 317354 173435 8.7466e+11  162    1 8.7526e+11 8.7396e+11  0.15%  15.0 2580s
 318347 174018 8.7474e+11  196    1 8.7526e+11 8.7396e+11  0.15%  15.1 2586s
 319369 174632 8.7479e+11  230    1 8.7526e+11 8.7396e+11  0.15%  15.1 2593s
 320392 175394 8.7396e+11   53    1 8.7526e+11 8.7396e+11  0.15%  15.2 2600s
 321450 176371 8.7398e+11   70    1 8.7526e+11 8.7396e+11  0.15%  15.2 2607s
 322523 177270 8.7402e+11   97    1 8.7526e+11 8.7396e+11  0.15%  15.1 2615s
 323611 177291 8.7413e+11  131    1 8.7526e+11 8.7396e+11  0.15%  15.1 2663s
 323643 177966 8.7413e+11  132    1 8.7526e+11 8.7396e+11  0.15%  15.1 2669s
 324731 178382 8.7462e+11  164    1 8.7526e+11 8.7396e+11  0.15%  15.1 2674s
 325770 178927 8.7471e+11  198    1 8.7526e+11 8.7396e+11  0.15%  15.1 2679s
 326852 179672 8.7476e+11  232    1 8.7526e+11 8.7396e+11  0.15%  15.1 2684s
 327940 180567 8.7396e+11   47    1 8.7526e+11 8.7396e+11  0.15%  15.1 2689s
 329015 181441 8.7399e+11   81    1 8.7526e+11 8.7396e+11  0.15%  15.1 2697s
 329964 182268 8.7406e+11  115    1 8.7526e+11 8.7396e+11  0.15%  15.1 2702s
 330865 182890 8.7419e+11  149    1 8.7526e+11 8.7396e+11  0.15%  15.2 2708s
 331675 183399 8.7427e+11  173    2 8.7526e+11 8.7396e+11  0.15%  15.4 2714s
 332581 184010 8.7465e+11  194    2 8.7526e+11 8.7396e+11  0.15%  15.6 2720s
 333631 185025 8.7519e+11  218    1 8.7526e+11 8.7396e+11  0.15%  15.5 2727s
 334717 185785 8.7400e+11   56    1 8.7526e+11 8.7396e+11  0.15%  15.5 2734s
 335753 186195 8.7402e+11   90    1 8.7526e+11 8.7396e+11  0.15%  15.5 2741s
 336795 186842 8.7414e+11  124    1 8.7526e+11 8.7396e+11  0.15%  15.5 2746s
 337875 187719 8.7423e+11  158    1 8.7526e+11 8.7396e+11  0.15%  15.5 2750s
 338924 188682 8.7431e+11  182    1 8.7526e+11 8.7396e+11  0.15%  15.5 2756s
 339997 189418 8.7456e+11  196    1 8.7526e+11 8.7396e+11  0.15%  15.5 2761s
 340895 190191 8.7458e+11  230    2 8.7526e+11 8.7396e+11  0.15%  15.5 2766s
 341828 190932 8.7466e+11  264    1 8.7526e+11 8.7396e+11  0.15%  15.6 2772s
 342737 191685 8.7421e+11   69    1 8.7526e+11 8.7396e+11  0.15%  15.7 2778s
 343769 192400 8.7424e+11   99    1 8.7526e+11 8.7396e+11  0.15%  15.8 2784s
 344844 193194 8.7430e+11  127    1 8.7526e+11 8.7396e+11  0.15%  15.8 2789s
 345932 193983 infeasible  159      8.7526e+11 8.7396e+11  0.15%  15.7 2797s
 347020 194710 8.7398e+11   45    1 8.7526e+11 8.7396e+11  0.15%  15.7 2801s
 348105 195305 8.7404e+11   79    1 8.7526e+11 8.7396e+11  0.15%  15.7 2807s
 349180 195823 8.7410e+11  113    2 8.7526e+11 8.7396e+11  0.15%  15.7 2814s
 350253 196493 8.7466e+11  147    1 8.7526e+11 8.7396e+11  0.15%  15.7 2820s
 351287 197398 8.7469e+11  181    1 8.7526e+11 8.7396e+11  0.15%  15.7 2825s
 352300 198240 8.7476e+11  215    1 8.7526e+11 8.7396e+11  0.15%  15.7 2834s
 352588 198240 8.7476e+11  226    1 8.7526e+11 8.7396e+11  0.15%  15.7 2835s
 353290 198922 8.7398e+11   47    1 8.7526e+11 8.7396e+11  0.15%  15.7 2840s
 355372 200066 8.7476e+11  108    1 8.7526e+11 8.7396e+11  0.15%  15.8 2849s
 356433 200698 8.7457e+11  139    1 8.7526e+11 8.7396e+11  0.15%  15.8 2855s
 357519 201356     cutoff  166      8.7526e+11 8.7396e+11  0.15%  15.8 2863s
 358594 202095 8.7416e+11   73    1 8.7526e+11 8.7396e+11  0.15%  15.8 2870s
 359670 202958 8.7419e+11  105    1 8.7526e+11 8.7396e+11  0.15%  15.7 2877s
 360735 203762 8.7425e+11  133    1 8.7526e+11 8.7396e+11  0.15%  15.7 2883s
 361751 204411 8.7480e+11  164    1 8.7526e+11 8.7396e+11  0.15%  15.7 2888s
 362825 204974 infeasible  197      8.7526e+11 8.7396e+11  0.15%  15.7 2893s
 363857 205483 8.7412e+11   63    2 8.7526e+11 8.7396e+11  0.15%  15.7 2899s
 364869 206118 8.7414e+11   93    1 8.7526e+11 8.7396e+11  0.15%  15.8 2904s
 365923 207044 8.7421e+11  123    1 8.7526e+11 8.7396e+11  0.15%  15.8 2910s
 367011 207906 8.7476e+11  155    1 8.7526e+11 8.7396e+11  0.15%  15.7 2916s
 368098 208703 8.7478e+11  188    1 8.7526e+11 8.7396e+11  0.15%  15.7 2923s
 369104 209451 8.7490e+11  220    1 8.7526e+11 8.7396e+11  0.15%  15.7 2929s
 370084 210123 8.7401e+11   60    1 8.7526e+11 8.7396e+11  0.15%  15.8 2934s
 371036 210662 8.7403e+11   94    1 8.7526e+11 8.7396e+11  0.15%  15.9 2939s
 372044 211334 8.7411e+11  128    1 8.7526e+11 8.7396e+11  0.15%  15.9 2944s
 373033 212100 8.7466e+11  162    1 8.7526e+11 8.7396e+11  0.15%  16.0 2950s
 374060 212837 8.7474e+11  196    1 8.7526e+11 8.7396e+11  0.15%  16.0 2956s
 375116 213603 8.7479e+11  230    1 8.7526e+11 8.7396e+11  0.15%  16.0 2961s
 376168 214181 8.7415e+11   59    1 8.7526e+11 8.7396e+11  0.15%  16.0 2967s
 377215 214734 8.7418e+11   93    1 8.7526e+11 8.7396e+11  0.15%  16.0 2973s
 378271 214752 8.7425e+11  124    1 8.7526e+11 8.7396e+11  0.15%  16.0 3018s
 378304 215320 8.7452e+11  125    1 8.7526e+11 8.7396e+11  0.15%  16.0 3025s
 379374 216001 8.7480e+11  157    1 8.7526e+11 8.7396e+11  0.15%  16.0 3030s
 380444 216796 8.7482e+11  190    1 8.7526e+11 8.7396e+11  0.15%  16.0 3036s
 381520 217791 8.7400e+11   45    1 8.7526e+11 8.7396e+11  0.15%  16.0 3045s
 382552 218572 8.7451e+11   58    1 8.7526e+11 8.7396e+11  0.15%  16.0 3053s
 383487 219164 8.7483e+11   67    1 8.7526e+11 8.7396e+11  0.15%  16.1 3059s
 383702 219164 8.7500e+11   70    1 8.7526e+11 8.7396e+11  0.15%  16.1 3060s
 384467 219835 8.7511e+11   86    2 8.7526e+11 8.7396e+11  0.15%  16.1 3065s
 385544 220525 8.7520e+11  120    1 8.7526e+11 8.7396e+11  0.15%  16.1 3071s
 386632 221265 8.7398e+11   66    1 8.7526e+11 8.7396e+11  0.15%  16.1 3077s
 387716 222149 8.7406e+11  100    1 8.7526e+11 8.7396e+11  0.15%  16.1 3083s
 388772 222888 8.7415e+11  134    1 8.7526e+11 8.7396e+11  0.15%  16.1 3090s
 389732 223529 8.7425e+11  162    2 8.7526e+11 8.7396e+11  0.15%  16.1 3097s
 390717 224066 8.7429e+11  181    2 8.7526e+11 8.7396e+11  0.15%  16.2 3103s
 391681 224565 8.7467e+11  197    1 8.7526e+11 8.7396e+11  0.15%  16.2 3110s
 392710 225402 8.7520e+11  224    1 8.7526e+11 8.7396e+11  0.15%  16.2 3115s
 393798 226303 8.7401e+11   67    1 8.7526e+11 8.7396e+11  0.15%  16.2 3124s
 394869 227110 8.7409e+11  101    2 8.7526e+11 8.7396e+11  0.15%  16.2 3130s
 395912 227699 8.7414e+11  135    1 8.7526e+11 8.7396e+11  0.15%  16.2 3135s
 396949 228144 8.7429e+11  169    1 8.7526e+11 8.7396e+11  0.15%  16.2 3140s
 397989 228561 8.7458e+11  190    1 8.7526e+11 8.7396e+11  0.15%  16.3 3146s
 399066 229243 8.7461e+11  224    1 8.7526e+11 8.7396e+11  0.15%  16.3 3151s
 400139 230084 8.7469e+11  258    1 8.7526e+11 8.7396e+11  0.15%  16.2 3156s
 401216 231063 8.7402e+11   62    2 8.7526e+11 8.7396e+11  0.15%  16.2 3161s
 402284 231923 8.7405e+11   96    1 8.7526e+11 8.7396e+11  0.15%  16.2 3166s
 403302 232575 8.7411e+11  130    1 8.7526e+11 8.7396e+11  0.15%  16.3 3172s
 404248 233091 8.7466e+11  164    1 8.7526e+11 8.7396e+11  0.15%  16.3 3177s
 405150 233509 8.7474e+11  198    1 8.7526e+11 8.7396e+11  0.15%  16.4 3184s
 406140 234240 8.7480e+11  232    1 8.7526e+11 8.7396e+11  0.15%  16.4 3190s
 408316 236108 8.7409e+11   96    1 8.7526e+11 8.7396e+11  0.15%  16.4 3199s
 409396 236888 8.7416e+11  130    1 8.7526e+11 8.7396e+11  0.15%  16.3 3204s
 410429 237472 8.7426e+11  162    1 8.7526e+11 8.7396e+11  0.15%  16.4 3213s
 411453 238133 8.7482e+11  196    1 8.7526e+11 8.7396e+11  0.15%  16.4 3221s
 412496 238755 8.7487e+11  228    2 8.7526e+11 8.7396e+11  0.15%  16.4 3227s
 413578 239554 8.7424e+11   66    1 8.7526e+11 8.7396e+11  0.15%  16.4 3232s
 414666 240524 8.7434e+11   96    1 8.7526e+11 8.7396e+11  0.15%  16.3 3239s
 415752 241425 8.7438e+11  129    1 8.7526e+11 8.7396e+11  0.15%  16.3 3246s
 416837 242057 8.7443e+11  161    1 8.7526e+11 8.7396e+11  0.15%  16.3 3251s
 417918 242645 8.7494e+11  187    1 8.7526e+11 8.7396e+11  0.15%  16.3 3256s
 418993 243391 8.7431e+11   64    1 8.7526e+11 8.7397e+11  0.15%  16.3 3261s
 420061 244173 8.7433e+11   93    2 8.7526e+11 8.7397e+11  0.15%  16.3 3266s
 421132 244955 8.7467e+11  125    2 8.7526e+11 8.7397e+11  0.15%  16.2 3272s
 422214 245507 8.7495e+11  155    1 8.7526e+11 8.7397e+11  0.15%  16.2 3278s
 423302 246172 8.7497e+11  189    1 8.7526e+11 8.7397e+11  0.15%  16.2 3285s
 424382 246948 8.7411e+11   50    1 8.7526e+11 8.7397e+11  0.15%  16.2 3292s
 425465 247650 8.7484e+11   64    1 8.7526e+11 8.7397e+11  0.15%  16.1 3299s
 426512 248192 8.7510e+11   76    1 8.7526e+11 8.7397e+11  0.15%  16.1 3306s
 427563 248845 8.7519e+11  109    1 8.7526e+11 8.7397e+11  0.15%  16.1 3312s
 428622 249794 8.7400e+11   57    2 8.7526e+11 8.7397e+11  0.15%  16.0 3319s
 429698 250715 8.7404e+11   91    1 8.7526e+11 8.7397e+11  0.15%  16.0 3328s
 430757 251356 8.7410e+11  125    1 8.7526e+11 8.7397e+11  0.15%  16.0 3334s
 431845 251881 8.7465e+11  159    1 8.7526e+11 8.7397e+11  0.15%  16.0 3342s
 432931 252431 8.7473e+11  193    2 8.7526e+11 8.7397e+11  0.15%  16.0 3347s
 434011 253148 8.7478e+11  227    1 8.7526e+11 8.7397e+11  0.15%  15.9 3352s
 435099 254077 8.7400e+11   54    1 8.7526e+11 8.7397e+11  0.15%  15.9 3357s
 436187 254824 8.7402e+11   88    1 8.7526e+11 8.7397e+11  0.15%  15.9 3363s
 437272 255559 8.7410e+11  122    1 8.7526e+11 8.7397e+11  0.15%  15.9 3370s
 438335 256388 8.7459e+11  149    1 8.7526e+11 8.7397e+11  0.15%  15.9 3376s
 439383 257113 8.7461e+11  183    1 8.7526e+11 8.7397e+11  0.15%  15.8 3397s
 440265 258094 8.7468e+11  211    1 8.7526e+11 8.7397e+11  0.15%  15.9 3443s
 441320 258825 8.7481e+11  245    1 8.7526e+11 8.7397e+11  0.15%  15.9 3452s
 442408 259752 8.7404e+11   48    1 8.7526e+11 8.7397e+11  0.15%  15.9 3459s
 443496 260419 8.7441e+11   58    1 8.7526e+11 8.7397e+11  0.15%  15.9 3466s
 444584 260983 8.7508e+11   74    2 8.7526e+11 8.7397e+11  0.15%  15.9 3475s
 445672 261791 8.7517e+11   86    1 8.7526e+11 8.7397e+11  0.15%  15.8 3481s
 446760 262792 8.7399e+11   51    1 8.7526e+11 8.7397e+11  0.15%  15.8 3486s
 447848 263490 8.7419e+11   84    1 8.7526e+11 8.7397e+11  0.15%  15.8 3491s
 448936 263993 8.7425e+11  114    2 8.7526e+11 8.7397e+11  0.15%  15.7 3497s
 450024 264229 8.7435e+11  146    1 8.7526e+11 8.7397e+11  0.15%  15.7 3502s
 451112 264836 8.7484e+11  178    1 8.7526e+11 8.7397e+11  0.15%  15.7 3509s
 452200 265784 8.7491e+11  212    1 8.7526e+11 8.7397e+11  0.15%  15.7 3516s
 453288 266569 8.7401e+11   69    1 8.7526e+11 8.7397e+11  0.15%  15.7 3524s
 454375 267226 8.7408e+11  103    1 8.7526e+11 8.7397e+11  0.15%  15.6 3530s
 455463 267926 8.7460e+11  137    1 8.7526e+11 8.7397e+11  0.15%  15.6 3536s
 456551 268683 8.7466e+11  171    1 8.7526e+11 8.7397e+11  0.15%  15.6 3543s
 457639 269171 8.7473e+11  205    1 8.7526e+11 8.7397e+11  0.15%  15.6 3549s
 458726 269603 8.7484e+11  239    2 8.7526e+11 8.7397e+11  0.15%  15.5 3555s
 459812 270338 8.7401e+11   64    1 8.7526e+11 8.7397e+11  0.15%  15.5 3561s
 460900 271212 8.7405e+11   98    1 8.7526e+11 8.7397e+11  0.15%  15.5 3566s
 461988 272197 8.7416e+11  132    1 8.7526e+11 8.7397e+11  0.15%  15.5 3573s
 463076 273161 8.7460e+11  159    1 8.7526e+11 8.7397e+11  0.15%  15.4 3580s
 464129 273944 8.7468e+11  193    1 8.7526e+11 8.7397e+11  0.15%  15.4 3587s
 465189 274800 8.7473e+11  227    1 8.7526e+11 8.7397e+11  0.15%  15.4 3594s
 466258 275712 8.7523e+11  256    1 8.7526e+11 8.7397e+11  0.15%  15.4 3600s

Cutting planes:
  Implied bound: 2
  Flow cover: 1

Explored 467323 nodes (7234548 simplex iterations) in 3600.42 seconds (2217.60 work units)
Thread count was 32 (of 36 available processors)

Solution count 1: 8.75261e+11 

Time limit reached
Best objective 8.752609565690e+11, best bound 8.739680177481e+11, gap 0.1477%

User-callback calls 1376307, time in user-callback 0.32 sec
Set parameter TokenServer to value "license-1.hpc.nrel.gov"
Set parameter TimeLimit to value 3600
Set parameter MIPGap to value 0.001
Set parameter MIPGap to value 0.001
Set parameter TimeLimit to value 3600
Gurobi Optimizer version 9.5.1 build v9.5.1rc2 (linux64)
Thread count: 36 physical cores, 36 logical processors, using up to 32 threads
Optimize a model with 79596 rows, 989456 columns and 2026080 nonzeros
Model fingerprint: 0x3cffb91f
Coefficient statistics:
  Matrix range     [1e+00, 1e+05]
  Objective range  [2e-01, 8e+08]
  Bounds range     [1e+00, 1e+08]
  RHS range        [8e-01, 2e+06]

Concurrent LP optimizer: primal simplex, dual simplex, and barrier
Showing barrier log only...

Presolve removed 71798 rows and 407128 columns
Presolve time: 1.28s
Presolved: 7798 rows, 582328 columns, 1160340 nonzeros

Ordering time: 0.02s

Barrier statistics:
 AA' NZ     : 5.780e+05
 Factor NZ  : 1.063e+06 (roughly 240 MB of memory)
 Factor Ops : 1.876e+08 (less than 1 second per iteration)
 Threads    : 30

                  Objective                Residual
Iter       Primal          Dual         Primal    Dual     Compl     Time
   0   3.82094050e+12 -3.20599373e+11  4.74e+06 2.55e+02  8.17e+07     2s
   1   1.00877346e+12  4.78207868e+11  1.45e+05 1.82e-12  3.12e+06     2s
   2   9.15003364e+11  7.30733734e+11  4.91e+03 3.23e-01  3.83e+05     2s
   3   9.10541766e+11  7.94356858e+11  2.80e+03 1.82e-12  2.33e+05     2s
   4   8.99513727e+11  8.30464301e+11  9.78e+02 1.23e+00  1.29e+05     2s
   5   8.94933369e+11  8.48830626e+11  6.68e+02 1.82e-12  8.54e+04     2s
   6   8.87500027e+11  8.60836352e+11  2.28e+02 4.44e-01  4.75e+04     2s
   7   8.85827291e+11  8.65702129e+11  1.82e+02 2.85e-01  3.58e+04     2s
   8   8.81713919e+11  8.70123023e+11  7.60e+01 1.95e-01  2.03e+04     2s
   9   8.80096557e+11  8.72220754e+11  5.19e+01 1.21e-01  1.37e+04     2s
  10   8.78625182e+11  8.73604466e+11  3.43e+01 6.96e-02  8.71e+03     2s
  11   8.77692095e+11  8.74254103e+11  2.33e+01 4.80e-02  5.95e+03     3s

Barrier performed 11 iterations in 2.53 seconds (1.51 work units)
Barrier solve interrupted - model solved by another algorithm


Solved with primal simplex
Solved in 62518 iterations and 2.54 seconds (1.34 work units)
Optimal objective  8.752609566e+11

User-callback calls 147, time in user-callback 0.00 sec
[ Info:  started timer at: 2023-03-24T10:39:37.163
[ Info: Reading /projects/pvsoiling/RELOG/Manufacturing_40209_1/input/solver/case.json...
[ Info:          134 collection centers
[ Info:          268 candidate plant locations
[ Info: Building graph...
[ Info:               26 time periods
[ Info:              268 process nodes
[ Info:              268 shipping nodes (plant)
[ Info:              134 shipping nodes (collection)
[ Info:            36180 arcs
[ Info: Building optimization model...
[ Info: Optimizing MILP...
[ Info: Re-optimizing with integer variables fixed...
[ Info: Extracting solution...
[ Info:       3648.443605929s: 1 hour, 48 seconds, 443 milliseconds
