Set parameter TokenServer to value "license-1.hpc.nrel.gov"
Set parameter TimeLimit to value 3600
Set parameter MIPGap to value 0.001
Set parameter MIPGap to value 0.001
Set parameter TimeLimit to value 3600
Gurobi Optimizer version 9.5.1 build v9.5.1rc2 (linux64)
Thread count: 36 physical cores, 36 logical processors, using up to 32 threads
Optimize a model with 289198 rows, 1201980 columns and 2458632 nonzeros
Model fingerprint: 0xc7fde0ac
Variable types: 1188044 continuous, 13936 integer (13936 binary)
Coefficient statistics:
  Matrix range     [3e-06, 1e+06]
  Objective range  [1e-01, 1e+07]
  Bounds range     [7e+04, 1e+08]
  RHS range        [1e-03, 2e+05]
Presolve removed 263202 rows and 245756 columns (presolve time = 5s) ...
Presolve removed 263202 rows and 245756 columns
Presolve time: 5.28s
Presolved: 25996 rows, 956224 columns, 1945412 nonzeros
Variable types: 947112 continuous, 9112 integer (9112 binary)

Deterministic concurrent LP optimizer: primal and dual simplex
Showing first log only...


Root simplex log...

Iteration    Objective       Primal Inf.    Dual Inf.      Time
       0    2.4317197e+06   6.337292e+05   5.768582e+11     10s
   27652    2.2337887e+06   1.536751e+04   2.102554e+10     10s
   76833    2.1290256e+06   1.609013e+01   5.365034e+09     15s
  101017    5.6749502e+09   0.000000e+00   9.023359e+09     19s
  103094    2.9176078e+09   0.000000e+00   1.051681e+10     22s
  106635    2.8539008e+09   0.000000e+00   2.521027e+10     26s
Concurrent spin time: 0.86s

Solved with dual simplex

Root relaxation: objective 2.535650e+09, 80970 iterations, 26.65 seconds (24.81 work units)

    Nodes    |    Current Node    |     Objective Bounds      |     Work
 Expl Unexpl |  Obj  Depth IntInf | Incumbent    BestBd   Gap | It/Node Time

     0     0 2.5357e+09    0  208          - 2.5357e+09      -     -   37s
H    0     0                    2.770546e+09 2.5357e+09  8.48%     -   38s
H    0     0                    2.751766e+09 2.5357e+09  7.85%     -   40s
     0     0 2.5417e+09    0  274 2.7518e+09 2.5417e+09  7.63%     -   64s
H    0     0                    2.692235e+09 2.5417e+09  5.59%     -   66s
H    0     0                    2.691780e+09 2.5417e+09  5.57%     -   66s
     0     0 2.5426e+09    0  291 2.6918e+09 2.5426e+09  5.54%     -   95s
     0     0 2.5427e+09    0  304 2.6918e+09 2.5427e+09  5.54%     -  100s
     0     0 2.5427e+09    0  298 2.6918e+09 2.5427e+09  5.54%     -  101s
     0     0 2.5427e+09    0  298 2.6918e+09 2.5427e+09  5.54%     -  102s
     0     0 2.5461e+09    0  419 2.6918e+09 2.5461e+09  5.41%     -  200s
     0     0 2.5465e+09    0  334 2.6918e+09 2.5465e+09  5.40%     -  254s
     0     0 2.5466e+09    0  374 2.6918e+09 2.5466e+09  5.39%     -  274s
     0     0 2.5468e+09    0  338 2.6918e+09 2.5468e+09  5.39%     -  282s
     0     0 2.5468e+09    0  339 2.6918e+09 2.5468e+09  5.39%     -  287s
     0     0 2.5468e+09    0  340 2.6918e+09 2.5468e+09  5.39%     -  292s
     0     0 2.5468e+09    0  350 2.6918e+09 2.5468e+09  5.39%     -  295s
     0     0 2.5468e+09    0  343 2.6918e+09 2.5468e+09  5.39%     -  306s
     0     0 2.5468e+09    0  348 2.6918e+09 2.5468e+09  5.38%     -  311s
     0     0 2.5469e+09    0  353 2.6918e+09 2.5469e+09  5.38%     -  320s
     0     0 2.5469e+09    0  356 2.6918e+09 2.5469e+09  5.38%     -  323s
     0     0 2.5469e+09    0  366 2.6918e+09 2.5469e+09  5.38%     -  329s
     0     0 2.5482e+09    0  392 2.6918e+09 2.5482e+09  5.33%     -  491s
H    0     0                    2.681816e+09 2.5482e+09  4.98%     -  493s
H    0     0                    2.681342e+09 2.5482e+09  4.97%     -  494s
     0     0 2.5484e+09    0  409 2.6813e+09 2.5484e+09  4.96%     -  579s
     0     0 2.5485e+09    0  409 2.6813e+09 2.5485e+09  4.96%     -  611s
     0     0 2.5485e+09    0  389 2.6813e+09 2.5485e+09  4.96%     -  637s
     0     0 2.5485e+09    0  401 2.6813e+09 2.5485e+09  4.95%     -  647s
     0     0 2.5485e+09    0  416 2.6813e+09 2.5485e+09  4.95%     -  655s
     0     0 2.5493e+09    0  418 2.6813e+09 2.5493e+09  4.93%     -  821s
H    0     0                    2.664562e+09 2.5493e+09  4.33%     -  823s
H    0     0                    2.663653e+09 2.5493e+09  4.29%     -  823s
     0     0 2.5494e+09    0  424 2.6637e+09 2.5494e+09  4.29%     -  897s
     0     0 2.5494e+09    0  430 2.6637e+09 2.5494e+09  4.29%     -  937s
     0     0 2.5494e+09    0  452 2.6637e+09 2.5494e+09  4.29%     -  970s
     0     0 2.5494e+09    0  440 2.6637e+09 2.5494e+09  4.29%     -  980s
     0     0 2.5498e+09    0  384 2.6637e+09 2.5498e+09  4.28%     - 1160s
     0     0 2.5499e+09    0  404 2.6637e+09 2.5499e+09  4.27%     - 1222s
     0     0 2.5500e+09    0  356 2.6637e+09 2.5500e+09  4.27%     - 1257s
     0     0 2.5500e+09    0  368 2.6637e+09 2.5500e+09  4.27%     - 1278s
     0     0 2.5500e+09    0  351 2.6637e+09 2.5500e+09  4.27%     - 1293s
     0     0 2.5503e+09    0  364 2.6637e+09 2.5503e+09  4.25%     - 1460s
H    0     0                    2.657919e+09 2.5503e+09  4.05%     - 1487s
     0     0 2.5505e+09    0  356 2.6579e+09 2.5505e+09  4.04%     - 1553s
     0     0 2.5505e+09    0  433 2.6579e+09 2.5505e+09  4.04%     - 1614s
     0     0 2.5505e+09    0  359 2.6579e+09 2.5505e+09  4.04%     - 1647s
     0     0 2.5505e+09    0  353 2.6579e+09 2.5505e+09  4.04%     - 1668s
     0     0 2.5509e+09    0  397 2.6579e+09 2.5509e+09  4.03%     - 1961s
H    0     0                    2.657665e+09 2.5509e+09  4.02%     - 1963s
     0     0 2.5509e+09    0  374 2.6577e+09 2.5509e+09  4.02%     - 2028s
     0     0 2.5509e+09    0  361 2.6577e+09 2.5509e+09  4.02%     - 2053s
     0     0 2.5509e+09    0  339 2.6577e+09 2.5509e+09  4.02%     - 2072s
     0     0 2.5509e+09    0  349 2.6577e+09 2.5509e+09  4.02%     - 2087s
     0     0 2.5511e+09    0  375 2.6577e+09 2.5511e+09  4.01%     - 2380s
H    0     0                    2.613972e+09 2.5511e+09  2.40%     - 2381s
H    0     0                    2.613515e+09 2.5511e+09  2.39%     - 2382s
     0     0 2.5512e+09    0  478 2.6135e+09 2.5512e+09  2.38%     - 2545s
     0     0 2.5512e+09    0  422 2.6135e+09 2.5512e+09  2.38%     - 2632s
     0     0 2.5512e+09    0  410 2.6135e+09 2.5512e+09  2.38%     - 2684s
     0     0 2.5513e+09    0  341 2.6135e+09 2.5513e+09  2.38%     - 2888s
H    0     0                    2.593635e+09 2.5513e+09  1.63%     - 2902s
     0     0 2.5513e+09    0  341 2.5936e+09 2.5513e+09  1.63%     - 3003s
     0     0 2.5513e+09    0  282 2.5936e+09 2.5513e+09  1.63%     - 3211s
     0     0 2.5513e+09    0  261 2.5936e+09 2.5513e+09  1.63%     - 3273s
     0     0 2.5513e+09    0  177 2.5936e+09 2.5513e+09  1.63%     - 3379s
H    0     0                    2.588262e+09 2.5513e+09  1.43%     - 3381s
     0     0 2.5513e+09    0  125 2.5883e+09 2.5513e+09  1.43%     - 3454s
     0     0 2.5513e+09    0   47 2.5883e+09 2.5513e+09  1.43%     - 3495s
H    0     0                    2.568967e+09 2.5513e+09  0.69%     - 3497s
H    0     0                    2.568771e+09 2.5513e+09  0.68%     - 3498s
     0     0 2.5513e+09    0   48 2.5688e+09 2.5513e+09  0.68%     - 3503s
     0     0          -    0      2.5688e+09 2.5513e+09  0.68%     - 3600s

Cutting planes:
  Implied bound: 9097
  MIR: 64
  Flow cover: 1243
  Flow path: 1103
  Network: 1
  RLT: 244
  Relax-and-lift: 849

Explored 1 nodes (374883 simplex iterations) in 3600.07 seconds (3736.51 work units)
Thread count was 32 (of 36 available processors)

Solution count 10: 2.56877e+09 2.56897e+09 2.58826e+09 ... 2.66456e+09

Time limit reached
Best objective 2.568771264172e+09, best bound 2.551311689805e+09, gap 0.6797%

User-callback calls 82174, time in user-callback 0.07 sec
Set parameter TokenServer to value "license-1.hpc.nrel.gov"
Set parameter TimeLimit to value 3600
Set parameter MIPGap to value 0.001
Set parameter MIPGap to value 0.001
Set parameter TimeLimit to value 3600
Gurobi Optimizer version 9.5.1 build v9.5.1rc2 (linux64)
Thread count: 36 physical cores, 36 logical processors, using up to 32 threads
Optimize a model with 289198 rows, 1201980 columns and 2458632 nonzeros
Model fingerprint: 0xba53f2e8
Coefficient statistics:
  Matrix range     [3e-06, 1e+06]
  Objective range  [1e-01, 1e+07]
  Bounds range     [1e+00, 1e+08]
  RHS range        [1e-03, 2e+05]

Concurrent LP optimizer: primal simplex, dual simplex, and barrier
Showing barrier log only...

Presolve removed 285971 rows and 1182672 columns
Presolve time: 1.15s
Presolved: 3227 rows, 19308 columns, 38471 nonzeros

Ordering time: 0.00s

Barrier statistics:
 AA' NZ     : 1.876e+04
 Factor NZ  : 3.151e+04 (roughly 10 MB of memory)
 Factor Ops : 4.637e+05 (less than 1 second per iteration)
 Threads    : 1

                  Objective                Residual
Iter       Primal          Dual         Primal    Dual     Compl     Time
   0   1.31268888e+12 -4.00397547e+10  9.55e+07 1.22e+02  2.15e+08     1s
   1   3.39697509e+11 -1.40618067e+10  2.45e+07 2.84e-13  5.61e+07     1s
   2   5.77758972e+10 -2.31560374e+09  3.99e+06 8.53e-13  9.36e+06     1s
   3   3.30951530e+09  5.10101190e+08  2.63e+04 1.08e-12  1.80e+05     1s
   4   2.81946578e+09  2.24494341e+09  1.56e+03 2.42e-13  3.02e+04     1s
   5   2.68052284e+09  2.45430165e+09  2.37e+02 1.85e-13  1.15e+04     1s
   6   2.63244815e+09  2.52571870e+09  1.05e+02 1.56e-13  5.38e+03     1s
   7   2.59517346e+09  2.54648047e+09  4.25e+01 2.70e-13  2.45e+03     1s
   8   2.58233290e+09  2.55827389e+09  2.21e+01 2.42e-13  1.21e+03     1s
   9   2.57077565e+09  2.56176549e+09  5.63e+00 2.42e-13  4.51e+02     1s
  10   2.56902088e+09  2.56383593e+09  3.36e+00 3.69e-13  2.59e+02     1s
  11   2.56719115e+09  2.56491289e+09  1.18e+00 2.84e-13  1.14e+02     1s
  12   2.56694021e+09  2.56529498e+09  8.98e-01 3.13e-13  8.22e+01     1s
  13   2.56643303e+09  2.56586438e+09  3.00e-01 3.13e-13  2.84e+01     1s
  14   2.56618499e+09  2.56608428e+09  4.79e-02 3.98e-13  5.03e+00     1s
  15   2.56613572e+09  2.56611031e+09  7.48e-03 1.99e-13  1.27e+00     1s
  16   2.56612738e+09  2.56612321e+09  8.38e-04 1.14e-13  2.08e-01     1s
  17   2.56612576e+09  2.56612534e+09  1.63e-05 5.68e-14  2.09e-02     1s
  18   2.56612570e+09  2.56612564e+09  3.16e-08 5.68e-14  3.26e-03     1s
  19   2.56612570e+09  2.56612569e+09  1.34e-08 1.14e-13  4.47e-04     1s
  20   2.56612570e+09  2.56612570e+09  3.87e-09 1.29e-12  3.40e-05     1s
  21   2.56612570e+09  2.56612570e+09  9.02e-10 6.36e-12  1.44e-07     1s
  22   2.56612570e+09  2.56612570e+09  3.06e-10 1.14e-13  1.44e-10     1s

Barrier solved model in 22 iterations and 1.25 seconds (0.69 work units)
Optimal objective 2.56612570e+09

Crossover log...

       0 DPushes remaining with DInf 0.0000000e+00                 1s

     121 PPushes remaining with PInf 0.0000000e+00                 1s
       0 PPushes remaining with PInf 0.0000000e+00                 1s

  Push phase complete: Pinf 0.0000000e+00, Dinf 1.4495072e-11      1s

Iteration    Objective       Primal Inf.    Dual Inf.      Time
     124    2.5661257e+09   0.000000e+00   0.000000e+00      2s

Solved with dual simplex
Solved in 1927 iterations and 1.73 seconds (0.76 work units)
Optimal objective  2.566125699e+09

User-callback calls 283, time in user-callback 0.00 sec
[ Info:  started timer at: 2023-03-28T00:29:28.571
[ Info: Reading /projects/pvsoiling/RELOG/Recycling_cap_40209_10/input/solver/case.json...
[ Info:          134 collection centers
[ Info:          268 candidate plant locations
[ Info: Building graph...
[ Info:           26 time periods
[ Info:          268 process nodes
[ Info:         4288 shipping nodes (plant)
[ Info:          134 shipping nodes (collection)
[ Info:        40200 arcs
[ Info: Building optimization model...
[ Info: Optimizing MILP...
[ Info: Re-optimizing with integer variables fixed...
[ Info: Extracting solution...
[ Info:       3650.753543012s: 1 hour, 50 seconds, 753 milliseconds
