Set parameter TokenServer to value "license-1.hpc.nrel.gov"
Set parameter TimeLimit to value 3600
Set parameter MIPGap to value 0.001
Set parameter MIPGap to value 0.001
Set parameter TimeLimit to value 3600
Gurobi Optimizer version 9.5.1 build v9.5.1rc2 (linux64)
Thread count: 36 physical cores, 36 logical processors, using up to 32 threads
Optimize a model with 80158 rows, 992940 columns and 2033584 nonzeros
Model fingerprint: 0xd25f1fce
Variable types: 979004 continuous, 13936 integer (13936 binary)
Coefficient statistics:
  Matrix range     [1e+00, 1e+05]
  Objective range  [2e-01, 4e+08]
  Bounds range     [1e+05, 1e+08]
  RHS range        [8e-01, 8e+05]
Presolve removed 68102 rows and 51724 columns
Presolve time: 4.93s
Presolved: 12056 rows, 941216 columns, 1888596 nonzeros
Variable types: 932640 continuous, 8576 integer (8576 binary)

Deterministic concurrent LP optimizer: primal and dual simplex
Showing first log only...


Root simplex log...

Iteration    Objective       Primal Inf.    Dual Inf.      Time
       0    2.2983738e+11   7.969315e+05   1.779184e+10      8s
  192738    2.8057656e+11   7.515199e+04   1.445285e+10     10s
Concurrent spin time: 0.00s

Solved with dual simplex

Root relaxation: objective 2.990846e+11, 70511 iterations, 7.57 seconds (6.32 work units)

    Nodes    |    Current Node    |     Objective Bounds      |     Work
 Expl Unexpl |  Obj  Depth IntInf | Incumbent    BestBd   Gap | It/Node Time

     0     0 2.9908e+11    0   36          - 2.9908e+11      -     -   14s
H    0     0                    3.010351e+11 2.9908e+11  0.65%     -   16s
H    0     0                    2.997386e+11 2.9908e+11  0.22%     -   18s
H    0     0                    2.995653e+11 2.9908e+11  0.16%     -   19s
     0     0 2.9908e+11    0   29 2.9957e+11 2.9908e+11  0.16%     -   21s
H    0     0                    2.994328e+11 2.9908e+11  0.12%     -   23s
     0     0 2.9908e+11    0   29 2.9943e+11 2.9908e+11  0.12%     -   24s
     0     0 2.9908e+11    0   27 2.9943e+11 2.9908e+11  0.12%     -   26s
     0     0 2.9908e+11    0   27 2.9943e+11 2.9908e+11  0.12%     -   27s
     0     0 2.9908e+11    0   27 2.9943e+11 2.9908e+11  0.12%     -   28s
     0     0 2.9908e+11    0   27 2.9943e+11 2.9908e+11  0.12%     -   30s
     0     0 2.9908e+11    0   27 2.9943e+11 2.9908e+11  0.12%     -   31s
     0     0 2.9908e+11    0   27 2.9943e+11 2.9908e+11  0.12%     -   36s
     0     2 2.9908e+11    0   27 2.9943e+11 2.9908e+11  0.12%     -   44s
     1     4 2.9908e+11    1   24 2.9943e+11 2.9908e+11  0.12%  38.0   45s
    15    32 2.9909e+11    4   46 2.9943e+11 2.9909e+11  0.12%   102   50s
    31    64 2.9909e+11    5   43 2.9943e+11 2.9909e+11  0.12%  90.7   57s
   159   192 2.9909e+11    7   13 2.9943e+11 2.9909e+11  0.12%  91.9   60s
   223   319 2.9909e+11    9   19 2.9943e+11 2.9909e+11  0.12%  88.9   67s
   318   524 2.9909e+11   14   13 2.9943e+11 2.9909e+11  0.12%  97.5   71s
   523   958 2.9911e+11   23   13 2.9943e+11 2.9909e+11  0.12%   128   84s
   957  1397 2.9914e+11   30   13 2.9943e+11 2.9909e+11  0.12%   119  100s
  1418  1731 2.9915e+11   57   12 2.9943e+11 2.9909e+11  0.12%   114  127s
  1752  1763 2.9916e+11   72   19 2.9943e+11 2.9909e+11  0.12%   104  195s
  1784  2340 2.9916e+11   73   19 2.9943e+11 2.9909e+11  0.12%   105  222s
  2384  3292 2.9917e+11  101   21 2.9943e+11 2.9909e+11  0.12%   104  259s
  3435  4173 2.9919e+11  134   17 2.9943e+11 2.9909e+11  0.12%   106  280s
  4480  5108 2.9920e+11  167   24 2.9943e+11 2.9909e+11  0.12%  92.2  295s
  5536  6019 2.9921e+11  200   33 2.9943e+11 2.9909e+11  0.12%  83.2  312s
  6588  6818 2.9922e+11  233   12 2.9943e+11 2.9909e+11  0.12%  76.8  335s
  7630  7613 2.9924e+11  266   11 2.9943e+11 2.9909e+11  0.12%  72.0  371s
  8661  8364 2.9926e+11  299   23 2.9943e+11 2.9909e+11  0.12%  68.3  394s
  9717  9004 2.9927e+11  332   25 2.9943e+11 2.9909e+11  0.12%  66.7  418s
 10463  9802 2.9929e+11  350   19 2.9943e+11 2.9909e+11  0.12%  65.9  429s
 11510 10649 2.9932e+11  383   31 2.9943e+11 2.9909e+11  0.12%  64.4  439s
 12566 11557 2.9909e+11   11   19 2.9943e+11 2.9909e+11  0.12%  64.4  448s
 13612 12491 2.9914e+11   44   11 2.9943e+11 2.9909e+11  0.12%  64.8  460s
 14669 12492 2.9926e+11   62   27 2.9943e+11 2.9909e+11  0.12%  63.7  493s
 14671 12493 2.9918e+11   88   27 2.9943e+11 2.9909e+11  0.12%  63.7  508s
 14672 12494 2.9918e+11  211   22 2.9943e+11 2.9909e+11  0.12%  63.7  511s
 14674 12495 2.9931e+11  113   20 2.9943e+11 2.9909e+11  0.12%  63.7  515s
 14676 12497 2.9919e+11   41   20 2.9943e+11 2.9909e+11  0.12%  63.7  523s
 14678 12498 2.9928e+11  159   20 2.9943e+11 2.9909e+11  0.12%  63.7  528s
 14680 12499 2.9916e+11   69   20 2.9943e+11 2.9909e+11  0.12%  63.7  551s
 14681 12503 2.9909e+11   13   17 2.9943e+11 2.9909e+11  0.12%  67.3  556s
 14687 12513 2.9909e+11   15   26 2.9943e+11 2.9909e+11  0.12%  67.3  562s
 14711 12553 2.9909e+11   17   20 2.9943e+11 2.9909e+11  0.12%  67.4  570s
 14775 12596 2.9910e+11   18    9 2.9943e+11 2.9909e+11  0.12%  67.4  648s
 14807 12617 2.9909e+11   19   18 2.9943e+11 2.9909e+11  0.12%  67.3  723s
 14871 12660 2.9909e+11   20   15 2.9943e+11 2.9909e+11  0.12%  67.2  802s
 14967 12863 2.9910e+11   21   25 2.9943e+11 2.9909e+11  0.12%  67.2  814s
 15138 13661 2.9910e+11   24   25 2.9943e+11 2.9909e+11  0.12%  67.4  840s
 15995 14166 2.9912e+11   41   18 2.9943e+11 2.9909e+11  0.12%  69.0  877s
 16890 14723 2.9911e+11   58    8 2.9943e+11 2.9909e+11  0.12%  71.3  891s
 17978 15197 2.9917e+11   75   14 2.9943e+11 2.9909e+11  0.12%  71.6  909s
 19058 15710 2.9919e+11   92   10 2.9943e+11 2.9909e+11  0.12%  70.4  926s
 20129 16195 2.9920e+11  109   14 2.9943e+11 2.9909e+11  0.12%  69.2  943s
 21216 16709 2.9923e+11  126   10 2.9943e+11 2.9909e+11  0.12%  68.2  960s
 22300 17196 2.9923e+11  143   10 2.9943e+11 2.9909e+11  0.12%  66.9  978s
 23370 17619 2.9918e+11  157   12 2.9943e+11 2.9909e+11  0.12%  66.0  999s
 24426 18055 2.9926e+11  169   14 2.9943e+11 2.9909e+11  0.12%  65.7 1014s
 25477 18567 2.9918e+11  183   12 2.9943e+11 2.9909e+11  0.12%  66.2 1027s
 26553 19036 2.9919e+11  197   22 2.9943e+11 2.9909e+11  0.12%  66.6 1041s
 27625 19368 2.9919e+11  211   13 2.9943e+11 2.9909e+11  0.12%  65.9 1053s
 28683 19811 2.9920e+11  225   17 2.9943e+11 2.9909e+11  0.12%  65.7 1065s
 29766 20184 2.9920e+11  243   11 2.9943e+11 2.9909e+11  0.12%  65.0 1081s
 30854 20511 2.9921e+11  261    9 2.9943e+11 2.9909e+11  0.12%  65.0 1090s
 31929 20940 2.9924e+11  291   15 2.9943e+11 2.9909e+11  0.12%  64.4 1099s
 32972 21304 2.9924e+11  321   11 2.9943e+11 2.9909e+11  0.12%  64.0 1107s
 33999 21672 2.9926e+11  352   12 2.9943e+11 2.9909e+11  0.12%  63.7 1115s
 34965 22128     cutoff  381      2.9943e+11 2.9909e+11  0.12%  63.8 1122s
 35908 22587 2.9930e+11  413   13 2.9943e+11 2.9909e+11  0.12%  64.0 1130s
 36842 22906 2.9940e+11  441    9 2.9943e+11 2.9909e+11  0.12%  64.2 1139s
 37668 23305 2.9911e+11   29   13 2.9943e+11 2.9909e+11  0.12%  64.4 1148s
 38626 23672 2.9917e+11   42   11 2.9943e+11 2.9909e+11  0.12%  64.7 1156s
 39570 23816 2.9932e+11   58   12 2.9943e+11 2.9909e+11  0.12%  64.9 1165s
 40370 24214     cutoff   63      2.9943e+11 2.9909e+11  0.12%  64.8 1174s
 41385 24564 2.9939e+11   83   15 2.9943e+11 2.9909e+11  0.12%  64.6 1182s
 42331 24921 2.9940e+11  104   21 2.9943e+11 2.9909e+11  0.12%  64.6 1190s
 43321 25254 2.9942e+11  128   16 2.9943e+11 2.9909e+11  0.12%  64.1 1198s
 44340 25675 2.9943e+11  149   10 2.9943e+11 2.9909e+11  0.12%  63.8 1206s
 45350 26135 2.9912e+11   49   24 2.9943e+11 2.9909e+11  0.12%  63.5 1214s
 46379 26496 2.9913e+11   83    8 2.9943e+11 2.9909e+11  0.12%  63.1 1221s
 47389 26873 2.9915e+11  117    8 2.9943e+11 2.9909e+11  0.12%  62.7 1229s
 48395 27262 2.9916e+11  151   12 2.9943e+11 2.9909e+11  0.12%  62.3 1238s
 49381 27107 2.9917e+11  185   13 2.9943e+11 2.9909e+11  0.12%  62.2 1260s
 49584 27824 2.9918e+11  214   16 2.9943e+11 2.9909e+11  0.12%  62.2 1268s
 50588 28197 2.9921e+11  248   15 2.9943e+11 2.9909e+11  0.12%  62.1 1276s
 51601 28478 2.9922e+11  282   10 2.9943e+11 2.9909e+11  0.12%  62.0 1285s
 52417 29128 2.9924e+11  315   17 2.9943e+11 2.9909e+11  0.12%  61.7 1293s
 53485 29981 2.9926e+11  349   11 2.9943e+11 2.9909e+11  0.12%  61.3 1299s
 54540 30844 2.9930e+11  383    8 2.9943e+11 2.9909e+11  0.12%  60.8 1306s
 55586 31696 2.9910e+11   30   12 2.9943e+11 2.9909e+11  0.12%  60.4 1313s
 56569 32644 2.9912e+11   44   14 2.9943e+11 2.9909e+11  0.12%  60.2 1320s
 57612 33572 2.9920e+11   71    8 2.9943e+11 2.9909e+11  0.12%  59.9 1326s
 58676 33573 2.9928e+11  189   27 2.9943e+11 2.9909e+11  0.12%  59.5 1583s
 58678 33574 2.9913e+11   42   27 2.9943e+11 2.9909e+11  0.12%  59.5 1600s
 58680 33576 2.9923e+11   74   12 2.9943e+11 2.9909e+11  0.12%  59.4 1605s
 58681 33576 2.9925e+11  124   12 2.9943e+11 2.9909e+11  0.12%  59.4 1614s
 58682 33577 2.9910e+11   23   12 2.9943e+11 2.9909e+11  0.12%  59.4 1616s
 58683 33578 2.9916e+11  111   12 2.9943e+11 2.9909e+11  0.12%  59.4 1625s
 58684 33578 2.9911e+11   29   12 2.9943e+11 2.9909e+11  0.12%  59.4 1635s
 58685 33579 2.9927e+11  189   12 2.9943e+11 2.9909e+11  0.12%  59.4 1644s
 58686 33580 2.9937e+11  195   12 2.9943e+11 2.9909e+11  0.12%  59.4 1646s
 58687 33580 2.9909e+11   24   12 2.9943e+11 2.9909e+11  0.12%  59.4 1653s
 58688 33581 2.9913e+11   47   12 2.9943e+11 2.9909e+11  0.12%  59.4 1661s
 58689 33582 2.9930e+11  264   12 2.9943e+11 2.9909e+11  0.12%  59.4 1670s
 58690 33582 2.9914e+11   40   12 2.9943e+11 2.9909e+11  0.12%  59.4 1680s
 58691 33583 2.9934e+11   38   12 2.9943e+11 2.9909e+11  0.12%  59.4 1685s
 58692 33584 2.9922e+11  259   12 2.9943e+11 2.9909e+11  0.12%  59.4 1693s
 58693 33584 2.9916e+11   67   12 2.9943e+11 2.9909e+11  0.12%  59.4 1702s
 58695 33586 2.9928e+11  221   12 2.9943e+11 2.9909e+11  0.12%  59.4 1711s
 58697 33587 2.9929e+11  210   12 2.9943e+11 2.9909e+11  0.12%  59.4 1721s
 58698 33588 2.9916e+11  138   12 2.9943e+11 2.9909e+11  0.12%  59.4 1731s
 58700 33589 2.9918e+11   44   12 2.9943e+11 2.9909e+11  0.12%  59.4 1743s
 58701 33590 2.9921e+11  139   12 2.9943e+11 2.9909e+11  0.12%  59.4 1752s
 58702 33590 2.9932e+11  134   12 2.9943e+11 2.9909e+11  0.12%  59.4 1777s
 58703 33594 2.9909e+11   28   13 2.9943e+11 2.9909e+11  0.12%  60.3 1784s
 58705 33597 2.9909e+11   29   22 2.9943e+11 2.9909e+11  0.12%  60.3 1787s
 58709 33604 2.9909e+11   30   22 2.9943e+11 2.9909e+11  0.12%  60.3 1795s
 58733 33644 2.9909e+11   32   16 2.9943e+11 2.9909e+11  0.12%  60.3 1814s
 58765 33665 2.9909e+11   33   14 2.9943e+11 2.9909e+11  0.12%  60.3 1817s
 58797 33687 2.9910e+11   33    9 2.9943e+11 2.9909e+11  0.12%  60.3 1914s
 58829 33708 2.9909e+11   34   14 2.9943e+11 2.9909e+11  0.12%  60.3 1933s
 58893 33762 2.9909e+11   35   15 2.9943e+11 2.9909e+11  0.12%  60.3 1939s
 58936 33805 2.9910e+11   35   25 2.9943e+11 2.9909e+11  0.12%  60.3 1942s
 58994 34096 2.9910e+11   36   19 2.9943e+11 2.9909e+11  0.12%  60.4 1950s
 59304 34677 2.9909e+11   42   11 2.9943e+11 2.9909e+11  0.12%  60.6 1971s
 59988 35035 2.9913e+11   58   12 2.9943e+11 2.9909e+11  0.12%  61.1 2013s
 60602 35480 2.9918e+11   74   13 2.9943e+11 2.9909e+11  0.12%  61.6 2048s
 61394 36053 2.9924e+11   91   13 2.9943e+11 2.9909e+11  0.12%  62.2 2070s
 62514 36486 2.9919e+11  109   18 2.9943e+11 2.9909e+11  0.12%  62.3 2086s
 63634 36929 2.9928e+11  126   13 2.9943e+11 2.9909e+11  0.12%  62.1 2106s
 64754 37275 2.9922e+11  144    9 2.9943e+11 2.9909e+11  0.12%  61.8 2123s
 65874 37633     cutoff  161      2.9943e+11 2.9909e+11  0.12%  61.5 2137s
 66994 37994 2.9923e+11  179   25 2.9943e+11 2.9909e+11  0.12%  61.4 2147s
 68114 38238 2.9933e+11  196   15 2.9943e+11 2.9909e+11  0.12%  61.3 2160s
 69234 38594     cutoff  214      2.9943e+11 2.9909e+11  0.12%  61.5 2172s
 70347 38689 2.9925e+11  234   20 2.9943e+11 2.9909e+11  0.12%  61.4 2201s
 71017 39183 2.9925e+11  249   19 2.9943e+11 2.9909e+11  0.12%  61.3 2209s
 72137 39462 2.9927e+11  277   15 2.9943e+11 2.9909e+11  0.12%  61.0 2218s
 73257 39862 2.9929e+11  312   14 2.9943e+11 2.9909e+11  0.12%  60.7 2226s
 74366 40321 2.9930e+11  344   12 2.9943e+11 2.9909e+11  0.12%  60.7 2234s
 75478 40844 2.9934e+11  374   13 2.9943e+11 2.9909e+11  0.12%  60.8 2241s
 76590 41291 2.9912e+11   62   16 2.9943e+11 2.9909e+11  0.12%  60.7 2248s
 77687 41747 2.9923e+11   97   10 2.9943e+11 2.9909e+11  0.12%  60.5 2257s
 78755 42180 2.9925e+11  132   13 2.9943e+11 2.9909e+11  0.12%  60.1 2270s
 79807 42684 2.9927e+11  167   10 2.9943e+11 2.9909e+11  0.12%  59.8 2277s
 80913 43207 2.9928e+11  202   16 2.9943e+11 2.9909e+11  0.12%  59.6 2284s
 82029 43735 2.9929e+11  237   15 2.9943e+11 2.9909e+11  0.12%  59.4 2290s
 83149 43534 2.9931e+11  272   11 2.9943e+11 2.9909e+11  0.12%  59.0 2311s
 83356 44322 2.9932e+11  295   14 2.9943e+11 2.9909e+11  0.12%  58.9 2318s
 84465 44852 2.9936e+11  330   11 2.9943e+11 2.9909e+11  0.12%  58.7 2325s
 85585 45356 2.9940e+11  365   12 2.9943e+11 2.9909e+11  0.12%  58.5 2332s
 86672 45928 2.9910e+11   42   17 2.9943e+11 2.9909e+11  0.12%  58.3 2338s
 87764 46526 2.9913e+11   72   19 2.9943e+11 2.9909e+11  0.12%  58.2 2353s
 88879 46933 2.9915e+11  107   26 2.9943e+11 2.9909e+11  0.12%  58.1 2362s
 89999 47407 2.9916e+11  142    8 2.9943e+11 2.9909e+11  0.12%  57.9 2371s
 91080 47979 2.9917e+11  177   16 2.9943e+11 2.9909e+11  0.12%  57.7 2378s
 92167 48551 2.9918e+11  212   21 2.9943e+11 2.9909e+11  0.12%  57.5 2385s
 93237 49037 2.9919e+11  247   13 2.9943e+11 2.9909e+11  0.12%  57.4 2392s
 94278 49561 2.9921e+11  282    9 2.9943e+11 2.9909e+11  0.12%  57.3 2399s
 95325 50132 2.9923e+11  317    8 2.9943e+11 2.9909e+11  0.12%  57.1 2406s
 96393 50644 2.9923e+11  352   14 2.9943e+11 2.9909e+11  0.12%  57.0 2414s
 97456 51237 2.9925e+11  387    8 2.9943e+11 2.9909e+11  0.12%  56.7 2421s
 98529 51684 2.9929e+11  422   13 2.9943e+11 2.9909e+11  0.12%  56.4 2429s
 99466 51667 2.9909e+11   40   15 2.9943e+11 2.9909e+11  0.12%  56.3 2447s
 99789 52561 2.9909e+11   42    8 2.9943e+11 2.9909e+11  0.12%  56.2 2454s
 100848 53039 2.9915e+11   73   20 2.9943e+11 2.9909e+11  0.12%  56.1 2461s
 101871 53574 2.9937e+11  101   22 2.9943e+11 2.9909e+11  0.12%  56.0 2468s
 102921 54104 2.9940e+11  131   16 2.9943e+11 2.9909e+11  0.12%  55.9 2475s
 103991 54612 2.9942e+11  163   17 2.9943e+11 2.9909e+11  0.12%  55.8 2482s
 105079 55083 2.9910e+11   42    8 2.9943e+11 2.9909e+11  0.12%  55.6 2489s
 106185 55651 2.9913e+11   77   15 2.9943e+11 2.9909e+11  0.12%  55.5 2495s
 107285 55924 2.9914e+11  112   17 2.9943e+11 2.9909e+11  0.12%  55.3 2502s
 108011 56672 2.9915e+11  134   14 2.9943e+11 2.9909e+11  0.12%  55.1 2508s
 109120 56656 2.9917e+11  169   12 2.9943e+11 2.9909e+11  0.12%  54.9 2522s
 109507 57489 2.9917e+11  184   17 2.9943e+11 2.9909e+11  0.12%  54.8 2527s
 110567 58105 2.9918e+11  219   20 2.9943e+11 2.9909e+11  0.12%  54.7 2533s
 111637 58707 2.9919e+11  254    8 2.9943e+11 2.9909e+11  0.12%  54.6 2539s
 112715 59245 2.9920e+11  289   15 2.9943e+11 2.9909e+11  0.12%  54.5 2545s
 113783 59820 2.9922e+11  324    9 2.9943e+11 2.9909e+11  0.12%  54.4 2551s
 114841 60405 2.9924e+11  359   15 2.9943e+11 2.9909e+11  0.12%  54.3 2557s
 115932 60950 2.9926e+11  394    8 2.9943e+11 2.9909e+11  0.12%  54.2 2563s
 117023 61465 2.9928e+11  429   13 2.9943e+11 2.9909e+11  0.12%  54.0 2571s
 118143 61216 2.9910e+11   45   15 2.9943e+11 2.9909e+11  0.12%  53.9 2592s
 118304 62091 2.9910e+11   46   13 2.9943e+11 2.9909e+11  0.12%  53.8 2598s
 119393 62386 2.9913e+11   75   14 2.9943e+11 2.9909e+11  0.12%  53.7 2606s
 120165 63048 2.9921e+11   85   16 2.9943e+11 2.9909e+11  0.12%  53.7 2612s
 121244 63616 2.9923e+11  120   15 2.9943e+11 2.9909e+11  0.12%  53.6 2618s
 122322 64140 2.9925e+11  155   13 2.9943e+11 2.9909e+11  0.12%  53.5 2624s
 123374 64660 2.9927e+11  190   17 2.9943e+11 2.9909e+11  0.12%  53.5 2631s
 124450 65146 2.9928e+11  225    9 2.9943e+11 2.9909e+11  0.12%  53.4 2637s
 125486 65620 2.9929e+11  260   19 2.9943e+11 2.9909e+11  0.12%  53.5 2644s
 126557 66131 2.9930e+11  295   20 2.9943e+11 2.9909e+11  0.12%  53.4 2650s
 127632 65988 2.9931e+11  330   11 2.9943e+11 2.9909e+11  0.12%  53.4 2672s
 127854 66800 2.9931e+11  331   11 2.9943e+11 2.9909e+11  0.12%  53.4 2679s
 128899 67136 2.9935e+11  366   15 2.9943e+11 2.9909e+11  0.12%  53.4 2687s
 129737 67761 2.9937e+11  388   12 2.9943e+11 2.9909e+11  0.12%  53.3 2693s
 130835 68271 2.9943e+11  418   14 2.9943e+11 2.9909e+11  0.11%  53.2 2700s
 131889 68776 2.9912e+11   54   12 2.9943e+11 2.9909e+11  0.11%  53.2 2706s
 132860 69330 2.9917e+11   77   12 2.9943e+11 2.9909e+11  0.11%  53.3 2713s
 133829 69034 2.9923e+11  104   22 2.9943e+11 2.9909e+11  0.11%  53.4 2809s
 133861 69705 2.9923e+11  105   23 2.9943e+11 2.9909e+11  0.11%  53.4 2816s
 134644 70342 2.9925e+11  139   26 2.9943e+11 2.9909e+11  0.11%  53.4 2822s
 135686 70775 2.9926e+11  174   15 2.9943e+11 2.9909e+11  0.11%  53.4 2830s
 136621 71283 2.9928e+11  209   19 2.9943e+11 2.9909e+11  0.11%  53.4 2837s
 137655 71780 2.9928e+11  244   22 2.9943e+11 2.9909e+11  0.11%  53.4 2843s
 138698 72203 2.9929e+11  279   18 2.9943e+11 2.9909e+11  0.11%  53.4 2850s
 139685 72691 2.9931e+11  314   24 2.9943e+11 2.9909e+11  0.11%  53.4 2857s
 140719 73149 2.9932e+11  349   12 2.9943e+11 2.9909e+11  0.11%  53.4 2865s
 141746 73283 2.9935e+11  382   10 2.9943e+11 2.9909e+11  0.11%  53.5 2875s
 142748 73702 2.9940e+11  417   11 2.9943e+11 2.9909e+11  0.11%  53.5 2882s
 143817 74043 2.9912e+11   42   19 2.9943e+11 2.9909e+11  0.11%  53.5 2890s
 144858 74506 2.9918e+11   54   11 2.9943e+11 2.9909e+11  0.11%  53.6 2897s
 145930 74836 2.9932e+11   67   11 2.9943e+11 2.9909e+11  0.11%  53.5 2908s
 147048 74900     cutoff   80      2.9943e+11 2.9909e+11  0.11%  53.5 2915s
 147736 75419     cutoff   88      2.9943e+11 2.9909e+11  0.11%  53.5 2922s
 148818 75843 2.9919e+11   57   17 2.9943e+11 2.9909e+11  0.11%  53.5 2929s
 149835 76325 2.9932e+11   82   14 2.9943e+11 2.9909e+11  0.11%  53.5 2935s
 150935 76706 2.9909e+11   39    8 2.9943e+11 2.9909e+11  0.11%  53.4 2942s
 152012 77089 2.9913e+11   72   18 2.9943e+11 2.9909e+11  0.11%  53.3 2948s
 153037 77430 2.9916e+11  107   18 2.9943e+11 2.9909e+11  0.11%  53.3 2954s
 154032 77858 2.9917e+11  142   15 2.9943e+11 2.9909e+11  0.11%  53.3 2960s
 154995 78304 2.9918e+11  177   12 2.9943e+11 2.9909e+11  0.11%  53.5 2967s
 155941 78752 2.9919e+11  212   25 2.9943e+11 2.9909e+11  0.11%  53.6 2973s
 156894 79210 2.9920e+11  247   22 2.9943e+11 2.9909e+11  0.11%  53.7 2980s
 157827 79669 2.9922e+11  282   17 2.9943e+11 2.9909e+11  0.11%  53.8 2987s
 158811 80089 2.9924e+11  317    9 2.9943e+11 2.9909e+11  0.11%  53.9 2995s
 159776 80591 2.9925e+11  352   11 2.9943e+11 2.9909e+11  0.11%  54.0 3002s
 160748 81351 2.9927e+11  387   11 2.9943e+11 2.9909e+11  0.11%  54.0 3009s
 161761 81979 2.9930e+11  422   13 2.9943e+11 2.9909e+11  0.11%  54.1 3016s
 162797 82627 2.9911e+11   50   11 2.9943e+11 2.9909e+11  0.11%  54.1 3022s
 163774 83343 2.9914e+11   77   10 2.9943e+11 2.9909e+11  0.11%  54.2 3029s
 164758 84076 2.9922e+11   90    8 2.9943e+11 2.9909e+11  0.11%  54.3 3036s
 165802 84753 2.9924e+11  125   14 2.9943e+11 2.9909e+11  0.11%  54.3 3043s
 166873 85420 2.9925e+11  160    9 2.9943e+11 2.9909e+11  0.11%  54.3 3049s
 167881 86126 2.9927e+11  195   14 2.9943e+11 2.9909e+11  0.11%  54.3 3058s
 168894 86860 2.9928e+11  229   18 2.9943e+11 2.9909e+11  0.11%  54.2 3064s
 169961 87572 2.9929e+11  264   20 2.9943e+11 2.9909e+11  0.11%  54.1 3070s
 170997 88086 2.9931e+11  299   18 2.9943e+11 2.9909e+11  0.11%  54.1 3078s
 171836 88709 2.9933e+11  334    8 2.9943e+11 2.9909e+11  0.11%  54.2 3085s
 172834 89324 2.9937e+11  369   11 2.9943e+11 2.9909e+11  0.11%  54.3 3094s
 173730 90127 2.9940e+11  399   14 2.9943e+11 2.9909e+11  0.11%  54.4 3101s
 174730 90993 2.9912e+11   59   16 2.9943e+11 2.9909e+11  0.11%  54.5 3108s
 175723 91923 2.9924e+11   82   15 2.9943e+11 2.9909e+11  0.11%  54.5 3119s
 176823 92486 2.9942e+11  116    4 2.9943e+11 2.9909e+11  0.11%  54.5 3127s
 177536 93358 2.9911e+11   48   13 2.9943e+11 2.9909e+11  0.11%  54.5 3134s
 178581 94234 2.9914e+11   75   13 2.9943e+11 2.9909e+11  0.11%  54.5 3142s
 179645 95063 2.9942e+11  104    8 2.9943e+11 2.9909e+11  0.11%  54.5 3149s
 180736 95805 2.9916e+11   56   21 2.9943e+11 2.9909e+11  0.11%  54.4 3156s
 181758 96657 2.9927e+11   79   17 2.9943e+11 2.9909e+11  0.11%  54.5 3163s
 182823 97402 2.9910e+11   45    9 2.9943e+11 2.9909e+11  0.11%  54.5 3169s
 183209 97402 2.9909e+11   44    9 2.9943e+11 2.9909e+11  0.11%  54.4 3170s
 183841 98177 2.9913e+11   80   16 2.9943e+11 2.9909e+11  0.11%  54.5 3176s
 184894 98951 2.9914e+11  115   14 2.9943e+11 2.9909e+11  0.11%  54.5 3183s
 185901 99664 2.9916e+11  150   12 2.9943e+11 2.9909e+11  0.11%  54.5 3190s
 186861 100353 2.9917e+11  185   18 2.9943e+11 2.9909e+11  0.11%  54.6 3198s
 187810 101060 2.9918e+11  220   18 2.9943e+11 2.9909e+11  0.11%  54.7 3205s
 188811 101832 2.9919e+11  255    9 2.9943e+11 2.9909e+11  0.11%  54.7 3212s
 189827 102322 2.9921e+11  290   12 2.9943e+11 2.9909e+11  0.11%  54.8 3220s
 190483 103104 2.9922e+11  319   16 2.9943e+11 2.9909e+11  0.11%  54.8 3228s
 191481 103963 2.9924e+11  354   14 2.9943e+11 2.9909e+11  0.11%  54.8 3235s
 192524 104766 2.9927e+11  389   17 2.9943e+11 2.9909e+11  0.11%  54.8 3242s
 193523 105594 2.9929e+11  424   11 2.9943e+11 2.9909e+11  0.11%  54.8 3248s
 194606 106418 2.9911e+11   59    8 2.9943e+11 2.9909e+11  0.11%  54.8 3256s
 195668 107298 2.9913e+11   94    8 2.9943e+11 2.9909e+11  0.11%  54.8 3263s
 196685 107847 2.9915e+11  129   14 2.9943e+11 2.9909e+11  0.11%  54.7 3269s
 197378 108541 2.9916e+11  153   14 2.9943e+11 2.9909e+11  0.11%  54.7 3278s
 198194 109408 2.9917e+11  180   12 2.9943e+11 2.9909e+11  0.11%  54.7 3285s
 199221 110213 2.9918e+11  215   25 2.9943e+11 2.9909e+11  0.11%  54.7 3293s
 200246 110998 2.9919e+11  250   12 2.9943e+11 2.9909e+11  0.11%  54.7 3300s
 201259 111688 2.9921e+11  285    7 2.9943e+11 2.9909e+11  0.11%  54.8 3308s
 202309 112301 2.9922e+11  320   10 2.9943e+11 2.9909e+11  0.11%  54.8 3316s
 203350 112896 2.9924e+11  355   14 2.9943e+11 2.9909e+11  0.11%  54.9 3324s
 204358 113575 2.9927e+11  390   13 2.9943e+11 2.9909e+11  0.11%  54.9 3331s
 205384 114245     cutoff  419      2.9943e+11 2.9909e+11  0.11%  55.0 3342s
 206463 114939 2.9914e+11   71   19 2.9943e+11 2.9909e+11  0.11%  55.1 3349s
 207537 115650 2.9914e+11  106    9 2.9943e+11 2.9909e+11  0.11%  55.1 3356s
 208579 116415 2.9917e+11  141   13 2.9943e+11 2.9909e+11  0.11%  55.0 3362s
 209669 117207 2.9918e+11  176   13 2.9943e+11 2.9909e+11  0.11%  54.9 3368s
 210707 118049 2.9919e+11  211   27 2.9943e+11 2.9909e+11  0.11%  54.9 3375s
 211761 118961 2.9920e+11  246   14 2.9943e+11 2.9909e+11  0.11%  54.8 3382s
 212810 119480 2.9922e+11  281   14 2.9943e+11 2.9909e+11  0.11%  54.8 3389s
 213440 120327 2.9923e+11  304   14 2.9943e+11 2.9909e+11  0.11%  54.8 3396s
 214503 121149 2.9924e+11  339    8 2.9943e+11 2.9909e+11  0.11%  54.8 3402s
 215577 121997 2.9926e+11  374   12 2.9943e+11 2.9909e+11  0.11%  54.7 3409s
 216657 122805 2.9930e+11  409   16 2.9943e+11 2.9909e+11  0.11%  54.6 3415s
 217747 123604 2.9910e+11   46   15 2.9943e+11 2.9909e+11  0.11%  54.5 3422s
 218789 124480 2.9912e+11   52   18 2.9943e+11 2.9909e+11  0.11%  54.5 3429s
 219809 125347 2.9929e+11   63   11 2.9943e+11 2.9909e+11  0.11%  54.5 3435s
 220824 126162     cutoff   71      2.9943e+11 2.9909e+11  0.11%  54.5 3441s
 221868 127003 2.9934e+11   88   15 2.9943e+11 2.9909e+11  0.11%  54.5 3447s
 222899 127551 2.9934e+11  107   12 2.9943e+11 2.9909e+11  0.11%  54.5 3454s
 223546 128447 2.9936e+11  122   19 2.9943e+11 2.9909e+11  0.11%  54.5 3460s
 224598 129304 2.9937e+11  142   16 2.9943e+11 2.9909e+11  0.11%  54.4 3467s
 225626 130135     cutoff  161      2.9943e+11 2.9909e+11  0.11%  54.4 3473s
 226646 130965 2.9940e+11  179   26 2.9943e+11 2.9909e+11  0.11%  54.4 3479s
 227647 131838 2.9941e+11  198   14 2.9943e+11 2.9909e+11  0.11%  54.5 3486s
 228639 132692     cutoff  218      2.9943e+11 2.9909e+11  0.11%  54.5 3492s
 229611 133480 2.9913e+11   61   21 2.9943e+11 2.9909e+11  0.11%  54.5 3498s
 230546 134318 2.9924e+11   85   16 2.9943e+11 2.9909e+11  0.11%  54.5 3504s
 231469 134925 2.9942e+11  115    4 2.9943e+11 2.9909e+11  0.11%  54.6 3512s
 232315 135450 2.9912e+11   56   16 2.9943e+11 2.9909e+11  0.11%  54.7 3519s
 232976 136245 2.9913e+11   66   15 2.9943e+11 2.9909e+11  0.11%  54.8 3526s
 234012 136975 2.9941e+11   88    9 2.9943e+11 2.9909e+11  0.11%  54.7 3532s
 235086 137686 2.9942e+11  123    2 2.9943e+11 2.9909e+11  0.11%  54.7 3542s
 236179 138372 2.9914e+11   64   17 2.9943e+11 2.9909e+11  0.11%  54.7 3549s
 237175 139057 2.9930e+11   99   15 2.9943e+11 2.9909e+11  0.11%  54.6 3555s
 238177 139719 2.9910e+11   47    9 2.9943e+11 2.9909e+11  0.11%  54.6 3562s
 239248 140384 2.9914e+11   82   17 2.9943e+11 2.9909e+11  0.11%  54.5 3570s
 240329 141010 2.9916e+11  117   18 2.9943e+11 2.9909e+11  0.11%  54.4 3576s
 241386 141671 2.9917e+11  152   14 2.9943e+11 2.9909e+11  0.11%  54.3 3582s
 242398 142262 2.9918e+11  187   10 2.9943e+11 2.9909e+11  0.11%  54.3 3588s
 243319 142872 2.9919e+11  222   17 2.9943e+11 2.9909e+11  0.11%  54.4 3595s
 244278 143338 2.9921e+11  257    8 2.9943e+11 2.9909e+11  0.11%  54.4 3600s

Cutting planes:
  Lift-and-project: 25
  Implied bound: 24
  MIR: 68
  Flow cover: 45
  RLT: 2
  Relax-and-lift: 16

Explored 245019 nodes (13398368 simplex iterations) in 3600.35 seconds (2500.94 work units)
Thread count was 32 (of 36 available processors)

Solution count 4: 2.99433e+11 2.99565e+11 2.99739e+11 3.01035e+11 

Time limit reached
Best objective 2.994327724387e+11, best bound 2.990911231768e+11, gap 0.1141%

User-callback calls 1030634, time in user-callback 0.43 sec
Set parameter TokenServer to value "license-1.hpc.nrel.gov"
Set parameter TimeLimit to value 3600
Set parameter MIPGap to value 0.001
Set parameter MIPGap to value 0.001
Set parameter TimeLimit to value 3600
Gurobi Optimizer version 9.5.1 build v9.5.1rc2 (linux64)
Thread count: 36 physical cores, 36 logical processors, using up to 32 threads
Optimize a model with 80158 rows, 992940 columns and 2033584 nonzeros
Model fingerprint: 0xa33ab2bc
Coefficient statistics:
  Matrix range     [1e+00, 1e+05]
  Objective range  [2e-01, 4e+08]
  Bounds range     [1e+00, 1e+08]
  RHS range        [8e-01, 8e+05]

Concurrent LP optimizer: primal simplex, dual simplex, and barrier
Showing barrier log only...

Presolve removed 75158 rows and 787936 columns
Presolve time: 0.93s
Presolved: 5000 rows, 205004 columns, 408488 nonzeros

Ordering time: 0.00s

Barrier statistics:
 AA' NZ     : 2.035e+05
 Factor NZ  : 3.234e+05 (roughly 90 MB of memory)
 Factor Ops : 2.516e+07 (less than 1 second per iteration)
 Threads    : 30

                  Objective                Residual
Iter       Primal          Dual         Primal    Dual     Compl     Time
   0   1.04623347e+12  1.17844585e+11  2.98e+06 2.58e+02  2.81e+07     1s
   1   3.24978398e+11  2.07156024e+11  6.87e+04 1.36e-12  1.09e+06     1s
   2   3.07542238e+11  2.70641622e+11  2.13e+03 4.79e+00  1.95e+05     1s
   3   3.06095028e+11  2.82968204e+11  8.34e+02 1.52e+00  1.18e+05     1s
   4   3.04071863e+11  2.92852041e+11  3.26e+02 2.25e+00  5.65e+04     1s
   5   3.03068650e+11  2.95234158e+11  1.82e+02 1.05e+00  3.91e+04     1s
   6   3.01527873e+11  2.97186652e+11  4.95e+01 7.94e-01  2.15e+04     1s
   7   3.00970989e+11  2.98345799e+11  3.06e+01 4.76e-01  1.30e+04     1s
   8   3.00363481e+11  2.98789436e+11  1.35e+01 2.35e-01  7.78e+03     1s
   9   3.00089118e+11  2.99055672e+11  7.96e+00 1.19e-01  5.09e+03     1s
  10   2.99711201e+11  2.99212852e+11  1.87e+00 5.79e-02  2.46e+03     1s
  11   2.99621428e+11  2.99291251e+11  1.13e+00 1.48e-02  1.63e+03     1s
  12   2.99558777e+11  2.99348432e+11  6.70e-01 2.75e-02  1.04e+03     1s
  13   2.99501128e+11  2.99395041e+11  3.17e-01 1.14e-02  5.24e+02     1s
  14   2.99479419e+11  2.99411047e+11  2.03e-01 7.16e-03  3.38e+02     1s
  15   2.99456640e+11  2.99420140e+11  9.39e-02 5.81e-03  1.81e+02     1s
  16   2.99448793e+11  2.99425626e+11  6.01e-02 4.13e-03  1.15e+02     1s
  17   2.99440602e+11  2.99429206e+11  2.75e-02 1.74e-03  5.64e+01     1s
  18   2.99436337e+11  2.99430769e+11  1.19e-02 7.69e-04  2.77e+01     1s
  19   2.99434312e+11  2.99431570e+11  4.74e-03 4.67e-04  1.37e+01     1s
  20   2.99433697e+11  2.99431997e+11  2.72e-03 3.05e-04  8.51e+00     1s
  21   2.99433077e+11  2.99432534e+11  8.03e-04 1.77e-04  2.71e+00     1s

Barrier performed 21 iterations in 1.43 seconds (1.01 work units)
Barrier solve interrupted - model solved by another algorithm


Solved with dual simplex
Solved in 9522 iterations and 1.48 seconds (0.76 work units)
Optimal objective  2.994327724e+11

User-callback calls 146, time in user-callback 0.00 sec
[ Info:  started timer at: 2023-03-29T15:50:23.310
[ Info: Reading /projects/pvsoiling/RELOG/Manufacturing_40209_05/input/solver/case.json...
[ Info:          134 collection centers
[ Info:          268 candidate plant locations
[ Info: Building graph...
[ Info:           26 time periods
[ Info:          268 process nodes
[ Info:          268 shipping nodes (plant)
[ Info:          134 shipping nodes (collection)
[ Info:        36180 arcs
[ Info: Building optimization model...
[ Info: Optimizing MILP...
[ Info: Re-optimizing with integer variables fixed...
[ Info: Extracting solution...
[ Info:       3648.736800456s: 1 hour, 48 seconds, 736 milliseconds
