Set parameter TokenServer to value "license-1.hpc.nrel.gov"
Set parameter TimeLimit to value 3600
Set parameter MIPGap to value 0.001
Set parameter MIPGap to value 0.001
Set parameter TimeLimit to value 3600
Gurobi Optimizer version 9.5.1 build v9.5.1rc2 (linux64)
Thread count: 36 physical cores, 36 logical processors, using up to 32 threads
Optimize a model with 84446 rows, 992940 columns and 2037872 nonzeros
Model fingerprint: 0x887e8b21
Variable types: 979004 continuous, 13936 integer (13936 binary)
Coefficient statistics:
  Matrix range     [1e+00, 1e+05]
  Objective range  [2e-01, 4e+08]
  Bounds range     [1e+05, 1e+08]
  RHS range        [8e-01, 2e+06]
Presolve removed 73460 rows and 56548 columns
Presolve time: 4.80s
Presolved: 10986 rows, 936392 columns, 1878948 nonzeros
Variable types: 933176 continuous, 3216 integer (3216 binary)

Deterministic concurrent LP optimizer: primal and dual simplex
Showing first log only...


Root simplex log...

Iteration    Objective       Primal Inf.    Dual Inf.      Time
       0    2.6772950e+11   8.197738e+05   1.859136e+10      8s
  126777    3.1354598e+11   1.199904e+05   5.331976e+10     10s
Concurrent spin time: 0.00s

Solved with dual simplex

Root relaxation: objective 4.401317e+11, 70538 iterations, 6.92 seconds (4.59 work units)

    Nodes    |    Current Node    |     Objective Bounds      |     Work
 Expl Unexpl |  Obj  Depth IntInf | Incumbent    BestBd   Gap | It/Node Time

     0     0 4.4013e+11    0    6          - 4.4013e+11      -     -   13s
H    0     0                    4.408010e+11 4.4013e+11  0.15%     -   14s
     0     0 4.4013e+11    0    3 4.4080e+11 4.4013e+11  0.15%     -   16s
     0     0 4.4013e+11    0    3 4.4080e+11 4.4013e+11  0.15%     -   20s
     0     2 4.4013e+11    0    3 4.4080e+11 4.4013e+11  0.15%     -   26s
    31    64 4.4014e+11    5    3 4.4080e+11 4.4013e+11  0.15%   4.6   31s
    95   128 4.4014e+11    7    3 4.4080e+11 4.4013e+11  0.15%   4.3   43s
   127   160 4.4014e+11    8    3 4.4080e+11 4.4013e+11  0.15%   4.1   45s
   159   192 4.4015e+11    8    3 4.4080e+11 4.4013e+11  0.15%   4.3   91s
   223   421 4.4015e+11   10    3 4.4080e+11 4.4013e+11  0.15%   4.6   97s
   420  1032 4.4016e+11   15    3 4.4080e+11 4.4013e+11  0.15%   4.4  108s
  1031  1782 4.4017e+11   32    3 4.4080e+11 4.4013e+11  0.15%   5.1  120s
  1784  2409 4.4018e+11   54    3 4.4080e+11 4.4013e+11  0.15%   5.5  129s
  2458  3021 4.4021e+11   73    3 4.4080e+11 4.4013e+11  0.15%   5.9  139s
  2780  3021 4.4055e+11   99    3 4.4080e+11 4.4013e+11  0.15%   6.0  140s
  3145  3696 4.4024e+11   91    3 4.4080e+11 4.4013e+11  0.15%   5.9  149s
  4003  4199 4.4026e+11  109    3 4.4080e+11 4.4013e+11  0.15%   6.2  158s
  4842  4731 4.4028e+11  123    3 4.4080e+11 4.4013e+11  0.15%   7.3  166s
  5620  5171 4.4030e+11  133    6 4.4080e+11 4.4013e+11  0.15%   9.0  174s
  6363  5646 4.4031e+11  141    6 4.4080e+11 4.4013e+11  0.15%  12.2  181s
  7065  6281 4.4031e+11  150    3 4.4080e+11 4.4013e+11  0.15%  14.1  190s
  7850  6782 4.4048e+11  161    3 4.4080e+11 4.4013e+11  0.15%  16.8  206s
  8496  6832 4.4072e+11  174    3 4.4080e+11 4.4013e+11  0.15%  19.2  265s
  8596  7430 4.4072e+11  177    3 4.4080e+11 4.4013e+11  0.15%  19.1  270s
  9652  8169 4.4076e+11  210    6 4.4080e+11 4.4013e+11  0.15%  17.7  276s
 10709  8170 4.4014e+11    7    3 4.4080e+11 4.4013e+11  0.15%  16.6  300s
 10711  8171 4.4075e+11  126    2 4.4080e+11 4.4013e+11  0.15%  16.6  307s
 10712  8172 4.4037e+11  127    1 4.4080e+11 4.4013e+11  0.15%  16.6  311s
 10714  8173 4.4024e+11   50    1 4.4080e+11 4.4013e+11  0.15%  16.6  315s
 10745  8227 4.4014e+11   16    1 4.4080e+11 4.4013e+11  0.15%  18.3  320s
 10809  8270 4.4015e+11   17    1 4.4080e+11 4.4013e+11  0.15%  18.2  332s
 10905  8334 4.4014e+11   19    1 4.4080e+11 4.4013e+11  0.15%  18.1  351s
 11000  8642 4.4015e+11   20    1 4.4080e+11 4.4013e+11  0.15%  17.9  355s
 11277  9103 4.4018e+11   24    1 4.4080e+11 4.4013e+11  0.15%  17.6  362s
 11830  9458 4.4020e+11   34    1 4.4080e+11 4.4013e+11  0.15%  17.0  370s
 12370  9744 4.4020e+11   46    1 4.4080e+11 4.4013e+11  0.15%  16.5  377s
 12836  9621 4.4021e+11   54    1 4.4080e+11 4.4013e+11  0.15%  16.1  394s
 12856  9614 4.4019e+11   72    2 4.4080e+11 4.4013e+11  0.15%  16.1  395s
 12868 10263 4.4016e+11   55    1 4.4080e+11 4.4013e+11  0.15%  16.1  404s
 13590 10707 4.4023e+11   71    1 4.4080e+11 4.4013e+11  0.15%  15.6  413s
 14399 11196 4.4020e+11   96    1 4.4080e+11 4.4013e+11  0.15%  14.9  422s
 15436 11477 4.4047e+11  126    1 4.4080e+11 4.4013e+11  0.15%  14.4  429s
 16459 11684 4.4063e+11  155    1 4.4080e+11 4.4013e+11  0.15%  14.0  438s
 17465 11931 4.4052e+11  182    1 4.4080e+11 4.4013e+11  0.15%  13.9  445s
 18450 12314 4.4055e+11  209    1 4.4080e+11 4.4013e+11  0.15%  14.9  451s
 19392 12821 4.4079e+11  233    1 4.4080e+11 4.4013e+11  0.15%  16.4  459s
 20176 12559 4.4055e+11  208    2 4.4080e+11 4.4013e+11  0.15%  16.7  460s
 20359 13364 4.4016e+11   44    1 4.4080e+11 4.4013e+11  0.15%  17.2  467s
 21447 13829 4.4018e+11   78    1 4.4080e+11 4.4013e+11  0.15%  16.7  473s
 22535 13521 4.4021e+11  112    1 4.4080e+11 4.4013e+11  0.15%  16.5  526s
 22623 14098 4.4026e+11  120    1 4.4080e+11 4.4013e+11  0.15%  16.5  533s
 23710 13746 4.4049e+11  154    1 4.4080e+11 4.4013e+11  0.15%  16.3  551s
 23742 14209 4.4049e+11  155    1 4.4080e+11 4.4013e+11  0.15%  16.3  560s
 24829 14667 4.4053e+11  189    1 4.4080e+11 4.4013e+11  0.15%  16.1  566s
 25917 15227 4.4058e+11  223    2 4.4080e+11 4.4013e+11  0.15%  15.7  574s
 27005 15874 4.4014e+11   23    1 4.4080e+11 4.4013e+11  0.15%  15.5  579s
 28093 16220 4.4016e+11   48    1 4.4080e+11 4.4013e+11  0.15%  15.2  585s
 29174 16558 4.4019e+11   70    1 4.4080e+11 4.4013e+11  0.15%  14.9  595s
 30262 16963 4.4020e+11   86    1 4.4080e+11 4.4013e+11  0.15%  14.6  602s
 31335 17311 4.4025e+11  120    2 4.4080e+11 4.4013e+11  0.15%  14.7  608s
 32340 17902 4.4029e+11  147    2 4.4080e+11 4.4013e+11  0.15%  15.9  613s
 33385 18513 4.4041e+11  159    1 4.4080e+11 4.4013e+11  0.15%  16.2  618s
 34468 18836 4.4043e+11  192    1 4.4080e+11 4.4013e+11  0.15%  16.0  623s
 35542 19227 4.4046e+11  226    2 4.4080e+11 4.4013e+11  0.15%  15.9  628s
 36615 20229 4.4017e+11   26    1 4.4080e+11 4.4014e+11  0.15%  15.6  633s
 37702 21142 4.4041e+11   60    1 4.4080e+11 4.4014e+11  0.15%  15.3  638s
 38788 21784 4.4066e+11   94    2 4.4080e+11 4.4014e+11  0.15%  15.1  645s
 39844 22578 4.4076e+11  128    1 4.4080e+11 4.4014e+11  0.15%  14.9  650s
 40915 23407 4.4016e+11   35    1 4.4080e+11 4.4014e+11  0.15%  14.7  656s
 41995 24179 4.4017e+11   69    1 4.4080e+11 4.4014e+11  0.15%  14.5  662s
 43083 24671 4.4021e+11  103    1 4.4080e+11 4.4014e+11  0.15%  14.3  667s
 44171 25267 4.4048e+11  137    2 4.4080e+11 4.4014e+11  0.15%  14.2  671s
 45259 25913 4.4050e+11  171    1 4.4080e+11 4.4014e+11  0.15%  14.0  676s
 46337 26661 4.4055e+11  205    1 4.4080e+11 4.4014e+11  0.15%  14.2  682s
 47425 27576 infeasible  232      4.4080e+11 4.4014e+11  0.15%  14.3  688s
 48513 28324 4.4016e+11   51    1 4.4080e+11 4.4014e+11  0.15%  14.1  692s
 49600 28912 4.4020e+11   85    1 4.4080e+11 4.4014e+11  0.15%  14.1  698s
 50670 29850 4.4046e+11  119    1 4.4080e+11 4.4014e+11  0.15%  14.2  704s
 51754 30844 4.4049e+11  153    1 4.4080e+11 4.4014e+11  0.15%  14.1  710s
 52825 31610 4.4052e+11  187    2 4.4080e+11 4.4014e+11  0.15%  14.0  719s
 53789 32016 4.4058e+11  221    1 4.4080e+11 4.4014e+11  0.15%  13.8  725s
 54867 32591 4.4016e+11   34    2 4.4080e+11 4.4014e+11  0.15%  13.6  730s
 55955 33309 4.4018e+11   68    1 4.4080e+11 4.4014e+11  0.15%  13.5  736s
 57035 33980 4.4021e+11  102    1 4.4080e+11 4.4014e+11  0.15%  13.4  742s
 58123 33981 4.4033e+11  103    3 4.4080e+11 4.4014e+11  0.15%  13.4  777s
 58125 33982 4.4032e+11  121    2 4.4080e+11 4.4014e+11  0.15%  13.4  785s
 58126 33983 4.4034e+11   46    1 4.4080e+11 4.4014e+11  0.15%  13.4  790s
 58127 33984 4.4044e+11  159    1 4.4080e+11 4.4014e+11  0.15%  13.4  795s
 58129 33988 4.4014e+11   23    1 4.4080e+11 4.4014e+11  0.15%  13.7  801s
 58159 34038 4.4014e+11   27    1 4.4080e+11 4.4014e+11  0.15%  13.7  805s
 58287 34123 4.4015e+11   29    1 4.4080e+11 4.4014e+11  0.15%  13.7  828s
 58319 34145 4.4014e+11   30    1 4.4080e+11 4.4014e+11  0.15%  13.7  830s
 58351 34166 4.4015e+11   30    1 4.4080e+11 4.4014e+11  0.15%  13.7  865s
 58383 34187 4.4015e+11   31    1 4.4080e+11 4.4014e+11  0.15%  13.7  899s
 58415 34481 4.4015e+11   31    1 4.4080e+11 4.4014e+11  0.15%  13.7  904s
 58719 35246 4.4015e+11   36    1 4.4080e+11 4.4014e+11  0.15%  13.6  917s
 59586 35750 4.4020e+11   51    1 4.4080e+11 4.4014e+11  0.15%  13.5  927s
 60383 35961 4.4022e+11   68    1 4.4080e+11 4.4014e+11  0.15%  13.4  934s
 60910 36401 4.4022e+11   78    1 4.4080e+11 4.4014e+11  0.15%  13.4  944s
 61642 36937 4.4019e+11  100    1 4.4080e+11 4.4014e+11  0.15%  13.3  952s
 62686 37194 4.4046e+11  130    1 4.4080e+11 4.4014e+11  0.15%  13.1  959s
 63720 37377 4.4049e+11  159    1 4.4080e+11 4.4014e+11  0.15%  13.0  970s
 64731 37715 4.4052e+11  188    2 4.4080e+11 4.4014e+11  0.15%  13.0  977s
 65737 38092 4.4055e+11  221    1 4.4080e+11 4.4014e+11  0.15%  13.1  985s
 66681 38688 4.4014e+11   30    1 4.4080e+11 4.4014e+11  0.15%  13.4  991s
 67706 39203 4.4021e+11   64    2 4.4080e+11 4.4014e+11  0.15%  13.5  998s
 68794 39525 4.4026e+11   98    1 4.4080e+11 4.4014e+11  0.15%  13.5 1016s
 69624 39917 4.4050e+11  124    1 4.4080e+11 4.4014e+11  0.15%  13.6 1023s
 70710 40226 4.4060e+11  157    1 4.4080e+11 4.4014e+11  0.15%  13.7 1028s
 71798 40577 4.4015e+11   40    1 4.4080e+11 4.4014e+11  0.15%  13.6 1033s
 72886 40981 4.4036e+11   74    1 4.4080e+11 4.4014e+11  0.15%  13.5 1038s
 73974 41110 4.4058e+11  108    1 4.4080e+11 4.4014e+11  0.15%  13.4 1044s
 75062 41486 4.4014e+11   31    1 4.4080e+11 4.4014e+11  0.15%  13.4 1048s
 76150 41966 4.4029e+11   65    1 4.4080e+11 4.4014e+11  0.15%  13.3 1053s
 77238 42313 4.4047e+11   99    1 4.4080e+11 4.4014e+11  0.15%  13.2 1059s
 78325 42799 4.4057e+11  133    1 4.4080e+11 4.4014e+11  0.15%  13.2 1066s
 79403 43234 4.4061e+11  166    1 4.4080e+11 4.4014e+11  0.15%  13.2 1074s
 80478 43524 4.4015e+11   47    1 4.4080e+11 4.4014e+11  0.15%  13.2 1080s
 81566 43908 4.4017e+11   81    1 4.4080e+11 4.4014e+11  0.15%  13.1 1086s
 82654 44586 4.4021e+11  115    1 4.4080e+11 4.4014e+11  0.15%  13.0 1091s
 83742 45169 4.4045e+11  141    1 4.4080e+11 4.4014e+11  0.15%  12.9 1096s
 84830 45371 4.4046e+11  175    1 4.4080e+11 4.4014e+11  0.15%  12.7 1100s
 85913 45396 4.4052e+11  209    1 4.4080e+11 4.4014e+11  0.15%  12.7 1105s
 86990 45437 4.4057e+11  243    1 4.4080e+11 4.4014e+11  0.15%  12.7 1113s
 88078 45711 4.4015e+11   36    1 4.4080e+11 4.4014e+11  0.15%  12.8 1118s
 89166 46290 4.4017e+11   70    1 4.4080e+11 4.4014e+11  0.15%  12.9 1123s
 90254 46951 4.4020e+11  104    1 4.4080e+11 4.4014e+11  0.15%  12.9 1128s
 91342 47267 4.4048e+11  138    1 4.4080e+11 4.4014e+11  0.15%  12.8 1133s
 92404 47295 4.4049e+11  172    1 4.4080e+11 4.4014e+11  0.15%  12.8 1137s
 93436 47489 4.4052e+11  206    1 4.4080e+11 4.4014e+11  0.15%  12.9 1142s
 94484 47845 4.4059e+11  240    1 4.4080e+11 4.4014e+11  0.15%  12.9 1147s
 95572 48353 4.4017e+11   51    1 4.4080e+11 4.4014e+11  0.15%  13.0 1152s
 96653 48945 4.4017e+11   85    2 4.4080e+11 4.4014e+11  0.15%  12.9 1157s
 97741 49332 4.4021e+11  119    1 4.4080e+11 4.4014e+11  0.15%  12.9 1161s
 98829 49441 4.4049e+11  153    1 4.4080e+11 4.4014e+11  0.15%  12.8 1166s
 99909 49505 4.4053e+11  187    2 4.4080e+11 4.4014e+11  0.15%  12.7 1171s
 100982 49699 4.4056e+11  221    1 4.4080e+11 4.4014e+11  0.15%  12.7 1176s
 102061 50079 4.4015e+11   34    2 4.4080e+11 4.4014e+11  0.15%  12.7 1182s
 103139 50699 4.4019e+11   68    1 4.4080e+11 4.4014e+11  0.15%  12.8 1187s
 104215 51262 4.4041e+11  102    1 4.4080e+11 4.4014e+11  0.15%  12.8 1192s
 105285 51590 4.4062e+11  136    1 4.4080e+11 4.4014e+11  0.15%  12.8 1198s
 106312 52209 4.4015e+11   33    1 4.4080e+11 4.4014e+11  0.15%  12.7 1203s
 107384 52901 4.4017e+11   67    1 4.4080e+11 4.4014e+11  0.15%  12.7 1208s
 108445 53363 4.4020e+11  101    2 4.4080e+11 4.4014e+11  0.15%  12.7 1212s
 109508 53475 4.4048e+11  135    1 4.4080e+11 4.4014e+11  0.15%  12.7 1217s
 110581 53856 4.4050e+11  169    1 4.4080e+11 4.4014e+11  0.15%  12.6 1222s
 111669 54330 4.4053e+11  203    1 4.4080e+11 4.4014e+11  0.15%  12.6 1227s
 112748 54756 4.4059e+11  237    1 4.4080e+11 4.4014e+11  0.15%  12.6 1234s
 113823 55414 4.4016e+11   52    1 4.4080e+11 4.4014e+11  0.15%  12.6 1241s
 114911 56136 4.4018e+11   86    1 4.4080e+11 4.4014e+11  0.15%  12.5 1248s
 115998 55947 4.4023e+11  120    1 4.4080e+11 4.4014e+11  0.15%  12.5 1265s
 116190 56595 4.4026e+11  126    1 4.4080e+11 4.4014e+11  0.15%  12.4 1270s
 117278 56242 4.4049e+11  160    1 4.4080e+11 4.4014e+11  0.15%  12.4 1309s
 117310 56537 4.4049e+11  161    1 4.4080e+11 4.4014e+11  0.15%  12.4 1315s
 118398 56522 4.4052e+11  195    1 4.4080e+11 4.4014e+11  0.15%  12.3 1320s
 120571 57097 4.4020e+11   42    1 4.4080e+11 4.4014e+11  0.15%  12.4 1329s
 121659 57689 4.4041e+11   76    1 4.4080e+11 4.4014e+11  0.15%  12.4 1334s
 122747 57962 4.4066e+11  110    1 4.4080e+11 4.4014e+11  0.15%  12.4 1339s
 123835 57617 4.4023e+11   54    1 4.4080e+11 4.4014e+11  0.15%  12.3 1397s
 123867 58495 4.4023e+11   55    1 4.4080e+11 4.4014e+11  0.15%  12.3 1402s
 124955 59077 4.4046e+11   89    1 4.4080e+11 4.4014e+11  0.15%  12.2 1407s
 126043 59499 4.4062e+11  123    1 4.4080e+11 4.4014e+11  0.15%  12.2 1412s
 127131 59639 4.4015e+11   37    1 4.4080e+11 4.4014e+11  0.15%  12.1 1417s
 128204 59851 4.4017e+11   71    1 4.4080e+11 4.4014e+11  0.15%  12.1 1422s
 129267 60170 4.4020e+11  105    1 4.4080e+11 4.4014e+11  0.15%  12.1 1427s
 130341 60401 4.4048e+11  139    1 4.4080e+11 4.4014e+11  0.15%  12.1 1433s
 131427 60857 4.4049e+11  173    1 4.4080e+11 4.4014e+11  0.15%  12.1 1437s
 132515 61306 4.4053e+11  207    1 4.4080e+11 4.4014e+11  0.15%  12.1 1442s
 133603 61654 4.4059e+11  241    1 4.4080e+11 4.4014e+11  0.15%  12.0 1447s
 134691 61880 4.4016e+11   55    1 4.4080e+11 4.4014e+11  0.15%  12.0 1452s
 135710 62345 4.4018e+11   89    1 4.4080e+11 4.4014e+11  0.15%  12.2 1458s
 136706 62847 4.4024e+11  123    1 4.4080e+11 4.4014e+11  0.15%  12.3 1464s
 137772 63361 4.4046e+11  150    1 4.4080e+11 4.4014e+11  0.15%  12.3 1470s
 138818 63761 4.4050e+11  184    2 4.4080e+11 4.4014e+11  0.15%  12.4 1476s
 139828 63990 4.4052e+11  218    1 4.4080e+11 4.4014e+11  0.15%  12.5 1481s
 140844 64153 4.4059e+11  252    2 4.4080e+11 4.4014e+11  0.15%  12.6 1485s
 141919 64601 4.4016e+11   48    1 4.4080e+11 4.4015e+11  0.15%  12.6 1490s
 143007 65115 4.4043e+11   82    1 4.4080e+11 4.4015e+11  0.15%  12.5 1495s
 144095 65519 4.4071e+11  116    1 4.4080e+11 4.4015e+11  0.15%  12.5 1500s
 145168 66048 4.4017e+11   54    2 4.4080e+11 4.4015e+11  0.15%  12.5 1509s
 146245 66693 4.4018e+11   88    1 4.4080e+11 4.4015e+11  0.15%  12.5 1514s
 147329 67213 4.4021e+11  122    1 4.4080e+11 4.4015e+11  0.15%  12.5 1520s
 148338 67463 4.4049e+11  156    1 4.4080e+11 4.4015e+11  0.15%  12.6 1525s
 149291 67639 4.4053e+11  190    1 4.4080e+11 4.4015e+11  0.15%  12.8 1530s
 150289 67846 4.4057e+11  224    1 4.4080e+11 4.4015e+11  0.15%  12.9 1535s
 151354 68348 4.4016e+11   41    1 4.4080e+11 4.4015e+11  0.15%  13.0 1540s
 153493 69642 4.4021e+11  109    1 4.4080e+11 4.4015e+11  0.15%  13.0 1549s
 154549 69961 4.4049e+11  143    1 4.4080e+11 4.4015e+11  0.15%  13.1 1554s
 155452 70162 4.4050e+11  177    1 4.4080e+11 4.4015e+11  0.15%  13.3 1559s
 156353 70369 4.4056e+11  211    1 4.4080e+11 4.4015e+11  0.15%  13.6 1566s
 157326 70887 4.4060e+11  245    1 4.4080e+11 4.4015e+11  0.15%  13.8 1572s
 158391 71581 4.4016e+11   62    1 4.4080e+11 4.4015e+11  0.15%  13.8 1578s
 159475 72285 4.4020e+11   96    1 4.4080e+11 4.4015e+11  0.15%  13.7 1585s
 160559 73016 4.4025e+11  130    3 4.4080e+11 4.4015e+11  0.15%  13.8 1591s
 161550 73924 4.4029e+11  160    4 4.4080e+11 4.4015e+11  0.15%  14.0 1596s
 162511 74632 4.4047e+11  183    2 4.4080e+11 4.4015e+11  0.15%  14.2 1601s
 163458 75037 4.4015e+11   36    1 4.4080e+11 4.4015e+11  0.15%  14.4 1606s
 164505 75941 4.4017e+11   70    1 4.4080e+11 4.4015e+11  0.15%  14.5 1611s
 165579 76979 4.4020e+11  104    1 4.4080e+11 4.4015e+11  0.15%  14.5 1615s
 166663 77876 4.4026e+11  138    1 4.4080e+11 4.4015e+11  0.15%  14.4 1620s
 167744 78320 4.4029e+11  165    2 4.4080e+11 4.4015e+11  0.15%  14.4 1625s
 169803 79624 4.4019e+11   43    1 4.4080e+11 4.4015e+11  0.15%  14.5 1634s
 170882 80543 4.4023e+11   77    1 4.4080e+11 4.4015e+11  0.15%  14.5 1639s
 171970 81149 4.4059e+11  111    1 4.4080e+11 4.4015e+11  0.15%  14.5 1644s
 172867 81941 4.4063e+11  145    1 4.4080e+11 4.4015e+11  0.15%  14.4 1649s
 173941 82559 4.4029e+11   62    1 4.4080e+11 4.4015e+11  0.15%  14.4 1654s
 175010 83260 4.4052e+11   96    1 4.4080e+11 4.4015e+11  0.15%  14.4 1661s
 176030 83969 4.4069e+11  130    2 4.4080e+11 4.4015e+11  0.15%  14.5 1668s
 177092 84815 4.4017e+11   48    1 4.4080e+11 4.4015e+11  0.15%  14.5 1673s
 178166 85617 4.4018e+11   82    1 4.4080e+11 4.4015e+11  0.15%  14.5 1680s
 179213 86539 4.4024e+11  116    1 4.4080e+11 4.4015e+11  0.15%  14.6 1685s
 180277 87274 4.4028e+11  150    1 4.4080e+11 4.4015e+11  0.15%  14.6 1690s
 181354 87931 4.4032e+11  175    2 4.4080e+11 4.4015e+11  0.15%  14.6 1697s
 182411 88657     cutoff  193      4.4080e+11 4.4015e+11  0.15%  14.6 1704s
 183468 89497 4.4078e+11  221    1 4.4080e+11 4.4015e+11  0.15%  14.6 1711s
 184520 90292 4.4018e+11   58    1 4.4080e+11 4.4015e+11  0.15%  14.6 1717s
 185594 91087 4.4020e+11   92    1 4.4080e+11 4.4015e+11  0.15%  14.5 1723s
 186674 91655 4.4025e+11  126    1 4.4080e+11 4.4015e+11  0.15%  14.5 1729s
 187707 92183 4.4051e+11  160    1 4.4080e+11 4.4015e+11  0.15%  14.5 1735s
 188723 92692 4.4054e+11  194    1 4.4080e+11 4.4015e+11  0.15%  14.6 1752s
 189460 93578 4.4057e+11  217    2 4.4080e+11 4.4015e+11  0.15%  14.6 1758s
 190516 94557 4.4017e+11   42    1 4.4080e+11 4.4015e+11  0.15%  14.7 1764s
 191595 95231 4.4018e+11   76    1 4.4080e+11 4.4015e+11  0.15%  14.7 1770s
 192634 95923 4.4021e+11  110    1 4.4080e+11 4.4015e+11  0.15%  14.7 1775s
 193663 96742 4.4028e+11  144    1 4.4080e+11 4.4015e+11  0.15%  14.8 1781s
 194688 97501 4.4032e+11  173    2 4.4080e+11 4.4015e+11  0.15%  14.9 1786s
 195675 98253 4.4072e+11  191    1 4.4080e+11 4.4015e+11  0.15%  15.1 1792s
 196752 99251 4.4078e+11  224    1 4.4080e+11 4.4015e+11  0.15%  15.0 1797s
 197837 100191 4.4017e+11   53    1 4.4080e+11 4.4015e+11  0.15%  15.0 1802s
 198842 100832 4.4021e+11   87    2 4.4080e+11 4.4015e+11  0.15%  15.1 1808s
 199848 101440 4.4024e+11  121    1 4.4080e+11 4.4015e+11  0.15%  15.2 1813s
 200902 102153 4.4030e+11  155    3 4.4080e+11 4.4015e+11  0.15%  15.3 1819s
 201931 102970 4.4043e+11  174    1 4.4080e+11 4.4015e+11  0.15%  15.3 1824s
 203010 103828 4.4046e+11  208    1 4.4080e+11 4.4015e+11  0.15%  15.3 1830s
 204089 104514 4.4049e+11  242    1 4.4080e+11 4.4015e+11  0.15%  15.3 1838s
 205128 105369 4.4017e+11   38    2 4.4080e+11 4.4015e+11  0.15%  15.4 1843s
 206202 106278 4.4018e+11   72    1 4.4080e+11 4.4015e+11  0.15%  15.3 1848s
 207279 107206 4.4021e+11  106    1 4.4080e+11 4.4015e+11  0.15%  15.3 1854s
 208364 107991 4.4027e+11  140    2 4.4080e+11 4.4015e+11  0.15%  15.3 1858s
 209376 108798 4.4031e+11  165    4 4.4080e+11 4.4015e+11  0.15%  15.4 1864s
 210414 109456 4.4044e+11  186    1 4.4080e+11 4.4015e+11  0.15%  15.4 1871s
 211461 110112 4.4046e+11  220    2 4.4080e+11 4.4015e+11  0.15%  15.4 1877s
 212507 111047 4.4049e+11  254    1 4.4080e+11 4.4015e+11  0.15%  15.4 1884s
 213550 111966 4.4045e+11   48    2 4.4080e+11 4.4015e+11  0.15%  15.4 1890s
 214547 112920 4.4068e+11   59    1 4.4080e+11 4.4015e+11  0.15%  15.4 1896s
 215578 113772 4.4078e+11   74    1 4.4080e+11 4.4015e+11  0.15%  15.4 1902s
 216547 114720 4.4026e+11   57    1 4.4080e+11 4.4015e+11  0.15%  15.6 1907s
 217606 115466 4.4043e+11   91    1 4.4080e+11 4.4015e+11  0.15%  15.6 1913s
 218638 115942 4.4070e+11  125    2 4.4080e+11 4.4015e+11  0.15%  15.7 1918s
 219649 116819 4.4016e+11   47    1 4.4080e+11 4.4015e+11  0.15%  15.8 1923s
 220672 117704 4.4017e+11   81    1 4.4080e+11 4.4015e+11  0.15%  15.8 1928s
 221753 118721 4.4023e+11  115    1 4.4080e+11 4.4015e+11  0.15%  15.8 1933s
 222840 119562 4.4028e+11  149    1 4.4080e+11 4.4015e+11  0.15%  15.7 1938s
 223825 120300 4.4031e+11  172    1 4.4080e+11 4.4015e+11  0.15%  15.9 1943s
 224796 120996 4.4044e+11  201    1 4.4080e+11 4.4015e+11  0.15%  16.0 1948s
 225852 121581 4.4047e+11  235    2 4.4080e+11 4.4015e+11  0.15%  16.0 1953s
 226937 122528 4.4016e+11   37    1 4.4080e+11 4.4015e+11  0.15%  16.0 1958s
 228025 123600 4.4019e+11   71    1 4.4080e+11 4.4015e+11  0.15%  16.0 1962s
 229105 124426 4.4022e+11  105    1 4.4080e+11 4.4015e+11  0.15%  16.0 1967s
 230107 124833 4.4050e+11  139    1 4.4080e+11 4.4015e+11  0.15%  16.1 1973s
 231066 125361 4.4051e+11  173    1 4.4080e+11 4.4015e+11  0.15%  16.2 1978s
 232089 126175 4.4054e+11  207    1 4.4080e+11 4.4015e+11  0.15%  16.2 1983s
 233174 127245 infeasible  234      4.4080e+11 4.4015e+11  0.15%  16.2 1993s
 234259 128138 4.4019e+11   50    1 4.4080e+11 4.4015e+11  0.15%  16.1 1999s
 235339 128948 4.4018e+11   65    1 4.4080e+11 4.4015e+11  0.15%  16.1 2005s
 236405 129714 4.4021e+11   79    1 4.4080e+11 4.4015e+11  0.15%  16.0 2010s
 237429 130311 4.4021e+11   94    1 4.4080e+11 4.4015e+11  0.15%  16.1 2016s
 238457 131051 4.4021e+11  112    1 4.4080e+11 4.4015e+11  0.15%  16.1 2022s
 239540 132061 4.4034e+11  137    1 4.4080e+11 4.4015e+11  0.15%  16.0 2027s
 240621 132993 4.4040e+11  158    1 4.4080e+11 4.4015e+11  0.15%  16.0 2032s
 241690 133591 4.4042e+11  167    1 4.4080e+11 4.4015e+11  0.15%  16.0 2038s
 242743 134525 4.4033e+11  176    1 4.4080e+11 4.4015e+11  0.15%  16.0 2044s
 243807 135371 4.4072e+11  191    1 4.4080e+11 4.4015e+11  0.15%  15.9 2051s
 244827 136098     cutoff  218      4.4080e+11 4.4015e+11  0.15%  15.9 2057s
 245887 136916 4.4018e+11   56    1 4.4080e+11 4.4015e+11  0.15%  15.9 2063s
 246928 136945 4.4022e+11   90    2 4.4080e+11 4.4015e+11  0.15%  15.9 2109s
 246960 137773 4.4022e+11   91    1 4.4080e+11 4.4015e+11  0.15%  15.9 2117s
 247885 138562 4.4024e+11  125    1 4.4080e+11 4.4015e+11  0.15%  16.0 2123s
 248871 139221 4.4031e+11  158    2 4.4080e+11 4.4015e+11  0.15%  16.2 2129s
 249848 139907 4.4048e+11  181    1 4.4080e+11 4.4015e+11  0.15%  16.3 2137s
 250835 140543 4.4074e+11  203    1 4.4080e+11 4.4015e+11  0.15%  16.4 2145s
 251856 141300 4.4016e+11   36    1 4.4080e+11 4.4015e+11  0.15%  16.4 2151s
 252938 142208 4.4019e+11   70    1 4.4080e+11 4.4015e+11  0.15%  16.3 2157s
 254025 143104 4.4022e+11  104    1 4.4080e+11 4.4015e+11  0.15%  16.3 2163s
 255096 143682 4.4050e+11  138    1 4.4080e+11 4.4015e+11  0.15%  16.3 2169s
 255164 143682 4.4022e+11  104    1 4.4080e+11 4.4015e+11  0.15%  16.3 2170s
 256156 144214 4.4051e+11  172    1 4.4080e+11 4.4015e+11  0.15%  16.3 2175s
 257216 144721 4.4055e+11  206    1 4.4080e+11 4.4015e+11  0.15%  16.3 2183s
 258162 145458 infeasible  235      4.4080e+11 4.4015e+11  0.15%  16.4 2188s
 259161 146228 4.4018e+11   68    1 4.4080e+11 4.4015e+11  0.15%  16.5 2194s
 260224 147249 4.4022e+11  102    2 4.4080e+11 4.4015e+11  0.15%  16.5 2199s
 261312 148002 4.4027e+11  136    2 4.4080e+11 4.4015e+11  0.15%  16.4 2206s
 262317 148578 4.4031e+11  162    2 4.4080e+11 4.4015e+11  0.15%  16.5 2215s
 263309 149125 4.4048e+11  185    1 4.4080e+11 4.4015e+11  0.15%  16.5 2222s
 264347 149853 4.4075e+11  209    1 4.4080e+11 4.4015e+11  0.15%  16.6 2228s
 265402 150351 4.4017e+11   49    1 4.4080e+11 4.4015e+11  0.15%  16.6 2245s
 265978 151271 4.4018e+11   67    1 4.4080e+11 4.4015e+11  0.15%  16.6 2251s
 267066 152246 4.4022e+11  101    2 4.4080e+11 4.4015e+11  0.15%  16.5 2257s
 268154 153175 4.4027e+11  135    1 4.4080e+11 4.4015e+11  0.15%  16.5 2263s
 269212 153895 4.4031e+11  168    3 4.4080e+11 4.4015e+11  0.15%  16.6 2271s
 270149 154361     cutoff  190      4.4080e+11 4.4015e+11  0.15%  16.8 2279s
 271220 155118 4.4078e+11  220    1 4.4080e+11 4.4015e+11  0.15%  16.9 2287s
 272308 155997 4.4016e+11   61    1 4.4080e+11 4.4016e+11  0.15%  16.8 2294s
 273393 156784 4.4020e+11   95    2 4.4080e+11 4.4016e+11  0.15%  16.8 2301s
 274416 157465 4.4026e+11  129    1 4.4080e+11 4.4016e+11  0.15%  16.8 2307s
 275501 158064 4.4049e+11  163    1 4.4080e+11 4.4016e+11  0.15%  16.7 2313s
 276549 158565 4.4053e+11  197    1 4.4080e+11 4.4016e+11  0.15%  16.8 2318s
 277609 159440 4.4058e+11  231    1 4.4080e+11 4.4016e+11  0.15%  16.8 2324s
 278689 160430 4.4017e+11   46    1 4.4080e+11 4.4016e+11  0.15%  16.8 2329s
 279777 161357 4.4019e+11   80    1 4.4080e+11 4.4016e+11  0.15%  16.7 2334s
 280859 162315 4.4024e+11  114    1 4.4080e+11 4.4016e+11  0.15%  16.7 2339s
 281925 163094 4.4029e+11  148    1 4.4080e+11 4.4016e+11  0.15%  16.7 2344s
 282883 163533 4.4033e+11  173    2 4.4080e+11 4.4016e+11  0.15%  16.9 2350s
 283882 164100 4.4072e+11  189    1 4.4080e+11 4.4016e+11  0.15%  17.0 2356s
 284938 164949 4.4079e+11  222    1 4.4080e+11 4.4016e+11  0.15%  17.0 2362s
 285971 164969 4.4024e+11   62    1 4.4080e+11 4.4016e+11  0.15%  17.0 2417s
 286008 165665 4.4024e+11   63    2 4.4080e+11 4.4016e+11  0.15%  17.0 2424s
 287083 166361 4.4042e+11   97    1 4.4080e+11 4.4016e+11  0.15%  17.0 2431s
 288159 167155 4.4052e+11  131    1 4.4080e+11 4.4016e+11  0.15%  17.0 2437s
 289234 167872 4.4073e+11  164    1 4.4080e+11 4.4016e+11  0.15%  17.0 2442s
 290322 168788 4.4018e+11   63    1 4.4080e+11 4.4016e+11  0.15%  16.9 2448s
 291410 169798 4.4022e+11   97    1 4.4080e+11 4.4016e+11  0.15%  16.9 2457s
 292494 170704 4.4027e+11  131    1 4.4080e+11 4.4016e+11  0.15%  16.9 2463s
 293509 171437 4.4031e+11  159    2 4.4080e+11 4.4016e+11  0.15%  16.9 2469s
 294377 172010 4.4048e+11  179    1 4.4080e+11 4.4016e+11  0.15%  17.1 2476s
 295217 172493 4.4074e+11  201    1 4.4080e+11 4.4016e+11  0.15%  17.3 2483s
 296235 172508 4.4016e+11   51    1 4.4080e+11 4.4016e+11  0.15%  17.4 2521s
 296268 173339 4.4022e+11   52    1 4.4080e+11 4.4016e+11  0.15%  17.4 2528s
 297356 174335 4.4033e+11   86    1 4.4080e+11 4.4016e+11  0.15%  17.4 2533s
 298444 175230 4.4061e+11  120    1 4.4080e+11 4.4016e+11  0.15%  17.3 2539s
 299532 176063 4.4025e+11   39    1 4.4080e+11 4.4016e+11  0.15%  17.3 2546s
 300620 176842 4.4039e+11   49    1 4.4080e+11 4.4016e+11  0.15%  17.2 2552s
 301699 177676 4.4077e+11   63    1 4.4080e+11 4.4016e+11  0.15%  17.2 2558s
 302783 178569 4.4017e+11   49    2 4.4080e+11 4.4016e+11  0.15%  17.2 2563s
 303871 179479 4.4019e+11   83    1 4.4080e+11 4.4016e+11  0.15%  17.1 2568s
 304953 180340 4.4024e+11  117    1 4.4080e+11 4.4016e+11  0.15%  17.1 2573s
 306010 181122 4.4029e+11  151    2 4.4080e+11 4.4016e+11  0.15%  17.1 2578s
 306998 181987 4.4033e+11  176    1 4.4080e+11 4.4016e+11  0.15%  17.2 2583s
 308043 182860 4.4045e+11  203    1 4.4080e+11 4.4016e+11  0.15%  17.3 2588s
 309128 183631 4.4048e+11  237    2 4.4080e+11 4.4016e+11  0.15%  17.3 2594s
 310216 184389 4.4016e+11   49    1 4.4080e+11 4.4016e+11  0.15%  17.2 2599s
 311293 185414 4.4017e+11   83    2 4.4080e+11 4.4016e+11  0.15%  17.2 2603s
 312381 186461 4.4021e+11  117    1 4.4080e+11 4.4016e+11  0.15%  17.2 2608s
 313464 187478 4.4046e+11  145    1 4.4080e+11 4.4016e+11  0.15%  17.2 2612s
 314513 188314 4.4047e+11  179    1 4.4080e+11 4.4016e+11  0.15%  17.2 2617s
 315491 189259 4.4052e+11  213    1 4.4080e+11 4.4016e+11  0.15%  17.3 2622s
 316558 190001 4.4058e+11  247    3 4.4080e+11 4.4016e+11  0.15%  17.3 2628s
 317640 190681 4.4019e+11   45    1 4.4080e+11 4.4016e+11  0.15%  17.3 2633s
 318717 191496 4.4024e+11   79    1 4.4080e+11 4.4016e+11  0.15%  17.3 2639s
 319714 192226 4.4053e+11  113    1 4.4080e+11 4.4016e+11  0.15%  17.3 2645s
 320781 192829 4.4064e+11  146    1 4.4080e+11 4.4016e+11  0.15%  17.3 2653s
 321838 193676 4.4018e+11   45    1 4.4080e+11 4.4016e+11  0.15%  17.2 2659s
 322911 194678 4.4019e+11   79    1 4.4080e+11 4.4016e+11  0.15%  17.2 2663s
 323991 195620 4.4024e+11  113    1 4.4080e+11 4.4016e+11  0.15%  17.2 2668s
 325024 196162 4.4029e+11  147    1 4.4080e+11 4.4016e+11  0.15%  17.2 2675s
 325939 196557 4.4032e+11  169    2 4.4080e+11 4.4016e+11  0.15%  17.3 2680s
 326893 196980     cutoff  189      4.4080e+11 4.4016e+11  0.15%  17.4 2686s
 327915 197708 4.4078e+11  216    1 4.4080e+11 4.4016e+11  0.15%  17.4 2691s
 328973 198703 4.4025e+11   57    1 4.4080e+11 4.4016e+11  0.15%  17.4 2697s
 330058 199669 4.4042e+11   91    1 4.4080e+11 4.4016e+11  0.15%  17.4 2702s
 331145 200321 4.4057e+11  125    1 4.4080e+11 4.4016e+11  0.15%  17.4 2709s
 332201 201067 4.4071e+11  159    1 4.4080e+11 4.4016e+11  0.15%  17.3 2715s
 333268 201894 4.4018e+11   57    1 4.4080e+11 4.4016e+11  0.15%  17.3 2721s
 334346 202683 4.4022e+11   91    1 4.4080e+11 4.4016e+11  0.15%  17.3 2726s
 335278 203509 4.4024e+11  122    1 4.4080e+11 4.4016e+11  0.15%  17.3 2730s
 336338 204113 4.4031e+11  156    2 4.4080e+11 4.4016e+11  0.15%  17.3 2735s
 337291 204628 4.4048e+11  179    2 4.4080e+11 4.4016e+11  0.15%  17.4 2741s
 338291 205400 4.4074e+11  200    1 4.4080e+11 4.4016e+11  0.15%  17.5 2747s
 339371 206254 4.4017e+11   35    1 4.4080e+11 4.4016e+11  0.15%  17.5 2754s
 340448 207133 4.4018e+11   52    1 4.4080e+11 4.4016e+11  0.15%  17.4 2762s
 341522 208099 4.4018e+11   69    1 4.4080e+11 4.4016e+11  0.15%  17.4 2770s
 342604 209080 4.4019e+11   86    1 4.4080e+11 4.4016e+11  0.15%  17.4 2777s
 343692 209895 4.4022e+11  111    1 4.4080e+11 4.4016e+11  0.15%  17.3 2783s
 344780 210532 4.4049e+11  141    1 4.4080e+11 4.4016e+11  0.15%  17.3 2789s
 345862 211139 4.4051e+11  170    1 4.4080e+11 4.4016e+11  0.15%  17.3 2794s
 346937 211797 4.4054e+11  200    1 4.4080e+11 4.4016e+11  0.15%  17.2 2803s
 347962 212680 4.4059e+11  231    1 4.4080e+11 4.4016e+11  0.15%  17.2 2809s
 348741 212680 4.4078e+11  229    1 4.4080e+11 4.4016e+11  0.15%  17.2 2810s
 349042 213592 4.4022e+11   42    1 4.4080e+11 4.4016e+11  0.15%  17.2 2817s
 350118 214153 4.4024e+11   59    1 4.4080e+11 4.4016e+11  0.15%  17.2 2826s
 351168 214931 4.4026e+11   76    1 4.4080e+11 4.4016e+11  0.15%  17.2 2833s
 352252 215911 4.4030e+11   93    1 4.4080e+11 4.4016e+11  0.15%  17.1 2840s
 353335 216690 4.4023e+11  122    1 4.4080e+11 4.4016e+11  0.15%  17.1 2845s
 354413 217458 4.4051e+11  152    1 4.4080e+11 4.4016e+11  0.15%  17.1 2853s
 355470 218291 4.4053e+11  182    1 4.4080e+11 4.4016e+11  0.15%  17.1 2858s
 356515 219063 4.4057e+11  213    1 4.4080e+11 4.4016e+11  0.15%  17.1 2864s
 357567 219994 4.4016e+11   48    1 4.4080e+11 4.4016e+11  0.15%  17.1 2870s
 358616 220949 4.4017e+11   82    1 4.4080e+11 4.4016e+11  0.15%  17.1 2877s
 359681 221810 4.4021e+11  116    1 4.4080e+11 4.4016e+11  0.15%  17.1 2882s
 360765 222432 4.4049e+11  150    1 4.4080e+11 4.4016e+11  0.15%  17.0 2887s
 361839 223000 4.4053e+11  184    2 4.4080e+11 4.4016e+11  0.15%  17.0 2892s
 362900 223650 4.4055e+11  218    1 4.4080e+11 4.4016e+11  0.15%  17.0 2900s
 363939 224539 4.4016e+11   37    1 4.4080e+11 4.4016e+11  0.15%  17.0 2908s
 364972 225381 4.4020e+11   71    1 4.4080e+11 4.4016e+11  0.15%  17.0 2914s
 366053 226159 4.4023e+11  105    2 4.4080e+11 4.4016e+11  0.15%  17.0 2921s
 367133 226718 4.4051e+11  139    1 4.4080e+11 4.4016e+11  0.15%  17.0 2928s
 368168 227330 4.4052e+11  173    1 4.4080e+11 4.4016e+11  0.15%  17.0 2933s
 369207 228052 4.4055e+11  207    1 4.4080e+11 4.4016e+11  0.15%  17.0 2938s
 370281 228913 4.4017e+11   36    1 4.4080e+11 4.4016e+11  0.15%  17.0 2943s
 371367 229669 4.4019e+11   70    1 4.4080e+11 4.4016e+11  0.15%  17.0 2948s
 372447 230624 4.4022e+11  104    1 4.4080e+11 4.4016e+11  0.15%  17.0 2954s
 373516 231407 4.4027e+11  138    2 4.4080e+11 4.4016e+11  0.15%  17.0 2959s
 374533 232013 4.4031e+11  165    4 4.4080e+11 4.4016e+11  0.15%  17.0 2965s
 375532 232635 4.4049e+11  187    1 4.4080e+11 4.4016e+11  0.15%  17.0 2970s
 376572 233529 4.4075e+11  209    1 4.4080e+11 4.4016e+11  0.15%  17.0 2976s
 377655 234444 4.4018e+11   47    1 4.4080e+11 4.4016e+11  0.15%  17.0 2982s
 378737 235360 4.4019e+11   81    1 4.4080e+11 4.4016e+11  0.15%  17.0 2988s
 379822 236153 4.4022e+11  115    1 4.4080e+11 4.4016e+11  0.15%  16.9 2996s
 380906 236740 4.4050e+11  149    1 4.4080e+11 4.4016e+11  0.15%  16.9 3003s
 381923 237299 4.4052e+11  183    1 4.4080e+11 4.4016e+11  0.15%  16.9 3009s
 382978 238140 4.4057e+11  217    2 4.4080e+11 4.4016e+11  0.15%  16.9 3017s
 384051 239047 4.4020e+11   36    1 4.4080e+11 4.4016e+11  0.15%  16.9 3025s
 385087 239747 4.4022e+11   53    1 4.4080e+11 4.4016e+11  0.15%  16.8 3033s
 386103 240491 4.4024e+11   70    1 4.4080e+11 4.4016e+11  0.15%  16.8 3041s
 387170 241469 4.4027e+11   87    1 4.4080e+11 4.4016e+11  0.15%  16.8 3048s
 388243 242459 4.4022e+11  114    1 4.4080e+11 4.4016e+11  0.15%  16.8 3055s
 389327 243454 4.4050e+11  144    1 4.4080e+11 4.4016e+11  0.15%  16.7 3063s
 390392 244267 4.4051e+11  173    1 4.4080e+11 4.4016e+11  0.15%  16.7 3069s
 391415 244901 4.4054e+11  203    1 4.4080e+11 4.4016e+11  0.15%  16.8 3075s
 392416 244917 4.4059e+11  233    2 4.4080e+11 4.4016e+11  0.15%  16.8 3124s
 392448 245545 4.4059e+11  234    1 4.4080e+11 4.4016e+11  0.15%  16.8 3133s
 393447 246306 4.4019e+11   58    1 4.4080e+11 4.4016e+11  0.15%  16.8 3141s
 394505 247245 4.4051e+11   92    1 4.4080e+11 4.4016e+11  0.15%  16.8 3149s
 395559 247976 4.4065e+11  126    1 4.4080e+11 4.4016e+11  0.15%  16.8 3159s
 396597 248839 4.4069e+11  156    1 4.4080e+11 4.4016e+11  0.15%  16.8 3166s
 397674 249663 4.4028e+11   63    2 4.4080e+11 4.4016e+11  0.15%  16.8 3174s
 398757 250309 4.4056e+11   97    2 4.4080e+11 4.4016e+11  0.15%  16.8 3181s
 399819 251138 4.4067e+11  131    1 4.4080e+11 4.4016e+11  0.15%  16.8 3188s
 400877 251972 4.4078e+11  163    1 4.4080e+11 4.4016e+11  0.15%  16.7 3196s
 401942 252922 4.4018e+11   63    1 4.4080e+11 4.4016e+11  0.15%  16.7 3203s
 402999 253762 4.4022e+11   97    1 4.4080e+11 4.4016e+11  0.15%  16.8 3208s
 403994 254333 4.4028e+11  131    1 4.4080e+11 4.4016e+11  0.15%  16.8 3216s
 404933 254811 4.4051e+11  165    1 4.4080e+11 4.4016e+11  0.15%  16.9 3223s
 405991 255541 4.4055e+11  199    1 4.4080e+11 4.4016e+11  0.15%  16.9 3230s
 407063 256414 4.4060e+11  233    2 4.4080e+11 4.4016e+11  0.15%  16.9 3236s
 408148 257435 4.4017e+11   46    1 4.4080e+11 4.4016e+11  0.15%  16.9 3244s
 409232 258371 4.4018e+11   63    1 4.4080e+11 4.4016e+11  0.15%  16.8 3255s
 410265 259331 4.4019e+11   79    1 4.4080e+11 4.4016e+11  0.15%  16.8 3262s
 411315 260303 4.4021e+11   98    2 4.4080e+11 4.4016e+11  0.15%  16.9 3270s
 412386 261036 4.4027e+11  127    1 4.4080e+11 4.4016e+11  0.15%  16.8 3276s
 413385 261798 4.4050e+11  155    1 4.4080e+11 4.4016e+11  0.15%  16.9 3282s
 414443 262680 4.4070e+11  185    1 4.4080e+11 4.4016e+11  0.15%  16.9 3288s
 415518 263439 4.4057e+11  216    2 4.4080e+11 4.4016e+11  0.15%  16.9 3294s
 416591 264118 4.4017e+11   36    1 4.4080e+11 4.4016e+11  0.15%  16.8 3302s
 417654 265133 4.4018e+11   70    1 4.4080e+11 4.4016e+11  0.15%  16.8 3307s
 418737 266103 4.4022e+11  104    1 4.4080e+11 4.4016e+11  0.15%  16.8 3317s
 419804 266610 4.4050e+11  138    1 4.4080e+11 4.4016e+11  0.15%  16.8 3324s
 420873 266960 4.4051e+11  172    1 4.4080e+11 4.4016e+11  0.15%  16.8 3331s
 421924 267405 4.4054e+11  206    1 4.4080e+11 4.4016e+11  0.15%  16.8 3338s
 422989 268064 infeasible  235      4.4080e+11 4.4016e+11  0.15%  16.8 3344s
 423737 268064 4.4074e+11  198    1 4.4080e+11 4.4016e+11  0.15%  16.8 3345s
 424073 269058 4.4019e+11   67    1 4.4080e+11 4.4016e+11  0.15%  16.8 3351s
 425158 270054 4.4022e+11  101    2 4.4080e+11 4.4016e+11  0.15%  16.7 3357s
 426233 270689 4.4050e+11  135    1 4.4080e+11 4.4016e+11  0.15%  16.7 3361s
 427290 271102 4.4052e+11  169    1 4.4080e+11 4.4016e+11  0.15%  16.7 3367s
 428328 271533 4.4055e+11  203    1 4.4080e+11 4.4016e+11  0.15%  16.7 3374s
 429379 272157 infeasible  235      4.4080e+11 4.4016e+11  0.15%  16.7 3380s
 430460 273104 4.4034e+11   65    1 4.4080e+11 4.4016e+11  0.15%  16.7 3388s
 431544 273791 4.4068e+11   99    1 4.4080e+11 4.4016e+11  0.15%  16.7 3396s
 432598 274512 4.4077e+11  132    1 4.4080e+11 4.4016e+11  0.15%  16.7 3404s
 433664 275414 4.4026e+11   65    1 4.4080e+11 4.4016e+11  0.15%  16.7 3412s
 434738 276290 4.4036e+11   99    1 4.4080e+11 4.4016e+11  0.15%  16.6 3420s
 435820 276837 4.4069e+11  133    2 4.4080e+11 4.4016e+11  0.15%  16.6 3428s
 436904 277730 4.4022e+11   44    1 4.4080e+11 4.4016e+11  0.15%  16.6 3434s
 437992 278622 4.4030e+11   78    1 4.4080e+11 4.4016e+11  0.15%  16.6 3440s
 439080 279365 4.4067e+11  112    1 4.4080e+11 4.4016e+11  0.15%  16.5 3449s
 440153 280085 4.4017e+11   35    1 4.4080e+11 4.4016e+11  0.15%  16.5 3456s
 441211 280811 4.4048e+11   69    1 4.4080e+11 4.4016e+11  0.15%  16.5 3462s
 442290 281609 4.4069e+11  103    1 4.4080e+11 4.4016e+11  0.15%  16.5 3468s
 443376 282447 4.4022e+11   46    1 4.4080e+11 4.4016e+11  0.15%  16.4 3475s
 444445 283341 4.4038e+11   80    1 4.4080e+11 4.4016e+11  0.15%  16.4 3482s
 445526 284192 4.4070e+11  114    1 4.4080e+11 4.4016e+11  0.15%  16.4 3488s
 446614 284222 4.4023e+11   48    1 4.4080e+11 4.4016e+11  0.15%  16.4 3549s
 446646 285098 4.4023e+11   49    1 4.4080e+11 4.4016e+11  0.15%  16.4 3559s
 447724 285939 4.4032e+11   83    1 4.4080e+11 4.4016e+11  0.15%  16.3 3566s
 448811 286696 4.4072e+11  117    1 4.4080e+11 4.4016e+11  0.15%  16.3 3574s
 449898 287780 4.4023e+11   52    1 4.4080e+11 4.4016e+11  0.15%  16.3 3581s
 450986 288625 4.4041e+11   86    1 4.4080e+11 4.4016e+11  0.15%  16.3 3586s
 452074 289340 4.4048e+11  120    1 4.4080e+11 4.4016e+11  0.15%  16.2 3592s
 453162 289938 4.4052e+11  152    1 4.4080e+11 4.4016e+11  0.15%  16.2 3599s
 454248 290002 4.4028e+11   56    1 4.4080e+11 4.4016e+11  0.15%  16.2 3600s

Cutting planes:
  Implied bound: 2
  Flow cover: 1

Explored 454356 nodes (7421148 simplex iterations) in 3600.40 seconds (2166.33 work units)
Thread count was 32 (of 36 available processors)

Solution count 1: 4.40801e+11 

Time limit reached
Best objective 4.408009967341e+11, best bound 4.401594708740e+11, gap 0.1455%

User-callback calls 1282183, time in user-callback 0.36 sec
Set parameter TokenServer to value "license-1.hpc.nrel.gov"
Set parameter TimeLimit to value 3600
Set parameter MIPGap to value 0.001
Set parameter MIPGap to value 0.001
Set parameter TimeLimit to value 3600
Gurobi Optimizer version 9.5.1 build v9.5.1rc2 (linux64)
Thread count: 36 physical cores, 36 logical processors, using up to 32 threads
Optimize a model with 84446 rows, 992940 columns and 2037872 nonzeros
Model fingerprint: 0xbd671671
Coefficient statistics:
  Matrix range     [1e+00, 1e+05]
  Objective range  [2e-01, 4e+08]
  Bounds range     [1e+00, 1e+08]
  RHS range        [8e-01, 2e+06]

Concurrent LP optimizer: primal simplex, dual simplex, and barrier
Showing barrier log only...

Presolve removed 76648 rows and 410612 columns
Presolve time: 1.26s
Presolved: 7798 rows, 582328 columns, 1160340 nonzeros

Ordering time: 0.02s

Barrier statistics:
 AA' NZ     : 5.780e+05
 Factor NZ  : 1.063e+06 (roughly 240 MB of memory)
 Factor Ops : 1.876e+08 (less than 1 second per iteration)
 Threads    : 30

                  Objective                Residual
Iter       Primal          Dual         Primal    Dual     Compl     Time
   0   3.04463517e+12 -1.51127819e+11  4.74e+06 2.54e+02  4.06e+07     2s
   1   5.45639226e+11  2.47202889e+11  1.44e+05 9.09e-13  1.55e+06     2s
   2   4.65678320e+11  3.69608583e+11  5.65e+03 2.45e-01  2.01e+05     2s
   3   4.61861902e+11  4.00914988e+11  2.68e+03 1.11e+00  1.20e+05     2s
   4   4.57088284e+11  4.15228716e+11  1.14e+03 7.82e-01  7.76e+04     2s
   5   4.54344109e+11  4.26875990e+11  8.18e+02 3.64e-01  5.07e+04     2s
   6   4.50279091e+11  4.32595946e+11  4.10e+02 3.24e-01  3.18e+04     2s
   7   4.48235453e+11  4.34800847e+11  2.69e+02 2.33e-01  2.39e+04     2s

Barrier performed 7 iterations in 2.26 seconds (1.24 work units)
Barrier solve interrupted - model solved by another algorithm


Solved with primal simplex
Solved in 56367 iterations and 2.27 seconds (1.29 work units)
Optimal objective  4.408009967e+11

User-callback calls 122, time in user-callback 0.00 sec
[ Info:  started timer at: 2023-03-26T20:23:31.374
[ Info: Reading /projects/pvsoiling/RELOG/Manufacturing_40209_05/input/solver/case.json...
[ Info:          134 collection centers
[ Info:          268 candidate plant locations
[ Info: Building graph...
[ Info:           26 time periods
[ Info:          268 process nodes
[ Info:          268 shipping nodes (plant)
[ Info:          134 shipping nodes (collection)
[ Info:        36180 arcs
[ Info: Building optimization model...
[ Info: Optimizing MILP...
[ Info: Re-optimizing with integer variables fixed...
[ Info: Extracting solution...
[ Info:        3652.70378752s: 1 hour, 52 seconds, 703 milliseconds
