Set parameter TokenServer to value "license-1.hpc.nrel.gov"
Set parameter TimeLimit to value 3600
Set parameter MIPGap to value 0.001
Set parameter MIPGap to value 0.001
Set parameter TimeLimit to value 3600
Gurobi Optimizer version 9.5.1 build v9.5.1rc2 (linux64)
Thread count: 36 physical cores, 36 logical processors, using up to 32 threads
Optimize a model with 96828 rows, 1144312 columns and 2348570 nonzeros
Model fingerprint: 0xf2dcecaf
Variable types: 1128244 continuous, 16068 integer (16068 binary)
Coefficient statistics:
  Matrix range     [1e+00, 1e+05]
  Objective range  [3e-01, 7e+08]
  Bounds range     [1e+05, 1e+08]
  RHS range        [8e-01, 2e+06]
Presolve removed 84694 rows and 64666 columns (presolve time = 5s) ...
Presolve removed 84694 rows and 64666 columns
Presolve time: 5.61s
Presolved: 12134 rows, 1079646 columns, 2166399 nonzeros
Variable types: 1075938 continuous, 3708 integer (3708 binary)

Deterministic concurrent LP optimizer: primal and dual simplex
Showing first log only...


Root simplex log...

Iteration    Objective       Primal Inf.    Dual Inf.      Time
       0    2.4856486e+11   8.465000e+05   2.376324e+10      9s
   85104    2.7117012e+11   2.627823e+05   5.290605e+10     10s
  210064    3.0181507e+11   1.461353e+05   8.002559e+10     15s
Concurrent spin time: 0.00s

Solved with dual simplex

Root relaxation: objective 4.282381e+11, 66080 iterations, 7.41 seconds (5.28 work units)

    Nodes    |    Current Node    |     Objective Bounds      |     Work
 Expl Unexpl |  Obj  Depth IntInf | Incumbent    BestBd   Gap | It/Node Time

     0     0 4.2824e+11    0    9          - 4.2824e+11      -     -   15s
H    0     0                    4.289040e+11 4.2824e+11  0.16%     -   16s
H    0     0                    4.288941e+11 4.2824e+11  0.15%     -   17s
     0     0 4.2824e+11    0    6 4.2889e+11 4.2824e+11  0.15%     -   20s
     0     0 4.2824e+11    0    6 4.2889e+11 4.2824e+11  0.15%     -   22s
     0     0 4.2824e+11    0    3 4.2889e+11 4.2824e+11  0.15%     -   24s
     0     0 4.2824e+11    0    6 4.2889e+11 4.2824e+11  0.15%     -   25s
     0     0 4.2824e+11    0    6 4.2889e+11 4.2824e+11  0.15%     -   27s
     0     0 4.2824e+11    0    6 4.2889e+11 4.2824e+11  0.15%     -   28s
     0     0 4.2824e+11    0    9 4.2889e+11 4.2824e+11  0.15%     -   29s
     0     0 4.2824e+11    0    9 4.2889e+11 4.2824e+11  0.15%     -   31s
     0     0 4.2824e+11    0    6 4.2889e+11 4.2824e+11  0.15%     -   32s
     0     0 4.2824e+11    0    6 4.2889e+11 4.2824e+11  0.15%     -   38s
     0     2 4.2824e+11    0    6 4.2889e+11 4.2824e+11  0.15%     -   46s
    15    32 4.2824e+11    4    3 4.2889e+11 4.2824e+11  0.15%   7.3   50s
    95   128 4.2824e+11    7    3 4.2889e+11 4.2824e+11  0.15%   8.7   55s
   159   192 4.2824e+11    9    3 4.2889e+11 4.2824e+11  0.15%   7.0  205s
   191   224 4.2824e+11   10    3 4.2889e+11 4.2824e+11  0.15%   6.6  210s
   364   731 4.2824e+11   14    3 4.2889e+11 4.2824e+11  0.15%   5.2  222s
   730  1643 4.2824e+11   25    3 4.2889e+11 4.2824e+11  0.15%   6.8  245s
  1642  2571 4.2825e+11   51    3 4.2889e+11 4.2824e+11  0.15%   7.8  262s
  2570  3423 4.2831e+11   77    6 4.2889e+11 4.2824e+11  0.15%   7.6  276s
  3479  4173 4.2833e+11  106    3 4.2889e+11 4.2824e+11  0.15%   7.4  289s
  4346  4898 4.2836e+11  135    6 4.2889e+11 4.2824e+11  0.15%   7.2  297s
  5193  5609 4.2839e+11  164    3 4.2889e+11 4.2824e+11  0.15%   7.2  303s
  6029  6334 4.2868e+11  192    3 4.2889e+11 4.2824e+11  0.15%   7.8  309s
  6857  7136 4.2824e+11    8    3 4.2889e+11 4.2824e+11  0.15%   7.9  316s
  7693  7948 4.2826e+11   18    3 4.2889e+11 4.2824e+11  0.15%   8.6  324s
  8529  8734 4.2830e+11   30    3 4.2889e+11 4.2824e+11  0.15%  10.0  333s
  9341  9490 4.2835e+11   42    3 4.2889e+11 4.2824e+11  0.15%  11.2  340s
 10269 10323 4.2843e+11   52    3 4.2889e+11 4.2824e+11  0.15%  11.2  349s
 11198 10324 4.2872e+11   94    6 4.2889e+11 4.2824e+11  0.15%  11.1  382s
 11200 10325 4.2825e+11   27    3 4.2889e+11 4.2824e+11  0.15%  11.1  392s
 11201 10326 4.2846e+11  112    3 4.2889e+11 4.2824e+11  0.15%  11.1  395s
 11203 10327 4.2824e+11    8    2 4.2889e+11 4.2824e+11  0.15%  11.1  400s
 11207 10330 4.2843e+11   94    2 4.2889e+11 4.2824e+11  0.15%  11.1  405s
 11222 10357 4.2824e+11   18    1 4.2889e+11 4.2824e+11  0.15%  12.6  410s
 11334 10448 4.2824e+11   21    1 4.2889e+11 4.2824e+11  0.15%  12.5  415s
 11561 10599 4.2824e+11   24    2 4.2889e+11 4.2824e+11  0.15%  12.4  470s
 11717 11239 4.2824e+11   27    1 4.2889e+11 4.2824e+11  0.15%  12.3  482s
 12285 12010 4.2824e+11   36    2 4.2889e+11 4.2824e+11  0.15%  12.1  495s
 13245 12639 4.2826e+11   51    1 4.2889e+11 4.2824e+11  0.15%  11.9  506s
 14194 12354 4.2826e+11   66    1 4.2889e+11 4.2824e+11  0.15%  11.6  536s
 14226 13187 4.2826e+11   67    2 4.2889e+11 4.2824e+11  0.15%  11.6  547s
 15140 13656 4.2829e+11   82    1 4.2889e+11 4.2824e+11  0.15%  11.3  556s
 16036 13971 4.2831e+11  103    2 4.2889e+11 4.2824e+11  0.15%  11.3  563s
 16912 14293 4.2834e+11  126    1 4.2889e+11 4.2824e+11  0.15%  11.4  570s
 17792 14787 4.2836e+11  148    1 4.2889e+11 4.2824e+11  0.15%  11.5  576s
 18699 15241 4.2839e+11  178    1 4.2889e+11 4.2824e+11  0.15%  11.7  585s
 19659 15137 4.2868e+11  202    2 4.2889e+11 4.2824e+11  0.15%  11.6  602s
 20011 15698 4.2869e+11  211    1 4.2889e+11 4.2824e+11  0.15%  11.6  608s
 20971 16215 4.2824e+11   23    2 4.2889e+11 4.2824e+11  0.15%  11.4  615s
 21931 16654 4.2827e+11   53    1 4.2889e+11 4.2824e+11  0.15%  11.2  621s
 22891 17010 4.2829e+11   83    1 4.2889e+11 4.2824e+11  0.15%  11.0  627s
 23851 16710 4.2832e+11  113    2 4.2889e+11 4.2824e+11  0.15%  10.9  673s
H23854 16192                    4.288940e+11 4.2824e+11  0.15%  10.9  673s
 23887 16840 4.2832e+11  115    1 4.2889e+11 4.2824e+11  0.15%  10.9  678s
 24839 17166 4.2835e+11  145    1 4.2889e+11 4.2824e+11  0.15%  10.9  684s
 25790 16872 4.2860e+11  175    1 4.2889e+11 4.2824e+11  0.15%  10.9  711s
 25822 17505 4.2860e+11  176    1 4.2889e+11 4.2824e+11  0.15%  10.9  716s
 26782 17954 4.2865e+11  206    1 4.2889e+11 4.2824e+11  0.15%  10.9  722s
 27736 18397 4.2868e+11  236    2 4.2889e+11 4.2824e+11  0.15%  11.0  728s
 28677 18876 4.2824e+11   22    2 4.2889e+11 4.2824e+11  0.15%  11.1  734s
 29637 19379 4.2828e+11   52    1 4.2889e+11 4.2824e+11  0.15%  11.0  743s
 30597 19540 4.2837e+11   82    1 4.2889e+11 4.2824e+11  0.15%  10.9  748s
 31347 20172 4.2839e+11   98    1 4.2889e+11 4.2824e+11  0.15%  10.8  754s
 32307 19877 4.2841e+11  125    1 4.2889e+11 4.2824e+11  0.15%  10.7  809s
 32339 20657 4.2842e+11  126    2 4.2889e+11 4.2824e+11  0.15%  10.7  814s
 33293 21144 4.2844e+11  156    1 4.2889e+11 4.2824e+11  0.15%  10.7  820s
 34230 21620 4.2871e+11  180    1 4.2889e+11 4.2824e+11  0.15%  10.7  826s
 35187 21963 4.2873e+11  206    1 4.2889e+11 4.2824e+11  0.15%  10.7  832s
 36137 22149 4.2825e+11   43    1 4.2889e+11 4.2824e+11  0.15%  10.6  839s
 37091 22391 4.2832e+11   73    2 4.2889e+11 4.2824e+11  0.15%  10.5  844s
 38051 22723 4.2841e+11  103    1 4.2889e+11 4.2824e+11  0.15%  10.4  849s
 39011 23220 4.2867e+11  132    2 4.2889e+11 4.2824e+11  0.15%  10.3  855s
 39971 23707 4.2868e+11  159    1 4.2889e+11 4.2824e+11  0.15%  10.2  861s
 40931 24360 4.2874e+11  189    1 4.2889e+11 4.2824e+11  0.15%  10.1  868s
 41887 25147 4.2825e+11   46    1 4.2889e+11 4.2824e+11  0.15%  10.1  874s
 42818 25790 4.2829e+11   76    3 4.2889e+11 4.2824e+11  0.15%  10.1  880s
 43722 26444 4.2831e+11  106    1 4.2889e+11 4.2824e+11  0.15%  10.3  885s
 44661 27137 4.2835e+11  136    1 4.2889e+11 4.2824e+11  0.15%  10.4  891s
 45620 27908 4.2859e+11  166    1 4.2889e+11 4.2824e+11  0.15%  10.4  896s
 46571 28728 4.2864e+11  196    1 4.2889e+11 4.2824e+11  0.15%  10.4  901s
 47490 29528 4.2867e+11  226    1 4.2889e+11 4.2824e+11  0.15%  10.5  906s
 48427 30265 4.2869e+11  256    1 4.2889e+11 4.2824e+11  0.15%  10.5  911s
 49357 30831 4.2825e+11   44    2 4.2889e+11 4.2824e+11  0.15%  10.6  916s
 50261 31307 4.2837e+11   74    1 4.2889e+11 4.2824e+11  0.15%  10.7  921s
 51199 31900 4.2854e+11  104    1 4.2889e+11 4.2824e+11  0.15%  10.8  926s
 52159 32549 4.2876e+11  134    1 4.2889e+11 4.2824e+11  0.15%  10.7  931s
 53119 32574 4.2824e+11   41    2 4.2889e+11 4.2824e+11  0.15%  10.6  958s
 53151 33365 4.2824e+11   42    2 4.2889e+11 4.2824e+11  0.15%  10.6  962s
 54111 34264 4.2828e+11   72    1 4.2889e+11 4.2824e+11  0.15%  10.6  967s
 55071 35083 4.2830e+11  102    2 4.2889e+11 4.2824e+11  0.15%  10.5  971s
 56031 35862 4.2835e+11  132    1 4.2889e+11 4.2824e+11  0.15%  10.4  977s
 56989 36413 4.2859e+11  162    2 4.2889e+11 4.2824e+11  0.15%  10.4  982s
 57945 36990 4.2863e+11  192    1 4.2889e+11 4.2824e+11  0.15%  10.3  986s
 58906 36991 4.2841e+11  104    6 4.2889e+11 4.2824e+11  0.15%  10.2 1184s
 58907 36992 4.2836e+11   90    6 4.2889e+11 4.2824e+11  0.15%  10.2 1185s
 58908 36992 4.2868e+11  239    3 4.2889e+11 4.2824e+11  0.15%  10.2 1195s
 58910 36994 4.2868e+11  242    2 4.2889e+11 4.2824e+11  0.15%  10.2 1201s
 58912 36995 4.2826e+11   36    2 4.2889e+11 4.2824e+11  0.15%  10.2 1210s
 58914 36996 4.2833e+11   50    2 4.2889e+11 4.2824e+11  0.15%  10.2 1220s
 58916 36998 4.2845e+11  118    2 4.2889e+11 4.2824e+11  0.15%  10.2 1230s
 58918 36999 4.2867e+11  223    2 4.2889e+11 4.2824e+11  0.15%  10.2 1240s
 58919 37000 4.2855e+11  150    2 4.2889e+11 4.2824e+11  0.15%  10.2 1249s
 58920 37000 4.2824e+11   39    2 4.2889e+11 4.2824e+11  0.15%  10.2 1257s
 58921 37001 4.2854e+11  143    2 4.2889e+11 4.2824e+11  0.15%  10.2 1263s
 58922 37005 4.2824e+11   29    1 4.2889e+11 4.2824e+11  0.15%  10.5 1266s
 58952 37055 4.2824e+11   33    1 4.2889e+11 4.2824e+11  0.15%  10.5 1271s
 59016 37097 4.2824e+11   34    2 4.2889e+11 4.2824e+11  0.15%  10.5 1336s
 59080 37140 4.2824e+11   35    2 4.2889e+11 4.2824e+11  0.15%  10.5 1519s
 59109 37130 4.2824e+11   37    2 4.2889e+11 4.2824e+11  0.15%  10.5 1520s
 59176 37370 4.2824e+11   37    1 4.2889e+11 4.2824e+11  0.15%  10.5 1525s
 59374 37908 4.2824e+11   40    1 4.2889e+11 4.2824e+11  0.15%  10.5 1535s
 59978 38094 4.2824e+11   49    2 4.2889e+11 4.2824e+11  0.15%  10.5 1584s
 60365 38925 4.2824e+11   50    1 4.2889e+11 4.2824e+11  0.15%  10.4 1597s
 61325 39565 4.2825e+11   65    1 4.2889e+11 4.2824e+11  0.15%  10.4 1608s
 62285 40088 4.2826e+11   80    1 4.2889e+11 4.2824e+11  0.15%  10.4 1620s
 63214 40453 4.2829e+11   95    1 4.2889e+11 4.2824e+11  0.15%  10.4 1627s
 64112 40749 4.2831e+11  116    1 4.2889e+11 4.2824e+11  0.15%  10.4 1639s
 65014 41141 4.2833e+11  138    1 4.2889e+11 4.2824e+11  0.15%  10.4 1645s
 65974 41684 4.2835e+11  160    1 4.2889e+11 4.2824e+11  0.15%  10.4 1652s
 66934 42149 4.2839e+11  190    1 4.2889e+11 4.2824e+11  0.15%  10.4 1659s
 67894 42626 4.2868e+11  215    1 4.2889e+11 4.2824e+11  0.15%  10.4 1667s
 68854 43121 infeasible  237      4.2889e+11 4.2824e+11  0.15%  10.4 1676s
 69814 43610 4.2824e+11   55    1 4.2889e+11 4.2824e+11  0.15%  10.3 1682s
 70774 43622 4.2828e+11   85    1 4.2889e+11 4.2824e+11  0.15%  10.2 1697s
 71158 44203 4.2829e+11   97    1 4.2889e+11 4.2824e+11  0.15%  10.2 1703s
 72118 44543 4.2832e+11  127    2 4.2889e+11 4.2824e+11  0.15%  10.2 1711s
 73078 45044 4.2835e+11  157    1 4.2889e+11 4.2824e+11  0.15%  10.2 1718s
 74038 45484 4.2860e+11  187    1 4.2889e+11 4.2824e+11  0.15%  10.2 1725s
 74998 45995 4.2864e+11  217    1 4.2889e+11 4.2824e+11  0.15%  10.2 1732s
 75958 46499 4.2868e+11  247    3 4.2889e+11 4.2824e+11  0.15%  10.1 1739s
 76918 47091 4.2870e+11  277    1 4.2889e+11 4.2824e+11  0.15%  10.1 1747s
 77878 47646 4.2825e+11   63    1 4.2889e+11 4.2824e+11  0.15%  10.1 1754s
 78838 48119 4.2828e+11   93    1 4.2889e+11 4.2824e+11  0.15%  10.1 1760s
 79798 48436 4.2831e+11  123    1 4.2889e+11 4.2824e+11  0.15%  10.0 1765s
 80758 48507 4.2836e+11  153    2 4.2889e+11 4.2824e+11  0.15%  10.0 1772s
 81718 48642 4.2859e+11  183    2 4.2889e+11 4.2824e+11  0.15%   9.9 1777s
 82678 49014 4.2865e+11  213    1 4.2889e+11 4.2824e+11  0.15%   9.9 1782s
 83638 49473 4.2867e+11  243    1 4.2889e+11 4.2824e+11  0.15%   9.9 1788s
 84598 50048 4.2869e+11  273    1 4.2889e+11 4.2824e+11  0.15%   9.8 1793s
 85558 50589 4.2827e+11   59    1 4.2889e+11 4.2824e+11  0.15%   9.8 1799s
 86518 50868 4.2840e+11   89    1 4.2889e+11 4.2824e+11  0.15%   9.8 1806s
 87452 51203 4.2851e+11  119    1 4.2889e+11 4.2824e+11  0.15%   9.8 1811s
 88396 51647 4.2854e+11  144    2 4.2889e+11 4.2824e+11  0.15%   9.8 1820s
 89356 52107 4.2871e+11  172    1 4.2889e+11 4.2824e+11  0.15%   9.7 1826s
 90316 52692 4.2825e+11   59    1 4.2889e+11 4.2824e+11  0.15%   9.7 1831s
 91274 53211 4.2838e+11   89    2 4.2889e+11 4.2824e+11  0.15%   9.7 1838s
 92207 53801 4.2856e+11  118    1 4.2889e+11 4.2824e+11  0.15%   9.7 1843s
 93166 54251 4.2859e+11  146    2 4.2889e+11 4.2824e+11  0.15%   9.7 1850s
 94120 54682 4.2861e+11  173    1 4.2889e+11 4.2824e+11  0.15%   9.7 1856s
 95080 55206 4.2824e+11   40    1 4.2889e+11 4.2824e+11  0.15%   9.6 1861s
 96040 55706 4.2825e+11   61    1 4.2889e+11 4.2824e+11  0.15%   9.6 1866s
 97000 56183 4.2827e+11   89    1 4.2889e+11 4.2824e+11  0.15%   9.5 1873s
 97944 56667 4.2832e+11  116    1 4.2889e+11 4.2824e+11  0.15%   9.5 1878s
 98904 57124 4.2834e+11  146    1 4.2889e+11 4.2824e+11  0.15%   9.5 1883s
 99833 57590 4.2836e+11  176    1 4.2889e+11 4.2824e+11  0.15%   9.5 1889s
 100761 57999 4.2864e+11  196    1 4.2889e+11 4.2824e+11  0.15%   9.5 1896s
 101689 58494 4.2866e+11  226    2 4.2889e+11 4.2824e+11  0.15%   9.5 1904s
 102639 59028 4.2868e+11  256    2 4.2889e+11 4.2824e+11  0.15%   9.5 1909s
 103599 59640 4.2824e+11   40    1 4.2889e+11 4.2824e+11  0.15%   9.5 1916s
 104557 60174 4.2828e+11   70    1 4.2889e+11 4.2824e+11  0.15%   9.5 1922s
 105509 60663 4.2830e+11  100    1 4.2889e+11 4.2824e+11  0.15%   9.5 1928s
 106469 61072 4.2832e+11  130    1 4.2889e+11 4.2824e+11  0.15%   9.4 1933s
 107429 61423 4.2835e+11  160    1 4.2889e+11 4.2824e+11  0.15%   9.4 1938s
 108389 61787 4.2860e+11  190    1 4.2889e+11 4.2824e+11  0.15%   9.4 1944s
 109349 62245 4.2865e+11  220    1 4.2889e+11 4.2824e+11  0.15%   9.4 1949s
 110307 62663 4.2868e+11  250    2 4.2889e+11 4.2824e+11  0.15%   9.4 1955s
 111264 63253 4.2824e+11   37    1 4.2889e+11 4.2824e+11  0.15%   9.4 1962s
 112216 63769 4.2826e+11   67    1 4.2889e+11 4.2824e+11  0.15%   9.4 1969s
 113136 64147 4.2850e+11   97    1 4.2889e+11 4.2824e+11  0.15%   9.4 1975s
 114091 64548 4.2879e+11  127    2 4.2889e+11 4.2824e+11  0.15%   9.3 1980s
 115051 64907 4.2824e+11   41    1 4.2889e+11 4.2824e+11  0.15%   9.3 1985s
 116011 65405 4.2830e+11   71    1 4.2889e+11 4.2824e+11  0.15%   9.3 1992s
 116970 65546 4.2845e+11  101    2 4.2889e+11 4.2824e+11  0.15%   9.3 2009s
 117514 66117 4.2856e+11  118    1 4.2889e+11 4.2824e+11  0.15%   9.3 2017s
 118474 66627 4.2859e+11  148    1 4.2889e+11 4.2824e+11  0.15%   9.2 2021s
 119432 67199 4.2871e+11  176    2 4.2889e+11 4.2824e+11  0.15%   9.2 2027s
 120392 67729 4.2824e+11   43    1 4.2889e+11 4.2824e+11  0.15%   9.2 2032s
 121352 68204 4.2828e+11   73    1 4.2889e+11 4.2824e+11  0.15%   9.2 2037s
 122312 68714 4.2830e+11  103    1 4.2889e+11 4.2824e+11  0.15%   9.1 2042s
 123272 68423 4.2832e+11  133    2 4.2889e+11 4.2824e+11  0.15%   9.1 2098s
 123304 69097 4.2832e+11  134    2 4.2889e+11 4.2824e+11  0.15%   9.1 2104s
 124260 69541 4.2837e+11  164    1 4.2889e+11 4.2824e+11  0.15%   9.1 2110s
 125220 70075 4.2860e+11  194    1 4.2889e+11 4.2824e+11  0.15%   9.1 2115s
 126180 70662 4.2865e+11  224    1 4.2889e+11 4.2824e+11  0.15%   9.1 2120s
 127140 71176 4.2868e+11  254    2 4.2889e+11 4.2824e+11  0.15%   9.1 2125s
 128099 71723 4.2824e+11   44    1 4.2889e+11 4.2824e+11  0.15%   9.1 2130s
 129012 72224 4.2828e+11   74    1 4.2889e+11 4.2824e+11  0.15%   9.1 2135s
 129910 72741 4.2830e+11  104    2 4.2889e+11 4.2824e+11  0.15%   9.2 2140s
 130847 73302 4.2832e+11  134    1 4.2889e+11 4.2824e+11  0.15%   9.2 2145s
 131803 73560 4.2858e+11  164    2 4.2889e+11 4.2824e+11  0.15%   9.2 2150s
 132736 73963 4.2860e+11  194    1 4.2889e+11 4.2824e+11  0.15%   9.3 2155s
 134635 74971 4.2868e+11  254    2 4.2889e+11 4.2824e+11  0.15%   9.3 2164s
 135593 75434 4.2824e+11   46    1 4.2889e+11 4.2824e+11  0.15%   9.3 2169s
 136553 75918 4.2828e+11   76    1 4.2889e+11 4.2824e+11  0.15%   9.2 2174s
 137513 76437 4.2830e+11  106    1 4.2889e+11 4.2824e+11  0.15%   9.2 2179s
 138473 76918 4.2832e+11  136    1 4.2889e+11 4.2824e+11  0.15%   9.2 2184s
 139379 77329 4.2837e+11  166    1 4.2889e+11 4.2824e+11  0.15%   9.3 2190s
 140215 77787 4.2860e+11  196    1 4.2889e+11 4.2824e+11  0.15%   9.3 2196s
 141123 78181 4.2865e+11  226    1 4.2889e+11 4.2824e+11  0.15%   9.4 2202s
 142073 78491 4.2868e+11  256    1 4.2889e+11 4.2824e+11  0.15%   9.4 2207s
 143025 78820 4.2824e+11   44    1 4.2889e+11 4.2824e+11  0.15%   9.4 2213s
 143972 79157 4.2831e+11   74    1 4.2889e+11 4.2824e+11  0.15%   9.4 2219s
 144922 79535 4.2849e+11  104    2 4.2889e+11 4.2824e+11  0.15%   9.3 2224s
 145878 80038 4.2856e+11  134    2 4.2889e+11 4.2824e+11  0.15%   9.3 2230s
 146838 80577 4.2858e+11  159    1 4.2889e+11 4.2824e+11  0.15%   9.3 2239s
 147798 81096 4.2862e+11  185    1 4.2889e+11 4.2824e+11  0.15%   9.3 2244s
 148508 80860 4.2855e+11   86    2 4.2889e+11 4.2824e+11  0.15%   9.3 2245s
 148737 81306 4.2824e+11   52    1 4.2889e+11 4.2824e+11  0.15%   9.3 2251s
 149654 81460 4.2828e+11   82    1 4.2889e+11 4.2824e+11  0.15%   9.3 2257s
 150601 81822 4.2830e+11  112    1 4.2889e+11 4.2824e+11  0.15%   9.3 2263s
 151544 82257 4.2832e+11  142    1 4.2889e+11 4.2824e+11  0.15%   9.3 2270s
 152494 82833 4.2859e+11  172    1 4.2889e+11 4.2824e+11  0.15%   9.3 2276s
 153454 83377 4.2864e+11  202    2 4.2889e+11 4.2824e+11  0.15%   9.3 2282s
 154384 83916 4.2866e+11  232    1 4.2889e+11 4.2824e+11  0.15%   9.3 2288s
 155290 84297 4.2868e+11  262    1 4.2889e+11 4.2824e+11  0.15%   9.4 2293s
 156238 84593 4.2825e+11   42    1 4.2889e+11 4.2824e+11  0.15%   9.4 2299s
 157198 84292 4.2828e+11   57    2 4.2889e+11 4.2824e+11  0.15%   9.4 2351s
 157230 84835 4.2828e+11   58    1 4.2889e+11 4.2824e+11  0.15%   9.4 2356s
 158190 85255 4.2840e+11   75    1 4.2889e+11 4.2824e+11  0.15%   9.4 2362s
 159150 85697 4.2866e+11   90    1 4.2889e+11 4.2824e+11  0.15%   9.3 2368s
 160080 86153 4.2883e+11  102    1 4.2889e+11 4.2824e+11  0.15%   9.3 2374s
 161008 86541 4.2888e+11  109    1 4.2889e+11 4.2824e+11  0.15%   9.4 2382s
 161890 86273 4.2887e+11  131    2 4.2889e+11 4.2824e+11  0.15%   9.4 2453s
 161926 86858     cutoff  132      4.2889e+11 4.2824e+11  0.15%   9.4 2458s
 162853 87338 4.2826e+11   58    1 4.2889e+11 4.2824e+11  0.15%   9.4 2466s
 163784 87877 4.2836e+11   88    1 4.2889e+11 4.2824e+11  0.15%   9.4 2470s
 164735 88496 4.2847e+11  118    1 4.2889e+11 4.2824e+11  0.15%   9.4 2476s
 165695 89091 4.2849e+11  142    2 4.2889e+11 4.2824e+11  0.15%   9.4 2481s
 166655 89473 4.2851e+11  171    1 4.2889e+11 4.2824e+11  0.15%   9.4 2486s
 167615 89710 4.2855e+11  197    1 4.2889e+11 4.2824e+11  0.15%   9.4 2493s
 168564 90057 4.2825e+11   62    1 4.2889e+11 4.2824e+11  0.15%   9.4 2500s
 169499 90499 4.2829e+11   92    2 4.2889e+11 4.2824e+11  0.15%   9.4 2505s
 170429 91104 4.2831e+11  122    1 4.2889e+11 4.2824e+11  0.15%   9.4 2511s
 171388 91907 4.2836e+11  152    1 4.2889e+11 4.2824e+11  0.15%   9.4 2518s
 172348 92605 4.2859e+11  182    2 4.2889e+11 4.2824e+11  0.15%   9.4 2526s
 173304 93266 4.2865e+11  212    1 4.2889e+11 4.2824e+11  0.15%   9.3 2533s
 174262 94012 4.2867e+11  242    2 4.2889e+11 4.2824e+11  0.15%   9.3 2539s
 175208 94757 4.2869e+11  272    1 4.2889e+11 4.2824e+11  0.15%   9.4 2545s
 176160 95650 4.2826e+11   62    1 4.2889e+11 4.2824e+11  0.15%   9.4 2555s
 177120 95680 4.2843e+11   92    2 4.2889e+11 4.2824e+11  0.15%   9.4 2616s
 177152 96559 4.2843e+11   93    1 4.2889e+11 4.2824e+11  0.15%   9.4 2623s
 178107 97381 4.2846e+11  123    1 4.2889e+11 4.2824e+11  0.15%   9.4 2630s
 179020 98140 4.2848e+11  149    1 4.2889e+11 4.2824e+11  0.15%   9.5 2638s
 179972 98989 4.2851e+11  175    1 4.2889e+11 4.2824e+11  0.15%   9.5 2645s
 180922 99748 4.2826e+11   54    1 4.2889e+11 4.2824e+11  0.15%   9.5 2652s
 181871 100469 4.2835e+11   84    1 4.2889e+11 4.2824e+11  0.15%   9.5 2660s
 182815 101163 4.2866e+11  114    1 4.2889e+11 4.2824e+11  0.15%   9.5 2667s
 183767 101884 4.2875e+11  144    1 4.2889e+11 4.2824e+11  0.15%   9.4 2673s
 184722 102693 4.2824e+11   44    1 4.2889e+11 4.2824e+11  0.15%   9.4 2678s
 185682 103391 4.2829e+11   74    2 4.2889e+11 4.2824e+11  0.15%   9.4 2683s
 186642 103882 4.2862e+11  104    2 4.2889e+11 4.2824e+11  0.15%   9.4 2688s
 187601 104439 4.2889e+11  134    1 4.2889e+11 4.2824e+11  0.15%   9.4 2695s
 188561 105090 4.2825e+11   62    1 4.2889e+11 4.2824e+11  0.15%   9.4 2701s
 189516 105876 4.2829e+11   92    3 4.2889e+11 4.2824e+11  0.15%   9.4 2708s
 190463 106763 4.2831e+11  122    1 4.2889e+11 4.2824e+11  0.15%   9.4 2713s
 191418 107595 4.2836e+11  152    1 4.2889e+11 4.2824e+11  0.15%   9.4 2723s
 192314 108291 4.2859e+11  182    2 4.2889e+11 4.2824e+11  0.15%   9.4 2729s
 193235 108960 4.2865e+11  212    1 4.2889e+11 4.2824e+11  0.15%   9.4 2735s
 194190 109782 4.2867e+11  242    2 4.2889e+11 4.2824e+11  0.15%   9.4 2743s
 195146 110646 4.2869e+11  272    1 4.2889e+11 4.2824e+11  0.15%   9.4 2751s
 196094 111521 4.2825e+11   62    1 4.2889e+11 4.2824e+11  0.15%   9.4 2757s
 197034 112303 4.2829e+11   92    3 4.2889e+11 4.2824e+11  0.15%   9.4 2764s
 197965 112893 4.2831e+11  122    1 4.2889e+11 4.2824e+11  0.15%   9.4 2771s
 198919 113538 4.2836e+11  152    1 4.2889e+11 4.2824e+11  0.15%   9.4 2777s
 199879 114288 4.2859e+11  182    2 4.2889e+11 4.2824e+11  0.15%   9.4 2782s
 200839 115051 4.2865e+11  212    1 4.2889e+11 4.2824e+11  0.15%   9.4 2789s
 201799 115936 4.2867e+11  242    2 4.2889e+11 4.2824e+11  0.15%   9.3 2796s
 202747 116692 4.2869e+11  272    1 4.2889e+11 4.2824e+11  0.15%   9.4 2803s
 203655 117557 4.2825e+11   64    1 4.2889e+11 4.2824e+11  0.15%   9.4 2810s
 204586 118394 4.2829e+11   94    3 4.2889e+11 4.2824e+11  0.15%   9.4 2817s
 205545 119287 4.2831e+11  124    1 4.2889e+11 4.2824e+11  0.15%   9.4 2829s
 206505 120171 4.2836e+11  154    1 4.2889e+11 4.2824e+11  0.15%   9.4 2837s
 207462 120777 4.2859e+11  184    1 4.2889e+11 4.2824e+11  0.15%   9.4 2844s
 208421 121271 4.2865e+11  214    2 4.2889e+11 4.2824e+11  0.15%   9.4 2849s
 209381 121391 4.2868e+11  244    1 4.2889e+11 4.2824e+11  0.15%   9.4 2864s
 209703 121877 4.2868e+11  252    2 4.2889e+11 4.2824e+11  0.15%   9.4 2869s
 210663 122488 4.2824e+11   49    2 4.2889e+11 4.2824e+11  0.15%   9.4 2875s
 211623 123281 4.2825e+11   71    1 4.2889e+11 4.2824e+11  0.15%   9.3 2880s
 212583 124114 4.2829e+11   98    1 4.2889e+11 4.2824e+11  0.15%   9.3 2886s
 213543 124984 4.2833e+11  128    2 4.2889e+11 4.2824e+11  0.15%   9.3 2892s
 214503 125759 4.2835e+11  158    1 4.2889e+11 4.2824e+11  0.15%   9.3 2899s
 215455 126365 4.2840e+11  188    1 4.2889e+11 4.2824e+11  0.15%   9.3 2905s
 216407 127033 4.2865e+11  208    1 4.2889e+11 4.2824e+11  0.15%   9.3 2911s
 217367 127809 4.2867e+11  238    1 4.2889e+11 4.2824e+11  0.15%   9.3 2917s
 218326 128575 4.2869e+11  268    1 4.2889e+11 4.2824e+11  0.15%   9.3 2923s
 219285 129505 4.2825e+11   60    1 4.2889e+11 4.2824e+11  0.15%   9.3 2929s
 220245 130376 4.2829e+11   90    1 4.2889e+11 4.2824e+11  0.15%   9.3 2935s
 221198 131128 4.2831e+11  120    2 4.2889e+11 4.2824e+11  0.15%   9.3 2941s
 222156 131774 4.2836e+11  150    1 4.2889e+11 4.2824e+11  0.15%   9.3 2947s
 223116 132245 4.2859e+11  180    1 4.2889e+11 4.2824e+11  0.15%   9.3 2953s
 224076 132815 4.2865e+11  210    2 4.2889e+11 4.2824e+11  0.15%   9.2 2959s
 225033 133556 4.2867e+11  240    1 4.2889e+11 4.2824e+11  0.15%   9.2 2965s
 225988 134263 4.2869e+11  270    1 4.2889e+11 4.2824e+11  0.15%   9.2 2971s
 226948 135021 4.2825e+11   62    1 4.2889e+11 4.2824e+11  0.15%   9.2 2977s
 227908 135745 4.2829e+11   92    2 4.2889e+11 4.2824e+11  0.15%   9.2 2982s
 228868 136535 4.2831e+11  122    2 4.2889e+11 4.2824e+11  0.15%   9.2 2988s
 229827 137232 4.2836e+11  152    1 4.2889e+11 4.2824e+11  0.15%   9.2 2994s
 230781 137712 4.2859e+11  182    2 4.2889e+11 4.2824e+11  0.15%   9.2 2999s
 231741 138298 4.2865e+11  212    1 4.2889e+11 4.2824e+11  0.15%   9.2 3004s
 232701 139039 4.2867e+11  242    2 4.2889e+11 4.2824e+11  0.15%   9.1 3011s
 233637 139737 4.2869e+11  272    1 4.2889e+11 4.2824e+11  0.15%   9.1 3016s
 234577 140530 4.2826e+11   64    1 4.2889e+11 4.2824e+11  0.15%   9.1 3025s
 235520 140555 4.2845e+11   94    1 4.2889e+11 4.2824e+11  0.15%   9.1 3089s
 235552 141348 4.2845e+11   95    1 4.2889e+11 4.2824e+11  0.15%   9.1 3095s
 236512 142168 4.2852e+11  125    3 4.2889e+11 4.2824e+11  0.15%   9.1 3100s
 237472 142901 4.2879e+11  154    1 4.2889e+11 4.2824e+11  0.15%   9.1 3107s
 238432 143562 4.2827e+11   65    2 4.2889e+11 4.2824e+11  0.15%   9.1 3113s
 239386 144426 4.2829e+11   95    1 4.2889e+11 4.2824e+11  0.15%   9.1 3120s
 240344 145353 4.2831e+11  125    1 4.2889e+11 4.2824e+11  0.15%   9.1 3126s
 241288 146132 4.2835e+11  155    1 4.2889e+11 4.2824e+11  0.15%   9.1 3132s
 242209 146694 4.2859e+11  185    1 4.2889e+11 4.2824e+11  0.15%   9.1 3139s
 243150 147318 4.2865e+11  215    1 4.2889e+11 4.2824e+11  0.15%   9.1 3143s
 244110 147968 4.2868e+11  245    1 4.2889e+11 4.2824e+11  0.15%   9.1 3148s
 245069 148690 4.2870e+11  275    1 4.2889e+11 4.2824e+11  0.15%   9.1 3154s
 246029 149476 4.2831e+11   73    1 4.2889e+11 4.2824e+11  0.15%   9.1 3160s
 246982 150204 4.2859e+11  103    2 4.2889e+11 4.2824e+11  0.15%   9.1 3167s
 247933 151061 4.2877e+11  133    2 4.2889e+11 4.2824e+11  0.15%   9.1 3174s
 248877 151937 4.2889e+11  160    1 4.2889e+11 4.2824e+11  0.15%   9.1 3182s
 249837 152809 4.2825e+11   62    1 4.2889e+11 4.2824e+11  0.15%   9.1 3188s
 250797 153636 4.2829e+11   92    2 4.2889e+11 4.2824e+11  0.15%   9.1 3193s
 251755 154516 4.2831e+11  122    2 4.2889e+11 4.2824e+11  0.15%   9.1 3199s
 252715 155350 4.2836e+11  152    1 4.2889e+11 4.2824e+11  0.15%   9.1 3204s
 253675 156122 4.2859e+11  182    2 4.2889e+11 4.2824e+11  0.15%   9.0 3209s
 254635 156868 4.2865e+11  212    1 4.2889e+11 4.2824e+11  0.15%   9.0 3214s
 255590 157637 4.2867e+11  242    2 4.2889e+11 4.2824e+11  0.15%   9.0 3221s
 256543 158520 4.2869e+11  272    1 4.2889e+11 4.2824e+11  0.15%   9.1 3240s
 257503 159438 4.2825e+11   66    1 4.2889e+11 4.2824e+11  0.15%   9.0 3245s
 258463 160203 4.2829e+11   96    3 4.2889e+11 4.2824e+11  0.15%   9.0 3251s
 259422 160861 4.2831e+11  126    1 4.2889e+11 4.2824e+11  0.15%   9.0 3256s
 260382 161588 4.2836e+11  156    1 4.2889e+11 4.2824e+11  0.15%   9.0 3261s
 261342 162356 4.2859e+11  186    1 4.2889e+11 4.2824e+11  0.15%   9.0 3266s
 262302 163123 4.2865e+11  216    2 4.2889e+11 4.2824e+11  0.15%   9.0 3271s
 263262 163975 4.2868e+11  246    3 4.2889e+11 4.2824e+11  0.15%   9.0 3276s
 264222 164735 infeasible  272      4.2889e+11 4.2824e+11  0.15%   9.0 3285s
 265182 165568 4.2828e+11   71    1 4.2889e+11 4.2824e+11  0.15%   9.0 3290s
 266142 166524 4.2830e+11  101    2 4.2889e+11 4.2824e+11  0.15%   9.0 3295s
 267102 167408 4.2832e+11  131    1 4.2889e+11 4.2824e+11  0.15%   9.0 3301s
 268058 168306 4.2836e+11  161    1 4.2889e+11 4.2824e+11  0.15%   9.0 3306s
 269017 169002 4.2860e+11  191    1 4.2889e+11 4.2824e+11  0.15%   9.0 3312s
 269958 169628 4.2865e+11  221    1 4.2889e+11 4.2824e+11  0.15%   9.0 3318s
 270877 170265 4.2868e+11  251    1 4.2889e+11 4.2824e+11  0.15%   9.0 3324s
 271816 170965 4.2825e+11   47    1 4.2889e+11 4.2824e+11  0.15%   9.0 3330s
 272776 171710 4.2829e+11   77    1 4.2889e+11 4.2824e+11  0.15%   9.0 3335s
 273736 172490 4.2841e+11  107    2 4.2889e+11 4.2824e+11  0.15%   9.0 3341s
 274696 173235 4.2843e+11  136    1 4.2889e+11 4.2824e+11  0.15%   9.0 3346s
 275656 174014 4.2847e+11  162    1 4.2889e+11 4.2824e+11  0.15%   9.0 3351s
 276616 174662 4.2871e+11  190    1 4.2889e+11 4.2824e+11  0.15%   9.0 3356s
 277569 175504 4.2826e+11   61    1 4.2889e+11 4.2824e+11  0.15%   9.0 3361s
 278529 176330 4.2840e+11   91    1 4.2889e+11 4.2824e+11  0.15%   9.0 3366s
 279489 177085 4.2865e+11  121    1 4.2889e+11 4.2824e+11  0.15%   9.0 3371s
 280444 177716 4.2867e+11  149    1 4.2889e+11 4.2824e+11  0.15%   8.9 3377s
 281403 178400 4.2825e+11   46    1 4.2889e+11 4.2824e+11  0.15%   8.9 3382s
 282363 179137 4.2829e+11   76    1 4.2889e+11 4.2824e+11  0.15%   8.9 3387s
 283322 179963 4.2832e+11  106    2 4.2889e+11 4.2824e+11  0.15%   8.9 3391s
 284282 180751 4.2834e+11  136    2 4.2889e+11 4.2824e+11  0.15%   8.9 3396s
 285230 181421 4.2839e+11  164    2 4.2889e+11 4.2824e+11  0.15%   8.9 3401s
 286162 181975 4.2844e+11  181    1 4.2889e+11 4.2824e+11  0.15%   8.9 3406s
 287103 182617 4.2824e+11   38    2 4.2889e+11 4.2824e+11  0.15%   8.9 3411s
 288063 183451 4.2825e+11   60    1 4.2889e+11 4.2824e+11  0.15%   8.9 3416s
 289023 184315 4.2826e+11   72    2 4.2889e+11 4.2824e+11  0.15%   8.9 3421s
 289983 185211 4.2829e+11   94    1 4.2889e+11 4.2824e+11  0.15%   8.9 3426s
 290943 186102 4.2833e+11  124    3 4.2889e+11 4.2824e+11  0.15%   8.9 3431s
 291903 186979 4.2835e+11  154    1 4.2889e+11 4.2824e+11  0.15%   8.9 3436s
 292862 187763 4.2840e+11  184    1 4.2889e+11 4.2824e+11  0.15%   8.9 3442s
 293808 188593 4.2864e+11  197    2 4.2889e+11 4.2824e+11  0.15%   8.9 3451s
 294762 189435 4.2865e+11  218    1 4.2889e+11 4.2824e+11  0.15%   8.9 3457s
 295708 190224 4.2868e+11  248    2 4.2889e+11 4.2824e+11  0.15%   8.9 3463s
 296658 191144 4.2889e+11  271    1 4.2889e+11 4.2824e+11  0.15%   8.9 3469s
 297618 192028 4.2829e+11   69    1 4.2889e+11 4.2824e+11  0.15%   8.9 3474s
 298578 192060 4.2857e+11   99    2 4.2889e+11 4.2824e+11  0.15%   8.9 3527s
 298610 192995 4.2861e+11  100    1 4.2889e+11 4.2824e+11  0.15%   8.9 3533s
 299570 193720 4.2878e+11  130    1 4.2889e+11 4.2824e+11  0.15%   8.9 3539s
 300495 194342 4.2824e+11   46    1 4.2889e+11 4.2824e+11  0.15%   8.9 3546s
 301353 194938 4.2828e+11   76    1 4.2889e+11 4.2824e+11  0.15%   9.0 3553s
 302184 195571 4.2830e+11  106    2 4.2889e+11 4.2824e+11  0.15%   9.0 3558s
 302977 196417 4.2832e+11  129    1 4.2889e+11 4.2824e+11  0.15%   9.0 3565s
 303937 197316 4.2836e+11  159    1 4.2889e+11 4.2824e+11  0.15%   9.0 3571s
 304895 198142 4.2860e+11  189    1 4.2889e+11 4.2824e+11  0.15%   9.0 3577s
 305855 198891 4.2865e+11  219    1 4.2889e+11 4.2824e+11  0.15%   9.0 3583s
 306815 199510 4.2868e+11  249    2 4.2889e+11 4.2824e+11  0.15%   9.0 3591s
 307773 200134 4.2824e+11   43    2 4.2889e+11 4.2824e+11  0.15%   9.0 3597s
 308733 200571 4.2826e+11   73    1 4.2889e+11 4.2824e+11  0.15%   9.0 3600s

Cutting planes:
  Implied bound: 3
  MIR: 4
  Flow cover: 5
  Relax-and-lift: 2

Explored 309277 nodes (2845059 simplex iterations) in 3600.51 seconds (2163.60 work units)
Thread count was 32 (of 36 available processors)

Solution count 3: 4.28894e+11 4.28894e+11 4.28904e+11 

Time limit reached
Best objective 4.288940182880e+11, best bound 4.282418706717e+11, gap 0.1521%

User-callback calls 1035753, time in user-callback 0.44 sec
Set parameter TokenServer to value "license-1.hpc.nrel.gov"
Set parameter TimeLimit to value 3600
Set parameter MIPGap to value 0.001
Set parameter MIPGap to value 0.001
Set parameter TimeLimit to value 3600
Gurobi Optimizer version 9.5.1 build v9.5.1rc2 (linux64)
Thread count: 36 physical cores, 36 logical processors, using up to 32 threads
Optimize a model with 96828 rows, 1144312 columns and 2348570 nonzeros
Model fingerprint: 0x5788901e
Coefficient statistics:
  Matrix range     [1e+00, 1e+05]
  Objective range  [3e-01, 7e+08]
  Bounds range     [1e+00, 1e+08]
  RHS range        [8e-01, 2e+06]

Concurrent LP optimizer: primal simplex, dual simplex, and barrier
Showing barrier log only...

Presolve removed 89030 rows and 561984 columns
Presolve time: 1.51s
Presolved: 7798 rows, 582328 columns, 1160340 nonzeros

Ordering time: 0.02s

Barrier statistics:
 AA' NZ     : 5.780e+05
 Factor NZ  : 1.063e+06 (roughly 240 MB of memory)
 Factor Ops : 1.876e+08 (less than 1 second per iteration)
 Threads    : 30

                  Objective                Residual
Iter       Primal          Dual         Primal    Dual     Compl     Time
   0   3.18542027e+12 -1.34218347e+11  4.74e+06 2.73e+02  3.88e+07     2s
   1   5.40116029e+11  2.48729204e+11  1.44e+05 9.09e-13  1.47e+06     2s
   2   4.55035815e+11  3.67361826e+11  6.35e+03 3.59e-11  1.89e+05     2s
   3   4.49931905e+11  3.95736743e+11  3.18e+03 2.18e-11  1.10e+05     2s
   4   4.44116014e+11  4.10984194e+11  1.20e+03 1.87e-01  6.23e+04     2s
   5   4.41166907e+11  4.19303003e+11  7.30e+02 7.28e-12  4.03e+04     2s
   6   4.36462771e+11  4.23545957e+11  2.58e+02 4.09e-12  2.29e+04     2s
   7   4.34998198e+11  4.25732978e+11  1.81e+02 2.73e-12  1.63e+04     2s
   8   4.32730777e+11  4.26963452e+11  9.26e+01 1.47e-02  1.01e+04     2s
   9   4.31826341e+11  4.27628740e+11  6.48e+01 1.59e-12  7.29e+03     2s
  10   4.31060766e+11  4.28145603e+11  4.54e+01 1.36e-12  5.05e+03     3s

Barrier performed 10 iterations in 2.53 seconds (1.51 work units)
Barrier solve interrupted - model solved by another algorithm


Solved with primal simplex
Solved in 56692 iterations and 2.54 seconds (1.37 work units)
Optimal objective  4.288940183e+11

User-callback calls 149, time in user-callback 0.00 sec
[ Info:  started timer at: 2023-03-26T19:18:40.219
[ Info: Reading /projects/pvsoiling/RELOG/Manufacturing_NAICS_05/input/solver/case.json...
[ Info:          134 collection centers
[ Info:          309 candidate plant locations
[ Info: Building graph...
[ Info:           26 time periods
[ Info:          309 process nodes
[ Info:          309 shipping nodes (plant)
[ Info:          134 shipping nodes (collection)
[ Info:        41715 arcs
[ Info: Building optimization model...
[ Info: Optimizing MILP...
[ Info: Re-optimizing with integer variables fixed...
[ Info: Extracting solution...
[ Info:       3654.073771595s: 1 hour, 54 seconds, 73 milliseconds
