Set parameter TokenServer to value "license-1.hpc.nrel.gov"
Set parameter TimeLimit to value 3600
Set parameter MIPGap to value 0.001
Set parameter MIPGap to value 0.001
Set parameter TimeLimit to value 3600
Gurobi Optimizer version 9.5.1 build v9.5.1rc2 (linux64)
Thread count: 36 physical cores, 36 logical processors, using up to 32 threads
Optimize a model with 84446 rows, 992940 columns and 2037872 nonzeros
Model fingerprint: 0x4dd9da32
Variable types: 979004 continuous, 13936 integer (13936 binary)
Coefficient statistics:
  Matrix range     [1e+00, 1e+05]
  Objective range  [2e-01, 8e+08]
  Bounds range     [1e+05, 1e+08]
  RHS range        [8e-01, 2e+06]
Presolve removed 73460 rows and 56548 columns
Presolve time: 4.70s
Presolved: 10986 rows, 936392 columns, 1878948 nonzeros
Variable types: 933176 continuous, 3216 integer (3216 binary)

Deterministic concurrent LP optimizer: primal and dual simplex
Showing first log only...


Root simplex log...

Iteration    Objective       Primal Inf.    Dual Inf.      Time
       0    5.2332562e+11   8.205850e+05   1.891560e+10      8s
  149483    5.7020739e+11   1.681180e+05   1.378909e+11     10s
Concurrent spin time: 0.00s

Solved with dual simplex

Root relaxation: objective 8.739225e+11, 67434 iterations, 6.76 seconds (4.72 work units)

    Nodes    |    Current Node    |     Objective Bounds      |     Work
 Expl Unexpl |  Obj  Depth IntInf | Incumbent    BestBd   Gap | It/Node Time

     0     0 8.7392e+11    0    6          - 8.7392e+11      -     -   13s
H    0     0                    8.752610e+11 8.7392e+11  0.15%     -   13s
     0     0 8.7392e+11    0    3 8.7526e+11 8.7392e+11  0.15%     -   16s
     0     0 8.7392e+11    0    3 8.7526e+11 8.7392e+11  0.15%     -   20s
     0     2 8.7392e+11    0    3 8.7526e+11 8.7392e+11  0.15%     -   25s
    31    64 8.7393e+11    5    3 8.7526e+11 8.7392e+11  0.15%   5.4   31s
    95   128 8.7393e+11    7    3 8.7526e+11 8.7392e+11  0.15%   4.7   48s
   127   160 8.7393e+11    8    3 8.7526e+11 8.7392e+11  0.15%   4.4   51s
   159   192 8.7395e+11    8    3 8.7526e+11 8.7392e+11  0.15%   4.6   97s
   191   224 8.7395e+11    9    3 8.7526e+11 8.7392e+11  0.15%   4.6  100s
   423  1057 8.7397e+11   15    3 8.7526e+11 8.7392e+11  0.15%   4.5  116s
  1056  1719 8.7400e+11   34    3 8.7526e+11 8.7392e+11  0.15%   5.2  128s
  1730  2347 8.7402e+11   53    3 8.7526e+11 8.7392e+11  0.15%   5.3  139s
  2414  3063 8.7409e+11   74    3 8.7526e+11 8.7392e+11  0.15%   5.6  149s
  3178  3908 8.7413e+11  107    3 8.7526e+11 8.7392e+11  0.15%   5.3  158s
  4092  4797 8.7420e+11  140    3 8.7526e+11 8.7392e+11  0.15%   5.3  165s
  5073  5679 8.7484e+11  172    6 8.7526e+11 8.7392e+11  0.15%   5.4  172s
  6030  6552 8.7392e+11    7    3 8.7526e+11 8.7392e+11  0.15%   5.8  177s
  6986  7426 8.7406e+11   38    3 8.7526e+11 8.7392e+11  0.15%   6.8  186s
  7929  8352 8.7409e+11   69    3 8.7526e+11 8.7392e+11  0.15%   8.3  193s
  8878  9214 8.7416e+11   99    3 8.7526e+11 8.7392e+11  0.15%   8.6  200s
  9829  9462 8.7471e+11  127    6 8.7526e+11 8.7392e+11  0.15%   9.1  213s
 10211 10092 8.7472e+11  138    3 8.7526e+11 8.7392e+11  0.15%   9.4  220s
 11190 10119 8.7479e+11  170    3 8.7526e+11 8.7392e+11  0.15%   9.7  278s
 11223 10120 8.7401e+11   47    3 8.7526e+11 8.7392e+11  0.15%   9.8  299s
 11224 10121 8.7426e+11   81    3 8.7526e+11 8.7392e+11  0.15%   9.8  300s
 11225 10121 8.7401e+11   15    2 8.7526e+11 8.7392e+11  0.15%   9.8  311s
 11226 10122 8.7434e+11   93    1 8.7526e+11 8.7392e+11  0.15%   9.8  315s
 11235 10137 8.7392e+11   16    1 8.7526e+11 8.7392e+11  0.15%  13.5  320s
 11323 10220 8.7395e+11   19    1 8.7526e+11 8.7392e+11  0.15%  13.4  342s
 11387 10262 8.7395e+11   20    1 8.7526e+11 8.7392e+11  0.15%  13.3  375s
 11693 10934 8.7395e+11   25    1 8.7526e+11 8.7392e+11  0.15%  13.1  386s
 12193 11400 8.7402e+11   36    1 8.7526e+11 8.7392e+11  0.15%  12.8  395s
 12825 11747 8.7404e+11   50    1 8.7526e+11 8.7392e+11  0.15%  12.4  404s
 13384 11593 8.7406e+11   64    1 8.7526e+11 8.7392e+11  0.15%  12.1  436s
 13416 12277 8.7402e+11   65    1 8.7526e+11 8.7392e+11  0.15%  12.0  446s
 14159 12672 8.7408e+11   80    2 8.7526e+11 8.7392e+11  0.15%  11.7  455s
 14840 13117 8.7408e+11   95    1 8.7526e+11 8.7392e+11  0.15%  11.4  465s
 15833 13301 8.7414e+11  118    1 8.7526e+11 8.7392e+11  0.15%  11.0  472s
 16778 13526 8.7422e+11  141    2 8.7526e+11 8.7392e+11  0.15%  11.0  478s
 17676 13698 8.7429e+11  153    1 8.7526e+11 8.7392e+11  0.15%  11.5  492s
 18396 14076 8.7430e+11  161    2 8.7526e+11 8.7392e+11  0.15%  13.1  499s
 19368 14564 8.7458e+11  178    1 8.7526e+11 8.7392e+11  0.15%  14.9  507s
 20385 14864 8.7461e+11  209    1 8.7526e+11 8.7392e+11  0.15%  14.9  514s
 21473 15191 8.7469e+11  243    1 8.7526e+11 8.7392e+11  0.15%  14.8  520s
 22561 15607 8.7398e+11   47    1 8.7526e+11 8.7392e+11  0.15%  14.4  526s
 23649 16213 8.7402e+11   81    1 8.7526e+11 8.7392e+11  0.15%  13.9  530s
 24737 16561 8.7413e+11  115    1 8.7526e+11 8.7392e+11  0.15%  13.5  535s
 25825 16681 8.7462e+11  149    1 8.7526e+11 8.7392e+11  0.15%  13.1  540s
 26912 16335 8.7471e+11  183    2 8.7526e+11 8.7392e+11  0.15%  13.0  571s
 26944 16682 8.7471e+11  184    1 8.7526e+11 8.7392e+11  0.15%  12.9  576s
 28032 16336 8.7481e+11  218    3 8.7526e+11 8.7392e+11  0.15%  12.8  620s
 28077 16768 8.7481e+11  219    4 8.7526e+11 8.7392e+11  0.15%  12.7  625s
 29165 17207 8.7394e+11   24    1 8.7526e+11 8.7393e+11  0.15%  13.2  634s
 30253 17704 8.7399e+11   58    1 8.7526e+11 8.7393e+11  0.15%  13.1  640s
 31322 18192 8.7405e+11   92    2 8.7526e+11 8.7393e+11  0.15%  13.2  647s
 32351 18347 8.7461e+11  126    1 8.7526e+11 8.7393e+11  0.15%  13.0  652s
 33393 18665 8.7464e+11  160    1 8.7526e+11 8.7393e+11  0.15%  12.9  657s
 34454 18983 8.7471e+11  194    1 8.7526e+11 8.7393e+11  0.15%  12.9  663s
 35539 19315 8.7482e+11  228    1 8.7526e+11 8.7393e+11  0.15%  12.8  667s
 36627 19864 8.7396e+11   28    1 8.7526e+11 8.7393e+11  0.15%  12.9  672s
 37711 20388 8.7399e+11   62    1 8.7526e+11 8.7393e+11  0.15%  12.7  678s
 38781 20943 8.7406e+11   96    1 8.7526e+11 8.7393e+11  0.15%  12.6  685s
 39846 21434 8.7455e+11  122    1 8.7526e+11 8.7393e+11  0.15%  12.6  692s
 40904 22107 8.7458e+11  156    1 8.7526e+11 8.7393e+11  0.15%  12.7  697s
 41992 22931 8.7465e+11  190    1 8.7526e+11 8.7393e+11  0.15%  12.5  703s
 43071 23611 8.7475e+11  224    1 8.7526e+11 8.7393e+11  0.15%  12.6  710s
 44031 24376 8.7393e+11   22    1 8.7526e+11 8.7393e+11  0.15%  13.0  715s
 45119 25092 8.7398e+11   56    1 8.7526e+11 8.7393e+11  0.15%  12.8  720s
 46207 25183 8.7405e+11   90    1 8.7526e+11 8.7393e+11  0.15%  12.6  734s
 46335 25206 8.7405e+11   94    1 8.7526e+11 8.7393e+11  0.15%  12.6  765s
 46367 25794 8.7405e+11   95    1 8.7526e+11 8.7393e+11  0.15%  12.6  770s
 47454 26251 8.7461e+11  129    1 8.7526e+11 8.7393e+11  0.15%  12.5  776s
 48447 26898 8.7464e+11  163    1 8.7526e+11 8.7393e+11  0.15%  12.5  781s
 49501 27471 8.7471e+11  197    1 8.7526e+11 8.7393e+11  0.15%  12.5  786s
 50539 28083 8.7484e+11  231    1 8.7526e+11 8.7393e+11  0.15%  12.9  791s
 51607 28742 8.7398e+11   40    1 8.7526e+11 8.7393e+11  0.15%  12.9  796s
 52694 29485 8.7400e+11   74    2 8.7526e+11 8.7393e+11  0.15%  12.7  801s
 53782 29955 8.7408e+11  108    1 8.7526e+11 8.7393e+11  0.15%  12.8  807s
 54762 30570 8.7463e+11  138    1 8.7526e+11 8.7393e+11  0.15%  12.7  812s
 55850 31221 8.7465e+11  172    1 8.7526e+11 8.7393e+11  0.15%  12.6  818s
 56927 31744 8.7476e+11  206    1 8.7526e+11 8.7393e+11  0.15%  12.5  823s
 58002 31762 8.7485e+11  240    1 8.7526e+11 8.7393e+11  0.15%  12.8  869s
 58037 31763 8.7447e+11   91    3 8.7526e+11 8.7393e+11  0.15%  12.8  914s
 58038 31764 8.7484e+11   53    3 8.7526e+11 8.7393e+11  0.15%  12.8  915s
 58039 31764 8.7425e+11   93    2 8.7526e+11 8.7393e+11  0.15%  12.8  924s
 58040 31765 8.7487e+11  166    1 8.7526e+11 8.7393e+11  0.15%  12.8  929s
 58041 31766 8.7432e+11  130    1 8.7526e+11 8.7393e+11  0.15%  12.8  934s
 58042 31766 8.7521e+11  191    1 8.7526e+11 8.7393e+11  0.15%  12.8  938s
 58043 31770 8.7393e+11   25    1 8.7526e+11 8.7393e+11  0.15%  13.5  940s
 58105 31841 8.7393e+11   30    1 8.7526e+11 8.7393e+11  0.15%  13.5  945s
 58137 31863 8.7395e+11   30    1 8.7526e+11 8.7393e+11  0.15%  13.4  972s
 58201 31905 8.7395e+11   31    1 8.7526e+11 8.7393e+11  0.15%  13.4 1051s
 58296 32105 8.7395e+11   33    1 8.7526e+11 8.7393e+11  0.15%  13.4 1055s
 58464 32669 8.7395e+11   36    1 8.7526e+11 8.7393e+11  0.15%  13.4 1066s
 59084 33238 8.7402e+11   48    1 8.7526e+11 8.7393e+11  0.15%  13.3 1077s
 59860 33641 8.7404e+11   65    1 8.7526e+11 8.7393e+11  0.15%  13.2 1086s
 60530 34037 8.7407e+11   80    1 8.7526e+11 8.7393e+11  0.15%  13.1 1096s
 61192 34329 8.7408e+11   94    2 8.7526e+11 8.7393e+11  0.15%  13.0 1103s
 61719 34647 8.7417e+11  103    1 8.7526e+11 8.7393e+11  0.15%  13.0 1112s
 62729 34753 8.7414e+11  126    1 8.7526e+11 8.7393e+11  0.15%  12.9 1119s
 63686 34915 8.7422e+11  150    3 8.7526e+11 8.7393e+11  0.15%  12.8 1126s
 64605 35197 8.7429e+11  165    2 8.7526e+11 8.7393e+11  0.15%  12.9 1133s
 65491 35757 8.7430e+11  172    2 8.7526e+11 8.7393e+11  0.15%  13.5 1140s
 66404 36321 8.7458e+11  182    1 8.7526e+11 8.7393e+11  0.15%  13.9 1148s
 67386 36479 8.7461e+11  214    1 8.7526e+11 8.7393e+11  0.15%  13.9 1155s
 68360 36733 8.7467e+11  247    1 8.7526e+11 8.7393e+11  0.15%  14.0 1162s
 69448 37213 8.7397e+11   58    1 8.7526e+11 8.7393e+11  0.15%  13.9 1168s
 70536 37707 8.7405e+11   92    1 8.7526e+11 8.7393e+11  0.15%  13.8 1172s
 71624 37917 8.7411e+11  126    1 8.7526e+11 8.7393e+11  0.15%  13.6 1177s
 72712 38114 8.7426e+11  160    2 8.7526e+11 8.7393e+11  0.15%  13.8 1182s
 73754 38309 8.7464e+11  184    6 8.7526e+11 8.7393e+11  0.15%  14.0 1190s
 74802 38551 8.7519e+11  214    1 8.7526e+11 8.7393e+11  0.15%  14.1 1195s
 76978 39518 8.7399e+11   83    1 8.7526e+11 8.7393e+11  0.15%  14.1 1203s
 78066 40011 8.7410e+11  117    1 8.7526e+11 8.7393e+11  0.15%  14.0 1209s
 78712 39795 8.7411e+11  119    1 8.7526e+11 8.7393e+11  0.15%  14.0 1210s
 79154 40254 8.7420e+11  151    1 8.7526e+11 8.7393e+11  0.15%  13.9 1218s
 80154 39945 8.7427e+11  171    1 8.7526e+11 8.7393e+11  0.15%  14.2 1260s
 80186 40554 8.7427e+11  172    1 8.7526e+11 8.7393e+11  0.15%  14.2 1267s
 81130 40811 8.7467e+11  191    2 8.7526e+11 8.7393e+11  0.15%  14.7 1274s
 82139 40490 8.7525e+11  223    1 8.7526e+11 8.7393e+11  0.15%  15.1 1290s
 82175 41249 8.7525e+11  224    1 8.7526e+11 8.7393e+11  0.15%  15.1 1295s
 83259 41757 8.7398e+11   63    1 8.7526e+11 8.7393e+11  0.15%  15.1 1300s
 84347 42210 8.7405e+11   97    1 8.7526e+11 8.7393e+11  0.15%  14.9 1305s
 85435 42362 8.7415e+11  131    1 8.7526e+11 8.7393e+11  0.15%  14.8 1311s
 86523 42317 8.7464e+11  165    1 8.7526e+11 8.7393e+11  0.15%  14.7 1317s
 87611 42484 8.7471e+11  199    1 8.7526e+11 8.7393e+11  0.15%  14.7 1326s
 88699 42811 8.7481e+11  233    2 8.7526e+11 8.7393e+11  0.15%  14.6 1332s
 89772 43257 8.7394e+11   38    1 8.7526e+11 8.7393e+11  0.15%  14.7 1337s
 90849 43808 8.7399e+11   72    1 8.7526e+11 8.7393e+11  0.15%  14.7 1342s
 91904 44231 8.7405e+11  106    1 8.7526e+11 8.7393e+11  0.15%  14.7 1347s
 92954 44218 8.7461e+11  140    1 8.7526e+11 8.7393e+11  0.15%  14.6 1352s
 94021 44197 8.7464e+11  174    1 8.7526e+11 8.7393e+11  0.15%  14.6 1357s
 95091 44362 8.7471e+11  208    1 8.7526e+11 8.7393e+11  0.15%  14.6 1361s
 96170 44020 8.7484e+11  242    1 8.7526e+11 8.7393e+11  0.15%  14.6 1380s
 96208 44641 8.7484e+11  243    1 8.7526e+11 8.7393e+11  0.15%  14.6 1386s
 97257 45159 8.7396e+11   45    1 8.7526e+11 8.7393e+11  0.15%  14.7 1391s
 98345 45650 8.7400e+11   79    1 8.7526e+11 8.7393e+11  0.15%  14.6 1397s
 99433 45982 8.7407e+11  113    1 8.7526e+11 8.7393e+11  0.15%  14.5 1401s
 100521 45910 8.7462e+11  147    1 8.7526e+11 8.7393e+11  0.15%  14.4 1406s
 101609 46014 8.7464e+11  181    1 8.7526e+11 8.7393e+11  0.15%  14.3 1410s
 102697 46227 8.7476e+11  215    1 8.7526e+11 8.7393e+11  0.15%  14.3 1417s
 103760 46565 8.7485e+11  249    2 8.7526e+11 8.7393e+11  0.15%  14.3 1423s
 104830 47098 8.7431e+11   47    1 8.7526e+11 8.7393e+11  0.15%  14.5 1430s
 105898 47470 8.7460e+11   56    1 8.7526e+11 8.7393e+11  0.15%  14.4 1438s
 106918 47480 8.7511e+11   70    1 8.7526e+11 8.7393e+11  0.15%  14.3 1444s
 107969 47852 8.7395e+11   35    1 8.7526e+11 8.7394e+11  0.15%  14.3 1450s
 109057 48437 8.7413e+11   69    1 8.7526e+11 8.7394e+11  0.15%  14.2 1455s
 110145 49055 8.7436e+11  100    1 8.7526e+11 8.7394e+11  0.15%  14.2 1460s
 111233 49180 8.7456e+11  131    1 8.7526e+11 8.7394e+11  0.15%  14.1 1468s
 112318 49194 8.7445e+11  158    1 8.7526e+11 8.7394e+11  0.15%  14.0 1474s
 113406 49317 8.7525e+11  181    1 8.7526e+11 8.7394e+11  0.15%  13.9 1480s
 114492 49564 8.7398e+11   58    1 8.7526e+11 8.7394e+11  0.15%  13.9 1485s
 115580 50086 8.7405e+11   92    1 8.7526e+11 8.7394e+11  0.15%  14.0 1490s
 116668 50583 8.7415e+11  126    2 8.7526e+11 8.7394e+11  0.15%  13.9 1501s
 117756 51049 8.7462e+11  160    1 8.7526e+11 8.7394e+11  0.15%  13.9 1507s
 118844 51222 8.7470e+11  194    2 8.7526e+11 8.7394e+11  0.15%  13.8 1513s
 119932 50911 8.7480e+11  228    1 8.7526e+11 8.7394e+11  0.15%  13.7 1529s
 120060 51282 8.7481e+11  232    2 8.7526e+11 8.7394e+11  0.15%  13.7 1536s
 121062 51872 8.7396e+11   40    1 8.7526e+11 8.7394e+11  0.15%  13.7 1542s
 122150 52520 8.7399e+11   74    1 8.7526e+11 8.7394e+11  0.15%  13.7 1547s
 123238 53110 8.7406e+11  108    1 8.7526e+11 8.7394e+11  0.15%  13.6 1553s
 124326 53658 8.7455e+11  135    1 8.7526e+11 8.7394e+11  0.15%  13.5 1558s
 125414 54153 8.7458e+11  169    1 8.7526e+11 8.7394e+11  0.15%  13.4 1563s
 126502 54637 8.7465e+11  203    1 8.7526e+11 8.7394e+11  0.15%  13.4 1568s
 127590 54877 8.7476e+11  237    1 8.7526e+11 8.7394e+11  0.15%  13.4 1574s
 128652 55469 8.7405e+11   42    1 8.7526e+11 8.7394e+11  0.15%  13.7 1579s
 129060 55333 8.7476e+11  224    1 8.7526e+11 8.7394e+11  0.15%  13.6 1580s
 129740 56119 8.7428e+11   76    1 8.7526e+11 8.7394e+11  0.15%  13.6 1585s
 130828 56636 8.7431e+11  107    1 8.7526e+11 8.7394e+11  0.15%  13.6 1591s
 131916 56613 8.7437e+11  140    2 8.7526e+11 8.7394e+11  0.15%  13.5 1597s
 133004 56904 8.7494e+11  172    1 8.7526e+11 8.7394e+11  0.15%  13.4 1602s
 134092 57451 8.7398e+11   57    1 8.7526e+11 8.7394e+11  0.15%  13.4 1608s
 135180 57969 8.7401e+11   91    1 8.7526e+11 8.7394e+11  0.15%  13.3 1615s
 136266 58065 8.7407e+11  125    1 8.7526e+11 8.7394e+11  0.15%  13.3 1621s
 137345 58110 8.7463e+11  159    1 8.7526e+11 8.7394e+11  0.15%  13.2 1627s
 138418 58260 8.7471e+11  193    2 8.7526e+11 8.7394e+11  0.15%  13.1 1633s
 139503 58486 8.7480e+11  227    1 8.7526e+11 8.7394e+11  0.15%  13.1 1638s
 140580 59021 8.7396e+11   35    1 8.7526e+11 8.7394e+11  0.15%  13.2 1643s
 141668 59568 8.7401e+11   66    1 8.7526e+11 8.7394e+11  0.15%  13.2 1648s
 142756 60107 8.7406e+11   95    1 8.7526e+11 8.7394e+11  0.15%  13.1 1654s
 143843 60324 8.7417e+11  127    1 8.7526e+11 8.7394e+11  0.15%  13.1 1661s
 144871 60557 8.7466e+11  161    1 8.7526e+11 8.7394e+11  0.15%  13.1 1665s
 145864 60869 8.7474e+11  195    1 8.7526e+11 8.7394e+11  0.15%  13.2 1675s
 146838 61265 8.7483e+11  228    1 8.7526e+11 8.7394e+11  0.15%  13.2 1681s
 147893 61648 8.7398e+11   52    1 8.7526e+11 8.7394e+11  0.15%  13.3 1686s
 148981 62012 8.7400e+11   86    2 8.7526e+11 8.7394e+11  0.15%  13.2 1692s
 150069 62325 8.7407e+11  120    1 8.7526e+11 8.7394e+11  0.15%  13.2 1697s
 151142 62718 8.7462e+11  154    1 8.7526e+11 8.7394e+11  0.15%  13.1 1702s
 152190 62982 8.7471e+11  188    2 8.7526e+11 8.7394e+11  0.15%  13.2 1708s
 153188 63296 8.7476e+11  222    2 8.7526e+11 8.7394e+11  0.15%  13.3 1713s
 154177 64035 infeasible  251      8.7526e+11 8.7394e+11  0.15%  13.4 1718s
 155264 64641 8.7401e+11   65    1 8.7526e+11 8.7395e+11  0.15%  13.4 1723s
 156341 65430 8.7431e+11   98    1 8.7526e+11 8.7395e+11  0.15%  13.3 1729s
 157412 66381 8.7434e+11  129    1 8.7526e+11 8.7395e+11  0.15%  13.3 1735s
 158468 67318 8.7440e+11  160    1 8.7526e+11 8.7395e+11  0.15%  13.3 1740s
 159515 68144 8.7399e+11   42    1 8.7526e+11 8.7395e+11  0.15%  13.3 1748s
 160448 68759 8.7402e+11   75    1 8.7526e+11 8.7395e+11  0.15%  13.5 1753s
 161361 69284 8.7409e+11  107    1 8.7526e+11 8.7395e+11  0.15%  13.7 1758s
 162335 69798 8.7464e+11  139    1 8.7526e+11 8.7395e+11  0.15%  13.8 1763s
 163423 70589 8.7467e+11  173    1 8.7526e+11 8.7395e+11  0.15%  13.8 1770s
 164613 71412 8.7429e+11  154    1 8.7526e+11 8.7395e+11  0.15%  13.7 1775s
 166685 72726 8.7406e+11   63    1 8.7526e+11 8.7395e+11  0.15%  13.6 1784s
 167751 73368 8.7444e+11   96    1 8.7526e+11 8.7395e+11  0.15%  13.6 1789s
 168781 74045 8.7446e+11  129    2 8.7526e+11 8.7395e+11  0.15%  13.6 1795s
 169781 74830 8.7453e+11  156    1 8.7526e+11 8.7395e+11  0.15%  13.7 1800s
 170865 75565 8.7396e+11   42    1 8.7526e+11 8.7396e+11  0.15%  13.7 1805s
 171949 76389 8.7399e+11   76    1 8.7526e+11 8.7396e+11  0.15%  13.6 1810s
 172947 77120 8.7407e+11  110    1 8.7526e+11 8.7396e+11  0.15%  13.6 1816s
 173894 77776 8.7461e+11  144    1 8.7526e+11 8.7396e+11  0.15%  13.7 1821s
 174820 78266 8.7464e+11  178    1 8.7526e+11 8.7396e+11  0.15%  13.9 1829s
 175757 78897 8.7475e+11  212    1 8.7526e+11 8.7396e+11  0.15%  14.1 1836s
 176797 79757 8.7484e+11  246    2 8.7526e+11 8.7396e+11  0.15%  14.1 1841s
 177828 80634 8.7415e+11   54    1 8.7526e+11 8.7396e+11  0.15%  14.2 1846s
 178881 81485 8.7417e+11   87    1 8.7526e+11 8.7396e+11  0.15%  14.2 1852s
 179969 82060 8.7424e+11  117    1 8.7526e+11 8.7396e+11  0.15%  14.2 1858s
 181007 82430 8.7479e+11  150    1 8.7526e+11 8.7396e+11  0.15%  14.2 1865s
 182091 83098 8.7481e+11  183    1 8.7526e+11 8.7396e+11  0.15%  14.1 1870s
 183859 84071 8.7397e+11   37    1 8.7526e+11 8.7396e+11  0.15%  14.1 1875s
 184267 85101 8.7427e+11   81    1 8.7526e+11 8.7396e+11  0.15%  14.0 1880s
 185323 86001 8.7459e+11  111    1 8.7526e+11 8.7396e+11  0.15%  14.1 1885s
 186290 86515 8.7489e+11  143    1 8.7526e+11 8.7396e+11  0.15%  14.2 1890s
 187282 86847 8.7492e+11  176    1 8.7526e+11 8.7396e+11  0.15%  14.2 1896s
 188297 87519 8.7398e+11   66    1 8.7526e+11 8.7396e+11  0.15%  14.3 1901s
 189385 88474 8.7405e+11  100    1 8.7526e+11 8.7396e+11  0.15%  14.2 1906s
 190473 89207 8.7460e+11  134    1 8.7526e+11 8.7396e+11  0.15%  14.2 1911s
 191297 90117 8.7463e+11  168    1 8.7526e+11 8.7396e+11  0.15%  14.2 1918s
 192294 90606 8.7470e+11  202    1 8.7526e+11 8.7396e+11  0.15%  14.2 1924s
 193269 91080 8.7481e+11  236    1 8.7526e+11 8.7396e+11  0.15%  14.3 1929s
 194300 91976 8.7399e+11   42    1 8.7526e+11 8.7396e+11  0.15%  14.4 1934s
 195374 92981 8.7402e+11   76    1 8.7526e+11 8.7396e+11  0.15%  14.3 1939s
 196462 93957 8.7410e+11  110    1 8.7526e+11 8.7396e+11  0.15%  14.3 1944s
 197548 94808 8.7458e+11  135    1 8.7526e+11 8.7396e+11  0.15%  14.3 1949s
 198497 95610 8.7461e+11  169    1 8.7526e+11 8.7396e+11  0.15%  14.4 1953s
 199360 96260 8.7468e+11  203    1 8.7526e+11 8.7396e+11  0.15%  14.7 1959s
 200262 96642 8.7479e+11  237    1 8.7526e+11 8.7396e+11  0.15%  14.9 1965s
 201271 97409 8.7402e+11   40    1 8.7526e+11 8.7396e+11  0.15%  15.0 1974s
 202305 98380 8.7401e+11   62    1 8.7526e+11 8.7396e+11  0.15%  14.9 1981s
 203376 98410 8.7405e+11   93    1 8.7526e+11 8.7396e+11  0.15%  14.9 1998s
 203408 99408 8.7406e+11   94    1 8.7526e+11 8.7396e+11  0.15%  14.9 2006s
 204473 99436 8.7416e+11  128    1 8.7526e+11 8.7396e+11  0.15%  14.9 2024s
 204505 100297 8.7418e+11  129    3 8.7526e+11 8.7396e+11  0.15%  14.9 2030s
 205593 101015 8.7466e+11  160    1 8.7526e+11 8.7396e+11  0.15%  14.9 2035s
 206576 101744 8.7474e+11  194    1 8.7526e+11 8.7396e+11  0.15%  15.0 2040s
 207588 102266 8.7484e+11  228    3 8.7526e+11 8.7396e+11  0.15%  15.1 2046s
 208663 102873 8.7401e+11   56    2 8.7526e+11 8.7396e+11  0.15%  15.1 2051s
 209749 103829 8.7404e+11   90    1 8.7526e+11 8.7396e+11  0.15%  15.1 2056s
 210837 104820 8.7410e+11  124    1 8.7526e+11 8.7396e+11  0.15%  15.0 2060s
 211911 105554 8.7466e+11  158    1 8.7526e+11 8.7396e+11  0.15%  15.0 2066s
 212909 106036 8.7474e+11  192    1 8.7526e+11 8.7396e+11  0.15%  15.1 2071s
 213963 106424 8.7479e+11  226    1 8.7526e+11 8.7396e+11  0.15%  15.1 2076s
 215002 107058 8.7427e+11   47    1 8.7526e+11 8.7396e+11  0.15%  15.1 2082s
 216044 108030 8.7462e+11   60    1 8.7526e+11 8.7396e+11  0.15%  15.1 2088s
 217126 108876 8.7516e+11   76    1 8.7526e+11 8.7396e+11  0.15%  15.1 2094s
 218195 109653 8.7524e+11   85    1 8.7526e+11 8.7396e+11  0.15%  15.1 2100s
 219268 110262 8.7400e+11   51    1 8.7526e+11 8.7396e+11  0.15%  15.0 2106s
 220263 110819 8.7403e+11   85    2 8.7526e+11 8.7396e+11  0.15%  15.1 2113s
 221257 111258 8.7410e+11  119    1 8.7526e+11 8.7396e+11  0.15%  15.1 2118s
 222341 111855 8.7466e+11  153    1 8.7526e+11 8.7396e+11  0.15%  15.1 2123s
 223429 112726 8.7474e+11  187    2 8.7526e+11 8.7396e+11  0.15%  15.1 2128s
 224505 113634 8.7479e+11  221    1 8.7526e+11 8.7396e+11  0.15%  15.0 2132s
 225573 114509 8.7399e+11   48    1 8.7526e+11 8.7396e+11  0.15%  15.0 2137s
 226577 115130 8.7403e+11   82    1 8.7526e+11 8.7396e+11  0.15%  15.1 2142s
 227491 115586 8.7410e+11  116    1 8.7526e+11 8.7396e+11  0.15%  15.2 2147s
 228385 116014 8.7465e+11  150    1 8.7526e+11 8.7396e+11  0.15%  15.4 2152s
 229382 116848 8.7467e+11  184    1 8.7526e+11 8.7396e+11  0.15%  15.4 2157s
 230469 116875 8.7479e+11  218    2 8.7526e+11 8.7396e+11  0.15%  15.4 2209s
 230501 117808 8.7479e+11  219    1 8.7526e+11 8.7396e+11  0.15%  15.4 2214s
 231589 118661 8.7399e+11   44    1 8.7526e+11 8.7396e+11  0.15%  15.3 2219s
 232677 119152 8.7402e+11   78    1 8.7526e+11 8.7396e+11  0.15%  15.3 2225s
 233765 119574 8.7410e+11  112    1 8.7526e+11 8.7396e+11  0.15%  15.2 2233s
 234853 120223 8.7465e+11  146    1 8.7526e+11 8.7396e+11  0.15%  15.2 2238s
 235916 121040 8.7467e+11  180    1 8.7526e+11 8.7396e+11  0.15%  15.2 2243s
 236965 121943 8.7479e+11  214    1 8.7526e+11 8.7396e+11  0.15%  15.2 2249s
 238041 122790 8.7399e+11   40    1 8.7526e+11 8.7396e+11  0.15%  15.1 2254s
 238994 123507 8.7402e+11   74    1 8.7526e+11 8.7396e+11  0.15%  15.2 2259s
 239833 123980 8.7409e+11  108    1 8.7526e+11 8.7396e+11  0.15%  15.4 2265s
 240695 124444 8.7464e+11  142    1 8.7526e+11 8.7396e+11  0.15%  15.6 2271s
 241690 125272 8.7467e+11  176    1 8.7526e+11 8.7396e+11  0.15%  15.6 2277s
 242763 126145 8.7478e+11  210    1 8.7526e+11 8.7396e+11  0.15%  15.6 2282s
 243851 126937 8.7396e+11   37    1 8.7526e+11 8.7396e+11  0.15%  15.5 2287s
 244923 127508 8.7401e+11   68    1 8.7526e+11 8.7396e+11  0.15%  15.5 2292s
 245946 128016 8.7409e+11  100    1 8.7526e+11 8.7396e+11  0.15%  15.5 2297s
 246966 128564 8.7419e+11  134    3 8.7526e+11 8.7396e+11  0.15%  15.6 2302s
 248019 129254 8.7429e+11  163    1 8.7526e+11 8.7396e+11  0.15%  15.6 2307s
 249034 130073 8.7432e+11  179    2 8.7526e+11 8.7396e+11  0.15%  15.6 2314s
 250112 130780 8.7456e+11  201    1 8.7526e+11 8.7396e+11  0.15%  15.6 2320s
 251187 131399 8.7463e+11  235    1 8.7526e+11 8.7396e+11  0.15%  15.5 2326s
 252256 132051 8.7397e+11   38    1 8.7526e+11 8.7396e+11  0.15%  15.5 2333s
 253336 132853 8.7402e+11   72    1 8.7526e+11 8.7396e+11  0.15%  15.5 2339s
 254421 133724 8.7408e+11  106    1 8.7526e+11 8.7396e+11  0.15%  15.4 2346s
 255472 134475 8.7464e+11  140    1 8.7526e+11 8.7396e+11  0.15%  15.4 2353s
 256516 135132 8.7467e+11  174    1 8.7526e+11 8.7396e+11  0.15%  15.4 2359s
 257573 135715 8.7474e+11  208    1 8.7526e+11 8.7396e+11  0.15%  15.4 2364s
 258658 136428 infeasible  236      8.7526e+11 8.7396e+11  0.15%  15.4 2370s
 259711 137179 8.7405e+11   67    1 8.7526e+11 8.7396e+11  0.15%  15.4 2376s
 260731 137795 8.7412e+11   97    1 8.7526e+11 8.7396e+11  0.15%  15.4 2383s
 261777 138430 8.7420e+11  127    1 8.7526e+11 8.7396e+11  0.15%  15.4 2389s
 262865 139159 8.7469e+11  161    1 8.7526e+11 8.7396e+11  0.15%  15.3 2398s
 263951 139959 8.7477e+11  193    1 8.7526e+11 8.7396e+11  0.15%  15.3 2403s
 265039 140662 8.7487e+11  227    1 8.7526e+11 8.7396e+11  0.15%  15.2 2408s
 266126 141087 8.7459e+11   50    1 8.7526e+11 8.7396e+11  0.15%  15.2 2413s
 267026 141700 8.7459e+11   56    1 8.7526e+11 8.7396e+11  0.15%  15.2 2420s
 268089 142322 8.7507e+11   67    2 8.7526e+11 8.7396e+11  0.15%  15.1 2428s
 269100 143085 8.7515e+11   82    1 8.7526e+11 8.7396e+11  0.15%  15.1 2434s
 270127 143965 8.7399e+11   41    1 8.7526e+11 8.7396e+11  0.15%  15.2 2442s
 271150 144645 8.7402e+11   75    1 8.7526e+11 8.7396e+11  0.15%  15.1 2448s
 272181 145241 8.7409e+11  109    1 8.7526e+11 8.7396e+11  0.15%  15.2 2457s
 273143 145873 8.7464e+11  143    1 8.7526e+11 8.7396e+11  0.15%  15.2 2462s
 274169 146549 8.7467e+11  177    1 8.7526e+11 8.7396e+11  0.15%  15.2 2468s
 275242 147253 8.7479e+11  211    1 8.7526e+11 8.7396e+11  0.15%  15.2 2474s
 276307 147880 8.7397e+11   36    1 8.7526e+11 8.7396e+11  0.15%  15.2 2478s
 277395 148560 8.7402e+11   70    2 8.7526e+11 8.7396e+11  0.15%  15.1 2485s
 278483 149362 8.7408e+11  104    1 8.7526e+11 8.7396e+11  0.15%  15.1 2492s
 279545 150071 8.7464e+11  138    1 8.7526e+11 8.7396e+11  0.15%  15.1 2496s
 280595 150748 8.7467e+11  172    1 8.7526e+11 8.7396e+11  0.15%  15.1 2503s
 281656 151357 8.7474e+11  206    1 8.7526e+11 8.7396e+11  0.15%  15.1 2508s
 282744 152079 8.7485e+11  240    1 8.7526e+11 8.7396e+11  0.15%  15.1 2514s
 283686 152079 8.7485e+11  240    1 8.7526e+11 8.7396e+11  0.15%  15.0 2515s
 284835 153965 8.7446e+11   99    1 8.7526e+11 8.7396e+11  0.15%  15.1 2525s
 285880 154736 8.7428e+11  125    1 8.7526e+11 8.7396e+11  0.15%  15.1 2530s
 286922 155225 8.7436e+11  154    1 8.7526e+11 8.7396e+11  0.15%  15.1 2537s
 287935 155835 8.7493e+11  187    2 8.7526e+11 8.7396e+11  0.15%  15.1 2543s
 289010 156556 8.7396e+11   44    1 8.7526e+11 8.7396e+11  0.15%  15.1 2547s
 290095 157371 8.7399e+11   78    1 8.7526e+11 8.7396e+11  0.15%  15.1 2554s
 291148 158321 8.7410e+11  112    1 8.7526e+11 8.7396e+11  0.15%  15.1 2559s
 292209 159082 8.7419e+11  146    2 8.7526e+11 8.7396e+11  0.15%  15.1 2566s
 293209 159715 8.7427e+11  167    2 8.7526e+11 8.7396e+11  0.15%  15.1 2573s
 294202 160237 8.7464e+11  186    2 8.7526e+11 8.7396e+11  0.15%  15.1 2579s
 295169 160951 8.7519e+11  208    1 8.7526e+11 8.7396e+11  0.15%  15.2 2586s
 296200 161764 8.7408e+11   42    1 8.7526e+11 8.7396e+11  0.15%  15.2 2593s
 297288 162546 8.7401e+11   66    1 8.7526e+11 8.7396e+11  0.15%  15.2 2601s
 298303 163377 8.7408e+11   97    1 8.7526e+11 8.7396e+11  0.15%  15.2 2608s
 299323 164143 8.7418e+11  131    1 8.7526e+11 8.7396e+11  0.15%  15.2 2615s
 300395 164802 8.7467e+11  163    1 8.7526e+11 8.7396e+11  0.15%  15.2 2621s
 301435 165448 8.7474e+11  197    1 8.7526e+11 8.7396e+11  0.15%  15.2 2626s
 302462 166064 8.7484e+11  231    3 8.7526e+11 8.7396e+11  0.15%  15.3 2631s
 303516 166811 8.7401e+11   60    1 8.7526e+11 8.7396e+11  0.15%  15.3 2638s
 304601 167607 8.7409e+11   94    1 8.7526e+11 8.7396e+11  0.15%  15.3 2645s
 305633 168423 8.7414e+11  128    1 8.7526e+11 8.7396e+11  0.15%  15.3 2653s
 306580 169133 8.7428e+11  159    2 8.7526e+11 8.7396e+11  0.15%  15.4 2658s
 307514 169744 8.7466e+11  180    2 8.7526e+11 8.7396e+11  0.15%  15.5 2663s
 308502 169765 8.7521e+11  198    1 8.7526e+11 8.7396e+11  0.15%  15.5 2677s
 308534 170404 8.7521e+11  199    1 8.7526e+11 8.7396e+11  0.15%  15.5 2684s
 309547 171115 8.7398e+11   57    1 8.7526e+11 8.7396e+11  0.15%  15.6 2689s
 310625 171863 8.7401e+11   91    1 8.7526e+11 8.7396e+11  0.15%  15.6 2694s
 311698 172740 8.7407e+11  125    1 8.7526e+11 8.7396e+11  0.15%  15.5 2699s
 312712 173543 8.7462e+11  159    1 8.7526e+11 8.7396e+11  0.15%  15.6 2706s
 313683 174273 8.7471e+11  193    2 8.7526e+11 8.7396e+11  0.15%  15.7 2712s
 314684 174801 8.7480e+11  227    1 8.7526e+11 8.7396e+11  0.15%  15.7 2717s
 315755 175456 8.7396e+11   37    2 8.7526e+11 8.7396e+11  0.15%  15.7 2722s
 316764 176285 8.7399e+11   71    1 8.7526e+11 8.7396e+11  0.15%  15.7 2727s
 317760 177058 8.7406e+11  105    1 8.7526e+11 8.7396e+11  0.15%  15.8 2735s
 318813 177755 8.7416e+11  139    1 8.7526e+11 8.7396e+11  0.15%  15.8 2743s
 319863 178371 8.7427e+11  165    1 8.7526e+11 8.7396e+11  0.15%  15.8 2749s
 320921 178873 8.7457e+11  195    1 8.7526e+11 8.7396e+11  0.15%  15.8 2754s
 322008 179556 8.7459e+11  229    2 8.7526e+11 8.7396e+11  0.15%  15.8 2764s
 323027 180491 8.7466e+11  263    1 8.7526e+11 8.7396e+11  0.15%  15.8 2772s
 324059 181433 8.7407e+11   69    1 8.7526e+11 8.7396e+11  0.15%  15.8 2779s
 325135 182070 8.7409e+11   99    2 8.7526e+11 8.7396e+11  0.15%  15.8 2785s
 326191 182420 8.7417e+11  131    1 8.7526e+11 8.7396e+11  0.15%  15.7 2792s
 327279 182955 8.7473e+11  162    1 8.7526e+11 8.7396e+11  0.15%  15.7 2796s
 328367 183758 8.7480e+11  196    1 8.7526e+11 8.7396e+11  0.15%  15.7 2801s
 329455 184710 infeasible  223      8.7526e+11 8.7396e+11  0.15%  15.7 2806s
 330543 185439 8.7402e+11   68    1 8.7526e+11 8.7396e+11  0.15%  15.6 2811s
 331631 185817 8.7408e+11  102    2 8.7526e+11 8.7396e+11  0.15%  15.6 2818s
 332537 186286 8.7417e+11  127    1 8.7526e+11 8.7396e+11  0.15%  15.6 2824s
 333601 186791 8.7466e+11  161    1 8.7526e+11 8.7396e+11  0.15%  15.5 2829s
 334678 187485 8.7474e+11  195    1 8.7526e+11 8.7396e+11  0.15%  15.5 2834s
 335761 188322 8.7484e+11  229    3 8.7526e+11 8.7396e+11  0.15%  15.5 2839s
