Set parameter TokenServer to value "license-1.hpc.nrel.gov"
Set parameter TimeLimit to value 3600
Set parameter MIPGap to value 0.001
Set parameter MIPGap to value 0.001
Set parameter TimeLimit to value 3600
Gurobi Optimizer version 9.5.1 build v9.5.1rc2 (linux64)
Thread count: 36 physical cores, 36 logical processors, using up to 32 threads
Optimize a model with 84446 rows, 992940 columns and 2037872 nonzeros
Model fingerprint: 0x4dd9da32
Variable types: 979004 continuous, 13936 integer (13936 binary)
Coefficient statistics:
  Matrix range     [1e+00, 1e+05]
  Objective range  [2e-01, 8e+08]
  Bounds range     [1e+05, 1e+08]
  RHS range        [8e-01, 2e+06]
Presolve removed 73460 rows and 56548 columns
Presolve time: 4.14s
Presolved: 10986 rows, 936392 columns, 1878948 nonzeros
Variable types: 933176 continuous, 3216 integer (3216 binary)

Deterministic concurrent LP optimizer: primal and dual simplex
Showing first log only...


Root simplex log...

Iteration    Objective       Primal Inf.    Dual Inf.      Time
       0    5.2332562e+11   8.205850e+05   1.891560e+10      7s
  171226    5.7304575e+11   1.594709e+05   2.612935e+10     10s
Concurrent spin time: 0.00s

Solved with dual simplex

Root relaxation: objective 8.739225e+11, 67434 iterations, 6.23 seconds (4.72 work units)

    Nodes    |    Current Node    |     Objective Bounds      |     Work
 Expl Unexpl |  Obj  Depth IntInf | Incumbent    BestBd   Gap | It/Node Time

     0     0 8.7392e+11    0    6          - 8.7392e+11      -     -   12s
H    0     0                    8.752610e+11 8.7392e+11  0.15%     -   12s
     0     0 8.7392e+11    0    3 8.7526e+11 8.7392e+11  0.15%     -   15s
     0     0 8.7392e+11    0    3 8.7526e+11 8.7392e+11  0.15%     -   18s
