Set parameter TokenServer to value "license-1.hpc.nrel.gov"
Set parameter TimeLimit to value 3600
Set parameter MIPGap to value 0.001
Set parameter MIPGap to value 0.001
Set parameter TimeLimit to value 3600
Gurobi Optimizer version 9.5.1 build v9.5.1rc2 (linux64)
Thread count: 36 physical cores, 36 logical processors, using up to 32 threads
Optimize a model with 80158 rows, 992940 columns and 2033584 nonzeros
Model fingerprint: 0x7169117b
Variable types: 979004 continuous, 13936 integer (13936 binary)
Coefficient statistics:
  Matrix range     [1e+00, 1e+05]
  Objective range  [2e-01, 8e+08]
  Bounds range     [1e+05, 1e+08]
  RHS range        [8e-01, 2e+06]
Presolve removed 68100 rows and 51188 columns
Presolve time: 4.86s
Presolved: 12058 rows, 941752 columns, 1889668 nonzeros
Variable types: 933176 continuous, 8576 integer (8576 binary)

Deterministic concurrent LP optimizer: primal and dual simplex
Showing first log only...


Root simplex log...

Iteration    Objective       Primal Inf.    Dual Inf.      Time
       0    5.0638287e+11   8.596100e+05   1.917889e+10      8s
  214815    5.8604093e+11   1.338116e+05   2.442331e+10     10s
Concurrent spin time: 0.00s

Solved with dual simplex

Root relaxation: objective 8.739225e+11, 81833 iterations, 6.95 seconds (5.32 work units)

    Nodes    |    Current Node    |     Objective Bounds      |     Work
 Expl Unexpl |  Obj  Depth IntInf | Incumbent    BestBd   Gap | It/Node Time

     0     0 8.7392e+11    0   14          - 8.7392e+11      -     -   14s
H    0     0                    8.752610e+11 8.7392e+11  0.15%     -   14s
     0     0 8.7392e+11    0    7 8.7526e+11 8.7392e+11  0.15%     -   17s
     0     0 8.7392e+11    0    7 8.7526e+11 8.7392e+11  0.15%     -   23s
     0     2 8.7392e+11    0    7 8.7526e+11 8.7392e+11  0.15%     -   28s
     3     8 8.7392e+11    2    7 8.7526e+11 8.7392e+11  0.15%   6.0   30s
    95   128 8.7393e+11    7    7 8.7526e+11 8.7392e+11  0.15%   6.7   45s
   159   192 8.7395e+11    8    7 8.7526e+11 8.7392e+11  0.15%   6.3  106s
   223   424 8.7395e+11   10    7 8.7526e+11 8.7392e+11  0.15%   7.1  113s
   423   961 8.7399e+11   15    7 8.7526e+11 8.7392e+11  0.15%  11.3  125s
   960  1532 8.7400e+11   32    7 8.7526e+11 8.7392e+11  0.15%  10.0  145s
  1531  2304 8.7401e+11   49    7 8.7526e+11 8.7392e+11  0.15%   8.6  160s
  2315  3127 8.7409e+11   72    7 8.7526e+11 8.7392e+11  0.15%   8.6  173s
  3152  3870 8.7412e+11  105    7 8.7526e+11 8.7392e+11  0.15%   8.3  185s
  3933  4413 8.7420e+11  138    7 8.7526e+11 8.7392e+11  0.15%   8.1  192s
  4926  4819 8.7484e+11  170    7 8.7526e+11 8.7392e+11  0.15%   7.8  198s
  5905  5449 8.7392e+11    7    7 8.7526e+11 8.7392e+11  0.15%   7.6  205s
  6880  6127 8.7398e+11   40    7 8.7526e+11 8.7392e+11  0.15%   7.8  212s
  7845  6901 8.7405e+11   73    7 8.7526e+11 8.7392e+11  0.15%   9.5  218s
  8786  7546 8.7415e+11  106   14 8.7526e+11 8.7392e+11  0.15%   9.7  224s
  9722  8123 8.7463e+11  137    7 8.7526e+11 8.7392e+11  0.15%  10.1  230s
 10633  8287 8.7470e+11  170    7 8.7526e+11 8.7392e+11  0.15%  10.6  239s
 10897  8288 8.7403e+11   59    7 8.7526e+11 8.7392e+11  0.15%  10.5  261s
 10899  8289 8.7439e+11  121   10 8.7526e+11 8.7392e+11  0.15%  10.5  272s
 10900  8290 8.7413e+11   66    5 8.7526e+11 8.7392e+11  0.15%  10.5  276s
 10902  8291 8.7418e+11   37    5 8.7526e+11 8.7392e+11  0.15%  10.5  281s
 10909  8305 8.7392e+11   12    5 8.7526e+11 8.7392e+11  0.15%  15.6  285s
 10997  8388 8.7395e+11   15    5 8.7526e+11 8.7392e+11  0.15%  15.5  305s
 11061  8430 8.7395e+11   16    5 8.7526e+11 8.7392e+11  0.15%  15.5  341s
 11195  8745 8.7397e+11   18    5 8.7526e+11 8.7392e+11  0.15%  15.5  347s
 11452  9281 8.7399e+11   24    5 8.7526e+11 8.7392e+11  0.15%  15.4  359s
 12074  9121 8.7403e+11   37    5 8.7526e+11 8.7392e+11  0.15%  15.0  373s
 12121  9933 8.7404e+11   38    5 8.7526e+11 8.7392e+11  0.15%  15.0  387s
 12955 10401 8.7401e+11   55    5 8.7526e+11 8.7392e+11  0.15%  14.4  402s
 13741 10171 8.7407e+11   71    5 8.7526e+11 8.7392e+11  0.15%  14.2  434s
 13774 10991 8.7402e+11   72    5 8.7526e+11 8.7392e+11  0.15%  14.2  448s
 14613 11384 8.7411e+11   99    5 8.7526e+11 8.7392e+11  0.15%  13.8  457s
 15622 11461 8.7416e+11  131    5 8.7526e+11 8.7392e+11  0.15%  13.3  464s
 16601 11565 8.7426e+11  164    4 8.7526e+11 8.7392e+11  0.15%  12.9  470s
 17582 11821 8.7484e+11  193    4 8.7526e+11 8.7392e+11  0.15%  12.7  476s
 18560 12245 8.7397e+11   23    5 8.7526e+11 8.7392e+11  0.15%  13.5  483s
 19535 12721 8.7440e+11   36   10 8.7526e+11 8.7392e+11  0.15%  13.9  489s
 20167 12510 8.7427e+11  152    6 8.7526e+11 8.7392e+11  0.15%  13.9  490s
 20487 13116 8.7496e+11   50    5 8.7526e+11 8.7392e+11  0.15%  14.1  496s
 21431 12827 8.7513e+11   62    5 8.7526e+11 8.7392e+11  0.15%  14.1  520s
 21464 12975 8.7524e+11   62    5 8.7526e+11 8.7392e+11  0.15%  14.1  566s
 21651 13454 8.7524e+11   61    5 8.7526e+11 8.7392e+11  0.15%  14.1  576s
 22597 13516 infeasible   78      8.7526e+11 8.7392e+11  0.15%  15.0  594s
 23259 13887 8.7396e+11   25    5 8.7526e+11 8.7392e+11  0.15%  16.2  600s
 24315 14253 8.7399e+11   58    5 8.7526e+11 8.7392e+11  0.15%  16.5  606s
 25357 14619 8.7405e+11   91    4 8.7526e+11 8.7392e+11  0.15%  16.8  611s
 26413 14916 8.7461e+11  123    5 8.7526e+11 8.7392e+11  0.15%  16.7  616s
 27469 15146 8.7464e+11  156    5 8.7526e+11 8.7392e+11  0.15%  16.5  620s
 28525 15348 8.7471e+11  189    4 8.7526e+11 8.7392e+11  0.15%  16.2  625s
 29581 15490 8.7481e+11  222    4 8.7526e+11 8.7392e+11  0.15%  16.0  634s
 30637 15718 8.7418e+11   28    5 8.7526e+11 8.7393e+11  0.15%  16.0  638s
 31690 16068 8.7453e+11   61   10 8.7526e+11 8.7393e+11  0.15%  15.9  643s
 32745 16510 8.7445e+11   91    4 8.7526e+11 8.7393e+11  0.15%  15.6  648s
 33790 16906 8.7451e+11  121    4 8.7526e+11 8.7393e+11  0.15%  15.5  653s
 34842 17083 8.7394e+11   17    5 8.7526e+11 8.7393e+11  0.15%  15.4  658s
 35898 17327 8.7420e+11   49    5 8.7526e+11 8.7393e+11  0.15%  15.2  663s
 36941 18037 8.7424e+11   78    5 8.7526e+11 8.7393e+11  0.15%  15.1  668s
 37966 18800 8.7429e+11  107    4 8.7526e+11 8.7393e+11  0.15%  15.0  673s
 38998 19472 8.7484e+11  139    5 8.7526e+11 8.7393e+11  0.15%  15.0  678s
 40038 20148 8.7492e+11  172    8 8.7526e+11 8.7393e+11  0.15%  14.9  685s
 41077 20904 8.7397e+11   22    5 8.7526e+11 8.7393e+11  0.15%  14.8  691s
 42114 21615 8.7450e+11   36    5 8.7526e+11 8.7393e+11  0.15%  14.6  697s
 43146 22135 8.7480e+11   46    5 8.7526e+11 8.7393e+11  0.15%  14.5  705s
 44107 22788 8.7399e+11   25    5 8.7526e+11 8.7393e+11  0.15%  14.4  711s
 45130 22808 8.7402e+11   58    5 8.7526e+11 8.7393e+11  0.15%  14.4  767s
 45167 23534 8.7402e+11   59    5 8.7526e+11 8.7393e+11  0.15%  14.4  773s
 46202 23735 8.7409e+11   92    4 8.7526e+11 8.7393e+11  0.15%  14.4  788s
 46490 24578 8.7414e+11  101    4 8.7526e+11 8.7393e+11  0.15%  14.4  795s
 47545 25463 8.7423e+11  134    8 8.7526e+11 8.7393e+11  0.15%  14.3  802s
 48590 26155 8.7430e+11  157    6 8.7526e+11 8.7393e+11  0.15%  14.2  807s
 49633 26674 8.7460e+11  177    5 8.7526e+11 8.7393e+11  0.15%  14.1  813s
 50689 27174 8.7462e+11  210    5 8.7526e+11 8.7393e+11  0.15%  14.1  818s
 51680 27798 8.7470e+11  243    4 8.7526e+11 8.7393e+11  0.15%  14.3  824s
 52654 28395 8.7396e+11   30    5 8.7526e+11 8.7393e+11  0.15%  14.5  830s
 53677 29210 8.7413e+11   59    8 8.7526e+11 8.7393e+11  0.15%  14.7  836s
 54733 29922 8.7419e+11   91    9 8.7526e+11 8.7393e+11  0.15%  14.6  842s
 55789 30515 8.7431e+11  122    4 8.7526e+11 8.7393e+11  0.15%  14.5  847s
 56845 30940 8.7478e+11  153    5 8.7526e+11 8.7393e+11  0.15%  14.4  851s
 57901 31516 8.7485e+11  184    4 8.7526e+11 8.7393e+11  0.15%  14.3  856s
 58956 31517 8.7444e+11   94    7 8.7526e+11 8.7393e+11  0.15%  14.3  900s
 58958 31518 8.7484e+11  218   10 8.7526e+11 8.7393e+11  0.15%  14.3  913s
 58959 31519 8.7458e+11  110    5 8.7526e+11 8.7393e+11  0.15%  14.3  917s
 58960 31520 8.7419e+11   75    5 8.7526e+11 8.7393e+11  0.15%  14.3  922s
 58961 31520 8.7452e+11  121    5 8.7526e+11 8.7393e+11  0.15%  14.3  927s
 58964 31527 8.7393e+11   21    5 8.7526e+11 8.7393e+11  0.15%  15.2  930s
 59056 31617 8.7395e+11   25    5 8.7526e+11 8.7393e+11  0.15%  15.2  951s
 59120 31659 8.7395e+11   26    5 8.7526e+11 8.7393e+11  0.15%  15.2 1069s
 59152 31695 8.7393e+11   27    5 8.7526e+11 8.7393e+11  0.15%  15.2 1070s
 59256 31758 8.7397e+11   28    5 8.7526e+11 8.7393e+11  0.15%  15.2 1086s
 59296 32211 8.7397e+11   29    5 8.7526e+11 8.7393e+11  0.15%  15.2 1094s
 59762 33030 8.7402e+11   38    5 8.7526e+11 8.7393e+11  0.15%  15.2 1114s
 60737 33561 8.7400e+11   55    5 8.7526e+11 8.7393e+11  0.15%  15.0 1128s
 61593 34109 8.7406e+11   71    5 8.7526e+11 8.7393e+11  0.15%  15.0 1142s
 62448 34403 8.7409e+11   90    5 8.7526e+11 8.7393e+11  0.15%  14.9 1151s
 63442 34530 8.7412e+11  121    4 8.7526e+11 8.7393e+11  0.15%  14.7 1158s
 64423 34697 8.7419e+11  153    4 8.7526e+11 8.7393e+11  0.15%  14.6 1165s
 65399 34869 8.7484e+11  185    8 8.7526e+11 8.7393e+11  0.15%  14.5 1170s
 66376 34565 8.7489e+11  218    4 8.7526e+11 8.7393e+11  0.15%  14.7 1224s
 66398 34557 8.7425e+11  152    3 8.7526e+11 8.7393e+11  0.15%  14.7 1225s
 66412 35465 8.7489e+11  219    4 8.7526e+11 8.7393e+11  0.15%  14.7 1231s
 67381 36058 8.7399e+11   41    5 8.7526e+11 8.7393e+11  0.15%  14.6 1238s
 68352 36542 8.7405e+11   57    5 8.7526e+11 8.7393e+11  0.15%  14.6 1245s
 69247 36687 8.7402e+11   74    5 8.7526e+11 8.7393e+11  0.15%  14.8 1253s
 70075 36917 8.7411e+11   95    5 8.7526e+11 8.7393e+11  0.15%  15.0 1260s
 70925 37149 8.7413e+11  126    4 8.7526e+11 8.7393e+11  0.15%  15.2 1269s
 71875 37452 8.7421e+11  159    4 8.7526e+11 8.7393e+11  0.15%  15.4 1277s
 72931 37906 8.7484e+11  191    8 8.7526e+11 8.7393e+11  0.15%  15.6 1285s
 73987 38527 8.7406e+11   54    5 8.7526e+11 8.7393e+11  0.15%  15.4 1292s
 75043 39167 8.7438e+11   83    5 8.7526e+11 8.7393e+11  0.15%  15.3 1297s
 76099 39829 8.7431e+11  114    4 8.7526e+11 8.7393e+11  0.15%  15.3 1304s
 77155 40180 8.7439e+11  144    4 8.7526e+11 8.7393e+11  0.15%  15.2 1311s
 78211 40194 8.7490e+11  176    5 8.7526e+11 8.7393e+11  0.15%  15.1 1317s
 79267 40417 8.7396e+11   31    5 8.7526e+11 8.7393e+11  0.15%  15.0 1323s
 80323 40941 8.7399e+11   35    5 8.7526e+11 8.7393e+11  0.15%  14.9 1329s
 81379 41577 8.7402e+11   64    5 8.7526e+11 8.7393e+11  0.15%  15.0 1336s
 82435 42188 8.7407e+11   81    5 8.7526e+11 8.7393e+11  0.15%  14.9 1343s
 83491 42454 8.7411e+11  108    5 8.7526e+11 8.7393e+11  0.15%  14.8 1349s
 84535 42123 8.7418e+11  141    4 8.7526e+11 8.7393e+11  0.15%  14.8 1395s
 84568 42527 8.7418e+11  142    8 8.7526e+11 8.7393e+11  0.15%  14.8 1403s
 85587 42707 8.7431e+11  175    4 8.7526e+11 8.7393e+11  0.15%  14.8 1409s
 86613 42985 8.7478e+11  186    4 8.7526e+11 8.7393e+11  0.15%  14.8 1416s
 87634 43334 8.7488e+11  219    4 8.7526e+11 8.7393e+11  0.15%  14.9 1423s
 88690 43889 8.7396e+11   43    5 8.7526e+11 8.7393e+11  0.15%  14.9 1432s
 89746 44529 8.7400e+11   76    4 8.7526e+11 8.7393e+11  0.15%  14.8 1437s
 90802 44849 8.7407e+11  109    4 8.7526e+11 8.7393e+11  0.15%  14.7 1443s
 91856 44853 8.7462e+11  141    5 8.7526e+11 8.7393e+11  0.15%  14.6 1449s
 92907 44949 8.7464e+11  174    5 8.7526e+11 8.7393e+11  0.15%  14.5 1455s
 93961 45219 8.7476e+11  207    4 8.7526e+11 8.7393e+11  0.15%  14.5 1460s
 95017 45648 8.7484e+11  240    8 8.7526e+11 8.7393e+11  0.15%  14.5 1465s
 96073 46149 8.7397e+11   46    5 8.7526e+11 8.7393e+11  0.15%  14.5 1470s
 97129 46501 8.7400e+11   79    4 8.7526e+11 8.7393e+11  0.15%  14.5 1475s
 98179 46648 8.7407e+11  112    4 8.7526e+11 8.7393e+11  0.15%  14.4 1480s
 99211 46641 8.7462e+11  144    5 8.7526e+11 8.7393e+11  0.15%  14.4 1487s
 100250 46644 8.7464e+11  177    5 8.7526e+11 8.7393e+11  0.15%  14.4 1503s
 101082 46954 8.7471e+11  203    4 8.7526e+11 8.7393e+11  0.15%  14.4 1508s
 102138 47351 8.7484e+11  236    4 8.7526e+11 8.7393e+11  0.15%  14.4 1514s
 103194 47924 8.7397e+11   43    5 8.7526e+11 8.7393e+11  0.15%  14.5 1519s
 104250 48570 8.7400e+11   76    4 8.7526e+11 8.7393e+11  0.15%  14.5 1524s
 105306 48884 8.7407e+11  109    4 8.7526e+11 8.7393e+11  0.15%  14.4 1529s
 106347 48910 8.7462e+11  142    5 8.7526e+11 8.7393e+11  0.15%  14.4 1534s
 107374 48583 8.7464e+11  175    5 8.7526e+11 8.7393e+11  0.15%  14.4 1585s
 107406 49018 8.7464e+11  176    5 8.7526e+11 8.7393e+11  0.15%  14.4 1591s
 108443 49265 8.7476e+11  209    4 8.7526e+11 8.7393e+11  0.15%  14.4 1599s
 109462 49741 8.7484e+11  242    8 8.7526e+11 8.7393e+11  0.15%  14.5 1605s
 110516 50386 8.7398e+11   49    5 8.7526e+11 8.7393e+11  0.15%  14.5 1611s
 111572 50921 8.7400e+11   82    9 8.7526e+11 8.7393e+11  0.15%  14.4 1615s
 112628 51140 8.7408e+11  115    4 8.7526e+11 8.7393e+11  0.15%  14.4 1620s
 113683 51019 8.7463e+11  147    5 8.7526e+11 8.7393e+11  0.15%  14.3 1626s
 114739 51122 8.7471e+11  180    8 8.7526e+11 8.7393e+11  0.15%  14.2 1633s
 115764 51525 8.7476e+11  213    4 8.7526e+11 8.7393e+11  0.15%  14.2 1638s
 116805 52043 8.7485e+11  246    4 8.7526e+11 8.7393e+11  0.15%  14.3 1644s
 117847 52692 8.7410e+11   55    5 8.7526e+11 8.7393e+11  0.15%  14.3 1657s
 118903 53142 8.7419e+11   85    5 8.7526e+11 8.7393e+11  0.15%  14.2 1665s
 119938 53491 8.7426e+11  115    4 8.7526e+11 8.7393e+11  0.15%  14.2 1671s
 120958 53600 8.7482e+11  145    5 8.7526e+11 8.7393e+11  0.15%  14.2 1678s
 121964 53784 8.7484e+11  178    5 8.7526e+11 8.7394e+11  0.15%  14.1 1684s
 123002 54178 8.7399e+11   33   10 8.7526e+11 8.7394e+11  0.15%  14.1 1691s
 124048 54481 8.7419e+11   66    5 8.7526e+11 8.7394e+11  0.15%  14.1 1699s
 125080 54779 8.7429e+11   96    4 8.7526e+11 8.7394e+11  0.15%  14.0 1705s
 126125 54975 8.7435e+11  127    4 8.7526e+11 8.7394e+11  0.15%  14.0 1712s
 127157 55163 8.7491e+11  157    5 8.7526e+11 8.7394e+11  0.15%  13.9 1720s
 128188 55495 8.7396e+11   38    5 8.7526e+11 8.7394e+11  0.15%  13.9 1726s
 129239 55959 8.7399e+11   71    5 8.7526e+11 8.7394e+11  0.15%  13.9 1734s
 130271 56412 8.7406e+11  104    5 8.7526e+11 8.7394e+11  0.15%  13.8 1742s
 131285 56651 8.7461e+11  136    5 8.7526e+11 8.7394e+11  0.15%  13.8 1748s
 132323 56864 8.7464e+11  169    5 8.7526e+11 8.7394e+11  0.15%  13.7 1753s
 133379 57028 8.7471e+11  202    4 8.7526e+11 8.7394e+11  0.15%  13.7 1759s
 134435 57338 8.7484e+11  235    4 8.7526e+11 8.7394e+11  0.15%  13.7 1765s
 135490 57757 8.7398e+11   46    5 8.7526e+11 8.7394e+11  0.15%  13.7 1771s
 136546 58171 8.7399e+11   79    9 8.7526e+11 8.7394e+11  0.15%  13.7 1777s
 137602 58308 8.7407e+11  112    4 8.7526e+11 8.7394e+11  0.15%  13.7 1795s
 138498 58460 8.7461e+11  139    5 8.7526e+11 8.7394e+11  0.15%  13.6 1801s
 139554 58634 8.7464e+11  172    5 8.7526e+11 8.7394e+11  0.15%  13.6 1806s
 140608 58911 8.7475e+11  205    4 8.7526e+11 8.7394e+11  0.15%  13.6 1811s
 141649 59229 8.7484e+11  238    8 8.7526e+11 8.7394e+11  0.15%  13.7 1816s
 142705 59608 8.7398e+11   48    5 8.7526e+11 8.7394e+11  0.15%  13.7 1821s
 143761 59975 8.7400e+11   81    4 8.7526e+11 8.7394e+11  0.15%  13.7 1826s
 144812 60128 8.7407e+11  114    4 8.7526e+11 8.7394e+11  0.15%  13.7 1831s
 145868 60222 8.7462e+11  146   10 8.7526e+11 8.7394e+11  0.15%  13.6 1836s
 146924 60414 8.7466e+11  179    4 8.7526e+11 8.7394e+11  0.15%  13.6 1845s
 147980 60628 8.7475e+11  212    4 8.7526e+11 8.7394e+11  0.15%  13.6 1850s
 149036 60996 8.7485e+11  245    8 8.7526e+11 8.7394e+11  0.15%  13.7 1855s
 150081 61432 8.7398e+11   55    5 8.7526e+11 8.7394e+11  0.15%  13.6 1860s
 151126 61844 8.7402e+11   88    4 8.7526e+11 8.7394e+11  0.15%  13.6 1865s
 152181 62016 8.7413e+11  121    4 8.7526e+11 8.7394e+11  0.15%  13.6 1870s
 153237 62275 8.7462e+11  153    5 8.7526e+11 8.7394e+11  0.15%  13.6 1875s
 155342 63311 8.7476e+11  219    4 8.7526e+11 8.7394e+11  0.15%  13.5 1884s
 156396 64013 8.7398e+11   30    5 8.7526e+11 8.7394e+11  0.15%  13.5 1890s
 157452 64695 8.7403e+11   63    5 8.7526e+11 8.7394e+11  0.15%  13.5 1895s
 158507 65370 8.7410e+11   96    4 8.7526e+11 8.7394e+11  0.15%  13.5 1900s
 159563 65927 8.7422e+11  129    4 8.7526e+11 8.7394e+11  0.15%  13.5 1905s
 160619 66529 8.7468e+11  161    5 8.7526e+11 8.7394e+11  0.15%  13.5 1910s
 161673 67127 8.7475e+11  194    8 8.7526e+11 8.7394e+11  0.15%  13.4 1915s
 162725 67783 8.7486e+11  227    8 8.7526e+11 8.7394e+11  0.15%  13.4 1920s
 163743 68525 8.7413e+11   39    5 8.7526e+11 8.7394e+11  0.15%  13.4 1926s
 164764 69220 8.7457e+11   52    5 8.7526e+11 8.7394e+11  0.15%  13.4 1932s
 165742 69756 8.7503e+11   65    5 8.7526e+11 8.7394e+11  0.15%  13.4 1938s
 166718 70496 8.7396e+11   35    5 8.7526e+11 8.7394e+11  0.15%  13.4 1943s
 167699 71310 8.7399e+11   68    4 8.7526e+11 8.7394e+11  0.15%  13.4 1949s
 168686 72193 8.7406e+11  101    4 8.7526e+11 8.7394e+11  0.15%  13.5 1955s
 169663 72898 8.7461e+11  134    5 8.7526e+11 8.7394e+11  0.15%  13.5 1963s
 170575 73480 8.7464e+11  167    5 8.7526e+11 8.7394e+11  0.15%  13.6 1972s
 171463 74079 8.7471e+11  200    4 8.7526e+11 8.7394e+11  0.15%  13.7 1980s
 172400 74830 8.7481e+11  233    4 8.7526e+11 8.7395e+11  0.15%  13.8 1986s
 173443 75752 8.7398e+11   47    5 8.7526e+11 8.7395e+11  0.15%  13.8 1992s
 174499 76664 8.7400e+11   78    4 8.7526e+11 8.7395e+11  0.15%  13.8 1997s
 175555 77423 8.7407e+11  107    4 8.7526e+11 8.7395e+11  0.15%  13.8 2002s
 176611 77821 8.7462e+11  139    5 8.7526e+11 8.7395e+11  0.15%  13.7 2010s
 177667 78198 8.7464e+11  171    5 8.7526e+11 8.7395e+11  0.15%  13.7 2015s
 179776 79576 8.7482e+11  234    4 8.7526e+11 8.7395e+11  0.15%  13.6 2023s
 180830 80515 8.7397e+11   40    5 8.7526e+11 8.7395e+11  0.15%  13.6 2028s
 181876 81274 8.7399e+11   73    4 8.7526e+11 8.7395e+11  0.15%  13.6 2032s
 182801 81814 8.7407e+11  106    4 8.7526e+11 8.7395e+11  0.15%  13.7 2037s
 183674 82266 8.7460e+11  138    5 8.7526e+11 8.7395e+11  0.15%  13.8 2042s
 184587 82873 8.7463e+11  171    5 8.7526e+11 8.7395e+11  0.15%  13.9 2048s
 185617 83576 8.7474e+11  204    4 8.7526e+11 8.7395e+11  0.15%  14.0 2053s
 186661 84561 8.7484e+11  237    4 8.7526e+11 8.7395e+11  0.15%  14.0 2058s
 187696 85587 8.7400e+11   45    5 8.7526e+11 8.7396e+11  0.15%  14.0 2063s
 188749 86546 8.7402e+11   73    4 8.7526e+11 8.7396e+11  0.15%  13.9 2068s
 189793 87204 8.7435e+11  104    5 8.7526e+11 8.7396e+11  0.15%  13.9 2073s
 190631 87686 8.7418e+11  126    4 8.7526e+11 8.7396e+11  0.15%  14.2 2077s
 191392 88296 8.7466e+11  157    5 8.7526e+11 8.7396e+11  0.15%  14.4 2082s
 192265 88992 8.7473e+11  190    4 8.7526e+11 8.7396e+11  0.15%  14.7 2088s
 193289 89770 8.7483e+11  221    4 8.7526e+11 8.7396e+11  0.15%  14.8 2093s
 194345 90775 8.7397e+11   47    5 8.7526e+11 8.7396e+11  0.15%  14.8 2097s
 195399 91720 8.7401e+11   80    4 8.7526e+11 8.7396e+11  0.15%  14.7 2102s
 196419 92206 8.7407e+11  113    4 8.7526e+11 8.7396e+11  0.15%  14.7 2106s
 197429 92477 8.7462e+11  145    5 8.7526e+11 8.7396e+11  0.15%  14.7 2111s
 198458 92825 8.7464e+11  178    5 8.7526e+11 8.7396e+11  0.15%  14.8 2115s
 199498 93462 8.7475e+11  211    4 8.7526e+11 8.7396e+11  0.15%  14.7 2120s
 200545 94424 8.7484e+11  244    8 8.7526e+11 8.7396e+11  0.15%  14.8 2126s
 201598 95424 8.7403e+11   50   10 8.7526e+11 8.7396e+11  0.15%  14.7 2131s
 202654 96303 8.7410e+11   81    5 8.7526e+11 8.7396e+11  0.15%  14.7 2136s
 203708 96928 8.7414e+11  107    5 8.7526e+11 8.7396e+11  0.15%  14.6 2140s
 204759 97711 8.7419e+11  140    4 8.7526e+11 8.7396e+11  0.15%  14.6 2146s
 205802 98500 8.7430e+11  173    4 8.7526e+11 8.7396e+11  0.15%  14.6 2155s
 206851 99280 8.7477e+11  197    4 8.7526e+11 8.7396e+11  0.15%  14.6 2163s
 207853 99993 8.7488e+11  229    4 8.7526e+11 8.7396e+11  0.15%  14.5 2170s
 208841 100569 8.7407e+11   62    8 8.7526e+11 8.7396e+11  0.15%  14.6 2178s
 209795 101185 8.7413e+11   95    8 8.7526e+11 8.7396e+11  0.15%  14.6 2184s
 210771 101873 8.7461e+11  124    5 8.7526e+11 8.7396e+11  0.15%  14.7 2191s
 211776 102734 8.7465e+11  150    5 8.7526e+11 8.7396e+11  0.15%  14.7 2198s
 212821 103517 8.7473e+11  183    4 8.7526e+11 8.7396e+11  0.15%  14.7 2204s
 213872 104282 8.7479e+11  216    4 8.7526e+11 8.7396e+11  0.15%  14.7 2211s
 214916 104891 infeasible  241      8.7526e+11 8.7396e+11  0.15%  14.7 2217s
 215960 105416 8.7398e+11   62    5 8.7526e+11 8.7396e+11  0.15%  14.6 2223s
 216985 105988 8.7405e+11   95    4 8.7526e+11 8.7396e+11  0.15%  14.6 2229s
 217238 105988 8.7491e+11   57    5 8.7526e+11 8.7396e+11  0.15%  14.6 2230s
 217999 106736 8.7416e+11  128    8 8.7526e+11 8.7396e+11  0.15%  14.6 2235s
 219030 107545 8.7426e+11  157    6 8.7526e+11 8.7396e+11  0.15%  14.6 2242s
 220053 108206 8.7455e+11  173    3 8.7526e+11 8.7396e+11  0.15%  14.6 2247s
 221094 108826 8.7464e+11  191    4 8.7526e+11 8.7396e+11  0.15%  14.6 2253s
 222125 109234 8.7474e+11  222    2 8.7526e+11 8.7396e+11  0.15%  14.6 2260s
 223136 109535 8.7413e+11   41    5 8.7526e+11 8.7396e+11  0.15%  14.6 2276s
 223652 110275 8.7436e+11   46    5 8.7526e+11 8.7396e+11  0.15%  14.6 2281s
 224692 111044 8.7492e+11   59    5 8.7526e+11 8.7396e+11  0.15%  14.6 2287s
 225731 111857 8.7517e+11   79    5 8.7526e+11 8.7396e+11  0.15%  14.6 2293s
 226784 112559 8.7415e+11   62    5 8.7526e+11 8.7396e+11  0.15%  14.5 2298s
 227819 113164 8.7417e+11   89    4 8.7526e+11 8.7396e+11  0.15%  14.5 2303s
 228831 113723 8.7425e+11  118    4 8.7526e+11 8.7396e+11  0.15%  14.5 2307s
 229860 114249 8.7480e+11  149    5 8.7526e+11 8.7396e+11  0.15%  14.6 2313s
 230913 114941 8.7488e+11  181    8 8.7526e+11 8.7396e+11  0.15%  14.6 2318s
 231932 115757 8.7399e+11   40    5 8.7526e+11 8.7396e+11  0.15%  14.6 2324s
 232940 116617 8.7404e+11   71    5 8.7526e+11 8.7396e+11  0.15%  14.6 2329s
 233968 117346 8.7411e+11  103    4 8.7526e+11 8.7396e+11  0.15%  14.6 2334s
 235024 117979 8.7419e+11  134    4 8.7526e+11 8.7396e+11  0.15%  14.6 2342s
 236073 118528 8.7469e+11  164    5 8.7526e+11 8.7396e+11  0.15%  14.6 2346s
 237111 119252 8.7476e+11  195    4 8.7526e+11 8.7396e+11  0.15%  14.6 2350s
 238147 120061 8.7487e+11  228    4 8.7526e+11 8.7396e+11  0.15%  14.5 2355s
 239188 120842 8.7400e+11   54    5 8.7526e+11 8.7396e+11  0.15%  14.5 2360s
 241256 122219 8.7414e+11  120    8 8.7526e+11 8.7396e+11  0.15%  14.5 2368s
 242204 122831 8.7425e+11  152    3 8.7526e+11 8.7396e+11  0.15%  14.6 2374s
 243033 123592 8.7431e+11  170    4 8.7526e+11 8.7396e+11  0.15%  14.8 2379s
 243859 124445 8.7466e+11  188    2 8.7526e+11 8.7396e+11  0.15%  14.9 2385s
 244758 125251 8.7468e+11  209    2 8.7526e+11 8.7396e+11  0.15%  15.0 2390s
 245762 126166 8.7478e+11  242    2 8.7526e+11 8.7396e+11  0.15%  15.1 2395s
 246805 127128 8.7414e+11   56   10 8.7526e+11 8.7396e+11  0.15%  15.1 2401s
 247859 127865 8.7423e+11   87    4 8.7526e+11 8.7396e+11  0.15%  15.1 2406s
 248913 128451 8.7448e+11  114    5 8.7526e+11 8.7396e+11  0.15%  15.1 2410s
 250347 129025 8.7403e+11   83    5 8.7526e+11 8.7396e+11  0.15%  15.1 2415s
 251969 130392 8.7398e+11   57    5 8.7526e+11 8.7396e+11  0.15%  15.1 2423s
 253010 131166 8.7405e+11   90    4 8.7526e+11 8.7396e+11  0.15%  15.1 2428s
 254031 131908 8.7415e+11  123    4 8.7526e+11 8.7396e+11  0.15%  15.1 2432s
 255027 132613 8.7462e+11  155    5 8.7526e+11 8.7396e+11  0.15%  15.1 2437s
 256022 133379 8.7470e+11  188    8 8.7526e+11 8.7396e+11  0.15%  15.2 2442s
 257045 134007 8.7480e+11  221    4 8.7526e+11 8.7396e+11  0.15%  15.2 2447s
 258082 134731 8.7396e+11   34    5 8.7526e+11 8.7396e+11  0.15%  15.2 2451s
 259114 135460 8.7402e+11   64    4 8.7526e+11 8.7396e+11  0.15%  15.2 2457s
 260127 136301 8.7408e+11   97    4 8.7526e+11 8.7396e+11  0.15%  15.2 2462s
 261145 137135 8.7455e+11  124    5 8.7526e+11 8.7396e+11  0.15%  15.2 2468s
 262177 137812 8.7461e+11  154    5 8.7526e+11 8.7396e+11  0.15%  15.2 2473s
 263227 138393 8.7468e+11  187    4 8.7526e+11 8.7396e+11  0.15%  15.2 2478s
 264249 139029 8.7477e+11  220    4 8.7526e+11 8.7396e+11  0.15%  15.2 2486s
 265279 139672 8.7397e+11   32    5 8.7526e+11 8.7396e+11  0.15%  15.2 2490s
 267371 140452 8.7417e+11   93    4 8.7526e+11 8.7396e+11  0.15%  15.2 2540s
 267403 141274 8.7441e+11   94    5 8.7526e+11 8.7396e+11  0.15%  15.2 2545s
 268443 141944 8.7426e+11  122    4 8.7526e+11 8.7396e+11  0.15%  15.2 2550s
 269483 142547 8.7475e+11  153    5 8.7526e+11 8.7396e+11  0.15%  15.2 2556s
 270493 143131 infeasible  186      8.7526e+11 8.7396e+11  0.15%  15.2 2562s
 271455 143916 8.7488e+11  218    4 8.7526e+11 8.7396e+11  0.15%  15.2 2567s
 272462 144719 8.7401e+11   60    5 8.7526e+11 8.7396e+11  0.15%  15.2 2572s
 273484 145400 8.7408e+11   93    4 8.7526e+11 8.7396e+11  0.15%  15.3 2578s
 274518 145959 8.7418e+11  126    4 8.7526e+11 8.7396e+11  0.15%  15.2 2583s
 275573 146449 8.7467e+11  158   10 8.7526e+11 8.7396e+11  0.15%  15.2 2587s
 276622 147039 8.7474e+11  191    8 8.7526e+11 8.7396e+11  0.15%  15.2 2592s
 277650 147746 8.7484e+11  224   12 8.7526e+11 8.7396e+11  0.15%  15.2 2597s
 278677 148529 8.7410e+11   51    5 8.7526e+11 8.7396e+11  0.15%  15.2 2604s
 279656 149245 8.7412e+11   80    4 8.7526e+11 8.7396e+11  0.15%  15.2 2609s
 280650 149937 8.7419e+11  109    4 8.7526e+11 8.7396e+11  0.15%  15.2 2615s
 281639 150661 8.7473e+11  138    5 8.7526e+11 8.7396e+11  0.15%  15.2 2621s
 282673 151440 8.7476e+11  171    5 8.7526e+11 8.7396e+11  0.15%  15.2 2626s
 283722 152260 8.7483e+11  203    4 8.7526e+11 8.7396e+11  0.15%  15.2 2633s
 284741 153078 8.7402e+11   36    5 8.7526e+11 8.7396e+11  0.15%  15.2 2638s
 285757 153692 8.7442e+11   45    5 8.7526e+11 8.7396e+11  0.15%  15.2 2645s
 286746 154297 8.7495e+11   56    5 8.7526e+11 8.7396e+11  0.15%  15.2 2651s
 287708 154996 8.7406e+11   39    5 8.7526e+11 8.7396e+11  0.15%  15.2 2658s
 288623 155813 8.7404e+11   55    5 8.7526e+11 8.7396e+11  0.15%  15.3 2664s
 289602 156627 8.7410e+11   70    5 8.7526e+11 8.7396e+11  0.15%  15.3 2670s
 290631 157393 8.7413e+11   86    5 8.7526e+11 8.7396e+11  0.15%  15.4 2676s
 291662 157926 8.7416e+11  117    4 8.7526e+11 8.7396e+11  0.15%  15.4 2684s
 292658 158543 8.7422e+11  149    8 8.7526e+11 8.7396e+11  0.15%  15.4 2689s
 293665 159211 8.7487e+11  181    4 8.7526e+11 8.7396e+11  0.15%  15.4 2698s
 294694 160065 8.7399e+11   40    5 8.7526e+11 8.7396e+11  0.15%  15.4 2703s
 295740 160910 8.7417e+11   73    5 8.7526e+11 8.7396e+11  0.15%  15.4 2710s
 297793 162378 8.7426e+11  130    4 8.7526e+11 8.7396e+11  0.15%  15.4 2720s
 298799 162904 8.7483e+11  160    5 8.7526e+11 8.7396e+11  0.15%  15.4 2725s
 299786 163450 infeasible  192      8.7526e+11 8.7396e+11  0.15%  15.4 2730s
 300779 164039 8.7401e+11   51   10 8.7526e+11 8.7396e+11  0.15%  15.4 2748s
 301659 164880 8.7403e+11   80   10 8.7526e+11 8.7396e+11  0.15%  15.5 2752s
 302653 165699 8.7410e+11  113    4 8.7526e+11 8.7396e+11  0.15%  15.5 2758s
 303687 166455 8.7465e+11  145    5 8.7526e+11 8.7396e+11  0.15%  15.5 2762s
 304733 167057 8.7467e+11  178    5 8.7526e+11 8.7396e+11  0.15%  15.5 2767s
 305723 167717 8.7479e+11  211    4 8.7526e+11 8.7396e+11  0.15%  15.6 2772s
 306707 168339 8.7399e+11   36    5 8.7526e+11 8.7396e+11  0.15%  15.6 2777s
 307730 169108 8.7402e+11   69    4 8.7526e+11 8.7396e+11  0.15%  15.6 2782s
 308759 170003 8.7409e+11  102    4 8.7526e+11 8.7396e+11  0.15%  15.6 2786s
 309781 170837 8.7464e+11  134    5 8.7526e+11 8.7396e+11  0.15%  15.7 2791s
 310816 171559 8.7467e+11  167    5 8.7526e+11 8.7396e+11  0.15%  15.7 2795s
 311827 172234 8.7474e+11  200    4 8.7526e+11 8.7396e+11  0.15%  15.7 2800s
 312748 172979 8.7485e+11  233    4 8.7526e+11 8.7396e+11  0.15%  15.8 2805s
 313652 173630 8.7399e+11   67    5 8.7526e+11 8.7396e+11  0.15%  15.9 2810s
 314644 174327 8.7405e+11   98    8 8.7526e+11 8.7396e+11  0.15%  16.0 2815s
 315685 175023 8.7417e+11  127    4 8.7526e+11 8.7396e+11  0.15%  16.0 2820s
 316735 175807 8.7463e+11  158    5 8.7526e+11 8.7396e+11  0.15%  16.0 2825s
 317791 176346 infeasible  190      8.7526e+11 8.7396e+11  0.15%  15.9 2830s
 318844 176958 8.7476e+11  220    4 8.7526e+11 8.7396e+11  0.15%  15.9 2835s
 320903 178302 8.7413e+11   71    4 8.7526e+11 8.7396e+11  0.15%  15.9 2844s
 321934 178982 8.7419e+11  101    4 8.7526e+11 8.7396e+11  0.15%  15.9 2848s
 322952 179686 8.7475e+11  132    5 8.7526e+11 8.7396e+11  0.15%  15.9 2857s
 323938 180466 8.7478e+11  165    5 8.7526e+11 8.7396e+11  0.15%  16.0 2861s
 324939 181267 8.7484e+11  196    4 8.7526e+11 8.7396e+11  0.15%  16.0 2866s
 325995 182043 8.7396e+11   36    5 8.7526e+11 8.7396e+11  0.15%  16.0 2872s
 327050 182663 8.7399e+11   69    5 8.7526e+11 8.7396e+11  0.15%  16.0 2877s
 328100 182679 8.7406e+11  102    4 8.7526e+11 8.7396e+11  0.15%  15.9 2923s
 328132 183265 8.7406e+11  103    4 8.7526e+11 8.7396e+11  0.15%  15.9 2927s
 329182 183939 8.7417e+11  136    4 8.7526e+11 8.7396e+11  0.15%  15.9 2933s
 330199 184661 8.7427e+11  160    3 8.7526e+11 8.7396e+11  0.15%  15.9 2938s
 331163 185390 8.7461e+11  173    3 8.7526e+11 8.7396e+11  0.15%  16.0 2943s
 332150 186102 8.7465e+11  189    4 8.7526e+11 8.7396e+11  0.15%  16.0 2949s
 333164 186861 8.7396e+11   30    5 8.7526e+11 8.7396e+11  0.15%  16.0 2955s
 334204 187642 8.7399e+11   63    5 8.7526e+11 8.7396e+11  0.15%  16.0 2961s
 335190 188175 8.7418e+11   96    4 8.7526e+11 8.7396e+11  0.15%  16.0 2967s
 336190 188745 8.7431e+11  128    5 8.7526e+11 8.7396e+11  0.15%  16.0 2972s
 337185 189386 8.7435e+11  157    4 8.7526e+11 8.7396e+11  0.15%  16.0 2978s
 338226 190211 8.7441e+11  188    4 8.7526e+11 8.7396e+11  0.15%  16.0 2983s
 339282 191111 8.7400e+11   42    5 8.7526e+11 8.7396e+11  0.15%  16.0 2988s
 340338 191873 8.7402e+11   75    5 8.7526e+11 8.7396e+11  0.15%  15.9 2993s
 341384 192428 8.7414e+11  108    4 8.7526e+11 8.7396e+11  0.15%  15.9 2998s
 342396 192905 8.7423e+11  141    8 8.7526e+11 8.7396e+11  0.15%  15.9 3005s
 343356 193441 8.7430e+11  162    9 8.7526e+11 8.7396e+11  0.15%  16.0 3011s
 344336 194151 8.7466e+11  178    2 8.7526e+11 8.7396e+11  0.15%  16.0 3017s
 345359 195024 8.7472e+11  200    2 8.7526e+11 8.7396e+11  0.15%  16.0 3022s
 346415 195925 8.7397e+11   53    5 8.7526e+11 8.7396e+11  0.15%  16.0 3026s
 347471 196608 8.7404e+11   81    5 8.7526e+11 8.7396e+11  0.15%  16.0 3032s
 348524 197237 8.7409e+11  113    4 8.7526e+11 8.7396e+11  0.15%  16.0 3037s
 349579 198060 8.7415e+11  146    4 8.7526e+11 8.7396e+11  0.15%  15.9 3044s
 350634 198860 8.7469e+11  175    5 8.7526e+11 8.7396e+11  0.15%  15.9 3050s
 351679 199644 8.7475e+11  200    4 8.7526e+11 8.7396e+11  0.15%  15.9 3056s
 352726 200393 8.7484e+11  233    4 8.7526e+11 8.7396e+11  0.15%  15.9 3064s
 353773 200981 8.7401e+11   48    5 8.7526e+11 8.7396e+11  0.15%  15.9 3069s
 354813 201559 8.7403e+11   81    5 8.7526e+11 8.7396e+11  0.15%  15.8 3075s
 355852 201717 8.7411e+11  113    4 8.7526e+11 8.7396e+11  0.15%  15.8 3090s
 356067 202432 8.7411e+11  117    4 8.7526e+11 8.7396e+11  0.15%  15.8 3095s
 357123 203182 8.7466e+11  149    5 8.7526e+11 8.7396e+11  0.15%  15.8 3101s
 358179 203905 8.7474e+11  182    8 8.7526e+11 8.7396e+11  0.15%  15.8 3106s
 359230 204613 8.7479e+11  215    4 8.7526e+11 8.7396e+11  0.15%  15.8 3111s
 360231 205254 8.7399e+11   41    5 8.7526e+11 8.7396e+11  0.15%  15.8 3116s
 361228 205937 8.7402e+11   74    5 8.7526e+11 8.7396e+11  0.15%  15.8 3121s
 362207 206752 8.7409e+11  107    4 8.7526e+11 8.7396e+11  0.15%  15.8 3126s
 363227 207613 8.7422e+11  140    4 8.7526e+11 8.7396e+11  0.15%  15.9 3131s
 364189 208483 8.7430e+11  164    6 8.7526e+11 8.7396e+11  0.15%  16.0 3136s
 365086 209295 8.7467e+11  181    4 8.7526e+11 8.7396e+11  0.15%  16.0 3141s
 366052 209893 8.7475e+11  204    2 8.7526e+11 8.7396e+11  0.15%  16.1 3147s
 367101 210571 8.7406e+11   37    5 8.7526e+11 8.7396e+11  0.15%  16.1 3153s
 368135 211384 8.7408e+11   54    5 8.7526e+11 8.7396e+11  0.15%  16.1 3159s
 369162 212277 8.7405e+11   70    5 8.7526e+11 8.7396e+11  0.15%  16.1 3166s
 370167 213196 8.7413e+11   86    5 8.7526e+11 8.7396e+11  0.15%  16.1 3172s
 371153 214205 8.7416e+11  117    4 8.7526e+11 8.7396e+11  0.15%  16.1 3176s
 372209 214911 8.7422e+11  148    8 8.7526e+11 8.7396e+11  0.15%  16.1 3181s
 373253 215328 8.7488e+11  180    4 8.7526e+11 8.7396e+11  0.15%  16.1 3186s
 374270 216035 8.7408e+11   39    5 8.7526e+11 8.7396e+11  0.15%  16.1 3191s
 375277 216886 8.7416e+11   70    5 8.7526e+11 8.7396e+11  0.15%  16.1 3196s
 376302 217822 8.7442e+11   99    5 8.7526e+11 8.7396e+11  0.15%  16.1 3202s
 377342 218600 8.7447e+11  128    8 8.7526e+11 8.7396e+11  0.15%  16.1 3208s
 378371 219283 8.7498e+11  158    5 8.7526e+11 8.7396e+11  0.15%  16.1 3215s
 379402 219307 8.7428e+11   41    5 8.7526e+11 8.7396e+11  0.15%  16.1 3262s
 379434 220136 8.7419e+11   43    5 8.7526e+11 8.7396e+11  0.15%  16.1 3269s
 380456 220159 8.7478e+11   56    5 8.7526e+11 8.7396e+11  0.15%  16.1 3321s
 380491 220933 8.7485e+11   57    5 8.7526e+11 8.7396e+11  0.15%  16.1 3328s
 381516 221683 8.7526e+11   72    5 8.7526e+11 8.7396e+11  0.15%  16.1 3334s
 382505 222503 8.7397e+11   46    5 8.7526e+11 8.7396e+11  0.15%  16.1 3343s
 383509 223343 8.7399e+11   79    5 8.7526e+11 8.7396e+11  0.15%  16.1 3348s
 384525 224108 8.7411e+11  112    4 8.7526e+11 8.7396e+11  0.15%  16.1 3354s
 385511 224733 8.7420e+11  145    8 8.7526e+11 8.7396e+11  0.15%  16.2 3359s
 386514 225203 8.7428e+11  168    4 8.7526e+11 8.7396e+11  0.15%  16.2 3364s
 387542 225795 8.7463e+11  187    4 8.7526e+11 8.7396e+11  0.15%  16.2 3369s
 388561 226563 8.7467e+11  205    3 8.7526e+11 8.7396e+11  0.15%  16.2 3375s
 389565 227449 8.7396e+11   35    5 8.7526e+11 8.7396e+11  0.15%  16.2 3380s
 390562 228287 8.7399e+11   68    5 8.7526e+11 8.7396e+11  0.15%  16.2 3386s
 391581 228840 8.7406e+11  101    4 8.7526e+11 8.7396e+11  0.15%  16.2 3393s
 392614 229361 8.7417e+11  134    4 8.7526e+11 8.7396e+11  0.15%  16.2 3400s
 393610 230106 8.7427e+11  158    6 8.7526e+11 8.7396e+11  0.15%  16.2 3405s
 394608 230906 8.7458e+11  178    4 8.7526e+11 8.7396e+11  0.15%  16.3 3411s
 395584 231781 8.7464e+11  193    4 8.7526e+11 8.7396e+11  0.15%  16.3 3416s
 396617 232487 8.7475e+11  221    2 8.7526e+11 8.7396e+11  0.15%  16.3 3422s
 397620 233073 8.7398e+11   60    5 8.7526e+11 8.7396e+11  0.15%  16.3 3428s
 398555 233684 8.7405e+11   93    4 8.7526e+11 8.7396e+11  0.15%  16.3 3433s
 399458 234305 8.7416e+11  126   12 8.7526e+11 8.7396e+11  0.15%  16.4 3439s
 400365 235097 8.7420e+11  148    4 8.7526e+11 8.7396e+11  0.15%  16.5 3445s
 401327 235793 8.7428e+11  169    8 8.7526e+11 8.7396e+11  0.15%  16.5 3452s
 402297 236521 8.7463e+11  189    7 8.7526e+11 8.7396e+11  0.15%  16.5 3459s
 403297 237294 8.7474e+11  217    2 8.7526e+11 8.7396e+11  0.15%  16.5 3465s
 404302 238220 8.7402e+11   47    5 8.7526e+11 8.7396e+11  0.15%  16.5 3472s
 405336 239170 8.7403e+11   80   10 8.7526e+11 8.7396e+11  0.15%  16.5 3479s
 406390 239864 8.7411e+11  113    4 8.7526e+11 8.7396e+11  0.15%  16.5 3484s
 407438 240351 8.7466e+11  145    5 8.7526e+11 8.7396e+11  0.15%  16.5 3490s
 408460 240892 8.7468e+11  178    5 8.7526e+11 8.7396e+11  0.15%  16.4 3497s
 409452 241614 8.7479e+11  211    4 8.7526e+11 8.7396e+11  0.15%  16.5 3503s
 410440 242484 8.7400e+11   38    5 8.7526e+11 8.7396e+11  0.15%  16.5 3509s
 411450 243277 8.7403e+11   71    4 8.7526e+11 8.7396e+11  0.15%  16.5 3519s
 412443 244008 8.7410e+11  104    4 8.7526e+11 8.7396e+11  0.15%  16.5 3526s
 413445 244648 8.7465e+11  136    5 8.7526e+11 8.7396e+11  0.15%  16.5 3532s
 414450 245205 8.7468e+11  169    5 8.7526e+11 8.7396e+11  0.15%  16.5 3538s
 415432 245785 8.7474e+11  202    4 8.7526e+11 8.7396e+11  0.15%  16.6 3544s
 416434 246610 infeasible  232      8.7526e+11 8.7396e+11  0.15%  16.6 3549s
 417148 246610 8.7473e+11  208    4 8.7526e+11 8.7396e+11  0.15%  16.6 3550s
 417472 247516 8.7402e+11   62    5 8.7526e+11 8.7396e+11  0.15%  16.6 3556s
 418518 248411 8.7409e+11   91    4 8.7526e+11 8.7396e+11  0.15%  16.6 3562s
 419552 249038 8.7417e+11  121    4 8.7526e+11 8.7396e+11  0.15%  16.6 3567s
 420577 249489 8.7466e+11  151    5 8.7526e+11 8.7396e+11  0.15%  16.5 3574s
 421604 249995 8.7474e+11  184    4 8.7526e+11 8.7396e+11  0.15%  16.5 3581s
 422657 250666 8.7480e+11  215    4 8.7526e+11 8.7396e+11  0.15%  16.5 3586s
 423672 250930 8.7397e+11   39    5 8.7526e+11 8.7396e+11  0.15%  16.5 3600s

Cutting planes:
  Implied bound: 2
  Flow cover: 1
  Relax-and-lift: 2

Explored 424024 nodes (7081599 simplex iterations) in 3600.36 seconds (2416.91 work units)
Thread count was 32 (of 36 available processors)

Solution count 1: 8.75261e+11 

Time limit reached
Best objective 8.752609548069e+11, best bound 8.739648054762e+11, gap 0.1481%

User-callback calls 1244804, time in user-callback 0.41 sec
Set parameter TokenServer to value "license-1.hpc.nrel.gov"
Set parameter TimeLimit to value 3600
Set parameter MIPGap to value 0.001
Set parameter MIPGap to value 0.001
Set parameter TimeLimit to value 3600
Gurobi Optimizer version 9.5.1 build v9.5.1rc2 (linux64)
Thread count: 36 physical cores, 36 logical processors, using up to 32 threads
Optimize a model with 80158 rows, 992940 columns and 2033584 nonzeros
Model fingerprint: 0x7653c819
Coefficient statistics:
  Matrix range     [1e+00, 1e+05]
  Objective range  [2e-01, 8e+08]
  Bounds range     [1e+00, 1e+08]
  RHS range        [8e-01, 2e+06]

Concurrent LP optimizer: primal simplex, dual simplex, and barrier
Showing barrier log only...

Presolve removed 72360 rows and 410612 columns
Presolve time: 1.12s
Presolved: 7798 rows, 582328 columns, 1160340 nonzeros

Ordering time: 0.02s

Barrier statistics:
 AA' NZ     : 5.780e+05
 Factor NZ  : 1.063e+06 (roughly 240 MB of memory)
 Factor Ops : 1.876e+08 (less than 1 second per iteration)
 Threads    : 30

                  Objective                Residual
Iter       Primal          Dual         Primal    Dual     Compl     Time
   0   3.82094050e+12 -3.20599338e+11  4.74e+06 2.55e+02  8.17e+07     1s
   1   1.00877346e+12  4.78207886e+11  1.45e+05 2.27e-12  3.12e+06     1s
   2   9.15003365e+11  7.30733710e+11  4.91e+03 3.23e-01  3.83e+05     2s
   3   9.10541768e+11  7.94356946e+11  2.80e+03 1.82e-12  2.33e+05     2s
   4   8.99513813e+11  8.30464253e+11  9.78e+02 1.23e+00  1.29e+05     2s
   5   8.94933452e+11  8.48830546e+11  6.68e+02 1.82e-12  8.54e+04     2s
   6   8.87500050e+11  8.60836214e+11  2.28e+02 4.44e-01  4.75e+04     2s
   7   8.85827736e+11  8.65701560e+11  1.82e+02 2.85e-01  3.58e+04     2s
   8   8.81713906e+11  8.70120952e+11  7.60e+01 1.95e-01  2.03e+04     2s
   9   8.80095630e+11  8.72217874e+11  5.18e+01 1.21e-01  1.37e+04     2s
  10   8.78625141e+11  8.73603637e+11  3.43e+01 6.96e-02  8.71e+03     2s
  11   8.77691943e+11  8.74253523e+11  2.33e+01 4.80e-02  5.95e+03     2s

Barrier performed 11 iterations in 2.21 seconds (1.51 work units)
Barrier solve interrupted - model solved by another algorithm


Solved with primal simplex
Solved in 63428 iterations and 2.22 seconds (1.32 work units)
Optimal objective  8.752609548e+11

User-callback calls 144, time in user-callback 0.00 sec
[ Info:  started timer at: 2023-03-27T13:33:34.236
[ Info: Reading /projects/pvsoiling/RELOG/Manufacturing_cap_40209_1/input/solver/case.json...
[ Info:          134 collection centers
[ Info:          268 candidate plant locations
[ Info: Building graph...
[ Info:           26 time periods
[ Info:          268 process nodes
[ Info:          268 shipping nodes (plant)
[ Info:          134 shipping nodes (collection)
[ Info:        36180 arcs
[ Info: Building optimization model...
[ Info: Optimizing MILP...
[ Info: Re-optimizing with integer variables fixed...
[ Info: Extracting solution...
[ Info:       3651.265800968s: 1 hour, 51 seconds, 265 milliseconds
