Set parameter TokenServer to value "license-1.hpc.nrel.gov"
Set parameter TimeLimit to value 3600
Set parameter MIPGap to value 0.001
Set parameter MIPGap to value 0.001
Set parameter TimeLimit to value 3600
Gurobi Optimizer version 9.5.1 build v9.5.1rc2 (linux64)
Thread count: 36 physical cores, 36 logical processors, using up to 32 threads
Optimize a model with 84446 rows, 992940 columns and 2037872 nonzeros
Model fingerprint: 0x4dd9da32
Variable types: 979004 continuous, 13936 integer (13936 binary)
Coefficient statistics:
  Matrix range     [1e+00, 1e+05]
  Objective range  [2e-01, 8e+08]
  Bounds range     [1e+05, 1e+08]
  RHS range        [8e-01, 2e+06]
Presolve removed 73460 rows and 56548 columns
Presolve time: 4.16s
Presolved: 10986 rows, 936392 columns, 1878948 nonzeros
Variable types: 933176 continuous, 3216 integer (3216 binary)

Deterministic concurrent LP optimizer: primal and dual simplex
Showing first log only...


Root simplex log...

Iteration    Objective       Primal Inf.    Dual Inf.      Time
       0    5.2332562e+11   8.205850e+05   1.891560e+10      7s
  171226    5.7304575e+11   1.594709e+05   2.612935e+10     10s
Concurrent spin time: 0.00s

Solved with dual simplex

Root relaxation: objective 8.739225e+11, 67434 iterations, 6.24 seconds (4.72 work units)

    Nodes    |    Current Node    |     Objective Bounds      |     Work
 Expl Unexpl |  Obj  Depth IntInf | Incumbent    BestBd   Gap | It/Node Time

     0     0 8.7392e+11    0    6          - 8.7392e+11      -     -   12s
H    0     0                    8.752610e+11 8.7392e+11  0.15%     -   12s
     0     0 8.7392e+11    0    3 8.7526e+11 8.7392e+11  0.15%     -   15s
     0     0 8.7392e+11    0    3 8.7526e+11 8.7392e+11  0.15%     -   18s
     0     2 8.7392e+11    0    3 8.7526e+11 8.7392e+11  0.15%     -   23s
     3     8 8.7392e+11    2    3 8.7526e+11 8.7392e+11  0.15%   6.0   25s
    95   128 8.7393e+11    7    3 8.7526e+11 8.7392e+11  0.15%   4.7   44s
   127   160 8.7393e+11    8    3 8.7526e+11 8.7392e+11  0.15%   4.4   46s
   159   192 8.7395e+11    8    3 8.7526e+11 8.7392e+11  0.15%   4.6   90s
   223   424 8.7395e+11   10    3 8.7526e+11 8.7392e+11  0.15%   4.9   97s
   423  1057 8.7397e+11   15    3 8.7526e+11 8.7392e+11  0.15%   4.5  108s
  1056  1719 8.7400e+11   34    3 8.7526e+11 8.7392e+11  0.15%   5.2  119s
  1730  2347 8.7402e+11   53    3 8.7526e+11 8.7392e+11  0.15%   5.3  131s
  2414  3063 8.7409e+11   74    3 8.7526e+11 8.7392e+11  0.15%   5.6  140s
  3178  3908 8.7413e+11  107    3 8.7526e+11 8.7392e+11  0.15%   5.3  150s
  4092  4797 8.7420e+11  140    3 8.7526e+11 8.7392e+11  0.15%   5.3  157s
  5073  5679 8.7484e+11  172    6 8.7526e+11 8.7392e+11  0.15%   5.4  163s
  6030  6552 8.7392e+11    7    3 8.7526e+11 8.7392e+11  0.15%   5.8  168s
  6986  7426 8.7406e+11   38    3 8.7526e+11 8.7392e+11  0.15%   6.8  177s
  7929  8352 8.7409e+11   69    3 8.7526e+11 8.7392e+11  0.15%   8.3  185s
  8878  9214 8.7416e+11   99    3 8.7526e+11 8.7392e+11  0.15%   8.6  191s
  9829  9462 8.7471e+11  127    6 8.7526e+11 8.7392e+11  0.15%   9.1  204s
 10211 10092 8.7472e+11  138    3 8.7526e+11 8.7392e+11  0.15%   9.4  211s
