Set parameter TokenServer to value "license-1.hpc.nrel.gov"
Set parameter TimeLimit to value 3600
Set parameter MIPGap to value 0.001
Set parameter MIPGap to value 0.001
Set parameter TimeLimit to value 3600
Gurobi Optimizer version 9.5.1 build v9.5.1rc2 (linux64)
Thread count: 36 physical cores, 36 logical processors, using up to 32 threads
Optimize a model with 91240 rows, 1140828 columns and 2336040 nonzeros
Model fingerprint: 0xe4b8858e
Variable types: 1124760 continuous, 16068 integer (16068 binary)
Coefficient statistics:
  Matrix range     [1e+00, 1e+02]
  Objective range  [3e-01, 1e+09]
  Bounds range     [1e+02, 1e+08]
  RHS range        [8e-01, 2e+06]
Warning: Model contains large objective coefficients
         Consider reformulating model or setting NumericFocus parameter
         to avoid numerical issues.
Presolve removed 47897 rows and 48513 columns
Presolve time: 0.49s

Explored 0 nodes (0 simplex iterations) in 0.93 seconds (0.75 work units)
Thread count was 1 (of 36 available processors)

Solution count 0

Model is infeasible or unbounded
Best objective -, best bound -, gap -

User-callback calls 385, time in user-callback 0.00 sec
[ Info:  started timer at: 2023-03-24T12:59:36.146
[ Info: Reading /projects/pvsoiling/RELOG/Manufacturing_cap_NAICS_0001/input/solver/case.json...
[ Info:          134 collection centers
[ Info:          309 candidate plant locations
[ Info: Building graph...
[ Info:               26 time periods
[ Info:              309 process nodes
[ Info:              309 shipping nodes (plant)
[ Info:              134 shipping nodes (collection)
[ Info:            41715 arcs
[ Info: Building optimization model...
[ Info: Optimizing MILP...
