Set parameter TokenServer to value "license-1.hpc.nrel.gov"
Set parameter TimeLimit to value 3600
Set parameter MIPGap to value 0.001
Set parameter MIPGap to value 0.001
Set parameter TimeLimit to value 3600
Gurobi Optimizer version 9.5.1 build v9.5.1rc2 (linux64)
Thread count: 36 physical cores, 36 logical processors, using up to 32 threads
Optimize a model with 288636 rows, 1198496 columns and 2444160 nonzeros
Model fingerprint: 0xd88cf924
Variable types: 1184560 continuous, 13936 integer (13936 binary)
Coefficient statistics:
  Matrix range     [3e-06, 7e+03]
  Objective range  [1e-01, 1e+08]
  Bounds range     [7e+03, 1e+08]
  RHS range        [1e-03, 2e+05]
Presolve removed 271484 rows and 251116 columns
Presolve time: 3.10s
Presolved: 17152 rows, 947380 columns, 1901192 nonzeros
Variable types: 947112 continuous, 268 integer (268 binary)

Deterministic concurrent LP optimizer: primal and dual simplex
Showing first log only...


Root simplex log...

Iteration    Objective       Primal Inf.    Dual Inf.      Time
       0    2.6986401e+10   8.467717e+05   6.998768e+11      7s
  210216    3.5444095e+10   0.000000e+00   0.000000e+00     10s
Concurrent spin time: 0.00s

Solved with primal simplex

Root relaxation: objective 3.544410e+10, 210216 iterations, 5.59 seconds (4.85 work units)

    Nodes    |    Current Node    |     Objective Bounds      |     Work
 Expl Unexpl |  Obj  Depth IntInf | Incumbent    BestBd   Gap | It/Node Time

     0     0 3.5444e+10    0    2          - 3.5444e+10      -     -   10s
H    0     0                    3.557778e+10 3.5444e+10  0.38%     -   11s
     0     0 3.5444e+10    0    2 3.5578e+10 3.5444e+10  0.38%     -   14s
     0     0 3.5444e+10    0    2 3.5578e+10 3.5444e+10  0.38%     -   16s
     0     0 3.5444e+10    0    2 3.5578e+10 3.5444e+10  0.38%     -   19s
     0     2 3.5444e+10    0    2 3.5578e+10 3.5444e+10  0.38%     -   24s
     3     8 3.5445e+10    2    1 3.5578e+10 3.5444e+10  0.38%   110   25s
    31    64 3.5445e+10    5    1 3.5578e+10 3.5444e+10  0.38%  83.8   30s
    95   128 3.5445e+10    7    1 3.5578e+10 3.5444e+10  0.38%   101   37s
   159   192 3.5445e+10    9    1 3.5578e+10 3.5444e+10  0.38%  92.4   41s
   223   260 3.5445e+10   11    1 3.5578e+10 3.5444e+10  0.38%  96.8   46s
   310   343 3.5445e+10   13    1 3.5578e+10 3.5444e+10  0.38%  92.4   93s
   342   400 3.5445e+10   14    2 3.5578e+10 3.5444e+10  0.38%  96.4   95s
   510   579 3.5445e+10   19    1 3.5578e+10 3.5444e+10  0.38%  88.8  102s
   644   723 3.5445e+10   23    1 3.5578e+10 3.5444e+10  0.38%  87.7  106s
   798   882 3.5446e+10   28    1 3.5578e+10 3.5444e+10  0.38%  83.3  111s
   881   945 3.5446e+10   30    1 3.5578e+10 3.5444e+10  0.38%  83.0  133s
   944  1038 3.5446e+10   32    1 3.5578e+10 3.5444e+10  0.38%  82.1  136s
  1131  1230 3.5446e+10   37    1 3.5578e+10 3.5444e+10  0.38%  83.4  141s
  1340  1456 3.5447e+10   45    1 3.5578e+10 3.5444e+10  0.38%  79.7  146s
  1558  1704 3.5447e+10   52    1 3.5578e+10 3.5444e+10  0.38%  79.0  154s
  1703  1736 3.5447e+10   58    2 3.5578e+10 3.5444e+10  0.38%  80.5  201s
  1908  2062 3.5447e+10   66    1 3.5578e+10 3.5444e+10  0.38%  78.5  208s
  2061  2232 3.5447e+10   71    1 3.5578e+10 3.5444e+10  0.38%  78.2  213s
  2232  2386 3.5447e+10   76    1 3.5578e+10 3.5444e+10  0.38%  79.1  216s
  2400  2571 3.5448e+10   83    1 3.5578e+10 3.5444e+10  0.38%  79.2  221s
  2601  2750 3.5448e+10   90    1 3.5578e+10 3.5444e+10  0.38%  79.5  225s
  2823  2962 3.5449e+10   98    2 3.5578e+10 3.5444e+10  0.38%  76.8  230s
  3426  3440 3.5450e+10  116    1 3.5578e+10 3.5444e+10  0.38%  71.1  239s
  3736  3743 3.5450e+10  126    2 3.5578e+10 3.5444e+10  0.38%  68.4  243s
  4102  4234 3.5450e+10  140    1 3.5578e+10 3.5444e+10  0.38%  66.1  248s
  4620  4589 3.5452e+10  159    1 3.5578e+10 3.5444e+10  0.38%  62.5  252s
  4982  5064 3.5453e+10  171    1 3.5578e+10 3.5444e+10  0.38%  60.7  257s
  5465  5495 3.5456e+10  187    1 3.5578e+10 3.5444e+10  0.38%  57.9  261s
  5948  5880 infeasible  197      3.5578e+10 3.5444e+10  0.38%  61.7  266s
  6365  6292 3.5533e+10  206    2 3.5578e+10 3.5444e+10  0.38%  68.6  271s
  6785  6677 3.5537e+10  216    2 3.5578e+10 3.5444e+10  0.38%  75.7  276s
  7194  6981 3.5537e+10  223    1 3.5578e+10 3.5444e+10  0.38%  82.7  280s
  7530  7297 3.5541e+10  232    2 3.5578e+10 3.5444e+10  0.38%  93.0  285s
  7868  7513 3.5542e+10  240    1 3.5578e+10 3.5444e+10  0.38%   104  291s
  8136  7806     cutoff  250      3.5578e+10 3.5444e+10  0.38%   118  297s
  8563  8432 3.5563e+10  257    1 3.5578e+10 3.5444e+10  0.38%   128  303s
  9311  9167 3.5444e+10    7    2 3.5578e+10 3.5444e+10  0.38%   125  309s
 10135  9949 3.5447e+10   14    2 3.5578e+10 3.5444e+10  0.38%   120  315s
 11020  9950 3.5469e+10   91    2 3.5578e+10 3.5444e+10  0.38%   115  385s
 11022  9951 3.5465e+10   20    2 3.5578e+10 3.5444e+10  0.38%   115  411s
 11024  9953 3.5466e+10   42    2 3.5578e+10 3.5444e+10  0.38%   114  427s
 11025  9953 3.5554e+10   82    2 3.5578e+10 3.5444e+10  0.38%   114  442s
 11027  9955 3.5543e+10  220    2 3.5578e+10 3.5444e+10  0.38%   114  449s
 11028  9958 3.5444e+10   14    1 3.5578e+10 3.5444e+10  0.38%   132  452s
 11042  9982 3.5445e+10   17    1 3.5578e+10 3.5444e+10  0.38%   132  455s
 11090 10030 3.5445e+10   19    1 3.5578e+10 3.5444e+10  0.38%   132  460s
 11122 10051 3.5450e+10   19    1 3.5578e+10 3.5444e+10  0.38%   131  474s
 11154 10072 3.5445e+10   20    1 3.5578e+10 3.5444e+10  0.38%   131  477s
 11186 10094 3.5450e+10   20    1 3.5578e+10 3.5444e+10  0.38%   131  480s
 11253 10138 3.5450e+10   21    1 3.5578e+10 3.5444e+10  0.38%   131  580s
 11338 10215 3.5445e+10   23    1 3.5578e+10 3.5444e+10  0.38%   131  586s
 11451 10315 3.5450e+10   25    1 3.5578e+10 3.5444e+10  0.38%   131  591s
 11528 10376 3.5445e+10   27    2 3.5578e+10 3.5444e+10  0.38%   130  595s
 11692 10502 3.5445e+10   31    1 3.5578e+10 3.5444e+10  0.38%   130  602s
 11795 10552 3.5445e+10   33    1 3.5578e+10 3.5444e+10  0.38%   130  606s
 11879 10585 3.5445e+10   35    2 3.5578e+10 3.5444e+10  0.38%   129  610s
 11940 10662 3.5451e+10   35    1 3.5578e+10 3.5444e+10  0.38%   129  615s
 12147 10825 3.5446e+10   41    1 3.5578e+10 3.5444e+10  0.38%   128  623s
 12270 10882 3.5446e+10   44    1 3.5578e+10 3.5444e+10  0.38%   128  627s
 12368 10950 3.5446e+10   47    1 3.5578e+10 3.5444e+10  0.38%   128  633s
 12468 10948 3.5446e+10   50    1 3.5578e+10 3.5444e+10  0.38%   127  731s
 12500 10970 3.5460e+10   50    1 3.5578e+10 3.5444e+10  0.38%   127  827s
 12532 11056 3.5446e+10   51    1 3.5578e+10 3.5444e+10  0.38%   127  832s
 12629 11136 3.5460e+10   54    1 3.5578e+10 3.5444e+10  0.38%   127  838s
 12741 11246 3.5447e+10   58    1 3.5578e+10 3.5444e+10  0.38%   127  844s
 12889 11341 3.5447e+10   62    1 3.5578e+10 3.5444e+10  0.38%   126  849s
 13033 11467 3.5447e+10   68    1 3.5578e+10 3.5444e+10  0.38%   126  854s
 13216 11585 3.5447e+10   74    2 3.5578e+10 3.5444e+10  0.38%   126  860s
 13407 11741 3.5447e+10   81    1 3.5578e+10 3.5444e+10  0.38%   125  867s
 13636 11895 3.5447e+10   88    2 3.5578e+10 3.5444e+10  0.38%   124  875s
 13884 12011 3.5448e+10   95    2 3.5578e+10 3.5444e+10  0.38%   124  882s
 14123 12165 3.5448e+10  103    1 3.5578e+10 3.5444e+10  0.38%   123  887s
 14414 12349 3.5476e+10  111    1 3.5578e+10 3.5444e+10  0.38%   122  894s
 14719 12570 3.5479e+10  119    1 3.5578e+10 3.5444e+10  0.38%   121  902s
 15112 12784 3.5480e+10  129    1 3.5578e+10 3.5444e+10  0.38%   119  907s
 15528 13065 3.5450e+10  140    1 3.5578e+10 3.5444e+10  0.38%   117  914s
 16022 13326 3.5450e+10  151    2 3.5578e+10 3.5444e+10  0.38%   114  920s
 16479 13590 3.5488e+10  161    1 3.5578e+10 3.5444e+10  0.38%   112  927s
 16898 13913 3.5452e+10  171    1 3.5578e+10 3.5444e+10  0.38%   111  933s
 17392 14105 3.5453e+10  182    1 3.5578e+10 3.5444e+10  0.38%   110  939s
 17801 14355 3.5453e+10  192    1 3.5578e+10 3.5444e+10  0.38%   112  947s
 18217 14520 3.5524e+10  203    3 3.5578e+10 3.5444e+10  0.38%   114  953s
 18577 14702 infeasible  212      3.5578e+10 3.5444e+10  0.38%   118  961s
 18938 14791 3.5534e+10  221    1 3.5578e+10 3.5444e+10  0.38%   121  971s
 19196 14904 infeasible  229      3.5578e+10 3.5444e+10  0.38%   127  981s
 19513 15070     cutoff  239      3.5578e+10 3.5444e+10  0.38%   130  989s
 19988 15327     cutoff  247      3.5578e+10 3.5444e+10  0.38%   131  999s
 20509 15528 3.5543e+10  257    1 3.5578e+10 3.5444e+10  0.38%   132 1009s
 20976 15613     cutoff  265      3.5578e+10 3.5444e+10  0.38%   133 1018s
 21024 15597     cutoff  264      3.5578e+10 3.5444e+10  0.38%   133 1033s
 21377 15869 3.5460e+10   46    2 3.5578e+10 3.5444e+10  0.38%   134 1043s
 21866 16080 3.5462e+10   56    2 3.5578e+10 3.5444e+10  0.38%   134 1054s
 22359 16314 3.5469e+10   63    2 3.5578e+10 3.5444e+10  0.38%   135 1066s
 22912 16727 3.5472e+10   73    2 3.5578e+10 3.5444e+10  0.38%   136 1078s
 23708 17031 3.5473e+10   81    1 3.5578e+10 3.5444e+10  0.38%   134 1088s
 24492 17381 3.5477e+10   87    2 3.5578e+10 3.5444e+10  0.38%   132 1099s
 25250 17713 3.5477e+10   93    1 3.5578e+10 3.5444e+10  0.38%   132 1111s
 25859 18112 3.5479e+10   99    1 3.5578e+10 3.5444e+10  0.38%   132 1122s
 26520 18483 3.5480e+10  106    1 3.5578e+10 3.5444e+10  0.38%   133 1162s
 27217 18987 3.5499e+10  109    3 3.5578e+10 3.5444e+10  0.38%   133 1174s
 28005 19412 3.5511e+10  142    2 3.5578e+10 3.5444e+10  0.38%   134 1187s
 28812 19765 3.5512e+10  175    1 3.5578e+10 3.5444e+10  0.38%   135 1200s
 29694 20250 3.5516e+10  208    1 3.5578e+10 3.5444e+10  0.38%   135 1225s
 30695 20574 3.5448e+10   45    1 3.5578e+10 3.5444e+10  0.38%   135 1237s
 31548 20970 3.5450e+10   78    2 3.5578e+10 3.5444e+10  0.38%   135 1249s
 32404 21385 3.5451e+10  111    1 3.5578e+10 3.5444e+10  0.38%   135 1261s
 33242 21817 3.5453e+10  144    1 3.5578e+10 3.5444e+10  0.38%   136 1274s
 34061 22259 3.5454e+10  177    1 3.5578e+10 3.5444e+10  0.38%   137 1287s
 34844 22710 3.5458e+10  210    1 3.5578e+10 3.5444e+10  0.38%   136 1303s
 35600 23162 3.5541e+10  242    1 3.5578e+10 3.5444e+10  0.38%   137 1318s
 36308 22958 3.5566e+10  266    1 3.5578e+10 3.5444e+10  0.38%   138 1401s
 36340 23581 3.5566e+10  267    3 3.5578e+10 3.5444e+10  0.38%   138 1418s
 36499 23528 3.5464e+10   72    1 3.5578e+10 3.5444e+10  0.38%   138 1437s
 37070 24005 3.5447e+10   28    2 3.5578e+10 3.5444e+10  0.38%   141 1453s
 37886 24278 3.5455e+10   39    1 3.5578e+10 3.5444e+10  0.38%   142 1469s
 38724 24580 3.5458e+10   53    1 3.5578e+10 3.5444e+10  0.38%   143 1485s
 39559 24930 3.5461e+10   58    1 3.5578e+10 3.5444e+10  0.38%   143 1501s
 40370 25234 3.5462e+10   65    1 3.5578e+10 3.5444e+10  0.38%   143 1514s
 40641 25143 3.5542e+10  250    2 3.5578e+10 3.5444e+10  0.38%   143 1515s
 41217 25700 3.5464e+10   72    1 3.5578e+10 3.5444e+10  0.38%   144 1528s
 42125 26331 3.5483e+10   80    1 3.5578e+10 3.5444e+10  0.38%   143 1540s
 42987 26951 3.5485e+10   93    1 3.5578e+10 3.5444e+10  0.38%   143 1553s
 43866 27732 3.5495e+10  126    1 3.5578e+10 3.5444e+10  0.38%   143 1564s
 44808 28450 3.5496e+10  159    1 3.5578e+10 3.5444e+10  0.38%   142 1579s
 45668 29262 3.5498e+10  192    1 3.5578e+10 3.5444e+10  0.38%   142 1591s
 46575 30093 3.5499e+10  225    1 3.5578e+10 3.5444e+10  0.38%   141 1603s
 47498 30900 3.5454e+10   31    2 3.5578e+10 3.5444e+10  0.38%   140 1615s
 48412 31717 3.5455e+10   41    2 3.5578e+10 3.5444e+10  0.38%   140 1627s
 49358 32543 3.5458e+10   50    2 3.5578e+10 3.5444e+10  0.38%   139 1639s
 50266 33302 3.5458e+10   56    1 3.5578e+10 3.5444e+10  0.38%   138 1649s
 51162 33981 3.5462e+10   61    3 3.5578e+10 3.5444e+10  0.38%   139 1660s
 51989 34663 3.5463e+10   67    1 3.5578e+10 3.5444e+10  0.38%   140 1672s
 52799 35420 3.5464e+10   75    1 3.5578e+10 3.5444e+10  0.38%   140 1683s
 53612 36252 3.5483e+10   80    1 3.5578e+10 3.5444e+10  0.38%   140 1708s
 54515 37044 3.5484e+10   88    2 3.5578e+10 3.5444e+10  0.38%   140 1720s
 55346 37065 3.5495e+10  121    1 3.5578e+10 3.5444e+10  0.38%   140 1799s
 55389 37801 3.5495e+10  122    1 3.5578e+10 3.5444e+10  0.38%   140 1811s
 56185 38462 3.5495e+10  155    1 3.5578e+10 3.5444e+10  0.38%   140 1822s
 57001 38939 3.5498e+10  188    1 3.5578e+10 3.5444e+10  0.38%   140 1864s
 57268 38939 3.5520e+10  210    1 3.5578e+10 3.5444e+10  0.38%   140 1865s
 57629 39596 3.5498e+10  211    1 3.5578e+10 3.5444e+10  0.38%   140 1880s
 58426 40176 3.5505e+10  244    1 3.5578e+10 3.5444e+10  0.37%   141 1894s
 59106 40177 3.5484e+10  146    2 3.5578e+10 3.5444e+10  0.37%   142 2013s
 59108 40178 3.5501e+10  195    2 3.5578e+10 3.5444e+10  0.37%   142 2037s
 59109 40179 3.5487e+10  170    2 3.5578e+10 3.5444e+10  0.37%   142 2040s
 59110 40180 3.5483e+10  154    1 3.5578e+10 3.5444e+10  0.37%   142 2050s
 59111 40180 3.5509e+10  195    1 3.5578e+10 3.5444e+10  0.37%   142 2067s
 59112 40181 3.5464e+10   95    1 3.5578e+10 3.5444e+10  0.37%   142 2073s
 59113 40185 3.5444e+10   27    1 3.5578e+10 3.5444e+10  0.37%   146 2076s
 59143 40235 3.5445e+10   31    1 3.5578e+10 3.5444e+10  0.37%   146 2083s
 59175 40256 3.5445e+10   32    1 3.5578e+10 3.5444e+10  0.37%   146 2087s
 59207 40277 3.5450e+10   32    1 3.5578e+10 3.5444e+10  0.37%   146 2112s
 59239 40299 3.5445e+10   33    1 3.5578e+10 3.5444e+10  0.37%   146 2271s
 59271 40320 3.5450e+10   33    1 3.5578e+10 3.5444e+10  0.37%   146 2433s
 59303 40360 3.5445e+10   34    1 3.5578e+10 3.5444e+10  0.37%   145 2439s
 59354 40375 3.5445e+10   35    1 3.5578e+10 3.5444e+10  0.37%   145 2589s
 59386 40421 3.5450e+10   35    1 3.5578e+10 3.5444e+10  0.37%   145 2594s
 59442 40463 3.5450e+10   36    1 3.5578e+10 3.5444e+10  0.37%   145 2598s
 59503 40532 3.5445e+10   38    1 3.5578e+10 3.5444e+10  0.37%   145 2602s
 59592 40612 3.5450e+10   39    1 3.5578e+10 3.5444e+10  0.37%   145 2606s
 59702 40691 3.5450e+10   41    1 3.5578e+10 3.5444e+10  0.37%   145 2610s
 59926 40866 3.5451e+10   45    1 3.5578e+10 3.5444e+10  0.37%   145 2617s
 60067 40962 3.5445e+10   48    2 3.5578e+10 3.5444e+10  0.37%   145 2621s
 60210 41041 3.5445e+10   51    1 3.5578e+10 3.5444e+10  0.37%   145 2625s
 60337 41108 3.5446e+10   54    1 3.5578e+10 3.5444e+10  0.37%   145 2632s
 60446 41215 3.5446e+10   56    1 3.5578e+10 3.5444e+10  0.37%   144 2637s
 60590 41299 3.5446e+10   60    1 3.5578e+10 3.5444e+10  0.37%   144 2641s
 60722 41392 3.5446e+10   64    1 3.5578e+10 3.5444e+10  0.37%   144 2646s
 60859 41522 3.5447e+10   68    1 3.5578e+10 3.5444e+10  0.37%   144 2652s
 61034 41644 3.5447e+10   73    1 3.5578e+10 3.5444e+10  0.37%   144 2657s
 61215 41767 3.5447e+10   78    1 3.5578e+10 3.5444e+10  0.37%   144 2664s
 61398 41900 3.5462e+10   83    1 3.5578e+10 3.5444e+10  0.37%   143 2670s
 61592 42079 3.5462e+10   87    1 3.5578e+10 3.5444e+10  0.37%   143 2677s
 61842 42283 3.5447e+10   93    1 3.5578e+10 3.5444e+10  0.37%   143 2682s
 62147 42415 3.5464e+10   99    1 3.5578e+10 3.5444e+10  0.37%   143 2688s
 62404 42595 3.5448e+10  106    1 3.5578e+10 3.5444e+10  0.37%   142 2694s
 62693 42785 3.5448e+10  113    1 3.5578e+10 3.5444e+10  0.37%   142 2699s
 63040 42989 3.5449e+10  121    2 3.5578e+10 3.5444e+10  0.37%   141 2709s
 63408 43316 3.5476e+10  128    1 3.5578e+10 3.5444e+10  0.37%   141 2717s
 63864 43608 3.5450e+10  137    1 3.5578e+10 3.5444e+10  0.37%   140 2723s
 64322 43902 3.5450e+10  146    1 3.5578e+10 3.5444e+10  0.37%   139 2729s
 64810 44168 3.5482e+10  156    1 3.5578e+10 3.5444e+10  0.37%   139 2737s
 65248 44407 3.5450e+10  166    1 3.5578e+10 3.5444e+10  0.37%   139 2743s
 65693 44641 3.5496e+10  177    1 3.5578e+10 3.5444e+10  0.37%   139 2750s
 66107 44796 3.5499e+10  188    1 3.5578e+10 3.5444e+10  0.37%   139 2758s
 66458 44883 3.5453e+10  199    1 3.5578e+10 3.5444e+10  0.37%   139 2765s
 66771 44974 3.5456e+10  210    1 3.5578e+10 3.5444e+10  0.37%   140 2772s
 67067 45045 3.5524e+10  221    1 3.5578e+10 3.5444e+10  0.37%   140 2781s
 67333 45113 3.5533e+10  230    2 3.5578e+10 3.5444e+10  0.37%   141 2790s
 67615 45134 infeasible  238      3.5578e+10 3.5444e+10  0.37%   141 2799s
 67840 45238     cutoff  248      3.5578e+10 3.5444e+10  0.37%   143 2808s
 68156 45435     cutoff  258      3.5578e+10 3.5444e+10  0.37%   144 2818s
 68685 46002     cutoff  269      3.5578e+10 3.5444e+10  0.37%   144 2825s
 69508 46571     cutoff  278      3.5578e+10 3.5444e+10  0.37%   143 2833s
 70425 47144 3.5444e+10   33    1 3.5578e+10 3.5444e+10  0.37%   141 2843s
 71369 47720 3.5444e+10   38    1 3.5578e+10 3.5444e+10  0.37%   140 2852s
 72349 48252 3.5454e+10   43    2 3.5578e+10 3.5444e+10  0.37%   138 2860s
 73288 48686 3.5454e+10   49    1 3.5578e+10 3.5444e+10  0.37%   137 2870s
 74134 48988 3.5455e+10   53    2 3.5578e+10 3.5444e+10  0.37%   137 2879s
 74780 49278 3.5457e+10   58    1 3.5578e+10 3.5444e+10  0.37%   137 2891s
 75333 49542 3.5458e+10   65    1 3.5578e+10 3.5444e+10  0.37%   138 2903s
 75944 49678 3.5458e+10   68    1 3.5578e+10 3.5444e+10  0.37%   140 2915s
 76653 49826 3.5461e+10   71    2 3.5578e+10 3.5444e+10  0.37%   140 2950s
 77171 50060 3.5462e+10   78    2 3.5578e+10 3.5444e+10  0.37%   141 2963s
 77619 50267 3.5463e+10   84    1 3.5578e+10 3.5444e+10  0.37%   141 2977s
 78006 50592 3.5465e+10   90    1 3.5578e+10 3.5444e+10  0.37%   142 2992s
 78524 50809 3.5483e+10   92    1 3.5578e+10 3.5444e+10  0.37%   143 3007s
 78944 51071 3.5485e+10  105    1 3.5578e+10 3.5444e+10  0.37%   144 3025s
 79424 51349 3.5495e+10  138    1 3.5578e+10 3.5444e+10  0.37%   144 3046s
 79997 51761 3.5495e+10  171    1 3.5578e+10 3.5444e+10  0.37%   145 3064s
 80855 52070 3.5497e+10  204    2 3.5578e+10 3.5444e+10  0.37%   146 3078s
 81815 52332 3.5498e+10  237    1 3.5578e+10 3.5444e+10  0.37%   145 3092s
 82679 52711 3.5447e+10   42    1 3.5578e+10 3.5444e+10  0.37%   144 3108s
 83441 53249 3.5463e+10   59    2 3.5578e+10 3.5444e+10  0.37%   144 3122s
 84271 53652 3.5466e+10   70    1 3.5578e+10 3.5444e+10  0.37%   144 3139s
 85000 54116 3.5467e+10   81    1 3.5578e+10 3.5444e+10  0.37%   144 3156s
 85755 54668 3.5471e+10   86    3 3.5578e+10 3.5444e+10  0.37%   144 3173s
 86668 55077 3.5508e+10  103    2 3.5578e+10 3.5444e+10  0.37%   144 3190s
 87612 55424 3.5568e+10  123    2 3.5578e+10 3.5444e+10  0.37%   144 3208s
 88520 55869 3.5445e+10   50    1 3.5578e+10 3.5444e+10  0.37%   144 3238s
 89471 56194 3.5447e+10   83    1 3.5578e+10 3.5444e+10  0.37%   145 3255s
 90318 56571 3.5448e+10  116    2 3.5578e+10 3.5444e+10  0.37%   145 3273s
 91111 57032 3.5450e+10  149    2 3.5578e+10 3.5444e+10  0.37%   145 3289s
 91920 57427 3.5451e+10  182    1 3.5578e+10 3.5444e+10  0.37%   145 3305s
 92794 57721 3.5455e+10  215    1 3.5578e+10 3.5444e+10  0.37%   145 3319s
 93611 57448 3.5556e+10  162    1 3.5578e+10 3.5444e+10  0.37%   145 3320s
 93672 58112 3.5537e+10  248    2 3.5578e+10 3.5444e+10  0.37%   145 3334s
 94480 58668 3.5544e+10  275    1 3.5578e+10 3.5444e+10  0.37%   145 3349s
 95353 58629 3.5451e+10   42    2 3.5578e+10 3.5444e+10  0.37%   145 3406s
 95605 58577 3.5455e+10   50    1 3.5578e+10 3.5444e+10  0.37%   145 3470s
 95637 59276 3.5455e+10   51    2 3.5578e+10 3.5444e+10  0.37%   145 3485s
 96401 59828 3.5470e+10   62    1 3.5578e+10 3.5444e+10  0.37%   145 3500s
 97308 60272 3.5499e+10   78    1 3.5578e+10 3.5444e+10  0.37%   145 3513s
 98263 60816 3.5556e+10  105    1 3.5578e+10 3.5444e+10  0.37%   145 3524s
 99229 61289 3.5564e+10  138    1 3.5578e+10 3.5445e+10  0.37%   144 3538s
 100042 61805 3.5445e+10   54    1 3.5578e+10 3.5445e+10  0.37%   144 3552s
 100867 62328 3.5447e+10   87    2 3.5578e+10 3.5445e+10  0.37%   145 3567s
 101717 62835 3.5448e+10  120    1 3.5578e+10 3.5445e+10  0.37%   145 3580s
 102614 63243 3.5450e+10  153    1 3.5578e+10 3.5445e+10  0.37%   145 3594s
 103516 63371 3.5451e+10  186    1 3.5578e+10 3.5445e+10  0.37%   145 3600s

Cutting planes:
  MIR: 4
  Flow cover: 6

Explored 104036 nodes (15285577 simplex iterations) in 3600.43 seconds (2554.47 work units)
Thread count was 32 (of 36 available processors)

Solution count 1: 3.55778e+10 

Time limit reached
Best objective 3.557777869977e+10, best bound 3.544523340600e+10, gap 0.3726%

User-callback calls 847380, time in user-callback 0.34 sec
Set parameter TokenServer to value "license-1.hpc.nrel.gov"
Set parameter TimeLimit to value 3600
Set parameter MIPGap to value 0.001
Set parameter MIPGap to value 0.001
Set parameter TimeLimit to value 3600
Gurobi Optimizer version 9.5.1 build v9.5.1rc2 (linux64)
Thread count: 36 physical cores, 36 logical processors, using up to 32 threads
Optimize a model with 288636 rows, 1198496 columns and 2444160 nonzeros
Model fingerprint: 0x247431ac
Coefficient statistics:
  Matrix range     [3e-06, 7e+03]
  Objective range  [1e-01, 1e+08]
  Bounds range     [1e+00, 1e+08]
  RHS range        [1e-03, 2e+05]

Concurrent LP optimizer: primal simplex, dual simplex, and barrier
Showing barrier log only...

Presolve removed 283046 rows and 912161 columns
Presolve time: 1.23s
Presolved: 5590 rows, 286335 columns, 570564 nonzeros

Ordering time: 0.05s

Barrier statistics:
 AA' NZ     : 2.842e+05
 Factor NZ  : 5.821e+05 (roughly 120 MB of memory)
 Factor Ops : 6.366e+07 (less than 1 second per iteration)
 Threads    : 30

                  Objective                Residual
Iter       Primal          Dual         Primal    Dual     Compl     Time
   0   2.28757339e+13 -3.10980753e+12  9.36e+07 1.59e+02  1.13e+09     2s
   1   6.20162770e+12 -9.55536239e+11  2.53e+07 2.27e-12  3.07e+08     2s
   2   1.42728844e+12 -3.62337822e+10  5.70e+06 1.64e-11  6.96e+07     2s
   3   3.92570224e+10  3.67797123e+09  1.26e+04 2.68e-11  2.65e+05     2s
   4   3.62324348e+10  2.65626987e+10  3.24e+02 5.46e-12  3.66e+04     2s
   5   3.61224298e+10  3.05680459e+10  6.25e+01 2.73e-12  1.97e+04     2s
   6   3.60524960e+10  3.16165094e+10  2.06e+01 3.18e-12  1.55e+04     2s
   7   3.59995592e+10  3.28525131e+10  9.11e+00 2.11e-12  1.09e+04     2s
   8   3.59381300e+10  3.30566529e+10  4.31e+00 2.49e-12  9.97e+03     2s
   9   3.59233797e+10  3.38478821e+10  3.66e+00 3.13e-12  7.19e+03     2s
  10   3.59169374e+10  3.42562873e+10  3.49e+00 3.13e-12  5.76e+03     2s
  11   3.58248672e+10  3.48017822e+10  1.55e+00 5.17e-12  3.54e+03     2s
  12   3.57327479e+10  3.51120254e+10  4.89e-01 9.85e-12  2.15e+03     2s
  13   3.56671286e+10  3.54058480e+10  1.54e-01 1.86e-11  9.02e+02     2s
  14   3.56258719e+10  3.55037217e+10  5.27e-02 2.97e-11  4.21e+02     2s
  15   3.56169690e+10  3.55234003e+10  3.90e-02 2.46e-11  3.23e+02     2s
  16   3.56007137e+10  3.55519755e+10  1.78e-02 3.33e-11  1.68e+02     2s
  17   3.55942028e+10  3.55626090e+10  1.12e-02 2.17e-11  1.09e+02     2s
  18   3.55903761e+10  3.55682303e+10  7.99e-03 2.96e-11  7.63e+01     2s
  19   3.55859329e+10  3.55709553e+10  4.61e-03 2.98e-11  5.16e+01     2s

Barrier performed 19 iterations in 2.19 seconds (1.64 work units)
Barrier solve interrupted - model solved by another algorithm


Solved with primal simplex
Solved in 56871 iterations and 2.20 seconds (1.45 work units)
Optimal objective  3.557777870e+10

User-callback calls 275, time in user-callback 0.00 sec
[ Info:  started timer at: 2023-03-22T17:36:30.538
[ Info: Reading /projects/pvsoiling/RELOG/Recycling_40209_10/input/solver/case.json...
[ Info:          134 collection centers
[ Info:          268 candidate plant locations
[ Info: Building graph...
[ Info:               26 time periods
[ Info:              268 process nodes
[ Info:             4288 shipping nodes (plant)
[ Info:              134 shipping nodes (collection)
[ Info:            40200 arcs
[ Info: Building optimization model...
[ Info: Optimizing MILP...
[ Info: Re-optimizing with integer variables fixed...
[ Info: Extracting solution...
[ Info:       3647.129712323s: 1 hour, 47 seconds, 129 milliseconds
