Set parameter TokenServer to value "license-1.hpc.nrel.gov"
Set parameter TimeLimit to value 3600
Set parameter MIPGap to value 0.001
Set parameter MIPGap to value 0.001
Set parameter TimeLimit to value 3600
Gurobi Optimizer version 9.5.1 build v9.5.1rc2 (linux64)
Thread count: 36 physical cores, 36 logical processors, using up to 32 threads
Optimize a model with 288636 rows, 1198496 columns and 2444160 nonzeros
Model fingerprint: 0x757e943f
Variable types: 1184560 continuous, 13936 integer (13936 binary)
Coefficient statistics:
  Matrix range     [3e-06, 7e+03]
  Objective range  [1e-01, 1e+07]
  Bounds range     [7e+03, 1e+08]
  RHS range        [1e-03, 2e+05]
Presolve removed 271484 rows and 251116 columns
Presolve time: 3.11s
Presolved: 17152 rows, 947380 columns, 1901192 nonzeros
Variable types: 947112 continuous, 268 integer (268 binary)

Deterministic concurrent LP optimizer: primal and dual simplex
Showing first log only...


Root simplex log...

Iteration    Objective       Primal Inf.    Dual Inf.      Time
       0    3.3811399e+09   8.469609e+05   6.999206e+11      7s
  199730    3.9187806e+09   0.000000e+00   0.000000e+00     11s
Concurrent spin time: 0.00s

Solved with primal simplex

Root relaxation: objective 3.918781e+09, 199730 iterations, 5.97 seconds (5.19 work units)

    Nodes    |    Current Node    |     Objective Bounds      |     Work
 Expl Unexpl |  Obj  Depth IntInf | Incumbent    BestBd   Gap | It/Node Time

     0     0 3.9188e+09    0    6          - 3.9188e+09      -     -   10s
H    0     0                    3.996802e+09 3.9188e+09  1.95%     -   12s
     0     0 3.9190e+09    0    5 3.9968e+09 3.9190e+09  1.95%     -   16s
H    0     0                    3.981548e+09 3.9190e+09  1.57%     -   20s
     0     0 3.9190e+09    0    4 3.9815e+09 3.9190e+09  1.57%     -   22s
H    0     0                    3.968007e+09 3.9190e+09  1.24%     -   23s
     0     0 3.9190e+09    0    3 3.9680e+09 3.9190e+09  1.24%     -   24s
     0     0 3.9190e+09    0    3 3.9680e+09 3.9190e+09  1.24%     -   25s
H    0     0                    3.950136e+09 3.9190e+09  0.79%     -   25s
H    0     0                    3.949359e+09 3.9190e+09  0.77%     -   25s
     0     0 3.9190e+09    0    3 3.9494e+09 3.9190e+09  0.77%     -   28s
     0     2 3.9190e+09    0    3 3.9494e+09 3.9190e+09  0.77%     -   30s
H    2     4                    3.948953e+09 3.9190e+09  0.76%   120   31s
H    5     8                    3.948631e+09 3.9190e+09  0.75%   220   33s
H   12    16                    3.932404e+09 3.9190e+09  0.34%   284   35s
H   23    32                    3.931974e+09 3.9190e+09  0.33%   234   37s
    31    64 3.9190e+09    5    1 3.9320e+09 3.9190e+09  0.33%   268   41s
    95   128 3.9190e+09    7    1 3.9320e+09 3.9190e+09  0.33%   238   86s
H  102   128                    3.931938e+09 3.9190e+09  0.33%   230   86s
H  107   128                    3.931927e+09 3.9190e+09  0.33%   225   86s
   159   192 3.9190e+09    9    1 3.9319e+09 3.9190e+09  0.33%   194   92s
   191   224 3.9191e+09   10    1 3.9319e+09 3.9191e+09  0.33%   183   96s
   269   327 3.9191e+09   12    3 3.9319e+09 3.9191e+09  0.33%   163  101s
   326   420 3.9191e+09   13    2 3.9319e+09 3.9191e+09  0.33%   146  105s
   419   559 3.9191e+09   16    1 3.9319e+09 3.9191e+09  0.33%   139  111s
   558   622 3.9191e+09   20    1 3.9319e+09 3.9191e+09  0.33%   125  121s
   621   843 3.9191e+09   22    1 3.9319e+09 3.9191e+09  0.33%   128  129s
   794   843 3.9206e+09   21    4 3.9319e+09 3.9191e+09  0.33%   121  130s
   842  1077 3.9192e+09   28    3 3.9319e+09 3.9191e+09  0.33%   121  139s
  1076  1303 3.9192e+09   36    1 3.9319e+09 3.9191e+09  0.33%   109  147s
  1302  1335 3.9193e+09   44    3 3.9319e+09 3.9191e+09  0.33%   105  204s
  1334  1367 3.9193e+09   45    3 3.9319e+09 3.9191e+09  0.33%   108  513s
  1366  1399 3.9193e+09   46    2 3.9319e+09 3.9191e+09  0.33%   109  576s
  1398  1640 3.9193e+09   47    1 3.9319e+09 3.9191e+09  0.33%   110  588s
  1639  1980 3.9193e+09   54    1 3.9319e+09 3.9191e+09  0.33%   105  599s
  1981  2375 3.9193e+09   65    1 3.9319e+09 3.9191e+09  0.33%   100  611s
  2404  2775 3.9193e+09   79    1 3.9319e+09 3.9191e+09  0.33%  96.4  621s
  2838  3251 3.9194e+09   96    2 3.9319e+09 3.9191e+09  0.33%  93.6  633s
  3368  3928 3.9196e+09  114    3 3.9319e+09 3.9191e+09  0.33%  87.7  643s
  4065  4548 3.9196e+09  142    3 3.9319e+09 3.9191e+09  0.33%  80.0  655s
  4713  5180 3.9199e+09  166    1 3.9319e+09 3.9191e+09  0.33%  76.2  666s
  5418  5730 infeasible  189      3.9319e+09 3.9191e+09  0.33%  78.1  679s
  6050  6295 3.9276e+09  210    2 3.9319e+09 3.9191e+09  0.33%  89.1  692s
  6794  6658     cutoff  231      3.9319e+09 3.9191e+09  0.33%   101  705s
  7457  7013     cutoff  245      3.9319e+09 3.9191e+09  0.33%   113  719s
  8064  7440 3.9191e+09    8    2 3.9319e+09 3.9191e+09  0.33%   121  733s
  8566  7960 3.9213e+09   27    1 3.9319e+09 3.9191e+09  0.33%   128  749s
  9219  7961 3.9283e+09  223    3 3.9319e+09 3.9191e+09  0.33%   133  769s
  9220  7962 3.9213e+09   86    3 3.9319e+09 3.9191e+09  0.33%   133  770s
  9221  7962 3.9216e+09   90    6 3.9319e+09 3.9191e+09  0.33%   133  798s
  9222  7963 3.9228e+09  131    5 3.9319e+09 3.9191e+09  0.33%   133  813s
  9224  7964 3.9228e+09  128    3 3.9319e+09 3.9191e+09  0.33%   133  828s
  9225  7965 3.9226e+09   67    3 3.9319e+09 3.9191e+09  0.33%   133  846s
  9226  7966 3.9214e+09   91    3 3.9319e+09 3.9191e+09  0.33%   133  864s
  9227  7966 3.9229e+09  144    3 3.9319e+09 3.9191e+09  0.33%   133  871s
  9228  7967 3.9200e+09   36    3 3.9319e+09 3.9191e+09  0.33%   133  878s
  9229  7971 3.9191e+09   11    4 3.9319e+09 3.9191e+09  0.33%   154  885s
  9235  7981 3.9191e+09   13    2 3.9319e+09 3.9191e+09  0.33%   154  892s
  9243  7994 3.9191e+09   14    1 3.9319e+09 3.9191e+09  0.33%   154  897s
  9259  8021 3.9191e+09   15    1 3.9319e+09 3.9191e+09  0.33%   154  902s
  9291  8042 3.9191e+09   16    1 3.9319e+09 3.9191e+09  0.33%   155  906s
  9323  8063 3.9192e+09   16    1 3.9319e+09 3.9191e+09  0.33%   155  974s
  9355  8085 3.9191e+09   17    1 3.9319e+09 3.9191e+09  0.33%   155  977s
  9387  8106 3.9192e+09   17    1 3.9319e+09 3.9191e+09  0.33%   155  980s
  9463  8157 3.9192e+09   18    1 3.9319e+09 3.9191e+09  0.33%   155 1190s
  9495  8196 3.9191e+09   19    1 3.9319e+09 3.9191e+09  0.33%   154 1195s
  9545  8227 3.9191e+09   20    1 3.9319e+09 3.9191e+09  0.33%   154 1201s
  9593  8281 3.9191e+09   21    1 3.9319e+09 3.9191e+09  0.33%   154 1205s
  9734  8423 3.9191e+09   23    2 3.9319e+09 3.9191e+09  0.33%   154 1218s
  9852  8534 3.9191e+09   25    1 3.9319e+09 3.9191e+09  0.33%   154 1225s
 10002  8663 3.9191e+09   28    1 3.9319e+09 3.9191e+09  0.33%   154 1232s
 10181  8787 3.9199e+09   31    1 3.9319e+09 3.9191e+09  0.33%   153 1240s
 10365  8889 3.9191e+09   35    2 3.9319e+09 3.9191e+09  0.33%   152 1303s
 10528  9256 3.9200e+09   40    1 3.9319e+09 3.9191e+09  0.33%   152 1314s
 10949  9520 3.9201e+09   49    1 3.9319e+09 3.9191e+09  0.33%   150 1325s
 11354  9715 3.9208e+09   57    1 3.9319e+09 3.9191e+09  0.33%   147 1335s
 11684  9930 3.9193e+09   66    1 3.9319e+09 3.9191e+09  0.33%   146 1343s
 12011 10158 3.9193e+09   72    1 3.9319e+09 3.9191e+09  0.33%   145 1353s
 12361 10377 3.9193e+09   79    1 3.9319e+09 3.9191e+09  0.33%   144 1362s
 12729 10684 3.9193e+09   85    1 3.9319e+09 3.9191e+09  0.33%   143 1372s
 13181 10863 3.9194e+09   91    1 3.9319e+09 3.9191e+09  0.33%   141 1385s
 13524 11183 3.9194e+09   98    1 3.9319e+09 3.9191e+09  0.33%   140 1394s
 14012 11469 3.9216e+09  105    1 3.9319e+09 3.9191e+09  0.33%   138 1403s
 14548 11766 3.9195e+09  114    1 3.9319e+09 3.9191e+09  0.33%   139 1414s
 15115 12059 3.9196e+09  124    3 3.9319e+09 3.9191e+09  0.33%   139 1424s
 15699 12214 3.9196e+09  138    3 3.9319e+09 3.9191e+09  0.33%   140 1435s
 16259 12310 3.9229e+09  154    1 3.9319e+09 3.9191e+09  0.33%   142 1445s
 16717 12289 3.9242e+09  167    1 3.9319e+09 3.9191e+09  0.33%   144 1484s
 16940 12242 3.9242e+09  169    1 3.9319e+09 3.9191e+09  0.33%   144 1680s
 16973 12819 3.9198e+09  170    1 3.9319e+09 3.9191e+09  0.33%   144 1693s
 17764 12699 3.9199e+09  186    1 3.9319e+09 3.9191e+09  0.33%   144 1898s
 17924 13015 3.9249e+09  188    1 3.9319e+09 3.9191e+09  0.33%   144 1923s
 18423 13385 3.9272e+09  200    2 3.9319e+09 3.9191e+09  0.33%   143 1939s
 19193 13675 infeasible  216      3.9319e+09 3.9191e+09  0.33%   144 1956s
 19899 13987 3.9280e+09  233    3 3.9319e+09 3.9191e+09  0.33%   146 1973s
 20608 14303     cutoff  249      3.9319e+09 3.9191e+09  0.33%   147 1989s
 21388 14657 3.9310e+09  266    1 3.9319e+09 3.9191e+09  0.33%   149 2006s
 22219 14960 3.9198e+09   23    1 3.9319e+09 3.9191e+09  0.33%   151 2025s
 23117 15233 3.9216e+09   32    1 3.9319e+09 3.9191e+09  0.33%   152 2044s
 24055 15551 3.9242e+09   44    2 3.9319e+09 3.9191e+09  0.33%   151 2063s
 24938 15993 3.9254e+09   49    3 3.9319e+09 3.9191e+09  0.33%   152 2085s
 25831 16275     cutoff   69      3.9319e+09 3.9191e+09  0.33%   153 2107s
 26629 16586 3.9313e+09   86    1 3.9319e+09 3.9191e+09  0.33%   154 2127s
 27473 16836     cutoff  104      3.9319e+09 3.9191e+09  0.33%   155 2144s
 28357 17010 3.9316e+09  124    3 3.9319e+09 3.9191e+09  0.33%   155 2161s
 29281 17338 3.9319e+09  148    1 3.9319e+09 3.9191e+09  0.33%   154 2197s
 30324 17688 3.9202e+09   49    2 3.9319e+09 3.9191e+09  0.33%   154 2213s
 31288 17984 3.9244e+09   76    2 3.9319e+09 3.9191e+09  0.33%   152 2227s
 32116 18497 3.9282e+09   95    3 3.9319e+09 3.9191e+09  0.33%   151 2242s
 33014 18925 3.9284e+09  127    1 3.9319e+09 3.9191e+09  0.33%   151 2257s
 33899 19683 3.9286e+09  157    3 3.9319e+09 3.9191e+09  0.33%   150 2270s
 34751 20467 3.9198e+09   35    3 3.9319e+09 3.9191e+09  0.33%   149 2283s
 35652 21210 3.9201e+09   45    2 3.9319e+09 3.9191e+09  0.33%   147 2296s
 36500 22024 3.9221e+09   63    2 3.9319e+09 3.9191e+09  0.33%   145 2309s
 37337 22687 3.9251e+09   96    2 3.9319e+09 3.9191e+09  0.33%   144 2325s
 38025 23418 3.9296e+09  107    2 3.9319e+09 3.9191e+09  0.33%   144 2342s
 38798 24061 3.9315e+09  120    2 3.9319e+09 3.9191e+09  0.33%   146 2359s
 39572 24670 3.9316e+09  152    1 3.9319e+09 3.9191e+09  0.33%   147 2375s
 40335 25297     cutoff  183      3.9319e+09 3.9191e+09  0.33%   146 2391s
 41042 25917 3.9192e+09   50    2 3.9319e+09 3.9192e+09  0.32%   146 2407s
 41743 26544 3.9194e+09   83    1 3.9319e+09 3.9192e+09  0.32%   147 2423s
 42489 27164 3.9196e+09  116    2 3.9319e+09 3.9192e+09  0.32%   147 2439s
 43219 27766 3.9197e+09  149    3 3.9319e+09 3.9192e+09  0.32%   147 2454s
 43961 28369 3.9199e+09  182    2 3.9319e+09 3.9192e+09  0.32%   147 2470s
 44678 29052 3.9275e+09  214    2 3.9319e+09 3.9192e+09  0.32%   147 2485s
 45413 29754 3.9288e+09  247    2 3.9319e+09 3.9192e+09  0.32%   147 2500s
 46189 30307 3.9195e+09   24    4 3.9319e+09 3.9192e+09  0.32%   147 2544s
 46775 31006 3.9198e+09   40    2 3.9319e+09 3.9192e+09  0.32%   147 2560s
 47564 31662 3.9202e+09   51    2 3.9319e+09 3.9192e+09  0.32%   146 2578s
 48394 32347 3.9207e+09   65    2 3.9319e+09 3.9192e+09  0.32%   147 2595s
 49243 33019 3.9216e+09   73    1 3.9319e+09 3.9192e+09  0.32%   146 2611s
 50055 33674 3.9225e+09   80    2 3.9319e+09 3.9192e+09  0.32%   146 2628s
 50864 34296 3.9248e+09   93    1 3.9319e+09 3.9192e+09  0.32%   146 2646s
 51595 34948 3.9305e+09  125    1 3.9319e+09 3.9192e+09  0.32%   146 2663s
 52322 35679 3.9307e+09  158    1 3.9319e+09 3.9192e+09  0.32%   146 2681s
 53120 36420 3.9309e+09  191    2 3.9319e+09 3.9193e+09  0.32%   146 2698s
 53960 37169 3.9204e+09   36    4 3.9319e+09 3.9193e+09  0.32%   146 2713s
 54833 37951 3.9220e+09   50    2 3.9319e+09 3.9193e+09  0.32%   146 2730s
 55719 38649 3.9240e+09   63    2 3.9319e+09 3.9193e+09  0.32%   145 2747s
 56545 39315 3.9252e+09   77    1 3.9319e+09 3.9193e+09  0.32%   145 2761s
 57421 40039 3.9313e+09   96    2 3.9319e+09 3.9193e+09  0.32%   145 2776s
 58266 40040 3.9247e+09  193    3 3.9319e+09 3.9193e+09  0.32%   144 2914s
 58267 40041 3.9292e+09  103    3 3.9319e+09 3.9193e+09  0.32%   144 2915s
 58268 40041 3.9208e+09   45    6 3.9319e+09 3.9193e+09  0.32%   144 2941s
 58269 40042 3.9197e+09   28    5 3.9319e+09 3.9193e+09  0.32%   144 2964s
 58270 40043 3.9206e+09   31    4 3.9319e+09 3.9193e+09  0.32%   144 2971s
 58271 40043 3.9218e+09   35    3 3.9319e+09 3.9193e+09  0.32%   144 2988s
 58272 40044 3.9288e+09  118    3 3.9319e+09 3.9193e+09  0.32%   144 3012s
 58273 40045 3.9225e+09   65    3 3.9319e+09 3.9193e+09  0.32%   144 3033s
 58274 40045 3.9228e+09  147    3 3.9319e+09 3.9193e+09  0.32%   144 3085s
 58275 40046 3.9302e+09  259    3 3.9319e+09 3.9193e+09  0.32%   144 3128s
 58276 40047 3.9196e+09   31    3 3.9319e+09 3.9193e+09  0.32%   144 3170s
 58277 40047 3.9310e+09  181    3 3.9319e+09 3.9193e+09  0.32%   144 3191s
 58278 40048 3.9268e+09  200    3 3.9319e+09 3.9193e+09  0.32%   144 3209s
 58279 40049 3.9197e+09   26    3 3.9319e+09 3.9193e+09  0.32%   144 3252s
 58280 40049 3.9302e+09  104    3 3.9319e+09 3.9193e+09  0.32%   144 3276s
 58281 40050 3.9228e+09   65    3 3.9319e+09 3.9193e+09  0.32%   144 3295s
 58282 40051 3.9245e+09  171    3 3.9319e+09 3.9193e+09  0.32%   144 3319s
 58283 40051 3.9275e+09  206    3 3.9319e+09 3.9193e+09  0.32%   144 3338s
 58284 40052 3.9254e+09  178    3 3.9319e+09 3.9193e+09  0.32%   144 3361s
 58285 40053 3.9204e+09   63    3 3.9319e+09 3.9193e+09  0.32%   144 3373s
 58286 40053 3.9287e+09  160    3 3.9319e+09 3.9193e+09  0.32%   144 3380s
 58287 40057 3.9193e+09   21    3 3.9319e+09 3.9193e+09  0.32%   147 3388s
 58289 40060 3.9193e+09   22    2 3.9319e+09 3.9193e+09  0.32%   147 3391s
 58301 40080 3.9193e+09   24    2 3.9319e+09 3.9193e+09  0.32%   148 3398s
 58317 40107 3.9193e+09   25    1 3.9319e+09 3.9193e+09  0.32%   148 3407s
 58349 40128 3.9193e+09   26    1 3.9319e+09 3.9193e+09  0.32%   148 3412s
 58381 40150 3.9193e+09   26    1 3.9319e+09 3.9193e+09  0.32%   148 3587s
 58445 40192 3.9193e+09   27    1 3.9319e+09 3.9193e+09  0.32%   148 3600s

Cutting planes:
  Gomory: 2
  Implied bound: 148
  MIR: 31
  Flow cover: 14
  Flow path: 9
  Relax-and-lift: 4

Explored 58477 nodes (8832339 simplex iterations) in 3600.62 seconds (2396.85 work units)
Thread count was 32 (of 36 available processors)

Solution count 6: 3.93193e+09 3.9324e+09 3.94863e+09 ... 3.9968e+09

Time limit reached
Best objective 3.931926927006e+09, best bound 3.919282743577e+09, gap 0.3216%

User-callback calls 806479, time in user-callback 0.63 sec
Set parameter TokenServer to value "license-1.hpc.nrel.gov"
Set parameter TimeLimit to value 3600
Set parameter MIPGap to value 0.001
Set parameter MIPGap to value 0.001
Set parameter TimeLimit to value 3600
Gurobi Optimizer version 9.5.1 build v9.5.1rc2 (linux64)
Thread count: 36 physical cores, 36 logical processors, using up to 32 threads
Optimize a model with 288636 rows, 1198496 columns and 2444160 nonzeros
Model fingerprint: 0x2303dc56
Coefficient statistics:
  Matrix range     [3e-06, 7e+03]
  Objective range  [1e-01, 1e+07]
  Bounds range     [1e+00, 1e+08]
  RHS range        [1e-03, 2e+05]

Concurrent LP optimizer: primal simplex, dual simplex, and barrier
Showing barrier log only...

Presolve removed 283046 rows and 912161 columns
Presolve time: 1.61s
Presolved: 5590 rows, 286335 columns, 570564 nonzeros

Ordering time: 0.05s

Barrier statistics:
 AA' NZ     : 2.842e+05
 Factor NZ  : 5.821e+05 (roughly 120 MB of memory)
 Factor Ops : 6.366e+07 (less than 1 second per iteration)
 Threads    : 30

                  Objective                Residual
Iter       Primal          Dual         Primal    Dual     Compl     Time
   0   1.79966930e+13 -7.24307602e+11  9.36e+07 1.43e+02  2.54e+08     2s
   1   4.66358163e+12 -2.24559354e+11  2.42e+07 3.98e-13  6.64e+07     2s
   2   1.03351712e+12 -1.17820416e+10  5.35e+06 4.15e-12  1.47e+07     2s
   3   6.75041374e+09 -2.93506803e+09  1.27e+04 1.47e-11  5.97e+04     2s
   4   4.53855947e+09  2.28572530e+09  1.51e+03 2.56e-12  1.05e+04     2s
   5   4.25630838e+09  3.02895400e+09  3.58e+02 1.48e-12  4.80e+03     2s
   6   4.14740468e+09  3.32262721e+09  1.02e+02 1.14e-12  2.99e+03     2s
   7   4.12392201e+09  3.47535575e+09  7.60e+01 8.53e-13  2.34e+03     2s
   8   4.05386314e+09  3.64874554e+09  1.71e+01 5.12e-13  1.42e+03     2s
   9   4.02745862e+09  3.75760437e+09  1.10e+01 3.41e-13  9.42e+02     2s
  10   3.99508626e+09  3.82427760e+09  5.00e+00 2.98e-13  5.93e+02     2s
  11   3.97363151e+09  3.87524453e+09  2.71e+00 5.26e-13  3.42e+02     2s
  12   3.96428380e+09  3.89563792e+09  1.85e+00 6.79e-13  2.39e+02     2s
  13   3.94944254e+09  3.90934831e+09  7.07e-01 5.61e-13  1.39e+02     2s
  14   3.94522296e+09  3.91823842e+09  4.96e-01 9.95e-13  9.35e+01     2s
  15   3.93836404e+09  3.92296664e+09  1.80e-01 1.12e-12  5.32e+01     2s

Barrier performed 15 iterations in 2.33 seconds (1.46 work units)
Barrier solve interrupted - model solved by another algorithm


Solved with primal simplex
Solved in 35720 iterations and 2.34 seconds (1.28 work units)
Optimal objective  3.931926927e+09

User-callback calls 244, time in user-callback 0.00 sec
[ Info:  started timer at: 2023-03-24T13:05:18.979
[ Info: Reading /projects/pvsoiling/RELOG/Recycling_cap_40209_1/input/solver/case.json...
[ Info:          134 collection centers
[ Info:          268 candidate plant locations
[ Info: Building graph...
[ Info:               26 time periods
[ Info:              268 process nodes
[ Info:             4288 shipping nodes (plant)
[ Info:              134 shipping nodes (collection)
[ Info:            40200 arcs
[ Info: Building optimization model...
[ Info: Optimizing MILP...
[ Info: Re-optimizing with integer variables fixed...
[ Info: Extracting solution...
[ Info:       3650.347523227s: 1 hour, 50 seconds, 347 milliseconds
