Set parameter TokenServer to value "license-1.hpc.nrel.gov"
Set parameter TimeLimit to value 3600
Set parameter MIPGap to value 0.001
Set parameter MIPGap to value 0.001
Set parameter TimeLimit to value 3600
Gurobi Optimizer version 9.5.1 build v9.5.1rc2 (linux64)
Thread count: 36 physical cores, 36 logical processors, using up to 32 threads
Optimize a model with 289198 rows, 1201980 columns and 2458632 nonzeros
Model fingerprint: 0x4aa38ce7
Variable types: 1188044 continuous, 13936 integer (13936 binary)
Coefficient statistics:
  Matrix range     [3e-06, 1e+06]
  Objective range  [1e-01, 1e+07]
  Bounds range     [7e+03, 1e+08]
  RHS range        [1e-03, 2e+05]
Presolve removed 263202 rows and 245756 columns (presolve time = 5s) ...
Presolve removed 263202 rows and 245756 columns
Presolve time: 5.32s
Presolved: 25996 rows, 956224 columns, 1937640 nonzeros
Variable types: 947112 continuous, 9112 integer (9112 binary)

Deterministic concurrent LP optimizer: primal and dual simplex
Showing first log only...


Root simplex log...

Iteration    Objective       Primal Inf.    Dual Inf.      Time
       0    2.4394909e+06   1.080562e+06   9.232091e+11     10s
   38709    2.4443176e+06   3.086952e+05   2.315571e+11     10s
  165619    3.2184911e+06   2.564922e+03   1.203966e+11     15s
  185149    6.2224339e+09   0.000000e+00   7.512216e+09     17s
  220102    4.2880343e+09   0.000000e+00   2.471117e+09     20s
  280679    3.9002492e+09   0.000000e+00   3.092574e+09     25s
  368511    3.7172443e+09   0.000000e+00   3.444572e+08     30s
  501360    3.6502519e+09   0.000000e+00   8.645429e+06     35s
  551250    3.6466063e+09   0.000000e+00   0.000000e+00     37s
Concurrent spin time: 4.99s

Solved with primal simplex

Root relaxation: objective 3.646606e+09, 551250 iterations, 34.93 seconds (31.36 work units)

    Nodes    |    Current Node    |     Objective Bounds      |     Work
 Expl Unexpl |  Obj  Depth IntInf | Incumbent    BestBd   Gap | It/Node Time

     0     0 3.6466e+09    0  295          - 3.6466e+09      -     -   45s
H    0     0                    3.737189e+09 3.6466e+09  2.42%     -   47s
H    0     0                    3.716671e+09 3.6466e+09  1.89%     -   49s
H    0     0                    3.715712e+09 3.6466e+09  1.86%     -   53s
H    0     0                    3.711843e+09 3.6466e+09  1.76%     -   54s
     0     0 3.6475e+09    0  430 3.7118e+09 3.6475e+09  1.73%     -   72s
     0     0 3.6475e+09    0  411 3.7118e+09 3.6475e+09  1.73%     -   81s
     0     0 3.6475e+09    0  411 3.7118e+09 3.6475e+09  1.73%     -   81s
     0     0 3.6475e+09    0  411 3.7118e+09 3.6475e+09  1.73%     -   82s
     0     0 3.6480e+09    0  446 3.7118e+09 3.6480e+09  1.72%     -  128s
     0     0 3.6480e+09    0  436 3.7118e+09 3.6480e+09  1.72%     -  143s
     0     0 3.6480e+09    0  438 3.7118e+09 3.6480e+09  1.72%     -  148s
     0     0 3.6480e+09    0  440 3.7118e+09 3.6480e+09  1.72%     -  151s
     0     0 3.6481e+09    0  440 3.7118e+09 3.6481e+09  1.72%     -  155s
     0     0 3.6481e+09    0  434 3.7118e+09 3.6481e+09  1.72%     -  158s
     0     0 3.6481e+09    0  437 3.7118e+09 3.6481e+09  1.72%     -  160s
     0     0 3.6481e+09    0  437 3.7118e+09 3.6481e+09  1.72%     -  161s
     0     0 3.6481e+09    0  433 3.7118e+09 3.6481e+09  1.72%     -  164s
     0     0 3.6481e+09    0  434 3.7118e+09 3.6481e+09  1.72%     -  165s
     0     0 3.6483e+09    0  448 3.7118e+09 3.6483e+09  1.71%     -  227s
     0     0 3.6484e+09    0  426 3.7118e+09 3.6484e+09  1.71%     -  251s
     0     0 3.6484e+09    0  454 3.7118e+09 3.6484e+09  1.71%     -  257s
     0     0 3.6484e+09    0  437 3.7118e+09 3.6484e+09  1.71%     -  261s
     0     0 3.6485e+09    0  450 3.7118e+09 3.6485e+09  1.71%     -  351s
H    0     0                    3.707690e+09 3.6485e+09  1.60%     -  357s
     0     0 3.6485e+09    0  480 3.7077e+09 3.6485e+09  1.60%     -  377s
     0     0 3.6485e+09    0  475 3.7077e+09 3.6485e+09  1.60%     -  392s
     0     0 3.6485e+09    0  485 3.7077e+09 3.6485e+09  1.60%     -  400s
     0     0 3.6485e+09    0  478 3.7077e+09 3.6485e+09  1.60%     -  525s
     0     0 3.6485e+09    0  449 3.7077e+09 3.6485e+09  1.60%     -  563s
     0     0 3.6485e+09    0  453 3.7077e+09 3.6485e+09  1.60%     -  583s
     0     0 3.6485e+09    0  442 3.7077e+09 3.6485e+09  1.60%     -  602s
     0     0 3.6485e+09    0  421 3.7077e+09 3.6485e+09  1.60%     -  611s
     0     0 3.6486e+09    0  438 3.7077e+09 3.6486e+09  1.59%     - 1010s
H    0     0                    3.661367e+09 3.6486e+09  0.35%     - 1015s
H    0     0                    3.661046e+09 3.6486e+09  0.34%     - 1020s
     0     0 3.6486e+09    0  412 3.6610e+09 3.6486e+09  0.34%     - 1058s
     0     0 3.6486e+09    0  397 3.6610e+09 3.6486e+09  0.34%     - 1085s
     0     0 3.6487e+09    0  394 3.6610e+09 3.6487e+09  0.34%     - 1110s
     0     0 3.6487e+09    0  402 3.6610e+09 3.6487e+09  0.34%     - 1127s
     0     0 3.6487e+09    0  390 3.6610e+09 3.6487e+09  0.34%     - 1138s
     0     0 3.6487e+09    0  408 3.6610e+09 3.6487e+09  0.34%     - 1340s
     0     0 3.6487e+09    0  410 3.6610e+09 3.6487e+09  0.34%     - 1413s
     0     0 3.6487e+09    0  382 3.6610e+09 3.6487e+09  0.34%     - 1450s
     0     0 3.6487e+09    0  407 3.6610e+09 3.6487e+09  0.34%     - 1483s
     0     0 3.6487e+09    0  412 3.6610e+09 3.6487e+09  0.34%     - 1508s
     0     0 3.6487e+09    0  390 3.6610e+09 3.6487e+09  0.34%     - 1522s
     0     0 3.6488e+09    0  448 3.6610e+09 3.6488e+09  0.33%     - 1864s
H    0     0                    3.659846e+09 3.6488e+09  0.30%     - 1872s
     0     0 3.6488e+09    0  394 3.6598e+09 3.6488e+09  0.30%     - 1979s
     0     0 3.6488e+09    0  383 3.6598e+09 3.6488e+09  0.30%     - 2054s
     0     0 3.6488e+09    0  378 3.6598e+09 3.6488e+09  0.30%     - 2095s
     0     0 3.6488e+09    0  355 3.6598e+09 3.6488e+09  0.30%     - 2122s
     0     0 3.6488e+09    0  343 3.6598e+09 3.6488e+09  0.30%     - 2146s
     0     0 3.6489e+09    0  360 3.6598e+09 3.6489e+09  0.30%     - 2378s
     0     0 3.6489e+09    0  349 3.6598e+09 3.6489e+09  0.30%     - 2472s
     0     0 3.6489e+09    0  326 3.6598e+09 3.6489e+09  0.30%     - 2503s
     0     0 3.6489e+09    0  353 3.6598e+09 3.6489e+09  0.30%     - 2533s
     0     0 3.6489e+09    0  330 3.6598e+09 3.6489e+09  0.30%     - 2546s
     0     0 3.6490e+09    0  432 3.6598e+09 3.6490e+09  0.30%     - 2801s
     0     0 3.6490e+09    0  417 3.6598e+09 3.6490e+09  0.30%     - 2885s
     0     0 3.6490e+09    0  401 3.6598e+09 3.6490e+09  0.30%     - 2943s
     0     0 3.6490e+09    0  377 3.6598e+09 3.6490e+09  0.30%     - 2996s
     0     0 3.6490e+09    0  395 3.6598e+09 3.6490e+09  0.30%     - 3026s
     0     0 3.6490e+09    0  441 3.6598e+09 3.6490e+09  0.30%     - 3255s
     0     0 3.6490e+09    0  425 3.6598e+09 3.6490e+09  0.30%     - 3381s
     0     0 3.6490e+09    0  441 3.6598e+09 3.6490e+09  0.30%     - 3449s
     0     0 3.6490e+09    0  431 3.6598e+09 3.6490e+09  0.30%     - 3508s
     0     0 3.6490e+09    0  432 3.6598e+09 3.6490e+09  0.30%     - 3539s
     0     0          -    0      3.6598e+09 3.6490e+09  0.30%     - 3600s

Cutting planes:
  Implied bound: 7274
  MIR: 107
  Flow cover: 1400
  Flow path: 858
  RLT: 218
  Relax-and-lift: 592

Explored 1 nodes (806563 simplex iterations) in 3600.07 seconds (3713.61 work units)
Thread count was 32 (of 36 available processors)

Solution count 8: 3.65985e+09 3.66105e+09 3.66137e+09 ... 3.73719e+09

Time limit reached
Best objective 3.659845921238e+09, best bound 3.649040632252e+09, gap 0.2952%

User-callback calls 42853, time in user-callback 0.03 sec
Set parameter TokenServer to value "license-1.hpc.nrel.gov"
Set parameter TimeLimit to value 3600
Set parameter MIPGap to value 0.001
Set parameter MIPGap to value 0.001
Set parameter TimeLimit to value 3600
Gurobi Optimizer version 9.5.1 build v9.5.1rc2 (linux64)
Thread count: 36 physical cores, 36 logical processors, using up to 32 threads
Optimize a model with 289198 rows, 1201980 columns and 2458632 nonzeros
Model fingerprint: 0x1b40109a
Coefficient statistics:
  Matrix range     [3e-06, 1e+06]
  Objective range  [1e-01, 1e+07]
  Bounds range     [4e-13, 1e+08]
  RHS range        [1e-03, 2e+05]

Concurrent LP optimizer: primal simplex, dual simplex, and barrier
Showing barrier log only...

Presolve removed 285149 rows and 1070280 columns
Presolve time: 1.35s
Presolved: 4049 rows, 131700 columns, 262433 nonzeros

Ordering time: 0.02s

Barrier statistics:
 AA' NZ     : 1.307e+05
 Factor NZ  : 2.556e+05 (roughly 60 MB of memory)
 Factor Ops : 2.216e+07 (less than 1 second per iteration)
 Threads    : 30

                  Objective                Residual
Iter       Primal          Dual         Primal    Dual     Compl     Time
   0   5.63734930e+12 -3.07429913e+11  1.88e+08 1.52e+02  1.76e+08     1s
   1   2.01458568e+12 -1.34141019e+11  6.69e+07 1.24e+02  6.34e+07     2s
   2   4.43268670e+11 -1.07409122e+10  1.46e+07 1.15e+01  1.41e+07     2s
   3   6.25559287e+10 -1.17686562e+09  1.95e+06 2.50e-12  1.89e+06     2s
   4   2.89922944e+10 -6.71589737e+07  8.31e+05 7.33e-12  8.20e+05     2s
   5   1.63540815e+10  1.39735907e+09  4.11e+05 1.49e-11  4.06e+05     2s
   6   5.89215286e+09  2.13396703e+09  6.49e+04 1.32e-11  7.28e+04     2s
   7   4.48168184e+09  2.87694877e+09  1.91e+04 1.18e-11  2.36e+04     2s
   8   3.92337097e+09  3.27502668e+09  2.78e+03 7.05e-12  6.25e+03     2s
   9   3.82220306e+09  3.49835443e+09  1.08e+03 5.00e-12  2.81e+03     2s
  10   3.74387137e+09  3.58443424e+09  4.31e+02 2.50e-12  1.30e+03     2s
  11   3.70711447e+09  3.62691820e+09  1.80e+02 1.31e-12  6.28e+02     2s
  12   3.68788525e+09  3.64266189e+09  9.01e+01 7.96e-13  3.48e+02     2s
  13   3.67548188e+09  3.64509768e+09  4.03e+01 6.82e-13  2.31e+02     2s
  14   3.67130075e+09  3.65064376e+09  2.65e+01 4.55e-13  1.56e+02     2s
  15   3.66598514e+09  3.65379463e+09  1.15e+01 3.98e-13  9.16e+01     2s
  16   3.66420054e+09  3.65596091e+09  7.83e+00 1.71e-13  6.17e+01     2s
  17   3.66184901e+09  3.65740781e+09  3.67e+00 1.14e-13  3.32e+01     2s
  18   3.66096755e+09  3.65786671e+09  2.36e+00 8.48e-14  2.32e+01     2s
  19   3.66018096e+09  3.65847794e+09  1.29e+00 1.14e-13  1.27e+01     2s
  20   3.65988909e+09  3.65864116e+09  9.42e-01 9.77e-14  9.31e+00     2s
  21   3.65928606e+09  3.65884621e+09  2.53e-01 2.27e-13  3.28e+00     2s
  22   3.65916098e+09  3.65895017e+09  1.29e-01 7.39e-13  1.57e+00     2s
  23   3.65908197e+09  3.65898184e+09  5.99e-02 1.36e-12  7.47e-01     2s
  24   3.65902156e+09  3.65899858e+09  9.61e-03 1.19e-12  1.72e-01     2s
  25   3.65901515e+09  3.65900577e+09  4.57e-03 6.21e-14  7.00e-02     2s
  26   3.65900922e+09  3.65900831e+09  3.23e-04 1.14e-13  6.76e-03     2s
  27   3.65900868e+09  3.65900858e+09  1.45e-05 7.39e-13  7.52e-04     2s
  28   3.65900865e+09  3.65900864e+09  8.87e-09 1.65e-12  2.33e-05     2s
  29   3.65900864e+09  3.65900864e+09  5.50e-09 5.12e-13  1.58e-06     2s
  30   3.65900864e+09  3.65900864e+09  1.72e-09 1.38e-12  1.33e-08     2s
  31   3.65900864e+09  3.65900864e+09  1.16e-10 8.22e-13  2.34e-09     2s

Barrier solved model in 31 iterations and 2.14 seconds (1.31 work units)
Optimal objective 3.65900864e+09

Crossover log...

      20 DPushes remaining with DInf 0.0000000e+00                 2s
       0 DPushes remaining with DInf 0.0000000e+00                 2s

     567 PPushes remaining with PInf 0.0000000e+00                 2s

Solved with primal simplex
Solved in 35218 iterations and 2.21 seconds (1.24 work units)
Optimal objective  3.659008643e+09

User-callback calls 388, time in user-callback 0.00 sec
[ Info:  started timer at: 2023-03-27T13:33:34.492
[ Info: Reading /projects/pvsoiling/RELOG/Recycling_40209_1/input/solver/case.json...
[ Info:          134 collection centers
[ Info:          268 candidate plant locations
[ Info: Building graph...
[ Info:           26 time periods
[ Info:          268 process nodes
[ Info:         4288 shipping nodes (plant)
[ Info:          134 shipping nodes (collection)
[ Info:        40200 arcs
[ Info: Building optimization model...
[ Info: Optimizing MILP...
[ Info: Re-optimizing with integer variables fixed...
[ Info: Extracting solution...
[ Info:       3652.353032552s: 1 hour, 52 seconds, 353 milliseconds
