Set parameter TokenServer to value "license-1.hpc.nrel.gov"
Set parameter TimeLimit to value 3600
Set parameter MIPGap to value 0.001
Set parameter MIPGap to value 0.001
Set parameter TimeLimit to value 3600
Gurobi Optimizer version 9.5.1 build v9.5.1rc2 (linux64)
Thread count: 36 physical cores, 36 logical processors, using up to 32 threads
Optimize a model with 332260 rows, 1381848 columns and 2818080 nonzeros
Model fingerprint: 0x910fab4c
Variable types: 1365780 continuous, 16068 integer (16068 binary)
Coefficient statistics:
  Matrix range     [3e-06, 7e+03]
  Objective range  [2e-01, 5e+07]
  Bounds range     [7e+03, 1e+08]
  RHS range        [1e-03, 2e+05]
Presolve removed 313017 rows and 289533 columns
Presolve time: 3.74s
Presolved: 19243 rows, 1092315 columns, 2192046 nonzeros
Variable types: 1092006 continuous, 309 integer (309 binary)

Deterministic concurrent LP optimizer: primal and dual simplex
Showing first log only...


Root simplex log...

Iteration    Objective       Primal Inf.    Dual Inf.      Time
       0    6.7325263e+09   8.467852e+05   8.078693e+11      8s
  148556    7.2293863e+09   0.000000e+00   1.512899e+07     10s
  218419    7.2170311e+09   0.000000e+00   0.000000e+00     13s
Concurrent spin time: 0.33s

Solved with primal simplex

Root relaxation: objective 7.217031e+09, 218419 iterations, 7.60 seconds (6.61 work units)

    Nodes    |    Current Node    |     Objective Bounds      |     Work
 Expl Unexpl |  Obj  Depth IntInf | Incumbent    BestBd   Gap | It/Node Time

     0     0 7.2170e+09    0    4          - 7.2170e+09      -     -   13s
H    0     0                    7.303877e+09 7.2170e+09  1.19%     -   14s
     0     0 7.2171e+09    0    5 7.3039e+09 7.2171e+09  1.19%     -   19s
     0     0 7.2171e+09    0    5 7.3039e+09 7.2171e+09  1.19%     -   22s
     0     0 7.2171e+09    0    5 7.3039e+09 7.2171e+09  1.19%     -   23s
     0     0 7.2171e+09    0    4 7.3039e+09 7.2171e+09  1.19%     -   25s
     0     0 7.2171e+09    0    4 7.3039e+09 7.2171e+09  1.19%     -   27s
     0     0 7.2171e+09    0    3 7.3039e+09 7.2171e+09  1.19%     -   28s
H    0     0                    7.273837e+09 7.2171e+09  0.78%     -   29s
H    0     0                    7.273740e+09 7.2171e+09  0.78%     -   29s
     0     0 7.2171e+09    0    3 7.2737e+09 7.2171e+09  0.78%     -   30s
     0     0 7.2171e+09    0    3 7.2737e+09 7.2171e+09  0.78%     -   31s
     0     0 7.2171e+09    0    3 7.2737e+09 7.2171e+09  0.78%     -   33s
     0     0 7.2171e+09    0    3 7.2737e+09 7.2171e+09  0.78%     -   34s
H    0     0                    7.273708e+09 7.2171e+09  0.78%     -   34s
     0     0 7.2171e+09    0    3 7.2737e+09 7.2171e+09  0.78%     -   36s
     0     0 7.2171e+09    0    3 7.2737e+09 7.2171e+09  0.78%     -   37s
H    0     0                    7.273708e+09 7.2171e+09  0.78%     -   37s
     0     0 7.2171e+09    0    3 7.2737e+09 7.2171e+09  0.78%     -   38s
     0     0 7.2171e+09    0    3 7.2737e+09 7.2171e+09  0.78%     -   39s
     0     0 7.2171e+09    0    3 7.2737e+09 7.2171e+09  0.78%     -   41s
     0     0 7.2171e+09    0    3 7.2737e+09 7.2171e+09  0.78%     -   42s
     0     0 7.2171e+09    0    3 7.2737e+09 7.2171e+09  0.78%     -   44s
H    0     0                    7.242915e+09 7.2171e+09  0.36%     -   49s
     0     2 7.2171e+09    0    3 7.2429e+09 7.2171e+09  0.36%     -   52s
     3     8 7.2171e+09    2    3 7.2429e+09 7.2171e+09  0.36%   279   57s
    15    32 7.2171e+09    4    1 7.2429e+09 7.2171e+09  0.36%   329   61s
    31    64 7.2171e+09    5    2 7.2429e+09 7.2171e+09  0.36%   396   66s
H   52    64                    7.242846e+09 7.2171e+09  0.36%   442   66s
H   58    64                    7.242823e+09 7.2171e+09  0.36%   467   66s
    95   128 7.2171e+09    7    2 7.2428e+09 7.2171e+09  0.36%   437   83s
   127   160 7.2171e+09    8    1 7.2428e+09 7.2171e+09  0.36%   404   86s
   159   192 7.2171e+09    9    3 7.2428e+09 7.2171e+09  0.36%   395   90s
H  178   192                    7.242792e+09 7.2171e+09  0.36%   369   90s
   223   361 7.2171e+09   11    3 7.2428e+09 7.2171e+09  0.36%   360  100s
   360   690 7.2171e+09   14    2 7.2428e+09 7.2171e+09  0.36%   307  116s
   689  1163 7.2172e+09   23    1 7.2428e+09 7.2171e+09  0.36%   250  148s
  1162  1576 7.2173e+09   35    1 7.2428e+09 7.2171e+09  0.36%   237  256s
  1575  1608 7.2175e+09   48    1 7.2428e+09 7.2171e+09  0.36%   211  371s
  1607  2518 7.2175e+09   49    1 7.2428e+09 7.2171e+09  0.36%   210  423s
  2517  3366 7.2177e+09   78    2 7.2428e+09 7.2171e+09  0.36%   180  461s
  3407  4095 7.2179e+09  107    1 7.2428e+09 7.2171e+09  0.36%   158  493s
  4303  4826 7.2183e+09  136    1 7.2428e+09 7.2171e+09  0.36%   136  514s
  5231  5617 7.2186e+09  165    2 7.2428e+09 7.2171e+09  0.36%   121  541s
  6107  6310 7.2189e+09  194    1 7.2428e+09 7.2171e+09  0.36%   113  567s
  6985  6984 infeasible  219      7.2428e+09 7.2171e+09  0.36%   116  590s
  7838  7603 7.2343e+09  243    2 7.2428e+09 7.2171e+09  0.36%   126  615s
  8679  8058 7.2358e+09  269    2 7.2428e+09 7.2171e+09  0.35%   148  642s
  9345  8721 7.2173e+09   12    2 7.2428e+09 7.2171e+09  0.35%   163  667s
 10044  9382 7.2178e+09   25    1 7.2428e+09 7.2171e+09  0.35%   170  693s
 10730  9383 7.2214e+09   84    3 7.2428e+09 7.2171e+09  0.35%   175  799s
 10731  9384 7.2204e+09   58    3 7.2428e+09 7.2171e+09  0.35%   175  800s
 10732  9384 7.2294e+09   53    4 7.2428e+09 7.2171e+09  0.35%   175  830s
 10733  9385 7.2231e+09   74    5 7.2428e+09 7.2171e+09  0.35%   175  854s
 10734  9386 7.2321e+09  215    4 7.2428e+09 7.2171e+09  0.35%   175  866s
 10736  9387 7.2230e+09  117    3 7.2428e+09 7.2171e+09  0.35%   175  884s
 10737  9388 7.2361e+09   86    3 7.2428e+09 7.2171e+09  0.35%   175  908s
 10738  9388 7.2253e+09  140    3 7.2428e+09 7.2171e+09  0.35%   175  929s
 10739  9389 7.2361e+09  100    3 7.2428e+09 7.2171e+09  0.35%   175  951s
 10740  9390 7.2173e+09   13    3 7.2428e+09 7.2171e+09  0.35%   175  974s
 10741  9390 7.2177e+09   26    3 7.2428e+09 7.2171e+09  0.35%   175 1000s
 10742  9391 7.2383e+09  124    3 7.2428e+09 7.2171e+09  0.35%   175 1029s
 10743  9392 7.2336e+09  228    3 7.2428e+09 7.2171e+09  0.35%   175 1053s
 10744  9392 7.2318e+09  207    3 7.2428e+09 7.2171e+09  0.35%   175 1074s
 10745  9393 7.2282e+09  182    3 7.2428e+09 7.2171e+09  0.35%   175 1123s
 10746  9394 7.2181e+09   29    3 7.2428e+09 7.2171e+09  0.35%   175 1135s
 10747  9394 7.2174e+09   31    3 7.2428e+09 7.2171e+09  0.35%   175 1144s
 10748  9398 7.2171e+09   16    4 7.2428e+09 7.2171e+09  0.35%   192 1155s
 10754  9408 7.2171e+09   18    2 7.2428e+09 7.2171e+09  0.35%   192 1166s
 10762  9421 7.2171e+09   19    1 7.2428e+09 7.2171e+09  0.35%   192 1173s
 10778  9448 7.2171e+09   20    2 7.2428e+09 7.2171e+09  0.35%   193 1181s
 10810  9469 7.2171e+09   21    2 7.2428e+09 7.2171e+09  0.35%   193 1187s
 10842  9491 7.2172e+09   21    2 7.2428e+09 7.2171e+09  0.35%   194 1209s
 10874  9512 7.2171e+09   22    3 7.2428e+09 7.2171e+09  0.35%   194 1214s
 10906  9533 7.2171e+09   22    1 7.2428e+09 7.2171e+09  0.35%   195 1218s
 10938  9572 7.2171e+09   23    2 7.2428e+09 7.2171e+09  0.35%   195 1222s
 10987  9599 7.2172e+09   23    2 7.2428e+09 7.2171e+09  0.35%   195 1228s
 11031  9723 7.2171e+09   24    4 7.2428e+09 7.2171e+09  0.35%   196 1242s
 11169  9709 7.2172e+09   25    1 7.2428e+09 7.2171e+09  0.35%   196 1609s
 11201  9730 7.2171e+09   26    4 7.2428e+09 7.2171e+09  0.35%   197 1833s
 11233 10251 7.2172e+09   26    2 7.2428e+09 7.2171e+09  0.35%   197 1909s
 11765 10695 7.2174e+09   34    2 7.2428e+09 7.2171e+09  0.35%   202 2014s
 12386 11381 7.2173e+09   49    2 7.2428e+09 7.2171e+09  0.35%   203 2079s
 12415 11371 7.2173e+09   50    3 7.2428e+09 7.2171e+09  0.35%   203 2080s
 13279 11947 7.2208e+09   63    2 7.2428e+09 7.2171e+09  0.35%   203 2133s
 14148 12473 7.2177e+09   78    1 7.2428e+09 7.2171e+09  0.35%   204 2189s
 15074 12885 7.2215e+09   92    2 7.2428e+09 7.2171e+09  0.35%   201 2223s
 15999 13335 7.2178e+09  107    1 7.2428e+09 7.2171e+09  0.35%   194 2253s
 16922 13754 7.2223e+09  121    2 7.2428e+09 7.2171e+09  0.35%   189 2280s
 17825 14192 7.2182e+09  136    1 7.2428e+09 7.2171e+09  0.35%   187 2308s
 18718 14565 7.2251e+09  150    1 7.2428e+09 7.2171e+09  0.35%   188 2338s
 19553 14975 7.2184e+09  165    4 7.2428e+09 7.2171e+09  0.35%   191 2364s
 20408 15420 7.2270e+09  179    2 7.2428e+09 7.2171e+09  0.35%   194 2392s
 21228 15845 7.2188e+09  194    3 7.2428e+09 7.2171e+09  0.35%   196 2420s
 22007 16301 7.2287e+09  208    2 7.2428e+09 7.2171e+09  0.35%   196 2447s
 22809 16747 7.2193e+09  223    1 7.2428e+09 7.2171e+09  0.35%   196 2473s
 23586 16933 infeasible  237      7.2428e+09 7.2171e+09  0.35%   198 2536s
 24103 17458 infeasible  245      7.2428e+09 7.2171e+09  0.35%   200 2564s
 24915 17829 7.2344e+09  260    1 7.2428e+09 7.2171e+09  0.35%   201 2591s
 25714 18214     cutoff  274      7.2428e+09 7.2171e+09  0.35%   204 2618s
 26505 18539 7.2374e+09  289    1 7.2428e+09 7.2171e+09  0.35%   206 2643s
 27347 18740 7.2175e+09   33    2 7.2428e+09 7.2171e+09  0.35%   208 2668s
 28147 19002 7.2182e+09   49    1 7.2428e+09 7.2171e+09  0.35%   209 2692s
 28898 19452 7.2190e+09   70    2 7.2428e+09 7.2171e+09  0.35%   209 2737s
 29788 19772 7.2278e+09   89    1 7.2428e+09 7.2171e+09  0.35%   210 2763s
 30533 20201 7.2324e+09  112    1 7.2428e+09 7.2171e+09  0.35%   211 2786s
 31228 20689 7.2329e+09  141    1 7.2428e+09 7.2171e+09  0.35%   211 2808s
 31970 20472 7.2331e+09  170    1 7.2428e+09 7.2171e+09  0.35%   210 3138s
 32003 21107 7.2331e+09  171    1 7.2428e+09 7.2171e+09  0.35%   210 3160s
 32698 21481 7.2338e+09  200    2 7.2428e+09 7.2171e+09  0.35%   210 3182s
 33392 21847 7.2174e+09   33    3 7.2428e+09 7.2171e+09  0.35%   210 3204s
 34083 22281 7.2186e+09   43    2 7.2428e+09 7.2171e+09  0.35%   211 3225s
 34831 22605 7.2193e+09   56    2 7.2428e+09 7.2171e+09  0.35%   211 3245s
 35605 22941 7.2204e+09   73    3 7.2428e+09 7.2171e+09  0.35%   212 3265s
 36352 23363 7.2237e+09   88    1 7.2428e+09 7.2171e+09  0.35%   212 3285s
 37120 23579 7.2284e+09   95    1 7.2428e+09 7.2171e+09  0.35%   211 3305s
 37764 23891 7.2313e+09  101    2 7.2428e+09 7.2171e+09  0.35%   211 3328s
 38470 24252     cutoff  116      7.2428e+09 7.2171e+09  0.35%   212 3348s
 39160 24595     cutoff  144      7.2428e+09 7.2171e+09  0.35%   211 3369s
 39794 25038 7.2357e+09  171    1 7.2428e+09 7.2171e+09  0.35%   212 3390s
 40450 25523 7.2362e+09  199    1 7.2428e+09 7.2171e+09  0.35%   212 3413s
 41091 26044 7.2175e+09   33    3 7.2428e+09 7.2171e+09  0.35%   212 3437s
 41679 26570 7.2185e+09   55    1 7.2428e+09 7.2171e+09  0.35%   213 3462s
 42261 27040 7.2236e+09   80    1 7.2428e+09 7.2171e+09  0.35%   214 3523s
 42755 27694 7.2287e+09   98    2 7.2428e+09 7.2171e+09  0.35%   215 3547s
 43466 28206 7.2409e+09  127    2 7.2428e+09 7.2171e+09  0.35%   216 3568s
 44194 28728 7.2420e+09  152    1 7.2428e+09 7.2171e+09  0.35%   215 3590s
 44937 29041 7.2426e+09  181    2 7.2428e+09 7.2171e+09  0.35%   214 3600s

Cutting planes:
  Gomory: 1
  Implied bound: 283
  MIR: 292
  Flow cover: 247
  Flow path: 94

Explored 45476 nodes (9898443 simplex iterations) in 3600.54 seconds (2446.46 work units)
Thread count was 32 (of 36 available processors)

Solution count 6: 7.24279e+09 7.24282e+09 7.24285e+09 ... 7.30388e+09

Time limit reached
Best objective 7.242791655499e+09, best bound 7.217127483585e+09, gap 0.3543%

User-callback calls 825963, time in user-callback 0.34 sec
Set parameter TokenServer to value "license-1.hpc.nrel.gov"
Set parameter TimeLimit to value 3600
Set parameter MIPGap to value 0.001
Set parameter MIPGap to value 0.001
Set parameter TimeLimit to value 3600
Gurobi Optimizer version 9.5.1 build v9.5.1rc2 (linux64)
Thread count: 36 physical cores, 36 logical processors, using up to 32 threads
Optimize a model with 332260 rows, 1381848 columns and 2818080 nonzeros
Model fingerprint: 0xc2456202
Coefficient statistics:
  Matrix range     [3e-06, 7e+03]
  Objective range  [2e-01, 5e+07]
  Bounds range     [1e+00, 1e+08]
  RHS range        [1e-03, 2e+05]

Concurrent LP optimizer: primal simplex, dual simplex, and barrier
Showing barrier log only...

Presolve removed 326670 rows and 1095513 columns
Presolve time: 1.47s
Presolved: 5590 rows, 286335 columns, 570564 nonzeros

Ordering time: 0.04s

Barrier statistics:
 AA' NZ     : 2.842e+05
 Factor NZ  : 5.821e+05 (roughly 120 MB of memory)
 Factor Ops : 6.366e+07 (less than 1 second per iteration)
 Threads    : 30

                  Objective                Residual
Iter       Primal          Dual         Primal    Dual     Compl     Time
   0   1.91808242e+13 -9.54803188e+11  9.36e+07 1.46e+02  3.39e+08     2s
   1   5.04204431e+12 -2.94848418e+11  2.46e+07 5.68e-13  8.97e+07     2s
   2   1.10611750e+12 -1.35823101e+10  5.36e+06 5.91e-12  1.96e+07     2s
   3   1.03075104e+10 -1.95665071e+09  1.29e+04 8.07e-12  8.01e+04     2s
   4   7.80104609e+09  5.18550452e+09  9.05e+02 1.25e-12  1.13e+04     2s
   5   7.53204934e+09  6.38215243e+09  1.01e+02 6.82e-13  4.17e+03     2s
   6   7.41844149e+09  6.88649306e+09  1.18e+01 3.98e-13  1.85e+03     2s
   7   7.38598896e+09  7.01597142e+09  7.56e+00 3.84e-13  1.29e+03     2s
   8   7.32831209e+09  7.11095881e+09  2.44e+00 6.11e-13  7.54e+02     2s
   9   7.30025454e+09  7.15903983e+09  1.31e+00 7.32e-13  4.89e+02     2s
  10   7.27972602e+09  7.19486858e+09  6.88e-01 1.02e-12  2.93e+02     2s
  11   7.27433811e+09  7.21017526e+09  5.59e-01 1.08e-12  2.22e+02     2s
  12   7.26158964e+09  7.22238840e+09  2.71e-01 1.45e-12  1.35e+02     2s
  13   7.25142029e+09  7.23199409e+09  8.50e-02 1.89e-12  6.70e+01     2s
  14   7.24874165e+09  7.23648887e+09  5.19e-02 2.25e-12  4.23e+01     2s
  15   7.24651302e+09  7.23951180e+09  2.96e-02 2.84e-12  2.41e+01     2s
  16   7.24520287e+09  7.24104479e+09  1.78e-02 3.42e-12  1.43e+01     2s

Barrier performed 16 iterations in 2.27 seconds (1.58 work units)
Barrier solve interrupted - model solved by another algorithm


Solved with primal simplex
Solved in 42649 iterations and 2.27 seconds (1.43 work units)
Optimal objective  7.242791655e+09

User-callback calls 283, time in user-callback 0.00 sec
[ Info:  started timer at: 2023-03-22T17:24:15.029
[ Info: Reading /projects/pvsoiling/RELOG/Recycling_NAICS_2/input/solver/case.json...
[ Info:          134 collection centers
[ Info:          309 candidate plant locations
[ Info: Building graph...
[ Info:               26 time periods
[ Info:              309 process nodes
[ Info:             4944 shipping nodes (plant)
[ Info:              134 shipping nodes (collection)
[ Info:            46350 arcs
[ Info: Building optimization model...
[ Info: Optimizing MILP...
[ Info: Re-optimizing with integer variables fixed...
[ Info: Extracting solution...
[ Info:       3650.672535109s: 1 hour, 50 seconds, 672 milliseconds
