Set parameter TokenServer to value "license-1.hpc.nrel.gov"
Set parameter TimeLimit to value 3600
Set parameter MIPGap to value 0.001
Set parameter MIPGap to value 0.001
Set parameter TimeLimit to value 3600
Gurobi Optimizer version 9.5.1 build v9.5.1rc2 (linux64)
Thread count: 36 physical cores, 36 logical processors, using up to 32 threads
Optimize a model with 332904 rows, 1385332 columns and 2833700 nonzeros
Model fingerprint: 0xcba0b7da
Variable types: 1369264 continuous, 16068 integer (16068 binary)
Coefficient statistics:
  Matrix range     [3e-06, 1e+06]
  Objective range  [2e-01, 5e+07]
  Bounds range     [7e+03, 1e+08]
  RHS range        [1e-03, 2e+05]
Presolve removed 303464 rows and 282820 columns (presolve time = 5s) ...
Presolve removed 303464 rows and 282820 columns
Presolve time: 5.62s
Presolved: 29440 rows, 1102512 columns, 2234070 nonzeros
Variable types: 1092006 continuous, 10506 integer (10506 binary)

Deterministic concurrent LP optimizer: primal simplex, dual simplex, and barrier
Showing barrier log only...

Root barrier log...

Ordering time: 2.12s
Ordering time: 4.34s

Barrier statistics:
 AA' NZ     : 1.179e+06
 Factor NZ  : 1.638e+07 (roughly 600 MB of memory)
 Factor Ops : 3.054e+10 (less than 1 second per iteration)
 Threads    : 29

                  Objective                Residual
Iter       Primal          Dual         Primal    Dual     Compl     Time
   0   3.25779150e+14 -3.93005794e+14  2.49e+06 2.25e+03  8.99e+09    17s
   1   4.63478216e+13 -1.81748510e+14  3.53e+05 7.45e-09  1.31e+09    18s
   2   1.03715873e+13 -5.52102619e+13  7.90e+04 3.11e-06  2.96e+08    19s
   3   5.98321048e+11 -1.03251121e+13  4.44e+03 2.58e-07  1.94e+07    19s
   4   5.48040878e+10 -1.08025544e+12  2.92e+02 7.45e-09  1.37e+06    20s
   5   3.37406696e+10 -6.93531101e+11  1.36e+02 1.12e-08  6.95e+05    20s
   6   2.32526048e+10 -5.42342148e+11  5.90e+01 7.45e-09  4.06e+05    20s
   7   2.04381876e+10 -4.08001102e+11  3.94e+01 7.45e-09  2.86e+05    20s
   8   1.85659671e+10 -3.23012699e+11  2.77e+01 7.45e-09  2.15e+05    21s
   9   1.68214775e+10 -2.60858855e+11  1.60e+01 7.45e-09  1.58e+05    21s
  10   1.54106556e+10 -1.65986443e+11  8.21e+00 1.49e-08  9.64e+04    21s
  11   1.22880186e+10 -7.90458361e+10  4.38e+00 1.49e-08  4.71e+04    22s
  12   1.08692479e+10 -3.42731183e+10  2.78e+00 7.45e-09  2.30e+04    22s
  13   1.03091472e+10 -2.41150066e+10  2.16e+00 7.45e-09  1.73e+04    22s
  14   9.89205459e+09 -1.82839479e+10  1.70e+00 7.45e-09  1.39e+04    22s
  15   9.51659338e+09 -1.09812096e+10  1.30e+00 7.45e-09  9.99e+03    22s
  16   9.11024706e+09 -6.32559394e+09  8.81e-01 7.45e-09  7.38e+03    23s
  17   8.59599309e+09 -2.04190191e+09  4.71e-01 7.45e-09  4.97e+03    23s
  18   8.33770417e+09  6.93019630e+08  3.38e-01 7.45e-09  3.55e+03    24s
  19   8.14465976e+09  2.08372991e+09  2.55e-01 7.45e-09  2.80e+03    24s
  20   7.98658374e+09  2.78898805e+09  2.00e-01 1.49e-08  2.39e+03    24s
  21   7.86125918e+09  4.00557912e+09  1.68e-01 7.45e-09  1.77e+03    25s
  22   7.71835219e+09  4.74576923e+09  1.29e-01 7.45e-09  1.36e+03    25s
  23   7.58725959e+09  5.24108434e+09  2.59e-01 7.45e-09  1.07e+03    26s
  24   7.46996003e+09  5.58454986e+09  3.05e-01 7.45e-09  8.57e+02    26s
  25   7.34956490e+09  5.85055137e+09  3.18e-01 7.45e-09  6.80e+02    27s
  26   7.25031926e+09  6.04797266e+09  3.61e-01 7.45e-09  5.45e+02    27s
  27   7.17900783e+09  6.16101167e+09  4.25e-01 7.45e-09  4.61e+02    27s
  28   7.12219016e+09  6.25712580e+09  4.58e-01 1.49e-08  3.91e+02    28s
  29   7.08315093e+09  6.33260585e+09  4.55e-01 7.45e-09  3.39e+02    28s
  30   7.04519276e+09  6.39241978e+09  4.71e-01 7.45e-09  2.95e+02    29s
  31   7.02484026e+09  6.45538764e+09  4.56e-01 7.45e-09  2.57e+02    29s
  32   6.97946757e+09  6.48260865e+09  4.10e-01 1.49e-08  2.24e+02    30s
  33   6.95541721e+09  6.51027359e+09  3.94e-01 1.49e-08  2.01e+02    30s
  34   6.92796395e+09  6.52577544e+09  4.01e-01 1.49e-08  1.81e+02    31s
  35   6.91210713e+09  6.54174924e+09  3.76e-01 7.45e-09  1.67e+02    31s
  36   6.89857717e+09  6.56962653e+09  3.60e-01 7.45e-09  1.48e+02    32s
  37   6.87656706e+09  6.58421564e+09  6.62e-01 7.45e-09  1.32e+02    32s
  38   6.85648843e+09  6.59357551e+09  7.47e-01 7.45e-09  1.18e+02    33s
  39   6.84422147e+09  6.60361592e+09  8.13e-01 7.45e-09  1.08e+02    33s
  40   6.83113966e+09  6.61892917e+09  9.24e-01 7.45e-09  9.54e+01    34s
  41   6.82060712e+09  6.63017975e+09  9.07e-01 7.45e-09  8.56e+01    34s
  42   6.81389277e+09  6.64052696e+09  9.63e-01 7.45e-09  7.79e+01    35s
  43   6.80084218e+09  6.64621660e+09  9.96e-01 1.49e-08  6.95e+01    35s
  44   6.79850529e+09  6.64825827e+09  1.10e+00 1.49e-08  6.75e+01    35s
  45   6.77940213e+09  6.65512712e+09  1.70e+00 1.49e-08  5.58e+01    36s
  46   6.77089797e+09  6.66174566e+09  1.57e+00 7.45e-09  4.90e+01    36s
  47   6.75424731e+09  6.66772484e+09  1.61e+00 7.45e-09  3.88e+01    37s
  48   6.74206483e+09  6.67008595e+09  1.51e+00 7.45e-09  3.22e+01    37s
  49   6.73706273e+09  6.67411363e+09  1.40e+00 1.49e-08  2.82e+01    38s
  50   6.73240863e+09  6.67629467e+09  1.29e+00 7.45e-09  2.51e+01    39s
  51   6.72338606e+09  6.67799328e+09  1.05e+00 7.45e-09  2.03e+01    39s
  52   6.71751837e+09  6.67941435e+09  8.97e-01 7.45e-09  1.70e+01    40s
  53   6.71336855e+09  6.68038102e+09  7.85e-01 7.45e-09  1.47e+01    41s
  54   6.71034889e+09  6.68070716e+09  7.04e-01 7.45e-09  1.32e+01    42s
  55   6.70556269e+09  6.68152644e+09  5.71e-01 7.45e-09  1.07e+01    42s
  56   6.70216794e+09  6.68203359e+09  4.79e-01 1.49e-08  8.99e+00    43s
  57   6.69886802e+09  6.68311652e+09  3.87e-01 7.45e-09  7.03e+00    44s
  58   6.69700989e+09  6.68358020e+09  3.39e-01 1.49e-08  5.99e+00    45s
  59   6.69398456e+09  6.68383532e+09  2.56e-01 7.45e-09  4.53e+00    45s
  60   6.69194190e+09  6.68422841e+09  1.98e-01 7.45e-09  3.44e+00    46s
  61   6.68943858e+09  6.68454480e+09  1.28e-01 7.45e-09  2.18e+00    46s
  62   6.68811320e+09  6.68469363e+09  8.98e-02 7.45e-09  1.52e+00    47s
  63   6.68762780e+09  6.68473607e+09  7.64e-02 7.45e-09  1.29e+00    47s
  64   6.68712711e+09  6.68478206e+09  6.28e-02 1.49e-08  1.05e+00    47s
  65   6.68645770e+09  6.68480304e+09  4.43e-02 7.45e-09  7.37e-01    48s
  66   6.68606837e+09  6.68486457e+09  3.27e-02 7.45e-09  5.36e-01    48s
  67   6.68536445e+09  6.68488994e+09  1.22e-02 7.45e-09  2.12e-01    49s
  68   6.68505800e+09  6.68491270e+09  3.40e-03 7.45e-09  6.48e-02    49s
  69   6.68498174e+09  6.68491794e+09  1.39e-03 7.45e-09  2.85e-02    49s
  70   6.68496302e+09  6.68492277e+09  8.87e-04 7.45e-09  1.80e-02    50s
  71   6.68495069e+09  6.68492488e+09  5.70e-04 7.45e-09  1.15e-02    50s
  72   6.68493994e+09  6.68492596e+09  2.97e-04 7.45e-09  6.24e-03    50s
  73   6.68493308e+09  6.68492671e+09  1.26e-04 7.45e-09  2.85e-03    50s
  74   6.68492970e+09  6.68492706e+09  4.36e-05 7.45e-09  1.18e-03    51s
  75   6.68492866e+09  6.68492736e+09  1.96e-05 7.45e-09  5.85e-04    51s
  76   6.68492806e+09  6.68492749e+09  6.34e-06 7.45e-09  2.56e-04    51s
  77   6.68492792e+09  6.68492761e+09  3.23e-06 7.45e-09  1.36e-04    51s
  78   6.68492781e+09  6.68492767e+09  1.16e-06 7.45e-09  6.60e-05    52s
  79   6.68492779e+09  6.68492770e+09  7.19e-07 7.45e-09  4.18e-05    52s
  80   6.68492776e+09  6.68492774e+09  1.05e-07 7.45e-09  9.03e-06    52s
  81   6.68492775e+09  6.68492775e+09  1.05e-08 7.45e-09  1.25e-06    52s
  82   6.68492775e+09  6.68492775e+09  1.44e-09 1.49e-08  2.18e-07    53s
  83   6.68492775e+09  6.68492775e+09  1.20e-09 7.45e-09  3.30e-09    53s

Barrier solved model in 83 iterations and 53.02 seconds (47.30 work units)
Optimal objective 6.68492775e+09


Root crossover log...

   26503 DPushes remaining with DInf 9.2644300e-04                53s
       0 DPushes remaining with DInf 0.0000000e+00                53s

     725 PPushes remaining with PInf 0.0000000e+00                53s
       0 PPushes remaining with PInf 0.0000000e+00                53s

  Push phase complete: Pinf 0.0000000e+00, Dinf 1.7213877e-08     53s


Root simplex log...

Iteration    Objective       Primal Inf.    Dual Inf.      Time
   20574    6.6849277e+09   0.000000e+00   0.000000e+00     53s
   20574    6.6849277e+09   0.000000e+00   0.000000e+00     54s
Concurrent spin time: 0.00s

Solved with barrier

Root relaxation: objective 6.684928e+09, 20574 iterations, 46.12 seconds (39.27 work units)

    Nodes    |    Current Node    |     Objective Bounds      |     Work
 Expl Unexpl |  Obj  Depth IntInf | Incumbent    BestBd   Gap | It/Node Time

     0     0 6.6849e+09    0  113          - 6.6849e+09      -     -   55s
H    0     0                    6.810296e+09 6.6849e+09  1.84%     -   57s
H    0     0                    6.796324e+09 6.6849e+09  1.64%     -   60s
H    0     0                    6.796147e+09 6.6849e+09  1.64%     -   61s
H    0     0                    6.702759e+09 6.6849e+09  0.27%     -   63s
H    0     0                    6.702308e+09 6.6849e+09  0.26%     -   79s
     0     0 6.6851e+09    0  105 6.7023e+09 6.6851e+09  0.26%     -   85s
     0     0 6.6851e+09    0  102 6.7023e+09 6.6851e+09  0.26%     -   92s
     0     0 6.6851e+09    0  102 6.7023e+09 6.6851e+09  0.26%     -   92s
     0     0 6.6852e+09    0  114 6.7023e+09 6.6852e+09  0.25%     -  100s
     0     0 6.6852e+09    0  114 6.7023e+09 6.6852e+09  0.25%     -  104s
     0     0 6.6852e+09    0  114 6.7023e+09 6.6852e+09  0.25%     -  105s
     0     0 6.6852e+09    0  114 6.7023e+09 6.6852e+09  0.25%     -  106s
     0     0 6.6853e+09    0  124 6.7023e+09 6.6853e+09  0.25%     -  115s
     0     0 6.6853e+09    0  105 6.7023e+09 6.6853e+09  0.25%     -  121s
     0     0 6.6853e+09    0  107 6.7023e+09 6.6853e+09  0.25%     -  122s
     0     0 6.6853e+09    0  108 6.7023e+09 6.6853e+09  0.25%     -  131s
     0     0 6.6853e+09    0  106 6.7023e+09 6.6853e+09  0.25%     -  137s
     0     0 6.6853e+09    0  103 6.7023e+09 6.6853e+09  0.25%     -  138s
     0     0 6.6854e+09    0  119 6.7023e+09 6.6854e+09  0.25%     -  141s
     0     0 6.6854e+09    0  114 6.7023e+09 6.6854e+09  0.25%     -  146s
     0     0 6.6854e+09    0  107 6.7023e+09 6.6854e+09  0.25%     -  146s
     0     0 6.6854e+09    0  104 6.7023e+09 6.6854e+09  0.25%     -  149s
     0     0 6.6854e+09    0   81 6.7023e+09 6.6854e+09  0.25%     -  154s
     0     0 6.6854e+09    0   94 6.7023e+09 6.6854e+09  0.25%     -  156s
     0     0 6.6854e+09    0   93 6.7023e+09 6.6854e+09  0.25%     -  161s
     0     0 6.6854e+09    0   90 6.7023e+09 6.6854e+09  0.25%     -  162s
     0     0 6.6854e+09    0   83 6.7023e+09 6.6854e+09  0.25%     -  164s
     0     0 6.6854e+09    0   92 6.7023e+09 6.6854e+09  0.25%     -  167s
     0     0 6.6854e+09    0  103 6.7023e+09 6.6854e+09  0.25%     -  169s
     0     0 6.6854e+09    0   86 6.7023e+09 6.6854e+09  0.25%     -  173s
     0     0 6.6854e+09    0   74 6.7023e+09 6.6854e+09  0.25%     -  175s
     0     0 6.6854e+09    0   80 6.7023e+09 6.6854e+09  0.25%     -  178s
     0     0 6.6854e+09    0   66 6.7023e+09 6.6854e+09  0.25%     -  179s
     0     0 6.6854e+09    0   66 6.7023e+09 6.6854e+09  0.25%     -  183s
     0     0 6.6854e+09    0   66 6.7023e+09 6.6854e+09  0.25%     -  184s
     0     0 6.6854e+09    0   66 6.7023e+09 6.6854e+09  0.25%     -  207s
H    0     0                    6.701322e+09 6.6854e+09  0.24%     -  221s
     0     2 6.6854e+09    0   66 6.7013e+09 6.6854e+09  0.24%     -  224s
     1     4 6.6854e+09    1   75 6.7013e+09 6.6854e+09  0.24%   331  229s
     3     8 6.6854e+09    2   78 6.7013e+09 6.6854e+09  0.24%   288  231s
    15    32 6.6854e+09    4   85 6.7013e+09 6.6854e+09  0.24%   127  239s
H   31    64                    6.701286e+09 6.6854e+09  0.24%   187  248s
    63    96 6.6854e+09    6   73 6.7013e+09 6.6854e+09  0.24%   162  258s
    95   128 6.6854e+09    7   71 6.7013e+09 6.6854e+09  0.24%   153  262s
   127   160 6.6854e+09    8   70 6.7013e+09 6.6854e+09  0.24%   130  265s
   159   192 6.6854e+09    9   69 6.7013e+09 6.6854e+09  0.24%   114  270s
   244   496 6.6854e+09   12   58 6.7013e+09 6.6854e+09  0.24%  95.3  284s
   495   528 6.6855e+09   21   56 6.7013e+09 6.6854e+09  0.24%  78.3  331s
H  496   528                    6.701176e+09 6.6854e+09  0.23%  78.1  331s
H  499   528                    6.701017e+09 6.6854e+09  0.23%  77.8  331s
H  511   528                    6.700992e+09 6.6854e+09  0.23%  77.0  331s
H  513   528                    6.700989e+09 6.6854e+09  0.23%  76.8  331s
   527   560 6.6855e+09   22   55 6.7010e+09 6.6854e+09  0.23%  77.5  727s
H  535   560                    6.700929e+09 6.6854e+09  0.23%  76.7  728s
   559  1146 6.6855e+09   23   54 6.7009e+09 6.6854e+09  0.23%  75.4  769s
H 1145  1788                    6.700929e+09 6.6854e+09  0.23%  53.2  824s
H 1261  1788                    6.700927e+09 6.6854e+09  0.23%  51.5  824s
H 1312  1788                    6.700925e+09 6.6854e+09  0.23%  51.8  824s
H 1448  1788                    6.700914e+09 6.6854e+09  0.23%  51.6  824s
  1787  2585 6.6855e+09   63   42 6.7009e+09 6.6854e+09  0.23%  51.0  878s
  2584  3356 6.6856e+09   91   51 6.7009e+09 6.6854e+09  0.23%  54.3  937s
H 2779  3356                    6.700908e+09 6.6854e+09  0.23%  56.6  937s
H 3071  3356                    6.700906e+09 6.6854e+09  0.23%  61.3  937s
  3355  3682 6.6856e+09  118   42 6.7009e+09 6.6854e+09  0.23%  67.8  993s
H 3394  3682                    6.700895e+09 6.6854e+09  0.23%  67.4  993s
  3681  4462 6.6856e+09  130   46 6.7009e+09 6.6854e+09  0.23%  69.0 1056s
  4461  4977 6.6857e+09  158   37 6.7009e+09 6.6854e+09  0.23%  74.8 1125s
H 4562  4977                    6.700895e+09 6.6854e+09  0.23%  74.2 1125s
  4987  5638 6.6858e+09  169   53 6.7009e+09 6.6854e+09  0.23%  81.7 1200s
  5692  6304 6.6859e+09  197   50 6.7009e+09 6.6854e+09  0.23%  84.9 1262s
  6440  7013 6.6859e+09  225   51 6.7009e+09 6.6854e+09  0.23%  85.4 1316s
  7213  7569 6.6860e+09  253   37 6.7009e+09 6.6854e+09  0.23%  83.3 1387s
  7773  8258 6.6862e+09  281   37 6.7009e+09 6.6854e+09  0.23%  82.2 1438s
  8549  9054 6.6863e+09  309   37 6.7009e+09 6.6854e+09  0.23%  81.1 1482s
  9445  9835 6.6864e+09  337   42 6.7009e+09 6.6854e+09  0.23%  77.9 1528s
 10341 10630 6.6865e+09  365   43 6.7009e+09 6.6854e+09  0.23%  74.9 1573s
 11237 11436 6.6865e+09  393   41 6.7009e+09 6.6854e+09  0.23%  72.4 1612s
 12133 12256 6.6866e+09  421   39 6.7009e+09 6.6854e+09  0.23%  69.4 1643s
 13029 13063 6.6867e+09  449   44 6.7009e+09 6.6854e+09  0.23%  67.4 1701s
 13900 13869 6.6867e+09  474   41 6.7009e+09 6.6854e+09  0.23%  65.8 1732s
 14789 13870 6.6864e+09  274   66 6.7009e+09 6.6854e+09  0.23%  64.7 2001s
 14791 13871 6.6857e+09   39  117 6.7009e+09 6.6854e+09  0.23%  64.7 2086s
 14792 13872 6.6862e+09   73  113 6.7009e+09 6.6854e+09  0.23%  64.7 2153s
 14793 13873 6.6926e+09  101  126 6.7009e+09 6.6854e+09  0.23%  64.7 2179s
 14794 13873 6.6855e+09   53  110 6.7009e+09 6.6854e+09  0.23%  64.7 2184s
 14795 13874 6.6864e+09  362  105 6.7009e+09 6.6854e+09  0.23%  64.7 2187s
 14796 13875 6.6915e+09  376   84 6.7009e+09 6.6854e+09  0.23%  64.7 2190s
 14798 13876 6.6881e+09   90   73 6.7009e+09 6.6854e+09  0.23%  64.7 2197s
 14799 13877 6.6877e+09  200   87 6.7009e+09 6.6854e+09  0.23%  64.7 2202s
 14801 13878 6.6931e+09  479   76 6.7009e+09 6.6854e+09  0.23%  64.7 2205s
 14802 13879 6.6913e+09  379   74 6.7009e+09 6.6854e+09  0.23%  64.7 2262s
 14803 13879 6.6858e+09  101   83 6.7009e+09 6.6854e+09  0.23%  64.7 2341s
 14804 13880 6.6860e+09  253   99 6.7009e+09 6.6854e+09  0.23%  64.7 2363s
 14805 13881 6.6862e+09  113   79 6.7009e+09 6.6854e+09  0.23%  64.7 2406s
 14806 13881 6.6856e+09  134   75 6.7009e+09 6.6854e+09  0.23%  64.7 2474s
 14807 13882 6.6895e+09  284   80 6.7009e+09 6.6854e+09  0.23%  64.7 2525s
 14808 13883 6.6863e+09  269   90 6.7009e+09 6.6854e+09  0.23%  64.7 2568s
 14809 13883 6.6858e+09   76   83 6.7009e+09 6.6854e+09  0.23%  64.7 2601s
 14810 13884 6.6861e+09  150   79 6.7009e+09 6.6854e+09  0.23%  64.7 2699s
 14811 13885 6.6934e+09  507   86 6.7009e+09 6.6854e+09  0.23%  64.6 2778s
 14812 13885 6.6891e+09  245   86 6.7009e+09 6.6854e+09  0.23%  64.6 2871s
 14813 13886 6.6921e+09  411   89 6.7009e+09 6.6854e+09  0.23%  64.6 2947s
 14814 13887 6.6858e+09   79   89 6.7009e+09 6.6854e+09  0.23%  64.6 3033s
 14815 13887 6.6868e+09   75   75 6.7009e+09 6.6854e+09  0.23%  64.6 3119s
 14816 13888 6.6858e+09  106   82 6.7009e+09 6.6854e+09  0.23%  64.6 3237s
 14817 13889 6.7002e+09  245   82 6.7009e+09 6.6854e+09  0.23%  64.6 3264s
 14818 13889 6.6886e+09  232   82 6.7009e+09 6.6854e+09  0.23%  64.6 3394s
 14819 13893 6.6854e+09   14   85 6.7009e+09 6.6854e+09  0.23%   103 3447s
 14821 13896 6.6854e+09   15   82 6.7009e+09 6.6854e+09  0.23%   103 3493s
 14825 13903 6.6854e+09   16   77 6.7009e+09 6.6854e+09  0.23%   103 3545s
 14833 13916 6.6854e+09   17   70 6.7009e+09 6.6854e+09  0.23%   104 3565s
 14849 13943 6.6854e+09   18   69 6.7009e+09 6.6854e+09  0.23%   105 3594s
 14881 13964 6.6854e+09   19   70 6.7009e+09 6.6854e+09  0.23%   106 3600s

Cutting planes:
  Gomory: 2
  Lift-and-project: 3
  Implied bound: 1471
  Projected implied bound: 11
  MIR: 157
  Flow cover: 213
  Flow path: 84
  Network: 1
  RLT: 43
  Relax-and-lift: 281

Explored 14913 nodes (1612763 simplex iterations) in 3600.25 seconds (3094.58 work units)
Thread count was 32 (of 36 available processors)

Solution count 10: 6.7009e+09 6.70091e+09 6.70093e+09 ... 6.70276e+09

Time limit reached
Best objective 6.700895139271e+09, best bound 6.685441600827e+09, gap 0.2306%

User-callback calls 841052, time in user-callback 0.30 sec
Set parameter TokenServer to value "license-1.hpc.nrel.gov"
Set parameter TimeLimit to value 3600
Set parameter MIPGap to value 0.001
Set parameter MIPGap to value 0.001
Set parameter TimeLimit to value 3600
Gurobi Optimizer version 9.5.1 build v9.5.1rc2 (linux64)
Thread count: 36 physical cores, 36 logical processors, using up to 32 threads
Optimize a model with 332904 rows, 1385332 columns and 2833700 nonzeros
Model fingerprint: 0x2ddb8f72
Coefficient statistics:
  Matrix range     [3e-06, 1e+06]
  Objective range  [2e-01, 5e+07]
  Bounds range     [1e+00, 1e+08]
  RHS range        [1e-03, 2e+05]

Concurrent LP optimizer: primal simplex, dual simplex, and barrier
Showing barrier log only...

Presolve removed 328994 rows and 1254715 columns
Presolve time: 1.29s
Presolved: 3910 rows, 130617 columns, 260272 nonzeros

Ordering time: 0.02s

Barrier statistics:
 AA' NZ     : 1.295e+05
 Factor NZ  : 2.521e+05 (roughly 60 MB of memory)
 Factor Ops : 2.171e+07 (less than 1 second per iteration)
 Threads    : 30

                  Objective                Residual
Iter       Primal          Dual         Primal    Dual     Compl     Time
   0   9.83678063e+12 -3.89070246e+11  1.06e+08 1.46e+02  3.78e+08     1s
   1   2.91655389e+12 -1.31173358e+11  3.15e+07 5.68e-13  1.13e+08     1s
   2   5.24951118e+11 -5.70095321e+09  5.60e+06 1.14e-12  2.03e+07     1s
   3   5.90358995e+10  8.74546724e+08  5.62e+05 3.75e-12  2.06e+06     1s
   4   2.84165339e+10  2.24474730e+09  2.31e+05 1.97e-11  8.63e+05     1s
   5   1.80291396e+10  3.83658751e+09  1.19e+05 1.73e-11  4.41e+05     2s
   6   9.55165349e+09  4.90036036e+09  2.77e+04 1.50e-11  1.10e+05     2s
   7   8.12204524e+09  5.74293192e+09  1.27e+04 1.38e-11  4.87e+04     2s
   8   7.09229845e+09  6.18978006e+09  2.28e+03 6.48e-12  1.17e+04     2s
   9   6.92577275e+09  6.42123425e+09  9.46e+02 3.75e-12  5.44e+03     2s
  10   6.79485679e+09  6.58267634e+09  1.86e+02 1.71e-12  1.83e+03     2s
  11   6.75817372e+09  6.65038821e+09  7.80e+01 7.96e-13  8.72e+02     2s
  12   6.73191758e+09  6.67455258e+09  2.48e+01 4.55e-13  4.44e+02     2s
  13   6.72810383e+09  6.68248810e+09  2.01e+01 4.55e-13  3.51e+02     2s
  14   6.71796032e+09  6.69150528e+09  1.04e+01 3.49e-13  2.01e+02     2s
  15   6.71253060e+09  6.69688754e+09  6.31e+00 2.27e-13  1.18e+02     2s
  16   6.70970801e+09  6.69837710e+09  4.55e+00 3.41e-13  8.54e+01     2s
  17   6.70647497e+09  6.69939078e+09  2.70e+00 2.27e-13  5.32e+01     2s
  18   6.70407839e+09  6.70001364e+09  1.41e+00 2.27e-13  3.05e+01     2s
  19   6.70318982e+09  6.70053862e+09  9.88e-01 3.27e-13  1.98e+01     2s
  20   6.70239117e+09  6.70065266e+09  6.25e-01 2.27e-13  1.30e+01     2s
  21   6.70156793e+09  6.70073278e+09  2.60e-01 1.72e-13  6.25e+00     2s
  22   6.70136835e+09  6.70079191e+09  1.78e-01 1.69e-13  4.31e+00     2s
  23   6.70117362e+09  6.70084563e+09  1.01e-01 1.77e-13  2.45e+00     2s
  24   6.70105884e+09  6.70086155e+09  5.69e-02 1.84e-13  1.48e+00     2s
  25   6.70099715e+09  6.70087580e+09  3.44e-02 1.60e-13  9.07e-01     2s
  26   6.70091332e+09  6.70089029e+09  5.56e-03 2.27e-13  1.72e-01     2s
  27   6.70090274e+09  6.70089339e+09  2.24e-03 1.38e-13  7.00e-02     2s
  28   6.70089592e+09  6.70089493e+09  1.51e-04 2.27e-13  7.47e-03     2s

Barrier performed 28 iterations in 1.97 seconds (1.52 work units)
Barrier solve interrupted - model solved by another algorithm


Solved with primal simplex
Solved in 39869 iterations and 2.29 seconds (1.37 work units)
Optimal objective  6.700895139e+09

User-callback calls 329, time in user-callback 0.00 sec
[ Info:  started timer at: 2023-03-28T00:53:21.312
[ Info: Reading /projects/pvsoiling/RELOG/Recycling_NAICS_2/input/solver/case.json...
[ Info:          134 collection centers
[ Info:          309 candidate plant locations
[ Info: Building graph...
[ Info:           26 time periods
[ Info:          309 process nodes
[ Info:         4944 shipping nodes (plant)
[ Info:          134 shipping nodes (collection)
[ Info:        46350 arcs
[ Info: Building optimization model...
[ Info: Optimizing MILP...
[ Info: Re-optimizing with integer variables fixed...
[ Info: Extracting solution...
[ Info:       3655.496765642s: 1 hour, 55 seconds, 496 milliseconds
